[2020-06-20 21:09:25] ===== RUN INFORMATION =====
[2020-06-20 21:09:25] ViralMSA Version: 1.0.6
[2020-06-20 21:09:25] Sequences: /mnt/disks/vireport-store/ViralMSA-Paper/data/SARSCOV2/full/full.true.fas
[2020-06-20 21:09:25] Reference: MT072688
[2020-06-20 21:09:25] Email Address: niemamoshiri@gmail.com
[2020-06-20 21:09:25] Output Directory: /mnt/disks/vireport-store/ViralMSA-Paper/data/SARSCOV2/full/full.true.fas.viralmsa
[2020-06-20 21:09:25] Aligner: minimap2
[2020-06-20 21:09:25] ViralMSA Cache Directory: /home/niemamoshiri/.viralmsa
[2020-06-20 21:09:25] 
[2020-06-20 21:09:25] ===== REFERENCE GENOME =====
[2020-06-20 21:09:25] Downloading reference genome from NCBI...
[2020-06-20 21:09:25] Reference genome downloaded: /home/niemamoshiri/.viralmsa/MT072688/MT072688.fas
[2020-06-20 21:09:25] Building Minimap2 index: minimap2 -t 8 -d /home/niemamoshiri/.viralmsa/MT072688/MT072688.fas.mmi /home/niemamoshiri/.viralmsa/MT072688/MT072688.fas
[2020-06-20 21:09:26] Minimap2 index built: /home/niemamoshiri/.viralmsa/MT072688/MT072688.fas.mmi
[2020-06-20 21:09:26] 
[2020-06-20 21:09:26] ===== ALIGNMENT =====
[2020-06-20 21:09:26] Aligning using Minimap2: minimap2 -t 8 -a -o /mnt/disks/vireport-store/ViralMSA-Paper/data/SARSCOV2/full/full.true.fas.viralmsa/full.true.fas.sam /home/niemamoshiri/.viralmsa/MT072688/MT072688.fas.mmi /mnt/disks/vireport-store/ViralMSA-Paper/data/SARSCOV2/full/full.true.fas
[2020-06-20 21:11:23] Minimap2 alignment complete: /mnt/disks/vireport-store/ViralMSA-Paper/data/SARSCOV2/full/full.true.fas.viralmsa/full.true.fas.sam
[2020-06-20 21:11:23] Converting SAM to FASTA...
[2020-06-20 21:11:27] Multiple sequence alignment complete: /mnt/disks/vireport-store/ViralMSA-Paper/data/SARSCOV2/full/full.true.fas.viralmsa/full.true.fas.aln
