FastTree Version 2.1.11 Double precision (No SSE3)
Alignment: standard input
Nucleotide distances: Jukes-Cantor Joins: balanced Support: SH-like 1000
Search: Normal +NNI +SPR (2 rounds range 10) +ML-NNI opt-each=1
TopHits: 1.00*sqrtN close=default refresh=0.80
ML Model: Generalized Time-Reversible, CAT approximation with 20 rate categories
Ignored unknown character H (seen 1 times)
Ignored unknown character K (seen 37 times)
Ignored unknown character M (seen 72 times)
Ignored unknown character R (seen 305 times)
Ignored unknown character S (seen 22 times)
Ignored unknown character V (seen 1 times)
Ignored unknown character W (seen 31 times)
Ignored unknown character X (seen 127 times)
Ignored unknown character Y (seen 152 times)
      0.54 seconds: Top hits for    117 of    200 seqs (at seed    100)
      1.00 seconds: Checking top hits for      1 of    200 seqs
      2.52 seconds: Joined    100 of    197
Initial topology in 3.69 seconds
Refining topology: 31 rounds ME-NNIs, 2 rounds ME-SPRs, 15 rounds ML-NNIs
      3.68 seconds: ME NNI round 1 of 31, 1 of 198 splits
      3.89 seconds: ME NNI round 1 of 31, 101 of 198 splits, 25 changes (max delta 0.005)
      4.07 seconds: ME NNI round 2 of 31, 1 of 198 splits
      4.27 seconds: ME NNI round 2 of 31, 101 of 198 splits, 10 changes (max delta 0.002)
      4.45 seconds: ME NNI round 3 of 31, 1 of 198 splits
      4.64 seconds: ME NNI round 3 of 31, 101 of 198 splits, 5 changes (max delta 0.001)
      4.85 seconds: ME NNI round 5 of 31, 1 of 198 splits
      8.00 seconds: SPR round   1 of   2, 101 of 398 nodes
     10.70 seconds: SPR round   1 of   2, 201 of 398 nodes
     14.06 seconds: SPR round   1 of   2, 301 of 398 nodes
     17.19 seconds: ME NNI round 11 of 31, 1 of 198 splits
     17.38 seconds: ME NNI round 11 of 31, 101 of 198 splits, 1 changes (max delta 0.000)
     17.54 seconds: ME NNI round 12 of 31, 1 of 198 splits
     17.72 seconds: ME NNI round 12 of 31, 101 of 198 splits, 0 changes
     17.88 seconds: SPR round   2 of   2, 1 of 398 nodes
     21.09 seconds: SPR round   2 of   2, 101 of 398 nodes
     23.87 seconds: SPR round   2 of   2, 201 of 398 nodes
     26.98 seconds: SPR round   2 of   2, 301 of 398 nodes
     30.26 seconds: ME NNI round 21 of 31, 1 of 198 splits
     30.45 seconds: ME NNI round 21 of 31, 101 of 198 splits, 0 changes
Total branch-length 8.783 after 31.04 sec
     31.10 seconds: ML Lengths 1 of 198 splits
     32.85 seconds: ML Lengths 101 of 198 splits
     34.59 seconds: ML NNI round 1 of 15, 1 of 198 splits
     39.67 seconds: ML NNI round 1 of 15, 101 of 198 splits, 22 changes (max delta 36.789)
ML-NNI round 1: LogLk = -467633.255 NNIs 45 max delta 53.98 Time 44.95
     44.95 seconds: Optimizing GTR model, step 1 of 12
     47.42 seconds: Optimizing GTR model, step 2 of 12
     50.24 seconds: Optimizing GTR model, step 3 of 12
     53.06 seconds: Optimizing GTR model, step 4 of 12
     56.11 seconds: Optimizing GTR model, step 5 of 12
     58.75 seconds: Optimizing GTR model, step 6 of 12
     61.57 seconds: Optimizing GTR model, step 7 of 12
     63.57 seconds: Optimizing GTR model, step 8 of 12
     65.61 seconds: Optimizing GTR model, step 9 of 12
     67.46 seconds: Optimizing GTR model, step 10 of 12
     69.28 seconds: Optimizing GTR model, step 11 of 12
     71.14 seconds: Optimizing GTR model, step 12 of 12
GTR Frequencies: 0.3634 0.1756 0.2390 0.2220
GTR rates(ac ag at cg ct gt) 1.8099 4.2669 0.9669 0.9831 5.2521 1.0000
     73.13 seconds: ML Lengths 1 of 198 splits
     75.02 seconds: ML Lengths 101 of 198 splits
     76.93 seconds: Site likelihoods with rate category 1 of 20
     77.14 seconds: Site likelihoods with rate category 2 of 20
     77.36 seconds: Site likelihoods with rate category 3 of 20
     77.57 seconds: Site likelihoods with rate category 4 of 20
     77.78 seconds: Site likelihoods with rate category 5 of 20
     77.99 seconds: Site likelihoods with rate category 6 of 20
     78.19 seconds: Site likelihoods with rate category 7 of 20
     78.40 seconds: Site likelihoods with rate category 8 of 20
     78.61 seconds: Site likelihoods with rate category 9 of 20
     78.83 seconds: Site likelihoods with rate category 10 of 20
     79.04 seconds: Site likelihoods with rate category 11 of 20
     79.25 seconds: Site likelihoods with rate category 12 of 20
     79.49 seconds: Site likelihoods with rate category 13 of 20
     79.70 seconds: Site likelihoods with rate category 14 of 20
     79.91 seconds: Site likelihoods with rate category 15 of 20
     80.13 seconds: Site likelihoods with rate category 16 of 20
     80.34 seconds: Site likelihoods with rate category 17 of 20
     80.56 seconds: Site likelihoods with rate category 18 of 20
     80.77 seconds: Site likelihoods with rate category 19 of 20
     80.99 seconds: Site likelihoods with rate category 20 of 20
Switched to using 20 rate categories (CAT approximation)
Rate categories were divided by 0.965 so that average rate = 1.0
CAT-based log-likelihoods may not be comparable across runs
     81.33 seconds: ML NNI round 2 of 15, 1 of 198 splits
     85.90 seconds: ML NNI round 2 of 15, 101 of 198 splits, 12 changes (max delta 9.767)
ML-NNI round 2: LogLk = -375398.456 NNIs 28 max delta 18.28 Time 90.32
     90.32 seconds: ML NNI round 3 of 15, 1 of 198 splits
     93.99 seconds: ML NNI round 3 of 15, 101 of 198 splits, 7 changes (max delta 6.529)
ML-NNI round 3: LogLk = -375318.847 NNIs 11 max delta 6.53 Time 96.32
     96.31 seconds: ML NNI round 4 of 15, 1 of 198 splits
     98.78 seconds: ML NNI round 4 of 15, 101 of 198 splits, 0 changes
ML-NNI round 4: LogLk = -375318.037 NNIs 0 max delta 0.00 Time 98.89
Turning off heuristics for final round of ML NNIs (converged)
    105.34 seconds: ML NNI round 5 of 15, 101 of 198 splits, 5 changes (max delta 15.478)
ML-NNI round 5: LogLk = -375096.268 NNIs 7 max delta 15.48 Time 111.72 (final)
    111.72 seconds: ML Lengths 1 of 198 splits
    113.44 seconds: ML Lengths 101 of 198 splits
Optimize all lengths: LogLk = -375095.052 Time 115.14
    123.29 seconds: ML split tests for    100 of    197 internal splits
    131.32 seconds: Site likelihoods with rate category 1 of 20
    131.54 seconds: Site likelihoods with rate category 2 of 20
    131.76 seconds: Site likelihoods with rate category 3 of 20
    131.98 seconds: Site likelihoods with rate category 4 of 20
    132.20 seconds: Site likelihoods with rate category 5 of 20
    132.42 seconds: Site likelihoods with rate category 6 of 20
    132.63 seconds: Site likelihoods with rate category 7 of 20
    132.85 seconds: Site likelihoods with rate category 8 of 20
    133.06 seconds: Site likelihoods with rate category 9 of 20
    133.28 seconds: Site likelihoods with rate category 10 of 20
    133.53 seconds: Site likelihoods with rate category 11 of 20
    133.75 seconds: Site likelihoods with rate category 12 of 20
    133.97 seconds: Site likelihoods with rate category 13 of 20
    134.18 seconds: Site likelihoods with rate category 14 of 20
    134.39 seconds: Site likelihoods with rate category 15 of 20
    134.61 seconds: Site likelihoods with rate category 16 of 20
    134.83 seconds: Site likelihoods with rate category 17 of 20
    135.04 seconds: Site likelihoods with rate category 18 of 20
    135.26 seconds: Site likelihoods with rate category 19 of 20
    135.47 seconds: Site likelihoods with rate category 20 of 20
    135.65 seconds: Optimizing alpha round 1
    135.95 seconds: Optimizing alpha round 2
    136.13 seconds: Optimizing alpha round 3
Gamma(20) LogLk = -384386.863 alpha = 0.306 rescaling lengths by 1.063
Total time: 136.32 seconds Unique: 200/200 Bad splits: 1/197 Worst delta-LogLk 0.769
