FastTree Version 2.1.11 Double precision (No SSE3)
Alignment: standard input
Nucleotide distances: Jukes-Cantor Joins: balanced Support: SH-like 1000
Search: Normal +NNI +SPR (2 rounds range 10) +ML-NNI opt-each=1
TopHits: 1.00*sqrtN close=default refresh=0.80
ML Model: Generalized Time-Reversible, CAT approximation with 20 rate categories
Ignored unknown character B (seen 1 times)
Ignored unknown character K (seen 20 times)
Ignored unknown character M (seen 47 times)
Ignored unknown character R (seen 254 times)
Ignored unknown character S (seen 7 times)
Ignored unknown character W (seen 40 times)
Ignored unknown character X (seen 26 times)
Ignored unknown character Y (seen 111 times)
      0.65 seconds: Top hits for    120 of    200 seqs (at seed    100)
      1.11 seconds: Checking top hits for      1 of    200 seqs
      2.96 seconds: Joined    100 of    197
Initial topology in 4.45 seconds
Refining topology: 31 rounds ME-NNIs, 2 rounds ME-SPRs, 15 rounds ML-NNIs
      4.45 seconds: ME NNI round 1 of 31, 1 of 198 splits
      4.71 seconds: ME NNI round 1 of 31, 101 of 198 splits, 24 changes (max delta 0.004)
      4.92 seconds: ME NNI round 2 of 31, 1 of 198 splits
      5.19 seconds: ME NNI round 2 of 31, 101 of 198 splits, 21 changes (max delta 0.009)
      5.41 seconds: ME NNI round 3 of 31, 1 of 198 splits
      5.67 seconds: ME NNI round 3 of 31, 101 of 198 splits, 12 changes (max delta 0.002)
      5.94 seconds: ME NNI round 5 of 31, 1 of 198 splits
      6.10 seconds: ME NNI round 6 of 31, 1 of 198 splits
      6.21 seconds: ME NNI round 7 of 31, 1 of 198 splits
      6.32 seconds: SPR round   1 of   2, 1 of 398 nodes
     10.54 seconds: SPR round   1 of   2, 101 of 398 nodes
     14.75 seconds: SPR round   1 of   2, 201 of 398 nodes
     18.70 seconds: SPR round   1 of   2, 301 of 398 nodes
     22.29 seconds: ME NNI round 11 of 31, 1 of 198 splits
     22.52 seconds: ME NNI round 11 of 31, 101 of 198 splits, 5 changes (max delta 0.001)
     22.73 seconds: ME NNI round 12 of 31, 1 of 198 splits
     22.96 seconds: ME NNI round 12 of 31, 101 of 198 splits, 4 changes (max delta 0.000)
     23.16 seconds: ME NNI round 13 of 31, 1 of 198 splits
     23.29 seconds: SPR round   2 of   2, 1 of 398 nodes
     27.52 seconds: SPR round   2 of   2, 101 of 398 nodes
     31.31 seconds: SPR round   2 of   2, 201 of 398 nodes
     34.97 seconds: SPR round   2 of   2, 301 of 398 nodes
     38.68 seconds: ME NNI round 21 of 31, 1 of 198 splits
     38.91 seconds: ME NNI round 21 of 31, 101 of 198 splits, 0 changes
Total branch-length 9.795 after 39.63 sec
     39.71 seconds: ML Lengths 1 of 198 splits
     42.09 seconds: ML Lengths 101 of 198 splits
     44.35 seconds: ML NNI round 1 of 15, 1 of 198 splits
     51.09 seconds: ML NNI round 1 of 15, 101 of 198 splits, 23 changes (max delta 30.870)
ML-NNI round 1: LogLk = -526533.629 NNIs 55 max delta 56.36 Time 57.58
     57.58 seconds: Optimizing GTR model, step 1 of 12
     60.18 seconds: Optimizing GTR model, step 2 of 12
     63.53 seconds: Optimizing GTR model, step 3 of 12
     66.68 seconds: Optimizing GTR model, step 4 of 12
     70.04 seconds: Optimizing GTR model, step 5 of 12
     73.18 seconds: Optimizing GTR model, step 6 of 12
     76.46 seconds: Optimizing GTR model, step 7 of 12
     78.59 seconds: Optimizing GTR model, step 8 of 12
     80.95 seconds: Optimizing GTR model, step 9 of 12
     83.04 seconds: Optimizing GTR model, step 10 of 12
     85.16 seconds: Optimizing GTR model, step 11 of 12
     87.28 seconds: Optimizing GTR model, step 12 of 12
GTR Frequencies: 0.3632 0.1759 0.2391 0.2218
GTR rates(ac ag at cg ct gt) 1.7779 3.8581 0.9553 0.9267 4.6340 1.0000
     89.57 seconds: ML Lengths 1 of 198 splits
     91.97 seconds: ML Lengths 101 of 198 splits
     94.42 seconds: Site likelihoods with rate category 1 of 20
     94.66 seconds: Site likelihoods with rate category 2 of 20
     94.91 seconds: Site likelihoods with rate category 3 of 20
     95.16 seconds: Site likelihoods with rate category 4 of 20
     95.42 seconds: Site likelihoods with rate category 5 of 20
     95.69 seconds: Site likelihoods with rate category 6 of 20
     95.93 seconds: Site likelihoods with rate category 7 of 20
     96.18 seconds: Site likelihoods with rate category 8 of 20
     96.43 seconds: Site likelihoods with rate category 9 of 20
     96.67 seconds: Site likelihoods with rate category 10 of 20
     96.91 seconds: Site likelihoods with rate category 11 of 20
     97.15 seconds: Site likelihoods with rate category 12 of 20
     97.39 seconds: Site likelihoods with rate category 13 of 20
     97.63 seconds: Site likelihoods with rate category 14 of 20
     97.87 seconds: Site likelihoods with rate category 15 of 20
     98.12 seconds: Site likelihoods with rate category 16 of 20
     98.37 seconds: Site likelihoods with rate category 17 of 20
     98.65 seconds: Site likelihoods with rate category 18 of 20
     98.90 seconds: Site likelihoods with rate category 19 of 20
     99.14 seconds: Site likelihoods with rate category 20 of 20
Switched to using 20 rate categories (CAT approximation)
Rate categories were divided by 0.927 so that average rate = 1.0
CAT-based log-likelihoods may not be comparable across runs
     99.52 seconds: ML NNI round 2 of 15, 1 of 198 splits
    105.81 seconds: ML NNI round 2 of 15, 101 of 198 splits, 16 changes (max delta 29.224)
ML-NNI round 2: LogLk = -421704.154 NNIs 36 max delta 29.22 Time 112.55
    112.54 seconds: ML NNI round 3 of 15, 1 of 198 splits
    117.65 seconds: ML NNI round 3 of 15, 101 of 198 splits, 7 changes (max delta 10.430)
ML-NNI round 3: LogLk = -421653.189 NNIs 10 max delta 10.43 Time 120.90
    120.90 seconds: ML NNI round 4 of 15, 1 of 198 splits
    123.47 seconds: ML NNI round 4 of 15, 101 of 198 splits, 4 changes (max delta 24.239)
ML-NNI round 4: LogLk = -421610.887 NNIs 4 max delta 24.24 Time 124.35
    124.35 seconds: ML NNI round 5 of 15, 1 of 198 splits
ML-NNI round 5: LogLk = -421597.207 NNIs 5 max delta 8.97 Time 125.84
    125.83 seconds: ML NNI round 6 of 15, 1 of 198 splits
ML-NNI round 6: LogLk = -421573.282 NNIs 2 max delta 9.61 Time 127.16
    127.16 seconds: ML NNI round 7 of 15, 1 of 198 splits
ML-NNI round 7: LogLk = -421566.260 NNIs 2 max delta 4.58 Time 127.97
    127.97 seconds: ML NNI round 8 of 15, 1 of 198 splits
ML-NNI round 8: LogLk = -421543.609 NNIs 2 max delta 19.55 Time 129.08
    129.08 seconds: ML NNI round 9 of 15, 1 of 198 splits
ML-NNI round 9: LogLk = -421543.476 NNIs 0 max delta 0.00 Time 129.75
Turning off heuristics for final round of ML NNIs (converged)
    129.74 seconds: ML NNI round 10 of 15, 1 of 198 splits
    138.38 seconds: ML NNI round 10 of 15, 101 of 198 splits, 1 changes (max delta 0.917)
ML-NNI round 10: LogLk = -421429.813 NNIs 3 max delta 2.48 Time 146.56 (final)
    146.56 seconds: ML Lengths 1 of 198 splits
    148.71 seconds: ML Lengths 101 of 198 splits
Optimize all lengths: LogLk = -421428.898 Time 150.90
    162.27 seconds: ML split tests for    100 of    197 internal splits
    173.51 seconds: Site likelihoods with rate category 1 of 20
    173.77 seconds: Site likelihoods with rate category 2 of 20
    174.02 seconds: Site likelihoods with rate category 3 of 20
    174.27 seconds: Site likelihoods with rate category 4 of 20
    174.51 seconds: Site likelihoods with rate category 5 of 20
    174.76 seconds: Site likelihoods with rate category 6 of 20
    175.01 seconds: Site likelihoods with rate category 7 of 20
    175.26 seconds: Site likelihoods with rate category 8 of 20
    175.52 seconds: Site likelihoods with rate category 9 of 20
    175.77 seconds: Site likelihoods with rate category 10 of 20
    176.02 seconds: Site likelihoods with rate category 11 of 20
    176.27 seconds: Site likelihoods with rate category 12 of 20
    176.55 seconds: Site likelihoods with rate category 13 of 20
    176.80 seconds: Site likelihoods with rate category 14 of 20
    177.05 seconds: Site likelihoods with rate category 15 of 20
    177.30 seconds: Site likelihoods with rate category 16 of 20
    177.56 seconds: Site likelihoods with rate category 17 of 20
    177.81 seconds: Site likelihoods with rate category 18 of 20
    178.05 seconds: Site likelihoods with rate category 19 of 20
    178.31 seconds: Site likelihoods with rate category 20 of 20
    178.51 seconds: Optimizing alpha round 1
    178.91 seconds: Optimizing alpha round 2
    179.15 seconds: Optimizing alpha round 3
Gamma(20) LogLk = -431090.384 alpha = 0.308 rescaling lengths by 1.422
Total time: 179.41 seconds Unique: 200/200 Bad splits: 4/197 Worst delta-LogLk 3.354
