FastTree Version 2.1.11 Double precision (No SSE3)
Alignment: standard input
Nucleotide distances: Jukes-Cantor Joins: balanced Support: SH-like 1000
Search: Normal +NNI +SPR (2 rounds range 10) +ML-NNI opt-each=1
TopHits: 1.00*sqrtN close=default refresh=0.80
ML Model: Generalized Time-Reversible, CAT approximation with 20 rate categories
Ignored unknown character H (seen 1 times)
Ignored unknown character K (seen 38 times)
Ignored unknown character M (seen 73 times)
Ignored unknown character R (seen 314 times)
Ignored unknown character S (seen 23 times)
Ignored unknown character V (seen 1 times)
Ignored unknown character W (seen 31 times)
Ignored unknown character X (seen 131 times)
Ignored unknown character Y (seen 154 times)
      0.70 seconds: Top hits for    116 of    200 seqs (at seed    100)
      1.26 seconds: Checking top hits for      1 of    200 seqs
      3.19 seconds: Joined    100 of    197
Initial topology in 4.69 seconds
Refining topology: 31 rounds ME-NNIs, 2 rounds ME-SPRs, 15 rounds ML-NNIs
      4.68 seconds: ME NNI round 1 of 31, 1 of 198 splits
      4.94 seconds: ME NNI round 1 of 31, 101 of 198 splits, 15 changes (max delta 0.005)
      5.15 seconds: ME NNI round 2 of 31, 1 of 198 splits
      5.38 seconds: ME NNI round 2 of 31, 101 of 198 splits, 4 changes (max delta 0.000)
      5.60 seconds: ME NNI round 3 of 31, 1 of 198 splits
      5.85 seconds: ME NNI round 3 of 31, 101 of 198 splits, 7 changes (max delta 0.001)
      6.09 seconds: ME NNI round 5 of 31, 1 of 198 splits
      6.24 seconds: ME NNI round 6 of 31, 1 of 198 splits
      6.38 seconds: ME NNI round 7 of 31, 1 of 198 splits
      6.50 seconds: ME NNI round 8 of 31, 1 of 198 splits
      6.61 seconds: ME NNI round 9 of 31, 1 of 198 splits
      6.72 seconds: SPR round   1 of   2, 1 of 398 nodes
     10.78 seconds: SPR round   1 of   2, 101 of 398 nodes
     14.55 seconds: SPR round   1 of   2, 201 of 398 nodes
     17.92 seconds: SPR round   1 of   2, 301 of 398 nodes
     22.16 seconds: ME NNI round 11 of 31, 1 of 198 splits
     22.39 seconds: ME NNI round 11 of 31, 101 of 198 splits, 0 changes
     22.61 seconds: ME NNI round 12 of 31, 1 of 198 splits
     22.86 seconds: ME NNI round 12 of 31, 101 of 198 splits, 0 changes
     23.06 seconds: ME NNI round 13 of 31, 1 of 198 splits
     27.09 seconds: SPR round   2 of   2, 101 of 398 nodes
     30.95 seconds: SPR round   2 of   2, 201 of 398 nodes
     34.41 seconds: SPR round   2 of   2, 301 of 398 nodes
     38.42 seconds: ME NNI round 21 of 31, 1 of 198 splits
     38.65 seconds: ME NNI round 21 of 31, 101 of 198 splits, 0 changes
Total branch-length 9.701 after 39.36 sec
     39.44 seconds: ML Lengths 1 of 198 splits
     41.70 seconds: ML Lengths 101 of 198 splits
     44.03 seconds: ML NNI round 1 of 15, 1 of 198 splits
     50.87 seconds: ML NNI round 1 of 15, 101 of 198 splits, 19 changes (max delta 52.843)
ML-NNI round 1: LogLk = -522581.001 NNIs 46 max delta 52.84 Time 57.70
     57.70 seconds: Optimizing GTR model, step 1 of 12
     60.36 seconds: Optimizing GTR model, step 2 of 12
     63.96 seconds: Optimizing GTR model, step 3 of 12
     67.29 seconds: Optimizing GTR model, step 4 of 12
     71.13 seconds: Optimizing GTR model, step 5 of 12
     74.47 seconds: Optimizing GTR model, step 6 of 12
     77.84 seconds: Optimizing GTR model, step 7 of 12
     80.04 seconds: Optimizing GTR model, step 8 of 12
     82.37 seconds: Optimizing GTR model, step 9 of 12
     84.50 seconds: Optimizing GTR model, step 10 of 12
     86.70 seconds: Optimizing GTR model, step 11 of 12
     88.90 seconds: Optimizing GTR model, step 12 of 12
GTR Frequencies: 0.3630 0.1759 0.2392 0.2219
GTR rates(ac ag at cg ct gt) 1.8011 3.9257 0.9743 0.9754 4.6833 1.0000
     91.21 seconds: ML Lengths 1 of 198 splits
     93.57 seconds: ML Lengths 101 of 198 splits
     95.97 seconds: Site likelihoods with rate category 1 of 20
     96.21 seconds: Site likelihoods with rate category 2 of 20
     96.45 seconds: Site likelihoods with rate category 3 of 20
     96.70 seconds: Site likelihoods with rate category 4 of 20
     96.95 seconds: Site likelihoods with rate category 5 of 20
     97.20 seconds: Site likelihoods with rate category 6 of 20
     97.45 seconds: Site likelihoods with rate category 7 of 20
     97.74 seconds: Site likelihoods with rate category 8 of 20
     97.99 seconds: Site likelihoods with rate category 9 of 20
     98.24 seconds: Site likelihoods with rate category 10 of 20
     98.49 seconds: Site likelihoods with rate category 11 of 20
     98.73 seconds: Site likelihoods with rate category 12 of 20
     98.97 seconds: Site likelihoods with rate category 13 of 20
     99.21 seconds: Site likelihoods with rate category 14 of 20
     99.46 seconds: Site likelihoods with rate category 15 of 20
     99.70 seconds: Site likelihoods with rate category 16 of 20
     99.95 seconds: Site likelihoods with rate category 17 of 20
    100.19 seconds: Site likelihoods with rate category 18 of 20
    100.43 seconds: Site likelihoods with rate category 19 of 20
    100.70 seconds: Site likelihoods with rate category 20 of 20
Switched to using 20 rate categories (CAT approximation)
Rate categories were divided by 0.923 so that average rate = 1.0
CAT-based log-likelihoods may not be comparable across runs
    101.08 seconds: ML NNI round 2 of 15, 1 of 198 splits
    106.21 seconds: ML NNI round 2 of 15, 101 of 198 splits, 10 changes (max delta 17.693)
ML-NNI round 2: LogLk = -418880.705 NNIs 23 max delta 20.33 Time 112.57
    112.56 seconds: ML NNI round 3 of 15, 1 of 198 splits
    116.43 seconds: ML NNI round 3 of 15, 101 of 198 splits, 4 changes (max delta 2.774)
ML-NNI round 3: LogLk = -418840.194 NNIs 8 max delta 6.35 Time 118.45
    118.45 seconds: ML NNI round 4 of 15, 1 of 198 splits
    121.45 seconds: ML NNI round 4 of 15, 101 of 198 splits, 3 changes (max delta 1.424)
ML-NNI round 4: LogLk = -418835.323 NNIs 3 max delta 1.42 Time 121.69
    121.68 seconds: ML NNI round 5 of 15, 1 of 198 splits
ML-NNI round 5: LogLk = -418833.260 NNIs 0 max delta 0.00 Time 122.76
Turning off heuristics for final round of ML NNIs (converged)
    131.55 seconds: ML NNI round 6 of 15, 101 of 198 splits, 11 changes (max delta 7.028)
ML-NNI round 6: LogLk = -418709.409 NNIs 16 max delta 7.03 Time 140.24 (final)
    140.23 seconds: ML Lengths 1 of 198 splits
    142.45 seconds: ML Lengths 101 of 198 splits
Optimize all lengths: LogLk = -418708.609 Time 144.66
    156.97 seconds: ML split tests for    100 of    197 internal splits
    167.75 seconds: Site likelihoods with rate category 1 of 20
    167.98 seconds: Site likelihoods with rate category 2 of 20
    168.21 seconds: Site likelihoods with rate category 3 of 20
    168.45 seconds: Site likelihoods with rate category 4 of 20
    168.68 seconds: Site likelihoods with rate category 5 of 20
    168.91 seconds: Site likelihoods with rate category 6 of 20
    169.15 seconds: Site likelihoods with rate category 7 of 20
    169.38 seconds: Site likelihoods with rate category 8 of 20
    169.64 seconds: Site likelihoods with rate category 9 of 20
    169.89 seconds: Site likelihoods with rate category 10 of 20
    170.13 seconds: Site likelihoods with rate category 11 of 20
    170.35 seconds: Site likelihoods with rate category 12 of 20
    170.59 seconds: Site likelihoods with rate category 13 of 20
    170.82 seconds: Site likelihoods with rate category 14 of 20
    171.05 seconds: Site likelihoods with rate category 15 of 20
    171.28 seconds: Site likelihoods with rate category 16 of 20
    171.52 seconds: Site likelihoods with rate category 17 of 20
    171.75 seconds: Site likelihoods with rate category 18 of 20
    171.99 seconds: Site likelihoods with rate category 19 of 20
    172.23 seconds: Site likelihoods with rate category 20 of 20
    172.41 seconds: Optimizing alpha round 1
    172.86 seconds: Optimizing alpha round 2
    173.13 seconds: Optimizing alpha round 3
Gamma(20) LogLk = -428149.722 alpha = 0.302 rescaling lengths by 1.429
Total time: 173.38 seconds Unique: 200/200 Bad splits: 0/197
