FastTree Version 2.1.11 Double precision (No SSE3)
Alignment: standard input
Nucleotide distances: Jukes-Cantor Joins: balanced Support: SH-like 1000
Search: Normal +NNI +SPR (2 rounds range 10) +ML-NNI opt-each=1
TopHits: 1.00*sqrtN close=default refresh=0.80
ML Model: Generalized Time-Reversible, CAT approximation with 20 rate categories
Ignored unknown character B (seen 1 times)
Ignored unknown character K (seen 19 times)
Ignored unknown character M (seen 46 times)
Ignored unknown character R (seen 247 times)
Ignored unknown character S (seen 7 times)
Ignored unknown character W (seen 40 times)
Ignored unknown character X (seen 20 times)
Ignored unknown character Y (seen 110 times)
      0.57 seconds: Top hits for    126 of    200 seqs (at seed    100)
      0.94 seconds: Checking top hits for      1 of    200 seqs
      2.36 seconds: Joined    100 of    197
Initial topology in 3.50 seconds
Refining topology: 31 rounds ME-NNIs, 2 rounds ME-SPRs, 15 rounds ML-NNIs
      3.50 seconds: ME NNI round 1 of 31, 1 of 198 splits
      3.70 seconds: ME NNI round 1 of 31, 101 of 198 splits, 25 changes (max delta 0.007)
      3.87 seconds: ME NNI round 2 of 31, 1 of 198 splits
      4.08 seconds: ME NNI round 2 of 31, 101 of 198 splits, 8 changes (max delta 0.001)
      4.26 seconds: ME NNI round 3 of 31, 1 of 198 splits
      4.46 seconds: ME NNI round 3 of 31, 101 of 198 splits, 6 changes (max delta 0.002)
      4.70 seconds: ME NNI round 5 of 31, 1 of 198 splits
      4.90 seconds: ME NNI round 7 of 31, 1 of 198 splits
      5.00 seconds: ME NNI round 8 of 31, 1 of 198 splits
      5.11 seconds: ME NNI round 9 of 31, 1 of 198 splits
      8.32 seconds: SPR round   1 of   2, 101 of 398 nodes
     11.63 seconds: SPR round   1 of   2, 201 of 398 nodes
     14.61 seconds: SPR round   1 of   2, 301 of 398 nodes
     17.82 seconds: ME NNI round 11 of 31, 1 of 198 splits
     18.01 seconds: ME NNI round 11 of 31, 101 of 198 splits, 1 changes (max delta 0.000)
     18.19 seconds: ME NNI round 12 of 31, 1 of 198 splits
     18.37 seconds: ME NNI round 12 of 31, 101 of 198 splits, 0 changes
     18.53 seconds: SPR round   2 of   2, 1 of 398 nodes
     21.64 seconds: SPR round   2 of   2, 101 of 398 nodes
     24.56 seconds: SPR round   2 of   2, 201 of 398 nodes
     27.25 seconds: SPR round   2 of   2, 301 of 398 nodes
     30.53 seconds: ME NNI round 21 of 31, 1 of 198 splits
     30.71 seconds: ME NNI round 21 of 31, 101 of 198 splits, 0 changes
Total branch-length 8.857 after 31.30 sec
     31.36 seconds: ML Lengths 1 of 198 splits
     33.07 seconds: ML Lengths 101 of 198 splits
     34.76 seconds: ML NNI round 1 of 15, 1 of 198 splits
     39.76 seconds: ML NNI round 1 of 15, 101 of 198 splits, 28 changes (max delta 36.947)
ML-NNI round 1: LogLk = -470630.665 NNIs 54 max delta 44.29 Time 44.63
     44.63 seconds: Optimizing GTR model, step 1 of 12
     47.12 seconds: Optimizing GTR model, step 2 of 12
     49.96 seconds: Optimizing GTR model, step 3 of 12
     53.19 seconds: Optimizing GTR model, step 4 of 12
     56.25 seconds: Optimizing GTR model, step 5 of 12
     58.88 seconds: Optimizing GTR model, step 6 of 12
     61.71 seconds: Optimizing GTR model, step 7 of 12
     63.76 seconds: Optimizing GTR model, step 8 of 12
     65.78 seconds: Optimizing GTR model, step 9 of 12
     67.60 seconds: Optimizing GTR model, step 10 of 12
     69.44 seconds: Optimizing GTR model, step 11 of 12
     71.24 seconds: Optimizing GTR model, step 12 of 12
GTR Frequencies: 0.3636 0.1755 0.2390 0.2219
GTR rates(ac ag at cg ct gt) 1.7346 4.1371 0.9275 0.9649 5.1446 1.0000
     73.23 seconds: ML Lengths 1 of 198 splits
     75.11 seconds: ML Lengths 101 of 198 splits
     76.99 seconds: Site likelihoods with rate category 1 of 20
     77.20 seconds: Site likelihoods with rate category 2 of 20
     77.41 seconds: Site likelihoods with rate category 3 of 20
     77.62 seconds: Site likelihoods with rate category 4 of 20
     77.83 seconds: Site likelihoods with rate category 5 of 20
     78.06 seconds: Site likelihoods with rate category 6 of 20
     78.27 seconds: Site likelihoods with rate category 7 of 20
     78.48 seconds: Site likelihoods with rate category 8 of 20
     78.69 seconds: Site likelihoods with rate category 9 of 20
     78.89 seconds: Site likelihoods with rate category 10 of 20
     79.10 seconds: Site likelihoods with rate category 11 of 20
     79.31 seconds: Site likelihoods with rate category 12 of 20
     79.51 seconds: Site likelihoods with rate category 13 of 20
     79.72 seconds: Site likelihoods with rate category 14 of 20
     79.93 seconds: Site likelihoods with rate category 15 of 20
     80.14 seconds: Site likelihoods with rate category 16 of 20
     80.34 seconds: Site likelihoods with rate category 17 of 20
     80.55 seconds: Site likelihoods with rate category 18 of 20
     80.76 seconds: Site likelihoods with rate category 19 of 20
     80.97 seconds: Site likelihoods with rate category 20 of 20
Switched to using 20 rate categories (CAT approximation)
Rate categories were divided by 0.970 so that average rate = 1.0
CAT-based log-likelihoods may not be comparable across runs
     81.32 seconds: ML NNI round 2 of 15, 1 of 198 splits
     86.29 seconds: ML NNI round 2 of 15, 101 of 198 splits, 14 changes (max delta 13.347)
ML-NNI round 2: LogLk = -377517.443 NNIs 37 max delta 16.59 Time 91.84
     91.84 seconds: ML NNI round 3 of 15, 1 of 198 splits
     95.52 seconds: ML NNI round 3 of 15, 101 of 198 splits, 7 changes (max delta 11.061)
ML-NNI round 3: LogLk = -377413.087 NNIs 12 max delta 11.06 Time 98.69
     98.69 seconds: ML NNI round 4 of 15, 1 of 198 splits
    101.02 seconds: ML NNI round 4 of 15, 101 of 198 splits, 1 changes (max delta 0.067)
ML-NNI round 4: LogLk = -377391.066 NNIs 5 max delta 6.89 Time 102.13
    102.12 seconds: ML NNI round 5 of 15, 1 of 198 splits
ML-NNI round 5: LogLk = -377390.793 NNIs 0 max delta 0.00 Time 103.52
Turning off heuristics for final round of ML NNIs (converged)
    103.51 seconds: ML NNI round 6 of 15, 1 of 198 splits
    110.02 seconds: ML NNI round 6 of 15, 101 of 198 splits, 6 changes (max delta 3.463)
ML-NNI round 6: LogLk = -377257.013 NNIs 7 max delta 3.46 Time 116.55 (final)
    116.55 seconds: ML Lengths 1 of 198 splits
    118.26 seconds: ML Lengths 101 of 198 splits
Optimize all lengths: LogLk = -377256.206 Time 119.92
    127.84 seconds: ML split tests for    100 of    197 internal splits
    135.69 seconds: Site likelihoods with rate category 1 of 20
    135.91 seconds: Site likelihoods with rate category 2 of 20
    136.12 seconds: Site likelihoods with rate category 3 of 20
    136.33 seconds: Site likelihoods with rate category 4 of 20
    136.54 seconds: Site likelihoods with rate category 5 of 20
    136.76 seconds: Site likelihoods with rate category 6 of 20
    136.97 seconds: Site likelihoods with rate category 7 of 20
    137.18 seconds: Site likelihoods with rate category 8 of 20
    137.39 seconds: Site likelihoods with rate category 9 of 20
    137.61 seconds: Site likelihoods with rate category 10 of 20
    137.82 seconds: Site likelihoods with rate category 11 of 20
    138.05 seconds: Site likelihoods with rate category 12 of 20
    138.27 seconds: Site likelihoods with rate category 13 of 20
    138.48 seconds: Site likelihoods with rate category 14 of 20
    138.70 seconds: Site likelihoods with rate category 15 of 20
    138.91 seconds: Site likelihoods with rate category 16 of 20
    139.13 seconds: Site likelihoods with rate category 17 of 20
    139.34 seconds: Site likelihoods with rate category 18 of 20
    139.55 seconds: Site likelihoods with rate category 19 of 20
    139.76 seconds: Site likelihoods with rate category 20 of 20
    139.94 seconds: Optimizing alpha round 1
    140.23 seconds: Optimizing alpha round 2
    140.40 seconds: Optimizing alpha round 3
Gamma(20) LogLk = -386582.837 alpha = 0.306 rescaling lengths by 1.062
Total time: 140.59 seconds Unique: 200/200 Bad splits: 1/197 Worst delta-LogLk 2.802
