FastTree Version 2.1.11 Double precision (No SSE3)
Alignment: standard input
Nucleotide distances: Jukes-Cantor Joins: balanced Support: SH-like 1000
Search: Normal +NNI +SPR (2 rounds range 10) +ML-NNI opt-each=1
TopHits: 1.00*sqrtN close=default refresh=0.80
ML Model: Generalized Time-Reversible, CAT approximation with 20 rate categories
Ignored unknown character d (seen 4 times)
Ignored unknown character k (seen 34 times)
Ignored unknown character m (seen 83 times)
Ignored unknown character n (seen 68 times)
Ignored unknown character r (seen 340 times)
Ignored unknown character s (seen 18 times)
Ignored unknown character w (seen 42 times)
Ignored unknown character y (seen 129 times)
      0.63 seconds: Top hits for    123 of    200 seqs (at seed    100)
      1.08 seconds: Checking top hits for      1 of    200 seqs
      2.73 seconds: Joined    100 of    197
Initial topology in 3.94 seconds
Refining topology: 31 rounds ME-NNIs, 2 rounds ME-SPRs, 15 rounds ML-NNIs
      3.94 seconds: ME NNI round 1 of 31, 1 of 198 splits
      4.16 seconds: ME NNI round 1 of 31, 101 of 198 splits, 28 changes (max delta 0.003)
      4.34 seconds: ME NNI round 2 of 31, 1 of 198 splits
      4.56 seconds: ME NNI round 2 of 31, 101 of 198 splits, 19 changes (max delta 0.004)
      4.73 seconds: ME NNI round 3 of 31, 1 of 198 splits
      4.94 seconds: ME NNI round 3 of 31, 101 of 198 splits, 7 changes (max delta 0.002)
      5.24 seconds: ME NNI round 4 of 31, 101 of 198 splits, 8 changes (max delta 0.003)
      5.40 seconds: ME NNI round 6 of 31, 1 of 198 splits
      5.51 seconds: SPR round   1 of   2, 1 of 398 nodes
      8.87 seconds: SPR round   1 of   2, 101 of 398 nodes
     12.36 seconds: SPR round   1 of   2, 201 of 398 nodes
     15.39 seconds: SPR round   1 of   2, 301 of 398 nodes
     19.07 seconds: ME NNI round 11 of 31, 1 of 198 splits
     19.27 seconds: ME NNI round 11 of 31, 101 of 198 splits, 0 changes
     19.44 seconds: SPR round   2 of   2, 1 of 398 nodes
     22.73 seconds: SPR round   2 of   2, 101 of 398 nodes
     26.06 seconds: SPR round   2 of   2, 201 of 398 nodes
     29.47 seconds: SPR round   2 of   2, 301 of 398 nodes
     32.84 seconds: ME NNI round 21 of 31, 1 of 198 splits
     33.04 seconds: ME NNI round 21 of 31, 101 of 198 splits, 0 changes
Total branch-length 9.452 after 33.66 sec
     33.73 seconds: ML Lengths 1 of 198 splits
     35.67 seconds: ML Lengths 101 of 198 splits
     37.59 seconds: ML NNI round 1 of 15, 1 of 198 splits
     43.33 seconds: ML NNI round 1 of 15, 101 of 198 splits, 23 changes (max delta 39.010)
ML-NNI round 1: LogLk = -510963.410 NNIs 44 max delta 39.01 Time 49.10
     49.09 seconds: Optimizing GTR model, step 1 of 12
     51.29 seconds: Optimizing GTR model, step 2 of 12
     53.77 seconds: Optimizing GTR model, step 3 of 12
     56.84 seconds: Optimizing GTR model, step 4 of 12
     59.71 seconds: Optimizing GTR model, step 5 of 12
     62.22 seconds: Optimizing GTR model, step 6 of 12
     64.89 seconds: Optimizing GTR model, step 7 of 12
     66.82 seconds: Optimizing GTR model, step 8 of 12
     68.75 seconds: Optimizing GTR model, step 9 of 12
     70.48 seconds: Optimizing GTR model, step 10 of 12
     72.23 seconds: Optimizing GTR model, step 11 of 12
     73.98 seconds: Optimizing GTR model, step 12 of 12
GTR Frequencies: 0.3637 0.1757 0.2387 0.2219
GTR rates(ac ag at cg ct gt) 1.8655 4.3053 0.9585 0.9162 5.2631 1.0000
     75.87 seconds: ML Lengths 1 of 198 splits
     77.96 seconds: ML Lengths 101 of 198 splits
     80.07 seconds: Site likelihoods with rate category 1 of 20
     80.27 seconds: Site likelihoods with rate category 2 of 20
     80.47 seconds: Site likelihoods with rate category 3 of 20
     80.68 seconds: Site likelihoods with rate category 4 of 20
     80.88 seconds: Site likelihoods with rate category 5 of 20
     81.08 seconds: Site likelihoods with rate category 6 of 20
     81.28 seconds: Site likelihoods with rate category 7 of 20
     81.48 seconds: Site likelihoods with rate category 8 of 20
     81.68 seconds: Site likelihoods with rate category 9 of 20
     81.88 seconds: Site likelihoods with rate category 10 of 20
     82.08 seconds: Site likelihoods with rate category 11 of 20
     82.28 seconds: Site likelihoods with rate category 12 of 20
     82.48 seconds: Site likelihoods with rate category 13 of 20
     82.69 seconds: Site likelihoods with rate category 14 of 20
     82.90 seconds: Site likelihoods with rate category 15 of 20
     83.12 seconds: Site likelihoods with rate category 16 of 20
     83.32 seconds: Site likelihoods with rate category 17 of 20
     83.53 seconds: Site likelihoods with rate category 18 of 20
     83.73 seconds: Site likelihoods with rate category 19 of 20
     83.93 seconds: Site likelihoods with rate category 20 of 20
Switched to using 20 rate categories (CAT approximation)
Rate categories were divided by 0.958 so that average rate = 1.0
CAT-based log-likelihoods may not be comparable across runs
     84.24 seconds: ML NNI round 2 of 15, 1 of 198 splits
     88.89 seconds: ML NNI round 2 of 15, 101 of 198 splits, 10 changes (max delta 11.700)
ML-NNI round 2: LogLk = -410119.648 NNIs 20 max delta 11.70 Time 93.77
     93.77 seconds: ML NNI round 3 of 15, 1 of 198 splits
     96.90 seconds: ML NNI round 3 of 15, 101 of 198 splits, 2 changes (max delta 2.734)
ML-NNI round 3: LogLk = -410091.797 NNIs 5 max delta 3.76 Time 99.14
     99.14 seconds: ML NNI round 4 of 15, 1 of 198 splits
ML-NNI round 4: LogLk = -410079.695 NNIs 2 max delta 7.28 Time 101.16
    101.15 seconds: ML NNI round 5 of 15, 1 of 198 splits
ML-NNI round 5: LogLk = -410079.357 NNIs 0 max delta 0.00 Time 102.09
Turning off heuristics for final round of ML NNIs (converged)
    102.09 seconds: ML NNI round 6 of 15, 1 of 198 splits
    109.78 seconds: ML NNI round 6 of 15, 101 of 198 splits, 4 changes (max delta 8.106)
ML-NNI round 6: LogLk = -409845.255 NNIs 9 max delta 9.13 Time 117.25 (final)
    117.25 seconds: ML Lengths 1 of 198 splits
    119.18 seconds: ML Lengths 101 of 198 splits
Optimize all lengths: LogLk = -409844.039 Time 121.03
    129.82 seconds: ML split tests for    100 of    197 internal splits
    138.81 seconds: Site likelihoods with rate category 1 of 20
    139.02 seconds: Site likelihoods with rate category 2 of 20
    139.23 seconds: Site likelihoods with rate category 3 of 20
    139.44 seconds: Site likelihoods with rate category 4 of 20
    139.65 seconds: Site likelihoods with rate category 5 of 20
    139.87 seconds: Site likelihoods with rate category 6 of 20
    140.10 seconds: Site likelihoods with rate category 7 of 20
    140.31 seconds: Site likelihoods with rate category 8 of 20
    140.52 seconds: Site likelihoods with rate category 9 of 20
    140.73 seconds: Site likelihoods with rate category 10 of 20
    140.94 seconds: Site likelihoods with rate category 11 of 20
    141.15 seconds: Site likelihoods with rate category 12 of 20
    141.36 seconds: Site likelihoods with rate category 13 of 20
    141.56 seconds: Site likelihoods with rate category 14 of 20
    141.78 seconds: Site likelihoods with rate category 15 of 20
    141.99 seconds: Site likelihoods with rate category 16 of 20
    142.20 seconds: Site likelihoods with rate category 17 of 20
    142.41 seconds: Site likelihoods with rate category 18 of 20
    142.62 seconds: Site likelihoods with rate category 19 of 20
    142.83 seconds: Site likelihoods with rate category 20 of 20
    143.02 seconds: Optimizing alpha round 1
    143.36 seconds: Optimizing alpha round 2
    143.58 seconds: Optimizing alpha round 3
Gamma(20) LogLk = -419183.509 alpha = 0.313 rescaling lengths by 1.368
Total time: 143.79 seconds Unique: 200/200 Bad splits: 2/197 Worst delta-LogLk 1.227
