FastTree Version 2.1.11 Double precision (No SSE3)
Alignment: standard input
Nucleotide distances: Jukes-Cantor Joins: balanced Support: SH-like 1000
Search: Normal +NNI +SPR (2 rounds range 10) +ML-NNI opt-each=1
TopHits: 1.00*sqrtN close=default refresh=0.80
ML Model: Generalized Time-Reversible, CAT approximation with 20 rate categories
Ignored unknown character b (seen 1 times)
Ignored unknown character d (seen 1 times)
Ignored unknown character h (seen 4 times)
Ignored unknown character k (seen 34 times)
Ignored unknown character m (seen 69 times)
Ignored unknown character n (seen 135 times)
Ignored unknown character r (seen 300 times)
Ignored unknown character s (seen 14 times)
Ignored unknown character v (seen 2 times)
Ignored unknown character w (seen 36 times)
Ignored unknown character y (seen 104 times)
      0.65 seconds: Top hits for    118 of    200 seqs (at seed    100)
      1.07 seconds: Checking top hits for      1 of    200 seqs
      2.61 seconds: Joined    100 of    197
Initial topology in 3.88 seconds
Refining topology: 31 rounds ME-NNIs, 2 rounds ME-SPRs, 15 rounds ML-NNIs
      3.87 seconds: ME NNI round 1 of 31, 1 of 198 splits
      4.10 seconds: ME NNI round 1 of 31, 101 of 198 splits, 25 changes (max delta 0.009)
      4.28 seconds: ME NNI round 2 of 31, 1 of 198 splits
      4.49 seconds: ME NNI round 2 of 31, 101 of 198 splits, 12 changes (max delta 0.004)
      4.66 seconds: ME NNI round 3 of 31, 1 of 198 splits
      4.87 seconds: ME NNI round 3 of 31, 101 of 198 splits, 9 changes (max delta 0.003)
      5.10 seconds: ME NNI round 5 of 31, 1 of 198 splits
      5.25 seconds: ME NNI round 7 of 31, 1 of 198 splits
      8.62 seconds: SPR round   1 of   2, 101 of 398 nodes
     11.92 seconds: SPR round   1 of   2, 201 of 398 nodes
     15.17 seconds: SPR round   1 of   2, 301 of 398 nodes
     18.68 seconds: ME NNI round 11 of 31, 1 of 198 splits
     18.88 seconds: ME NNI round 11 of 31, 101 of 198 splits, 1 changes (max delta 0.000)
     19.06 seconds: ME NNI round 12 of 31, 1 of 198 splits
     19.26 seconds: ME NNI round 12 of 31, 101 of 198 splits, 0 changes
     19.43 seconds: ME NNI round 13 of 31, 1 of 198 splits
     22.75 seconds: SPR round   2 of   2, 101 of 398 nodes
     25.98 seconds: SPR round   2 of   2, 201 of 398 nodes
     29.13 seconds: SPR round   2 of   2, 301 of 398 nodes
     32.46 seconds: ME NNI round 21 of 31, 1 of 198 splits
     32.65 seconds: ME NNI round 21 of 31, 101 of 198 splits, 0 changes
     32.83 seconds: ME NNI round 22 of 31, 1 of 198 splits
     33.02 seconds: ME NNI round 22 of 31, 101 of 198 splits, 0 changes
Total branch-length 9.219 after 33.65 sec
     33.71 seconds: ML Lengths 1 of 198 splits
     35.70 seconds: ML Lengths 101 of 198 splits
     37.63 seconds: ML NNI round 1 of 15, 1 of 198 splits
     43.42 seconds: ML NNI round 1 of 15, 101 of 198 splits, 25 changes (max delta 21.790)
ML-NNI round 1: LogLk = -497792.036 NNIs 46 max delta 37.85 Time 49.16
     49.16 seconds: Optimizing GTR model, step 1 of 12
     51.72 seconds: Optimizing GTR model, step 2 of 12
     54.47 seconds: Optimizing GTR model, step 3 of 12
     57.85 seconds: Optimizing GTR model, step 4 of 12
     61.01 seconds: Optimizing GTR model, step 5 of 12
     63.76 seconds: Optimizing GTR model, step 6 of 12
     66.70 seconds: Optimizing GTR model, step 7 of 12
     68.81 seconds: Optimizing GTR model, step 8 of 12
     70.94 seconds: Optimizing GTR model, step 9 of 12
     72.79 seconds: Optimizing GTR model, step 10 of 12
     74.63 seconds: Optimizing GTR model, step 11 of 12
     76.56 seconds: Optimizing GTR model, step 12 of 12
GTR Frequencies: 0.3631 0.1759 0.2392 0.2218
GTR rates(ac ag at cg ct gt) 1.8778 4.4536 0.9532 0.9389 5.3975 1.0000
     78.65 seconds: ML Lengths 1 of 198 splits
     80.79 seconds: ML Lengths 101 of 198 splits
     83.08 seconds: Site likelihoods with rate category 1 of 20
     83.29 seconds: Site likelihoods with rate category 2 of 20
     83.50 seconds: Site likelihoods with rate category 3 of 20
     83.71 seconds: Site likelihoods with rate category 4 of 20
     83.92 seconds: Site likelihoods with rate category 5 of 20
     84.14 seconds: Site likelihoods with rate category 6 of 20
     84.35 seconds: Site likelihoods with rate category 7 of 20
     84.58 seconds: Site likelihoods with rate category 8 of 20
     84.79 seconds: Site likelihoods with rate category 9 of 20
     85.01 seconds: Site likelihoods with rate category 10 of 20
     85.22 seconds: Site likelihoods with rate category 11 of 20
     85.43 seconds: Site likelihoods with rate category 12 of 20
     85.64 seconds: Site likelihoods with rate category 13 of 20
     85.86 seconds: Site likelihoods with rate category 14 of 20
     86.07 seconds: Site likelihoods with rate category 15 of 20
     86.28 seconds: Site likelihoods with rate category 16 of 20
     86.49 seconds: Site likelihoods with rate category 17 of 20
     86.70 seconds: Site likelihoods with rate category 18 of 20
     86.91 seconds: Site likelihoods with rate category 19 of 20
     87.13 seconds: Site likelihoods with rate category 20 of 20
Switched to using 20 rate categories (CAT approximation)
Rate categories were divided by 0.954 so that average rate = 1.0
CAT-based log-likelihoods may not be comparable across runs
     87.46 seconds: ML NNI round 2 of 15, 1 of 198 splits
     91.63 seconds: ML NNI round 2 of 15, 101 of 198 splits, 7 changes (max delta 13.405)
ML-NNI round 2: LogLk = -398641.698 NNIs 23 max delta 13.41 Time 97.33
     97.32 seconds: ML NNI round 3 of 15, 1 of 198 splits
    100.15 seconds: ML NNI round 3 of 15, 101 of 198 splits, 2 changes (max delta 18.924)
ML-NNI round 3: LogLk = -398580.529 NNIs 6 max delta 18.92 Time 102.41
    102.41 seconds: ML NNI round 4 of 15, 1 of 198 splits
ML-NNI round 4: LogLk = -398552.563 NNIs 8 max delta 4.44 Time 105.03
    105.03 seconds: ML NNI round 5 of 15, 1 of 198 splits
ML-NNI round 5: LogLk = -398539.609 NNIs 3 max delta 4.96 Time 107.63
    107.62 seconds: ML NNI round 6 of 15, 1 of 198 splits
ML-NNI round 6: LogLk = -398534.003 NNIs 0 max delta 0.00 Time 108.59
Turning off heuristics for final round of ML NNIs (converged)
    108.59 seconds: ML NNI round 7 of 15, 1 of 198 splits
    116.28 seconds: ML NNI round 7 of 15, 101 of 198 splits, 6 changes (max delta 12.731)
ML-NNI round 7: LogLk = -398311.304 NNIs 9 max delta 12.73 Time 124.48 (final)
    124.47 seconds: ML Lengths 1 of 198 splits
    126.51 seconds: ML Lengths 101 of 198 splits
Optimize all lengths: LogLk = -398310.383 Time 128.56
    137.90 seconds: ML split tests for    100 of    197 internal splits
    147.55 seconds: Site likelihoods with rate category 1 of 20
    147.77 seconds: Site likelihoods with rate category 2 of 20
    147.99 seconds: Site likelihoods with rate category 3 of 20
    148.20 seconds: Site likelihoods with rate category 4 of 20
    148.42 seconds: Site likelihoods with rate category 5 of 20
    148.63 seconds: Site likelihoods with rate category 6 of 20
    148.85 seconds: Site likelihoods with rate category 7 of 20
    149.06 seconds: Site likelihoods with rate category 8 of 20
    149.28 seconds: Site likelihoods with rate category 9 of 20
    149.49 seconds: Site likelihoods with rate category 10 of 20
    149.71 seconds: Site likelihoods with rate category 11 of 20
    149.92 seconds: Site likelihoods with rate category 12 of 20
    150.14 seconds: Site likelihoods with rate category 13 of 20
    150.36 seconds: Site likelihoods with rate category 14 of 20
    150.59 seconds: Site likelihoods with rate category 15 of 20
    150.81 seconds: Site likelihoods with rate category 16 of 20
    151.03 seconds: Site likelihoods with rate category 17 of 20
    151.25 seconds: Site likelihoods with rate category 18 of 20
    151.47 seconds: Site likelihoods with rate category 19 of 20
    151.68 seconds: Site likelihoods with rate category 20 of 20
    151.85 seconds: Optimizing alpha round 1
    152.19 seconds: Optimizing alpha round 2
    152.40 seconds: Optimizing alpha round 3
Gamma(20) LogLk = -407535.934 alpha = 0.305 rescaling lengths by 1.379
Total time: 152.60 seconds Unique: 200/200 Bad splits: 2/197 Worst delta-LogLk 20.660
