FastTree Version 2.1.11 Double precision (No SSE3)
Alignment: standard input
Nucleotide distances: Jukes-Cantor Joins: balanced Support: SH-like 1000
Search: Normal +NNI +SPR (2 rounds range 10) +ML-NNI opt-each=1
TopHits: 1.00*sqrtN close=default refresh=0.80
ML Model: Generalized Time-Reversible, CAT approximation with 20 rate categories
Ignored unknown character D (seen 1 times)
Ignored unknown character H (seen 2 times)
Ignored unknown character K (seen 45 times)
Ignored unknown character M (seen 66 times)
Ignored unknown character R (seen 412 times)
Ignored unknown character S (seen 23 times)
Ignored unknown character W (seen 65 times)
Ignored unknown character X (seen 38 times)
Ignored unknown character Y (seen 206 times)
      0.58 seconds: Top hits for    125 of    200 seqs (at seed    100)
      1.01 seconds: Checking top hits for      1 of    200 seqs
      2.62 seconds: Joined    100 of    197
Initial topology in 3.70 seconds
Refining topology: 31 rounds ME-NNIs, 2 rounds ME-SPRs, 15 rounds ML-NNIs
      3.93 seconds: ME NNI round 1 of 31, 101 of 198 splits, 16 changes (max delta 0.003)
      4.12 seconds: ME NNI round 2 of 31, 1 of 198 splits
      4.31 seconds: ME NNI round 2 of 31, 101 of 198 splits, 8 changes (max delta 0.000)
      4.50 seconds: ME NNI round 3 of 31, 1 of 198 splits
      4.70 seconds: ME NNI round 3 of 31, 101 of 198 splits, 9 changes (max delta 0.002)
      4.97 seconds: ME NNI round 4 of 31, 101 of 198 splits, 15 changes (max delta 0.006)
      5.16 seconds: ME NNI round 6 of 31, 1 of 198 splits
      5.32 seconds: ME NNI round 7 of 31, 1 of 198 splits
      5.44 seconds: ME NNI round 8 of 31, 1 of 198 splits
      5.54 seconds: ME NNI round 9 of 31, 1 of 198 splits
      5.66 seconds: SPR round   1 of   2, 1 of 398 nodes
      8.66 seconds: SPR round   1 of   2, 101 of 398 nodes
     12.07 seconds: SPR round   1 of   2, 201 of 398 nodes
     15.38 seconds: SPR round   1 of   2, 301 of 398 nodes
     18.53 seconds: ME NNI round 11 of 31, 1 of 198 splits
     18.72 seconds: ME NNI round 11 of 31, 101 of 198 splits, 0 changes
     18.90 seconds: ME NNI round 12 of 31, 1 of 198 splits
     19.09 seconds: ME NNI round 12 of 31, 101 of 198 splits, 0 changes
     19.26 seconds: SPR round   2 of   2, 1 of 398 nodes
     22.26 seconds: SPR round   2 of   2, 101 of 398 nodes
     25.54 seconds: SPR round   2 of   2, 201 of 398 nodes
     28.77 seconds: SPR round   2 of   2, 301 of 398 nodes
     31.96 seconds: ME NNI round 21 of 31, 1 of 198 splits
     32.17 seconds: ME NNI round 21 of 31, 101 of 198 splits, 1 changes (max delta 0.000)
     32.35 seconds: ME NNI round 22 of 31, 1 of 198 splits
     32.55 seconds: ME NNI round 22 of 31, 101 of 198 splits, 0 changes
Total branch-length 8.856 after 33.19 sec
     33.25 seconds: ML Lengths 1 of 198 splits
     35.04 seconds: ML Lengths 101 of 198 splits
     36.82 seconds: ML NNI round 1 of 15, 1 of 198 splits
     42.10 seconds: ML NNI round 1 of 15, 101 of 198 splits, 19 changes (max delta 52.003)
ML-NNI round 1: LogLk = -470966.617 NNIs 44 max delta 52.00 Time 47.18
     47.18 seconds: Optimizing GTR model, step 1 of 12
     49.70 seconds: Optimizing GTR model, step 2 of 12
     52.58 seconds: Optimizing GTR model, step 3 of 12
     55.44 seconds: Optimizing GTR model, step 4 of 12
     58.51 seconds: Optimizing GTR model, step 5 of 12
     61.13 seconds: Optimizing GTR model, step 6 of 12
     63.96 seconds: Optimizing GTR model, step 7 of 12
     65.96 seconds: Optimizing GTR model, step 8 of 12
     68.05 seconds: Optimizing GTR model, step 9 of 12
     69.95 seconds: Optimizing GTR model, step 10 of 12
     71.85 seconds: Optimizing GTR model, step 11 of 12
     73.79 seconds: Optimizing GTR model, step 12 of 12
GTR Frequencies: 0.3635 0.1757 0.2389 0.2219
GTR rates(ac ag at cg ct gt) 1.7953 4.1829 0.9653 0.9853 5.1267 1.0000
     75.87 seconds: ML Lengths 1 of 198 splits
     77.84 seconds: ML Lengths 101 of 198 splits
     79.98 seconds: Site likelihoods with rate category 1 of 20
     80.21 seconds: Site likelihoods with rate category 2 of 20
     80.44 seconds: Site likelihoods with rate category 3 of 20
     80.66 seconds: Site likelihoods with rate category 4 of 20
     80.88 seconds: Site likelihoods with rate category 5 of 20
     81.10 seconds: Site likelihoods with rate category 6 of 20
     81.33 seconds: Site likelihoods with rate category 7 of 20
     81.55 seconds: Site likelihoods with rate category 8 of 20
     81.78 seconds: Site likelihoods with rate category 9 of 20
     82.06 seconds: Site likelihoods with rate category 10 of 20
     82.29 seconds: Site likelihoods with rate category 11 of 20
     82.52 seconds: Site likelihoods with rate category 12 of 20
     82.74 seconds: Site likelihoods with rate category 13 of 20
     82.96 seconds: Site likelihoods with rate category 14 of 20
     83.18 seconds: Site likelihoods with rate category 15 of 20
     83.41 seconds: Site likelihoods with rate category 16 of 20
     83.64 seconds: Site likelihoods with rate category 17 of 20
     83.86 seconds: Site likelihoods with rate category 18 of 20
     84.08 seconds: Site likelihoods with rate category 19 of 20
     84.30 seconds: Site likelihoods with rate category 20 of 20
Switched to using 20 rate categories (CAT approximation)
Rate categories were divided by 0.969 so that average rate = 1.0
CAT-based log-likelihoods may not be comparable across runs
     84.65 seconds: ML NNI round 2 of 15, 1 of 198 splits
     88.77 seconds: ML NNI round 2 of 15, 101 of 198 splits, 16 changes (max delta 12.208)
ML-NNI round 2: LogLk = -378855.923 NNIs 33 max delta 12.21 Time 93.10
     93.10 seconds: ML NNI round 3 of 15, 1 of 198 splits
     96.33 seconds: ML NNI round 3 of 15, 101 of 198 splits, 7 changes (max delta 11.975)
ML-NNI round 3: LogLk = -378756.637 NNIs 12 max delta 11.97 Time 99.11
     99.11 seconds: ML NNI round 4 of 15, 1 of 198 splits
    101.65 seconds: ML NNI round 4 of 15, 101 of 198 splits, 4 changes (max delta 5.956)
ML-NNI round 4: LogLk = -378734.707 NNIs 4 max delta 5.96 Time 102.32
    102.31 seconds: ML NNI round 5 of 15, 1 of 198 splits
ML-NNI round 5: LogLk = -378731.304 NNIs 0 max delta 0.00 Time 104.08
Turning off heuristics for final round of ML NNIs (converged)
    104.07 seconds: ML NNI round 6 of 15, 1 of 198 splits
    110.40 seconds: ML NNI round 6 of 15, 101 of 198 splits, 1 changes (max delta 5.605)
ML-NNI round 6: LogLk = -378552.621 NNIs 5 max delta 5.60 Time 117.31 (final)
    117.31 seconds: ML Lengths 1 of 198 splits
    119.04 seconds: ML Lengths 101 of 198 splits
Optimize all lengths: LogLk = -378552.202 Time 120.73
    128.81 seconds: ML split tests for    100 of    197 internal splits
    136.97 seconds: Site likelihoods with rate category 1 of 20
    137.19 seconds: Site likelihoods with rate category 2 of 20
    137.41 seconds: Site likelihoods with rate category 3 of 20
    137.62 seconds: Site likelihoods with rate category 4 of 20
    137.84 seconds: Site likelihoods with rate category 5 of 20
    138.05 seconds: Site likelihoods with rate category 6 of 20
    138.27 seconds: Site likelihoods with rate category 7 of 20
    138.49 seconds: Site likelihoods with rate category 8 of 20
    138.70 seconds: Site likelihoods with rate category 9 of 20
    138.95 seconds: Site likelihoods with rate category 10 of 20
    139.18 seconds: Site likelihoods with rate category 11 of 20
    139.40 seconds: Site likelihoods with rate category 12 of 20
    139.62 seconds: Site likelihoods with rate category 13 of 20
    139.84 seconds: Site likelihoods with rate category 14 of 20
    140.05 seconds: Site likelihoods with rate category 15 of 20
    140.27 seconds: Site likelihoods with rate category 16 of 20
    140.49 seconds: Site likelihoods with rate category 17 of 20
    140.71 seconds: Site likelihoods with rate category 18 of 20
    140.93 seconds: Site likelihoods with rate category 19 of 20
    141.15 seconds: Site likelihoods with rate category 20 of 20
    141.32 seconds: Optimizing alpha round 1
    141.61 seconds: Optimizing alpha round 2
    141.79 seconds: Optimizing alpha round 3
Gamma(20) LogLk = -387908.727 alpha = 0.309 rescaling lengths by 1.065
Total time: 142.02 seconds Unique: 200/200 Bad splits: 0/197
