FastTree Version 2.1.11 Double precision (No SSE3)
Alignment: standard input
Nucleotide distances: Jukes-Cantor Joins: balanced Support: SH-like 1000
Search: Normal +NNI +SPR (2 rounds range 10) +ML-NNI opt-each=1
TopHits: 1.00*sqrtN close=default refresh=0.80
ML Model: Generalized Time-Reversible, CAT approximation with 20 rate categories
Ignored unknown character B (seen 1 times)
Ignored unknown character D (seen 1 times)
Ignored unknown character H (seen 3 times)
Ignored unknown character K (seen 34 times)
Ignored unknown character M (seen 69 times)
Ignored unknown character R (seen 294 times)
Ignored unknown character S (seen 14 times)
Ignored unknown character V (seen 2 times)
Ignored unknown character W (seen 36 times)
Ignored unknown character X (seen 129 times)
Ignored unknown character Y (seen 102 times)
      0.56 seconds: Top hits for    124 of    200 seqs (at seed    100)
      0.92 seconds: Checking top hits for      1 of    200 seqs
      2.33 seconds: Joined    100 of    197
Initial topology in 3.46 seconds
Refining topology: 31 rounds ME-NNIs, 2 rounds ME-SPRs, 15 rounds ML-NNIs
      3.46 seconds: ME NNI round 1 of 31, 1 of 198 splits
      3.66 seconds: ME NNI round 1 of 31, 101 of 198 splits, 27 changes (max delta 0.008)
      3.82 seconds: ME NNI round 2 of 31, 1 of 198 splits
      4.01 seconds: ME NNI round 2 of 31, 101 of 198 splits, 18 changes (max delta 0.003)
      4.17 seconds: ME NNI round 3 of 31, 1 of 198 splits
      4.36 seconds: ME NNI round 3 of 31, 101 of 198 splits, 16 changes (max delta 0.006)
      4.63 seconds: ME NNI round 4 of 31, 101 of 198 splits, 11 changes (max delta 0.005)
      4.79 seconds: ME NNI round 6 of 31, 1 of 198 splits
      4.91 seconds: ME NNI round 7 of 31, 1 of 198 splits
      7.84 seconds: SPR round   1 of   2, 101 of 398 nodes
     10.67 seconds: SPR round   1 of   2, 201 of 398 nodes
     13.74 seconds: SPR round   1 of   2, 301 of 398 nodes
     16.45 seconds: ME NNI round 11 of 31, 1 of 198 splits
     16.63 seconds: ME NNI round 11 of 31, 101 of 198 splits, 0 changes
     16.78 seconds: SPR round   2 of   2, 1 of 398 nodes
     19.62 seconds: SPR round   2 of   2, 101 of 398 nodes
     22.51 seconds: SPR round   2 of   2, 201 of 398 nodes
     25.42 seconds: SPR round   2 of   2, 301 of 398 nodes
     28.40 seconds: ME NNI round 21 of 31, 1 of 198 splits
     28.58 seconds: ME NNI round 21 of 31, 101 of 198 splits, 0 changes
Total branch-length 8.858 after 29.12 sec
     29.18 seconds: ML Lengths 1 of 198 splits
     30.80 seconds: ML Lengths 101 of 198 splits
     32.37 seconds: ML NNI round 1 of 15, 1 of 198 splits
     37.12 seconds: ML NNI round 1 of 15, 101 of 198 splits, 19 changes (max delta 31.981)
ML-NNI round 1: LogLk = -467736.507 NNIs 39 max delta 50.50 Time 41.82
     41.81 seconds: Optimizing GTR model, step 1 of 12
     44.06 seconds: Optimizing GTR model, step 2 of 12
     46.58 seconds: Optimizing GTR model, step 3 of 12
     49.64 seconds: Optimizing GTR model, step 4 of 12
     52.55 seconds: Optimizing GTR model, step 5 of 12
     55.06 seconds: Optimizing GTR model, step 6 of 12
     57.78 seconds: Optimizing GTR model, step 7 of 12
     59.73 seconds: Optimizing GTR model, step 8 of 12
     61.68 seconds: Optimizing GTR model, step 9 of 12
     63.41 seconds: Optimizing GTR model, step 10 of 12
     65.17 seconds: Optimizing GTR model, step 11 of 12
     67.11 seconds: Optimizing GTR model, step 12 of 12
GTR Frequencies: 0.3636 0.1754 0.2389 0.2220
GTR rates(ac ag at cg ct gt) 1.7723 4.2148 0.9426 0.9889 5.2450 1.0000
     69.03 seconds: ML Lengths 1 of 198 splits
     70.89 seconds: ML Lengths 101 of 198 splits
     72.74 seconds: Site likelihoods with rate category 1 of 20
     72.94 seconds: Site likelihoods with rate category 2 of 20
     73.15 seconds: Site likelihoods with rate category 3 of 20
     73.35 seconds: Site likelihoods with rate category 4 of 20
     73.56 seconds: Site likelihoods with rate category 5 of 20
     73.78 seconds: Site likelihoods with rate category 6 of 20
     73.98 seconds: Site likelihoods with rate category 7 of 20
     74.19 seconds: Site likelihoods with rate category 8 of 20
     74.39 seconds: Site likelihoods with rate category 9 of 20
     74.59 seconds: Site likelihoods with rate category 10 of 20
     74.79 seconds: Site likelihoods with rate category 11 of 20
     74.99 seconds: Site likelihoods with rate category 12 of 20
     75.19 seconds: Site likelihoods with rate category 13 of 20
     75.40 seconds: Site likelihoods with rate category 14 of 20
     75.59 seconds: Site likelihoods with rate category 15 of 20
     75.80 seconds: Site likelihoods with rate category 16 of 20
     76.00 seconds: Site likelihoods with rate category 17 of 20
     76.21 seconds: Site likelihoods with rate category 18 of 20
     76.41 seconds: Site likelihoods with rate category 19 of 20
     76.63 seconds: Site likelihoods with rate category 20 of 20
Switched to using 20 rate categories (CAT approximation)
Rate categories were divided by 0.966 so that average rate = 1.0
CAT-based log-likelihoods may not be comparable across runs
     76.95 seconds: ML NNI round 2 of 15, 1 of 198 splits
     80.94 seconds: ML NNI round 2 of 15, 101 of 198 splits, 16 changes (max delta 14.081)
ML-NNI round 2: LogLk = -375693.810 NNIs 27 max delta 14.08 Time 84.94
     84.94 seconds: ML NNI round 3 of 15, 1 of 198 splits
     88.42 seconds: ML NNI round 3 of 15, 101 of 198 splits, 4 changes (max delta 8.220)
ML-NNI round 3: LogLk = -375652.983 NNIs 5 max delta 8.22 Time 89.37
     89.36 seconds: ML NNI round 4 of 15, 1 of 198 splits
ML-NNI round 4: LogLk = -375633.641 NNIs 4 max delta 9.48 Time 91.29
     91.29 seconds: ML NNI round 5 of 15, 1 of 198 splits
ML-NNI round 5: LogLk = -375631.579 NNIs 1 max delta 1.91 Time 92.29
     92.28 seconds: ML NNI round 6 of 15, 1 of 198 splits
ML-NNI round 6: LogLk = -375631.579 NNIs 0 max delta 0.00 Time 92.75
Turning off heuristics for final round of ML NNIs (converged)
     92.74 seconds: ML NNI round 7 of 15, 1 of 198 splits
     99.26 seconds: ML NNI round 7 of 15, 101 of 198 splits, 3 changes (max delta 9.608)
ML-NNI round 7: LogLk = -375396.873 NNIs 10 max delta 9.61 Time 105.64 (final)
    105.64 seconds: ML Lengths 1 of 198 splits
    107.25 seconds: ML Lengths 101 of 198 splits
Optimize all lengths: LogLk = -375395.665 Time 108.87
    116.46 seconds: ML split tests for    100 of    197 internal splits
    123.77 seconds: Site likelihoods with rate category 1 of 20
    123.97 seconds: Site likelihoods with rate category 2 of 20
    124.17 seconds: Site likelihoods with rate category 3 of 20
    124.38 seconds: Site likelihoods with rate category 4 of 20
    124.58 seconds: Site likelihoods with rate category 5 of 20
    124.79 seconds: Site likelihoods with rate category 6 of 20
    124.99 seconds: Site likelihoods with rate category 7 of 20
    125.19 seconds: Site likelihoods with rate category 8 of 20
    125.39 seconds: Site likelihoods with rate category 9 of 20
    125.59 seconds: Site likelihoods with rate category 10 of 20
    125.79 seconds: Site likelihoods with rate category 11 of 20
    125.99 seconds: Site likelihoods with rate category 12 of 20
    126.19 seconds: Site likelihoods with rate category 13 of 20
    126.39 seconds: Site likelihoods with rate category 14 of 20
    126.59 seconds: Site likelihoods with rate category 15 of 20
    126.79 seconds: Site likelihoods with rate category 16 of 20
    126.99 seconds: Site likelihoods with rate category 17 of 20
    127.19 seconds: Site likelihoods with rate category 18 of 20
    127.40 seconds: Site likelihoods with rate category 19 of 20
    127.62 seconds: Site likelihoods with rate category 20 of 20
    127.78 seconds: Optimizing alpha round 1
    128.05 seconds: Optimizing alpha round 2
    128.21 seconds: Optimizing alpha round 3
Gamma(20) LogLk = -384681.979 alpha = 0.309 rescaling lengths by 1.070
Total time: 128.39 seconds Unique: 200/200 Bad splits: 4/197 Worst delta-LogLk 7.917
