Align target 0 (hCoV-19_USA_MI-MDHHS-SC20448_2020_EPI_ISL_452322_2020-03-16)
Align target 1 (hCoV-19_Wales_PHWC-34759_2020_EPI_ISL_446969_2020-04-20)
Align target 2 (hCoV-19_Wales_PHWC-24B7E_2020_EPI_ISL_419491)
Align target 3 (hCoV-19_Estonia_ChVir4287_2020_EPI_ISL_457727_2020-03)
Align target 4 (hCoV-19_Wales_PHWC-2A9C9_2020_EPI_ISL_445647_2020-04-07)
Align target 5 (hCoV-19_England_20099068104_2020_EPI_ISL_464210_2020-02-29)
Align target 6 (hCoV-19_England_SHEF-C28F3_2020_EPI_ISL_432748_2020-04-06)
Align target 7 (hCoV-19_Denmark_ALAB-HH-218_2020_EPI_ISL_452069_2020-04-27)
Align target 8 (hCoV-19_Canada_QC_AC6_2020_EPI_ISL_444509_2020-04-05)
Align target 9 (hCoV-19_England_BRIS-12A12A_2020_EPI_ISL_458412_2020-04-11)
Align target 10 (hCoV-19_Australia_VIC805_2020_EPI_ISL_427079)
Align target 11 (hCoV-19_Bangladesh_BCSIR-NILMRC_073_2020_EPI_ISL_466689_2020-06-01)
Align target 12 (hCoV-19_Denmark_ALAB-SSI213_2020_EPI_ISL_429406)
Align target 13 (hCoV-19_France_10007LJ_2020_EPI_ISL_447725_2020-03)
Align target 14 (hCoV-19_England_SHEF-C1047_2020_EPI_ISL_441905_2020-04-11)
Align target 15 (hCoV-19_USA_VA-DCLS-0173_2020_EPI_ISL_437389_2020-04-13)
Align target 16 (hCoV-19_Wales_PHWC-24B50_2020_EPI_ISL_419489)
Align target 17 (hCoV-19_England_LIVE-98FC4_2020_EPI_ISL_439680_2020-04-06)
Align target 18 (hCoV-19_USA_CA-SCCPHD-UC120_2020_EPI_ISL_435599_2020-03-05)
Align target 19 (hCoV-19_England_20109050606_2020_EPI_ISL_417267)
Align target 20 (hCoV-19_USA_NY-PV09451_2020_EPI_ISL_450125_2020-03-19)
Align target 21 (hCoV-19_England_CAMB-7D3AB_2020_EPI_ISL_441565_2020-04-06)
Align target 22 (hCoV-19_Austria_CeMM0296_2020_EPI_ISL_438119_2020-03-27)
Align target 23 (hCoV-19_USA_NY-PV09355_2020_EPI_ISL_450043_2020-03-16)
Align target 24 (hCoV-19_Wales_PHWC-2D692_2020_EPI_ISL_446011_2020-04-04)
Align target 25 (hCoV-19_Portugal_PT0317_2020_EPI_ISL_454033_2020-03-15)
Align target 26 (hCoV-19_Australia_VIC180_2020_EPI_ISL_419877)
Align target 27 (hCoV-19_England_CAMB-7FD9C_2020_EPI_ISL_444412_2020-04-19)
Align target 28 (hCoV-19_England_CAMB-752B5_2020_EPI_ISL_440406_2020-03-18)
Align target 29 (hCoV-19_England_200990006_2020_EPI_ISL_414011)
Align target 30 (hCoV-19_England_20129163604_2020_EPI_ISL_424126)
Align target 31 (hCoV-19_Germany_BavPat5-ChVir1248_2020_EPI_ISL_450202_2020-01)
Align target 32 (hCoV-19_Germany_BAV-MVP0054_2020_EPI_ISL_437253_2020-03-17)
Align target 33 (hCoV-19_England_CAMB-76937_2020_EPI_ISL_438275_2020-03-30)
Align target 34 (hCoV-19_USA_CT-Yale-001_2020_EPI_ISL_416416)
Align target 35 (hCoV-19_Portugal_PT0064_2020_EPI_ISL_421467)
Align target 36 (hCoV-19_Belgium_BN-0330347_2020_EPI_ISL_462201_2020-03-30)
Align target 37 (hCoV-19_England_CAMB-7369D_2020_EPI_ISL_440185_2020-03-22)
Align target 38 (hCoV-19_Switzerland_GE1402_2020_EPI_ISL_415700)
Align target 39 (hCoV-19_Netherlands_NA_26_2020_EPI_ISL_415483)
Align target 40 (hCoV-19_England_BRIS-129316_2020_EPI_ISL_458863_2020-04-19)
Align target 41 (hCoV-19_England_BRIS-123631_2020_EPI_ISL_442646_2020-04-06)
Align target 42 (hCoV-19_USA_WA-S320_2020_EPI_ISL_434080_2020-04-01)
Align target 43 (hCoV-19_France_B5413_2020_EPI_ISL_443277_2020-03-28)
Align target 44 (hCoV-19_USA_NY-PV09463_2020_EPI_ISL_450136_2020-03-19)
Align target 45 (hCoV-19_USA_MA-MGH-00155_2020_EPI_ISL_460339_2020-03-26)
Align target 46 (hCoV-19_England_LIVE-99A77_2020_EPI_ISL_439791_2020-04-13)
Align target 47 (hCoV-19_England_BRIS-129079_2020_EPI_ISL_458907_2020-04-19)
Align target 48 (hCoV-19_Wales_PHWC-2F36C_2020_EPI_ISL_446238_2020-04-06)
Align target 49 (hCoV-19_England_20142001904_2020_EPI_ISL_465895_2020-03-30)
Align target 50 (hCoV-19_Guangdong_20SF1152_2020_EPI_ISL_428444)
Align target 51 (hCoV-19_USA_WA-S51_2020_EPI_ISL_417104)
Align target 52 (hCoV-19_England_CAMB-1B1164_2020_EPI_ISL_459176_2020-05-07)
Align target 53 (hCoV-19_England_NORW-EA093_2020_EPI_ISL_461854_2020-05-18)
Align target 54 (hCoV-19_Portugal_PT0169_2020_EPI_ISL_453885_2020-03-28)
Align target 55 (hCoV-19_England_CAMB-7284D_2020_EPI_ISL_439591_2020-03-23)
Align target 56 (hCoV-19_USA_WA-UW-4221_2020_EPI_ISL_437822_2020-03-31)
Align target 57 (hCoV-19_USA_NM-UNM-00161_2020_EPI_ISL_467576_2020-04-03)
Align target 58 (hCoV-19_Sweden_20-50236_2020_EPI_ISL_429159)
hCoV-19_Sweden_20-50236_2020_EPI_ISL_429159: Frameshift error (scores nt: 148403; codon: 144173)
Align target 59 (hCoV-19_Netherlands_NoordHolland_33_2020_EPI_ISL_461222_2020-05-19)
Align target 60 (hCoV-19_Australia_NSW38_2020_EPI_ISL_417396)
Align target 61 (hCoV-19_England_CAMB-76023_2020_EPI_ISL_438442_2020-03-28)
Align target 62 (hCoV-19_England_CAMB-7C263_2020_EPI_ISL_434017_2020-04-15)
Align target 63 (hCoV-19_England_CAMB-1AEEBE_2020_EPI_ISL_452869_2020-05-10)
Align target 64 (hCoV-19_USA_WA-S600_2020_EPI_ISL_438153_2020-04-15)
Align target 65 (hCoV-19_England_NORW-EAD23_2020_EPI_ISL_461886_2020-04-29)
Align target 66 (hCoV-19_USA_MA-MGH-00440_2020_EPI_ISL_460116_2020-03-04)
Align target 67 (hCoV-19_England_20144014704_2020_EPI_ISL_421936)
Align target 68 (hCoV-19_India_S1_2020_EPI_ISL_437536_2020-03-19)
Align target 69 (hCoV-19_England_NORW-E896D_2020_EPI_ISL_448254_2020-04-11)
Align target 70 (hCoV-19_Korea_KCDC2011_2020_EPI_ISL_426181)
Align target 71 (hCoV-19_Germany_FFM6_2020_EPI_ISL_447612_2020-02)
Align target 72 (hCoV-19_Spain_COV000934_2020_EPI_ISL_452638_2020-03-27)
Align target 73 (hCoV-19_Netherlands_Utrecht_12_2020_EPI_ISL_414551)
Align target 74 (hCoV-19_England_CAMB-82895_2020_EPI_ISL_443495_2020-04-13)
Align target 75 (hCoV-19_Denmark_ALAB-SSI473_2020_EPI_ISL_429553)
Align target 76 (hCoV-19_Wales_PHWC-259A0_2020_EPI_ISL_422138)
Align target 77 (hCoV-19_Iceland_LUH-01_2020_EPI_ISL_417481)
Align target 78 (hCoV-19_USA_WA-UW-558_2020_EPI_ISL_430888_2020-03-13)
Align target 79 (hCoV-19_New_Zealand_20VR1380_2020_EPI_ISL_456215_2020-03-22)
Align target 80 (hCoV-19_Australia_VIC-CBA6_2020_EPI_ISL_430066)
Align target 81 (hCoV-19_USA_WI-254_2020_EPI_ISL_428728)
Align target 82 (hCoV-19_Belgium_AO-04074040_2020_EPI_ISL_462258_2020-04-07)
Align target 83 (hCoV-19_France_Bourg-en-Bresse_06813_2020_EPI_ISL_417340)
Align target 84 (hCoV-19_India_GBRC151a_2020_EPI_ISL_461478_2020-05-02)
Align target 85 (hCoV-19_Spain_COV002601_2020_EPI_ISL_467088_2020-03-17)
Align target 86 (hCoV-19_Scotland_GCVR-17043B_2020_EPI_ISL_459593_2020-03-24)
Align target 87 (hCoV-19_USA_CT-Yale-092_2020_EPI_ISL_428396)
Align target 88 (hCoV-19_Iceland_217_2020_EPI_ISL_417833)
Align target 89 (hCov-19_Germany_BAV-V2011463_2020_EPI_ISL_420904)
Align target 90 (hCoV-19_India_NCDC-02332_2020_EPI_ISL_435096_2020-03-29)
Align target 91 (hCoV-19_England_BRIS-12280F_2020_EPI_ISL_440711_2020-04-04)
Align target 92 (hCoV-19_England_CAMB-80BDA_2020_EPI_ISL_442993_2020-04-10)
Align target 93 (hCoV-19_USA_MDH-5653_2020_EPI_ISL_454422_2020-03-07)
Align target 94 (hCoV-19_Scotland_EDB192_2020_EPI_ISL_425935)
Align target 95 (hCoV-19_Australia_SAP042_2020_EPI_ISL_451083_2020-03-21)
Align target 96 (hCoV-19_England_201360506_2020_EPI_ISL_421782)
Align target 97 (hCoV-19_Australia_VIC1213_2020_EPI_ISL_430503)
Align target 98 (hCoV-19_Scotland_CVR411_2020_EPI_ISL_439078_2020-03-22)
Align target 99 (hCoV-19_England_NORW-EB9C4_2020_EPI_ISL_457464_2020-05-07)
Align target 100 (hCoV-19_Russia_StPetersburg-RII4972S_2020_EPI_ISL_430078)
Align target 101 (hCoV-19_Scotland_CVR1142_2020_EPI_ISL_433518_2020-03-29)
Align target 102 (hCoV-19_USA_UT-00159_2020_EPI_ISL_420805)
Align target 103 (hCoV-19_Belgium_GSS-0407272_2020_EPI_ISL_464066_2020-04-07)
Align target 104 (hCoV-19_England_CAMB-1AA41A_2020_EPI_ISL_443442_2020-04-17)
Align target 105 (hCoV-19_USA_RI_0556_2020_EPI_ISL_420795)
Align target 106 (hCoV-19_Scotland_EDB4219_2020_EPI_ISL_456937_2020-04-21)
Align target 107 (hCoV-19_Australia_VIC397_2020_EPI_ISL_426700)
Align target 108 (hCoV-19_Iceland_471_2020_EPI_ISL_424494)
Align target 109 (hCoV-19_England_CAMB-726AD_2020_EPI_ISL_439574_2020-03-23)
Align target 110 (hCoV-19_France_IDF3509_2020_EPI_ISL_428351)
Align target 111 (hCoV-19_Brunei_3_2020_EPI_ISL_435675_2020-03-11)
Align target 112 (hCoV-19_Canada_BC_65034_2020_EPI_ISL_415585)
Align target 113 (hCoV-19_Wales_PHWC-2B861_2020_EPI_ISL_445771_2020-04-08)
Align target 114 (hCoV-19_Netherlands_NA_603_2020_EPI_ISL_460766_2020-03-25)
Align target 115 (hCoV-19_Wales_PHWC-2C781_2020_EPI_ISL_445907_2020-03-31)
Align target 116 (hCoV-19_England_CAMB-73A64_2020_EPI_ISL_425271)
Align target 117 (hCoV-19_USA_VA-DCLS-0207_2020_EPI_ISL_437422_2020-04-08)
Align target 118 (hCoV-19_Vietnam_39607_2020_EPI_ISL_416428)
Align target 119 (hCoV-19_Belgium_Rega-0330251_2020_EPI_ISL_458221_2020-03-30)
Align target 120 (hCoV-19_Netherlands_ZuidHolland_122_2020_EPI_ISL_461295_2020-04-21)
Align target 121 (hCoV-19_Spain_Barcelona_VH7663_2020_EPI_ISL_447533_2020-03-25)
Align target 122 (hCoV-19_Israel_51137031_2020_EPI_ISL_447330_2020-03-01)
Align target 123 (hCoV-19_England_CAMB-727C8_2020_EPI_ISL_439538_2020-03-23)
Align target 124 (hCoV-19_USA_WA-UW105_2020_EPI_ISL_416643)
Align target 125 (hCoV-19_England_CAMB-7EA69_2020_EPI_ISL_443092_2020-04-07)
Align target 126 (hCoV-19_Wales_PHWC-31C5D_2020_EPI_ISL_446549_2020-04-13)
Align target 127 (hCoV-19_England_201081250_2020_EPI_ISL_464479_2020-03-05)
Align target 128 (hCoV-19_Iceland_421_2020_EPI_ISL_424445)
Align target 129 (hCoV-19_Wales_PHWC-33E64_2020_EPI_ISL_446831_2020-04-15)
Align target 130 (hCoV-19_England_20132066204_2020_EPI_ISL_423788)
Align target 131 (hCoV-19_England_20139070504_2020_EPI_ISL_423362)
Align target 132 (hCoV-19_England_20172000804_2020_EPI_ISL_465314_2020-04-19)
Align target 133 (hCoV-19_USA_NY-NYUMC126_2020_EPI_ISL_424933)
Align target 134 (hCoV-19_Wales_PHWC-33A8E_2020_EPI_ISL_446780_2020-04-14)
Align target 135 (hCoV-19_Netherlands_NA_321_2020_EPI_ISL_455126_2020-04-02)
Align target 136 (hCoV-19_England_20109006304_2020_EPI_ISL_452256_2020-03-05)
Align target 137 (hCoV-19_England_CAMB-1B196C_2020_EPI_ISL_452986_2020-05-14)
Align target 138 (hCoV-19_Canada_BC_22349316_2020_EPI_ISL_462829_2020-03)
Align target 139 (hCoV-19_Wales_PHWC-2A0A6_2020_EPI_ISL_432398_2020-04-04)
Align target 140 (hCoV-19_England_CAMB-1AC0F6_2020_EPI_ISL_444372_2020-04-28)
Align target 141 (hCoV-19_England_BRIS-1262B2_2020_EPI_ISL_459026_2020-04-10)
Align target 142 (hCoV-19_USA_MI-MDHHS-SC20165_2020_EPI_ISL_436878_2020-03-27)
Align target 143 (hCoV-19_USA_WA-UW329_2020_EPI_ISL_418896)
Align target 144 (hCoV-19_USA_NY-NYUMC341_2020_EPI_ISL_430368)
Align target 145 (hCoV-19_Wales_PHWC-27DDF_2020_EPI_ISL_432110_2020-03-24)
Align target 146 (hCoV-19_England_20156047904_2020_EPI_ISL_466326_2020-04-07)
Align target 147 (hCoV-19_France_IDF2989_2020_EPI_ISL_420051)
Align target 148 (hCoV-19_HongKong_HKPU60-0802_2020_EPI_ISL_419228)
Align target 149 (hCoV-19_England_CAMB-1AF08A_2020_EPI_ISL_459245_2020-04-30)
Align target 150 (hCoV-19_England_BIRM-5F196_2020_EPI_ISL_456667_2020-05-07)
Align target 151 (hCoV-19_Australia_VIC1557_2020_EPI_ISL_456479_2020-05-02)
Align target 152 (hCoV-19_England_20140007302_2020_EPI_ISL_421925)
Align target 153 (hCoV-19_USA_WA-UW-4061_2020_EPI_ISL_437815_2020-04-01)
Align target 154 (hCoV-19_Scotland_EDB084_2020_EPI_ISL_425876)
Align target 155 (hCoV-19_England_CAMB-7E9E4_2020_EPI_ISL_443053_2020-04-07)
Align target 156 (hCoV-19_England_BRIS-12AC65_2020_EPI_ISL_458329_2020-05-01)
Align target 157 (hCoV-19_Poland_Pom3_2020_EPI_ISL_451644_2020-05-02)
Align target 158 (hCoV-19_USA_WA-UW48_2020_EPI_ISL_415613)
Align target 159 (hCoV-19_USA_UT-03485_2020_EPI_ISL_450547_2020-04-03)
Align target 160 (hCoV-19_England_20072030304_2020_EPI_ISL_464168_2020-02-09)
Align target 161 (hCoV-19_USA_WA-S104_2020_EPI_ISL_417157)
Align target 162 (hCoV-19_USA_DC-HP00117_2020_EPI_ISL_457810_2020-03-28)
Align target 163 (hCoV-19_England_LIVE-9D0BD_2020_EPI_ISL_449600_2020-04-06)
Align target 164 (hCoV-19_England_CAMB-78A05_2020_EPI_ISL_433806_2020-04-06)
Align target 165 (hCoV-19_USA_MN-MDH-1051_2020_EPI_ISL_462896_2020-05-14)
Align target 166 (hCoV-19_USA_WA-S143_2020_EPI_ISL_430180)
Align target 167 (hCoV-19_England_20132005204_2020_EPI_ISL_423720)
Align target 168 (hCoV-19_England_CAMB-72537_2020_EPI_ISL_439634_2020-03-23)
Align target 169 (hCoV-19_Netherlands_Utrecht_13_2020_EPI_ISL_414463)
Align target 170 (hCoV-19_Wuhan_HB-WH3-189_2020_EPI_ISL_454946_2020-03-16)
Align target 171 (hCoV-19_England_20104004402_2020_EPI_ISL_417223)
Align target 172 (hCoV-19_Denmark_ALAB-SSI454_2020_EPI_ISL_429539)
Align target 173 (hCoV-19_England_20146013704_2020_EPI_ISL_466029_2020-03-31)
Align target 174 (hCoV-19_Canada_BC_24245374_2020_EPI_ISL_463205_2020-03)
Align target 175 (hCoV-19_England_20148035204_2020_EPI_ISL_466061_2020-03-28)
Align target 176 (hCoV-19_England_NORW-E72DC_2020_EPI_ISL_449020_2020-04-19)
Align target 177 (hCoV-19_USA_WA-UW-5737_2020_EPI_ISL_430915_2020-04-06)
Align target 178 (hCoV-19_Scotland_CVR1361_2020_EPI_ISL_433554_2020-04-01)
Align target 179 (hCoV-19_Luxembourg_LNS2848109_2020_EPI_ISL_417527)
Align target 180 (hCoV-19_India_773_2020_EPI_ISL_420549)
Align target 181 (hCoV-19_Scotland_CVR2192_2020_EPI_ISL_456761_2020-04-11)
Align target 182 (hCoV-19_USA_WY-WYPHL-00086_2020_EPI_ISL_462977_2020-03-30)
Align target 183 (hCoV-19_Taiwan_107_2020_EPI_ISL_420085)
Align target 184 (hCoV-19_Switzerland_120201_2020_EPI_ISL_468274_2020-04-28)
Align target 185 (hCoV-19_DK_ALAB-SSI-1421_2020_EPI_ISL_437653_2020-03-26)
Align target 186 (hCoV-19_Wales_PHWC-24E93_2020_EPI_ISL_420952)
Align target 187 (hCoV-19_USA_FL-BPHL-0094_2020_EPI_ISL_445037_2020-04-28)
Align target 188 (hCoV-19_USA_WA-S963_2020_EPI_ISL_463453_2020-05-01)
Align target 189 (hCoV-19_England_CAMB-75974_2020_EPI_ISL_438340_2020-03-31)
Align target 190 (hCoV-19_Scotland_EDB3992_2020_EPI_ISL_453103_2020-04-13)
Align target 191 (hCoV-19_Spain_Valencia269_2020_EPI_ISL_436364_2020-03-21)
Align target 192 (hCoV-19_USA_CA-CZB-1082_2020_EPI_ISL_437082_2020-04-23)
Align target 193 (hCoV-19_USA_UT-01225_2020_EPI_ISL_436909_2020-04-07)
Align target 194 (hCoV-19_England_20109045504_2020_EPI_ISL_464564_2020-03-05)
Align target 195 (hCoV-19_Wales_PHWC-24394_2020_EPI_ISL_419403)
Align target 196 (hCoV-19_Australia_VIC1161_2020_EPI_ISL_430615)
Align target 197 (hCoV-19_England_CAMB-815DB_2020_EPI_ISL_443017_2020-04-10)
Align target 198 (hCoV-19_England_CAMB-7F093_2020_EPI_ISL_442906_2020-04-08)
Align target 199 (hCoV-19_Canada_BC_22037912_2020_EPI_ISL_462822_2020-03)
Align target 200 (hCoV-19_England_CAMB-1AFB01_2020_EPI_ISL_459294_2020-05-03)
Align target 201 (hCoV-19_England_EXET-1363CB_2020_EPI_ISL_457224_2020-04-10)
Align target 202 (hCoV-19_USA_WA-UW-6527_2020_EPI_ISL_437857_2020-04-05)
Align target 203 (hCoV-19_England_CAMB-77D1C_2020_EPI_ISL_440834_2020-04-02)
Align target 204 (hCoV-19_England_NORW-E7139_2020_EPI_ISL_449005_2020-04-18)
Align target 205 (hCoV-19_Australia_VIC444_2020_EPI_ISL_426741)
Align target 206 (hCoV-19_Wales_PHWC-2A6FF_2020_EPI_ISL_445609_2020-04-03)
Align target 207 (hCoV-19_England_CAMB-84945_2020_EPI_ISL_440535_2020-03-07)
Align target 208 (hCoV-19_USA_MA-MGH-00498_2020_EPI_ISL_460350_2020-03-27)
Align target 209 (hCoV-19_Netherlands_ZuidHolland_108_2020_EPI_ISL_455297_2020-04-07)
Align target 210 (hCoV-19_England_CAMB-1B08D9_2020_EPI_ISL_459224_2020-05-04)
Align target 211 (hCoV-19_England_20129089504_2020_EPI_ISL_424078)
Align target 212 (hCoV-19_Denmark_ALAB-HH-138_2020_EPI_ISL_452017_2020-03-11)
Align target 213 (hCoV-19_USA_WY-WYPHL-00029_2020_EPI_ISL_462922_2020-03-21)
Align target 214 (hCoV-19_England_BRIS-124F9F_2020_EPI_ISL_443859_2020-03-26)
Align target 215 (hCoV-19_Scotland_EDB2345_2020_EPI_ISL_439186_2020-04-22)
Align target 216 (hCoV-19_England_20109006004_2020_EPI_ISL_464521_2020-03-03)
Align target 217 (hCoV-19_England_20079000404_2020_EPI_ISL_464172_2020-02-14)
Align target 218 (hCoV-19_Korea_KCDC2008_2020_EPI_ISL_426171)
Align target 219 (hCoV-19_Scotland_CVR2860_2020_EPI_ISL_448200_2020-04-21)
Align target 220 (hCoV-19_England_BRIS-1238B3_2020_EPI_ISL_442718_2020-04-06)
Align target 221 (hCoV-19_England_NORT-28A42E_2020_EPI_ISL_453532_2020-04-11)
Align target 222 (hCoV-19_USA_WA-S998_2020_EPI_ISL_463488_2020-04-28)
Align target 223 (hCoV-19_India_GBRC79a_2020_EPI_ISL_447538_2020-05-05)
Align target 224 (hCoV-19_England_OXON-AE295_2020_EPI_ISL_448678_2020)
Align target 225 (hCoV-19_Spain_COV000693_2020_EPI_ISL_452771_2020-03-02)
Align target 226 (hCoV-19_Spain_Valencia207_2020_EPI_ISL_436302_2020-03-25)
Align target 227 (hCoV-19_England_20162000404_2020_EPI_ISL_466378_2020-04-13)
Align target 228 (hCoV-19_Australia_VIC1412_2020_EPI_ISL_456431_2020-04-16)
Align target 229 (hCoV-19_England_CAMB-7B8CC_2020_EPI_ISL_441586_2020-04-04)
Align target 230 (hCoV-19_Spain_ACoruna_009_2020_EPI_ISL_468339_2020-04-22)
Align target 231 (hCoV-19_Scotland_EDB3645_2020_EPI_ISL_439303_2020-04-27)
Align target 232 (hCoV-19_Canada_ON-UHTC_0065_2020_EPI_ISL_464030_2020-04-22)
Align target 233 (hCoV-19_England_CAMB-81E94_2020_EPI_ISL_438588_2020-04-22)
Align target 234 (hCoV-19_England_NOTT-110303_2020_EPI_ISL_441498_2020-04-11)
Align target 235 (hCoV-19_England_201140250_2020_EPI_ISL_464715_2020-03-09)
Align target 236 (hCoV-19_England_20146011404_2020_EPI_ISL_466028_2020-04-01)
Align target 237 (hCoV-19_England_20109035304_2020_EPI_ISL_464551_2020-03-04)
Align target 238 (hCoV-19_Italy_TE5052_2020_EPI_ISL_418261)
Align target 239 (hCoV-19_Singapore_298_2020_EPI_ISL_462416_2020-03-16)
Align target 240 (hCoV-19_Iceland_583_2020_EPI_ISL_424603)
Align target 241 (hCoV-19_England_CAMB-7AF31_2020_EPI_ISL_433896_2020-04-10)
Align target 242 (hCoV-19_England_SHEF-C07DA_2020_EPI_ISL_420156)
Align target 243 (hCoV-19_England_LIVE-9E720_2020_EPI_ISL_453326_2020-04-10)
Align target 244 (hCoV-19_Denmark_ALAB-SSI449_2020_EPI_ISL_429536)
Align target 245 (hCoV-19_Spain_Valencia17_2020_EPI_ISL_419681)
Align target 246 (hCoV-19_Belgium_ULG-10173_2020_EPI_ISL_455961_2020-5-8)
Align target 247 (hCoV-19_Thailand_Bangkok-CONI-0107_2020_EPI_ISL_455910_2020-03-11)
Align target 248 (hCoV-19_England_20118109204_2020_EPI_ISL_464953_2020-03-12)
Align target 249 (hCoV-19_England_SHEF-C9ABA_2020_EPI_ISL_432473_2020-04-04)
Align target 250 (hCoV-19_Australia_VPRL006_2020_EPI_ISL_455598_2020-04-01)
Align target 251 (hCoV-19_England_LOND-D39FC_2020_EPI_ISL_441021_2020-04-06)
Align target 252 (hCoV-19_USA_IL-NM064_2020_EPI_ISL_444559_2020-03-18)
Align target 253 (hCoV-19_Spain_COV000893_2020_EPI_ISL_452670_2020-03-26)
Align target 254 (hCoV-19_Canada_QC_AZ9_2020_EPI_ISL_463961_2020-04-14)
Align target 255 (hCoV-19_USA_UT-01218_2020_EPI_ISL_436905_2020-04-07)
Align target 256 (hCoV-19_Belgium_DB-03023_2020_EPI_ISL_416470)
Align target 257 (hCoV-19_England_SHEF-BFD81_2020_EPI_ISL_418288)
Align target 258 (hCoV-19_England_20136095504_2020_EPI_ISL_420644)
Align target 259 (hCoV-19_USA_WI-UW-339_2020_EPI_ISL_436633_2020-03-31)
Align target 260 (hCoV-19_England_20169014704_2020_EPI_ISL_465197_2020-04-17)
Align target 261 (hCoV-19_Australia_QLDID937_2020_EPI_ISL_444611_2020-03-22)
Align target 262 (hCoV-19_Spain_Valencia156_2020_EPI_ISL_436251_2020-03-19)
Align target 263 (hCoV-19_Germany_BAV-MVP0017_2020_EPI_ISL_437218_2020-03-12)
Align target 264 (hCoV-19_France_20001SE_2020_EPI_ISL_447666_2020-03)
Align target 265 (hCoV-19_Netherlands_NA_637_2020_EPI_ISL_461072_2020-04-08)
Align target 266 (hCoV-19_USA_NY-SURV0983_2020_EPI_ISL_436078_2020-03-19)
Align target 267 (hCoV-19_Kazakhstan_26474_2020__EPI_ISL_454505_2020-04-26)
Align target 268 (hCoV-19_England_BRIS-122B15_2020_EPI_ISL_440646_2020-04-03)
Align target 269 (hCoV-19_USA_NY-PV09060_2020_EPI_ISL_421612)
Align target 270 (hCoV-19_Belgium_ULG-10049_2020_EPI_ISL_424658)
Align target 271 (hCoV-19_England_SHEF-CCC75_2020_EPI_ISL_432532_2020-04-02)
Align target 272 (hCoV-19_Australia_VIC704_2020_EPI_ISL_426991)
Align target 273 (hCoV-19_England_CAMB-1AF07B_2020_EPI_ISL_459288_2020-04-29)
Align target 274 (hCoV-19_Switzerland_100063_2020_EPI_ISL_466985_2020-03-12)
Align target 275 (hCoV-19_Scotland_CVR3399_2020_EPI_ISL_456825_2020-05-08)
Align target 276 (hCoV-19_England_CAMB-77ECE_2020_EPI_ISL_441840_2020-04-01)
Align target 277 (hCoV-19_France_10041MR_2020_EPI_ISL_447665_2020-03)
Align target 278 (hCoV-19_Denmark_ALAB-SSI592_2020_EPI_ISL_429589)
Align target 279 (hCoV-19_Guangdong_GD2020115-P0009_2020_EPI_ISL_413884)
Align target 280 (hCoV-19_England_BRIS-12AD9F_2020_EPI_ISL_458330_2020-05-01)
Align target 281 (hCoV-19_England_20162006004_2020_EPI_ISL_466403_2020-04-13)
Align target 282 (hCoV-19_Taiwan_TSGH-10_2020_EPI_ISL_427397)
Align target 283 (hCoV-19_USA_WA-UW-1866_2020_EPI_ISL_424278)
Align target 284 (hCoV-19_Scotland_CVR1465_2020_EPI_ISL_433592_2020-04-02)
Align target 285 (hCoV-19_USA_WA-S93_2020_EPI_ISL_417146)
Align target 286 (hCoV-19_USA_NJ_3592_2020_EPI_ISL_424878)
Align target 287 (hCoV-19_USA_WA-UW-3814_2020_EPI_ISL_427177)
Align target 288 (hCoV-19_England_20149012504_2020_EPI_ISL_466153_2020-04-02)
Align target 289 (hCoV-19_USA_NY-NYUMC193_2020_EPI_ISL_427488)
Align target 290 (hCoV-19_Kazakhstan_NCB-5_2020_EPI_ISL_435048_2020-03-01)
Align target 291 (hCoV-19_Denmark_ALAB-SSI-1235_2020_EPI_ISL_444817_2020-03-11)
Align target 292 (hCoV-19_Canada_QC-AK7_2020_EPI_ISL_450644_2020-04-08)
Align target 293 (hCoV-19_Northern_Ireland_NIRE-FB211_2020_EPI_ISL_448950_2020-03-24)
Align target 294 (hCoV-19_Australia_VIC731_2020_EPI_ISL_427010)
Align target 295 (hCoV-19_USA_NY-WCMP10G06P_2020_EPI_ISL_427577)
Align target 296 (hCoV-19_England_20156044904_2020_EPI_ISL_466320_2020-04-08)
Align target 297 (hCoV-19_USA_WA-UW17_2020_EPI_ISL_414365)
Align target 298 (hCoV-19_Wales_PHWC-30DB5_2020_EPI_ISL_446358_2020-04-09)
Align target 299 (hCoV-19_England_201161468_2020_EPI_ISL_464845_2020-03-11)
Align target 300 (hCoV-19_Scotland_CVR1473_2020_EPI_ISL_438820_2020-04-02)
Align target 301 (hCoV-19_USA_NY-PV09408_2020_EPI_ISL_450088_2020-03-11)
Align target 302 (hCoV-19_England_NORW-E9D15_2020_EPI_ISL_461851_2020-04-30)
Align target 303 (hCoV-19_Spain_COV001575_2020_EPI_ISL_467105_2020-03-13)
Align target 304 (hCoV-19_USA_MI-MDHHS-SC20382_2020_EPI_ISL_450593_2020-03-24)
Align target 305 (hCoV-19_England_CAMB-7DA1F_2020_EPI_ISL_441581_2020-04-05)
Align target 306 (hCoV-19_Spain_COV002495_2020_EPI_ISL_467058_2020-03-19)
Align target 307 (hCoV-19_Pakistan_NIH-45090_2020_EPI_ISL_468161_2020-06-02)
Align target 308 (hCoV-19_USA_WA-UW-2249_2020_EPI_ISL_426130)
Align target 309 (hCoV-19_Luxembourg_LNS5519604_2020_EPI_ISL_429711)
Align target 310 (hCoV-19_England_CAMB-807C7_2020_EPI_ISL_443054_2020-04-10)
Align target 311 (hCoV-19_England_CAMB-767E2_2020_EPI_ISL_438383_2020-03-30)
Align target 312 (hCoV-19_USA_WA-S472_2020_EPI_ISL_434232_2020-04-05)
Align target 313 (hCoV-19_England_EXET-136C48_2020_EPI_ISL_457257_2020-04-27)
Align target 314 (hCoV-19_Israel_13077377_2020_EPI_ISL_447440_2020-04-02)
Align target 315 (hCoV-19_Scotland_CVR1914_2020_EPI_ISL_438853_2020-04-07)
Align target 316 (hCoV-19_USA_MA-MGH-00051_2020_EPI_ISL_460375_2020-03-24)
Align target 317 (hCoV-19_England_NOTT-1108AA_2020_EPI_ISL_441872_2020-04-29)
Align target 318 (hCoV-19_Scotland_EDB566_2020_EPI_ISL_426024)
Align target 319 (hCoV-19_England_NORT-289AC3_2020_EPI_ISL_453511_2020-04-03)
Align target 320 (hCoV-19_Denmark_ALAB-SSI-568_2020_EPI_ISL_436972_2020-03-28)
Align target 321 (hCoV-19_Russia_Moscow-71602_2020_EPI_ISL_428877)
Align target 322 (hCoV-19_England_201300935_2020_EPI_ISL_423684)
Align target 323 (hCoV-19_England_CAMB-1AA395_2020_EPI_ISL_443411_2020-04-15)
Align target 324 (hCoV-19_Wales_PHWC-249B0_2020_EPI_ISL_419464)
Align target 325 (hCoV-19_USA_NC_200323_2020_EPI_ISL_454820_2020-04)
Align target 326 (hCoV-19_England_LIVE-9BD9A_2020_EPI_ISL_440916_2020-04-20)
Align target 327 (hCoV-19_England_CAMB-7459F_2020_EPI_ISL_425309)
Align target 328 (hCoV-19_Wales_PHWC-318A4_2020_EPI_ISL_446499_2020-04-11)
Align target 329 (hCoV-19_USA_CT-Yale-221_2020_EPI_ISL_463156_2020-03-31)
Align target 330 (hCoV-19_Australia_VIC270_2020_EPI_ISL_419963)
Align target 331 (hCoV-19_Wales_PHWC-2A4F5_2020_EPI_ISL_445577_2020-04-06)
Align target 332 (hCoV-19_USA_WA-UW-1583_2020_EPI_ISL_423003)
Align target 333 (hCoV-19_England_20132108204_2020_EPI_ISL_423849)
Align target 334 (hCoV-19_England_20149043704_2020_EPI_ISL_466195_2020-04-02)
Align target 335 (hCoV-19_Netherlands_Zeeland_46_2020_EPI_ISL_461285_2020-03-22)
Align target 336 (hCoV-19_Belgium_ULG-8808_2020_EPI_ISL_418644)
Align target 337 (hCoV-19_England_CAMB-72090_2020_EPI_ISL_439944_2020-03-28)
Align target 338 (hCoV-19_Wales_PHWC-24895_2020_EPI_ISL_420930)
Align target 339 (hCoV-19_Uruguay_UY-NYUMC851_2020_EPI_ISL_457947_2020-03-17)
Align target 340 (hCoV-19_England_200990002_2020_EPI_ISL_414522)
Align target 341 (hCoV-19_England_BRIS-121730_2020_EPI_ISL_440130_2020-03-30)
Align target 342 (hCoV-19_USA_MI-MDHHS-SC20573_2020_EPI_ISL_462655_2020-04-29)
Align target 343 (hCoV-19_USA_WA-S281_2020_EPI_ISL_430135)
Align target 344 (hCoV-19_Wales_PHWC-342D0_2020_EPI_ISL_446899_2020-04-14)
Align target 345 (hCoV-19_England_BRIS-128B00_2020_EPI_ISL_458886_2020-04-14)
Align target 346 (hCoV-19_USA_WA-UW379_2020_EPI_ISL_418945)
Align target 347 (hCoV-19_Kenya_S109_2020_EPI_ISL_457933_2020-03)
Align target 348 (hCoV-19_USA_LA-SR0288_2020_EPI_ISL_445143_2020-04-01)
Align target 349 (hCoV-19_England_OXON-AC81D_2020_EPI_ISL_448486_2020-04-05)
Align target 350 (hCoV-19_India_GBRC89_2020_EPI_ISL_447551_2020-04-25)
Align target 351 (hCoV-19_Denmark_ALAB-SSI-888_2020_EPI_ISL_444957_2020-03-30)
Align target 352 (hCoV-19_Wuhan_HB-WH2-156_2020_EPI_ISL_454924_2020-02-28)
Align target 353 (hCoV-19_England_NORW-E9401_2020_EPI_ISL_448311_2020-04-23)
Align target 354 (hCoV-19_Australia_NSW301_2020_EPI_ISL_451565_2020-04-03)
Align target 355 (hCoV-19_Wales_PHWC-2AF5E_2020_EPI_ISL_432213_2020-04-07)
Align target 356 (hCoV-19_USA_CT-Yale-215_2020_EPI_ISL_463151_2020-03-31)
Align target 357 (hCoV-19_USA_MI-SC2-0005_2020_EPI_ISL_424992)
Align target 358 (hCoV-19_USA_AZ-TGEN-TG269290_2020_EPI_ISL_426522)
Align target 359 (hCoV-19_France_IDF3230_2020_EPI_ISL_420063)
Align target 360 (hCoV-19_Australia_VIC735_2020_EPI_ISL_427014)
Align target 361 (hCoV-19_England_CAMB-71B27_2020_EPI_ISL_439620_2020-04-01)
Align target 362 (hCoV-19_England_LIVE-9B2F5_2020_EPI_ISL_449431_2020-03-28)
Align target 363 (hCoV-19_Australia_VIC1579_2020_EPI_ISL_456494_2020)
Align target 364 (hCoV-19_Wales_PHWC-262C2_2020_EPI_ISL_422227)
Align target 365 (hCoV-19_Switzerland_100815_2020_EPI_ISL_451765_2020-03-26)
Align target 366 (hCoV-19_Greece_261_32221_2020_EPI_ISL_437907_2020-03-10)
Align target 367 (hCoV-19_Wales_PHWC-24006_2020_EPI_ISL_418137)
Align target 368 (hCoV-19_Wales_PHWC-2A1D0_2020_EPI_ISL_445537_2020-04-03)
Align target 369 (hCoV-19_Iceland_135_2020_EPI_ISL_417696)
Align target 370 (hCoV-19_England_CAMB-77866_2020_EPI_ISL_439405_2020-03-31)
Align target 371 (hCoV-19_England_BRIS-1237A7_2020_EPI_ISL_442765_2020-04-03)
Align target 372 (hCoV-19_Australia_VIC337_2020_EPI_ISL_426646)
Align target 373 (hCoV-19_Canada_ON_PHL1898_2020_EPI_ISL_418377)
Align target 374 (hCoV-19_Belgium_VLG-0325162_2020_EPI_ISL_420419)
Align target 375 (hCoV-19_Denmark_ALAB-SSI-1388_2020_EPI_ISL_444854_2020-04-03)
Align target 376 (hCoV-19_Shanghai_SH0065_2020_EPI_ISL_416368)
Align target 377 (hCoV-19_Denmark_ALAB-SSI-1282_2020_EPI_ISL_444844_2020-04-02)
Align target 378 (hCoV-19_Denmark_ALAB-SSI280_2020_EPI_ISL_429440)
Align target 379 (hCoV-19_Spain_COV000783_2020_EPI_ISL_452725_2020-03-06)
Align target 380 (hCoV-19_Netherlands_NA_16_2020_EPI_ISL_415472)
Align target 381 (hCoV-19_England_BRIS-12870C_2020_EPI_ISL_458793_2020-04-15)
Align target 382 (hCoV-19_Scotland_EDB789_2020_EPI_ISL_433245_2020-04-03)
Align target 383 (hCoV-19_USA_WA-S267_2020_EPI_ISL_430121)
Align target 384 (hCoV-19_England_LIVE-9C564_2020_EPI_ISL_449552_2020-03-22)
Align target 385 (hCoV-19_Wales_PHWC-2A880_2020_EPI_ISL_445629_2020-04-07)
Align target 386 (hCoV-19_England_OXON-AD9BF_2020_EPI_ISL_448607_2020)
Align target 387 (hCoV-19_Switzerland_120200_2020_EPI_ISL_468273_2020-04-28)
Align target 388 (hCoV-19_England_CAMB-7622D_2020_EPI_ISL_438366_2020-03-30)
Align target 389 (hCoV-19_England_OXON-ACEFD_2020_EPI_ISL_448547_2020-04-05)
Align target 390 (hCoV-19_England_CAMB-7C9D7_2020_EPI_ISL_442136_2020-04-04)
Align target 391 (hCoV-19_England_CAMB-7C4D6_2020_EPI_ISL_442280_2020-04-05)
Align target 392 (hCoV-19_England_NOTT-110A86_2020_EPI_ISL_441891_2020-04-30)
Align target 393 (hCoV-19_USA_NY-PV09342_2020_EPI_ISL_450030_2020-03-24)
Align target 394 (hCoV-19_England_NORW-EA224_2020_EPI_ISL_457334_2020-05-12)
Align target 395 (hCoV-19_England_NORW-E9DF7_2020_EPI_ISL_448370_2020-05-02)
Align target 396 (hCoV-19_England_20120003004_2020_EPI_ISL_465142_2020-03-15)
Align target 397 (hCoV-19_USA_LA-EVTL036_2020_EPI_ISL_435574_2020-04-24)
Align target 398 (hCoV-19_England_CAMB-81B51_2020_EPI_ISL_443107_2020-04-11)
Align target 399 (hCoV-19_South_Africa_KRISP-0084_2020_EPI_ISL_467456_2020-04-05)
Align target 400 (hCoV-19_Italy_4875_2020_EPI_ISL_457724_2020-03-15)
Align target 401 (hCoV-19_Iceland_288_2020_EPI_ISL_417616)
Align target 402 (hCoV-19_USA_WA-UW-1677_2020_EPI_ISL_424214)
Align target 403 (hCoV-19_USA_MI-MDHHS-SC20369_2020_EPI_ISL_450580_2020-03-15)
Align target 404 (hCoV-19_England_201160002_2020_EPI_ISL_464770_2020-03-11)
Align target 405 (hCoV-19_Northern_Ireland_NIRE-102119_2020_EPI_ISL_441383_2020-03-20)
Align target 406 (hCoV-19_Iceland_419_2020_EPI_ISL_424443)
Align target 407 (hCoV-19_Wales_PHWC-2854F_2020_EPI_ISL_432018_2020-03-30)
Align target 408 (hCoV-19_Russia_StPetersburg_RII4694S_2020_EPI_ISL_427326)
Align target 409 (hCoV-19_Netherlands_Flevoland_9_2020_EPI_ISL_460843_2020-04-23)
Align target 410 (hCoV-19_USA_WA-S57_2020_EPI_ISL_417110)
Align target 411 (hCoV-19_England_20132004204_2020_EPI_ISL_423714)
Align target 412 (hCoV-19_USA_NY-NYUMC272_2020_EPI_ISL_428786)
Align target 413 (hCoV-19_England_20189164301_2020_EPI_ISL_465568_2020-05-01)
Align target 414 (hCoV-19_Qatar_QA02_2020_EPI_ISL_427404)
Align target 415 (hCoV-19_Scotland_CVR222_2020_EPI_ISL_425748)
Align target 416 (hCoV-19_DK_ALAB-SSI-138_2020_EPI_ISL_437650_2020-03-08)
Align target 417 (hCoV-19_England_LOND-D5787_2020_EPI_ISL_453462_2020-04-17)
Align target 418 (hCoV-19_England_201140079_2020_EPI_ISL_464714_2020-03-09)
Align target 419 (hCoV-19_USA_WA-UW-6528_2020_EPI_ISL_437858_2020-04-05)
Align target 420 (hCoV-19_Scotland_CVR763_2020_EPI_ISL_439105_2020-03-26)
Align target 421 (hCoV-19_England_BIRM-5EF15_2020_EPI_ISL_456665_2020)
Align target 422 (hCoV-19_Spain_COV001934_2020_EPI_ISL_452442_2020-03-12)
Align target 423 (hCoV-19_Spain_COV001388_2020_EPI_ISL_452513_2020-03-16)
Align target 424 (hCoV-19_USA_NY-NYUMC174_2020_EPI_ISL_427471)
Align target 425 (hCoV-19_USA_FL-BPHL-07_2020_EPI_ISL_436511_2020-04-04)
Align target 426 (hCoV-19_Scotland_CVR2988_2020_EPI_ISL_439004_2020-04-23)
Align target 427 (hCoV-19_DK_ALAB-SSI-745_2020_EPI_ISL_437667_2020-03-27)
Align target 428 (hCoV-19_Scotland_CVR89_2020_EPI_ISL_425813)
Align target 429 (hCoV-19_England_CAMB-81A18_2020_EPI_ISL_443058_2020-04-12)
Align target 430 (hCoV-19_USA_MI-MDHHS-SC20376_2020_EPI_ISL_450587_2020-03-15)
Align target 431 (hCoV-19_Portugal_PT0250_2020_EPI_ISL_453964_2020-04-02)
Align target 432 (hCoV-19_Scotland_CVR3005_2020_EPI_ISL_453090_2020-04-23)
Align target 433 (hCoV-19_Belgium_CF-0324119_2020_EPI_ISL_420376)
Align target 434 (hCoV-19_USA_CA-PC101P_2020_EPI_ISL_414648)
Align target 435 (hCoV-19_India_ILSCV20557_2020_EPI_ISL_463078_2020-05-15)
Align target 436 (hCoV-19_USA_NY-NYUMC658_2020_EPI_ISL_444775_2020-03-17)
Align target 437 (hCoV-19_Netherlands_ZuidHolland_1_2020_EPI_ISL_414444)
Align target 438 (hCoV-19_England_CAMB-7E225_2020_EPI_ISL_434053_2020-04-15)
Align target 439 (hCoV-19_Brazil_CV4_2020_EPI_ISL_429667)
Align target 440 (hCoV-19_Romania_284468_2020_EPI_ISL_455479_2020-05-14)
Align target 441 (hCoV-19_USA_WA-UW-1338_2020_EPI_ISL_422986)
Align target 442 (hCoV-19_England_CAMB-72FC0_2020_EPI_ISL_440279_2020-03-22)
Align target 443 (hCoV-19_USA_UT-02016_2020_EPI_ISL_454729_2020-04-16)
Align target 444 (hCoV-19_Scotland_CVR3045_2020_EPI_ISL_461633_2020-04-23)
Align target 445 (hCoV-19_England_20138018504_2020_EPI_ISL_423290)
Align target 446 (hCoV-19_Australia_VIC959_2020_EPI_ISL_430663)
Align target 447 (hCoV-19_England_20134068504_2020_EPI_ISL_423157)
Align target 448 (hCoV-19_Spain_Valencia58_2020_EPI_ISL_425182)
Align target 449 (hCoV-19_England_20130034204_2020_EPI_ISL_423605)
Align target 450 (hCoV-19_USA_MA-MGH-00683_2020_EPI_ISL_460146_2020-03-21)
Align target 451 (hCoV-19_England_SHEF-CEE7D_2020_EPI_ISL_448893_2020-04-16)
Align target 452 (hCoV-19_USA_MI-MDHHS-SC20169_2020_EPI_ISL_436807_2020-03-12)
Align target 453 (hCoV-19_JOR_SEARCH-0047-JOR_2020_EPI_ISL_430005)
Align target 454 (hCoV-19_Belgium_ITM_C030_2020_EPI_ISL_434376_2020-03-25)
Align target 455 (hCoV-19_Canada_QGLO-023_2020__EPI_ISL_459879_2020-03-28)
Align target 456 (hCoV-19_England_CAMB-81492_2020_EPI_ISL_443086_2020-04-10)
Align target 457 (hCoV-19_USA_CA-SCCPHD-UC152_2020_EPI_ISL_435631_2020-03-11)
Align target 458 (hCoV-19_England_20130034904_2020_EPI_ISL_423610)
Align target 459 (hCoV-19_USA_CT-UW-5754_2020_EPI_ISL_430919_2020-04-05)
Align target 460 (hCoV-19_USA_MI-MDHHS-SC20073_2020_EPI_ISL_437160_2020-03-24)
Align target 461 (hCoV-19_USA_MI-MDHHS-SC20652_2020_EPI_ISL_462734_2020-04-24)
Align target 462 (hCoV-19_Scotland_CVR2745_2020_EPI_ISL_438943_2020-04-18)
Align target 463 (hCoV-19_Canada_BC_27298990_2020_EPI_ISL_463270_2020-03)
Align target 464 (hCoV-19_Spain_COV001505_2020_EPI_ISL_467170_2020-03-17)
Align target 465 (hCoV-19_England_EXET-136B96_2020_EPI_ISL_457253_2020-05-03)
Align target 466 (hCoV-19_England_CAMB-7E00D_2020_EPI_ISL_441572_2020-04-05)
Align target 467 (hCoV-19_England_SHEF-C7454_2020_EPI_ISL_457618_2020-05-03)
Align target 468 (hCoV-19_England_CAMB-755F8_2020_EPI_ISL_425412)
Align target 469 (hCoV-19_Belgium_rega-0407282_2020_EPI_ISL_464076_2020-04-07)
Align target 470 (hCoV-19_Puerto_Rico_CDC-S6_2020_EPI_ISL_434546_2020-03-24)
Align target 471 (hCoV-19_England_LIVE-99AFF_2020_EPI_ISL_439798_2020-04-12)
Align target 472 (hCoV-19_Nanchang_JXN3T4_2020_EPI_ISL_421246)
Align target 473 (hCoV-19_England_20149003204_2020_EPI_ISL_466091_2020-04-03)
Align target 474 (hCoV-19_India_RMRC165_2020_EPI_ISL_455765_2020-05-07)
Align target 475 (hCoV-19_Portugal_PT0401_2020_EPI_ISL_454125_2020-04-13)
Align target 476 (hCoV-19_USA_NY-NYUMC650_2020_EPI_ISL_444767_2020-04-06)
Align target 477 (hCoV-19_USA_WI-GMF-00228_2020_EPI_ISL_418187)
Align target 478 (hCoV-19_France_ARA10165_2020_EPI_ISL_418419)
Align target 479 (hCoV-19_Australia_NSW189_2020_EPI_ISL_427740)
Align target 480 (hCoV-19_Wales_PHWC-28F41_2020_EPI_ISL_445461_2020-04-03)
Align target 481 (hCoV-19_Australia_NSW294_2020_EPI_ISL_451558_2020-04-08)
Align target 482 (hCoV-19_Wales_PHWC-2574C_2020_EPI_ISL_422258)
Align target 483 (hCoV-19_England_20132032604_2020_EPI_ISL_423772)
Align target 484 (hCoV-19_USA_FL-BPHL-040_2020_EPI_ISL_436544_2020-04-17)
Align target 485 (hCoV-19_England_BRIS-122B06_2020_EPI_ISL_440683_2020-04-03)
Align target 486 (hCoV-19_Wales_PHWC-32023_2020_EPI_ISL_446599_2020-04-13)
Align target 487 (hCoV-19_England_20189176101_2020_EPI_ISL_465573_2020-05-01)
Align target 488 (hCoV-19_USA_WA-UW-1603_2020_EPI_ISL_423005)
Align target 489 (hCoV-19_Denmark_ALAB-SSI347_2020_EPI_ISL_429461)
Align target 490 (hCoV-19_Spain_COV000917_2020_EPI_ISL_452652_2020-03-27)
Align target 491 (hCoV-19_England_SHEF-D3042_2020_EPI_ISL_462083_2020-04-18)
Align target 492 (hCoV-19_England_CAMB-79530_2020_EPI_ISL_441799_2020-04-03)
Align target 493 (hCoV-19_England_BRIS-125E0A_2020_EPI_ISL_443821_2020-03-30)
Align target 494 (hCoV-19_USA_NY-NYUMC76_2020_EPI_ISL_421577)
Align target 495 (hCoV-19_England_CAMB-7DF4D_2020_EPI_ISL_441602_2020-04-06)
Align target 496 (hCoV-19_Russia_StPetersburg_RII4696S_2020_EPI_ISL_427327)
Align target 497 (hCoV-19_England_201160068_2020_EPI_ISL_464785_2020-03-11)
Align target 498 (hCoV-19_England_CAMB-7476C_2020_EPI_ISL_425332)
Align target 499 (hCoV-19_Wales_PHWC-24992_2020_EPI_ISL_420920)
Align target 500 (hCoV-19_England_20108127304_2020_EPI_ISL_464482_2020-03-05)
Align target 501 (hCoV-19_USA_TX-HMH0291_2020_EPI_ISL_434917_2020-03-27)
Align target 502 (hCoV-19_USA_ID-UW-4550_2020_EPI_ISL_460622_2020-03-29)
Align target 503 (hCoV-19_USA_LA-EVTL102_2020_EPI_ISL_451263_2020-05-06)
Align target 504 (hCoV-19_England_20120053304_2020_EPI_ISL_465722_2020-03-15)
Align target 505 (hCoV-19_Bosnia-and-Herzegovina_ChVir7402_2020_EPI_ISL_462470_2020-04-22)
Align target 506 (hCoV-19_England_20124013004_2020_EPI_ISL_465786_2020-03-18)
Align target 507 (hCoV-19_England_OXON-AEFE9_2020_EPI_ISL_448803_2020-04-08)
Align target 508 (hCoV-19_England_20189163501_2020_EPI_ISL_465566_2020-05-01)
Align target 509 (hCoV-19_USA_MA-MGH-00132_2020_EPI_ISL_460470_2020-03-25)
Align target 510 (hCoV-19_England_BRIS-125AF7_2020_EPI_ISL_443763_2020-03-30)
Align target 511 (hCoV-19_England_CAMB-74C5E_2020_EPI_ISL_425361)
Align target 512 (hCoV-19_Wales_PHWC-31033_2020_EPI_ISL_446396_2020-04-10)
Align target 513 (hCoV-19_England_NOTT-10FE51_2020_EPI_ISL_441450_2020-04-09)
Align target 514 (hCoV-19_Wales_PHWC-33F70_2020_EPI_ISL_446847_2020-04-16)
Align target 515 (hCoV-19_England_CAMB-7E683_2020_EPI_ISL_442543_2020-04-07)
Align target 516 (hCoV-19_England_BRIS-125259_2020_EPI_ISL_443934_2020-03-27)
Align target 517 (hCoV-19_Scotland_EDB020_2020_EPI_ISL_425826)
Align target 518 (hCoV-19_Portugal_PT0011_2020_EPI_ISL_417996)
Align target 519 (hCoV-19_USA_MN-MDH-1049_2020_EPI_ISL_462894_2020-05-14)
Align target 520 (hCoV-19_England_BRIS-12996F_2020_EPI_ISL_458466_2020-03-28)
Align target 521 (hCoV-19_England_20126096502_2020_EPI_ISL_418769)
Align target 522 (hCoV-19_Australia_VIC1024_2020_EPI_ISL_430531)
Align target 523 (hCoV-19_England_201340855_2020_EPI_ISL_423189)
Align target 524 (hCoV-19_England_20149054004_2020_EPI_ISL_466212_2020-04-04)
Align target 525 (hCoV-19_England_CAMB-1B1E21_2020_EPI_ISL_458524_2020-05-09)
Align target 526 (hCoV-19_USA_WA-UW-4565_2020_EPI_ISL_429603)
Align target 527 (hCoV-19_USA_MA-MGH-00528_2020_EPI_ISL_460344_2020-03-18)
Align target 528 (hCoV-19_England_BRIS-1264BC_2020_EPI_ISL_458965_2020-04-04)
Align target 529 (hCoV-19_Spain_Oliva639_2020_EPI_ISL_455729_2020-03-31)
Align target 530 (hCoV-19_Wales_PHWC-265C9_2020_EPI_ISL_422217)
Align target 531 (hCoV-19_Denmark_ALAB-HH-198_2020_EPI_ISL_452059_2020-04-26)
Align target 532 (hCoV-19_India_ILSCV19342_2020_EPI_ISL_463069_2020-05-14)
Align target 533 (hCoV-19_USA_CA-QDX-34_2020_EPI_ISL_467828_2020-03-15)
Align target 534 (hCoV-19_England_20139024204_2020_EPI_ISL_421891)
Align target 535 (hCoV-19_USA_FL-BPHL-053_2020_EPI_ISL_436557_2020-04-20)
Align target 536 (hCoV-19_England_20139062804_2020_EPI_ISL_420743)
Align target 537 (hCoV-19_USA_NJ-NYUMC111_2020_EPI_ISL_421723)
Align target 538 (hCoV-19_USA_WA-UW226_2020_EPI_ISL_417375)
Align target 539 (hCoV-19_Israel_701002456_2020_EPI_ISL_447298_2020-03-24)
Align target 540 (hCoV-19_Netherlands_NA_667_2020_EPI_ISL_461102_2020-03-08)
Align target 541 (hCoV-19_Canada_BC_27303787_2020_EPI_ISL_463272_2020-03)
Align target 542 (hCoV-19_England_20129014104_2020_EPI_ISL_423993)
Align target 543 (hCoV-19_England_CAMB-77D85_2020_EPI_ISL_438252_2020-04-01)
Align target 544 (hCoV-19_England_NOTT-10E5E4_2020_EPI_ISL_425569)
Align target 545 (hCoV-19_Sweden_20-07439_2020_EPI_ISL_434670_2020-04-17)
Align target 546 (hCoV-19_Netherlands_ZuidHolland_190_2020_EPI_ISL_461362_2020-04-23)
Align target 547 (hCoV-19_Wales_PHWC-29DFB_2020_EPI_ISL_432259_2020-04-04)
Align target 548 (hCoV-19_Spain_PaisVasco201385_2020_EPI_ISL_455350_2020-02-29)
Align target 549 (hCoV-19_Australia_VIC50_2020_EPI_ISL_419766)
Align target 550 (hCoV-19_England_CAMB-79CA4_2020_EPI_ISL_440604_2020-04-02)
Align target 551 (hCoV-19_USA_VA-DCLS-0163_2020_EPI_ISL_437796_2020-04-08)
Align target 552 (hCoV-19_England_CAMB-7FEC6_2020_EPI_ISL_444430_2020-04-18)
Align target 553 (hCoV-19_Luxembourg_LNS0877496_2020_EPI_ISL_421749)
Align target 554 (hCoV-19_Romania_284056_2020_EPI_ISL_455473_2020-05-14)
Align target 555 (hCoV-19_USA_VA-DCLS-0045_2020_EPI_ISL_420026)
Align target 556 (hCoV-19_Netherlands_NA_688_2020_EPI_ISL_461123_2020-03-30)
Align target 557 (hCoV-19_Singapore_269_2020_EPI_ISL_462387_2020-03-17)
Align target 558 (hCoV-19_England_CAMB-77E46_2020_EPI_ISL_441312_2020-04-01)
Align target 559 (hCoV-19_Canada_QGLO-038_2020__EPI_ISL_459889_2020-03-30)
Align target 560 (hCoV-19_Australia_VIC745_2020_EPI_ISL_427023)
Align target 561 (hCoV-19_USA_WA-UW193_2020_EPI_ISL_417342)
Align target 562 (hCoV-19_USA_LA-SR0272_2020_EPI_ISL_445127_2020-04-01)
Align target 563 (hCoV-19_Pakistan_NIH-45579_2020_EPI_ISL_468162_2020-06-02)
Align target 564 (hCoV-19_England_CAMB-774DB_2020_EPI_ISL_439467_2020-03-30)
Align target 565 (hCoV-19_Guangdong_FS-S50-P0053_2020_EPI_ISL_413893)
Align target 566 (hCoV-19_USA_NY-NYUMC140_2020_EPI_ISL_424947)
Align target 567 (hCoV-19_USA_WA-UW-5847_2020_EPI_ISL_461444_2020-03-31)
Align target 568 (hCoV-19_Spain_COV002733_2020_EPI_ISL_467289_2020-04-13)
Align target 569 (hCoV-19_India_NGC-CDFD-26_2020_EPI_ISL_466864_2020-05-30)
Align target 570 (hCoV-19_Wales_PHWC-33F34_2020_EPI_ISL_446843_2020-04-16)
Align target 571 (hCoV-19_Netherlands_Utrecht_18_2020_EPI_ISL_415527)
Align target 572 (hCoV-19_Iceland_51_2020_EPI_ISL_417849)
Align target 573 (hCoV-19_USA_NY-Wadsworth-11666-01_2020_EPI_ISL_426050)
Align target 574 (hCoV-19_Wales_PHWC-2BEF6_2020_EPI_ISL_445867_2020-04-08)
Align target 575 (hCoV-19_Scotland_CVR2252_2020_EPI_ISL_448170_2020-04-12)
Align target 576 (hCoV-19_Finland_FIN-455_2020_EPI_ISL_414642)
Align target 577 (hCoV-19_Spain_COV000666_2020_EPI_ISL_452784_2020-03-06)
Align target 578 (hCoV-19_Portugal_PT0206_2020_EPI_ISL_453920_2020-03-30)
Align target 579 (hCoV-19_USA_LA-SR0264_2020_EPI_ISL_445119_2020-03-31)
Align target 580 (hCoV-19_England_CAMB-71FEF_2020_EPI_ISL_439581_2020-03-28)
Align target 581 (hCoV-19_Portugal_PT0363_2020_EPI_ISL_454079_2020-03-19)
Align target 582 (hCoV-19_England_20138087304_2020_EPI_ISL_421844)
Align target 583 (hCoV-19_Scotland_CVR2193_2020_EPI_ISL_448154_2020-04-11)
Align target 584 (hCoV-19_Colombia_GVI-97321_2020_EPI_ISL_447796_2020-04-04)
Align target 585 (hCoV-19_Spain_Valencia23_2020_EPI_ISL_419687)
Align target 586 (hCoV-19_Australia_NSW523_2020_EPI_ISL_455063_2020-03-26)
Align target 587 (hCoV-19_England_201580203_2020_EPI_ISL_466361_2020-04-09)
Align target 588 (hCoV-19_Australia_VIC460_2020_EPI_ISL_426753)
Align target 589 (hCoV-19_England_CAMB-74FBF_2020_EPI_ISL_440380_2020-03-14)
Align target 590 (hCoV-19_England_20140007602_2020_EPI_ISL_423383)
Align target 591 (hCoV-19_England_NORW-E8CCE_2020_EPI_ISL_448299_2020-04-15)
Align target 592 (hCoV-19_Switzerland_130032_2020_EPI_ISL_467016_2020-05-13)
Align target 593 (hCoV-19_England_NOTT-10ECEF_2020_EPI_ISL_432913_2020-03-28)
Align target 594 (hCoV-19_England_LOND-D5435_2020_EPI_ISL_444220_2020-04-15)
Align target 595 (hCoV-19_England_CAMB-7DB67_2020_EPI_ISL_441742_2020-04-07)
Align target 596 (hCoV-19_England_LOND-D5277_2020_EPI_ISL_449695_2020-04-15)
Align target 597 (hCoV-19_England_EXET-13563C_2020_EPI_ISL_457079_2020-04-09)
Align target 598 (hCoV-19_Netherlands_Utrecht_10_2020_EPI_ISL_414442)
Align target 599 (hCoV-19_Luxembourg_LNS7687858_2020_EPI_ISL_421736)
Align target 600 (hCoV-19_England_20120007904_2020_EPI_ISL_465147_2020-03-14)
Align target 601 (hCoV-19_Wales_PHWC-2B236_2020_EPI_ISL_432286_2020-04-08)
Align target 602 (hCoV-19_Australia_VIC1245_2020_EPI_ISL_436112_2020-04-09)
Align target 603 (hCoV-19_Luxembourg_LNS2458393_2020_EPI_ISL_434504_2020-04-14)
Align target 604 (hCoV-19_Australia_VIC14_2020_EPI_ISL_419734)
Align target 605 (hCoV-19_England_CAMB-78FD9_2020_EPI_ISL_441798_2020-04-03)
Align target 606 (hCoV-19_England_20129078704_2020_EPI_ISL_424068)
Align target 607 (hCoV-19_Scotland_CVR1993_2020_EPI_ISL_433271_2020-04-09)
Align target 608 (hCoV-19_Scotland_EDB5125_2020_EPI_ISL_456975_2020-05-17)
Align target 609 (hCoV-19_Canada_QC_AP2_2020_EPI_ISL_463925_2020-04-07)
Align target 610 (hCoV-19_England_20109052006_2020_EPI_ISL_417272)
Align target 611 (hCoV-19_Australia_VIC893_2020_EPI_ISL_427145)
Align target 612 (hCoV-19_Scotland_EDB5344_2020_EPI_ISL_457002_2020-05-22)
Align target 613 (hCoV-19_Sweden_20-50230_2020_EPI_ISL_429155)
Align target 614 (hCoV-19_England_NORW-EC671_2020_EPI_ISL_457546_2020-05-10)
Align target 615 (hCoV-19_England_CAMB-756C8_2020_EPI_ISL_440426_2020-03-14)
Align target 616 (hCoV-19_England_NORW-E9FE2_2020_EPI_ISL_448383_2020-05-02)
Align target 617 (hCoV-19_Australia_VIC1409_2020_EPI_ISL_456428_2020-04-16)
Align target 618 (hCoV-19_Northern_Ireland_NIRE-FC24D_2020_EPI_ISL_459398_2020-04-10)
Align target 619 (hCoV-19_Wales_PHWC-31FBE_2020_EPI_ISL_446594_2020-04-14)
Align target 620 (hCoV-19_England_SHEF-BFF03_2020_EPI_ISL_418307)
Align target 621 (hCoV-19_Congo_KN-0058_2020_EPI_ISL_417438)
Align target 622 (hCoV-19_Morocco_6898_2020_EPI_ISL_459976_2020-03-16)
Align target 623 (hCoV-19_Australia_VIC324_2020_EPI_ISL_420015)
Align target 624 (hCoV-19_USA_WY-WYPHL-00032_2020_EPI_ISL_462925_2020-03-23)
Align target 625 (hCoV-19_Iceland_435_2020_EPI_ISL_424459)
Align target 626 (hCoV-19_Australia_VIC79_2020_EPI_ISL_419791)
Align target 627 (hCoV-19_Wales_PHWC-24534_2020_EPI_ISL_419425)
Align target 628 (hCoV-19_USA_WA-S15_2020_EPI_ISL_417068)
Align target 629 (hCoV-19_England_20118050504_2020_EPI_ISL_464922_2020-03-13)
Align target 630 (hCoV-19_USA_AK-PHL283_2020_EPI_ISL_437518_2020-04-26)
Align target 631 (hCoV-19_Shanghai_SH0076_2020_EPI_ISL_416379)
Align target 632 (hCoV-19_Scotland_CVR2414_2020_EPI_ISL_448184_2020-04-14)
Align target 633 (hCoV-19_Netherlands_ZuidHolland_59_2020_EPI_ISL_422927)
Align target 634 (hCoV-19_USA_UT-0885_2020_EPI_ISL_435386_2020-04-05)
Align target 635 (hCoV-19_USA_WI-08_2020_EPI_ISL_417202)
Align target 636 (hCoV-19_Wales_PHWC-26C00_2020_EPI_ISL_422103)
Align target 637 (hCoV-19_Spain_Valencia581_2020_EPI_ISL_447511_2020-03-28)
Align target 638 (hCoV-19_Scotland_EDB099_2020_EPI_ISL_425889)
Align target 639 (hCoV-19_Wales_PHWC-2A4B9_2020_EPI_ISL_445573_2020-04-06)
Align target 640 (hCoV-19_Indonesia_JKT-EIJK07_2020_EPI_ISL_467376_2020-04-24)
Align target 641 (hCoV-19_Canada_ON_MU-S7_2020_EPI_ISL_463993_2020-03-13)
Align target 642 (hCoV-19_England_BRIS-122948_2020_EPI_ISL_440674_2020-04-02)
Align target 643 (hCoV-19_USA_NY-NYUMC609_2020_EPI_ISL_444726_2020-04-02)
Align target 644 (hCoV-19_England_CAMB-72D5D_2020_EPI_ISL_439958_2020-03-23)
Align target 645 (hCoV-19_England_OXON-AEEDD_2020_EPI_ISL_448793_2020-04-08)
Align target 646 (hCoV-19_England_20144063304_2020_EPI_ISL_466004_2020-03-31)
Align target 647 (hCoV-19_Portugal_PT0283a_2020_EPI_ISL_453997_2020-04-16)
Align target 648 (hCoV-19_USA_LA-EVTL090_2020_EPI_ISL_451251_2020-05-09)
Align target 649 (hCoV-19_England_201090791_2020_EPI_ISL_464605_2020-03-05)
Align target 650 (hCoV-19_England_LIVE-9EC12_2020_EPI_ISL_453377_2020-04-03)
Align target 651 (hCoV-19_Greece_137_2020_EPI_ISL_434474_2020-03-11)
Align target 652 (hCoV-19_Netherlands_ZuidHolland_177_2020_EPI_ISL_461349_2020-04-16)
Align target 653 (hCoV-19_Netherlands_NA_73_2020_EPI_ISL_422833)
Align target 654 (hCoV-19_England_CAMB-82E93_2020_EPI_ISL_443356_2020-04-12)
Align target 655 (hCoV-19_England_20134016902_2020_EPI_ISL_423092)
Align target 656 (hCoV-19_England_20144075604_2020_EPI_ISL_423569)
Align target 657 (hCoV-19_USA_PA-MGEL128_2020_EPI_ISL_454397_2020)
Align target 658 (hCoV-19_Spain_COV001549_2020_EPI_ISL_467119_2020-03-16)
Align target 659 (hCoV-19_Wales_PHWC-28B2F_2020_EPI_ISL_445404_2020-04-03)
Align target 660 (hCoV-19_Kenya_P3121_2020_EPI_ISL_457902_2020-04)
Align target 661 (hCoV-19_England_20129177404_2020_EPI_ISL_424161)
Align target 662 (hCoV-19_Australia_VIC1608_2020_EPI_ISL_456519_2020-05-12)
Align target 663 (hCoV-19_England_20134018602_2020_EPI_ISL_423099)
Align target 664 (hCoV-19_Wales_PHWC-31A9F_2020_EPI_ISL_446523_2020-04-11)
Align target 665 (hCoV-19_England_CAMB-798CE_2020_EPI_ISL_441796_2020-04-01)
Align target 666 (hCoV-19_England_CAMB-1AFB4D_2020_EPI_ISL_459177_2020-05-02)
Align target 667 (hCoV-19_USA_VA-DCLS-0247_2020_EPI_ISL_452821_2020-04-16)
Align target 668 (hCoV-19_Netherlands_NoordHolland_12_2020_EPI_ISL_460793_2020-03-30)
Align target 669 (hCoV-19_Wales_PHWC-2EAC2_2020_EPI_ISL_446111_2020-04-07)
Align target 670 (hCoV-19_USA_NY-PV08468_2020_EPI_ISL_421412)
Align target 671 (hCoV-19_USA_CA-SR0399_2020_EPI_ISL_458272_2020-04-21)
Align target 672 (hCoV-19_Scotland_EDB089_2020_EPI_ISL_425880)
Align target 673 (hCoV-19_England_CAMB-1ADBF4_2020_EPI_ISL_448047_2020-05-04)
Align target 674 (hCoV-19_Beijing_233_2020_EPI_ISL_413520)
Align target 675 (hCoV-19_Netherlands_Gelderland_28_2020_EPI_ISL_460928_2020-04-17)
Align target 676 (hCoV-19_Brazil_SPBR-147_2020_EPI_ISL_468312_2020-03-26)
Align target 677 (hCoV-19_USA_WI-119_2020_EPI_ISL_425176)
Align target 678 (hCoV-19_England_NORW-E9094_2020_EPI_ISL_461816_2020-04-29)
Align target 679 (hCoV-19_Kenya_P2478_2020_EPI_ISL_457881_2020-04)
Align target 680 (hCoV-19_Denmark_ALAB-HH-144_2020_EPI_ISL_452023_2020-03-11)
Align target 681 (hCoV-19_USA_NY-PV09387_2020_EPI_ISL_450069_2020-03-19)
Align target 682 (hCoV-19_Netherlands_NA_119_2020_EPI_ISL_422666)
Align target 683 (hCoV-19_Denmark_ALAB-HH77_2020_EPI_ISL_429318)
Align target 684 (hCoV-19_Germany_BAV-MVP0107_2020_EPI_ISL_437297_2020-04-13)
Align target 685 (hCoV-19_England_NOTT-1108C8_2020_EPI_ISL_441874_2020-04-29)
Align target 686 (hCoV-19_England_CAMB-7A854_2020_EPI_ISL_441134_2020-04-02)
Align target 687 (hCoV-19_Sweden_20-50285_2020_EPI_ISL_454898_2020-03-10)
Align target 688 (hCoV-19_Switzerland_110452_2020_EPI_ISL_451872_2020-04-07)
Align target 689 (hCoV-19_India_MaxCov0020_CSIR-IGIB_2020_EPI_ISL_459922_2020-05-10)
Align target 690 (hCoV-19_Wales_PHWC-2C639_2020_EPI_ISL_445887_2020-03-31)
Align target 691 (hCoV-19_USA_GA-CDC-4518_2020_EPI_ISL_450801_2020-04-02)
Align target 692 (hCoV-19_Scotland_EDB3554_2020_EPI_ISL_439282_2020-04-14)
Align target 693 (hCoV-19_USA_WA-UW-1302_2020_EPI_ISL_422967)
Align target 694 (hCoV-19_Iceland_571_2020_EPI_ISL_424591)
Align target 695 (hCoV-19_USA_NY-WCMP11E09P_2020_EPI_ISL_427594)
Align target 696 (hCoV-19_England_CAMB-83ECF_2020_EPI_ISL_438706_2020-04-26)
Align target 697 (hCoV-19_China_Shaoxing-05_2020_EPI_ISL_463897_2020-01-31)
Align target 698 (hCoV-19_Australia_NSW248_2020_EPI_ISL_451513_2020-03-29)
Align target 699 (hCoV-19_Australia_VIC36_2020_EPI_ISL_419765)
Align target 700 (hCoV-19_Netherlands_ZuidHolland_124_2020_EPI_ISL_461297_2020-04-23)
Align target 701 (hCoV-19_England_SHEF-C3FDF_2020_EPI_ISL_441957_2020-04-08)
Align target 702 (hCoV-19_England_CAMB-8369A_2020_EPI_ISL_443636_2020-04-14)
Align target 703 (hCoV-19_Wales_PHWC-25A25_2020_EPI_ISL_422277)
Align target 704 (hCoV-19_England_CAMB-7CB95_2020_EPI_ISL_442188_2020-04-05)
Align target 705 (hCoV-19_Wales_PHWC-276F2_2020_EPI_ISL_432032_2020-03-31)
Align target 706 (hCoV-19_England_LIVE-9A399_2020_EPI_ISL_440859_2020-04-16)
Align target 707 (hCoV-19_Norway_1867_2020_EPI_ISL_420141)
Align target 708 (hCoV-19_England_NOTT-10FB87_2020_EPI_ISL_432693_2020-04-07)
Align target 709 (hCoV-19_Denmark_ALAB-HH-252_2020_EPI_ISL_452089_2020-04-26)
Align target 710 (hCoV-19_Belgium_CCM-0324167_2020_EPI_ISL_420424)
Align target 711 (hCoV-19_USA_CA-SR0382_2020_EPI_ISL_458262_2020-04-01)
Align target 712 (hCoV-19_England_NORW-E797D_2020_EPI_ISL_449085_2020-05-05)
Align target 713 (hCoV-19_Beijing_DT-travelES04_2020_EPI_ISL_452346_2020-03-19)
Align target 714 (hCoV-19_Portugal_PT0359_2020_EPI_ISL_454075_2020-03-19)
Align target 715 (hCoV-19_India_NIV-9314_2020_EPI_ISL_454558_2020-04-13)
Align target 716 (hCoV-19_USA_NY-PV08461_2020_EPI_ISL_421407)
Align target 717 (hCoV-19_Iceland_586_2020_EPI_ISL_424606)
Align target 718 (hCoV-19_USA_CA-SR0388_2020_EPI_ISL_458267_2020-04-10)
Align target 719 (hCoV-19_England_201080003_2020_EPI_ISL_464418_2020-03-05)
Align target 720 (hCoV-19_DK_ALAB-SSI-243_2020_EPI_ISL_437658_2020-03-10)
Align target 721 (hCoV-19_USA_LA-BIE-076_2020_EPI_ISL_436944_2020-04-06)
Align target 722 (hCoV-19_England_OXON-ADFBD_2020_EPI_ISL_448652_2020)
Align target 723 (hCoV-19_USA_NM-UNM-00136_2020_EPI_ISL_467563_2020-04-03)
Align target 724 (hCoV-19_England_CAMB-7A04D_2020_EPI_ISL_441337_2020-04-02)
Align target 725 (hCoV-19_Netherlands_NA_132_2020_EPI_ISL_422676)
Align target 726 (hCoV-19_SouthAfrica_Tygerberg_31_2020_EPI_ISL_464142_2020-03-29)
Align target 727 (hCoV-19_Canada_ON-UHTC_0015_2020_EPI_ISL_464053_2020-03-28)
Align target 728 (hCoV-19_India_CCMB_L1062_2020_EPI_ISL_458051_2020-05-12)
Align target 729 (hCoV-19_Luxembourg_LNS3660996_2020_EPI_ISL_459896_2020-05-14)
Align target 730 (hCoV-19_England_CAMB-7CB3B_2020_EPI_ISL_442082_2020-04-06)
Align target 731 (hCoV-19_USA_WI-UW-285_2020_EPI_ISL_436579_2020-04-06)
Align target 732 (hCoV-19_England_NORW-EBD13_2020_EPI_ISL_457502_2020-05-01)
Align target 733 (hCoV-19_England_201041387_2020_EPI_ISL_464347_2020-03-02)
Align target 734 (hCoV-19_USA_WA_0484_2020_EPI_ISL_426451)
Align target 735 (hCoV-19_USA_MA-MGH-00091_2020_EPI_ISL_460348_2020-03-26)
Align target 736 (hCoV-19_Denmark_ALAB-HH-265_2020_EPI_ISL_452096_2020-04-14)
Align target 737 (hCoV-19_England_CAMB-80F1A_2020_EPI_ISL_444447_2020-04-16)
Align target 738 (hCoV-19_USA_LA-EVTL119_2020_EPI_ISL_451280_2020-05-07)
Align target 739 (hCoV-19_India_NIV-2810_2020_EPI_ISL_452202_2020-03-16)
Align target 740 (hCoV-19_England_BRIS-129E51_2020_EPI_ISL_458507_2020-04-15)
Align target 741 (hCoV-19_England_SHEF-C76E5_2020_EPI_ISL_432844_2020-03-30)
Align target 742 (hCoV-19_Canada_BC_11180253_2020_EPI_ISL_467319_2020-04)
Align target 743 (hCoV-19_Spain_COV001434_2020_EPI_ISL_467095_2020-03-17)
Align target 744 (hCoV-19_Wales_PHWC-32B40_2020_EPI_ISL_446654_2020-04-14)
Align target 745 (hCoV-19_Scotland_EDB884_2020_EPI_ISL_433263_2020-04-04)
Align target 746 (hCoV-19_Luxembourg_LNS9579356_2020_EPI_ISL_429708)
Align target 747 (hCoV-19_England_20109007604_2020_EPI_ISL_464530_2020-03-03)
Align target 748 (hCoV-19_Russia_Moscow-67609_2020_EPI_ISL_428882)
Align target 749 (hCoV-19_Wales_PHWC-2B175_2020_EPI_ISL_431904_2020-04-07)
Align target 750 (hCoV-19_Switzerland_120223_2020_EPI_ISL_468285_2020-04-30)
Align target 751 (hCoV-19_England_20129174704_2020_EPI_ISL_424151)
Align target 752 (hCoV-19_Wales_PHWC-3374B_2020_EPI_ISL_446743_2020-04-17)
Align target 753 (hCoV-19_USA_MA-QDX-127_2020_EPI_ISL_467851_2020-03-13)
Align target 754 (hCoV-19_England_CAMB-72CBA_2020_EPI_ISL_440048_2020-03-22)
Align target 755 (hCoV-19_England_LIVE-9F534_2020_EPI_ISL_457261_2020-05-07)
Align target 756 (hCoV-19_England_20208072004_2020_EPI_ISL_465671_2020-05-15)
Align target 757 (hCoV-19_England_20120038204_2020_EPI_ISL_465720_2020-03-14)
Align target 758 (hCoV-19_Scotland_EDB4323_2020_EPI_ISL_453120_2020-04-24)
Align target 759 (hCoV-19_USA_WA-S646_2020_EPI_ISL_438199_2020-04-19)
Align target 760 (hCoV-19_Belgium_ULG-10007_2020_EPI_ISL_421186)
Align target 761 (hCoV-19_England_20138019404_2020_EPI_ISL_423293)
Align target 762 (hCoV-19_England_20118102304_2020_EPI_ISL_464947_2020-03-10)
Align target 763 (hCoV-19_Netherlands_Zeeland_26_2020_EPI_ISL_461264_2020-03-27)
Align target 764 (hCoV-19_USA_VA-DCLS-0006_2020_EPI_ISL_419257)
Align target 765 (hCoV-19_USA_WA-UW-4068_2020_EPI_ISL_427238)
Align target 766 (hCoV-19_England_EXET-135BC4_2020_EPI_ISL_457143_2020-04-10)
Align target 767 (hCoV-19_Australia_SAP012_2020_EPI_ISL_468041_2020-03-31)
Align target 768 (hCoV-19_France_IDF3218_2020_EPI_ISL_420062)
Align target 769 (hCoV-19_England_OXON-AC491_2020_EPI_ISL_448453_2020-04-05)
Align target 770 (hCoV-19_USA_MA-MGH-00161_2020_EPI_ISL_460183_2020-03-26)
Align target 771 (hCoV-19_England_BRIS-122D5B_2020_EPI_ISL_440672_2020-04-02)
Align target 772 (hCoV-19_England_OXON-AE972_2020_EPI_ISL_448738_2020)
Align target 773 (hCoV-19_Scotland_CVR2217_2020_EPI_ISL_448161_2020-04-12)
Align target 774 (hCoV-19_USA_WA-S831_2020_EPI_ISL_450001_2020-04-16)
Align target 775 (hCoV-19_Iceland_408_2020_EPI_ISL_424432)
Align target 776 (hCoV-19_Scotland_CVR1956_2020_EPI_ISL_448140_2020-04-08)
Align target 777 (hCoV-19_Australia_VIC1057_2020_EPI_ISL_430668)
Align target 778 (hCoV-19_Australia_VIC1606_2020_EPI_ISL_456517_2020-05-12)
Align target 779 (hCoV-19_England_BRIS-12275D_2020_EPI_ISL_440721_2020-04-05)
Align target 780 (hCoV-19_USA_CA-CZBRR057IX00142_2020_EPI_ISL_429014)
Align target 781 (hCoV-19_USA_WA-UW-4338_2020_EPI_ISL_430943_2020-03-30)
Align target 782 (hCoV-19_Scotland_GCVR-1711AC_2020_EPI_ISL_459719_2020-03-26)
Align target 783 (hCoV-19_England_LIVE-9B4B3_2020_EPI_ISL_449451_2020-04-01)
Align target 784 (hCoV-19_Australia_VIC1609_2020_EPI_ISL_456520_2020-05-12)
Align target 785 (hCoV-19_England_NOTT-10F352_2020_EPI_ISL_432994_2020-04-01)
Align target 786 (hCoV-19_England_CAMB-84B30_2020_EPI_ISL_440528_2020-03-13)
Align target 787 (hCoV-19_England_20194106101_2020_EPI_ISL_465615_2020-05-05)
Align target 788 (hCoV-19_England_LIVE-9AC52_2020_EPI_ISL_449389_2020-03-31)
Align target 789 (hCoV-19_Portugal_PT0512_2020_EPI_ISL_454236_2020-03-20)
Align target 790 (hCoV-19_USA_MI-MDHHS-SC20425_2020_EPI_ISL_452299_2020-03-16)
Align target 791 (hCoV-19_England_20149007204_2020_EPI_ISL_466125_2020-03-30)
Align target 792 (hCoV-19_England_20119076104_2020_EPI_ISL_465105_2020-03-14)
Align target 793 (hCoV-19_Sweden_20-50100_2020_EPI_ISL_455853_2020-03-03)
Align target 794 (hCoV-19_England_NOTT-10F914_2020_EPI_ISL_433060_2020-04-04)
Align target 795 (hCoV-19_Australia_VIC852_2020_EPI_ISL_427112)
Align target 796 (hCoV-19_England_SHEF-D2438_2020_EPI_ISL_453771_2020-04-16)
Align target 797 (hCoV-19_USA_CA-SR0230_2020_EPI_ISL_437573_2020-04-24)
Align target 798 (hCoV-19_England_20126002304_2020_EPI_ISL_423870)
Align target 799 (hCoV-19_Scotland_EDB787_2020_EPI_ISL_433243_2020-04-03)
Align target 800 (hCoV-19_Wales_PHWC-2F065_2020_EPI_ISL_446193_2020-04-06)
Align target 801 (hCoV-19_DRC_2121_2020_EPI_ISL_435164_2020-04-12)
Align target 802 (hCoV-19_India_CCMB_C16_2020_EPI_ISL_458039_2020-05-06)
Align target 803 (hCoV-19_Canada_BC_20639310_2020_EPI_ISL_462777_2020-03)
Align target 804 (hCoV-19_England_CAMB-75CE4_2020_EPI_ISL_438292_2020-03-29)
Align target 805 (hCoV-19_Scotland_CVR2890_2020_EPI_ISL_453084_2020-04-21)
Align target 806 (hCoV-19_Australia_VIC1235_2020_EPI_ISL_430512)
Align target 807 (hCoV-19_Wales_PHWC-29FAA_2020_EPI_ISL_432343_2020-04-03)
Align target 808 (hCoV-19_Switzerland_42176229_2020_EPI_ISL_418282)
Align target 809 (hCoV-19_England_LOND-D3FEB_2020_EPI_ISL_444081_2020-04-04)
Align target 810 (hCoV-19_USA_WA-S609_2020_EPI_ISL_438162_2020-04-23)
Align target 811 (hCoV-19_England_NOTT-111047_2020_EPI_ISL_453619_2020-05-05)
Align target 812 (hCoV-19_England_20122088102_2020_EPI_ISL_418678)
Align target 813 (hCoV-19_England_20100010304_2020_EPI_ISL_464256_2020-03-01)
Align target 814 (hCoV-19_Denmark_ALAB-SSI-676_2020_EPI_ISL_437036_2020-03-27)
Align target 815 (hCoV-19_England_20168005004_2020_EPI_ISL_466598_2020-04-17)
Align target 816 (hCoV-19_Israel_130711116_2020_EPI_ISL_447453_2020-04-21)
Align target 817 (hCoV-19_Denmark_ALAB-HH-108_2020_EPI_ISL_451993_2020-03-09)
Align target 818 (hCoV-19_England_20132001104_2020_EPI_ISL_423704)
Align target 819 (hCoV-19_Australia_VIC189_2020_EPI_ISL_419885)
Align target 820 (hCoV-19_Australia_VIC588_2020_EPI_ISL_426845)
Align target 821 (hCoV-19_Singapore_24_2020_EPI_ISL_420101)
Align target 822 (hCoV-19_Sweden_20-07571_2020_EPI_ISL_445234_2020-04-20)
Align target 823 (hCoV-19_England_20100001204_2020_EPI_ISL_464241_2020-03-01)
Align target 824 (hCoV-19_England_OXON-AE21D_2020_EPI_ISL_448673_2020)
Align target 825 (hCoV-19_USA_FL-UF5_2020_EPI_ISL_447589_2020-03-27)
Align target 826 (hCoV-19_Iceland_78_2020_EPI_ISL_417863)
Align target 827 (hCoV-19_Australia_VIC1406_2020_EPI_ISL_456423_2020-04-16)
Align target 828 (hCoV-19_Denmark_ALAB-SSI219_2020_EPI_ISL_429409)
Align target 829 (hCoV-19_England_CAMB-751D6_2020_EPI_ISL_440374_2020-03-19)
Align target 830 (hCoV-19_Wuhan_HB-WH4-197_2020_EPI_ISL_454951_2020-03-25)
Align target 831 (hCoV-19_Greece_251_32400_2020_EPI_ISL_437901_2020-03-11)
Align target 832 (hCoV-19_Scotland_EDB2462_2020_EPI_ISL_439214_2020-04-23)
Align target 833 (hCoV-19_England_CAMB-7F28E_2020_EPI_ISL_442868_2020-04-08)
Align target 834 (hCoV-19_England_CAMB-76B8C_2020_EPI_ISL_438294_2020-03-29)
Align target 835 (hCoV-19_England_CAMB-7A4AB_2020_EPI_ISL_440571_2020-04-02)
Align target 836 (hCoV-19_Iceland_445_2020_EPI_ISL_424469)
Align target 837 (hCoV-19_England_OXON-AEBD6_2020_EPI_ISL_448767_2020)
Align target 838 (hCoV-19_Wuhan_YB012611_2020_EPI_ISL_450501_2020-01-26)
Align target 839 (hCoV-19_USA_NY-NYUMC617_2020_EPI_ISL_444734_2020-04-02)
Align target 840 (hCoV-19_England_SHEF-C250B_2020_EPI_ISL_441929_2020-03-25)
Align target 841 (hCoV-19_Switzerland_101129_2020_EPI_ISL_451796_2020-03-30)
Align target 842 (hCoV-19_Russia_StPetersburg-RII6056S_2020_EPI_ISL_430106)
Align target 843 (hCoV-19_USA_WA-S110_2020_EPI_ISL_417163)
Align target 844 (hCoV-19_England_CAMB-1B0763_2020_EPI_ISL_452919_2020-05-07)
Align target 845 (hCoV-19_England_CAMB-7A0B6_2020_EPI_ISL_440556_2020-04-02)
Align target 846 (hCoV-19_Wales_PHWC-34610_2020_EPI_ISL_446949_2020-04-21)
Align target 847 (hCoV-19_USA_CA-CZB-1278_2020_EPI_ISL_454636_2020-03-27)
Align target 848 (hCoV-19_England_OXON-AE65D_2020_EPI_ISL_448708_2020)
Align target 849 (hCoV-19_USA_AZ-TGEN-TG269440_2020_EPI_ISL_426525)
Align target 850 (hCoV-19_England_LOND-D5514_2020_EPI_ISL_444229_2020-04-16)
Align target 851 (hCoV-19_Belgium_Rega-0329238_2020_EPI_ISL_458208_2020-03-29)
Align target 852 (hCoV-19_England_OXON-AEB9A_2020_EPI_ISL_448763_2020)
Align target 853 (hCoV-19_USA_NY-PV09489_2020_EPI_ISL_450161_2020-03-20)
Align target 854 (hCoV-19_England_EXET-135DBF_2020_EPI_ISL_457166_2020-04-03)
Align target 855 (hCoV-19_Scotland_EDB4733_2020_EPI_ISL_453140_2020-04-27)
Align target 856 (hCoV-19_Australia_NSW213_2020_EPI_ISL_427726)
Align target 857 (hCoV-19_USA_LA-EVTL148_2020_EPI_ISL_455991_2020-03-26)
Align target 858 (hCoV-19_England_20142012804_2020_EPI_ISL_423429)
Align target 859 (hCoV-19_Australia_VIC29_2020_EPI_ISL_419748)
Align target 860 (hCoV-19_Australia_NSW317_2020_EPI_ISL_451580_2020-03-31)
Align target 861 (hCoV-19_England_LIVE-9D105_2020_EPI_ISL_449601_2020-04-06)
Align target 862 (hCoV-19_USA_WA-S726_2020_EPI_ISL_449896_2020-04-11)
Align target 863 (hCoV-19_Australia_NSW353_2020_EPI_ISL_451614_2020-04-17)
Align target 864 (hCoV-19_England_EXET-13564B_2020_EPI_ISL_457080_2020-04-03)
Align target 865 (hCoV-19_USA_MA-MGH-00588_2020_EPI_ISL_460115_2020-03-28)
Align target 866 (hCoV-19_USA_NY-NYUMC215_2020_EPI_ISL_427510)
Align target 867 (hCoV-19_England_EXET-135BA6_2020_EPI_ISL_457141_2020-04-09)
Align target 868 (hCoV-19_England_CAMB-8367C_2020_EPI_ISL_443397_2020-04-15)
Align target 869 (hCov-19_Russia_SCPM-O-08_2020_EPI_ISL_451970_2020-03-22)
Align target 870 (hCoV-19_Japan_DP0544_2020_EPI_ISL_416608)
Align target 871 (hCoV-19_England_NORW-E8F89_2020_EPI_ISL_453570_2020-04-24)
Align target 872 (hCoV-19_Spain_COV000695_2020_EPI_ISL_452769_2020-03-05)
