Align target 0 (hCoV-19_England_CAMB-1B32F6_2020_EPI_ISL_461555_2020-05-25)
Align target 1 (hCoV-19_England_20129011104_2020_EPI_ISL_423988)
Align target 2 (hCoV-19_Belgium_VA-0327319_2020_EPI_ISL_462173_2020-03-27)
Align target 3 (hCoV-19_Netherlands_NA_480_2020_EPI_ISL_455282_2020-03-27)
Align target 4 (hCoV-19_USA_NC_200217_2020_EPI_ISL_454796_2020-04)
Align target 5 (hCoV-19_England_CAMB-758E0_2020_EPI_ISL_440361_2020-03-19)
Align target 6 (hCoV-19_Germany_BAV-MVP0294_2020_EPI_ISL_466924_2020-05-26)
Align target 7 (hCoV-19_Russia_StPetersburg-RII6790V_2020_EPI_ISL_450243_2020-04-16)
Align target 8 (hCoV-19_USA_WI-GMF-02263_2020_EPI_ISL_436896_2020-05-02)
Align target 9 (hCoV-19_England_NOTT-10EB3D_2020_EPI_ISL_425643)
Align target 10 (hCoV-19_USA_MI-MDHHS-SC20337_2020_EPI_ISL_450616_2020-03-24)
Align target 11 (hCoV-19_England_SHEF-D20CB_2020_EPI_ISL_432646_2020-04-05)
Align target 12 (hCoV-19_Scotland_CVR1263_2020_EPI_ISL_438783_2020-03-31)
Align target 13 (hCoV-19_Luxembourg_LNS8323413_2020_EPI_ISL_429788)
Align target 14 (hCoV-19_England_20189026604_2020_EPI_ISL_465526_2020-04-27)
Align target 15 (hCoV-19_USA_IL-NM083_2020_EPI_ISL_444574_2020-03-19)
Align target 16 (hCoV-19_Shanghai_SH0038_2020_EPI_ISL_416347)
Align target 17 (hCoV-19_Australia_NSW522_2020_EPI_ISL_455062_2020-04-30)
Align target 18 (hCoV-19_USA_MI-MDHHS-SC20325_2020_EPI_ISL_450604_2020-03-15)
Align target 19 (hCoV-19_England_CAMB-793FA_2020_EPI_ISL_441059_2020-04-03)
Align target 20 (hCoV-19_USA_CA-CZB-1081_2020_EPI_ISL_437081_2020-04-25)
Align target 21 (hCoV-19_England_20166058104_2020_EPI_ISL_466555_2020-04-16)
Align target 22 (hCoV-19_England_SHEF-C7409_2020_EPI_ISL_462030_2020-05-16)
Align target 23 (hCoV-19_England_20138080104_2020_EPI_ISL_423325)
Align target 24 (hCoV-19_Russia_StPetersburg-RII6251S_2020_EPI_ISL_450241_2020-04-15)
Align target 25 (hCoV-19_Switzerland_100059_2020_EPI_ISL_466981_2020-03-12)
Align target 26 (hCoV-19_Portugal_PT0478_2020_EPI_ISL_454202_2020-03-25)
Align target 27 (hCoV-19_England_CAMB-75DF0_2020_EPI_ISL_438491_2020-03-29)
Align target 28 (hCoV-19_Switzerland_100813_2020_EPI_ISL_451763_2020-03-26)
Align target 29 (hCoV-19_Sweden_20-07651_2020_EPI_ISL_445236_2020-04-21)
Align target 30 (hCoV-19_England_CAMB-76DB3_2020_EPI_ISL_425428)
Align target 31 (hCoV-19_England_201101355_2020_EPI_ISL_464652_2020-03-07)
Align target 32 (hCoV-19_USA_MI-MDHHS-SC20099_2020_EPI_ISL_437186_2020-03-30)
Align target 33 (hCoV-19_Germany_BAV-MVP0012_2020_EPI_ISL_437213_2020-04-05)
Align target 34 (hCoV-19_England_LIVE-9BF3A_2020_EPI_ISL_449490_2020-03-26)
Align target 35 (hCoV-19_England_20166068304_2020_EPI_ISL_466571_2020-04-15)
Align target 36 (hCoV-19_Australia_NSW41_2020_EPI_ISL_417399)
Align target 37 (hCoV-19_USA_UT-00016_2020_EPI_ISL_417966)
Align target 38 (hCoV-19_USA_WA-UW-4611_2020_EPI_ISL_429613)
Align target 39 (hCoV-19_USA_CT-Yale-206_2020_EPI_ISL_463144_2020-03-30)
Align target 40 (hCoV-19_England_BRIS-1223E0_2020_EPI_ISL_440758_2020-04-04)
Align target 41 (hCoV-19_Taiwan_NTU09_2020_EPI_ISL_422412)
Align target 42 (hCoV-19_Netherlands_NoordBrabant_1_2020_EPI_ISL_414428)
Align target 43 (hCoV-19_USA_WA-S479_2020_EPI_ISL_434239_2020-04-04)
Align target 44 (hCoV-19_England_BRIS-12480D_2020_EPI_ISL_444010_2020-03-25)
Align target 45 (hCoV-19_Belgium_Rega-0328198_2020_EPI_ISL_458168_2020-03-28)
Align target 46 (hCoV-19_Australia_NSW120_2020_EPI_ISL_427679)
Align target 47 (hCoV-19_England_20118016806_2020_EPI_ISL_464890_2020-03-11)
Align target 48 (hCoV-19_Scotland_EDB2142_2020_EPI_ISL_439169_2020-04-20)
Align target 49 (hCoV-19_Wales_PHWC-24983_2020_EPI_ISL_420919)
Align target 50 (hCoV-19_Sichuan_SC-PHCC2-040_2020_EPI_ISL_451360_2020-01-24)
Align target 51 (hCoV-19_New_Zealand_20VR1076_2020_EPI_ISL_456187_2020-03-22)
Align target 52 (hCoV-19_England_SHEF-CC853_2020_EPI_ISL_442416_2020-04-09)
Align target 53 (hCoV-19_Australia_VIC149_2020_EPI_ISL_419846)
Align target 54 (hCoV-19_England_NORW-E9DCA_2020_EPI_ISL_448368_2020-05-02)
Align target 55 (hCoV-19_USA_WI-228_2020_EPI_ISL_428324)
Align target 56 (hCoV-19_England_CAMB-755AD_2020_EPI_ISL_433700_2020-03-12)
Align target 57 (hCoV-19_Scotland_CVR1450_2020_EPI_ISL_433590_2020-04-02)
Align target 58 (hCoV-19_Spain_96_19_2020_EPI_ISL_462999_2020-05-30)
Align target 59 (hCoV-19_Austria_CeMM0280_2020_EPI_ISL_438107_2020-03-25)
Align target 60 (hCoV-19_Scotland_CVR3162_2020_EPI_ISL_449196_2020-04-22)
Align target 61 (hCoV-19_Brunei_3_2020_EPI_ISL_435675_2020-03-11)
Align target 62 (hCoV-19_England_CAMB-7379A_2020_EPI_ISL_425236)
Align target 63 (hCoV-19_Scotland_CVR1336_2020_EPI_ISL_433545_2020-03-31)
Align target 64 (hCoV-19_USA_WA-S245_2020_EPI_ISL_430283)
Align target 65 (hCoV-19_England_SHEF-C7A8F_2020_EPI_ISL_442016_2020-03-26)
Align target 66 (hCoV-19_USA_MI-MDHHS-SC20153_2020_EPI_ISL_436830_2020-03-21)
Align target 67 (hCoV-19_Australia_VIC1038_2020_EPI_ISL_430534)
Align target 68 (hCoV-19_England_NORT-2891CE_2020_EPI_ISL_458584_2020-03-27)
Align target 69 (hCoV-19_Scotland_EDB1167_2020_EPI_ISL_433417_2020-04-08)
Align target 70 (hCoV-19_England_BRIS-122650_2020_EPI_ISL_440709_2020-04-05)
Align target 71 (hCoV-19_Iceland_451_2020_EPI_ISL_424475)
Align target 72 (hCoV-19_USA_CA-CZB-1272_2020_EPI_ISL_454609_2020-03-24)
Align target 73 (hCoV-19_Germany_BAV-MVP0097_2020_EPI_ISL_437289_2020-04-03)
Align target 74 (hCoV-19_USA_LA-EVTL065_2020_EPI_ISL_451226_2020-05-02)
Align target 75 (hCoV-19_England_CAMB-795C7_2020_EPI_ISL_441079_2020-04-03)
Align target 76 (hCoV-19_USA_FL-BPHL-0102_2020_EPI_ISL_445044_2020-04-28)
Align target 77 (hCoV-19_Spain_COV001088_2020_EPI_ISL_452598_2020-03-26)
Align target 78 (hCoV-19_Canada_BC_02887476_2020_EPI_ISL_466732_2020-04)
Align target 79 (hCoV-19_Belgium_Rega-0329220_2020_EPI_ISL_458190_2020-03-29)
Align target 80 (hCoV-19_England_20139031504_2020_EPI_ISL_421915)
Align target 81 (hCoV-19_India_CCMB_NIV1_2020_EPI_ISL_450321_2020-04-04)
Align target 82 (hCoV-19_England_LOND-D4C10_2020_EPI_ISL_449664_2020-04-14)
Align target 83 (hCoV-19_Philippines_RITM-01_2020_EPI_ISL_430838)
Align target 84 (hCoV-19_Colombia_GVI-97760_2020_EPI_ISL_447801_2020-04-04)
Align target 85 (hCoV-19_Wales_PHWC-24C8A_2020_EPI_ISL_420935)
Align target 86 (hCoV-19_Denmark_ALAB-HH-247_2020_EPI_ISL_452085_2020-04-23)
Align target 87 (hCoV-19_India_NCDC-01457_2020_EPI_ISL_435108_2020-03-15)
Align target 88 (hCoV-19_England_SHEF-C911F_2020_EPI_ISL_432465_2020-03-20)
Align target 89 (hCoV-19_JAM_JM-CDC-0078_2020_EPI_ISL_450792_2020-03-11)
Align target 90 (hCoV-19_USA_CA-CZBRR057IX00086_2020_EPI_ISL_429033)
Align target 91 (hCoV-19_USA_UT-QDX-151_2020_EPI_ISL_467914_2020-03-13)
Align target 92 (hCoV-19_Netherlands_Gelderland_72_2020_EPI_ISL_460971_2020-05-18)
Align target 93 (hCoV-19_USA_VA-DCLS-0169_2020_EPI_ISL_437802_2020-04-13)
Align target 94 (hCoV-19_USA_MA-MGH-00231_2020_EPI_ISL_460345_2020-04-06)
Align target 95 (hCoV-19_Australia_VIC47_2020_EPI_ISL_419759)
Align target 96 (hCoV-19_Switzerland_101193_2020_EPI_ISL_451855_2020-03-31)
Align target 97 (hCoV-19_USA_WI-259_2020_EPI_ISL_428935)
Align target 98 (hCoV-19_Scotland_EDB3653_2020_EPI_ISL_439305_2020-04-28)
Align target 99 (hCoV-19_Netherlands_NA_428_2020_EPI_ISL_455230_2020-04-06)
Align target 100 (hCoV-19_Netherlands_Gelderland_5_2020_EPI_ISL_422641)
Align target 101 (hCoV-19_Australia_NT08_2020_EPI_ISL_426634)
Align target 102 (hCoV-19_USA_MD-HP00094_2020_EPI_ISL_457759_2020-04-01)
Align target 103 (hCoV-19_Timor-Leste_TL10_2020_EPI_ISL_456603_2020-04-12)
Align target 104 (hCoV-19_Italy_TE6572_2020_EPI_ISL_429232)
Align target 105 (hCoV-19_USA_NC_200229_2020_EPI_ISL_454829_2020-04)
Align target 106 (hCoV-19_Scotland_EDB5109_2020_EPI_ISL_453189_2020-03-30)
Align target 107 (hCoV-19_Austria_CeMM0191_2020_EPI_ISL_438032_2020-03-13)
Align target 108 (hCoV-19_Wales_PHWC-26ABB_2020_EPI_ISL_422283)
Align target 109 (hCoV-19_New_Zealand_20VR1837_2020_EPI_ISL_456278_2020-03-29)
Align target 110 (hCoV-19_Northern_Ireland_NIRE-FB615_2020_EPI_ISL_448958_2020-03-29)
Align target 111 (hCoV-19_England_LOND-D38B3_2020_EPI_ISL_441002_2020-04-02)
Align target 112 (hCoV-19_England_201420843_2020_EPI_ISL_465947_2020-03-30)
Align target 113 (hCoV-19_England_SHEF-C769A_2020_EPI_ISL_442010_2020-04-15)
Align target 114 (hCoV-19_Netherlands_Utrecht_37_2020_EPI_ISL_461235_2020-04-12)
Align target 115 (hCoV-19_Bosnia-and-Herzegovina_ChVir7382_2020_EPI_ISL_462472_2020-04-01)
Align target 116 (hCoV-19_England_CAMB-83014_2020_EPI_ISL_443612_2020-04-14)
Align target 117 (hCoV-19_England_SHEF-C8AE8_2020_EPI_ISL_432456_2020-04-05)
Align target 118 (hCoV-19_Switzerland_GE5007_2020_EPI_ISL_429206)
Align target 119 (hCoV-19_Luxembourg_LNS4271201_2020_EPI_ISL_428951)
Align target 120 (hCoV-19_England_NORW-E94A7_2020_EPI_ISL_448316_2020-04-22)
Align target 121 (hCoV-19_England_NORW-E8A00_2020_EPI_ISL_448263_2020)
Align target 122 (hCoV-19_England_NORT-28A7DA_2020_EPI_ISL_457308_2020-04-13)
Align target 123 (hCoV-19_Netherlands_NoordHolland_10_2020_EPI_ISL_460791_2020-04-01)
Align target 124 (hCoV-19_Wales_PHWC-2518A_2020_EPI_ISL_420980)
Align target 125 (hCoV-19_Canada_BC_03471188_2020_EPI_ISL_466750_2020-04)
Align target 126 (hCoV-19_England_SHEF-C5C5E_2020_EPI_ISL_441982_2020-04-09)
Align target 127 (hCoV-19_Germany_NRW-04_2020_EPI_ISL_414499)
Align target 128 (hCoV-19_England_CAMB-72D20_2020_EPI_ISL_440120_2020-03-22)
Align target 129 (hCoV-19_Scotland_CVR2367_2020_EPI_ISL_438893_2020-04-14)
Align target 130 (hCoV-19_England_LIVE-9EADC_2020_EPI_ISL_453364_2020-04-05)
Align target 131 (hCoV-19_Australia_NSW332_2020_EPI_ISL_451594_2020-04-11)
Align target 132 (hCoV-19_Scotland_EDB3895_2020_EPI_ISL_439359_2020-05-01)
Align target 133 (hCoV-19_Wales_PHWC-246C8_2020_EPI_ISL_419441)
Align target 134 (hCoV-19_Thailand_NIH-1889_2020_EPI_ISL_434697_2020-03-03)
Align target 135 (hCoV-19_USA_WA-S924_2020_EPI_ISL_463414_2020-04-26)
Align target 136 (hCoV-19_England_OXON-AD973_2020_EPI_ISL_448605_2020)
Align target 137 (hCoV-19_USA_CruiseA-1_2020_EPI_ISL_413606)
Align target 138 (hCoV-19_Denmark_ALAB-SSI454_2020_EPI_ISL_429539)
Align target 139 (hCoV-19_Australia_VIC757_2020_EPI_ISL_427034)
Align target 140 (hCoV-19_Australia_VIC19_2020_EPI_ISL_419738)
Align target 141 (hCoV-19_England_SHEF-D15DC_2020_EPI_ISL_432632_2020-03-30)
Align target 142 (hCoV-19_Australia_VIC261_2020_EPI_ISL_419954)
Align target 143 (hCoV-19_England_BRIS-123A9F_2020_EPI_ISL_442702_2020-04-07)
Align target 144 (hCoV-19_Scotland_GCVR-173BF7_2020_EPI_ISL_459146_2020-04-07)
Align target 145 (hCoV-19_Spain_COV001468_2020_EPI_ISL_467117_2020-03-17)
Align target 146 (hCoV-19_USA_PA_2887_2020_EPI_ISL_426434)
Align target 147 (hCoV-19_USA_WA-S649_2020_EPI_ISL_438202_2020-04-19)
Align target 148 (hCoV-19_France_IDF3324_2020_EPI_ISL_421512)
Align target 149 (hCoV-19_USA_FL-BPHL-035_2020_EPI_ISL_436539_2020-04-16)
Align target 150 (hCoV-19_Scotland_EDB3369_2020_EPI_ISL_456915_2020-04-09)
Align target 151 (hCoV-19_Wales_PHWC-27AF6_2020_EPI_ISL_432121_2020-03-30)
Align target 152 (hCoV-19_Saudi_Arabia_KAUST-MAKKAH225_2020_EPI_ISL_437722_2020-04-16)
Align target 153 (hCoV-19_USA_AZ-TGEN-TG270152_2020_EPI_ISL_426532)
Align target 154 (hCoV-19_England_20169016504_2020_EPI_ISL_465201_2020-04-17)
Align target 155 (hCoV-19_Singapore_65_2020_EPI_ISL_428844)
Align target 156 (hCoV-19_England_201090928_2020_EPI_ISL_464609_2020-03-06)
Align target 157 (hCoV-19_England_20144063304_2020_EPI_ISL_466004_2020-03-31)
Align target 158 (hCoV-19_England_20140071104_2020_EPI_ISL_423411)
Align target 159 (hCoV-19_England_CAMB-1B2E5D_2020_EPI_ISL_461546_2020-05-26)
Align target 160 (hCoV-19_NewZealand_CoV001_2020_EPI_ISL_417211)
Align target 161 (hCoV-19_Denmark_ALAB-HH-153_2020_EPI_ISL_452028_2020-03-19)
Align target 162 (hCoV-19_Sichuan_SC-GA-064_2020_EPI_ISL_451315_2020-01-30)
Align target 163 (hCoV-19_England_SHEF-CDE8D_2020_EPI_ISL_453756_2020-04-23)
Align target 164 (hCoV-19_England_LIVE-9ECC7_2020_EPI_ISL_453386_2020-04-04)
Align target 165 (hCoV-19_Scotland_CVR1678_2020_EPI_ISL_433652_2020-04-05)
Align target 166 (hCoV-19_England_NOTT-10FA5D_2020_EPI_ISL_432677_2020-04-05)
Align target 167 (hCoV-19_England_BRIS-122113_2020_EPI_ISL_440118_2020-03-22)
Align target 168 (hCoV-19_Russia_StPetersburg_RII4693S_2020_EPI_ISL_427325)
Align target 169 (hCoV-19_England_BRIS-121BDA_2020_EPI_ISL_440206_2020-03-17)
Align target 170 (hCoV-19_Kazakhstan_26508_2020_EPI_ISL_454589_2020-04-26)
Align target 171 (hCoV-19_USA_WA-S51_2020_EPI_ISL_417104)
Align target 172 (hCoV-19_Scotland_CVR1452_2020_EPI_ISL_433591_2020-04-02)
Align target 173 (hCoV-19_Australia_VIC358_2020_EPI_ISL_426666)
Align target 174 (hCoV-19_Israel_130711082_2020_EPI_ISL_447456_2020-04-20)
Align target 175 (hCoV-19_Kazakhstan_22001_2020_EPI_ISL_454582_2020-04-23)
Align target 176 (hCoV-19_England_BRIS-121ADD_2020_EPI_ISL_440153_2020-03-30)
Align target 177 (hCoV-19_Australia_VIC481_2020_EPI_ISL_426912)
Align target 178 (hCoV-19_Brazil_RJ-2776_2020_EPI_ISL_467363_2020-04-27)
Align target 179 (hCoV-19_USA_WA-S1143_2020_EPI_ISL_463633_2020-05-05)
Align target 180 (hCoV-19_Netherlands_ZuidHolland_45_2020_EPI_ISL_422917)
Align target 181 (hCoV-19_Germany_NRW-17_2020_EPI_ISL_417462)
Align target 182 (hCoV-19_Canada_QC_AT6_2020_EPI_ISL_463941_2020-04-06)
Align target 183 (hCoV-19_England_201340856_2020_EPI_ISL_423190)
Align target 184 (hCoV-19_USA_WA-UW285_2020_EPI_ISL_418070)
Align target 185 (hCoV-19_India_ILSCV16009_2020_EPI_ISL_463042_2020-05-11)
Align target 186 (hCoV-19_SouthKorea_KCDC03_2020_EPI_ISL_407193)
Align target 187 (hCoV-19_Iceland_539_2020_EPI_ISL_424559)
Align target 188 (hCoV-19_USA_MN-MDH-164_2020_EPI_ISL_460059_2020-03-23)
Align target 189 (hCoV-19_Wuhan_HB-WHCM2-272_2020_EPI_ISL_455007_2020-02-26)
Align target 190 (hCoV-19_Switzerland_120166_2020_EPI_ISL_468244_2020-04-26)
Align target 191 (hCoV-19_England_201161134_2020_EPI_ISL_464811_2020-03-12)
Align target 192 (hCoV-19_Wuhan_HB-WH1-127_2020_EPI_ISL_454908_2020-03-02)
Align target 193 (hCoV-19_Wales_PHWC-32D3B_2020_EPI_ISL_446683_2020-04-07)
Align target 194 (hCoV-19_England_LIVE-9901B_2020_EPI_ISL_439684_2020-04-07)
Align target 195 (hCoV-19_USA_WA-UW-1797_2020_EPI_ISL_424259)
Align target 196 (hCoV-19_England_201141179_2020_EPI_ISL_464745_2020-03-10)
Align target 197 (hCoV-19_USA_CA-CZBRR057IX00016_2020_EPI_ISL_429012)
Align target 198 (hCoV-19_USA_MI-MDHHS-SC20074_2020_EPI_ISL_437161_2020-03-25)
Align target 199 (hCoV-19_England_OXON-ACCF3_2020_EPI_ISL_448528_2020-04-05)
Align target 200 (hCoV-19_England_BRIS-12AC1A_2020_EPI_ISL_458313_2020-05-01)
Align target 201 (hCoV-19_USA_MI-MDHHS-SC20432_2020_EPI_ISL_452306_2020-03-30)
Align target 202 (hCoV-19_Scotland_GCVR-1739EE_2020_EPI_ISL_459113_2020-04-07)
Align target 203 (hCoV-19_Canada_ON_PHL3692_2020_EPI_ISL_418360)
Align target 204 (hCoV-19_USA_MN-MDH-146_2020_EPI_ISL_427285)
Align target 205 (hCoV-19_USA_MA-MGH-00706_2020_EPI_ISL_460130_2020-04-07)
Align target 206 (hCoV-19_England_CAMB-71F1C_2020_EPI_ISL_439592_2020-03-29)
Align target 207 (hCoV-19_Denmark_ALAB-SSI354_2020_EPI_ISL_429466)
Align target 208 (hCoV-19_Colombia_INS-80202_2020_EPI_ISL_456132_2020-03-16)
Align target 209 (hCoV-19_Spain_Valencia247_2020_EPI_ISL_436342_2020-03-25)
Align target 210 (hCoV-19_Scotland_EDB2466_2020_EPI_ISL_439216_2020-04-23)
Align target 211 (hCoV-19_England_LIVE-9E034_2020_EPI_ISL_453262_2020-04-03)
Align target 212 (hCoV-19_England_CAMB-73B61_2020_EPI_ISL_433667_2020-04-03)
Align target 213 (hCoV-19_Lishui_LS111_2020_EPI_ISL_429852)
Align target 214 (hCoV-19_USA_WA-S634_2020_EPI_ISL_438187_2020-04-17)
Align target 215 (hCoV-19_England_NOTT-10EB97_2020_EPI_ISL_432901_2020-03-25)
Align target 216 (hCoV-19_England_20109053406_2020_EPI_ISL_417278)
Align target 217 (hCoV-19_France_10009EE_2020_EPI_ISL_447696_2020-03)
Align target 218 (hCoV-19_USA_WA-UW-4224_2020_EPI_ISL_437823_2020-03-31)
Align target 219 (hCoV-19_Spain_COV000794_2020_EPI_ISL_452720_2020-03-09)
Align target 220 (hCoV-19_England_20132082104_2020_EPI_ISL_423814)
Align target 221 (hCoV-19_England_SHEF-CA65B_2020_EPI_ISL_432489_2020-04-04)
Align target 222 (hCoV-19_Wales_PHWC-2AFE5_2020_EPI_ISL_432071_2020-04-07)
Align target 223 (hCoV-19_England_20102000704_2020_EPI_ISL_464262_2020-03-02)
Align target 224 (hCoV-19_Sweden_20-07394_2020_EPI_ISL_452236_2020-04-14)
Align target 225 (hCoV-19_Israel_2089368_2020_EPI_ISL_447373_2020-04-01)
Align target 226 (hCoV-19_Australia_VIC685_2020_EPI_ISL_426980)
Align target 227 (hCoV-19_Netherlands_NA_497_2020_EPI_ISL_460670_2020-04-06)
Align target 228 (hCoV-19_England_20176041504_2020_EPI_ISL_465413_2020-04-23)
Align target 229 (hCoV-19_England_BRIS-1224ED_2020_EPI_ISL_440689_2020-04-04)
Align target 230 (hCoV-19_Australia_VIC352_2020_EPI_ISL_426660)
Align target 231 (hCoV-19_Wales_PHWC-3116D_2020_EPI_ISL_446411_2020-04-12)
Align target 232 (hCoV-19_Canada_Qc-L00241042_2020_EPI_ISL_450310_2020-03-27)
Align target 233 (hCoV-19_Serbia_KV22-05_2020_EPI_ISL_462435_2020-05-10)
Align target 234 (hCoV-19_England_BRIS-125B03_2020_EPI_ISL_443863_2020-03-30)
Align target 235 (hCoV-19_Kuwait_KU17_2020_EPI_ISL_416542)
Align target 236 (hCoV-19_England_EXET-1355B7_2020_EPI_ISL_457073_2020-04-13)
Align target 237 (hCoV-19_Canada_QC_AU2_2020_EPI_ISL_463945_2020-04-08)
Align target 238 (hCoV-19_England_20120012104_2020_EPI_ISL_465153_2020-03-14)
Align target 239 (hCoV-19_Belgium_ULG-9617_2020_EPI_ISL_418647)
Align target 240 (hCoV-19_Uruguay_UY-NYUMC850_2020_EPI_ISL_457946_2020-03-17)
Align target 241 (hCoV-19_Nigeria_OS060-CV9_2020_EPI_ISL_455419_2020-03-29)
Align target 242 (hCoV-19_USA_CA-SR0119_2020_EPI_ISL_445110_2020-03-26)
Align target 243 (hCoV-19_Wales_PHWC-26A9D_2020_EPI_ISL_422130)
Align target 244 (hCoV-19_Wales_PHWC-25858_2020_EPI_ISL_422314)
Align target 245 (hCoV-19_England_BRIS-1294F5_2020_EPI_ISL_458860_2020-04-20)
Align target 246 (hCoV-19_England_20126025304_2020_EPI_ISL_423893)
Align target 247 (hCoV-19_USA_FL-BPHL-015_2020_EPI_ISL_436519_2020-04-09)
Align target 248 (hCoV-19_England_CAMB-7FEC6_2020_EPI_ISL_444430_2020-04-18)
Align target 249 (hCoV-19_USA_MN2-MDH2_2020_EPI_ISL_414589)
Align target 250 (hCoV-19_Spain_ACoruna_005_2020_EPI_ISL_468335_2020-04-29)
Align target 251 (hCoV-19_England_20139022204_2020_EPI_ISL_421884)
Align target 252 (hCoV-19_England_CAMB-73475_2020_EPI_ISL_440290_2020-03-23)
Align target 253 (hCoV-19_England_NORW-E6EBB_2020_EPI_ISL_448988_2020-04-21)
Align target 254 (hCoV-19_USA_GA-EHC-115L_2020_EPI_ISL_455361_2020-03-30)
Align target 255 (hCoV-19_England_CAMB-82C8A_2020_EPI_ISL_438676_2020-04-22)
Align target 256 (hCoV-19_England_CAMB-1B0C46_2020_EPI_ISL_452954_2020-05-12)
Align target 257 (hCoV-19_Scotland_CVR1957_2020_EPI_ISL_438862_2020-04-08)
Align target 258 (hCoV-19_Shanghai_SH0034_2020_EPI_ISL_416343)
Align target 259 (hCoV-19_England_NOTT-111636_2020_EPI_ISL_461902_2020-05-19)
Align target 260 (hCoV-19_Sweden_20-08078_2020_EPI_ISL_454453_2020-03-05)
Align target 261 (hCoV-19_Wuhan_HB-WH3-170_2020_EPI_ISL_454936_2020-02-11)
Align target 262 (hCoV-19_England_20188024804_2020_EPI_ISL_465715_2020-04-21)
Align target 263 (hCoV-19_Canada_ON-UHTC_0037_2020_EPI_ISL_464028_2020-04-03)
Align target 264 (hCoV-19_England_CAMB-1AD81B_2020_EPI_ISL_448014_2020)
Align target 265 (hCoV-19_England_LOND-D374D_2020_EPI_ISL_440981_2020-03-31)
Align target 266 (hCoV-19_Wales_PHWC-33EA0_2020_EPI_ISL_446835_2020-04-15)
Align target 267 (hCoV-19_Portugal_PT0407_2020_EPI_ISL_454131_2020-03-21)
Align target 268 (hCoV-19_Wales_PHWC-345C8_2020_EPI_ISL_446945_2020-04-14)
Align target 269 (hCoV-19_Wuhan_HB-WH2-146_2020_EPI_ISL_455370_2020-02-24)
Align target 270 (hCoV-19_England_BIRM-5FF50_2020_EPI_ISL_461539_2020)
Align target 271 (hCoV-19_India_S53_2020_EPI_ISL_455673_2020-05-02)
Align target 272 (hCoV-19_USA_UT-01220_2020_EPI_ISL_436906_2020-04-08)
Align target 273 (hCoV-19_England_20139019902_2020_EPI_ISL_420525)
Align target 274 (hCoV-19_Saudi_Arabia_KAUST-Madinah27_2020_EPI_ISL_443169_2020-03-29)
Align target 275 (hCoV-19_England_CAMB-72054_2020_EPI_ISL_439916_2020-03-29)
Align target 276 (hCoV-19_USA_MN-MDH-89_2020_EPI_ISL_460071_2020-03-18)
Align target 277 (hCoV-19_Thailand_Bangkok_237_2020_EPI_ISL_447912_2020-01-25)
Align target 278 (hCoV-19_England_CAMB-77FE9_2020_EPI_ISL_441229_2020-04-01)
Align target 279 (hCoV-19_USA_CA-SR0228_2020_EPI_ISL_437574_2020-04-07)
Align target 280 (hCoV-19_England_CAMB-754CE_2020_EPI_ISL_425396)
Align target 281 (hCoV-19_Wales_PHWC-26DC1_2020_EPI_ISL_422088)
Align target 282 (hCoV-19_Shanghai_SH0056_2020_EPI_ISL_416364)
Align target 283 (hCoV-19_Germany_BAV-MVP0268_2020_EPI_ISL_466910_2020-05-17)
Align target 284 (hCoV-19_Portugal_PT0083_2020_EPI_ISL_421486)
Align target 285 (hCoV-19_Scotland_CVR801_2020_EPI_ISL_433343_2020-03-27)
Align target 286 (hCoV-19_USA_MI-MDHHS-SC20127_2020_EPI_ISL_436811_2020-03-13)
Align target 287 (hCoV-19_England_LIVE-9EB33_2020_EPI_ISL_453369_2020-04-05)
Align target 288 (hCoV-19_Canada_QC_AR5_2020_EPI_ISL_463932_2020-04-04)
Align target 289 (hCoV-19_Scotland_CVR1337_2020_EPI_ISL_433546_2020-03-31)
Align target 290 (hCoV-19_England_LOND-D3A9F_2020_EPI_ISL_441031_2020-04-06)
Align target 291 (hCoV-19_USA_NY-SURV0513_2020_EPI_ISL_436071_2020-03-17)
Align target 292 (hCoV-19_New_Zealand_20VR1619_2020_EPI_ISL_456229_2020-03-23)
Align target 293 (hCoV-19_Israel_2086034_2020_EPI_ISL_447376_2020-04-01)
Align target 294 (hCoV-19_England_CAMB-84BC7_2020_EPI_ISL_440526_2020-03-11)
Align target 295 (hCoV-19_England_CAMB-1AE30A_2020_EPI_ISL_459443_2020-04-27)
Align target 296 (hCoV-19_Netherlands_NA_317_2020_EPI_ISL_422626)
Align target 297 (hCoV-19_England_20184043104_2020_EPI_ISL_465457_2020-04-29)
Align target 298 (hCoV-19_India_GBRC30_2020_EPI_ISL_444461_2020-04-29)
Align target 299 (hCoV-19_Wales_PHWC-2C6A2_2020_EPI_ISL_445894_2020-03-31)
Align target 300 (hCoV-19_England_CAMB-72476_2020_EPI_ISL_439552_2020-03-21)
Align target 301 (hCoV-19_Canada_ON-UHTC_0091_2020_EPI_ISL_464011_2020-04-11)
Align target 302 (hCoV-19_Portugal_PT0008_2020_EPI_ISL_417993)
Align target 303 (hCoV-19_USA_CA-CZB-1076_2020_EPI_ISL_437076_2020-04-07)
Align target 304 (hCoV-19_Wales_PHWC-2E1FA_2020_EPI_ISL_446071_2020-04-07)
Align target 305 (hCoV-19_Colombia_GVI-97181_2020_EPI_ISL_447792_2020-04-03)
Align target 306 (hCoV-19_Wales_PHWC-2A598_2020_EPI_ISL_445587_2020-04-05)
Align target 307 (hCoV-19_Switzerland_120174_2020_EPI_ISL_468251_2020-04-27)
Align target 308 (hCoV-19_England_20139045904_2020_EPI_ISL_420687)
Align target 309 (hCoV-19_England_BRIS-128DEC_2020_EPI_ISL_458831_2020-04-14)
Align target 310 (hCoV-19_Wales_PHWC-25964_2020_EPI_ISL_422358)
Align target 311 (hCoV-19_England_BRIS-126601_2020_EPI_ISL_458920_2020-04-09)
Align target 312 (hCoV-19_England_CAMB-7B1A3_2020_EPI_ISL_433927_2020-04-11)
Align target 313 (hCoV-19_Luxembourg_LNS2848109_2020_EPI_ISL_417527)
Align target 314 (hCoV-19_England_LIVE-99224_2020_EPI_ISL_439699_2020-04-08)
Align target 315 (hCoV-19_England_20129143204_2020_EPI_ISL_424110)
Align target 316 (hCoV-19_Portugal_PT0519_2020_EPI_ISL_454243_2020-03-22)
Align target 317 (hCoV-19_England_BRIS-122720_2020_EPI_ISL_440682_2020-04-05)
Align target 318 (hCoV-19_Spain_Madrid201105_2020_EPI_ISL_418251)
Align target 319 (hCoV-19_Spain_COV001211_2020_EPI_ISL_452560_2020-03-24)
Align target 320 (hCoV-19_England_NOTT-10F5B6_2020_EPI_ISL_433023_2020-04-03)
Align target 321 (hCoV-19_USA_MN-MDH-1010_2020_EPI_ISL_462855_2020-04-30)
Align target 322 (hCoV-19_USA_MI-MDHHS-SC20305_2020_EPI_ISL_447102_2020-04-02)
Align target 323 (hCoV-19_USA_IL-NM054_2020_EPI_ISL_444550_2020-03-15)
Align target 324 (hCoV-19_England_20098017704_2020_EPI_ISL_464196_2020-02-27)
Align target 325 (hCoV-19_Wuhan_HB-WH4-194_2020_EPI_ISL_454948_2020-03-24)
Align target 326 (hCoV-19_Wales_PHWC-308D2_2020_EPI_ISL_446289_2020-04-07)
Align target 327 (hCoV-19_Sweden_20-08119_2020_EPI_ISL_454489_2020-03-09)
Align target 328 (hCoV-19_Belgium_GOF-030578_2020_EPI_ISL_420334)
Align target 329 (hCoV-19_England_BRIS-122C03_2020_EPI_ISL_440665_2020-04-02)
Align target 330 (hCoV-19_Australia_VIC761_2020_EPI_ISL_427037)
Align target 331 (hCoV-19_Belgium_ULG-10189_2020_EPI_ISL_455977_2020-5-11)
Align target 332 (hCoV-19_England_20189159904_2020_EPI_ISL_465565_2020-05-02)
Align target 333 (hCoV-19_England_20116025603_2020_EPI_ISL_418670)
Align target 334 (hCoV-19_Wales_PHWC-3381B_2020_EPI_ISL_446753_2020-04-15)
Align target 335 (hCoV-19_England_NORT-28995D_2020_EPI_ISL_458578_2020-04-02)
Align target 336 (hCoV-19_Australia_VIC279_2020_EPI_ISL_419972)
Align target 337 (hCoV-19_Germany_BAV-MVP0225_2020_EPI_ISL_466895_2020-04-23)
Align target 338 (hCoV-19_USA_WY-WYPHL-00088_2020_EPI_ISL_462979_2020-03-30)
Align target 339 (hCoV-19_USA_PA_2937_2020_EPI_ISL_424884)
Align target 340 (hCoV-19_England_PORT-2CF733_2020_EPI_ISL_461978_2020-05-12)
Align target 341 (hCoV-19_Australia_SAP022_2020_EPI_ISL_468011_2020-04-03)
Align target 342 (hCoV-19_Australia_VIC1677_2020_EPI_ISL_456579_2020-05-16)
Align target 343 (hCoV-19_England_20128090604_2020_EPI_ISL_423966)
Align target 344 (hCoV-19_England_20166064804_2020_EPI_ISL_466564_2020-04-12)
Align target 345 (hCoV-19_England_NORW-EBBCE_2020_EPI_ISL_457487_2020-05-06)
Align target 346 (hCoV-19_USA_NM-UNM-00054_2020_EPI_ISL_467527_2020-03-17)
Align target 347 (hCoV-19_SouthAfrica_KRISP-106_2020_EPI_ISL_455636_2020-03-31)
Align target 348 (hCoV-19_Australia_VIC67_2020_EPI_ISL_419781)
Align target 349 (hCoV-19_Canada_QC_BA5_2020_EPI_ISL_463962_2020-04-07)
Align target 350 (hCoV-19_Scotland_CVR3142_2020_EPI_ISL_449187_2020-04-28)
Align target 351 (hCoV-19_Germany_BAV-MVP0096_2020_EPI_ISL_437288_2020-04-03)
Align target 352 (hCoV-19_England_LOND-D36D7_2020_EPI_ISL_440975_2020-03-31)
Align target 353 (hCoV-19_Netherlands_NA_209_2020_EPI_ISL_422744)
Align target 354 (hCoV-19_Australia_NSW290_2020_EPI_ISL_451554_2020-04-02)
Align target 355 (hCoV-19_Wuhan_HB-WH1-125_2020_EPI_ISL_454906_2020-03-02)
Align target 356 (hCoV-19_England_CAMB-7C175_2020_EPI_ISL_434002_2020-04-12)
Align target 357 (hCoV-19_USA_NM-UNM-00048_2020_EPI_ISL_467628_2020-03-20)
Align target 358 (hCoV-19_England_BRIS-124876_2020_EPI_ISL_443817_2020-03-25)
Align target 359 (hCoV-19_Kazakhstan_7263_2020_EPI_ISL_454571_2020-03-25)
Align target 360 (hCoV-19_England_EXET-135B00_2020_EPI_ISL_457134_2020-04-01)
Align target 361 (hCoV-19_USA_CA-SCCPHD-UC109_2020_EPI_ISL_435588_2020-03-02)
Align target 362 (hCoV-19_Netherlands_NA_566_2020_EPI_ISL_460730_2020-04-10)
Align target 363 (hCoV-19_USA_CA-CZB-1211_2020_EPI_ISL_450460_2020-03-25)
Align target 364 (hCoV-19_England_NOTT-10E599_2020_EPI_ISL_425564)
Align target 365 (hCoV-19_Belgium_RS-030257_2020_EPI_ISL_418986)
Align target 366 (hCoV-19_Scotland_CVR21_2020_EPI_ISL_425739)
Align target 367 (hCoV-19_Wales_PHWC-2C98B_2020_EPI_ISL_445928_2020-03-31)
Align target 368 (hCoV-19_England_NORW-E7931_2020_EPI_ISL_449083_2020-05-05)
Align target 369 (hCoV-19_England_20139068504_2020_EPI_ISL_423357)
Align target 370 (hCoV-19_Wales_PHWC-2ABC3_2020_EPI_ISL_445676_2020-04-05)
Align target 371 (hCoV-19_Australia_VIC1104_2020_EPI_ISL_430585)
Align target 372 (hCoV-19_USA_UNKNOWN-UW-1312_2020_EPI_ISL_422962)
Align target 373 (hCoV-19_USA_MI-MDHHS-SC20479_2020_EPI_ISL_460018_2020-03-31)
Align target 374 (hCoV-19_England_CAMB-7BF12_2020_EPI_ISL_442814_2020-04-04)
Align target 375 (hCoV-19_USA_WI-GMF-00557_2020_EPI_ISL_422459)
Align target 376 (hCoV-19_USA_CA-CZB-1210_2020_EPI_ISL_450459_2020-03-26)
Align target 377 (hCoV-19_Colombia_GUR-0459_2020_EPI_ISL_447746_2020-03-28)
Align target 378 (hCoV-19_Belgium_AF-0327321_2020_EPI_ISL_462175_2020-03-27)
Align target 379 (hCoV-19_England_SHEF-CC185_2020_EPI_ISL_442408_2020-03-24)
Align target 380 (hCoV-19_England_LIVE-9F1F4_2020_EPI_ISL_453436_2020-05-03)
Align target 381 (hCoV-19_England_CAMB-7A001_2020_EPI_ISL_440573_2020-04-03)
Align target 382 (hCoV-19_Wales_PHWC-318B3_2020_EPI_ISL_446500_2020-04-11)
Align target 383 (hCoV-19_Sweden_20-50139_2020_EPI_ISL_454883_2020-03-04)
Align target 384 (hCoV-19_England_20099044904_2020_EPI_ISL_464204_2020-02-26)
Align target 385 (hCoV-19_England_CAMB-78829_2020_EPI_ISL_433778_2020-04-07)
Align target 386 (hCoV-19_Italy_TE5553_2020_EPI_ISL_429227)
Align target 387 (hCoV-19_Wales_PHWC-285E5_2020_EPI_ISL_431908_2020-04-01)
Align target 388 (hCoV-19_Wales_PHWC-30ABE_2020_EPI_ISL_446317_2020-04-09)
Align target 389 (hCoV-19_Scotland_CVR3159_2020_EPI_ISL_453095_2020-04-22)
Align target 390 (hCoV-19_Wales_PHWC-2B658_2020_EPI_ISL_445740_2020-04-12)
Align target 391 (hCoV-19_USA_IL-UW-1265_2020_EPI_ISL_422961)
Align target 392 (hCoV-19_England_NOTT-111092_2020_EPI_ISL_453624_2020-05-07)
Align target 393 (hCoV-19_USA_CA-CZB-RR057IX00088_2020_EPI_ISL_430791)
Align target 394 (hCoV-19_England_BRIS-12A6FE_2020_EPI_ISL_458485_2020-05-01)
Align target 395 (hCoV-19_England_BRIS-124991_2020_EPI_ISL_443945_2020-03-25)
Align target 396 (hCoV-19_New_Zealand_20VR1929_2020_EPI_ISL_456313_2020-04-03)
Align target 397 (hCoV-19_USA_UT-01996_2020_EPI_ISL_454722_2020-04-16)
Align target 398 (hCoV-19_USA_NY-NYUMC82_2020_EPI_ISL_421583)
Align target 399 (hCoV-19_England_LIVE-9995C_2020_EPI_ISL_439777_2020-04-08)
Align target 400 (hCoV-19_Colombia_GUR-0206_2020_EPI_ISL_447738_2020-03-26)
Align target 401 (hCoV-19_Wales_PHWC-273A0_2020_EPI_ISL_432302_2020-03-31)
Align target 402 (hCoV-19_Spain_COV003687_2020_EPI_ISL_467186_2020-04-02)
Align target 403 (hCoV-19_Guangdong_20SF198_2020_EPI_ISL_428454)
Align target 404 (hCoV-19_India_NCDC-01441_2020_EPI_ISL_435101_2020-03-15)
Align target 405 (hCoV-19_USA_MA-MGH-00580_2020_EPI_ISL_460273_2020-03-28)
Align target 406 (hCoV-19_England_NORW-EACF9_2020_EPI_ISL_457370_2020-05-10)
Align target 407 (hCoV-19_Wuhan_HB-WH4-214_2020_EPI_ISL_454963_2020-03-20)
Align target 408 (hCoV-19_England_SHEF-D1E3B_2020_EPI_ISL_442498_2020-03-25)
Align target 409 (hCoV-19_Scotland_EDB4882_2020_EPI_ISL_453170_2020-05-13)
Align target 410 (hCoV-19_England_CAMB-71ED3_2020_EPI_ISL_439589_2020-03-29)
Align target 411 (hCoV-19_USA_MN-MDH-277_2020_EPI_ISL_450751_2020-03-29)
Align target 412 (hCoV-19_England_BRIS-123789_2020_EPI_ISL_442627_2020-04-03)
Align target 413 (hCoV-19_England_20149009504_2020_EPI_ISL_466147_2020-04-01)
Align target 414 (hCoV-19_Wales_PHWC-309A2_2020_EPI_ISL_446301_2020-04-08)
Align target 415 (hCoV-19_USA_DC-CDC-0019_2020_EPI_ISL_447840_2020-03-08)
Align target 416 (hCoV-19_England_20126104404_2020_EPI_ISL_423915)
Align target 417 (hCoV-19_England_LIVE-9E580_2020_EPI_ISL_453309_2020-04-04)
Align target 418 (hCoV-19_USA_WA-UW-4058_2020_EPI_ISL_437814_2020-04-01)
Align target 419 (hCoV-19_England_CAMB-8222E_2020_EPI_ISL_438634_2020-04-21)
Align target 420 (hCoV-19_Canada_BC_9574898_2020_EPI_ISL_418859)
Align target 421 (hCoV-19_Wales_PHWC-33FCB_2020_EPI_ISL_446852_2020-04-18)
Align target 422 (hCoV-19_England_CAMB-7F8E6_2020_EPI_ISL_433478_2020-04-18)
Align target 423 (hCoV-19_England_20148006504_2020_EPI_ISL_422004)
Align target 424 (hCoV-19_England_LOND-D3E39_2020_EPI_ISL_441039_2020-04-04)
Align target 425 (hCoV-19_England_201620530_2020_EPI_ISL_466424_2020-04-09)
Align target 426 (hCoV-19_England_BRIS-1250F5_2020_EPI_ISL_443693_2020-03-23)
Align target 427 (hCoV-19_England_20144013504_2020_EPI_ISL_421932)
Align target 428 (hCoV-19_England_OXON-ACB05_2020_EPI_ISL_448509_2020-04-06)
Align target 429 (hCoV-19_England_NOTT-1112F6_2020_EPI_ISL_453646_2020-05-11)
Align target 430 (hCoV-19_England_CAMB-762F0_2020_EPI_ISL_438332_2020-03-29)
Align target 431 (hCoV-19_Wales_PHWC-2E127_2020_EPI_ISL_446060_2020-04-11)
Align target 432 (hCoV-19_Canada_Qc-L00241205_2020_EPI_ISL_450313_2020-03-27)
Align target 433 (hCoV-19_Portugal_PT0426_2020_EPI_ISL_454150_2020-03-28)
Align target 434 (hCoV-19_Romania_Suceava-11085_2020_EPI_ISL_468146_2020)
Align target 435 (hCoV-19_Netherlands_Friesland_13_2020_EPI_ISL_455116_2020-03-31)
Align target 436 (hCoV-19_Thailand_SI204713-NT_2020_EPI_ISL_437608_2020-03-13)
Align target 437 (hCoV-19_England_20188033304_2020_EPI_ISL_465718_2020-04-30)
Align target 438 (hCoV-19_England_EXET-135FC8_2020_EPI_ISL_457186_2020-04-17)
Align target 439 (hCoV-19_Israel_990059244_2020_EPI_ISL_447270_2020-03-25)
Align target 440 (hCoV-19_England_20118178504_2020_EPI_ISL_464999_2020-03-13)
Align target 441 (hCoV-19_England_201090724_2020_EPI_ISL_464600_2020-03-08)
Align target 442 (hCoV-19_Wales_PHWC-26839_2020_EPI_ISL_422070)
Align target 443 (hCoV-19_USA_LA-BIE-076_2020_EPI_ISL_436944_2020-04-06)
Align target 444 (hCoV-19_Wales_PHWC-23E58_2020_EPI_ISL_420915)
Align target 445 (hCoV-19_Wales_PHWC-2C657_2020_EPI_ISL_445889_2020-03-31)
Align target 446 (hCoV-19_USA_NY-NYUMC564_2020_EPI_ISL_444681_2020-03-30)
Align target 447 (hCoV-19_USA_WA-S626_2020_EPI_ISL_438179_2020-04-18)
Align target 448 (hCoV-19_France_IDF2284_2020_EPI_ISL_416501)
Align target 449 (hCoV-19_Wales_PHWC-2A6B3_2020_EPI_ISL_445605_2020-04-07)
Align target 450 (hCoV-19_Portugal_IGC00010_2020_EPI_ISL_419387)
Align target 451 (hCoV-19_England_BIRM-5E7EO_2020_EPI_ISL_444303_2020-03-24)
Align target 452 (hCoV-19_Denmark_ALAB-SSI-843_2020_EPI_ISL_444935_2020-03-28)
Align target 453 (hCoV-19_Wales_PHWC-33F43_2020_EPI_ISL_446844_2020-04-17)
Align target 454 (hCoV-19_Switzerland_101177_2020_EPI_ISL_451839_2020-03-31)
Align target 455 (hCoV-19_Wuhan_YB012504_2020_EPI_ISL_450489_2020-01-25)
Align target 456 (hCoV-19_Romania_Suceava-5806_2020_EPI_ISL_468141_2020)
Align target 457 (hCoV-19_USA_CT-Yale-036_2020_EPI_ISL_419525)
Align target 458 (hCoV-19_England_CAMB-73BDA_2020_EPI_ISL_433674_2020-04-03)
Align target 459 (hCoV-19_England_CAMB-72E0F_2020_EPI_ISL_440044_2020-03-21)
Align target 460 (hCoV-19_England_SHEF-CEA79_2020_EPI_ISL_448891_2020-04-17)
Align target 461 (hCoV-19_Scotland_EDB289_2020_EPI_ISL_456902_2020-03-27)
Align target 462 (hCoV-19_Switzerland_100154_2020_EPI_ISL_451738_2020-03-16)
Align target 463 (hCoV-19_Guangdong_20SF758_2020_EPI_ISL_428473)
Align target 464 (hCoV-19_Belgium_ULG-0532_2020_EPI_ISL_447132_2020-3-24)
Align target 465 (hCoV-19_England_CAMB-1B15C2_2020_EPI_ISL_458517_2020-05-06)
Align target 466 (hCoV-19_Netherlands_ZuidHolland_38_2020_EPI_ISL_422910)
Align target 467 (hCoV-19_USA_LA_0842_2020_EPI_ISL_424868)
Align target 468 (hCoV-19_England_LOND-D458E_2020_EPI_ISL_444135_2020-04-08)
Align target 469 (hCoV-19_Spain_COV001983_2020_EPI_ISL_452403_2020-03-15)
Align target 470 (hCoV-19_USA_IL-NM0107_2020_EPI_ISL_444592_2020-03-20)
Align target 471 (hCoV-19_Vietnam_VNHN_3913_2020_EPI_ISL_455705_2020-03-31)
Align target 472 (hCoV-19_Scotland_EDB310_2020_EPI_ISL_461709_2020-03-28)
Align target 473 (hCoV-19_Netherlands_NA_33_2020_EPI_ISL_415490)
Align target 474 (hCoV-19_Romania_279068_2020_EPI_ISL_447054_2020-04-30)
Align target 475 (hCoV-19_England_20134060304_2020_EPI_ISL_423146)
Align target 476 (hCoV-19_USA_MI-MDHHS-SC20158_2020_EPI_ISL_436814_2020-03-13)
Align target 477 (hCoV-19_England_20144038004_2020_EPI_ISL_423541)
Align target 478 (hCoV-19_Netherlands_Zeeland_18_2020_EPI_ISL_461256_2020-04-03)
Align target 479 (hCoV-19_USA_UT-02232_2020_EPI_ISL_436929_2020-04-14)
Align target 480 (hCoV-19_Portugal_PT0016_2020_EPI_ISL_418001)
Align target 481 (hCoV-19_Belgium_FMC-0323159_2020_EPI_ISL_420416)
Align target 482 (hCoV-19_England_201380281_2020_EPI_ISL_421829)
Align target 483 (hCoV-19_England_CAMB-1AD909_2020_EPI_ISL_448023_2020-05-01)
Align target 484 (hCoV-19_Denmark_ALAB-SSI195_2020_EPI_ISL_429396)
Align target 485 (hCoV-19_Scotland_EDB396_2020_EPI_ISL_425996)
Align target 486 (hCoV-19_England_CAMB-1B0E6E_2020_EPI_ISL_452969_2020-05-12)
Align target 487 (hCoV-19_England_20126002404_2020_EPI_ISL_423871)
Align target 488 (hCoV-19_Scotland_CVR99_2020_EPI_ISL_425818)
Align target 489 (hCoV-19_USA_WI-87_2020_EPI_ISL_425144)
Align target 490 (hCoV-19_England_BRIS-125E0A_2020_EPI_ISL_443821_2020-03-30)
Align target 491 (hCoV-19_England_SHEF-D259F_2020_EPI_ISL_432651_2020-03-29)
Align target 492 (hCoV-19_Scotland_GCVR-173939_2020_EPI_ISL_459109_2020-04-06)
Align target 493 (hCoV-19_England_20109094006_2020_EPI_ISL_417289)
Align target 494 (hCoV-19_Scotland_EDB877_2020_EPI_ISL_433261_2020-04-04)
Align target 495 (hCoV-19_England_CAMB-7B668_2020_EPI_ISL_441208_2020-04-04)
Align target 496 (hCoV-19_Iceland_403_2020_EPI_ISL_424427)
Align target 497 (hCoV-19_USA_MA-MGH-00659_2020_EPI_ISL_460217_2020-04-03)
Align target 498 (hCoV-19_USA_LA-SR0286_2020_EPI_ISL_445141_2020-03-31)
Align target 499 (hCoV-19_England_CAMB-7B12B_2020_EPI_ISL_433921_2020-04-11)
Align target 500 (hCoV-19_Spain_Barcelona_VH9461_2020_EPI_ISL_458131_2020-04-09)
Align target 501 (hCoV-19_Netherlands_NA_193_2020_EPI_ISL_422728)
Align target 502 (hCoV-19_England_SHEF-C6507_2020_EPI_ISL_457610_2020-04-11)
Align target 503 (hCoV-19_USA_NV_0016_2020_EPI_ISL_426429)
Align target 504 (hCoV-19_Iceland_457_2020_EPI_ISL_424480)
Align target 505 (hCoV-19_Russia_CRIE160583_2020_EPI_ISL_462149_2020-03-30)
Align target 506 (hCoV-19_USA_NY-Wadsworth-10957-02_2020_EPI_ISL_426035)
Align target 507 (hCoV-19_England_BRIS-1256E4_2020_EPI_ISL_443783_2020-03-28)
Align target 508 (hCoV-19_Luxembourg_LNS3923316_2020_EPI_ISL_459898_2020-05-13)
Align target 509 (hCoV-19_Sichuan_SC-NJ-092_2020_EPI_ISL_451341_2020-02-03)
Align target 510 (hCoV-19_USA_UT-0107_2020_EPI_ISL_435351_2020-03-12)
Align target 511 (hCoV-19_England_201060018_2020_EPI_ISL_464363_2020-03-03)
Align target 512 (hCoV-19_England_CAMB-1B048A_2020_EPI_ISL_459275_2020-05-01)
Align target 513 (hCoV-19_Wales_PHWC-27504_2020_EPI_ISL_432293_2020-03-30)
Align target 514 (hCoV-19_Scotland_EDB1118_2020_EPI_ISL_433406_2020-04-06)
Align target 515 (hCoV-19_USA_VA-DCLS-0320_2020_EPI_ISL_467931_2020-05-04)
Align target 516 (hCoV-19_England_BRIS-1223B3_2020_EPI_ISL_440795_2020-04-04)
Align target 517 (hCoV-19_England_20146021404_2020_EPI_ISL_421983)
Align target 518 (hCoV-19_USA_NY-NYUMC585_2020_EPI_ISL_444702_2020-03-30)
Align target 519 (hCoV-19_Australia_VIC161_2020_EPI_ISL_419858)
Align target 520 (hCoV-19_Scotland_CVR351_2020_EPI_ISL_439060_2020-03-22)
Align target 521 (hCoV-19_South_Africa_KRISP-0075_2020_EPI_ISL_467453_2020-04-04)
Align target 522 (hCoV-19_England_CAMB-73A46_2020_EPI_ISL_425270)
Align target 523 (hCoV-19_England_20129161204_2020_EPI_ISL_424123)
Align target 524 (hCoV-19_England_NOTT-10E010_2020_EPI_ISL_425484)
Align target 525 (hCoV-19_England_NOTT-10ED19_2020_EPI_ISL_432915_2020-03-28)
Align target 526 (hCoV-19_England_20189126801_2020_EPI_ISL_465546_2020-04-28)
Align target 527 (hCoV-19_Netherlands_Gelderland_71_2020_EPI_ISL_460970_2020-05-18)
Align target 528 (hCoV-19_England_20132051502_2020_EPI_ISL_420501)
Align target 529 (hCoV-19_India_CCMB_K499_2020_EPI_ISL_447865_2020-04-14)
Align target 530 (hCoV-19_England_201120459_2020_EPI_ISL_464676_2020-03-10)
Align target 531 (hCoV-19_Germany_BavPat3_2020_EPI_ISL_414521)
Align target 532 (hCoV-19_Northern_Ireland_NIRE-FB75E_2020_EPI_ISL_448974_2020-03-25)
Align target 533 (hCoV-19_Wales_PHWC-277B3_2020_EPI_ISL_432210_2020-04-01)
Align target 534 (hCoV-19_DRC_3089_2020_EPI_ISL_437358_2020-04-19)
Align target 535 (hCoV-19_England_CAMB-795E5_2020_EPI_ISL_441828_2020-04-03)
Align target 536 (hCoV-19_USA_MI-MDHHS-SC20062_2020_EPI_ISL_437149_2020-03-22)
Align target 537 (hCoV-19_England_CAMB-7667C_2020_EPI_ISL_439394_2020-03-29)
Align target 538 (hCoV-19_Portugal_PT0265_2020_EPI_ISL_453979_2020-04-04)
Align target 539 (hCoV-19_Wales_PHWC-2D665_2020_EPI_ISL_446008_2020-04-05)
Align target 540 (hCoV-19_USA_MI-MDHHS-SC20384_2020_EPI_ISL_450595_2020-03-24)
Align target 541 (hCoV-19_Australia_VIC196_2020_EPI_ISL_419892)
Align target 542 (hCoV-19_England_20122119202_2020_EPI_ISL_418679)
Align target 543 (hCoV-19_USA_UT-01692_2020_EPI_ISL_454713_2020-04-13)
Align target 544 (hCoV-19_England_NOTT-1102AC_2020_EPI_ISL_441493_2020-04-11)
Align target 545 (hCoV-19_England_LIVE-9F561_2020_EPI_ISL_457263_2020-05-06)
Align target 546 (hCoV-19_Luxembourg_LNS1314000_2020_EPI_ISL_428953)
Align target 547 (hCoV-19_USA_WA-S358_2020_EPI_ISL_434118_2020-03-25)
Align target 548 (hCoV-19_USA_WA_0448_2020_EPI_ISL_426447)
Align target 549 (hCoV-19_Wales_PHWC-342B2_2020_EPI_ISL_446897_2020-04-20)
Align target 550 (hCoV-19_USA_NM-UNM-00040_2020_EPI_ISL_467621_2020-03-18)
Align target 551 (hCoV-19_England_201161142_2020_EPI_ISL_464812_2020-03-12)
Align target 552 (hCoV-19_England_CAMB-7866B_2020_EPI_ISL_433759_2020-04-06)
Align target 553 (hCoV-19_England_20164079304_2020_EPI_ISL_466482_2020-04-15)
Align target 554 (hCoV-19_Spain_Valencia573_2020_EPI_ISL_447504_2020-03-27)
Align target 555 (hCoV-19_Colombia_GUR-0609_2020_EPI_ISL_447748_2020-03-29)
Align target 556 (hCoV-19_Wales_PHWC-27971_2020_EPI_ISL_432289_2020-04-01)
Align target 557 (hCoV-19_England_LOND-D3EB1_2020_EPI_ISL_441046_2020-04-04)
Align target 558 (hCoV-19_England_CAMB-7D244_2020_EPI_ISL_442149_2020-04-07)
Align target 559 (hCoV-19_Belgium_ULG-10102_2020_EPI_ISL_427353)
Align target 560 (hCoV-19_England_NORT-289270_2020_EPI_ISL_458670_2020-03-28)
Align target 561 (hCoV-19_Chongqing_IVDC-CQ-001_2020_EPI_ISL_408481)
Align target 562 (hCoV-19_Sweden_20-08101_2020_EPI_ISL_454472_2020-03-07)
Align target 563 (hCoV-19_Northern_Ireland_NIRE-FB730_2020_EPI_ISL_448972_2020-03-25)
Align target 564 (hCoV-19_England_CAMB-7279B_2020_EPI_ISL_439573_2020-03-23)
Align target 565 (hCoV-19_Wales_PHWC-31BF6_2020_EPI_ISL_446543_2020-04-11)
Align target 566 (hCoV-19_USA_WA-UW237_2020_EPI_ISL_417451)
Align target 567 (hCoV-19_USA_NY-NYUMC6_2020_EPI_ISL_418191)
Align target 568 (hCoV-19_Portugal_PT0025_2020_EPI_ISL_418010)
Align target 569 (hCoV-19_England_20129114704_2020_EPI_ISL_424098)
Align target 570 (hCoV-19_Scotland_CVR17_2020_EPI_ISL_425709)
Align target 571 (hCoV-19_Portugal_PT0042_2020_EPI_ISL_418027)
Align target 572 (hCoV-19_Scotland_CVR3202_2020_EPI_ISL_449221_2020-04-27)
Align target 573 (hCoV-19_Guangzhou_GZMU0013_2020_EPI_ISL_429078)
Align target 574 (hCoV-19_Scotland_EDB2093_2020_EPI_ISL_433191_2020-04-19)
Align target 575 (hCoV-19_Kenya_P2693_2020_EPI_ISL_457887_2020-04)
Align target 576 (hCoV-19_USA_WA-UW-3880_2020_EPI_ISL_427199)
Align target 577 (hCoV-19_England_CAMB-7765D_2020_EPI_ISL_438537_2020-03-31)
Align target 578 (hCoV-19_Beijing_DT-travelUK01_2020_EPI_ISL_452355_2020-03-22)
Align target 579 (hCoV-19_England_BRIS-123A53_2020_EPI_ISL_442716_2020-04-07)
Align target 580 (hCoV-19_Netherlands_Zeeland_31_2020_EPI_ISL_461270_2020-04-25)
Align target 581 (hCoV-19_USA_LA-SR0160_2020_EPI_ISL_435463_2020-03-28)
Align target 582 (hCoV-19_Iceland_378_2020_EPI_ISL_424402)
Align target 583 (hCoV-19_Turkey_HSGM-8003_2020_EPI_ISL_428721)
Align target 584 (hCoV-19_Thailand_SI204512-NT_2020_EPI_ISL_437610_2020-03-12)
Align target 585 (hCoV-19_Japan_P4-7_2020_EPI_ISL_419307)
Align target 586 (hCoV-19_Wales_PHWC-2B782_2020_EPI_ISL_445759_2020-04-13)
Align target 587 (hCoV-19_England_20138026204_2020_EPI_ISL_423312)
Align target 588 (hCoV-19_England_CAMB-79EAE_2020_EPI_ISL_441246_2020-04-01)
Align target 589 (hCoV-19_USA_CA-UCSF-UC45_2020_EPI_ISL_450237_2020-03-19)
Align target 590 (hCoV-19_England_201421308_2020_EPI_ISL_465959_2020-03-30)
Align target 591 (hCoV-19_England_BRIS-121C8C_2020_EPI_ISL_440148_2020-03-18)
Align target 592 (hCoV-19_England_20129032804_2020_EPI_ISL_424022)
Align target 593 (hCoV-19_Denmark_ALAB-HH27_2020_EPI_ISL_429285)
Align target 594 (hCoV-19_England_CAMB-751F4_2020_EPI_ISL_440376_2020-03-15)
Align target 595 (hCoV-19_Spain_COV001972_2020_EPI_ISL_452410_2020-03-14)
Align target 596 (hCoV-19_England_CAMB-8290B_2020_EPI_ISL_438638_2020-04-22)
Align target 597 (hCoV-19_Switzerland_110435_2020_EPI_ISL_451861_2020-04-07)
Align target 598 (hCoV-19_England_CAMB-806AC_2020_EPI_ISL_442562_2020-04-10)
Align target 599 (hCoV-19_England_CAMB-75F54_2020_EPI_ISL_438399_2020-03-30)
Align target 600 (hCoV-19_Spain_Valencia7_2020_EPI_ISL_416486)
Align target 601 (hCoV-19_Austria_CeMM0086_2020_EPI_ISL_437950_2020-03-24)
Align target 602 (hCoV-19_USA_WA-S499_2020_EPI_ISL_434259_2020-03-31)
Align target 603 (hCoV-19_Wales_PHWC-2E303_2020_EPI_ISL_446087_2020-04-16)
Align target 604 (hCoV-19_England_CAMB-758FF_2020_EPI_ISL_440472_2020-03-19)
Align target 605 (hCoV-19_Scotland_CVR1498_2020_EPI_ISL_433602_2020-04-02)
Align target 606 (hCoV-19_USA_CA-SCCPHD-UC128_2020_EPI_ISL_435607_2020-03-06)
Align target 607 (hCoV-19_Singapore_190_2020_EPI_ISL_462308_2020-04-20)
Align target 608 (hCoV-19_Uruguay_UY-NYUMC875_2020_EPI_ISL_457971_2020-04-19)
Align target 609 (hCoV-19_Norway_2244_2020_EPI_ISL_447838_2020-03-23)
Align target 610 (hCoV-19_USA_MA-MGH-00567_2020_EPI_ISL_460166_2020-03-22)
Align target 611 (hCoV-19_England_NOTT-10E5D5_2020_EPI_ISL_425568)
Align target 612 (hCoV-19_England_20168006104_2020_EPI_ISL_466601_2020-04-16)
Align target 613 (hCoV-19_England_20142060904_2020_EPI_ISL_420768)
Align target 614 (hCoV-19_USA_WI-UW-326_2020_EPI_ISL_436620_2020-04-25)
Align target 615 (hCoV-19_Singapore_177_2020_EPI_ISL_462295_2020-03-21)
Align target 616 (hCoV-19_England_NORW-E7193_2020_EPI_ISL_449009_2020-04-20)
Align target 617 (hCoV-19_Belgium_ULG-9620_2020_EPI_ISL_418650)
Align target 618 (hCoV-19_Austria_CeMM0074_2020_EPI_ISL_437943_2020-03-17)
Align target 619 (hCoV-19_USA_DC-HP00059_2020_EPI_ISL_457801_2020-03-24)
Align target 620 (hCoV-19_USA_MA-MGH-00195_2020_EPI_ISL_460203_2020-03-26)
Align target 621 (hCoV-19_England_SHEF-C29A5_2020_EPI_ISL_432749_2020-04-04)
Align target 622 (hCoV-19_England_CAMB-733D2_2020_EPI_ISL_439961_2020-03-22)
Align target 623 (hCoV-19_Israel_13077723_2020_EPI_ISL_447427_2020-04-03)
Align target 624 (hCoV-19_England_CAMB-76A9E_2020_EPI_ISL_438485_2020-03-29)
Align target 625 (hCoV-19_England_NOTT-11133F_2020_EPI_ISL_453648_2020-05-12)
Align target 626 (hCoV-19_England_20189155304_2020_EPI_ISL_465552_2020-05-02)
Align target 627 (hCoV-19_Morocco_15N_2020_EPI_ISL_458150_2020-05-15)
Align target 628 (hCoV-19_England_NORT-288DCB_2020_EPI_ISL_458631_2020-03-22)
Align target 629 (hCoV-19_USA_CA-CZBRR057IX00077_2020_EPI_ISL_428996)
Align target 630 (hCoV-19_Singapore_201_2020_EPI_ISL_462319_2020-04-24)
Align target 631 (hCoV-19_Wuhan_HB-WH5-240_2020_EPI_ISL_454981_2020-02-04)
Align target 632 (hCoV-19_USA_NY-NYUMC470_2020_EPI_ISL_435535_2020-04-16)
Align target 633 (hCoV-19_Luxembourg_LNS0102413_2020_EPI_ISL_428955)
Align target 634 (hCoV-19_USA_WA-UW-4330_2020_EPI_ISL_427265)
Align target 635 (hCoV-19_Northern_Ireland_NIRE-101F4D_2020_EPI_ISL_453480_2020-03-23)
Align target 636 (hCoV-19_France_B5687_2020_EPI_ISL_443292_2020-04-03)
Align target 637 (hCoV-19_England_20128014806_2020_EPI_ISL_423940)
Align target 638 (hCoV-19_USA_WA-UW87_2020_EPI_ISL_416443)
Align target 639 (hCoV-19_USA_CT-Yale-153_2020_EPI_ISL_452144_2020-04-29)
Align target 640 (hCoV-19_England_NORT-289164_2020_EPI_ISL_458678_2020-03-27)
Align target 641 (hCoV-19_Belgium_ULG-10152_2020_EPI_ISL_447140_2020-4-18)
Align target 642 (hCoV-19_Netherlands_ZuidHolland_90_2020_EPI_ISL_422957)
Align target 643 (hCoV-19_USA_NY-NYUMC104_2020_EPI_ISL_421716)
Align target 644 (hCov-19_Germany_BAV-V2011673_2020_EPI_ISL_420906)
Align target 645 (hCoV-19_England_201161462_2020_EPI_ISL_464843_2020-03-11)
Align target 646 (hCoV-19_SouthAfrica_KRISP-101_2020_EPI_ISL_455631_2020-04-30)
Align target 647 (hCoV-19_USA_WA-UW-4337_2020_EPI_ISL_427267)
Align target 648 (hCoV-19_England_20116165804_2020_EPI_ISL_464870_2020-03-11)
Align target 649 (hCoV-19_Switzerland_120230_2020_EPI_ISL_468291_2020-05-01)
Align target 650 (hCoV-19_England_201161185_2020_EPI_ISL_464818_2020-03-11)
Align target 651 (hCoV-19_Scotland_CVR405_2020_EPI_ISL_439076_2020-03-23)
Align target 652 (hCoV-19_Canada_ON-UHTC_0071_2020_EPI_ISL_463996_2020-04-23)
Align target 653 (hCoV-19_England_20186036004_2020_EPI_ISL_465469_2020-04-28)
Align target 654 (hCoV-19_Brazil_PA164218-IEC_2020_EPI_ISL_458147_2020-04-24)
Align target 655 (hCoV-19_England_BRIS-125DB2_2020_EPI_ISL_443993_2020-03-30)
Align target 656 (hCoV-19_Canada_ON-UHTC_0065_2020_EPI_ISL_464030_2020-04-22)
Align target 657 (hCoV-19_USA_MN-MDH-1063_2020_EPI_ISL_462908_2020-05-14)
Align target 658 (hCoV-19_Wales_PHWC-2D1FB_2020_EPI_ISL_445957_2020-04-02)
Align target 659 (hCoV-19_Greece_137_2020_EPI_ISL_434474_2020-03-11)
Align target 660 (hCoV-19_Belgium_ULG-10029_2020_EPI_ISL_421203)
Align target 661 (hCoV-19_England_NORW-E8EC8_2020_EPI_ISL_453562_2020-04-25)
Align target 662 (hCoV-19_Canada_BC_8606204_2020_EPI_ISL_418850)
Align target 663 (hCoV-19_Wales_PHWC-2C94F_2020_EPI_ISL_445926_2020-04-01)
Align target 664 (hCoV-19_Portugal_PT0567_2020_EPI_ISL_454290_2020-04-14)
Align target 665 (hCoV-19_England_20146014004_2020_EPI_ISL_423577)
Align target 666 (hCoV-19_Scotland_CVR1594_2020_EPI_ISL_433627_2020-04-04)
Align target 667 (hCoV-19_England_CAMB-1ADD94_2020_EPI_ISL_459459_2020-04-26)
Align target 668 (hCoV-19_India_1135_2020_EPI_ISL_424362)
Align target 669 (hCoV-19_USA_MN-MDH-305_2020_EPI_ISL_450770_2020-03-20)
Align target 670 (hCoV-19_Netherlands_NA_213_2020_EPI_ISL_422748)
Align target 671 (hCoV-19_Australia_NSW334_2020_EPI_ISL_451596_2020-03-23)
Align target 672 (hCoV-19_Spain_Valencia119_2020_EPI_ISL_436214_2020-03-13)
Align target 673 (hCoV-19_England_CAMB-1AE294_2020_EPI_ISL_459436_2020-04-27)
Align target 674 (hCoV-19_USA_CT-UW-4344_2020_EPI_ISL_426052)
Align target 675 (hCoV-19_England_20124097004_2020_EPI_ISL_465794_2020-03-13)
Align target 676 (hCoV-19_England_SHEF-C5289_2020_EPI_ISL_441972_2020-04-19)
Align target 677 (hCoV-19_Scotland_GCVR-1710AF_2020_EPI_ISL_459689_2020-03-26)
Align target 678 (hCoV-19_USA_FL-UF9_2020_EPI_ISL_447905_2020-04-29)
Align target 679 (hCoV-19_England_SHEF-BFDEB_2020_EPI_ISL_418293)
Align target 680 (hCoV-19_India_MaxCov0039_CSIR-IGIB_2020_EPI_ISL_459941_2020-05-11)
Align target 681 (hCoV-19_England_OXON-AD08D_2020_EPI_ISL_448557_2020-04-07)
Align target 682 (hCoV-19_England_20144017704_2020_EPI_ISL_423511)
Align target 683 (hCoV-19_Netherlands_ZuidHolland_14_2020_EPI_ISL_414471)
Align target 684 (hCoV-19_England_201380070_2020_EPI_ISL_421818)
Align target 685 (hCoV-19_Spain_Valencia33_2020_EPI_ISL_420118)
Align target 686 (hCoV-19_England_CAMB-1AE971_2020_EPI_ISL_459291_2020-05-01)
Align target 687 (hCoV-19_England_20156000204_2020_EPI_ISL_466278_2020-04-09)
Align target 688 (hCoV-19_Spain_COV001159_2020_EPI_ISL_452576_2020-03-25)
Align target 689 (hCoV-19_England_EXET-135C0D_2020_EPI_ISL_457146_2020-03-28)
Align target 690 (hCoV-19_England_CAMB-7767B_2020_EPI_ISL_439430_2020-03-31)
Align target 691 (hCoV-19_England_NOTT-10FCA2_2020_EPI_ISL_432707_2020-04-06)
Align target 692 (hCoV-19_Hong_Kong_HKPU61-0202_2020_EPI_ISL_419229)
Align target 693 (hCoV-19_England_CAMB-77365_2020_EPI_ISL_439513_2020-03-31)
Align target 694 (hCoV-19_England_NORT-289735_2020_EPI_ISL_458624_2020-03-31)
Align target 695 (hCoV-19_USA_WA-S665_2020_EPI_ISL_438218_2020-04-22)
Align target 696 (hCoV-19_Georgia_Tb-712_2020_EPI_ISL_416481)
Align target 697 (hCoV-19_Netherlands_NoordBrabant_122_2020_EPI_ISL_461157_2020-03-25)
Align target 698 (hCoV-19_USA_MA-MGH-00016_2020_EPI_ISL_460101_2020-03-25)
Align target 699 (hCoV-19_USA_CA-QDX-162_2020_EPI_ISL_467824_2020-03-16)
Align target 700 (hCoV-19_England_NOTT-10F774_2020_EPI_ISL_433047_2020-04-04)
Align target 701 (hCoV-19_Netherlands_NA_245_2020_EPI_ISL_422779)
Align target 702 (hCoV-19_Netherlands_Gelderland_38_2020_EPI_ISL_460938_2020-04-30)
Align target 703 (hCoV-19_England_NOTT-10E04D_2020_EPI_ISL_425487)
Align target 704 (hCoV-19_Scotland_GCVR-172B9E_2020_EPI_ISL_459137_2020-04-05)
Align target 705 (hCoV-19_England_BRIS-1217B8_2020_EPI_ISL_440135_2020-03-04)
Align target 706 (hCoV-19_Belgium_WWM-030665_2020_EPI_ISL_420321)
Align target 707 (hCoV-19_Wales_PHWC-3115E_2020_EPI_ISL_446410_2020-04-10)
Align target 708 (hCoV-19_USA_NY-NYUMC808_2020_EPI_ISL_456044_2020-03-27)
Align target 709 (hCoV-19_England_CAMB-1ADD67_2020_EPI_ISL_459471_2020-04-26)
Align target 710 (hCoV-19_Denmark_ALAB-SSI432_2020_EPI_ISL_429528)
Align target 711 (hCoV-19_England_LIVE-9AA1C_2020_EPI_ISL_449379_2020-03-28)
Align target 712 (hCoV-19_England_20108118204_2020_EPI_ISL_464478_2020-03-04)
Align target 713 (hCoV-19_Sichuan_SC-PHCC1-027_2020_EPI_ISL_451348_2020-02-09)
Align target 714 (hCoV-19_England_CAMB-7EC63_2020_EPI_ISL_442856_2020-04-07)
Align target 715 (hCoV-19_USA_VA-DCLS-0382_2020_EPI_ISL_467943_2020-04-16)
Align target 716 (hCoV-19_Spain_COV003663_2020_EPI_ISL_467189_2020-04-01)
Align target 717 (hCoV-19_England_EXET-135B6A_2020_EPI_ISL_457138_2020-04-07)
Align target 718 (hCoV-19_Iceland_347_2020_EPI_ISL_424371)
Align target 719 (hCoV-19_USA_NY-PV08473_2020_EPI_ISL_421416)
Align target 720 (hCoV-19_USA_CA-SCCPHD-UC193_2020_EPI_ISL_435672_2020-03-20)
Align target 721 (hCoV-19_France_10034HM_2020_EPI_ISL_447675_2020-03)
Align target 722 (hCoV-19_England_NOTT-1119A6_2020_EPI_ISL_461947_2020-05-31)
Align target 723 (hCoV-19_Portugal_PT0235_2020_EPI_ISL_453949_2020-03-31)
Align target 724 (hCoV-19_England_201060004_2020_EPI_ISL_464356_2020-03-03)
Align target 725 (hCoV-19_Wales_PHWC-31947_2020_EPI_ISL_446507_2020-04-10)
Align target 726 (hCoV-19_Belgium_ULG-10118_2020_EPI_ISL_427366)
Align target 727 (hCoV-19_Colombia_INS-79943_2020_EPI_ISL_456138_2020-03-16)
Align target 728 (hCoV-19_Poland_1111628_2020_EPI_ISL_450530_2020-04-01)
Align target 729 (hCoV-19_Switzerland_130021_2020_EPI_ISL_467013_2020-05-11)
Align target 730 (hCoV-19_England_BRIS-124F9F_2020_EPI_ISL_443859_2020-03-26)
Align target 731 (hCoV-19_Luxembourg_LNS0406113_2020_EPI_ISL_434501_2020-04-14)
Align target 732 (hCoV-19_Scotland_EDB087_2020_EPI_ISL_425879)
Align target 733 (hCoV-19_Wales_PHWC-33EBF_2020_EPI_ISL_446836_2020-04-15)
Align target 734 (hCoV-19_England_SHEF-C3C23_2020_EPI_ISL_453706_2020-04-22)
Align target 735 (hCoV-19_Spain_COV002054_2020_EPI_ISL_452375_2020-03-15)
Align target 736 (hCoV-19_England_SHEF-CD89E_2020_EPI_ISL_432549_2020-03-28)
Align target 737 (hCoV-19_USA_CA-CZB-1274_2020_EPI_ISL_454611_2020-04-16)
Align target 738 (hCoV-19_England_PORT-2CFD7D_2020_EPI_ISL_461994_2020-05-06)
Align target 739 (hCoV-19_Australia_SAP017_2020_EPI_ISL_468012_2020-04-02)
Align target 740 (hCoV-19_England_CAMB-1AC2C3_2020_EPI_ISL_447949_2020-04-30)
Align target 741 (hCoV-19_France_B2343_2020_EPI_ISL_416508)
Align target 742 (hCoV-19_England_LIVE-9B4E0_2020_EPI_ISL_449453_2020-04-02)
Align target 743 (hCoV-19_Canada_BC_11656063_2020_EPI_ISL_467327_2020-04)
Align target 744 (hCoV-19_Belgium_LD-030597_2020_EPI_ISL_420353)
Align target 745 (hCoV-19_USA_MDH-6339_2020_EPI_ISL_454424_2020-03-09)
Align target 746 (hCoV-19_USA_IL-NM095_2020_EPI_ISL_444583_2020-03-19)
Align target 747 (hCoV-19_France_OCC-7_2020_EPI_ISL_434622_2020-03)
Align target 748 (hCoV-19_England_NOTT-10ED82_2020_EPI_ISL_432922_2020-03-29)
Align target 749 (hCoV-19_England_LOND-D5295_2020_EPI_ISL_449697_2020-04-15)
Align target 750 (hCoV-19_England_LOND-D523B_2020_EPI_ISL_449692_2020-04-14)
Align target 751 (hCoV-19_England_20140007802_2020_EPI_ISL_421927)
Align target 752 (hCoV-19_England_20186075804_2020_EPI_ISL_465474_2020-04-27)
Align target 753 (hCoV-19_Ghana_2914_S8_2020_EPI_ISL_422399)
Align target 754 (hCoV-19_USA_OR-OHSU-0049_2020_EPI_ISL_468086_2020-04-16)
Align target 755 (hCoV-19_Scotland_EDB3775_2020_EPI_ISL_439320_2020-04-29)
Align target 756 (hCoV-19_Switzerland_42176771_2020_EPI_ISL_418285)
Align target 757 (hCoV-19_India_NIV-729_3_2020_EPI_ISL_454561_2020-04-07)
Align target 758 (hCoV-19_England_20164066404_2020_EPI_ISL_466462_2020-04-15)
Align target 759 (hCoV-19_Scotland_EDB5087_2020_EPI_ISL_456963_2020-04-25)
Align target 760 (hCoV-19_England_NORW-EA628_2020_EPI_ISL_461859_2020-05-20)
Align target 761 (hCoV-19_USA_NC_200409_2020_EPI_ISL_458297_2020-04)
Align target 762 (hCoV-19_England_CAMB-77453_2020_EPI_ISL_438545_2020-03-31)
Align target 763 (hCoV-19_USA_LA-SR0306_2020_EPI_ISL_445161_2020-04-07)
Align target 764 (hCoV-19_England_20139002004_2020_EPI_ISL_423336)
Align target 765 (hCoV-19_England_NOTT-111663_2020_EPI_ISL_461903_2020-05-19)
Align target 766 (hCoV-19_Spain_COV002010_2020_EPI_ISL_452395_2020-03-14)
Align target 767 (hCoV-19_England_CAMB-764BE_2020_EPI_ISL_439486_2020-03-29)
Align target 768 (hCoV-19_USA_WA-UW-6315_2020_EPI_ISL_430966_2020-04-02)
Align target 769 (hCoV-19_Netherlands_Limburg_24_2020_EPI_ISL_461012_2020-04-25)
Align target 770 (hCoV-19_England_NORW-EBD04_2020_EPI_ISL_457501_2020-05-08)
Align target 771 (hCoV-19_England_CAMB-80E2C_2020_EPI_ISL_442844_2020-04-10)
Align target 772 (hCoV-19_Scotland_CVR776_2020_EPI_ISL_433337_2020-03-26)
Align target 773 (hCoV-19_England_20189159601_2020_EPI_ISL_465564_2020-05-02)
Align target 774 (hCoV-19_England_LOND-D568A_2020_EPI_ISL_449711_2020-04-16)
Align target 775 (hCoV-19_England_20128033902_2020_EPI_ISL_420473)
Align target 776 (hCoV-19_Wales_PHWC-287D0_2020_EPI_ISL_432108_2020-04-01)
Align target 777 (hCoV-19_England_CAMB-1AAD2E_2020_EPI_ISL_444317_2020-04-27)
Align target 778 (hCoV-19_Canada_QC_AC6_1_2020_EPI_ISL_463904_2020-04-05)
Align target 779 (hCoV-19_Belgium_HLE-0327390_2020_EPI_ISL_462244_2020-03-27)
Align target 780 (hCoV-19_USA_NY-WCMP10F10P_2020_EPI_ISL_427575)
Align target 781 (hCoV-19_USA_MA-MGH-00282_2020_EPI_ISL_460408_2020-04-01)
Align target 782 (hCoV-19_England_CAMB-1AFC86_2020_EPI_ISL_459181_2020-05-04)
Align target 783 (hCoV-19_England_NORW-EBA76_2020_EPI_ISL_457470_2020-05-07)
Align target 784 (hCoV-19_USA_WA-UW-3939_2020_EPI_ISL_427213)
Align target 785 (hCoV-19_Belgium_LA-0403382_2020_EPI_ISL_462236_2020-04-03)
Align target 786 (hCoV-19_Scotland_GCVR-171054_2020_EPI_ISL_459656_2020-03-27)
Align target 787 (hCoV-19_England_CAMB-1B02DB_2020_EPI_ISL_459263_2020-04-30)
Align target 788 (hCoV-19_Scotland_CVR3398_2020_EPI_ISL_453098_2020-05-08)
Align target 789 (hCoV-19_USA_WA-S956_2020_EPI_ISL_463446_2020-05-01)
Align target 790 (hCoV-19_England_CAMB-7D5C3_2020_EPI_ISL_442113_2020-04-06)
Align target 791 (hCoV-19_USA_NY-PV09405_2020_EPI_ISL_450085_2020-03-20)
Align target 792 (hCoV-19_Netherlands_NA_160_2020_EPI_ISL_422695)
Align target 793 (hCoV-19_England_NOTT-10F4F5_2020_EPI_ISL_433012_2020-04-02)
Align target 794 (hCoV-19_Wuhan_HB-WH4-198_2020_EPI_ISL_455386_2020-02-12)
Align target 795 (hCoV-19_Netherlands_NA_690_2020_EPI_ISL_461125_2020-03-26)
Align target 796 (hCoV-19_Singapore_58_2020_EPI_ISL_428837)
Align target 797 (hCoV-19_England_201160908_2020_EPI_ISL_464805_2020-03-11)
Align target 798 (hCoV-19_Switzerland_110482_2020_EPI_ISL_451894_2020-04-07)
Align target 799 (hCoV-19_France_HF1813_2020_EPI_ISL_418221)
Align target 800 (hCoV-19_England_CAMB-7F5B2_2020_EPI_ISL_442921_2020-04-08)
Align target 801 (hCoV-19_England_20188018404_2020_EPI_ISL_465496_2020-04-30)
Align target 802 (hCoV-19_England_SHEF-C0FB4_2020_EPI_ISL_432720_2020-03-30)
Align target 803 (hCoV-19_USA_VA-DCLS-0070_2020_EPI_ISL_429970)
Align target 804 (hCoV-19_HongKong_HKPU54-0302_2020_EPI_ISL_419226)
Align target 805 (hCoV-19_Denmark_ALAB-SSI411_2020_EPI_ISL_429505)
Align target 806 (hCoV-19_Iceland_499_2020_EPI_ISL_424521)
Align target 807 (hCoV-19_Iceland_94_2020_EPI_ISL_417732)
Align target 808 (hCoV-19_England_SHEF-CA0B7_2020_EPI_ISL_432481_2020-03-30)
Align target 809 (hCoV-19_USA_FL_5125_2020_EPI_ISL_419559)
Align target 810 (hCoV-19_England_NORW-E76B2_2020_EPI_ISL_449063_2020-05-04)
Align target 811 (hCoV-19_Australia_VIC277_2020_EPI_ISL_419970)
Align target 812 (hCoV-19_Sweden_20-08687_2020_EPI_ISL_430856)
Align target 813 (hCoV-19_Australia_VIC1711_2020_EPI_ISL_456616_2020-05-19)
Align target 814 (hCoV-19_Spain_Valencia160_2020_EPI_ISL_436255_2020-03-19)
Align target 815 (hCoV-19_USA_WA-UW372_2020_EPI_ISL_418939)
Align target 816 (hCoV-19_Denmark_ALAB-HH78_2020_EPI_ISL_429320)
Align target 817 (hCoV-19_Australia_VIC625_2020_EPI_ISL_426929)
Align target 818 (hCoV-19_USA_VA-DCLS-0390_2020_EPI_ISL_467787_2020-04-18)
Align target 819 (hCoV-19_USA_UT-00492_2020_EPI_ISL_430047)
Align target 820 (hCoV-19_Wales_PHWC-31ABD_2020_EPI_ISL_446525_2020-04-11)
Align target 821 (hCoV-19_USA_MN-MDH-637_2020_EPI_ISL_437384_2020-04-16)
Align target 822 (hCoV-19_Egypt_CUNCI-HGC012_2020_EPI_ISL_468051_2020-05-02)
Align target 823 (hCoV-19_England_20134002904_2020_EPI_ISL_423054)
Align target 824 (hCoV-19_India_CCMB_J458_2020_EPI_ISL_447575_2020-04-02)
Align target 825 (hCoV-19_England_CAMB-7CB59_2020_EPI_ISL_442197_2020-04-05)
Align target 826 (hCoV-19_Italy_VR_20COV_21-26_2020_EPI_ISL_422437)
Align target 827 (hCoV-19_USA_WA-UW-1572_2020_EPI_ISL_424171)
Align target 828 (hCoV-19_Scotland_CVR335_2020_EPI_ISL_439054_2020-03-21)
Align target 829 (hCoV-19_USA_WI-204_2020_EPI_ISL_428300)
Align target 830 (hCoV-19_India_NIV-QC-799_2020_EPI_ISL_454569_2020-04-26)
Align target 831 (hCoV-19_USA_TX-HMH0126_2020_EPI_ISL_434826_2020-03-20)
Align target 832 (hCoV-19_England_CAMB-83041_2020_EPI_ISL_443627_2020-04-04)
Align target 833 (hCoV-19_England_LIVE-9A7D9_2020_EPI_ISL_449367_2020-03-30)
Align target 834 (hCoV-19_USA_WA-UW-4335_2020_EPI_ISL_427266)
Align target 835 (hCoV-19_England_CAMB-76D3B_2020_EPI_ISL_425424)
Align target 836 (hCoV-19_USA_TX-HMH0349_2020_EPI_ISL_434943_2020-04-01)
Align target 837 (hCoV-19_Israel_2089861_2020_EPI_ISL_447361_2020-04-01)
Align target 838 (hCoV-19_Japan_Donner8_2020_EPI_ISL_438953_2020-04-01)
Align target 839 (hCoV-19_England_NOTT-10FAA8_2020_EPI_ISL_432681_2020-04-07)
Align target 840 (hCoV-19_England_20172003704_2020_EPI_ISL_465326_2020-04-21)
Align target 841 (hCoV-19_Scotland_EDB168_2020_EPI_ISL_425925)
Align target 842 (hCoV-19_England_CAMB-7B7B0_2020_EPI_ISL_441599_2020-04-03)
Align target 843 (hCoV-19_USA_CA-SR0248_2020_EPI_ISL_437562_2020-03-21)
Align target 844 (hCoV-19_Switzerland_100062_2020_EPI_ISL_466984_2020-03-12)
Align target 845 (hCoV-19_USA_WA-S514_2020_EPI_ISL_434274_2020-03-29)
Align target 846 (hCoV-19_England_CAMB-76B5F_2020_EPI_ISL_438381_2020-03-31)
Align target 847 (hCoV-19_Scotland_EDB910_2020_EPI_ISL_432875_2020-04-06)
Align target 848 (hCoV-19_England_CAMB-83603_2020_EPI_ISL_443393_2020-04-15)
Align target 849 (hCoV-19_England_SHEF-CC9E7_2020_EPI_ISL_457657_2020-05-02)
Align target 850 (hCoV-19_England_20129017104_2020_EPI_ISL_424003)
Align target 851 (hCoV-19_USA_NY-NYUMC490_2020_EPI_ISL_436738_2020-03-18)
Align target 852 (hCoV-19_NetherlandsL_Houten_1363498_2020_EPI_ISL_413575)
Align target 853 (hCoV-19_England_CAMB-78CF0_2020_EPI_ISL_441096_2020-04-02)
Align target 854 (hCoV-19_Netherlands_NA_590_2020_EPI_ISL_460754_2020-03-27)
Align target 855 (hCoV-19_Turkey_6224-Ankara1034_2020_EPI_ISL_417413)
Align target 856 (hCoV-19_England_LIVE-9E016_2020_EPI_ISL_453261_2020-04-03)
Align target 857 (hCoV-19_England_LOND-D59EB_2020_EPI_ISL_457288_2020-04-17)
Align target 858 (hCoV-19_Australia_NSW355_2020_EPI_ISL_451616_2020-04-17)
Align target 859 (hCoV-19_Wales_PHWC-23CB8_2020_EPI_ISL_418101)
Align target 860 (hCoV-19_USA_VA-DCLS-0152_2020_EPI_ISL_437785_2020-04-17)
Align target 861 (hCoV-19_Portugal_PT0601_2020_EPI_ISL_454324_2020-04-06)
Align target 862 (hCoV-19_England_201590076_2020_EPI_ISL_466370_2020-04-09)
Align target 863 (hCoV-19_England_20149005504_2020_EPI_ISL_466110_2020-03-31)
Align target 864 (hCoV-19_India_NIV-4271_2020_EPI_ISL_454530_2020-03-22)
Align target 865 (hCoV-19_USA_MI-MDHHS-SC20050_2020_EPI_ISL_437137_2020-03-19)
Align target 866 (hCoV-19_India_NIV-11677_2020_EPI_ISL_452194_2020-04-19)
Align target 867 (hCoV-19_Spain_Valencia233_2020_EPI_ISL_436328_2020-03-26)
Align target 868 (hCoV-19_USA_MA-MGH-00071_2020_EPI_ISL_460446_2020-03-23)
Align target 869 (hCoV-19_Scotland_CVR1449_2020_EPI_ISL_438816_2020-04-02)
Align target 870 (hCoV-19_England_CAMB-1B2CF9_2020_EPI_ISL_456720_2020-05-20)
Align target 871 (hCoV-19_Wales_PHWC-24D2D_2020_EPI_ISL_419503)
Align target 872 (hCoV-19_Singapore_35_2020_EPI_ISL_422428)
Align target 873 (hCoV-19_USA_CA-CZB-1089_2020_EPI_ISL_444023_2020-05-01)
Align target 874 (hCoV-19_Wales_PHWC-30BF7_2020_EPI_ISL_446336_2020-04-10)
Align target 875 (hCoV-19_USA_OR-OHSU-0081_2020_EPI_ISL_468098_2020-04-24)
Align target 876 (hCoV-19_USA_MA-MGH-00254_2020_EPI_ISL_460173_2020-04-06)
Align target 877 (hCoV-19_USA_MN-MDH-117_2020_EPI_ISL_427273)
Align target 878 (hCoV-19_England_BRIS-129871_2020_EPI_ISL_458365_2020-04-01)
Align target 879 (hCoV-19_Estonia_ChVir2148_2020_EPI_ISL_420540)
Align target 880 (hCoV-19_USA_TX-HMH0155_2020_EPI_ISL_434854_2020-03-23)
Align target 881 (hCoV-19_Australia_VIC1265_2020_EPI_ISL_436124_2020-04-12)
Align target 882 (hCoV-19_USA_MI-MDHHS-SC20464_2020_EPI_ISL_460003_2020-03-30)
Align target 883 (hCoV-19_USA_FL-BPHL-0097_2020_EPI_ISL_445040_2020-04-28)
Align target 884 (hCoV-19_USA_GA-QDX-116_2020_EPI_ISL_467846_2020-03-13)
Align target 885 (hCoV-19_India_NIV-701_3_2020_EPI_ISL_454560_2020-04-06)
Align target 886 (hCoV-19_England_201380064_2020_EPI_ISL_421816)
Align target 887 (hCoV-19_Oman_RESP-20-1857_2020_EPI_ISL_457937_2020-03-15)
Align target 888 (hCoV-19_England_SHEF-C2D8B_2020_EPI_ISL_441935_2020-04-11)
Align target 889 (hCoV-19_Wales_PHWC-2A9D8_2020_EPI_ISL_445648_2020-04-06)
Align target 890 (hCoV-19_Australia_VIC1111_2020_EPI_ISL_430570)
Align target 891 (hCoV-19_Wales_PHWC-26CF1_2020_EPI_ISL_422261)
Align target 892 (hCoV-19_Italy_INMI1-B2_2020_EPI_ISL_451299_2020-02-04)
Align target 893 (hCoV-19_USA_WA-UW59_2020_EPI_ISL_415624)
Align target 894 (hCoV-19_England_CAMB-84BF4_2020_EPI_ISL_440508_2020-03-12)
Align target 895 (hCoV-19_Netherlands_ZuidHolland_127_2020_EPI_ISL_461300_2020-04-30)
Align target 896 (hCoV-19_Australia_NSW21_2020_EPI_ISL_417386)
Align target 897 (hCoV-19_USA_WA-NH10_2020_EPI_ISL_418779)
Align target 898 (hCoV-19_Spain_COV001375_2020_EPI_ISL_452526_2020-03-13)
Align target 899 (hCoV-19_Thailand_Bangkok-0088_2020_EPI_ISL_447028_2020-04-07)
Align target 900 (hCoV-19_Australia_VIC152_2020_EPI_ISL_419849)
Align target 901 (hCoV-19_Luxembourg_LNS8188502_2020_EPI_ISL_419598)
Align target 902 (hCoV-19_USA_WA-S735_2020_EPI_ISL_449905_2020-04-13)
Align target 903 (hCoV-19_Wales_PHWC-24DF0_2020_EPI_ISL_420942)
hCoV-19_Wales_PHWC-24DF0_2020_EPI_ISL_420942: Frameshift error (scores nt: 121303; codon: 69662)
Align target 904 (hCoV-19_England_201080054_2020_EPI_ISL_464445_2020-03-05)
Align target 905 (hCoV-19_USA_MI-MDHHS-SC20559_2020_EPI_ISL_462641_2020-05-01)
Align target 906 (hCoV-19_Scotland_GCVR-173B06_2020_EPI_ISL_459129_2020-04-07)
Align target 907 (hCoV-19_Belgium_RR-030699_2020_EPI_ISL_420355)
Align target 908 (hCoV-19_Wales_PHWC-317B6_2020_EPI_ISL_446487_2020-04-13)
Align target 909 (hCoV-19_Uruguay_UY-NYUMC870_2020_EPI_ISL_457966_2020-04-06)
Align target 910 (hCoV-19_Netherlands_ZuidHolland_66_2020_EPI_ISL_422934)
Align target 911 (hCoV-19_England_NOTT-111B37_2020_EPI_ISL_461963_2020-06-01)
Align target 912 (hCoV-19_USA_NM-UNM-00010_2020_EPI_ISL_467592_2020-03-13)
Align target 913 (hCoV-19_Wales_PHWC-31C99_2020_EPI_ISL_446553_2020-04-14)
Align target 914 (hCoV-19_USA_LA-SR0290_2020_EPI_ISL_445145_2020-04-01)
Align target 915 (hCoV-19_England_OXON-AF2A3_2020_EPI_ISL_448822_2020-03-24)
Align target 916 (hCoV-19_England_CAMB-840B9_2020_EPI_ISL_438733_2020-04-26)
Align target 917 (hCoV-19_Switzerland_GE6065_2020_EPI_ISL_429220)
Align target 918 (hCoV-19_USA_MI-MDHHS-SC20501_2020_EPI_ISL_460039_2020-05-11)
Align target 919 (hCoV-19_England_SHEF-D2F82_2020_EPI_ISL_453777_2020-04-21)
Align target 920 (hCoV-19_England_CAMB-74BF7_2020_EPI_ISL_425355)
Align target 921 (hCoV-19_Spain_COV001911_2020_EPI_ISL_467066_2020-03-16)
Align target 922 (hCoV-19_England_CAMB-779EB_2020_EPI_ISL_439484_2020-03-31)
Align target 923 (hCoV-19_England_201360143_2020_EPI_ISL_423227)
Align target 924 (hCoV-19_USA_WA-S1093_2020_EPI_ISL_463583_2020-05-02)
Align target 925 (hCoV-19_Scotland_GCVR-173A54_2020_EPI_ISL_459152_2020-04-07)
Align target 926 (hCoV-19_Netherlands_NA_231_2020_EPI_ISL_422766)
Align target 927 (hCoV-19_USA_VA-DCLS-0161_2020_EPI_ISL_437794_2020-04-15)
Align target 928 (hCoV-19_England_20109050306_2020_EPI_ISL_417264)
Align target 929 (hCoV-19_USA_MI-MDHHS-SC20458_2020_EPI_ISL_459997_2020-05-06)
Align target 930 (hCoV-19_England_LIVE-9C625_2020_EPI_ISL_449561_2020-03-23)
Align target 931 (hCoV-19_USA_MA-MGH-00422_2020_EPI_ISL_460384_2020-03-07)
Align target 932 (hCoV-19_Portugal_PT0108_2020_EPI_ISL_453824_2020-03-21)
Align target 933 (hCoV-19_USA_UT-01987_2020_EPI_ISL_452173_2020-04-16)
Align target 934 (hCoV-19_Scotland_EDB4533_2020_EPI_ISL_461716_2020-05-06)
Align target 935 (hCoV-19_USA_WA-UW-1646_2020_EPI_ISL_424187)
Align target 936 (hCoV-19_Scotland_EDB306_2020_EPI_ISL_461708_2020-03-27)
Align target 937 (hCoV-19_Wales_PHWC-2759B_2020_EPI_ISL_432006_2020-03-31)
Align target 938 (hCoV-19_USA_CA-CZB-1229_2020_EPI_ISL_450478_2020-04-03)
Align target 939 (hCoV-19_India_ILSCV17569_2020_EPI_ISL_463057_2020-05-12)
Align target 940 (hCoV-19_Scotland_EDB131_2020_EPI_ISL_425910)
Align target 941 (hCoV-19_USA_WI-33_2020_EPI_ISL_421291)
Align target 942 (hCoV-19_England_201620092_2020_EPI_ISL_466407_2020-04-12)
Align target 943 (hCoV-19_Australia_VIC1575_2020_EPI_ISL_456495_2020)
Align target 944 (hCoV-19_England_20172009004_2020_EPI_ISL_465332_2020-04-20)
Align target 945 (hCoV-19_USA_WA-S334_2020_EPI_ISL_434094_2020-04-04)
Align target 946 (hCoV-19_England_CAMB-79CA4_2020_EPI_ISL_440604_2020-04-02)
Align target 947 (hCoV-19_Spain_Galicia202297_2020_EPI_ISL_455335_2020-03-11)
Align target 948 (hCoV-19_England_BRIS-12A5B5_2020_EPI_ISL_458408_2020-05-01)
Align target 949 (hCoV-19_Finland_13M26_2020_EPI_ISL_418386)
Align target 950 (hCoV-19_England_NORW-EAEA8_2020_EPI_ISL_457389_2020-04-30)
Align target 951 (hCoV-19_England_BRIS-122456_2020_EPI_ISL_440630_2020-04-03)
Align target 952 (hCoV-19_South_Africa_KRISP-0141_2020_EPI_ISL_467492_2020-05-21)
Align target 953 (hCoV-19_England_201090819_2020_EPI_ISL_464607_2020-03-07)
Align target 954 (hCoV-19_England_20129081504_2020_EPI_ISL_424073)
Align target 955 (hCoV-19_England_NORW-EAE99_2020_EPI_ISL_457388_2020-04-30)
Align target 956 (hCoV-19_England_LIVE-9E526_2020_EPI_ISL_453306_2020-04-04)
Align target 957 (hCoV-19_USA_MI-MDHHS-SC20563_2020_EPI_ISL_462645_2020-04-29)
Align target 958 (hCoV-19_Belgium_UGent-57_2020_EPI_ISL_451168_2020-04-03)
Align target 959 (hCoV-19_England_20146001804_2020_EPI_ISL_466012_2020-04-01)
Align target 960 (hCoV-19_USA_NY-PV09442_2020_EPI_ISL_450119_2020-03-08)
hCoV-19_USA_NY-PV09442_2020_EPI_ISL_450119_2020-03-08: Frameshift error (scores nt: 148235; codon: 133427)
Align target 961 (hCoV-19_USA_CT-UW-5749_2020_EPI_ISL_430917_2020-04-04)
Align target 962 (hCoV-19_Australia_VIC98_2020_EPI_ISL_419810)
Align target 963 (hCoV-19_USA_WA-UW-4404_2020_EPI_ISL_426135)
Align target 964 (hCoV-19_Wales_PHWC-3414C_2020_EPI_ISL_446876_2020-04-16)
Align target 965 (hCoV-19_England_20164086804_2020_EPI_ISL_466490_2020-04-15)
Align target 966 (hCoV-19_Australia_VIC884_2020_EPI_ISL_427137)
Align target 967 (hCoV-19_USA_TX-HMH012_2020_EPI_ISL_434723_2020-03-15)
Align target 968 (hCoV-19_England_CAMB-7B817_2020_EPI_ISL_441595_2020-04-05)
Align target 969 (hCoV-19_USA_MD-HP033_2020_EPI_ISL_438226_2020-03-16)
Align target 970 (hCoV-19_Iceland_501_2020_EPI_ISL_424523)
Align target 971 (hCoV-19_Denmark_ALAB-SSI-649_2020_EPI_ISL_437020_2020-03-28)
Align target 972 (hCoV-19_England_CAMB-831A8_2020_EPI_ISL_443619_2020-04-14)
Align target 973 (hCoV-19_England_SHEF-C90E5_2020_EPI_ISL_432464_2020-03-23)
Align target 974 (hCoV-19_USA_WA-S1158_2020_EPI_ISL_463648_2020-05-04)
Align target 975 (hCoV-19_USA_WA-S336_2020_EPI_ISL_434096_2020-04-03)
Align target 976 (hCoV-19_USA_PA-MGEL78_2020_EPI_ISL_454364_2020-03-30)
Align target 977 (hCoV-19_USA_WI-UW-298_2020_EPI_ISL_436592_2020-04-13)
Align target 978 (hCoV-19_Scotland_EDB2605_2020_EPI_ISL_439238_2020-04-25)
Align target 979 (hCoV-19_England_CAMB-72607_2020_EPI_ISL_439906_2020-03-24)
Align target 980 (hCoV-19_Congo_KN-0072_2020_EPI_ISL_417442)
Align target 981 (hCoV-19_Hangzhou_HZ638_2020_EPI_ISL_418515)
Align target 982 (hCoV-19_Netherlands_NA_657_2020_EPI_ISL_461092_2020)
Align target 983 (hCoV-19_England_SHEF-C384D_2020_EPI_ISL_432777_2020-03-30)
Align target 984 (hCoV-19_England_CAMB-1AEC1E_2020_EPI_ISL_448062_2020-05-05)
Align target 985 (hCoV-19_Sweden_20-07013_2020_EPI_ISL_434662_2020-04-07)
Align target 986 (hCoV-19_Wales_PHWC-2A422_2020_EPI_ISL_445567_2020-04-06)
Align target 987 (hCoV-19_England_201101421_2020_EPI_ISL_464663_2020-03-09)
Align target 988 (hCoV-19_England_NOTT-10FA3F_2020_EPI_ISL_432675_2020-04-05)
Align target 989 (hCoV-19_England_CAMB-7C00F_2020_EPI_ISL_433979_2020-04-12)
Align target 990 (hCoV-19_India_RMRC162_2020_EPI_ISL_455762_2020-05-07)
Align target 991 (hCoV-19_Scotland_CVR3048_2020_EPI_ISL_461636_2020-04-24)
Align target 992 (hCoV-19_England_LOND-D3B32_2020_EPI_ISL_449629_2020-04-04)
Align target 993 (hCoV-19_England_201380236_2020_EPI_ISL_465835_2020-03-25)
Align target 994 (_hCoV-19_Italy_IZSPB_1259_2020_EPI_ISL_451962_2020-03-20)
Align target 995 (hCoV-19_Scotland_CVR2941_2020_EPI_ISL_461601_2020-04-22)
Align target 996 (hCoV-19_England_BRIS-1230F7_2020_EPI_ISL_442680_2020-04-05)
Align target 997 (hCoV-19_England_CAMB-1B2549_2020_EPI_ISL_456692_2020-05-18)
Align target 998 (hCoV-19_Philippines_PH-RITM-03_2020_EPI_ISL_430456)
Align target 999 (hCoV-19_Spain_COV001536_2020_EPI_ISL_467140_2020-03-16)
Computing global alignment... done.
