Align target 0 (hCoV-19_England_LIVE-996A0_2020_EPI_ISL_439748_2020-04-09)
Align target 1 (hCoV-19_England_201060038_2020_EPI_ISL_464375_2020-03-05)
Align target 2 (hCoV-19_Netherlands_NA_92_2020_EPI_ISL_422852)
Align target 3 (hCoV-19_Scotland_EDB111_2020_EPI_ISL_425899)
Align target 4 (hCoV-19_Singapore_89_2020_EPI_ISL_435694_2020-04-22)
Align target 5 (hCoV-19_USA_WA-S441_2020_EPI_ISL_434201_2020-03-31)
Align target 6 (hCoV-19_England_OXON-AC6D7_2020_EPI_ISL_448476_2020-04-05)
Align target 7 (hCoV-19_England_20186006004_2020_EPI_ISL_465465_2020-04-29)
Align target 8 (hCoV-19_England_LOND-D3D96_2020_EPI_ISL_449651_2020-04-04)
Align target 9 (hCoV-19_Denmark_ALAB-SSI-600_2020_EPI_ISL_436987_2020-03-28)
Align target 10 (hCoV-19_Belgium_MSE-0324121_2020_EPI_ISL_420378)
Align target 11 (hCoV-19_Brazil_RJ-2033_2020_EPI_ISL_456100_2020-04-15)
Align target 12 (hCoV-19_USA_NM-UNM-00098_2020_EPI_ISL_467639_2020-04-01)
Align target 13 (hCoV-19_Australia_VIC1574_2020_EPI_ISL_456493_2020)
Align target 14 (hCoV-19_USA_WA-S278_2020_EPI_ISL_430132)
Align target 15 (hCoV-19_England_20134007104_2020_EPI_ISL_423074)
Align target 16 (hCoV-19_USA_MI-MDHHS-SC20431_2020_EPI_ISL_452305_2020-03-19)
Align target 17 (hCoV-19_England_CAMB-82ACC_2020_EPI_ISL_438657_2020-04-23)
Align target 18 (hCoV-19_England_20172004404_2020_EPI_ISL_465329_2020-04-20)
Align target 19 (hCoV-19_SouthAfrica_Tygerberg_45_2020_EPI_ISL_464154_2020-04-08)
Align target 20 (hCoV-19_Colombia_INS-82320_2020_EPI_ISL_456151_2020-03-19)
Align target 21 (hCoV-19_England_BRIS-124B5F_2020_EPI_ISL_444015_2020-03-25)
Align target 22 (hCoV-19_England_CAMB-1B3AEF_2020_EPI_ISL_461576_2020-05-23)
Align target 23 (hCoV-19_Cyprus_006_2020_EPI_ISL_463746_2020-04-11)
Align target 24 (hCoV-19_Northern_Ireland_NIRE-1020EF_2020_EPI_ISL_441380_2020-03-21)
Align target 25 (hCoV-19_India_NCDC-02105_2020_EPI_ISL_435071_2020-03-25)
Align target 26 (hCoV-19_England_LOND-D4A61_2020_EPI_ISL_444173_2020-04-11)
Align target 27 (hCoV-19_England_BRIS-1230E8_2020_EPI_ISL_442662_2020-04-05)
Align target 28 (hCoV-19_England_BRIS-1269F9_2020_EPI_ISL_459052_2020-04-08)
Align target 29 (hCoV-19_France_10009EE_2020_EPI_ISL_447696_2020-03)
Align target 30 (hCoV-19_England_201080161_2020_EPI_ISL_464471_2020-03-05)
Align target 31 (hCoV-19_England_CAMB-75C3F_2020_EPI_ISL_438353_2020-03-29)
Align target 32 (hCoV-19_France_HF2586_2020_EPI_ISL_418236)
Align target 33 (hCOV-19_Kazakhstan_26530_2020_EPI_ISL_454590_2020-04-26)
Align target 34 (hCoV-19_England_CAMB-7FDE7_2020_EPI_ISL_444417_2020-04-20)
Align target 35 (hCoV-19_Netherlands_Zeeland_37_2020_EPI_ISL_461276_2020-04-29)
Align target 36 (hCoV-19_Singapore_113_2020_EPI_ISL_443205_2020-03-18)
Align target 37 (hCoV-19_Netherlands_NA_510_2020_EPI_ISL_460683_2020-04-02)
Align target 38 (hCoV-19_USA_MI-MDHHS-SC20489_2020_EPI_ISL_460028_2020-03-31)
Align target 39 (hCoV-19_England_CAMB-722C7_2020_EPI_ISL_439557_2020-03-28)
Align target 40 (hCoV-19_England_BRIS-12960E_2020_EPI_ISL_458808_2020-04-20)
Align target 41 (hCoV-19_USA_WA-UW124_2020_EPI_ISL_416662)
Align target 42 (hCoV-19_Italy_5062_2020_EPI_ISL_457736_2020-03-24)
Align target 43 (hCoV-19_England_CAMB-1B1182_2020_EPI_ISL_459166_2020-05-07)
Align target 44 (hCoV-19_USA_MI-MDHHS-SC20246_2020_EPI_ISL_447216_2020-03-21)
Align target 45 (hCoV-19_Portugal_PT0374_2020_EPI_ISL_454090_2020-03-19)
Align target 46 (hCoV-19_England_LIVE-9C8C5_2020_EPI_ISL_449592_2020-03-23)
Align target 47 (hCoV-19_Portugal_PT0134_2020_EPI_ISL_453850_2020-03-26)
Align target 48 (hCoV-19_USA_MI-MDHHS-SC20482_2020_EPI_ISL_460021_2020-03-31)
Align target 49 (hCoV-19_USA_MN-MDH-146_2020_EPI_ISL_427285)
Align target 50 (hCoV-19_England_BRIS-126C69_2020_EPI_ISL_459086_2020-04-09)
Align target 51 (hCoV-19_Australia_VIC1080_2020_EPI_ISL_430579)
Align target 52 (hCoV-19_England_BRIS-126953_2020_EPI_ISL_458929_2020-04-10)
Align target 53 (hCoV-19_USA_MI-MDHHS-SC20347_2020_EPI_ISL_450626_2020-03-30)
Align target 54 (hCoV-19_USA_NY-NYUMC643_2020_EPI_ISL_444760_2020-04-03)
Align target 55 (hCoV-19_USA_TX-HMH070_2020_EPI_ISL_434779_2020-03-18)
Align target 56 (hCoV-19_England_20124034102_2020_EPI_ISL_418710)
Align target 57 (hCoV-19_England_NORW-EB548_2020_EPI_ISL_457442_2020-05-01)
Align target 58 (hCoV-19_England_20110058706_2020_EPI_ISL_417311)
Align target 59 (hCoV-19_Portugal_PT0347_2020_EPI_ISL_454063_2020-03-18)
Align target 60 (hCoV-19_Belgium_Rega-0329243_2020_EPI_ISL_458213_2020-03-29)
Align target 61 (hCoV-19_England_BRIS-125E46_2020_EPI_ISL_443851_2020-03-30)
Align target 62 (hCoV-19_Spain_Valencia181_2020_EPI_ISL_436276_2020-03-22)
Align target 63 (hCoV-19_Bosnia-and-Herzegovina_ChVir7379_2020_EPI_ISL_462476_2020-03-29)
Align target 64 (hCoV-19_Chile_Santiago_68_2020_EPI_ISL_445364_2020-03-17)
Align target 65 (hCoV-19_Netherlands_NA_252_2020_EPI_ISL_422786)
Align target 66 (hCoV-19_Portugal_PT0473_2020_EPI_ISL_454197_2020-04-24)
Align target 67 (hCoV-19_USA_MI-MDHHS-SC20455_2020_EPI_ISL_459994_2020-05-06)
Align target 68 (hCoV-19_England_SHEF-CCC93_2020_EPI_ISL_432533_2020-03-31)
Align target 69 (hCoV-19_England_NORW-E9735_2020_EPI_ISL_461831_2020-04-29)
Align target 70 (hCoV-19_USA_WA-S1177_2020_EPI_ISL_463667_2020-05-05)
Align target 71 (hCoV-19_England_201040074_2020_EPI_ISL_464319_2020-03-03)
Align target 72 (hCoV-19_USA_WA-S659_2020_EPI_ISL_438212_2020-04-21)
Align target 73 (hCoV-19_Iceland_86_2020_EPI_ISL_417870)
Align target 74 (hCoV-19_England_201080001_2020_EPI_ISL_464417_2020-03-05)
Align target 75 (hCoV-19_India_S16_2020_EPI_ISL_455646_2020-04-03)
Align target 76 (hCoV-19_England_NORW-E7FD5_2020_EPI_ISL_449098_2020-05-06)
Align target 77 (hCoV-19_Jordan_SR-0333_2020_EPI_ISL_450186_2020-04-07)
Align target 78 (hCoV-19_England_CAMB-1AFC4A_2020_EPI_ISL_459168_2020-05-01)
Align target 79 (hCoV-19_Luxembourg_LNS1586597_2020_EPI_ISL_421758)
Align target 80 (hCoV-19_New_Zealand_20VR1839_2020_EPI_ISL_456280_2020-03-28)
Align target 81 (hCoV-19_Canada_BC_13705728_2020_EPI_ISL_467424_2020-04)
Align target 82 (hCoV-19_Denmark_ALAB-SSI101_2020_EPI_ISL_429333)
Align target 83 (hCoV-19_England_20128012404_2020_EPI_ISL_423934)
Align target 84 (hCoV-19_USA_MI-MDHHS-SC20316_2020_EPI_ISL_447113_2020-04-02)
Align target 85 (hCoV-19_Belgium_Rega-0330257_2020_EPI_ISL_458227_2020-03-30)
Align target 86 (hCoV-19_Wales_PHWC-32C2F_2020_EPI_ISL_446667_2020-04-15)
Align target 87 (hCoV-19_England_20194020701_2020_EPI_ISL_465608_2020-05-05)
Align target 88 (hCoV-19_DK_ALAB-SSI-242_2020_EPI_ISL_437657_2020-03-10)
Align target 89 (hCoV-19_South_Africa_KRISP-0024_2020_EPI_ISL_467436_2020-04-01)
Align target 90 (hCoV-19_England_201361007_2020_EPI_ISL_421784)
Align target 91 (hCoV-19_Scotland_CVR1633_2020_EPI_ISL_433636_2020-04-05)
Align target 92 (hCoV-19_USA_MI-MDHHS-SC20389_2020_EPI_ISL_450600_2020-04-30)
Align target 93 (hCoV-19_Scotland_GCVR-171106_2020_EPI_ISL_459543_2020-03-27)
Align target 94 (hCoV-19_England_LOND-D4472_2020_EPI_ISL_444124_2020-04-08)
Align target 95 (hCoV-19_England_NORW-E7F5D_2020_EPI_ISL_449097_2020-05-06)
Align target 96 (hCoV-19_England_CAMB-1ADB30_2020_EPI_ISL_448036_2020-05-02)
Align target 97 (hCoV-19_Scotland_EDB1740_2020_EPI_ISL_433133_2020-04-15)
Align target 98 (hCoV-19_Netherlands_ZuidHolland_62_2020_EPI_ISL_422930)
Align target 99 (hCoV-19_USA_DW_COVID_55_2020__EPI_ISL_467304_2020-06-08)
Align target 100 (hCoV-19_Belgium_OT-0319109_2020_EPI_ISL_420365)
Align target 101 (hCoV-19_Scotland_EDB4882_2020_EPI_ISL_453170_2020-05-13)
Align target 102 (hCoV-19_Australia_VIC1467_2020_EPI_ISL_456451_2020-04-22)
Align target 103 (hCoV-19_England_CAMB-71CCA_2020_EPI_ISL_439610_2020-03-30)
Align target 104 (hCoV-19_Wales_PHWC-25515_2020_EPI_ISL_421001)
Align target 105 (hCoV-19_Wales_PHWC-31455_2020_EPI_ISL_446448_2020-04-12)
Align target 106 (hCoV-19_Iceland_54_2020_EPI_ISL_417684)
Align target 107 (hCoV-19_Portugal_CV62_2020_EPI_ISL_413647)
Align target 108 (hCoV-19_USA_WI-204_2020_EPI_ISL_428300)
Align target 109 (hCoV-19_Greece_33_36910_2020_EPI_ISL_437893_2020-03-29)
Align target 110 (hCoV-19_USA_MA-QDX-47_2020_EPI_ISL_467859_2020-03-15)
Align target 111 (hCoV-19_Sweden_20-50048_2020_EPI_ISL_429136)
Align target 112 (hCoV-19_Netherlands_ZuidHolland_191_2020_EPI_ISL_461363_2020-04-23)
Align target 113 (hCoV-19_China_WF0019_2020_EPI_ISL_413749)
Align target 114 (hCoV-19_Belgium_LT-030956_2020_EPI_ISL_418985)
Align target 115 (hCoV-19_DK_ALAB-SSI-1427_2020_EPI_ISL_437654_2020-04-04)
Align target 116 (hCoV-19_USA_MA-MGH-00199_2020_EPI_ISL_460468_2020-03-27)
Align target 117 (hCoV-19_USA_CT-UW-5036_2020_EPI_ISL_429640)
Align target 118 (hCoV-19_Thailand_TNIC-1889_2020_EPI_ISL_430837)
Align target 119 (hCoV-19_England_20188018404_2020_EPI_ISL_465496_2020-04-30)
Align target 120 (hCoV-19_Scotland_GCVR-1703C5_2020_EPI_ISL_459523_2020-03-23)
Align target 121 (hCoV-19_USA_WA-NH18_2020_EPI_ISL_418785)
Align target 122 (hCoV-19_Iceland_56_2020_EPI_ISL_417852)
Align target 123 (hCoV-19_Wuhan_HB-WH1-144_2020_EPI_ISL_455368_2020-02-23)
Align target 124 (hCoV-19_Wales_PHWC-2F117_2020_EPI_ISL_446203_2020-04-06)
Align target 125 (hCoV-19_Australia_NSWID930_2020_EPI_ISL_421636)
Align target 126 (hCoV-19_India_THSTI-BAL_913_2020_EPI_ISL_454865_2020-04-16)
Align target 127 (hCoV-19_USA_VA-DCLS-0412_2020_EPI_ISL_467806_2020-04-26)
Align target 128 (hCoV-19_England_CAMB-7D43F_2020_EPI_ISL_441661_2020-04-05)
Align target 129 (hCoV-19_England_SHEF-CAD56_2020_EPI_ISL_457644_2020-04-24)
Align target 130 (hCoV-19_Scotland_EDB4743_2020_EPI_ISL_453143_2020-05-10)
Align target 131 (hCoV-19_Netherlands_NA_560_2020_EPI_ISL_460725_2020-04-11)
Align target 132 (hCoV-19_Scotland_EDB290_2020_EPI_ISL_456903_2020-03-27)
Align target 133 (hCoV-19_England_NORW-EAD23_2020_EPI_ISL_461886_2020-04-29)
Align target 134 (hCoV-19_Scotland_CVR14_2020_EPI_ISL_425683)
Align target 135 (hCoV-19_Spain_COV001587_2020_EPI_ISL_467103_2020-03-12)
Align target 136 (hCoV-19_England_CAMB-1B10FE_2020_EPI_ISL_459188_2020-05-06)
Align target 137 (hCoV-19_Australia_VIC1654_2020_EPI_ISL_456556_2020-05-08)
Align target 138 (hCoV-19_Turkey_HSGM-11518_2020_EPI_ISL_429872)
Align target 139 (hCoV-19_Wales_PHWC-2EDF6_2020_EPI_ISL_446157_2020-04-07)
Align target 140 (hCoV-19_England_CAMB-75024_2020_EPI_ISL_440401_2020-03-17)
Align target 141 (hCoV-19_USA_CA3_2020_EPI_ISL_408008)
Align target 142 (hCoV-19_USA_MA-MGH-00272_2020_EPI_ISL_460463_2020-04-01)
Align target 143 (hCoV-19_Switzerland_101180_2020_EPI_ISL_451842_2020-03-31)
Align target 144 (hCoV-19_USA_UT-03794_2020_EPI_ISL_450538_2020-03-13)
Align target 145 (hCoV-19_Switzerland_100135_2020_EPI_ISL_451719_2020-03-16)
Align target 146 (hCoV-19_England_LIVE-9A01A_2020_EPI_ISL_439837_2020-04-14)
Align target 147 (hCoV-19_Spain_COV000749_2020_EPI_ISL_452739_2020-03-08)
Align target 148 (hCoV-19_England_LIVE-9E9C0_2020_EPI_ISL_453352_2020-04-12)
Align target 149 (hCoV-19_England_NORW-EAF5A_2020_EPI_ISL_457396_2020-04-30)
Align target 150 (hCoV-19_China_WH-09_2020_EPI_ISL_411957)
Align target 151 (hCoV-19_USA_WA-UW-542_2020_EPI_ISL_430883_2020-03-12)
Align target 152 (hCoV-19_England_CAMB-78865_2020_EPI_ISL_433781_2020-04-06)
Align target 153 (hCoV-19_England_201161210_2020_EPI_ISL_464823_2020-03-12)
Align target 154 (hCoV-19_Wales_PHWC-280B7_2020_EPI_ISL_432120_2020-03-25)
Align target 155 (hCoV-19_India_NIV-QA-707_2020_EPI_ISL_454563_2020-04-10)
Align target 156 (hCoV-19_Belgium_rega-0423302_2020_EPI_ISL_462156_2020-04-23)
Align target 157 (hCoV-19_Oman_RESP-20-2523_2020_EPI_ISL_457975_2020-03-17)
Align target 158 (hCoV-19_France_Lyon_06625_2020_EPI_ISL_417337)
Align target 159 (hCoV-19_England_LIVE-99C08_2020_EPI_ISL_439808_2020-04-13)
Align target 160 (hCoV-19_England_201380044_2020_EPI_ISL_421805)
Align target 161 (hCoV-19_England_NORW-EB223_2020_EPI_ISL_461890_2020-05-03)
Align target 162 (hCoV-19_England_CAMB-1B0ED7_2020_EPI_ISL_452975_2020-05-11)
Align target 163 (hCoV-19_Scotland_EDB063_2020_EPI_ISL_425863)
Align target 164 (hCoV-19_USA_NY-SURV0996_2020_EPI_ISL_436081_2020-03-17)
Align target 165 (hCoV-19_Australia_VIC1380_2020_EPI_ISL_456418_2020-04-14)
Align target 166 (hCoV-19_England_20140068404_2020_EPI_ISL_423400)
Align target 167 (hCoV-19_England_CAMB-7A5C6_2020_EPI_ISL_441092_2020-04-02)
Align target 168 (hCoV-19_Canada_BC_03469815_2020_EPI_ISL_466743_2020-04)
Align target 169 (hCoV-19_USA_UT-00020_2020_EPI_ISL_417028)
Align target 170 (hCoV-19_England_CAMB-8282C_2020_EPI_ISL_443493_2020-04-13)
Align target 171 (hCoV-19_England_20140071604_2020_EPI_ISL_423414)
Align target 172 (hCoV-19_Hangzhou_HZ49_2020_EPI_ISL_418442)
Align target 173 (hCoV-19_Brazil_SPBR-14_2020_EPI_ISL_416036)
Align target 174 (hCoV-19_England_201090602_2020_EPI_ISL_464591_2020-03-07)
Align target 175 (hCoV-19_Wales_PHWC-32BC8_2020_EPI_ISL_446662_2020-04-15)
Align target 176 (hCoV-19_England_LIVE-9A45A_2020_EPI_ISL_449333_2020-03-28)
Align target 177 (hCoV-19_England_20136016204_2020_EPI_ISL_465819_2020-03-24)
Align target 178 (hCoV-19_Wales_PHWC-255AC_2020_EPI_ISL_421008)
Align target 179 (hCoV-19_USA_WY-WYPHL-00079_2020_EPI_ISL_462971_2020-03-27)
Align target 180 (hCoV-19_England_CAMB-77435_2020_EPI_ISL_439440_2020-03-31)
Align target 181 (hCoV-19_England_201140055_2020_EPI_ISL_464708_2020-03-10)
Align target 182 (hCoV-19_USA_WA-UW238_2020_EPI_ISL_417452)
Align target 183 (hCoV-19_USA_WA-S952_2020_EPI_ISL_463442_2020-04-27)
Align target 184 (hCoV-19_England_CAMB-1AD040_2020_EPI_ISL_447959_2020-04-29)
Align target 185 (hCoV-19_Canada_BC_00696199_2020_EPI_ISL_466699_2020-04)
Align target 186 (hCoV-19_USA_CA-CZB-1189_2020_EPI_ISL_454632_2020-04-29)
Align target 187 (hCoV-19_USA_UT-01979_2020_EPI_ISL_452166_2020-04-16)
Align target 188 (hCoV-19_England_LIVE-9B5FC_2020_EPI_ISL_449468_2020-03-25)
Align target 189 (hCoV-19_USA_FL-BPHL-02_2020_EPI_ISL_436506_2020-04-05)
Align target 190 (hCoV-19_Saudi_Arabia_KAUST-MADINAH256_2020_EPI_ISL_437740_2020-04-20)
Align target 191 (hCoV-19_Australia_VIC1144_2020_EPI_ISL_430619)
Align target 192 (hCoV-19_Chile_Temuco_10_2020_EPI_ISL_445344_2020-03-26)
Align target 193 (hCoV-19_Scotland_CVR951_2020_EPI_ISL_439137_2020-03-28)
Align target 194 (hCoV-19_England_CAMB-78FF7_2020_EPI_ISL_441817_2020-04-03)
Align target 195 (hCoV-19_Singapore_285_2020_EPI_ISL_462403_2020-04-14)
Align target 196 (hCoV-19_England_CAMB-76973_2020_EPI_ISL_438449_2020-03-29)
Align target 197 (hCoV-19_Scotland_GCVR-173BAC_2020_EPI_ISL_459142_2020-04-07)
Align target 198 (hCoV-19_Scotland_CVR2531_2020_EPI_ISL_438924_2020-04-15)
Align target 199 (hCoV-19_England_SHEF-C0242_2020_EPI_ISL_420187)
Align target 200 (hCoV-19_England_201161300_2020_EPI_ISL_464830_2020-03-10)
Align target 201 (hCoV-19_England_CAMB-828FF_2020_EPI_ISL_443641_2020-04-14)
Align target 202 (hCoV-19_USA_NJ-NYUMC367_2020_EPI_ISL_430394)
Align target 203 (hCoV-19_USA_WI-252_2020_EPI_ISL_428726)
Align target 204 (hCoV-19_England_BRIS-12ABA4_2020_EPI_ISL_458323_2020-05-01)
Align target 205 (hCoV-19_England_201060014_2020_EPI_ISL_464360_2020-03-04)
Align target 206 (hCoV-19_Spain_Valencia537_2020_EPI_ISL_447482_2020-03-29)
Align target 207 (hCoV-19_Spain_COV001426_2020_EPI_ISL_452475_2020-03-23)
Align target 208 (hCoV-19_Israel_2089812_2020_EPI_ISL_447364_2020-04-01)
Align target 209 (hCoV-19_England_CAMB-78CA5_2020_EPI_ISL_441220_2020-04-03)
Align target 210 (hCoV-19_Canada_BC_19431939_2020_EPI_ISL_462764_2020-03)
Align target 211 (hCoV-19_Canada_BC_21110314_2020_EPI_ISL_462791_2020-03)
Align target 212 (hCoV-19_England_SHEF-C9BB7_2020_EPI_ISL_442348_2020-03-31)
Align target 213 (hCoV-19_Scotland_GCVR-1712A9_2020_EPI_ISL_459633_2020-03-26)
Align target 214 (hCoV-19_England_BRIS-124D0E_2020_EPI_ISL_443897_2020-03-26)
Align target 215 (hCoV-19_Canada_BC_6404889_2020_EPI_ISL_418838)
Align target 216 (hCoV-19_USA_NM-UNM-00150_2020_EPI_ISL_467571_2020-04-03)
Align target 217 (hCoV-19_USA_IL-NM024_2020_EPI_ISL_444534_2020-03-14)
Align target 218 (hCoV-19_Spain_COV001908_2020_EPI_ISL_467067_2020-03-16)
Align target 219 (hCoV-19_Chongqing_IVDC-CQ-001_2020_EPI_ISL_408481)
Align target 220 (hCoV-19_Spain_Valencia47_2020_EPI_ISL_421517)
Align target 221 (hCoV-19_England_CAMB-7B53E_2020_EPI_ISL_433972_2020)
Align target 222 (hCoV-19_Portugal_PT0020_2020_EPI_ISL_418005)
Align target 223 (hCoV-19_Scotland_EDB5164_2020_EPI_ISL_456982_2020-05-19)
Align target 224 (hCoV-19_Canada_BC_19785113_2020_EPI_ISL_462769_2020-03)
Align target 225 (hCoV-19_USA_VA-DCLS-0317_2020_EPI_ISL_467930_2020-05-04)
Align target 226 (hCoV-19_Congo_253_2020_EPI_ISL_420838)
Align target 227 (hCoV-19_England_20124096704_2020_EPI_ISL_465793_2020-03-18)
Align target 228 (hCoV-19_Belgium_AO-04074040_2020_EPI_ISL_462258_2020-04-07)
Align target 229 (hCoV-19_England_OXON-AEA8E_2020_EPI_ISL_448751_2020)
Align target 230 (hCoV-19_USA_NY-PV09494_2020_EPI_ISL_450166_2020-03-21)
Align target 231 (hCoV-19_England_20102004104_2020_EPI_ISL_464278_2020-03-02)
Align target 232 (hCoV-19_USA_ID-UW-2127_2020_EPI_ISL_426057)
Align target 233 (hCoV-19_Latvia_019_2020_EPI_ISL_450519_2020-04-14)
Align target 234 (hCoV-19_Portugal_PT0520_2020_EPI_ISL_454244_2020-03-22)
Align target 235 (hCoV-19_Russia_StPetersburg-RII4936S_2020_EPI_ISL_430071)
Align target 236 (hCoV-19_England_BRIS-131384_2020_EPI_ISL_467701_2020-05-23)
Align target 237 (hCoV-19_Netherlands_NA_516_2020_EPI_ISL_460689_2020-03-20)
Align target 238 (hCoV-19_USA_CA-CZB-1193_2020_EPI_ISL_454633_2020-04-29)
Align target 239 (hCoV-19_USA_ID-UW-1925_2020_EPI_ISL_424321)
Align target 240 (hCoV-19_Wales_PHWC-24121_2020_EPI_ISL_418147)
Align target 241 (hCoV-19_Canada_BC_0554880_2020_EPI_ISL_418817)
Align target 242 (hCoV-19_Denmark_ALAB-HH-130_2020_EPI_ISL_452011_2020-03-11)
Align target 243 (hCoV-19_England_LIVE-9E27A_2020_EPI_ISL_453282_2020-04-03)
Align target 244 (hCoV-19_England_20199034004_2020_EPI_ISL_465644_2020-05-05)
Align target 245 (hCoV-19_USA_CA-SR0230_2020_EPI_ISL_437573_2020-04-24)
Align target 246 (hCoV-19_Portugal_PT0249_2020_EPI_ISL_453963_2020-04-02)
Align target 247 (hCoV-19_USA_NY-PV09043_2020_EPI_ISL_421606)
Align target 248 (hCoV-19_England_20099071804_2020_EPI_ISL_464219_2020-02-28)
Align target 249 (hCoV-19_USA_MN-MDH-284_2020_EPI_ISL_437361_2020-03-29)
Align target 250 (hCoV-19_DRC_3662_2020_EPI_ISL_447234_2020-04-23)
Align target 251 (hCoV-19_USA_CT-UW-4347_2020_EPI_ISL_426054)
Align target 252 (hCoV-19_Wales_PHWC-30AEB_2020_EPI_ISL_446320_2020-04-10)
Align target 253 (hCoV-19_England_20126104604_2020_EPI_ISL_423916)
Align target 254 (hCoV-19_England_CAMB-82A08_2020_EPI_ISL_438646_2020-04-23)
Align target 255 (hCoV-19_England_20149022304_2020_EPI_ISL_466167_2020-04-03)
Align target 256 (hCoV-19_Wales_PHWC-25FEA_2020_EPI_ISL_422060)
Align target 257 (hCoV-19_Netherlands_Gelderland_1_2020_EPI_ISL_415461)
Align target 258 (hCoV-19_Portugal_PT0254_2020_EPI_ISL_453968_2020-04-03)
Align target 259 (hCoV-19_England_LIVE-9DD01_2020_EPI_ISL_449622_2020-04-30)
Align target 260 (hCoV-19_England_CAMB-1AECB4_2020_EPI_ISL_448069_2020-05-06)
Align target 261 (hCoV-19_England_BRIS-12AC56_2020_EPI_ISL_458351_2020-04-30)
Align target 262 (hCoV-19_New_Zealand_20VR1078_2020_EPI_ISL_456188_2020-03-22)
Align target 263 (hCoV-19_Spain_Galicia202230_2020_EPI_ISL_455333_2020-03-11)
Align target 264 (hCoV-19_Guangdong_2020XN4276-P0037_2020_EPI_ISL_413859)
Align target 265 (hCoV-19_Guangzhou_GZMU0079_2020_EPI_ISL_457691_2020-02-11)
Align target 266 (hCoV-19_Wales_PHWC-27F15_2020_EPI_ISL_432124_2020-03-25)
Align target 267 (hCoV-19_England_20142082204_2020_EPI_ISL_423462)
Align target 268 (hCoV-19_USA_WA-S1036_2020_EPI_ISL_463526_2020-05-03)
Align target 269 (hCoV-19_Singapore_197_2020_EPI_ISL_462315_2020-04-22)
Align target 270 (hCoV-19_England_BRIS-131375_2020_EPI_ISL_467718_2020-05-23)
Align target 271 (hCoV-19_Russia_StPetersburg-RII6061S_2020_EPI_ISL_430108)
Align target 272 (hCoV-19_Sichuan_SC-GA-062_2020_EPI_ISL_451313_2020-01-26)
Align target 273 (hCoV-19_England_20144070104_2020_EPI_ISL_423557)
Align target 274 (hCoV-19_Spain_Madrid_H12_33_2020_EPI_ISL_428696)
Align target 275 (hCoV-19_Wales_PHWC-2A2BF_2020_EPI_ISL_445548_2020-04-06)
Align target 276 (hCoV-19_England_20130093704_2020_EPI_ISL_423685)
Align target 277 (hCoV-19_England_NORW-E752E_2020_EPI_ISL_457326_2020-05-04)
Align target 278 (hCoV-19_New_Zealand_20VR2554_2020_EPI_ISL_456385_2020-04-15)
Align target 279 (hCoV-19_England_CAMB-73527_2020_EPI_ISL_440211_2020-03-20)
Align target 280 (hCoV-19_England_LOND-D3ACC_2020_EPI_ISL_441034_2020-04-06)
Align target 281 (hCoV-19_Scotland_GCVR-172D98_2020_EPI_ISL_459163_2020-04-06)
Align target 282 (hCoV-19_England_20149001804_2020_EPI_ISL_466084_2020-04-02)
Align target 283 (hCoV-19_England_NOTT-110F78_2020_EPI_ISL_448441_2020-04-22)
Align target 284 (hCoV-19_Australia_VIC90_2020_EPI_ISL_419801)
Align target 285 (hCoV-19_England_20132049202_2020_EPI_ISL_420499)
Align target 286 (hCoV-19_Netherlands_Friesland_29_2020_EPI_ISL_460844_2020-04-14)
Align target 287 (hCoV-19_England_201090791_2020_EPI_ISL_464605_2020-03-05)
Align target 288 (hCoV-19_Scotland_EDB2373_2020_EPI_ISL_439194_2020-04-22)
Align target 289 (hCoV-19_USA_LA-SR0157_2020_EPI_ISL_435460_2020-04-02)
Align target 290 (hCoV-19_Guangzhou_GZMU0078_2020_EPI_ISL_457690_2020-02-11)
Align target 291 (hCoV-19_Scotland_CVR3089_2020_EPI_ISL_439030_2020-04-25)
Align target 292 (hCoV-19_Spain_COV001911_2020_EPI_ISL_467066_2020-03-16)
Align target 293 (hCoV-19_USA_WA-S323_2020_EPI_ISL_434083_2020-04-02)
Align target 294 (hCoV-19_USA_WA-S1205_2020_EPI_ISL_463695_2020-05-06)
Align target 295 (hCoV-19_USA_MI-MDHHS-SC20060_2020_EPI_ISL_437147_2020-03-21)
Align target 296 (hCoV-19_Saudi_Arabia_KAUST-MADINAH249_2020_EPI_ISL_437735_2020-04-20)
Align target 297 (hCoV-19_USA_WA-S1206_2020_EPI_ISL_463696_2020-05-06)
Align target 298 (hCoV-19_Netherlands_NA_399_2020_EPI_ISL_455201_2020)
Align target 299 (hCoV-19_England_CAMB-7567D_2020_EPI_ISL_425420)
Align target 300 (hCoV-19_USA_MA-MGH-00281_2020_EPI_ISL_460195_2020-04-01)
Align target 301 (hCoV-19_Wales_PHWC-28372_2020_EPI_ISL_432073_2020-03-27)
Align target 302 (hCoV-19_USA_WA-S343_2020_EPI_ISL_434103_2020-04-02)
Align target 303 (hCoV-19_England_CAMB-1B251C_2020_EPI_ISL_456689_2020)
Align target 304 (hCoV-19_England_CAMB-81957_2020_EPI_ISL_442588_2020-04-11)
Align target 305 (hCoV-19_England_20148006904_2020_EPI_ISL_422006)
Align target 306 (hCoV-19_England_SHEF-D1E68_2020_EPI_ISL_442499_2020-03-25)
Align target 307 (hCoV-19_Wales_PHWC-250F6_2020_EPI_ISL_420967)
Align target 308 (hCoV-19_Canada_QC_AP6_2020_EPI_ISL_463926_2020-04-14)
Align target 309 (hCoV-19_Australia_NSW173_2020_EPI_ISL_427801)
Align target 310 (hCoV-19_England_CAMB-81E76_2020_EPI_ISL_438586_2020-04-22)
Align target 311 (hCoV-19_England_CAMB-72ED2_2020_EPI_ISL_439990_2020-03-22)
Align target 312 (hCoV-19_USA_MI-MDHHS-SC20528_2020_EPI_ISL_460576_2020-05-14)
Align target 313 (hCoV-19_England_CAMB-7B8DB_2020_EPI_ISL_442117_2020-04-05)
Align target 314 (hCoV-19_USA_MI-MDHHS-SC20575_2020_EPI_ISL_462657_2020-04-30)
Align target 315 (hCoV-19_USA_CA-SR0175_2020_EPI_ISL_435473_2020-04-28)
Align target 316 (hCoV-19_England_NORT-288ED7_2020_EPI_ISL_453494_2020-03-25)
Align target 317 (hCoV-19_Wales_PHWC-2905C_2020_EPI_ISL_445473_2020-04-03)
Align target 318 (hCoV-19_Wales_PHWC-29E07_2020_EPI_ISL_432267_2020-04-04)
Align target 319 (hCoV-19_USA_VA-DCLS-0153_2020_EPI_ISL_437786_2020-04-08)
Align target 320 (hCoV-19_Estonia_ChVir4292_2020_EPI_ISL_457729_2020-03)
Align target 321 (hCoV-19_USA_WA-UW24_2020_EPI_ISL_414593)
Align target 322 (hCoV-19_USA_NY-WCMP9B06P_2020_EPI_ISL_427547)
Align target 323 (hCoV-19_Belgium_ULG-10084_2020_EPI_ISL_424638)
Align target 324 (hCoV-19_Canada_BC_02083468_2020_EPI_ISL_466715_2020-04)
Align target 325 (hCoV-19_Scotland_EDB3557_2020_EPI_ISL_439284_2020-04-14)
Align target 326 (hCoV-19_Puerto_Rico_CDC-S3_2020_EPI_ISL_434543_2020-03-23)
Align target 327 (hCoV-19_Scotland_CVR196_2020_EPI_ISL_425728)
Align target 328 (hCoV-19_Spain_COV001373_2020_EPI_ISL_452528_2020-03-13)
Align target 329 (hCoV-19_Denmark_ALAB-SSI172_2020_EPI_ISL_429385)
Align target 330 (hCoV-19_England_LOND-D41B7_2020_EPI_ISL_444097_2020-04-06)
Align target 331 (hCoV-19_Northern_Ireland_NIRE-1023D7_2020_EPI_ISL_441410_2020-03-10)
Align target 332 (hCoV-19_Scotland_CVR2419_2020_EPI_ISL_448186_2020-04-14)
Align target 333 (hCoV-19_England_20149000304_2020_EPI_ISL_466078_2020-04-04)
Align target 334 (hCoV-19_USA_UT-0353_2020_EPI_ISL_435353_2020-03-27)
Align target 335 (hCoV-19_England_EXET-135511_2020_EPI_ISL_457069_2020-04-10)
Align target 336 (hCoV-19_USA_NM-UNM-00128_2020_EPI_ISL_467561_2020-04-03)
Align target 337 (hCoV-19_Wales_PHWC-2D6ED_2020_EPI_ISL_446014_2020-04-04)
Align target 338 (hCoV-19_Spain_COV000911_2020_EPI_ISL_452656_2020-03-26)
Align target 339 (hCoV-19_England_CAMB-80C13_2020_EPI_ISL_443042_2020-04-11)
Align target 340 (hCoV-19_England_201080059_2020_EPI_ISL_464449_2020-03-05)
Align target 341 (hCoV-19_Australia_SAP240_2020_EPI_ISL_467997_2020-03-30)
Align target 342 (hCoV-19_Belgium_Rega-0328207_2020_EPI_ISL_458177_2020-03-28)
Align target 343 (hCoV-19_England_20170047404_2020_EPI_ISL_465297_2020-04-19)
Align target 344 (hCoV-19_England_NORW-EC78D_2020_EPI_ISL_457561_2020-05-11)
Align target 345 (hCoV-19_England_CAMB-7FE4E_2020_EPI_ISL_444423_2020-04-19)
Align target 346 (hCoV-19_Germany_BAV-MVP0149_2020_EPI_ISL_451942_2020-03-30)
Align target 347 (hCoV-19_Spain_COV000934_2020_EPI_ISL_452638_2020-03-27)
Align target 348 (hCoV-19_England_BRIS-121B43_2020_EPI_ISL_440174_2020-03-18)
Align target 349 (hCoV-19_England_20148067304_2020_EPI_ISL_466077_2020-04-02)
Align target 350 (hCoV-19_USA_WA-UW-4770_2020_EPI_ISL_429625)
Align target 351 (hCoV-19_Wales_PHWC-2F250_2020_EPI_ISL_446223_2020-04-06)
Align target 352 (hCoV-19_Sichuan_SC-GA-064_2020_EPI_ISL_451315_2020-01-30)
Align target 353 (hCoV-19_Taiwan_TSGH-10_2020_EPI_ISL_427397)
Align target 354 (hCoV-19_USA_WA-S1122_2020_EPI_ISL_463612_2020-05-04)
Align target 355 (hCoV-19_Portugal_PT0155_2020_EPI_ISL_453871_2020-03-27)
Align target 356 (hCoV-19_England_20164070804_2020_EPI_ISL_466471_2020-04-12)
Align target 357 (hCoV-19_Canada_BC_14260476_2020_EPI_ISL_467426_2020-04)
Align target 358 (hCoV-19_Australia_NSW98_2020_EPI_ISL_427774)
Align target 359 (hCoV-19_Australia_NSW285_2020_EPI_ISL_451549_2020-04-01)
Align target 360 (hCoV-19_Luxembourg_LNS0102413_2020_EPI_ISL_428955)
Align target 361 (hCoV-19_England_CAMB-1B06B1_2020_EPI_ISL_452908_2020)
Align target 362 (hCoV-19_Wales_PHWC-25050_2020_EPI_ISL_420965)
Align target 363 (hCoV-19_England_LIVE-9C17F_2020_EPI_ISL_449517_2020-03-31)
Align target 364 (hCoV-19_England_CAMB-1B2989_2020_EPI_ISL_456706_2020-05-18)
Align target 365 (hCoV-19_England_NORT-289DBB_2020_EPI_ISL_453516_2020-04-05)
Align target 366 (hCoV-19_England_CAMB-762D2_2020_EPI_ISL_438362_2020-03-28)
Align target 367 (hCoV-19_Scotland_EDB801_2020_EPI_ISL_433248_2020-04-04)
Align target 368 (hCoV-19_Guangdong_ZQ-S2-P0061_2020_EPI_ISL_413901)
Align target 369 (hCoV-19_Singapore_107_2020_EPI_ISL_443199_2020-03-16)
Align target 370 (hCoV-19_England_20136016104_2020_EPI_ISL_465818_2020-03-24)
Align target 371 (hCoV-19_USA_WA-UW-1616_2020_EPI_ISL_424167)
Align target 372 (hCoV-19_Belgium_UGent-67_2020_EPI_ISL_451178_2020-04-09)
Align target 373 (hCoV-19_USA_WA-S1088_2020_EPI_ISL_463578_2020-04-29)
Align target 374 (hCoV-19_Italy_TE6571_2020_EPI_ISL_429231)
Align target 375 (hCoV-19_England_SHEF-CBF22_2020_EPI_ISL_462054_2020-04-19)
Align target 376 (hCoV-19_England_SHEF-C9935_2020_EPI_ISL_442043_2020-04-12)
Align target 377 (hCoV-19_England_CAMB-77F9E_2020_EPI_ISL_440846_2020-04-01)
Align target 378 (hCoV-19_Brazil_CV46_2020_EPI_ISL_429699)
Align target 379 (hCoV-19_USA_ID-UW-2255_2020_EPI_ISL_426063)
Align target 380 (hCoV-19_Iceland_443_2020_EPI_ISL_424467)
Align target 381 (hCoV-19_Netherlands_Gelderland_144_2020_EPI_ISL_460904_2020-05-22)
Align target 382 (hCoV-19_Iceland_295_2020_EPI_ISL_417624)
Align target 383 (hCoV-19_England_CAMB-786A7_2020_EPI_ISL_433762_2020-04-05)
Align target 384 (hCoV-19_Netherlands_Utrecht_26_2020_EPI_ISL_460829_2020-04-02)
Align target 385 (hCoV-19_Australia_VIC1011_2020_EPI_ISL_430547)
Align target 386 (hCoV-19_Scotland_EDB124_2020_EPI_ISL_425906)
Align target 387 (hCoV-19_England_NORW-E8578_2020_EPI_ISL_449160_2020-04-17)
Align target 388 (hCoV-19_Israel_701002768_2020_EPI_ISL_447283_2020-03-28)
Align target 389 (hCoV-19_Australia_VIC660_2020_EPI_ISL_426956)
Align target 390 (hCoV-19_England_LOND-D5B7C_2020_EPI_ISL_444237_2020-04-18)
Align target 391 (hCoV-19_England_BRIS-128757_2020_EPI_ISL_458758_2020-04-15)
Align target 392 (hCoV-19_USA_MI-MDHHS-SC20648_2020_EPI_ISL_462730_2020-04-23)
Align target 393 (hCoV-19_India_GBRC99_2020_EPI_ISL_450788_2020-05-06)
Align target 394 (hCoV-19_England_20166000604_2020_EPI_ISL_466495_2020-04-15)
Align target 395 (hCoV-19_Ghana_1651_S3_2020_EPI_ISL_422387)
Align target 396 (hCoV-19_India_nimh-0351_2020_EPI_ISL_428484)
Align target 397 (hCoV-19_USA_WA-S726_2020_EPI_ISL_449896_2020-04-11)
Align target 398 (hCoV-19_USA_VA-DCLS-0207_2020_EPI_ISL_437422_2020-04-08)
Align target 399 (hCoV-19_Canada_ON_PHL2294_2020_EPI_ISL_418384)
Align target 400 (hCoV-19_England_CAMB-72BBD_2020_EPI_ISL_440012_2020-03-22)
Align target 401 (hCoV-19_England_LIVE-996CE_2020_EPI_ISL_439750_2020-04-08)
Align target 402 (hCoV-19_Canada_QC-AK8_2020_EPI_ISL_450645_2020-04-08)
Align target 403 (hCoV-19_England_20100000404_2020_EPI_ISL_464234_2020-03-01)
Align target 404 (hCoV-19_England_OXON-AE57E_2020_EPI_ISL_448702_2020)
Align target 405 (hCoV-19_England_CAMB-7D9A9_2020_EPI_ISL_441754_2020-04-06)
Align target 406 (hCoV-19_Austria_CeMM0161_2020_EPI_ISL_438007_2020-03-05)
Align target 407 (hCoV-19_Northern_Ireland_NIRE-FADC6_2020_EPI_ISL_448920_2020-03-26)
Align target 408 (hCoV-19_Wales_PHWC-27021_2020_EPI_ISL_422099)
Align target 409 (hCoV-19_JOR_SEARCH-0084-JOR_2020_EPI_ISL_434516_2020-03-16)
Align target 410 (hCoV-19_England_20140048804_2020_EPI_ISL_420762)
Align target 411 (hCoV-19_England_CAMB-1B250D_2020_EPI_ISL_456688_2020-05-18)
Align target 412 (hCoV-19_Scotland_CVR874_2020_EPI_ISL_433356_2020-03-27)
Align target 413 (hCoV-19_Korea_BA-ACH_2719_2020_EPI_ISL_420801)
Align target 414 (hCoV-19_England_CAMB-1B18AB_2020_EPI_ISL_458542_2020-05-07)
Align target 415 (hCoV-19_Australia_VIC1037_2020_EPI_ISL_430533)
Align target 416 (hCoV-19_Scotland_EDB3793_2020_EPI_ISL_439325_2020-04-29)
Align target 417 (hCoV-19_England_20188018104_2020_EPI_ISL_465495_2020-04-30)
Align target 418 (hCoV-19_Spain_COV001378_2020_EPI_ISL_452523_2020-03-14)
Align target 419 (hCoV-19_Australia_VIC250_2020_EPI_ISL_419945)
Align target 420 (hCoV-19_Portugal_PT0542_2020_EPI_ISL_454266_2020-04-08)
Align target 421 (hCoV-19_Germany_BAV-MVP0270_2020_EPI_ISL_466912_2020-05-19)
Align target 422 (hCoV-19_USA_WY-WYPHL-00024_2020_EPI_ISL_462917_2020-03-22)
Align target 423 (hCoV-19_USA_PA_1881_2020_EPI_ISL_424882)
Align target 424 (hCoV-19_USA_CT-Yale-089_2020_EPI_ISL_428748)
Align target 425 (hCoV-19_Iceland_278_2020_EPI_ISL_417606)
Align target 426 (hCoV-19_England_CAMB-8474B_2020_EPI_ISL_440495_2020-03-12)
Align target 427 (hCoV-19_England_20208074004_2020_EPI_ISL_465672_2020-05-15)
Align target 428 (hCoV-19_USA_CA-CZB-1139_2020_EPI_ISL_447890_2020-04-02)
Align target 429 (hCoV-19_Hungary_SRC-00827_2020_EPI_ISL_435414_2020-03-30)
Align target 430 (hCoV-19_Shanghai_SH0101_2020_EPI_ISL_416393)
Align target 431 (hCoV-19_England_CAMB-1B2BCF_2020_EPI_ISL_456709_2020-05-19)
Align target 432 (hCoV-19_Saudi_Arabia_KAUST-Madinah47_2020_EPI_ISL_443172_2020-03-29)
Align target 433 (hCoV-19_England_CAMB-1AA377_2020_EPI_ISL_443662_2020-04-16)
Align target 434 (hCoV-19_England_CAMB-7B4C8_2020_EPI_ISL_433965_2020-04-12)
Align target 435 (hCoV-19_England_SHEF-C6534_2020_EPI_ISL_432820_2020-03-20)
Align target 436 (hCoV-19_England_201400702_2020_EPI_ISL_465889_2020-03-29)
Align target 437 (hCoV-19_USA_TX-HMH0279_2020_EPI_ISL_434907_2020-03-27)
Align target 438 (hCoV-19_DRC_2363_2020_EPI_ISL_437194_2020-04-14)
Align target 439 (hCoV-19_Belgium_CG-030158_2020_EPI_ISL_418987)
Align target 440 (hCoV-19_Australia_NSW50_2020_EPI_ISL_417404)
Align target 441 (hCoV-19_England_CAMB-1ADAD9_2020_EPI_ISL_448032_2020-05-01)
Align target 442 (hCoV-19_USA_TX-HMH0370_2020_EPI_ISL_434961_2020-03-27)
Align target 443 (hCoV-19_England_SHEF-CF252_2020_EPI_ISL_442452_2020-04-06)
Align target 444 (hCoV-19_England_SHEF-C0215_2020_EPI_ISL_420204)
Align target 445 (hCoV-19_England_201090682_2020_EPI_ISL_464597_2020-03-05)
Align target 446 (hCoV-19_England_BRIS-12AC38_2020_EPI_ISL_458434_2020-05-01)
Align target 447 (hCoV-19_Sweden_RV-FOI-1_2020_EPI_ISL_424703)
Align target 448 (hCoV-19_Guangdong_GDSZ202009-P0032_2020_EPI_ISL_413881)
Align target 449 (hCoV-19_England_20128034402_2020_EPI_ISL_420476)
Align target 450 (hCoV-19_Colombia_GUR-0084_2020_EPI_ISL_447735_2020-03-26)
Align target 451 (hCoV-19_USA_WA-UW207_2020_EPI_ISL_417356)
Align target 452 (hCoV-19_Spain_Valencia21_2020__EPI_ISL_419685)
Align target 453 (hCoV-19_Australia_QLDID942_2020_EPI_ISL_447595_2020-03-24)
Align target 454 (hCoV-19_England_CAMB-843B0_2020_EPI_ISL_443574_2020-04-16)
Align target 455 (hCoV-19_DRC_3837_2020_EPI_ISL_447248_2020-04-25)
Align target 456 (hCoV-19_USA_MI-MDHHS-SC20084_2020_EPI_ISL_437171_2020-03-27)
Align target 457 (hCoV-19_England_20206019204_2020_EPI_ISL_465655_2020-05-12)
Align target 458 (hCoV-19_Scotland_EDB628_2020_EPI_ISL_433219_2020-03-30)
Align target 459 (hCoV-19_USA_NY-QDX-42_2020_EPI_ISL_467900_2020-03-16)
Align target 460 (hCoV-19_England_20139069104_2020_EPI_ISL_423359)
Align target 461 (hCoV-19_USA_WA-UW-1446_2020_EPI_ISL_423010)
Align target 462 (hCoV-19_Scotland_CVR855_2020_EPI_ISL_433353_2020-03-26)
Align target 463 (hCoV-19_England_NORW-E79E6_2020_EPI_ISL_449087_2020-05-05)
Align target 464 (hCoV-19_Scotland_EDB1207_2020_EPI_ISL_433430_2020-04-08)
Align target 465 (hCoV-19_USA_MA-MGH-00476_2020_EPI_ISL_460420_2020-04-04)
Align target 466 (hCoV-19_USA_IL-NM027_2020_EPI_ISL_444537_2020-03-16)
Align target 467 (hCoV-19_Scotland_CVR2611_2020_EPI_ISL_438931_2020-04-15)
Align target 468 (hCoV-19_USA_NC-CDC-6999_2020_EPI_ISL_452124_2020-03-03)
Align target 469 (hCoV-19_Iceland_18_2020_EPI_ISL_417710)
Align target 470 (hCoV-19_England_CAMB-7A344_2020_EPI_ISL_441343_2020-04-02)
Align target 471 (hCoV-19_Guangdong_20SF025_2020_EPI_ISL_403935)
Align target 472 (hCoV-19_Uruguay_UY-NYUMC876_2020_EPI_ISL_457972_2020-04-21)
Align target 473 (hCoV-19_England_BRIS-126A9C_2020_EPI_ISL_459090_2020-04-10)
Align target 474 (hCoV-19_Scotland_CVR826_2020_EPI_ISL_433347_2020-03-27)
Align target 475 (hCoV-19_USA_UT-01217_2020_EPI_ISL_436904_2020-04-06)
Align target 476 (hCoV-19_Switzerland_100091_2020_EPI_ISL_451683_2020-03-13)
Align target 477 (hCoV-19_USA_WI-UW-339_2020_EPI_ISL_436633_2020-03-31)
Align target 478 (hCoV-19_England_BRIS-125B7C_2020_EPI_ISL_443767_2020-03-30)
Align target 479 (hCoV-19_Scotland_EDB356_2020_EPI_ISL_425980)
Align target 480 (hCoV-19_England_20106004902_2020_EPI_ISL_417241)
Align target 481 (hCoV-19_England_LIVE-9A7CA_2020_EPI_ISL_449366_2020-03-30)
Align target 482 (hCoV-19_England_LIVE-9A618_2020_EPI_ISL_449354_2020-03-29)
Align target 483 (hCoV-19_USA_UT-0535_2020_EPI_ISL_435369_2020-04-03)
Align target 484 (hCoV-19_Scotland_EDB1062_2020_EPI_ISL_433379_2020-04-06)
Align target 485 (hCoV-19_Brazil_CV16_2020_EPI_ISL_429676)
Align target 486 (hCoV-19_England_BRIS-121CF5_2020_EPI_ISL_440228_2020-03-20)
Align target 487 (hCoV-19_Wales_PHWC-2A2CE_2020_EPI_ISL_445549_2020-04-06)
Align target 488 (hCoV-19_USA_WA-UW-1850_2020_EPI_ISL_424279)
Align target 489 (hCoV-19_England_NOTT-10E872_2020_EPI_ISL_425603)
Align target 490 (hCoV-19_Australia_VIC1503_2020_EPI_ISL_456465_2020-04-29)
Align target 491 (hCoV-19_India_GBRC116_2020_EPI_ISL_451161_2020-05-03)
Align target 492 (hCoV-19_Germany_BavPat3_2020_EPI_ISL_414521)
Align target 493 (hCoV-19_Scotland_EDB682_2020_EPI_ISL_433222_2020-04-03)
Align target 494 (hCoV-19_Portugal_PT0219_2020_EPI_ISL_453933_2020-03-30)
Align target 495 (hCoV-19_England_CAMB-7848F_2020_EPI_ISL_433737_2020-04-04)
Align target 496 (hCoV-19_England_LOND-D3B41_2020_EPI_ISL_449630_2020-04-04)
Align target 497 (hCoV-19_England_CAMB-75ABD_2020_EPI_ISL_438311_2020-03-29)
Align target 498 (hCoV-19_Netherlands_NA_274_2020_EPI_ISL_422585)
Align target 499 (hCoV-19_New_Zealand_20VR1864_2020_EPI_ISL_456290_2020-03-30)
Align target 500 (hCoV-19_England_BRIS-12A658_2020_EPI_ISL_458321_2020-05-01)
Align target 501 (hCoV-19_Wales_PHWC-2EC80_2020_EPI_ISL_446134_2020-04-06)
Align target 502 (hCoV-19_England_BRIS-1248B2_2020_EPI_ISL_443836_2020-03-25)
Align target 503 (hCoV-19_USA_WA-UW-4570_2020_EPI_ISL_460625_2020-03-31)
hCoV-19_USA_WA-UW-4570_2020_EPI_ISL_460625_2020-03-31: Frameshift error (scores nt: 144316; codon: 134642)
Align target 504 (hCoV-19_USA_NY-NYUMC722_2020_EPI_ISL_451437_2020-03-26)
Align target 505 (hCoV-19_Wales_PHWC-268B1_2020_EPI_ISL_422288)
Align target 506 (hCoV-19_USA_CA-QDX-162_2020_EPI_ISL_467824_2020-03-16)
Align target 507 (hCoV-19_USA_MI-MDHHS-SC20030_2020_EPI_ISL_437117_2020-03-17)
Align target 508 (hCoV-19_USA_WI-08_2020_EPI_ISL_417202)
Align target 509 (hCoV-19_Scotland_EDB2635_2020_EPI_ISL_439247_2020-04-25)
Align target 510 (hCoV-19_England_SHEF-C7C98_2020_EPI_ISL_432854_2020-04-04)
Align target 511 (hCoV-19_France_10074LD_2020_EPI_ISL_447684_2020-03)
Align target 512 (hCoV-19_USA_IL-NM0121_2020_EPI_ISL_444604_2020-03-21)
Align target 513 (hCoV-19_USA_TX-HMH029_2020_EPI_ISL_434738_2020-03-12)
Align target 514 (hCoV-19_England_CAMB-754DD_2020_EPI_ISL_425397)
Align target 515 (hCoV-19_England_20100001004_2020_EPI_ISL_464239_2020-03-01)
Align target 516 (hCoV-19_USA_NY-NYUMC178_2020_EPI_ISL_427474)
Align target 517 (hCoV-19_USA_WA-UW35_2020_EPI_ISL_414622)
Align target 518 (hCoV-19_USA_MA-MGH-00440_2020_EPI_ISL_460116_2020-03-04)
Align target 519 (hCoV-19_Scotland_CVR169_2020_EPI_ISL_425708)
Align target 520 (hCoV-19_England_NORT-28A4B5_2020_EPI_ISL_457304_2020-04-11)
Align target 521 (hCoV-19_England_20104012804_2020_EPI_ISL_464327_2020-03-03)
Align target 522 (hCoV-19_England_201420004_2020_EPI_ISL_465891_2020-03-30)
Align target 523 (hCoV-19_Wales_PHWC-32032_2020_EPI_ISL_446600_2020-04-13)
Align target 524 (hCoV-19_Hong_Kong_HKPU49-3001_2020_EPI_ISL_419223)
Align target 525 (hCoV-19_England_CAMB-1B0596_2020_EPI_ISL_452894_2020-05-11)
Align target 526 (hCoV-19_Belgium_030959_2020_EPI_ISL_420320)
Align target 527 (hCoV-19_England_20168033004_2020_EPI_ISL_466610_2020-04-15)
Align target 528 (hCoV-19_Wales_PHWC-24349_2020_EPI_ISL_419399)
Align target 529 (hCoV-19_England_LIVE-9AA49_2020_EPI_ISL_449380_2020-04-02)
Align target 530 (hCoV-19_Wales_PHWC-25E56_2020_EPI_ISL_422307)
Align target 531 (hCoV-19_USA_TX-HMH0263_2020_EPI_ISL_434892_2020-03-26)
Align target 532 (hCoV-19_England_SHEF-CF911_2020_EPI_ISL_432593_2020-03-30)
Align target 533 (hCoV-19_USA_TX_GCID_192000052_2020_EPI_ISL_445079_2020-03-23)
Align target 534 (hCoV-19_Scotland_CVR1935_2020_EPI_ISL_433663_2020-04-08)
Align target 535 (hCoV-19_Portugal_PT0510_2020_EPI_ISL_454234_2020-03-19)
Align target 536 (hCoV-19_England_20172000504_2020_EPI_ISL_465311_2020-04-20)
Align target 537 (hCoV-19_England_BRIS-12A0A5_2020_EPI_ISL_458353_2020-04-16)
Align target 538 (hCoV-19_England_NORW-E8666_2020_EPI_ISL_449170_2020-04-17)
Align target 539 (hCoV-19_England_20129014104_2020_EPI_ISL_423993)
Align target 540 (hCoV-19_England_NOTT-111B73_2020_EPI_ISL_461966_2020-06-02)
Align target 541 (hCoV-19_England_CAMB-75525_2020_EPI_ISL_425402)
Align target 542 (hCoV-19_England_SHEF-C7B6E_2020_EPI_ISL_457623_2020-05-02)
Align target 543 (hCoV-19_Kenya_S109_2020_EPI_ISL_457933_2020-03)
Align target 544 (hCoV-19_Spain_COV001942_2020_EPI_ISL_452435_2020-03-12)
Align target 545 (hCoV-19_Denmark_ALAB-SSI-1383_2020_EPI_ISL_444851_2020-04-03)
Align target 546 (hCoV-19_Wales_PHWC-2A808_2020_EPI_ISL_445622_2020-04-07)
Align target 547 (hCoV-19_Canada_BC_05845391_2020_EPI_ISL_466791_2020-04)
Align target 548 (hCoV-19_England_20138026104_2020_EPI_ISL_423311)
Align target 549 (hCoV-19_USA_NY-NYUMC735_2020_EPI_ISL_451450_2020-03-25)
Align target 550 (hCoV-19_England_LIVE-9ABDD_2020_EPI_ISL_449387_2020-04-01)
Align target 551 (hCoV-19_Wales_PHWC-2A7B0_2020_EPI_ISL_445618_2020-04-07)
Align target 552 (hCoV-19_England_CAMB-7CA7A_2020_EPI_ISL_442220_2020-04-05)
Align target 553 (hCoV-19_England_NORT-28935F_2020_EPI_ISL_458586_2020-03-29)
Align target 554 (hCoV-19_USA_WA-S1025_2020_EPI_ISL_463515_2020-05-01)
Align target 555 (hCoV-19_England_20169001804_2020_EPI_ISL_465168_2020-04-17)
Align target 556 (hCoV-19_Sweden_20-06165_2020_EPI_ISL_452230_2020-03-23)
Align target 557 (hCoV-19_Wales_PHWC-347E0_2020_EPI_ISL_446977_2020-04-16)
Align target 558 (hCoV-19_Spain_LaRioja201568_2020_EPI_ISL_455340_2020-03-05)
Align target 559 (hCoV-19_England_20166008804_2020_EPI_ISL_466521_2020-04-15)
Align target 560 (hCoV-19_Australia_SAP015_2020_EPI_ISL_467990_2020-04-02)
Align target 561 (hCoV-19_Canada_ON_PHL3459_2020_EPI_ISL_418376)
Align target 562 (hCoV-19_Scotland_EDB087_2020_EPI_ISL_425879)
Align target 563 (hCoV-19_England_20142003004_2020_EPI_ISL_465896_2020-03-30)
Align target 564 (hCoV-19_England_201100018_2020_EPI_ISL_464623_2020-03-08)
Align target 565 (hCoV-19_England_20186080304_2020_EPI_ISL_465704_2020-04-28)
Align target 566 (hCoV-19_USA_NY-PV09488_2020_EPI_ISL_450160_2020-03-20)
Align target 567 (hCoV-19_England_CAMB-73F1A_2020_EPI_ISL_440314_2020-03-20)
Align target 568 (hCoV-19_Belgium_ULG-10095_2020_EPI_ISL_424651)
Align target 569 (hCoV-19_USA_CA_NHRC_01_2020_EPI_ISL_444994_2020-03-11)
Align target 570 (hCoV-19_Turkey_HSGM-10232_2020_EPI_ISL_437334_2020-03-24)
Align target 571 (hCoV-19_USA_NY-NYUMC495_2020_EPI_ISL_436743_2020-03-18)
Align target 572 (hCoV-19_Scotland_CVR2940_2020_EPI_ISL_461600_2020-04-22)
Align target 573 (hCoV-19_Scotland_GCVR-170A66_2020_EPI_ISL_459579_2020-03-25)
Align target 574 (hCoV-19_Australia_VIC948_2020_EPI_ISL_430647)
Align target 575 (hCoV-19_Switzerland_100812_2020_EPI_ISL_451762_2020-03-26)
Align target 576 (hCoV-19_Israel_130710211_2020_EPI_ISL_447463_2020-04-16)
Align target 577 (hCoV-19_England_BRIS-1297FC_2020_EPI_ISL_458837_2020-03-31)
Align target 578 (hCoV-19_Portugal_PT0227_2020_EPI_ISL_453941_2020-03-31)
Align target 579 (hCoV-19_USA_WA-S530_2020_EPI_ISL_434290_2020-03-24)
Align target 580 (hCoV-19_Chile_Chillan_3_2020_EPI_ISL_445332_2020-03-11)
Align target 581 (hCoV-19_England_20139045504_2020_EPI_ISL_420685)
Align target 582 (hCoV-19_Canada_BC_6981299_2020_EPI_ISL_418841)
Align target 583 (hCoV-19_USA_WA-UW-3997_2020_EPI_ISL_427234)
Align target 584 (hCoV-19_England_CAMB-82938_2020_EPI_ISL_443631_2020-04-14)
Align target 585 (hCoV-19_Hungary_SRC-00836_2020_EPI_ISL_435415_2020-03-30)
Align target 586 (hCoV-19_USA_DC_0004_2020_EPI_ISL_424852)
Align target 587 (hCoV-19_England_20149024404_2020_EPI_ISL_466174_2020-04-03)
Align target 588 (hCoV-19_England_20148046704_2020_EPI_ISL_422011)
Align target 589 (hCoV-19_England_20138087204_2020_EPI_ISL_421843)
Align target 590 (hCoV-19_England_CAMB-727E6_2020_EPI_ISL_439580_2020-03-23)
Align target 591 (hCoV-19_England_CAMB-82437_2020_EPI_ISL_443533_2020-04-13)
Align target 592 (hCoV-19_Wales_PHWC-33D67_2020_EPI_ISL_446817_2020-04-14)
Align target 593 (hCoV-19_Wales_PHWC-25B22_2020_EPI_ISL_422289)
Align target 594 (hCoV-19_Netherlands_Limburg_67_2020_EPI_ISL_461052_2020)
Align target 595 (hCoV-19_England_20169021604_2020_EPI_ISL_465212_2020-04-17)
Align target 596 (hCoV-19_England_20138019704_2020_EPI_ISL_423296)
Align target 597 (hCoV-19_England_201320316_2020_EPI_ISL_423770)
Align target 598 (hCoV-19_USA_MN64-MDH64_2020_EPI_ISL_419392)
Align target 599 (hCoV-19_Ireland_20W269_2020_EPI_ISL_437687_2020-04)
Align target 600 (hCoV-19_Russia_StPetersburg-RII7505S_2020_EPI_ISL_450255_2020-04-20)
Align target 601 (hCoV-19_Scotland_EDB5123_2020_EPI_ISL_456974_2020-05-17)
Align target 602 (hCoV-19_England_CAMB-7E1CE_2020_EPI_ISL_434048_2020-04-17)
Align target 603 (hCoV-19_England_NOTT-10FA4E_2020_EPI_ISL_432676_2020-04-05)
Align target 604 (hCoV-19_USA_NY-NYUMC426_2020_EPI_ISL_435493_2020-04-14)
Align target 605 (hCoV-19_England_CAMB-7CB95_2020_EPI_ISL_442188_2020-04-05)
Align target 606 (hCoV-19_England_OXON-ADD59_2020_EPI_ISL_448633_2020)
Align target 607 (hCoV-19_England_20138026604_2020_EPI_ISL_423314)
Align target 608 (hCoV-19_Lebanon_S1_758_2020_EPI_ISL_450508_2020-03-04)
Align target 609 (hCoV-19_Scotland_EDB090_2020_EPI_ISL_425881)
Align target 610 (hCoV-19_USA_MI-MDHHS-SC20206_2020_EPI_ISL_447177_2020-03-17)
Align target 611 (hCoV-19_Wales_PHWC-2EB1A_2020_EPI_ISL_446116_2020-04-08)
Align target 612 (hCoV-19_England_CAMB-722F4_2020_EPI_ISL_439618_2020-03-28)
Align target 613 (hCoV-19_USA_LA-EVTL06_2020__EPI_ISL_435039_2020-04-15)
Align target 614 (hCoV-19_England_CAMB-771A7_2020_EPI_ISL_439488_2020-04-01)
Align target 615 (hCoV-19_Wuhan_HB-WHCM2-274_2020_EPI_ISL_455008_2020-02-23)
Align target 616 (hCoV-19_Wales_PHWC-30E67_2020_EPI_ISL_446369_2020-04-09)
Align target 617 (hCoV-19_Spain_COV000682_2020_EPI_ISL_452779_2020-03-06)
Align target 618 (hCoV-19_France_ARA12626_2020_EPI_ISL_420612)
Align target 619 (hCoV-19_England_20144008004_2020_EPI_ISL_423498)
Align target 620 (hCoV-19_Brazil_AP163972-IEC_2020_EPI_ISL_458144_2020-04-15)
Align target 621 (hCoV-19_Scotland_EDB310_2020_EPI_ISL_461709_2020-03-28)
Align target 622 (hCoV-19_Australia_SAP062_2020_EPI_ISL_451101_2020-03-28)
Align target 623 (hCoV-19_England_BRIS-125909_2020_EPI_ISL_443774_2020-03-29)
Align target 624 (hCoV-19_SouthAfrica_R03006-20_2020_EPI_ISL_417186)
Align target 625 (hCoV-19_England_201360018_2020_EPI_ISL_423198)
Align target 626 (hCoV-19_England_NORW-E8B85_2020_EPI_ISL_448283_2020-04-13)
Align target 627 (hCoV-19_Australia_VIC491_2020_EPI_ISL_426922)
Align target 628 (hCoV-19_France_IDF5577_2020_EPI_ISL_443303_2020-04-09)
Align target 629 (hCoV-19_England_201580017_2020_EPI_ISL_466346_2020-04-09)
Align target 630 (hCoV-19_Australia_VIC1655_2020_EPI_ISL_456557_2020-05-02)
Align target 631 (hCoV-19_Spain_COV000786_2020_EPI_ISL_452723_2020-03-09)
Align target 632 (hCoV-19_England_20132031304_2020_EPI_ISL_423768)
Align target 633 (hCoV-19_England_LIVE-99EF3_2020_EPI_ISL_439828_2020-04-14)
Align target 634 (hCoV-19_Netherlands_Limburg_36_2020_EPI_ISL_461024_2020-04-22)
Align target 635 (hCoV-19_USA_PA-MGEL98_2020_EPI_ISL_454378_2020-03-31)
Align target 636 (hCoV-19_England_NORW-E7870_2020_EPI_ISL_449078_2020-05-05)
Align target 637 (hCoV-19_USA_NY-WCMP11E05P_2020_EPI_ISL_427593)
Align target 638 (hCoV-19_USA_WA-S435_2020_EPI_ISL_434195_2020-03-30)
Align target 639 (hCoV-19_England_NORW-E797D_2020_EPI_ISL_449085_2020-05-05)
Align target 640 (hCoV-19_USA_LA-EVTL102_2020_EPI_ISL_451263_2020-05-06)
Align target 641 (hCoV-19_DK_ALAB-SSI-1096_2020_EPI_ISL_437633_2020-04-01)
Align target 642 (hCoV-19_Australia_VIC1098_2020_EPI_ISL_430589)
Align target 643 (hCoV-19_England_LOND-D42B4_2020_EPI_ISL_444111_2020-04-06)
Align target 644 (hCoV-19_England_20156036504_2020_EPI_ISL_466306_2020-04-08)
Align target 645 (hCoV-19_Belgium_rega-0406285_2020_EPI_ISL_464079_2020-04-06)
Align target 646 (hCoV-19_England_LOND-D5453_2020_EPI_ISL_444222_2020-04-15)
Align target 647 (hCoV-19_USA_MI-MDHHS-SC20229_2020_EPI_ISL_447199_2020-03-22)
Align target 648 (hCoV-19_England_BRIS-124946_2020_EPI_ISL_443940_2020-03-25)
Align target 649 (hCoV-19_Brazil_MG0109_2020_EPI_ISL_417940)
Align target 650 (hCoV-19_Sweden_20-50125_2020_EPI_ISL_429140)
Align target 651 (hCoV-19_USA_MI-MDHHS-SC20651_2020_EPI_ISL_462733_2020-04-23)
Align target 652 (hCoV-19_England_NOTT-110A59_2020_EPI_ISL_441889_2020-04-30)
Align target 653 (hCoV-19_USA_WA-S244_2020_EPI_ISL_430282)
Align target 654 (hCoV-19_Wales_PHWC-2E998_2020_EPI_ISL_446094_2020-04-07)
Align target 655 (hCoV-19_England_LOND-D568A_2020_EPI_ISL_449711_2020-04-16)
Align target 656 (hCoV-19_New_Zealand_20VR1771_2020_EPI_ISL_456242_2020-03-26)
Align target 657 (hCoV-19_New_Zealand_20VR1018_2020_EPI_ISL_456183_2020-03-20)
Align target 658 (hCoV-19_India_NGC-CDFD-21_2020_EPI_ISL_466859_2020-05-29)
Align target 659 (hCoV-19_Scotland_EDB2561_2020_EPI_ISL_439230_2020-04-24)
Align target 660 (hCoV-19_Germany_NRW-43_2020_EPI_ISL_425138)
Align target 661 (hCoV-19_India_3239_2020_EPI_ISL_424365)
Align target 662 (hCoV-19_England_CAMB-72F66_2020_EPI_ISL_440209_2020-03-22)
Align target 663 (hCoV-19_USA_NY-NYUMC662_2020_EPI_ISL_444779_2020-03-18)
Align target 664 (hCoV-19_Wales_PHWC-34768_2020_EPI_ISL_446970_2020-04-20)
Align target 665 (hCoV-19_Wales_PHWC-26FF8_2020_EPI_ISL_422246)
Align target 666 (hCoV-19_Scotland_EDB4338_2020_EPI_ISL_449295_2020-04-24)
Align target 667 (hCoV-19_Portugal_PT0244_2020_EPI_ISL_453958_2020-03-31)
Align target 668 (hCoV-19_England_20196025004_2020_EPI_ISL_465622_2020-05-05)
Align target 669 (hCoV-19_India_CCMB_J350_2020_EPI_ISL_447854_2020-04-02)
Align target 670 (hCoV-19_Netherlands_NA_298_2020_EPI_ISL_422607)
Align target 671 (hCoV-19_England_CAMB-7EC09_2020_EPI_ISL_442842_2020-04-07)
Align target 672 (hCoV-19_England_NORW-EAC17_2020_EPI_ISL_457363_2020-05-09)
Align target 673 (hCoV-19_Australia_VIC813_2020_EPI_ISL_427086)
Align target 674 (hCoV-19_USA_WA1-F6_2020_EPI_ISL_407215)
Align target 675 (hCoV-19_South_Africa_KRISP-0040_2020_EPI_ISL_467442_2020-03-27)
Align target 676 (hCoV-19_Spain_COV001498_2020_EPI_ISL_467157_2020-03-19)
Align target 677 (hCoV-19_England_BRIS-12AA01_2020_EPI_ISL_458505_2020-04-29)
Align target 678 (hCoV-19_England_20119054604_2020_EPI_ISL_465075_2020-03-14)
Align target 679 (hCoV-19_England_20122017904_2020_EPI_ISL_465742_2020-03-16)
Align target 680 (hCoV-19_England_20139019902_2020_EPI_ISL_420525)
Align target 681 (hCoV-19_Wuhan_HB-WH3-180_2020_EPI_ISL_455379_2020-03-13)
Align target 682 (hCoV-19_Spain_Barcelona_VH1438_2020_EPI_ISL_444977_2020-03-16)
Align target 683 (hCoV-19_England_NORW-E70E1_2020_EPI_ISL_449002_2020-04-19)
Align target 684 (hCoV-19_England_20179028804_2020_EPI_ISL_465425_2020-04-22)
Align target 685 (hCoV-19_Scotland_CVR1323_2020_EPI_ISL_438789_2020-03-31)
Align target 686 (hCoV-19_England_NORW-E9137_2020_EPI_ISL_461823_2020-04-28)
Align target 687 (hCoV-19_Australia_NSW205_2020_EPI_ISL_427745)
Align target 688 (hCoV-19_USA_MN-MDH-1003_2020_EPI_ISL_462848_2020-04-30)
Align target 689 (hCoV-19_Scotland_EDB2128_2020_EPI_ISL_439161_2020-04-20)
Align target 690 (hCoV-19_England_20188064404_2020_EPI_ISL_465511_2020-05-01)
Align target 691 (hCoV-19_Brazil_CV44_2020_EPI_ISL_429697)
Align target 692 (hCoV-19_USA_WA-UW48_2020_EPI_ISL_415613)
Align target 693 (hCoV-19_USA_FL-BPHL-026_2020_EPI_ISL_436530_2020-04-16)
Align target 694 (hCoV-19_England_BRIS-125532_2020_EPI_ISL_443931_2020-03-27)
Align target 695 (hCoV-19_Belgium_VRS-0320308_2020_EPI_ISL_462162_2020-03-20)
Align target 696 (hCoV-19_USA_WA-UW-1913_2020_EPI_ISL_424297)
Align target 697 (hCoV-19_England_CAMB-772C2_2020_EPI_ISL_438532_2020-03-31)
Align target 698 (hCoV-19_USA_WA-UW40_2020_EPI_ISL_415605)
Align target 699 (hCoV-19_Wales_PHWC-3078A_2020_EPI_ISL_446276_2020-04-08)
Align target 700 (hCoV-19_USA_CA-CZBRR057IX00099_2020_EPI_ISL_429071)
Align target 701 (hCoV-19_Wales_PHWC-31BD8_2020_EPI_ISL_446541_2020-04-12)
Align target 702 (hCoV-19_USA_NY-NYUMC173_2020_EPI_ISL_427470)
Align target 703 (hCoV-19_Wales_PHWC-28D65_2020_EPI_ISL_445435_2020-04-02)
Align target 704 (hCoV-19_England_20079022704_2020_EPI_ISL_464173_2020-02-15)
Align target 705 (hCoV-19_Portugal_PT0218_2020_EPI_ISL_453932_2020-03-30)
Align target 706 (hCoV-19_Scotland_CVR142_2020_EPI_ISL_425686)
Align target 707 (hCoV-19_England_BRIS-1286B4_2020_EPI_ISL_458888_2020-04-14)
Align target 708 (hCoV-19_USA_WA-UW284_2020_EPI_ISL_418069)
Align target 709 (hCoV-19_Sweden_20-50214_2020_EPI_ISL_455873_2020-03-04)
Align target 710 (hCoV-19_USA_NY-NYUMC915_2020_EPI_ISL_467408_2020-05-08)
Align target 711 (hCoV-19_USA_WA-S1102_2020_EPI_ISL_463592_2020-05-04)
Align target 712 (hCoV-19_USA_TX-HMH0429_2020_EPI_ISL_435012_2020-04-02)
Align target 713 (hCoV-19_England_CAMB-81368_2020_EPI_ISL_442857_2020-04-10)
Align target 714 (hCoV-19_England_20139059904_2020_EPI_ISL_420730)
Align target 715 (hCoV-19_England_PORT-2CFD04_2020_EPI_ISL_461988_2020-05-07)
Align target 716 (hCoV-19_USA_LA-EVTL124_2020_EPI_ISL_451285_2020-05-06)
Align target 717 (hCoV-19_USA_WA-S213_2020_EPI_ISL_430251)
Align target 718 (hCoV-19_Scotland_CVR2470_2020_EPI_ISL_453051_2020-04-15)
Align target 719 (hCoV-19_England_20138063204_2020_EPI_ISL_423319)
Align target 720 (hCoV-19_Wales_PHWC-29E61_2020_EPI_ISL_432186_2020-04-04)
Align target 721 (hCoV-19_Russia_Buryatia-84504_2020_EPI_ISL_428906)
Align target 722 (hCoV-19_Israel_2113161_2020_EPI_ISL_447348_2020-04-15)
Align target 723 (hCoV-19_England_20149005204_2020_EPI_ISL_466107_2020-04-04)
Align target 724 (hCoV-19_USA_WA-UW-6528_2020_EPI_ISL_437858_2020-04-05)
Align target 725 (hCoV-19_USA_WI-105_2020_EPI_ISL_425162)
Align target 726 (hCoV-19_England_SHEF-CDAD4_2020_EPI_ISL_432552_2020-04-02)
Align target 727 (hCoV-19_England_CAMB-81456_2020_EPI_ISL_442549_2020-04-10)
Align target 728 (hCoV-19_England_OXON-AD2D2_2020_EPI_ISL_448574_2020)
Align target 729 (hCoV-19_Northern_Ireland_NIRE-FA91D_2020_EPI_ISL_441771_2020-03-26)
Align target 730 (hCoV-19_Sweden_20-07459_2020_EPI_ISL_434672_2020-04-16)
Align target 731 (hCoV-19_India_CCMB_L1064_2020_EPI_ISL_458053_2020-05-12)
Align target 732 (hCoV-19_USA_LA-EVTL087_2020_EPI_ISL_451248_2020-05-07)
Align target 733 (hCoV-19_England_NORW-E80D1_2020_EPI_ISL_449106_2020)
Align target 734 (hCoV-19_Scotland_EDB3956_2020_EPI_ISL_449260_2020-05-03)
Align target 735 (hCoV-19_England_SHEF-C7515_2020_EPI_ISL_442008_2020-04-08)
Align target 736 (hCoV-19_England_SHEF-C616D_2020_EPI_ISL_441987_2020-04-11)
Align target 737 (hCoV-19_England_NOTT-11096B_2020_EPI_ISL_441876_2020-04-29)
Align target 738 (hCoV-19_Switzerland_120022_2020_EPI_ISL_468219_2020-04-17)
Align target 739 (hCoV-19_USA_WY-WYPHL-00023_2020_EPI_ISL_462916_2020-03-21)
Align target 740 (hCoV-19_Sweden_20-50360_2020_EPI_ISL_430864)
Align target 741 (hCoV-19_England_SHEF-D0898_2020_EPI_ISL_457678_2020-05-02)
Align target 742 (hCoV-19_Australia_VIC787_2020_EPI_ISL_427062)
Align target 743 (hCoV-19_USA_VA-DCLS-0031_2020_EPI_ISL_420018)
Align target 744 (hCoV-19_USA_WA-S534_2020_EPI_ISL_434294_2020-03-25)
Align target 745 (hCoV-19_Australia_VIC498_2020_EPI_ISL_426771)
Align target 746 (hCoV-19_Spain_Madrid_H12_3405_2020_EPI_ISL_428704)
Align target 747 (hCoV-19_England_NOTT-110C80_2020_EPI_ISL_448400_2020-05-02)
Align target 748 (hCoV-19_Wales_PHWC-27829_2020_EPI_ISL_432427_2020-04-01)
Align target 749 (hCoV-19_India_ILSCV24918_2020_EPI_ISL_463089_2020-05-18)
Align target 750 (hCoV-19_Wales_PHWC-341C4_2020_EPI_ISL_446884_2020-04-17)
Align target 751 (hCoV-19_Wales_PHWC-2B3BB_2020_EPI_ISL_445702_2020-04-11)
Align target 752 (hCoV-19_England_CAMB-794F7_2020_EPI_ISL_441131_2020-04-03)
Align target 753 (hCoV-19_Australia_VIC372_2020_EPI_ISL_426679)
Align target 754 (hCoV-19_Netherlands_ZuidHolland_85_2020_EPI_ISL_422953)
Align target 755 (hCoV-19_Switzerland_101130_2020_EPI_ISL_451797_2020-03-30)
Align target 756 (hCoV-19_England_CAMB-7B7B0_2020_EPI_ISL_441599_2020-04-03)
Align target 757 (hCoV-19_Greece_44_2020_EPI_ISL_434465_2020-03-23)
Align target 758 (hCoV-19_England_BRIS-12209E_2020_EPI_ISL_439962_2020-03-22)
Align target 759 (hCoV-19_Scotland_EDB5056_2020_EPI_ISL_456958_2020-04-24)
Align target 760 (hCoV-19_Fujian_3520022Y_2020_EPI_ISL_431785_2020-01-23)
Align target 761 (hCoV-19_Wuhan_HB-WH1-131_2020_EPI_ISL_454910_2020-03-02)
Align target 762 (hCoV-19_Wales_PHWC-280A8_2020_EPI_ISL_432161_2020-03-25)
Align target 763 (hCoV-19_England_201180173_2020_EPI_ISL_464892_2020-03-10)
Align target 764 (hCoV-19_England_NORW-EAF96_2020_EPI_ISL_457400_2020-04-29)
Align target 765 (hCoV-19_Scotland_CVR2118_2020_EPI_ISL_456759_2020-04-10)
Align target 766 (hCoV-19_Spain_COV002601_2020_EPI_ISL_467088_2020-03-17)
Align target 767 (hCoV-19_USA_PA-MGEL83_2020_EPI_ISL_454367_2020-03-28)
Align target 768 (hCoV-19_England_CAMB-76454_2020_EPI_ISL_438287_2020-03-30)
Align target 769 (hCoV-19_England_201620603_2020_EPI_ISL_466428_2020-04-08)
Align target 770 (hCoV-19_USA_VA-DCLS-0320_2020_EPI_ISL_467931_2020-05-04)
Align target 771 (hCoV-19_Netherlands_NA_130_2020_EPI_ISL_422674)
Align target 772 (hCoV-19_United_Arab_Emirates_L9766_2020_EPI_ISL_435142_2020-03-14)
Align target 773 (hCoV-19_Northern_Ireland_NIRE-FBDC5_2020_EPI_ISL_459359_2020-04-10)
Align target 774 (hCoV-19_Wales_PHWC-33FF8_2020_EPI_ISL_446855_2020-04-16)
Align target 775 (hCoV-19_SouthAfrica_Tygerberg_21_2020_EPI_ISL_464132_2020-04-09)
Align target 776 (hCoV-19_England_BRIS-128A03_2020_EPI_ISL_458724_2020-04-14)
Align target 777 (hCoV-19_England_20119086104_2020_EPI_ISL_465118_2020-03-15)
Align target 778 (hCoV-19_Wuhan_HB-WH3-174_2020_EPI_ISL_455376_2020-02-28)
Align target 779 (hCoV-19_Belgium_ULG-10015_2020_EPI_ISL_421193)
Align target 780 (hCoV-19_England_20186075804_2020_EPI_ISL_465474_2020-04-27)
Align target 781 (hCoV-19_Wales_PHWC-252C3_2020_EPI_ISL_431949_2020-03-21)
Align target 782 (hCoV-19_England_LOND-D5444_2020_EPI_ISL_444221_2020-04-15)
Align target 783 (hCoV-19_Bangladesh_BCSIR_NILMRC_003_2020_EPI_ISL_462092_2020-05-23)
Align target 784 (hCoV-19_Scotland_EDB319_2020_EPI_ISL_425970)
Align target 785 (hCoV-19_Australia_SAP069_2020_EPI_ISL_451107_2020-03-28)
Align target 786 (hCoV-19_Scotland_EDB009_2020_EPI_ISL_415636)
Align target 787 (hCoV-19_England_BRIS-125277_2020_EPI_ISL_443869_2020-03-27)
Align target 788 (hCoV-19_Portugal_PT0272_2020_EPI_ISL_453986_2020-04-05)
Align target 789 (hCoV-19_USA_NY-QDX-143_2020_EPI_ISL_467894_2020-03-15)
Align target 790 (hCoV-19_Australia_VIC1176_2020_EPI_ISL_430630)
Align target 791 (hCoV-19_USA_VA-DCLS-0142_2020_EPI_ISL_437781_2020-04-17)
Align target 792 (hCoV-19_Chile_Santiago_op2d1_2020_EPI_ISL_415658)
Align target 793 (hCoV-19_England_20180032504_2020_EPI_ISL_465437_2020-04-27)
Align target 794 (hCoV-19_England_20166070904_2020_EPI_ISL_466580_2020-04-16)
Align target 795 (hCoV-19_USA_NY-PV09154_2020_EPI_ISL_422522)
Align target 796 (hCoV-19_Wales_PHWC-30ACD_2020_EPI_ISL_446318_2020-04-09)
Align target 797 (hCoV-19_England_LOND-D49DD_2020_EPI_ISL_444165_2020-04-10)
Align target 798 (hCoV-19_USA_MI-MDHHS-SC20109_2020_EPI_ISL_436885_2020-03-25)
Align target 799 (hCoV-19_Wales_PHWC-3456E_2020_EPI_ISL_446940_2020-04-18)
Align target 800 (hCoV-19_Sichuan_SC-PHCC1-033_2020_EPI_ISL_451354_2020-02-09)
Align target 801 (hCoV-19_England_CAMB-77541_2020_EPI_ISL_438520_2020-04-01)
Align target 802 (hCoV-19_Australia_NSW187_2020_EPI_ISL_427691)
Align target 803 (hCoV-19_USA_MA-MGH-00239_2020_EPI_ISL_460237_2020-04-06)
Align target 804 (hCoV-19_England_CAMB-1B144D_2020_EPI_ISL_458530_2020-05-06)
Align target 805 (hCoV-19_USA_WA-S235_2020_EPI_ISL_430273)
Align target 806 (hCoV-19_Australia_VIC1406_2020_EPI_ISL_456423_2020-04-16)
Align target 807 (hCoV-19_England_CAMB-7A502_2020_EPI_ISL_441316_2020-04-02)
Align target 808 (hCoV-19_USA_WA-S622_2020_EPI_ISL_438175_2020-04-29)
Align target 809 (hCoV-19_Spain_COV001992_2020_EPI_ISL_452401_2020-03-15)
Align target 810 (hCoV-19_USA_MA-MGH-00159_2020_EPI_ISL_460301_2020-03-26)
Align target 811 (hCoV-19_England_BRIS-12AEAB_2020_EPI_ISL_458487_2020-05-01)
Align target 812 (hCoV-19_England_CAMB-82D5A_2020_EPI_ISL_443542_2020-04-14)
Align target 813 (hCoV-19_USA_WA-UW308_2020_EPI_ISL_418876)
Align target 814 (hCoV-19_England_20119005904_2020_EPI_ISL_465016_2020-03-12)
Align target 815 (hCoV-19_USA_WI-UW-310_2020_EPI_ISL_436604_2020-04-15)
Align target 816 (hCoV-19_USA_WA-S916_2020_EPI_ISL_463406_2020-04-27)
Align target 817 (hCoV-19_Denmark_ALAB-SSI300_2020_EPI_ISL_429451)
Align target 818 (hCoV-19_Denmark_ALAB-HH-141_2020_EPI_ISL_452020_2020-03-11)
Align target 819 (hCoV-19_Wales_PHWC-2A598_2020_EPI_ISL_445587_2020-04-05)
Align target 820 (hCoV-19_Poland_Pom6_2020_EPI_ISL_451647_2020-04-23)
Align target 821 (hCoV-19_England_CAMB-76418_2020_EPI_ISL_438522_2020-03-29)
Align target 822 (hCoV-19_Kazakhstan_NCB-3_2020_EPI_ISL_435047_2020-03-01)
Align target 823 (hCoV-19_Australia_SAP298_2020_EPI_ISL_468007_2020-04-07)
Align target 824 (hCoV-19_England_NOTT-11088C_2020_EPI_ISL_441870_2020-04-28)
Align target 825 (hCoV-19_England_BRIS-1222D4_2020_EPI_ISL_440051_2020-03-23)
Align target 826 (hCoV-19_Colombia_INS-80825_2020_EPI_ISL_456119_2020-03-17)
Align target 827 (hCoV-19_England_SHEF-C7ECF_2020_EPI_ISL_453724_2020-04-22)
Align target 828 (hCoV-19_Sweden_20-08151_2020_EPI_ISL_429121)
Align target 829 (hCoV-19_Belgium_Rega-0330251_2020_EPI_ISL_458221_2020-03-30)
Align target 830 (hCoV-19_USA_FL-BPHL-0088_2020_EPI_ISL_445031_2020-04-28)
Align target 831 (hCoV-19_England_20146057704_2020_EPI_ISL_466044_2020-04-01)
Align target 832 (hCoV-19_England_NORW-E81CF_2020_EPI_ISL_449120_2020-04-09)
Align target 833 (hCoV-19_France_RA739_2020_EPI_ISL_410486)
Align target 834 (hCoV-19_USA_WA-UW381_2020_EPI_ISL_418946)
Align target 835 (hCoV-19_USA_WA-S755_2020_EPI_ISL_449925_2020-04-14)
Align target 836 (hCoV-19_USA_NJ-NYUMC841_2020_EPI_ISL_456113_2020-04-26)
Align target 837 (hCoV-19_England_201080083_2020_EPI_ISL_464466_2020-03-06)
Align target 838 (hCoV-19_Spain_COV001374_2020_EPI_ISL_452527_2020-03-13)
Align target 839 (hCoV-19_Switzerland_110460_2020_EPI_ISL_451879_2020-04-07)
Align target 840 (hCoV-19_USA_VA-DCLS-0368_2020_EPI_ISL_467942_2020-05-05)
Align target 841 (hCoV-19_USA_WA-S1214_2020_EPI_ISL_463704_2020-05-07)
Align target 842 (hCoV-19_Spain_COV002044_2020_EPI_ISL_452382_2020-03-16)
Align target 843 (hCoV-19_India_RMRC156_2020_EPI_ISL_455757_2020-05-07)
Align target 844 (hCoV-19_India_GBRC38_2020_EPI_ISL_444469_2020-04-29)
Align target 845 (hCoV-19_England_CAMB-79F41_2020_EPI_ISL_440567_2020-04-02)
Align target 846 (hCoV-19_USA_WA-S109_2020_EPI_ISL_417162)
Align target 847 (hCoV-19_Australia_VIC784_2020_EPI_ISL_427059)
Align target 848 (hCoV-19_USA_NY-NYUMC596_2020_EPI_ISL_444713_2020-04-02)
Align target 849 (hCoV-19_England_NORW-EC7F6_2020_EPI_ISL_457564_2020-05-13)
Align target 850 (hCoV-19_England_CAMB-7830A_2020_EPI_ISL_433716_2020)
Align target 851 (hCoV-19_Spain_Valencia576_2020_EPI_ISL_447506_2020-03-30)
Align target 852 (hCoV-19_England_CAMB-74492_2020_EPI_ISL_425295)
Align target 853 (hCoV-19_England_201141304_2020_EPI_ISL_464748_2020-03-09)
Align target 854 (hCoV-19_England_LIVE-9F033_2020_EPI_ISL_453421_2020-04-15)
Align target 855 (hCoV-19_England_20098017504_2020_EPI_ISL_464194_2020-02-27)
Align target 856 (hCoV-19_Scotland_EDB4551_2020_EPI_ISL_461722_2020-05-06)
Align target 857 (hCoV-19_USA_UT-0885_2020_EPI_ISL_435386_2020-04-05)
Align target 858 (hCoV-19_USA_NY-NYUMC375_2020_EPI_ISL_430402)
Align target 859 (hCoV-19_USA_MI-MDHHS-SC20027_2020_EPI_ISL_437114_2020-03-17)
Align target 860 (hCoV-19_USA_TX-HMH032_2020_EPI_ISL_434741_2020-03-12)
Align target 861 (hCoV-19_England_20189157404_2020_EPI_ISL_465557_2020-05-02)
Align target 862 (hCoV-19_England_SHEF-C89EB_2020_EPI_ISL_442033_2020-04-07)
Align target 863 (hCoV-19_Northern_Ireland_NIRE-FB396_2020_EPI_ISL_441415_2020-03-19)
Align target 864 (hCoV-19_England_201180321_2020_EPI_ISL_464895_2020-03-10)
Align target 865 (hCoV-19_South_Africa_KRISP-0141_2020_EPI_ISL_467492_2020-05-21)
Align target 866 (hCoV-19_England_CAMB-7780C_2020_EPI_ISL_439386_2020-03-31)
Align target 867 (hCoV-19_England_NORT-28A7DA_2020_EPI_ISL_457308_2020-04-13)
Align target 868 (hCoV-19_England_SHEF-D0BF9_2020_EPI_ISL_432618_2020-04-04)
Align target 869 (hCoV-19_Portugal_PT0193_2020_EPI_ISL_453909_2020-03-29)
Align target 870 (hCoV-19_Canada_QC_AO7_2020_EPI_ISL_463922_2020-04-09)
Align target 871 (hCoV-19_Switzerland_100023_2020_EPI_ISL_466947_2020-03-10)
Align target 872 (hCoV-19_USA_GA-QDX-122_2020_EPI_ISL_467847_2020-03-13)
Align target 873 (hCoV-19_New_Zealand_20VR2045_2020_EPI_ISL_456344_2020-04-10)
Align target 874 (hCoV-19_England_20170000904_2020_EPI_ISL_465263_2020-04-20)
Align target 875 (hCoV-19_England_LIVE-9EC12_2020_EPI_ISL_453377_2020-04-03)
Align target 876 (hCoV-19_England_CAMB-773ED_2020_EPI_ISL_439495_2020-03-31)
Align target 877 (hCoV-19_USA_WA-S442_2020_EPI_ISL_434202_2020-03-26)
Align target 878 (hCoV-19_Wales_PHWC-2B746_2020_EPI_ISL_445755_2020-04-13)
Align target 879 (hCoV-19_Iceland_185_2020_EPI_ISL_417678)
Align target 880 (hCoV-19_Japan_DP0481_2020_EPI_ISL_416605)
Align target 881 (hCoV-19_Wales_PHWC-265BA_2020_EPI_ISL_422192)
Align target 882 (hCoV-19_Germany_BAV-MVP0288_2020_EPI_ISL_466916_2020-05-22)
Align target 883 (hCoV-19_England_CAMB-79AF5_2020_EPI_ISL_433823_2020-03-27)
Align target 884 (hCoV-19_Switzerland_120050_2020_EPI_ISL_468235_2020-04-20)
Align target 885 (hCoV-19_England_SHEF-C1E98_2020_EPI_ISL_441919_2020-04-02)
Align target 886 (hCoV-19_England_CAMB-791B4_2020_EPI_ISL_441807_2020-04-03)
Align target 887 (hCoV-19_France_B5458_2020_EPI_ISL_443282_2020-03-22)
Align target 888 (hCoV-19_Denmark_ALAB-SSI480_2020_EPI_ISL_429559)
Align target 889 (hCoV-19_India_NCDC-3985_2020_EPI_ISL_436446_2020-04-09)
Align target 890 (hCoV-19_USA_MI-MDHHS-SC20342_2020_EPI_ISL_450621_2020-03-26)
Align target 891 (hCoV-19_USA_MA-MGH-00546_2020_EPI_ISL_460363_2020-03-20)
Align target 892 (hCoV-19_England_20164074104_2020_EPI_ISL_466477_2020-04-10)
Align target 893 (hCoV-19_Malaysia_IMR_WC1097_2020_EPI_ISL_430441)
Align target 894 (hCoV-19_Wales_PHWC-31AEA_2020_EPI_ISL_446528_2020-04-12)
Align target 895 (hCoV-19_England_201640075_2020_EPI_ISL_466436_2020-04-14)
Align target 896 (hCoV-19_USA_TX-HMH0266_2020_EPI_ISL_434895_2020-03-26)
Align target 897 (hCoV-19_Belgium_ULG-10041_2020_EPI_ISL_427347)
Align target 898 (hCoV-19_England_20129021604_2020_EPI_ISL_424013)
Align target 899 (hCoV-19_England_CAMB-72142_2020_EPI_ISL_439660_2020-03-28)
Align target 900 (hCoV-19_Netherlands_ZuidHolland_185_2020_EPI_ISL_461357_2020-04-24)
Align target 901 (hCoV-19_Spain_COV001940_2020_EPI_ISL_452437_2020-03-12)
Align target 902 (hCoV-19_Scotland_EDB2084_2020_EPI_ISL_433183_2020-04-19)
Align target 903 (hCoV-19_England_NOTT-10E54E_2020_EPI_ISL_425560)
Align target 904 (hCoV-19_Scotland_CVR1450_2020_EPI_ISL_433590_2020-04-02)
Align target 905 (hCoV-19_Scotland_EDB1630_2020_EPI_ISL_433094_2020-04-14)
Align target 906 (hCoV-19_USA_FL-BPHL-0063_2020_EPI_ISL_445006_2020-04-16)
Align target 907 (hCoV-19_England_NORT-289216_2020_EPI_ISL_458652_2020-03-28)
Align target 908 (hCoV-19_England_20108004702_2020_EPI_ISL_417250)
Align target 909 (hCoV-19_Australia_NSW145_2020_EPI_ISL_427708)
Align target 910 (hCoV-19_Hong_Kong_HKPU43-0202_2020_EPI_ISL_419218)
Align target 911 (hCoV-19_Scotland_GCVR-173C6D_2020_EPI_ISL_459121_2020-04-07)
Align target 912 (hCoV-19_Kenya_P332_2020_EPI_ISL_457905_2020-04)
Align target 913 (hCoV-19_England_20140004904_2020_EPI_ISL_465872_2020-03-28)
Align target 914 (hCoV-19_Chile_Santiago_58_2020_EPI_ISL_445354_2020-04-02)
Align target 915 (hCoV-19_Canada_ON_PHL0141_2020_EPI_ISL_418375)
Align target 916 (hCoV-19_Netherlands_Utrecht_37_2020_EPI_ISL_461235_2020-04-12)
Align target 917 (hCoV-19_SouthKorea_KUMC05_2020_EPI_ISL_413515)
Align target 918 (hCoV-19_Netherlands_NA_375_2020_EPI_ISL_455178_2020-04-08)
Align target 919 (hCoV-19_Sweden_20-50217_2020_EPI_ISL_455874_2020-03-07)
Align target 920 (hCoV-19_USA_ID-UW-4461_2020_EPI_ISL_426075)
Align target 921 (hCoV-19_Netherlands_Friesland_45_2020_EPI_ISL_460860_2020-05-03)
Align target 922 (hCoV-19_Finland_14M20_2020_EPI_ISL_418405)
Align target 923 (hCoV-19_USA_NY-PV09408_2020_EPI_ISL_450088_2020-03-11)
Align target 924 (hCoV-19_Wales_PHWC-3123D_2020_EPI_ISL_446424_2020-04-10)
Align target 925 (hCoV-19_Wales_PHWC-24DD2_2020_EPI_ISL_420940)
Align target 926 (hCoV-19_Switzerland_100057_2020_EPI_ISL_466979_2020-03-12)
Align target 927 (hCoV-19_Portugal_PT0360_2020_EPI_ISL_454076_2020-03-19)
Align target 928 (hCoV-19_USA_IL-UW-368_2020_EPI_ISL_450722_2020-04-14)
Align target 929 (hCoV-19_United_Arab_Emirates_L2409_2020_EPI_ISL_435131_2020-02-25)
Align target 930 (hCoV-19_Netherlands_NoordBrabant_127_2020_EPI_ISL_461162_2020)
Align target 931 (hCoV-19_Scotland_EDB2083_2020_EPI_ISL_433182_2020-04-19)
Align target 932 (hCoV-19_Denmark_ALAB-HH-244_2020_EPI_ISL_452082_2020-04-19)
Align target 933 (hCoV-19_USA_ID-UW-6472_2020_EPI_ISL_437837_2020-04-02)
Align target 934 (hCoV-19_India_NGC-CDFD-24_2020_EPI_ISL_466862_2020-05-30)
Align target 935 (hCoV-19_Iceland_417_2020_EPI_ISL_424441)
Align target 936 (hCoV-19_Netherlands_NA_268_2020_EPI_ISL_422579)
Align target 937 (hCoV-19_USA_VA-DCLS-0066_2020_EPI_ISL_426473)
Align target 938 (hCoV-19_Wales_PHWC-29001_2020_EPI_ISL_445468_2020-04-03)
Align target 939 (hCoV-19_Singapore_298_2020_EPI_ISL_462416_2020-03-16)
Align target 940 (hCoV-19_Brazil_SPBR-140_2020_EPI_ISL_468307_2020-04-08)
Align target 941 (hCoV-19_Canada_BC_21127913_2020_EPI_ISL_462793_2020-03)
Align target 942 (hCoV-19_Scotland_CVR1261_2020_EPI_ISL_433525_2020-03-31)
Align target 943 (hCoV-19_England_20134017104_2020_EPI_ISL_423093)
Align target 944 (hCoV-19_England_20128046302_2020_EPI_ISL_420479)
Align target 945 (hCoV-19_Iceland_544_2020_EPI_ISL_424564)
Align target 946 (hCoV-19_England_BRIS-12699F_2020_EPI_ISL_459034_2020-04-09)
Align target 947 (hCoV-19_USA_WA-S923_2020_EPI_ISL_463413_2020-04-26)
Align target 948 (hCoV-19_Bosnia-and-Herzegovina_ChVir7343_2020_EPI_ISL_462451_2020-03-19)
Align target 949 (hCoV-19_England_20134016902_2020_EPI_ISL_423092)
Align target 950 (hCoV-19_Spain_COV001084_2020_EPI_ISL_452602_2020-03-26)
Align target 951 (hCoV-19_Netherlands_NA_636_2020_EPI_ISL_461071_2020-04-02)
Align target 952 (hCoV-19_USA_CA-SR0426_2020_EPI_ISL_467957_2020-03-24)
Align target 953 (hCoV-19_England_20124030003_2020_EPI_ISL_418707)
Align target 954 (hCoV-19_India_CCMB_L1073_2020_EPI_ISL_458054_2020-05-13)
Align target 955 (hCoV-19_England_CAMB-7B273_2020_EPI_ISL_433934_2020-04-11)
Align target 956 (hCoV-19_Italy_PV-12578-29Feb_2020_EPI_ISL_460093_2020-02-29)
Align target 957 (hCoV-19_USA_NC_200468_2020_EPI_ISL_458004_2020-04)
Align target 958 (hCoV-19_Thailand_NIH-2492-2_2020_EPI_ISL_434704_2020-03-17)
Align target 959 (hCoV-19_England_SHEF-C4F0B_2020_EPI_ISL_441970_2020-04-09)
Align target 960 (hCoV-19_Wales_PHWC-2DE8B_2020_EPI_ISL_446032_2020-04-06)
Align target 961 (hCoV-19_England_NORW-E888E_2020_EPI_ISL_448242_2020-04-12)
Align target 962 (hCoV-19_Portugal_PT0395a_2020_EPI_ISL_454114_2020-04-18)
Align target 963 (hCoV-19_England_CAMB-7C782_2020_EPI_ISL_442103_2020-04-05)
Align target 964 (hCoV-19_Portugal_PT0270_2020_EPI_ISL_453984_2020-04-05)
Align target 965 (hCoV-19_Wales_PHWC-260AA_2020_EPI_ISL_422073)
Align target 966 (hCoV-19_India_GBRC7_2020_EPI_ISL_435054_2020-04-14)
Align target 967 (hCoV-19_Israel_13077840_2020_EPI_ISL_447423_2020-04-04)
Align target 968 (hCoV-19_England_BRIS-12649E_2020_EPI_ISL_458921_2020-04-10)
Align target 969 (hCoV-19_Australia_VIC356_2020_EPI_ISL_426664)
Align target 970 (hCoV-19_England_20156044504_2020_EPI_ISL_466319_2020-04-09)
Align target 971 (hCoV-19_Greece_234_31670_2020_EPI_ISL_437894_2020-03-05)
Align target 972 (hCoV-19_USA_WA-UW338_2020_EPI_ISL_418905)
Align target 973 (hCoV-19_Sichuan_SC-WCH4-288_2020_EPI_ISL_451390_2020-01-23)
Align target 974 (hCoV-19_Sweden_20-08127_2020_EPI_ISL_455902_2020-03-09)
Align target 975 (hCoV-19_Lebanon_S5_762_2020_EPI_ISL_450512_2020-02-27)
Align target 976 (hCoV-19_New_Zealand_20VR2065_2020_EPI_ISL_456356_2020-04-06)
Align target 977 (hCoV-19_USA_CA-CZBRR057IX00141_2020_EPI_ISL_429054)
Align target 978 (hCoV-19_Netherlands_Leiden-0002_2020_EPI_ISL_454416_2020-03-09)
Align target 979 (hCoV-19_England_20102000804_2020_EPI_ISL_464263_2020-03-02)
Align target 980 (hCoV-19_USA_ID-UW-1934_2020_EPI_ISL_424322)
Align target 981 (hCoV-19_Netherlands_NA_569_2020_EPI_ISL_460733_2020-04-11)
Align target 982 (hCoV-19_England_BRIS-12358F_2020_EPI_ISL_442763_2020-04-06)
Align target 983 (hCoV-19_Malaysia_IMR_WC119_2020_EPI_ISL_455790_2020-01-30)
Align target 984 (hCoV-19_Wales_PHWC-2949C_2020_EPI_ISL_432128_2020-04-03)
Align target 985 (hCoV-19_England_20142025204_2020_EPI_ISL_465936_2020-03-30)
Align target 986 (hCoV-19_Scotland_CVR2242_2020_EPI_ISL_456762_2020-04-12)
Align target 987 (hCoV-19_England_PORT-2CF86D_2020_EPI_ISL_461982_2020)
Align target 988 (hCoV-19_Netherlands_ZuidHolland_212_2020_EPI_ISL_461384_2020-05-07)
Align target 989 (hCoV-19_USA_WI-38_2020_EPI_ISL_421296)
Align target 990 (hCoV-19_England_SHEF-C05FE_2020_EPI_ISL_420243)
Align target 991 (hCoV-19_Wuhan_HB-WH2-154_2020_EPI_ISL_455373_2020-02-28)
Align target 992 (hCoV-19_USA_WA-S524_2020_EPI_ISL_434284_2020-04-01)
Align target 993 (hCoV-19_England_CAMB-1B0B0D_2020_EPI_ISL_452939_2020-05-10)
Align target 994 (hCoV-19_USA_NY-PV08444_2020_EPI_ISL_421395)
Align target 995 (hCoV-19_USA_CA-SR0259_2020_EPI_ISL_437553_2020-03-25)
Align target 996 (hCoV-19_USA_WA-S330_2020_EPI_ISL_434090_2020-04-02)
Align target 997 (hCoV-19_England_20146021204_2020_EPI_ISL_466040_2020-03-31)
Align target 998 (hCoV-19_USA_NY-NYUMC409_2020_EPI_ISL_435476_2020-03-30)
Align target 999 (hCoV-19_USA_MA-MGH-00134_2020_EPI_ISL_460316_2020-03-22)
Computing global alignment... done.
