Align target 0 (hCoV-19_Denmark_ALAB-SSI354_2020_EPI_ISL_429466)
Align target 1 (hCoV-19_Australia_VIC1110_2020_EPI_ISL_430569)
Align target 2 (hCoV-19_USA_NY-PV08139_2020_EPI_ISL_421361)
Align target 3 (hCoV-19_Scotland_GCVR-1712D6_2020_EPI_ISL_459568_2020-03-26)
Align target 4 (hCoV-19_Iceland_473_2020_EPI_ISL_424496)
Align target 5 (hCoV-19_England_20120054804_2020_EPI_ISL_465726_2020-03-16)
Align target 6 (hCoV-19_England_CAMB-1ABF54_2020_EPI_ISL_444350_2020-04-27)
Align target 7 (hCoV-19_England_CAMB-71DE5_2020_EPI_ISL_438500_2020-03-30)
Align target 8 (hCoV-19_Australia_NSW41_2020_EPI_ISL_417399)
Align target 9 (hCoV-19_England_EXET-135C3A_2020_EPI_ISL_457149_2020-04-10)
Align target 10 (hCoV-19_Spain_Madrid_H12_3304_2020_EPI_ISL_428703)
Align target 11 (hCoV-19_England_CAMB-7EC72_2020_EPI_ISL_442938_2020-04-07)
Align target 12 (hCoV-19_England_CAMB-75464_2020_EPI_ISL_425390)
Align target 13 (hCoV-19_England_20169014704_2020_EPI_ISL_465197_2020-04-17)
Align target 14 (hCoV-19_Scotland_GCVR-17117F_2020_EPI_ISL_459565_2020-03-27)
Align target 15 (hCoV-19_USA_MA-MGH-00658_2020_EPI_ISL_460402_2020-04-03)
Align target 16 (hCoV-19_Wuhan_HB-WHCM-121_2020_EPI_ISL_455408_2020-03-02)
Align target 17 (hCoV-19_England_20172043604_2020_EPI_ISL_465344_2020-04-20)
Align target 18 (hCoV-19_Australia_NSW286_2020_EPI_ISL_451550_2020-04-03)
Align target 19 (hCoV-19_USA_WA-S676_2020_EPI_ISL_449846_2020-04-07)
Align target 20 (hCoV-19_USA_WA-S384_2020_EPI_ISL_434144_2020-03-27)
Align target 21 (hCoV-19_India_NCDC-01475_2020_EPI_ISL_435065_2020-03-15)
Align target 22 (hCoV-19_USA_NY-NYUMC265_2020_EPI_ISL_428779)
Align target 23 (hCoV-19_USA_MI-MDHHS-SC20363_2020_EPI_ISL_450574_2020-03-14)
Align target 24 (hCoV-19_England_20186123804_2020_EPI_ISL_465488_2020-05-29)
Align target 25 (hCoV-19_Wuhan_HB-WH1-143_2020_EPI_ISL_454919_2020-02-03)
Align target 26 (hCoV-19_Scotland_GCVR-173D00_2020_EPI_ISL_459158_2020-04-06)
Align target 27 (hCoV-19_USA_WI-UW-268_2020_EPI_ISL_434614_2020-04-06)
Align target 28 (hCoV-19_Spain_COV002055_2020_EPI_ISL_452374_2020-03-15)
Align target 29 (hCoV-19_Netherlands_NA_412_2020_EPI_ISL_455214_2020-03-21)
Align target 30 (hCoV-19_Canada_QC_AQ5_2020_EPI_ISL_463929_2020-04-03)
Align target 31 (hCoV-19_Belgium_VPMV-0325153_2020_EPI_ISL_420410)
Align target 32 (hCoV-19_England_SHEF-C905E_2020_EPI_ISL_442039_2020-03-26)
Align target 33 (hCoV-19_Scotland_CVR1179_2020_EPI_ISL_438770_2020-03-30)
Align target 34 (hCoV-19_Denmark_ALAB-SSI183_2020_EPI_ISL_429388)
Align target 35 (hCoV-19_Taiwan_CGMH-CGU-30_2020_EPI_ISL_464094_2020-04-11)
Align target 36 (hCoV-19_Spain_COV001325_2020_EPI_ISL_452548_2020-03-23)
Align target 37 (hCoV-19_Netherlands_NA_709_2020_EPI_ISL_461144_2020-05-12)
Align target 38 (hCoV-19_USA_LA-EVTL021_2020_EPI_ISL_435559_2020-04-24)
Align target 39 (hCoV-19_England_201120899_2020_EPI_ISL_464679_2020-03-08)
Align target 40 (hCoV-19_USA_WA-S1212_2020_EPI_ISL_463702_2020-05-07)
Align target 41 (hCoV-19_England_201440136_2020_EPI_ISL_465983_2020-03-31)
Align target 42 (hCoV-19_England_SHEF-CD8AD_2020_EPI_ISL_432550_2020-03-25)
Align target 43 (hCoV-19_USA_WA-S253_2020_EPI_ISL_430291)
Align target 44 (hCoV-19_USA_WA-UW-10114_2020_EPI_ISL_461468_2020-05-29)
Align target 45 (hCoV-19_Canada_BC_18138681_2020_EPI_ISL_462756_2020-03)
Align target 46 (hCoV-19_Georgia_Tb-6572_2020_EPI_ISL_447056_2020-04-29)
Align target 47 (hCoV-19_England_EXET-136AC6_2020_EPI_ISL_457247_2020-05-13)
Align target 48 (hCoV-19_England_BRIS-129325_2020_EPI_ISL_458911_2020-04-19)
Align target 49 (hCoV-19_Australia_VIC476_2020_EPI_ISL_426908)
Align target 50 (hCoV-19_Scotland_CVR2345_2020_EPI_ISL_448182_2020-04-13)
Align target 51 (hCoV-19_England_CAMB-7BF7C_2020_EPI_ISL_442080_2020-04-04)
Align target 52 (hCoV-19_USA_WA-S1045_2020_EPI_ISL_463535_2020-05-03)
Align target 53 (hCoV-19_USA_NC_200488_2020_EPI_ISL_458006_2020-04)
Align target 54 (hCoV-19_USA_NY-PV08493_2020_EPI_ISL_421429)
Align target 55 (hCoV-19_England_CAMB-7D833_2020_EPI_ISL_441566_2020-04-07)
Align target 56 (hCoV-19_USA_TX-HMH0134_2020_EPI_ISL_434834_2020-03-21)
Align target 57 (hCoV-19_England_CAMB-80B9E_2020_EPI_ISL_442880_2020-04-11)
Align target 58 (hCoV-19_USA_WA-S701_2020_EPI_ISL_449871_2020-04-10)
Align target 59 (hCoV-19_England_CAMB-1AFF05_2020_EPI_ISL_459214_2020-05-04)
Align target 60 (hCoV-19_Spain_Valencia297_2020_EPI_ISL_436392_2020-03-17)
Align target 61 (hCoV-19_Switzerland_GE7617_2020_EPI_ISL_429204)
Align target 62 (hCoV-19_Portugal_PT0044_2020_EPI_ISL_421447)
Align target 63 (hCoV-19_Canada_QC-AK3_2020_EPI_ISL_450642_2020-04-08)
Align target 64 (hCoV-19_Chile_Santiago_77_2020_EPI_ISL_445374_2020-04-04)
Align target 65 (hCoV-19_England_NORW-EA109_2020_EPI_ISL_448388_2020-05-02)
Align target 66 (hCoV-19_Scotland_EDB1819_2020_EPI_ISL_433141_2020-04-16)
Align target 67 (hCoV-19_Spain_PaisVasco201492_2020_EPI_ISL_455353_2020-03-04)
Align target 68 (hCoV-19_Iceland_244_2020_EPI_ISL_417572)
Align target 69 (hCoV-19_Canada_BC_03069740_2020_EPI_ISL_466735_2020-04)
Align target 70 (hCoV-19_England_CAMB-84110_2020_EPI_ISL_438739_2020-04-27)
Align target 71 (hCoV-19_Scotland_EDB5464_2020_EPI_ISL_461742_2020-04-25)
Align target 72 (hCoV-19_Scotland_CVR2344_2020_EPI_ISL_448181_2020-04-13)
Align target 73 (hCoV-19_England_CAMB-7B52F_2020_EPI_ISL_433971_2020-04-13)
Align target 74 (hCoV-19_Netherlands_NA_566_2020_EPI_ISL_460730_2020-04-10)
Align target 75 (hCoV-19_Sweden_20-50125_2020_EPI_ISL_429140)
Align target 76 (hCoV-19_Colombia_Cali-01_2020_EPI_ISL_445219_2020-04-02)
Align target 77 (hCoV-19_Spain_COV001558_2020_EPI_ISL_467172_2020-03-12)
Align target 78 (hCoV-19_England_CAMB-81FBF_2020_EPI_ISL_438603_2020-04-21)
Align target 79 (hCoV-19_Luxembourg_LNS3588186_2020_EPI_ISL_419583)
Align target 80 (hCoV-19_England_CAMB-7C579_2020_EPI_ISL_442290_2020-04-04)
Align target 81 (hCoV-19_England_NOTT-10F0B5_2020_EPI_ISL_432961_2020-03-30)
Align target 82 (hCoV-19_England_20109094006_2020_EPI_ISL_417289)
Align target 83 (hCoV-19_England_20139053004_2020_EPI_ISL_420706)
Align target 84 (hCoV-19_USA_VA-DCLS-0151_2020_EPI_ISL_437784_2020-04-17)
Align target 85 (hCoV-19_England_20128035406_2020_EPI_ISL_423951)
Align target 86 (hCoV-19_England_CAMB-1B01DE_2020_EPI_ISL_459282_2020-05-02)
Align target 87 (hCoV-19_Scotland_CVR594_2020_EPI_ISL_439089_2020-03-25)
Align target 88 (hCoV-19_USA_NY-NYUMC257_2020_EPI_ISL_428771)
Align target 89 (hCoV-19_USA_UT-00097_2020_EPI_ISL_430035)
Align target 90 (hCoV-19_USA_NY-PV08410_2020_EPI_ISL_421374)
Align target 91 (hCoV-19_Denmark_ALAB-SSI-628_2020_EPI_ISL_437007_2020-03-24)
Align target 92 (hCoV-19_England_NORW-E7193_2020_EPI_ISL_449009_2020-04-20)
Align target 93 (hCoV-19_Canada_BC_03469645_2020_EPI_ISL_466742_2020-04)
Align target 94 (hCoV-19_England_CAMB-75DA5_2020_EPI_ISL_438351_2020-03-29)
Align target 95 (hCoV-19_England_NORW-E71B1_2020_EPI_ISL_449011_2020-04-20)
Align target 96 (hCoV-19_USA_NY-NYUMC818_2020_EPI_ISL_456054_2020-03-25)
Align target 97 (hCoV-19_Australia_VIC350_2020_EPI_ISL_426658)
Align target 98 (hCoV-19_Greece_261_32221_2020_EPI_ISL_437907_2020-03-10)
Align target 99 (hCoV-19_England_SHEF-C8C6A_2020_EPI_ISL_442036_2020-03-26)
Align target 100 (hCoV-19_England_201120015_2020_EPI_ISL_464664_2020-03-09)
Align target 101 (hCoV-19_Switzerland_110436_2020_EPI_ISL_451862_2020-04-07)
Align target 102 (hCoV-19_England_CAMB-7A960_2020_EPI_ISL_441824_2020-04-03)
Align target 103 (hCoV-19_Poland_Sla10_2020_EPI_ISL_451664_2020-05-05)
Align target 104 (hCoV-19_Netherlands_NA_426_2020_EPI_ISL_455228_2020-04-06)
Align target 105 (hCoV-19_USA_IL-UW-1265_2020_EPI_ISL_422961)
Align target 106 (hCoV-19_Netherlands_NA_655_2020_EPI_ISL_461090_2020)
Align target 107 (hCoV-19_England_20169023004_2020_EPI_ISL_465216_2020-04-17)
Align target 108 (hCoV-19_England_SHEF-C038B_2020_EPI_ISL_420185)
Align target 109 (hCoV-19_Spain_COV001610_2020_EPI_ISL_467158_2020-03-12)
Align target 110 (hCoV-19_Spain_COV001438_2020_EPI_ISL_467108_2020-03-17)
Align target 111 (hCoV-19_USA_FL-BPHL-033_2020_EPI_ISL_436537_2020-04-16)
Align target 112 (hCoV-19_USA_WA-UW294_2020_EPI_ISL_418079)
Align target 113 (hCoV-19_Denmark_ALAB-SSI-1269_2020_EPI_ISL_444839_2020-03-09)
Align target 114 (hCoV-19_Scotland_CVR3174_2020_EPI_ISL_449202_2020-04-26)
Align target 115 (hCoV-19_Switzerland_100813_2020_EPI_ISL_451763_2020-03-26)
Align target 116 (hCoV-19_Canada_ON_PHL1083_2020_EPI_ISL_418340)
Align target 117 (hCoV-19_Australia_VIC336_2020_EPI_ISL_426645)
Align target 118 (hCoV-19_Ganzhou_JX81_2020_EPI_ISL_421242)
Align target 119 (hCoV-19_Russia_Moscow-62505_2020_EPI_ISL_428860)
Align target 120 (hCoV-19_England_NORW-E797D_2020_EPI_ISL_449085_2020-05-05)
Align target 121 (hCoV-19_Spain_Andalucia201616_2020_EPI_ISL_455319_2020-03-05)
Align target 122 (hCoV-19_Congo_445_2020_EPI_ISL_420848)
Align target 123 (hCoV-19_India_CCMB_C19_2020_EPI_ISL_458040_2020-05-06)
Align target 124 (hCoV-19_Belgium_UGent-44_2020_EPI_ISL_434360_2020-03-29)
Align target 125 (hCoV-19_Wales_PHWC-25005_2020_EPI_ISL_420929)
Align target 126 (hCoV-19_USA_WA-S900_2020_EPI_ISL_463390_2020-04-28)
Align target 127 (hCoV-19_Australia_VIC157_2020_EPI_ISL_419854)
Align target 128 (hCoV-19_Estonia_ChVir4298_2020_EPI_ISL_457734_2020-03)
Align target 129 (hCoV-19_Scotland_CVR1639_2020_EPI_ISL_433640_2020-04-05)
Align target 130 (hCoV-19_USA_MN-GMF-04407_2020_EPI_ISL_455579_2020-05-26)
Align target 131 (hCoV-19_England_CAMB-84D58_2020_EPI_ISL_440466_2020-03-13)
Align target 132 (hCoV-19_SouthKorea_KUMC01_2020_EPI_ISL_413017)
Align target 133 (hCoV-19_Scotland_EDB5448_2020_EPI_ISL_461739_2020-05-25)
Align target 134 (hCoV-19_Australia_VIC1339_2020_EPI_ISL_430707)
Align target 135 (hCoV-19_England_20130072204_2020_EPI_ISL_423665)
Align target 136 (hCoV-19_Belgium_UGent-65_2020_EPI_ISL_451176_2020-04-08)
Align target 137 (hCoV-19_USA_WY-WYPHL-00047_2020_EPI_ISL_462939_2020-03-24)
Align target 138 (hCoV-19_Netherlands_NA_226_2020_EPI_ISL_422761)
Align target 139 (hCoV-19_Wales_PHWC-29D55_2020_EPI_ISL_432244_2020-04-04)
Align target 140 (hCoV-19_USA_TX-HMH0119_2020_EPI_ISL_434820_2020-03-20)
Align target 141 (hCoV-19_Spain_COV000858_2020_EPI_ISL_452694_2020-03-12)
Align target 142 (hCoV-19_England_201080079_2020_EPI_ISL_464462_2020-03-03)
Align target 143 (hCoV-19_England_BRIS-12226B_2020_EPI_ISL_440058_2020-03-30)
Align target 144 (hCoV-19_India_NCDC-3965_2020_EPI_ISL_436444_2020-04-09)
Align target 145 (hCoV-19_USA_UT-01994_2020_EPI_ISL_452177_2020-04-16)
Align target 146 (hCoV-19_India_S28_2020_EPI_ISL_455657_2020-04-30)
Align target 147 (hCoV-19_USA_WA-S431_2020_EPI_ISL_434191_2020-03-28)
Align target 148 (hCoV-19_Scotland_CVR978_2020_EPI_ISL_439140_2020-03-28)
Align target 149 (hCoV-19_Wales_PHWC-23E76_2020_EPI_ISL_418121)
Align target 150 (hCoV-19_England_CAMB-7C38E_2020_EPI_ISL_434034_2020-04-14)
Align target 151 (hCoV-19_Wales_PHWC-337F0_2020_EPI_ISL_446752_2020-04-15)
Align target 152 (hCoV-19_Argentina_PAIS_A012_2020_EPI_ISL_430803)
Align target 153 (hCoV-19_USA_NY-NYUMC440_2020_EPI_ISL_435507_2020-04-15)
Align target 154 (hCoV-19_USA_MA_3672_2020_EPI_ISL_424844)
Align target 155 (hCoV-19_Austria_CeMM0256_2020_EPI_ISL_438085_2020-03-22)
Align target 156 (hCoV-19_Wuhan_HB-WH5-238_2020_EPI_ISL_454979_2020-03-18)
Align target 157 (hCoV-19_JOR_SEARCH-0041-JOR_2020_EPI_ISL_429999)
Align target 158 (hCoV-19_England_EXET-136167_2020_EPI_ISL_457204_2020-04-15)
Align target 159 (hCoV-19_England_20189158704_2020_EPI_ISL_465559_2020-05-02)
Align target 160 (hCoV-19_Wales_PHWC-2A98D_2020_EPI_ISL_445643_2020-04-06)
Align target 161 (hCoV-19_Guangzhou_GZMU0020_2020_EPI_ISL_429081)
Align target 162 (hCoV-19_Wales_PHWC-30C21_2020_EPI_ISL_446339_2020-04-10)
Align target 163 (hCoV-19_England_CAMB-79AB9_2020_EPI_ISL_433819_2020-03-27)
Align target 164 (hCoV-19_England_CAMB-78D0C_2020_EPI_ISL_441273_2020-04-03)
Align target 165 (hCoV-19_Belgium_EM-0407403_2020_EPI_ISL_462257_2020-04-07)
Align target 166 (hCoV-19_England_20146010504_2020_EPI_ISL_466027_2020-04-01)
Align target 167 (hCoV-19_Scotland_CVR2771_2020_EPI_ISL_448193_2020-04-20)
Align target 168 (hCoV-19_USA_NJ-PV09072_2020_EPI_ISL_421619)
Align target 169 (hCoV-19_USA_WI-24_2020_EPI_ISL_417512)
Align target 170 (hCoV-19_Belgium_ULG-10131_2020_EPI_ISL_427376)
Align target 171 (hCoV-19_USA_NY-PV09446_2020_EPI_ISL_450121_2020-03-12)
Align target 172 (hCoV-19_Russia_StPetersburg-RII6086S_2020_EPI_ISL_430111)
Align target 173 (hCoV-19_England_NOTT-10F6E0_2020_EPI_ISL_433039_2020-04-03)
Align target 174 (hCoV-19_England_20139047804_2020_EPI_ISL_420697)
Align target 175 (hCoV-19_USA_VA-DCLS-0380_2020_EPI_ISL_463136_2020-05-13)
Align target 176 (hCoV-19_England_BRIS-129D45_2020_EPI_ISL_458477_2020-04-15)
Align target 177 (hCoV-19_England_NORW-E8F7A_2020_EPI_ISL_453569_2020-04-25)
Align target 178 (hCoV-19_England_NORW-EA8AA_2020_EPI_ISL_461871_2020-05-20)
Align target 179 (hCoV-19_England_20104007503_2020_EPI_ISL_417227)
Align target 180 (hCoV-19_England_OXON-AC482_2020_EPI_ISL_448452_2020-04-07)
Align target 181 (hCoV-19_Wales_PHWC-23AFA_2020_EPI_ISL_418089)
Align target 182 (hCoV-19_USA_NY-NYUMC791_2020_EPI_ISL_456066_2020-03-26)
Align target 183 (hCoV-19_England_20164084904_2020_EPI_ISL_466487_2020-04-15)
Align target 184 (hCoV-19_England_CAMB-72D4E_2020_EPI_ISL_440062_2020-03-21)
Align target 185 (hCoV-19_USA_WA-UW-6546_2020_EPI_ISL_437860_2020-04-04)
Align target 186 (hCoV-19_Scotland_CVR2492_2020_EPI_ISL_438915_2020-04-15)
Align target 187 (hCoV-19_Netherlands_Friesland_22_2020_EPI_ISL_460644_2020-04-07)
Align target 188 (hCoV-19_USA_TX-HMH0281_2020_EPI_ISL_434909_2020-03-27)
Align target 189 (hCoV-19_USA_WA-S763_2020_EPI_ISL_449933_2020-04-14)
Align target 190 (hCoV-19_England_CAMB-78C4B_2020_EPI_ISL_441073_2020-04-02)
Align target 191 (hCoV-19_Hong_Kong_HKPU76-0802_2020_EPI_ISL_419246)
Align target 192 (hCoV-19_USA_WA-S430_2020_EPI_ISL_434190_2020-03-25)
Align target 193 (hCoV-19_USA_UT-0884_2020_EPI_ISL_435385_2020-04-06)
Align target 194 (hCoV-19_Scotland_EDB5011_2020_EPI_ISL_453180_2020-05-15)
Align target 195 (hCoV-19_Scotland_EDB562_2020_EPI_ISL_426021)
Align target 196 (hCoV-19_USA_ID-UW-4355_2020_EPI_ISL_426064)
Align target 197 (hCoV-19_USA_WA-UW-2247_2020_EPI_ISL_426129)
Align target 198 (hCoV-19_India_THSTI-BAL_41_2020_EPI_ISL_454859_2020-04-07)
Align target 199 (hCoV-19_Wales_PHWC-28934_2020_EPI_ISL_432102_2020)
Align target 200 (hCoV-19_Israel_2089697_2020_EPI_ISL_447369_2020-04-01)
Align target 201 (hCoV-19_USA_WA17-UW13_2020_EPI_ISL_413652)
Align target 202 (hCoV-19_USA_WA-S311_2020_EPI_ISL_434071_2020-04-04)
Align target 203 (hCoV-19_England_CAMB-7DCDD_2020_EPI_ISL_441752_2020-04-06)
Align target 204 (hCoV-19_England_BRIS-126C2D_2020_EPI_ISL_459009_2020-04-09)
Align target 205 (hCoV-19_England_NORW-E88E8_2020_EPI_ISL_448248_2020-04-11)
Align target 206 (hCoV-19_Wales_PHWC-2D717_2020_EPI_ISL_446017_2020-04-05)
Align target 207 (hCoV-19_Greece_224_35200_2020_EPI_ISL_437890_2020-03-18)
Align target 208 (hCoV-19_Turkey_VETAL-_AHM1_2020_EPI_ISL_435057_2020-04-09)
hCoV-19_Turkey_VETAL-_AHM1_2020_EPI_ISL_435057_2020-04-09: Frameshift error (scores nt: 143479; codon: 26469)
Align target 209 (hCoV-19_USA_MI-MDHHS-SC20533_2020_EPI_ISL_460581_2020-05-14)
Align target 210 (hCoV-19_Australia_VIC970_2020_EPI_ISL_430662)
Align target 211 (hCoV-19_USA_TX-HMH0189_2020_EPI_ISL_434865_2020-03-23)
Align target 212 (hCoV-19_Wuhan_HBCDC-HB-03_2020_EPI_ISL_412979)
Align target 213 (hCoV-19_Scotland_EDB3500_2020_EPI_ISL_439273_2020-04-13)
Align target 214 (hCoV-19_England_LIVE-9C722_2020_EPI_ISL_449572_2020-03-31)
Align target 215 (hCoV-19_Northern_Ireland_NIRE-FB40C_2020_EPI_ISL_441420_2020-03-17)
Align target 216 (hCoV-19_Wales_PHWC-2EA77_2020_EPI_ISL_446106_2020-04-07)
Align target 217 (hCoV-19_Wales_PHWC-283FA_2020_EPI_ISL_432031_2020-03-27)
Align target 218 (hCoV-19_Netherlands_Gelderland_128_2020_EPI_ISL_460889_2020-05-22)
Align target 219 (hCoV-19_Spain_COV003719_2020_EPI_ISL_467194_2020-04-03)
Align target 220 (hCoV-19_Austria_CeMM0108_2020_EPI_ISL_437967_2020-03-13)
Align target 221 (hCoV-19_France_ARA11036_2020_EPI_ISL_418432)
Align target 222 (hCoV-19_USA_NY-NYUMC196_2020_EPI_ISL_427491)
Align target 223 (hCoV-19_England_CAMB-7CB77_2020_EPI_ISL_442121_2020-04-05)
Align target 224 (hCoV-19_Denmark_ALAB-SSI376_2020_EPI_ISL_429481)
Align target 225 (hCoV-19_USA_CA-CZBRR057IX00079_2020_EPI_ISL_429005)
Align target 226 (hCoV-19_England_20149043704_2020_EPI_ISL_466195_2020-04-02)
Align target 227 (hCoV-19_Canada_QC_BB1_2020_EPI_ISL_463964_2020-04-14)
Align target 228 (hCoV-19_England_SHEF-C034F_2020_EPI_ISL_420205)
Align target 229 (hCoV-19_Chile_Santiago_56_2020_EPI_ISL_445352_2020-04-01)
Align target 230 (hCoV-19_Scotland_EDB3558_2020_EPI_ISL_439285_2020-04-14)
Align target 231 (hCoV-19_Bosnia-and-Herzegovina_ChVir7367_2020_EPI_ISL_462469_2020-03-27)
Align target 232 (hCoV-19_India_772_2020_EPI_ISL_420547)
Align target 233 (hCoV-19_Wales_PHWC-24525_2020_EPI_ISL_419424)
Align target 234 (hCoV-19_Spain_COV001901_2020_EPI_ISL_467070_2020-03-15)
Align target 235 (hCoV-19_England_CAMB-1AE1B5_2020_EPI_ISL_459415_2020-04-27)
Align target 236 (hCoV-19_India_NCDC-01257_2020_EPI_ISL_435060_2020-03-12)
Align target 237 (hCoV-19_England_CAMB-81ED0_2020_EPI_ISL_438592_2020-04-22)
Align target 238 (hCoV-19_England_20149005004_2020_EPI_ISL_466105_2020-03-30)
Align target 239 (hCoV-19_England_20130087904_2020_EPI_ISL_423675)
Align target 240 (hCoV-19_Wuhan_HB-WH5-235_2020_EPI_ISL_455394_2020-03-16)
Align target 241 (hCoV-19_Scotland_GCVR-17126D_2020_EPI_ISL_459692_2020-03-27)
Align target 242 (hCoV-19_England_201580161_2020_EPI_ISL_466356_2020-04-09)
Align target 243 (hCoV-19_England_LIVE-9B5FC_2020_EPI_ISL_449468_2020-03-25)
Align target 244 (hCoV-19_England_SHEF-C6EEE_2020_EPI_ISL_442004_2020-03-25)
Align target 245 (hCoV-19_Denmark_ALAB-SSI-896_2020_EPI_ISL_444963_2020-03-30)
Align target 246 (hCoV-19_Australia_VIC1728_2020_EPI_ISL_456628_2020-05-25)
Align target 247 (hCoV-19_Scotland_EDB5376_2020_EPI_ISL_457012_2020-03-31)
Align target 248 (hCoV-19_England_NORW-E89F4_2020_EPI_ISL_448262_2020-04-11)
Align target 249 (hCoV-19_USA_MD-HP00113_2020_EPI_ISL_457768_2020-03-14)
Align target 250 (hCoV-19_England_CAMB-7EF5B_2020_EPI_ISL_443007_2020-04-08)
Align target 251 (hCoV-19_USA_UT-01692_2020_EPI_ISL_454713_2020-04-13)
Align target 252 (hCoV-19_Australia_NT14_2020_EPI_ISL_426902)
Align target 253 (hCoV-19_USA_PA-MGSC16-04_2020_EPI_ISL_436471_2020-03)
Align target 254 (hCoV-19_Netherlands_NA_272_2020_EPI_ISL_422583)
Align target 255 (hCoV-19_England_SHEF-C774C_2020_EPI_ISL_432846_2020-03-19)
Align target 256 (hCoV-19_Canada_BC_27303944_2020_EPI_ISL_463273_2020-03)
Align target 257 (hCoV-19_USA_NY-NYUMC390_2020_EPI_ISL_430417)
Align target 258 (hCoV-19_USA_WA-S1099_2020_EPI_ISL_463589_2020-05-03)
Align target 259 (hCoV-19_Denmark_ALAB-HH-209_2020_EPI_ISL_452064_2020-04-27)
Align target 260 (hCoV-19_England_BRIS-12615B_2020_EPI_ISL_458928_2020-04-09)
Align target 261 (hCoV-19_England_BRIS-1293F8_2020_EPI_ISL_458861_2020-04-19)
Align target 262 (hCoV-19_Canada_ON_MU-S284_2020_EPI_ISL_463976_2020-03-28)
Align target 263 (hCoV-19_USA_NY-NYUMC619_2020_EPI_ISL_444736_2020-04-02)
Align target 264 (hCoV-19_England_NORW-E9E5E_2020_EPI_ISL_448373_2020-05-01)
Align target 265 (hCoV-19_Wales_PHWC-2569A_2020_EPI_ISL_422299)
Align target 266 (hCoV-19_USA_WA-S427_2020_EPI_ISL_434187_2020-03-28)
Align target 267 (hCoV-19_England_20140065104_2020_EPI_ISL_423397)
Align target 268 (hCoV-19_England_CAMB-81614_2020_EPI_ISL_442822_2020-04-10)
Align target 269 (hCoV-19_England_SHEF-CD904_2020_EPI_ISL_448884_2020-04-13)
Align target 270 (hCoV-19_Australia_NSW51_2020_EPI_ISL_427660)
Align target 271 (hCoV-19_USA_NM-UNM-00089_2020_EPI_ISL_467540_2020-04-01)
Align target 272 (hCoV-19_Belgium_ULG-8532_2020_EPI_ISL_418635)
Align target 273 (hCoV-19_Spain_Valencia611_2020_EPI_ISL_447529_2020-03-31)
Align target 274 (hCoV-19_Portugal_PT0210_2020_EPI_ISL_453924_2020-03-30)
Align target 275 (hCoV-19_England_CAMB-7667C_2020_EPI_ISL_439394_2020-03-29)
Align target 276 (hCoV-19_England_LIVE-9D6AC_2020_EPI_ISL_453224_2020-04-10)
Align target 277 (hCoV-19_USA_MA-MGH-00557_2020_EPI_ISL_460380_2020-03-22)
Align target 278 (hCoV-19_Scotland_CVR3061_2020_EPI_ISL_461645_2020-04-24)
Align target 279 (hCoV-19_England_20144018904_2020_EPI_ISL_423512)
Align target 280 (hCoV-19_USA_NY-PV09139_2020_EPI_ISL_422510)
Align target 281 (hCoV-19_Georgia_Tb-1679_2020_EPI_ISL_420144)
Align target 282 (hCoV-19_England_20190056501_2020_EPI_ISL_465587_2020-05-01)
Align target 283 (hCoV-19_Netherlands_ZuidHolland_141_2020_EPI_ISL_461314_2020-04-13)
Align target 284 (hCoV-19_USA_NY-NYUMC503_2020_EPI_ISL_444620_2020-03-30)
Align target 285 (hCoV-19_England_CAMB-77C5B_2020_EPI_ISL_440813_2020-03-31)
Align target 286 (hCoV-19_USA_WI-46_2020_EPI_ISL_421304)
Align target 287 (hCoV-19_Wales_PHWC-30C30_2020_EPI_ISL_446340_2020-04-12)
Align target 288 (hCoV-19_England_LIVE-9B90F_2020_EPI_ISL_440886_2020-04-18)
Align target 289 (hCoV-19_England_BRIS-125F16_2020_EPI_ISL_443841_2020-03-31)
Align target 290 (hCoV-19_Portugal_PT0012_2020_EPI_ISL_417997)
Align target 291 (hCoV-19_England_BRIS-123A08_2020_EPI_ISL_442774_2020-04-07)
Align target 292 (hCoV-19_England_CAMB-72027_2020_EPI_ISL_439935_2020-03-28)
Align target 293 (hCoV-19_India_GBRC70_2020_EPI_ISL_447047_2020-04-29)
Align target 294 (hCoV-19_Spain_Valencia146_2020_EPI_ISL_436241_2020-03-18)
Align target 295 (hCoV-19_India_NCDC-01760_2020_EPI_ISL_435106_2020-03-18)
Align target 296 (hCoV-19_England_BRIS-128CB2_2020_EPI_ISL_458751_2020-04-14)
Align target 297 (hCoV-19_DRC_2063_2020_EPI_ISL_435162_2020-04-12)
Align target 298 (hCoV-19_Beijing_BJ561_2020_EPI_ISL_430731)
Align target 299 (hCoV-19_Scotland_EDB2673_2020_EPI_ISL_439258_2020-04-26)
Align target 300 (hCoV-19_USA_UT-01562_2020_EPI_ISL_449816_2020-04-07)
Align target 301 (hCoV-19_England_LIVE-9A7D9_2020_EPI_ISL_449367_2020-03-30)
Align target 302 (hCoV-19_Wales_PHWC-2AE7F_2020_EPI_ISL_432324_2020-04-07)
Align target 303 (hCoV-19_Canada_BC_24235415_2020_EPI_ISL_463203_2020-03)
Align target 304 (hCoV-19_Belgium_DGL-0326336_2020_EPI_ISL_462190_2020-03-26)
Align target 305 (hCoV-19_Colombia_GVI-93511_2020_EPI_ISL_447785_2020-04-02)
Align target 306 (hCoV-19_England_20144002904_2020_EPI_ISL_423479)
Align target 307 (hCoV-19_Netherlands_NA_145_2020_EPI_ISL_422685)
Align target 308 (hCoV-19_Canada_BC_06955362_2020_EPI_ISL_466810_2020-04)
Align target 309 (hCoV-19_Luxembourg_LNS3702558_2020_EPI_ISL_428945)
Align target 310 (hCoV-19_USA_CT-Yale-007_2020_EPI_ISL_416421)
Align target 311 (hCoV-19_Netherlands_NA_423_2020_EPI_ISL_455225_2020)
Align target 312 (hCoV-19_USA_MA-MGH-00707_2020_EPI_ISL_460106_2020-04-07)
Align target 313 (hCoV-19_Netherlands_NA_315_2020_EPI_ISL_422624)
Align target 314 (hCoV-19_Scotland_CVR1337_2020_EPI_ISL_433546_2020-03-31)
Align target 315 (hCoV-19_England_LIVE-9ABDD_2020_EPI_ISL_449387_2020-04-01)
Align target 316 (hCoV-19_India_NIHSAD-0905-216_2020_EPI_ISL_452794_2020-05-08)
Align target 317 (hCoV-19_USA_NY-PV08109_2020_EPI_ISL_421348)
Align target 318 (hCoV-19_USA_MI-MDHHS-SC20281_2020_EPI_ISL_447079_2020-03-27)
Align target 319 (hCoV-19_India_GBRC141b_2020_EPI_ISL_458101_2020-05-24)
Align target 320 (hCoV-19_USA_MA-MGH-00567_2020_EPI_ISL_460166_2020-03-22)
Align target 321 (hCoV-19_Scotland_CVR1573_2020_EPI_ISL_438841_2020-04-04)
Align target 322 (hCoV-19_England_20132024004_2020_EPI_ISL_423754)
Align target 323 (hCoV-19_Sichuan_SC-PHCC2-043_2020_EPI_ISL_451363_2020-01-29)
Align target 324 (hCoV-19_England_20140071604_2020_EPI_ISL_423414)
Align target 325 (hCoV-19_England_CAMB-844BD_2020_EPI_ISL_443589_2020-04-17)
Align target 326 (hCoV-19_Wales_PHWC-27D48_2020_EPI_ISL_432329_2020-04-01)
Align target 327 (hCoV-19_Australia_VIC487_2020_EPI_ISL_426918)
Align target 328 (hCoV-19_Greece_264_32497_2020_EPI_ISL_437908_2020-03-11)
Align target 329 (hCoV-19_England_CAMB-7C9B9_2020_EPI_ISL_442114_2020-04-05)
Align target 330 (hCoV-19_Netherlands_ZuidHolland_224_2020_EPI_ISL_461396_2020-05-12)
Align target 331 (hCoV-19_USA_MA-MGH-00592_2020_EPI_ISL_460317_2020-03-28)
Align target 332 (hCoV-19_Beijing_DT-BJ01_2020_EPI_ISL_452358_2020-02-11)
Align target 333 (hCoV-19_Scotland_EDB5475_2020_EPI_ISL_461749_2020-04-25)
Align target 334 (hCoV-19_Canada_ON_PHLH6415_2020_EPI_ISL_418357)
Align target 335 (hCoV-19_England_BRIS-124C5C_2020_EPI_ISL_444007_2020-03-26)
Align target 336 (hCoV-19_USA_WA-S342_2020_EPI_ISL_434102_2020-04-02)
Align target 337 (hCoV-19_England_NORT-289735_2020_EPI_ISL_458624_2020-03-31)
Align target 338 (hCoV-19_England_CAMB-1B0D16_2020_EPI_ISL_452965_2020-05-11)
Align target 339 (hCoV-19_Australia_VIC1349_2020_EPI_ISL_430715)
Align target 340 (hCoV-19_England_LOND-D5383_2020_EPI_ISL_444214_2020-04-15)
Align target 341 (hCoV-19_England_SHEF-D1CD7_2020_EPI_ISL_432640_2020-03-18)
Align target 342 (hCoV-19_Tunisia_MHT_1_2020_EPI_ISL_458285_2020-03-21)
Align target 343 (hCoV-19_Brazil_RJ-2197_2020_EPI_ISL_467349_2020-04-17)
Align target 344 (hCoV-19_Wales_PHWC-2423D_2020_EPI_ISL_418156)
Align target 345 (hCoV-19_Australia_VIC232_2020_EPI_ISL_419927)
Align target 346 (hCoV-19_Australia_NSW189_2020_EPI_ISL_427740)
Align target 347 (hCoV-19_Luxembourg_LNS7970956_2020_EPI_ISL_421734)
Align target 348 (hCoV-19_England_BRIS-122D4C_2020_EPI_ISL_440681_2020-04-02)
Align target 349 (hCoV-19_Wales_PHWC-289CB_2020_EPI_ISL_432172_2020-04-02)
Align target 350 (hCoV-19_England_SHEF-C7991_2020_EPI_ISL_442013_2020-03-30)
Align target 351 (hCoV-19_Portugal_PT0032_2020_EPI_ISL_418017)
Align target 352 (hCoV-19_England_201620058_2020_EPI_ISL_466401_2020-04-12)
Align target 353 (hCoV-19_USA_OR-OHSU-0187_2020_EPI_ISL_468128_2020-05-12)
Align target 354 (hCoV-19_India_CCMB_J208_2020_EPI_ISL_447574_2020-04-01)
Align target 355 (hCoV-19_England_OXON-AF08B_2020_EPI_ISL_448807_2020-04-08)
Align target 356 (hCoV-19_England_CAMB-7C4E5_2020_EPI_ISL_442279_2020-04-05)
Align target 357 (hCoV-19_England_NORW-E8CCE_2020_EPI_ISL_448299_2020-04-15)
Align target 358 (hCoV-19_USA_NE-11120_2020_EPI_ISL_466672_2020-05-04)
Align target 359 (hCoV-19_Scotland_CVR1402_2020_EPI_ISL_438798_2020-04-01)
Align target 360 (hCoV-19_England_NORW-EC644_2020_EPI_ISL_457543_2020-05-09)
Align target 361 (hCoV-19_Australia_QLDID929_2020_EPI_ISL_420878)
Align target 362 (hCoV-19_England_20122017304_2020_EPI_ISL_465739_2020-03-15)
Align target 363 (hCoV-19_England_LOND-D4BF5_2020_EPI_ISL_449662_2020-04-14)
Align target 364 (hCoV-19_Switzerland_120072_2020_EPI_ISL_468242_2020-04-21)
Align target 365 (hCoV-19_England_20124012804_2020_EPI_ISL_465785_2020-03-17)
Align target 366 (hCoV-19_USA_NY-NYUMC184_2020_EPI_ISL_427480)
Align target 367 (hCoV-19_Wales_PHWC-288BF_2020_EPI_ISL_432066_2020-04-01)
Align target 368 (hCoV-19_Canada_BC_26584470_2020_EPI_ISL_463237_2020-03)
Align target 369 (hCoV-19_Bucuresti_ChVir7244_2020_EPI_ISL_467778_2020-04-27)
Align target 370 (hCoV-19_England_20146063404_2020_EPI_ISL_421992)
Align target 371 (hCoV-19_India_GBRC163b_2020_EPI_ISL_461498_2020-05-27)
Align target 372 (hCoV-19_Belgium_MG-0402383_2020_EPI_ISL_462237_2020-04-02)
Align target 373 (hCoV-19_Portugal_PT0578_2020_EPI_ISL_454301_2020-03-24)
Align target 374 (hCoV-19_USA_WI-23_2020_EPI_ISL_417507)
Align target 375 (hCoV-19_USA_WA-UW-4688_2020_EPI_ISL_461428_2020-04-06)
Align target 376 (hCoV-19_India_NCDC-4205_2020_EPI_ISL_436451_2020-04-13)
Align target 377 (hCoV-19_Wales_PHWC-30CA9_2020_EPI_ISL_446346_2020-04-11)
Align target 378 (hCoV-19_France_IDF3324_2020_EPI_ISL_421512)
Align target 379 (hCoV-19_Canada_BC_6004567_2020_EPI_ISL_418836)
Align target 380 (hCoV-19_Japan_DP0184_2020_EPI_ISL_416580)
Align target 381 (hCoV-19_USA_NY-QDX-140_2020_EPI_ISL_467892_2020-03-15)
Align target 382 (hCoV-19_Wales_PHWC-24F81_2020_EPI_ISL_420961)
Align target 383 (hCoV-19_England_20198067904_2020_EPI_ISL_465637_2020-05-07)
Align target 384 (hCoV-19_England_20168042704_2020_EPI_ISL_466622_2020-04-17)
Align target 385 (hCoV-19_England_CAMB-7F38B_2020_EPI_ISL_442859_2020-04-08)
Align target 386 (hCoV-19_Australia_VIC883_2020_EPI_ISL_427136)
Align target 387 (hCoV-19_USA_VA-DCLS-0388_2020_EPI_ISL_467785_2020-04-18)
Align target 388 (hCoV-19_England_CAMB-7FB29_2020_EPI_ISL_433479_2020-04-17)
Align target 389 (hCoV-19_USA_CA-SR0459_2020_EPI_ISL_467981_2020-05-19)
Align target 390 (hCoV-19_USA_NY-NYUMC740_2020_EPI_ISL_451455_2020-03-21)
Align target 391 (hCoV-19_England_201160093_2020_EPI_ISL_464786_2020-03-10)
Align target 392 (hCoV-19_Spain_COV003659_2020_EPI_ISL_467208_2020-04-01)
Align target 393 (hCoV-19_France_10001DM_2020_EPI_ISL_447717_2020-03)
Align target 394 (hCoV-19_USA_CT-CDC-6001_2020_EPI_ISL_454642_2020-04-07)
Align target 395 (hCoV-19_Denmark_ALAB-SSI113_2020_EPI_ISL_429344)
Align target 396 (hCoV-19_England_20144051704_2020_EPI_ISL_421952)
Align target 397 (hCoV-19_Shanghai_SH0002_2020_EPI_ISL_416316)
Align target 398 (hCoV-19_Iceland_7_2020_EPI_ISL_417740)
Align target 399 (hCoV-19_England_CAMB-76BF5_2020_EPI_ISL_438516_2020-03-30)
Align target 400 (hCoV-19_Chile_Temuco_10_2020_EPI_ISL_445344_2020-03-26)
Align target 401 (hCoV-19_Netherlands_NA_92_2020_EPI_ISL_422852)
Align target 402 (hCoV-19_USA_TX-HMH0306_2020_EPI_ISL_434927_2020-03-27)
Align target 403 (hCoV-19_England_OXON-ADD59_2020_EPI_ISL_448633_2020)
Align target 404 (hCoV-19_England_20169000804_2020_EPI_ISL_466625_2020-04-17)
Align target 405 (hCoV-19_Wales_PHWC-33F52_2020_EPI_ISL_446845_2020-04-17)
Align target 406 (hCoV-19_England_NOTT-11050D_2020_EPI_ISL_441525_2020-04-23)
Align target 407 (hCoV-19_USA_WA-S733_2020_EPI_ISL_449903_2020-04-13)
Align target 408 (hCoV-19_USA_WA-S133_2020_EPI_ISL_430170)
Align target 409 (hCoV-19_Australia_VIC663_2020_EPI_ISL_426959)
Align target 410 (hCoV-19_Netherlands_NA_710_2020_EPI_ISL_461145_2020-05-13)
Align target 411 (hCoV-19_England_OXON-AE4F9_2020_EPI_ISL_448698_2020)
Align target 412 (hCoV-19_Belgium_MCW-030574_2020_EPI_ISL_420330)
Align target 413 (hCoV-19_England_BRIS-123613_2020_EPI_ISL_442635_2020-04-06)
Align target 414 (hCoV-19_England_CAMB-84101_2020_EPI_ISL_438738_2020-04-26)
Align target 415 (hCoV-19_USA_WA-UW-2219_2020_EPI_ISL_426118)
Align target 416 (hCoV-19_Shanghai_SH0114_2020_EPI_ISL_416401)
Align target 417 (hCoV-19_England_LIVE-9E80F_2020_EPI_ISL_453335_2020-04-12)
Align target 418 (hCoV-19_England_BRIS-124B22_2020_EPI_ISL_443942_2020-03-26)
Align target 419 (hCoV-19_England_CAMB-7B765_2020_EPI_ISL_442233_2020-04-03)
Align target 420 (hCoV-19_England_CAMB-7427A_2020_EPI_ISL_440362_2020-03-20)
Align target 421 (hCoV-19_Netherlands_NoordHolland_10002_2020_EPI_ISL_454751_2020-02-28)
Align target 422 (hCoV-19_England_20206140504_2020_EPI_ISL_465669_2020-05-14)
Align target 423 (hCoV-19_Netherlands_Drente_1_2020_EPI_ISL_423034)
Align target 424 (hCoV-19_England_BRIS-128A4F_2020_EPI_ISL_458850_2020-04-14)
Align target 425 (hCoV-19_USA_MI-MDHHS-SC20235_2020_EPI_ISL_447205_2020-04-22)
Align target 426 (hCoV-19_Spain_COV001902_2020_EPI_ISL_467074_2020-03-15)
Align target 427 (hCoV-19_Australia_VIC1163_2020_EPI_ISL_430617)
Align target 428 (hCoV-19_Wuhan_WHUH004_2020_EPI_ISL_449479_2020-01-22)
Align target 429 (hCoV-19_England_20134017104_2020_EPI_ISL_423093)
Align target 430 (hCoV-19_Scotland_GCVR-170C15_2020_EPI_ISL_459606_2020-03-25)
Align target 431 (hCoV-19_USA_WA-S239_2020_EPI_ISL_430277)
Align target 432 (hCoV-19_England_NORW-E829F_2020_EPI_ISL_449133_2020-04-08)
Align target 433 (hCoV-19_USA_WA-UW-4649_2020_EPI_ISL_429629)
Align target 434 (hCoV-19_England_NORW-E9708_2020_EPI_ISL_461830_2020-04-29)
Align target 435 (hCoV-19_Wales_PHWC-2D2DA_2020_EPI_ISL_445967_2020-04-04)
Align target 436 (hCoV-19_England_20156002904_2020_EPI_ISL_466287_2020-04-07)
Align target 437 (hCoV-19_USA_MN-MDH-1039_2020_EPI_ISL_462884_2020-05-07)
Align target 438 (hCoV-19_England_CAMB-1ABF18_2020_EPI_ISL_444347_2020-04-27)
Align target 439 (hCoV-19_England_BRIS-1233B2_2020_EPI_ISL_442698_2020-04-06)
Align target 440 (hCoV-19_Wales_PHWC-24895_2020_EPI_ISL_420930)
Align target 441 (hCoV-19_England_CAMB-74FBF_2020_EPI_ISL_440380_2020-03-14)
Align target 442 (hCoV-19_USA_MN-MDH-621_2020_EPI_ISL_437383_2020-04-15)
Align target 443 (hCoV-19_DK_ALAB-SSI-745_2020_EPI_ISL_437667_2020-03-27)
Align target 444 (hCoV-19_Belgium_rega-0405288_2020_EPI_ISL_464082_2020-04-07)
Align target 445 (hCoV-19_India_RMRC23_2020_EPI_ISL_455774_2020-04-04)
Align target 446 (hCoV-19_Guangdong_GDSZ202009-P0032_2020_EPI_ISL_413881)
Align target 447 (hCoV-19_Scotland_CVR1019_2020_EPI_ISL_438753_2020-03-29)
Align target 448 (hCoV-19_England_CAMB-80C7D_2020_EPI_ISL_442913_2020-04-11)
Align target 449 (hCoV-19_Iceland_577_2020_EPI_ISL_424597)
Align target 450 (hCoV-19_USA_WA-S738_2020_EPI_ISL_449908_2020-04-13)
Align target 451 (hCoV-19_England_LIVE-9A40F_2020_EPI_ISL_440863_2020-04-16)
Align target 452 (hCoV-19_England_CAMB-1B3557_2020_EPI_ISL_461561_2020-05-27)
Align target 453 (hCoV-19_England_BRIS-128D73_2020_EPI_ISL_458736_2020-04-14)
Align target 454 (hCoV-19_Switzerland_100085_2020_EPI_ISL_451677_2020-03-13)
Align target 455 (hCoV-19_Wales_PHWC-2D2BC_2020_EPI_ISL_445966_2020-04-04)
Align target 456 (hCoV-19_England_201121229_2020_EPI_ISL_464692_2020-03-08)
Align target 457 (hCoV-19_Guangdong_20SF685_2020_EPI_ISL_428471)
Align target 458 (hCoV-19_USA_WI-UW-277_2020_EPI_ISL_436571_2020-04-02)
Align target 459 (hCoV-19_England_SHEF-C5BF7_2020_EPI_ISL_448853_2020-04-13)
Align target 460 (hCoV-19_Wales_PHWC-309B1_2020_EPI_ISL_446302_2020-04-08)
Align target 461 (hCoV-19_Canada_ON-UHTC_0031_2020_EPI_ISL_464032_2020-04-01)
Align target 462 (hCoV-19_USA_TX-HMH0148_2020_EPI_ISL_434847_2020-03-22)
Align target 463 (hCoV-19_USA_NM-UNM-00119_2020_EPI_ISL_467646_2020-04-02)
Align target 464 (hCoV-19_USA_WA-UW355_2020_EPI_ISL_418922)
Align target 465 (hCoV-19_England_20129037304_2020_EPI_ISL_424038)
Align target 466 (hCoV-19_USA_WI-180_2020_EPI_ISL_428276)
Align target 467 (hCoV-19_England_CAMB-827A7_2020_EPI_ISL_443464_2020-04-14)
Align target 468 (hCoV-19_Australia_SAP044_2020_EPI_ISL_451084_2020-03-22)
Align target 469 (hCoV-19_Belgium_BN-0330347_2020_EPI_ISL_462201_2020-03-30)
Align target 470 (hCoV-19_England_20124012204_2020_EPI_ISL_465783_2020-03-18)
Align target 471 (hCoV-19_England_SHEF-C0118_2020_EPI_ISL_420258)
Align target 472 (hCoV-19_USA_AK-PHL052_2020_EPI_ISL_431018_2020-03-26)
Align target 473 (hCoV-19_England_CAMB-71C60_2020_EPI_ISL_439607_2020-03-31)
Align target 474 (hCoV-19_England_CAMB-1AFD65_2020_EPI_ISL_459187_2020-05-04)
Align target 475 (hCoV-19_England_CAMB-7DA4C_2020_EPI_ISL_441582_2020-04-07)
Align target 476 (hCoV-19_England_NOTT-110F3C_2020_EPI_ISL_448438_2020-04-20)
Align target 477 (hCoV-19_Scotland_CVR122_2020_EPI_ISL_425665)
Align target 478 (hCoV-19_England_20146007004_2020_EPI_ISL_423575)
Align target 479 (hCoV-19_Thailand_Bangkok-0046_2020_EPI_ISL_429182)
Align target 480 (hCoV-19_USA_WA-UW-517_2020_EPI_ISL_430867_2020-03-11)
Align target 481 (hCoV-19_Australia_VIC1252_2020_EPI_ISL_436117_2020-04-10)
Align target 482 (hCoV-19_England_20102088002_2020_EPI_ISL_417216)
Align target 483 (hCoV-19_England_20132018604_2020_EPI_ISL_423732)
Align target 484 (hCoV-19_Tunisia_COV0010-12_2020_EPI_ISL_463001_2020-03-18)
Align target 485 (hCoV-19_USA_VA_6389_2020_EPI_ISL_424894)
Align target 486 (hCoV-19_Belgium_BS-0325183_2020_EPI_ISL_420440)
Align target 487 (hCoV-19_USA_LA-SR0159_2020_EPI_ISL_435462_2020-04-02)
Align target 488 (hCoV-19_England_SHEF-BFD36_2020_EPI_ISL_416738)
Align target 489 (hCoV-19_Australia_VIC803_2020_EPI_ISL_427077)
Align target 490 (hCoV-19_Scotland_EDB5462_2020_EPI_ISL_461741_2020-04-24)
Align target 491 (hCoV-19_England_NORT-289902_2020_EPI_ISL_458590_2020-04-01)
Align target 492 (hCoV-19_England_CAMB-7C782_2020_EPI_ISL_442103_2020-04-05)
Align target 493 (hCoV-19_USA_WA-S944_2020_EPI_ISL_463434_2020-04-27)
Align target 494 (hCoV-19_Wales_PHWC-24E1B_2020_EPI_ISL_432336_2020-03)
Align target 495 (hCoV-19_USA_CA-SR0425_2020_EPI_ISL_467956_2020-03-26)
Align target 496 (hCoV-19_England_CAMB-1AE847_2020_EPI_ISL_459439_2020-04-29)
Align target 497 (hCoV-19_Scotland_CVR2228_2020_EPI_ISL_433273_2020-04-13)
Align target 498 (hCoV-19_USA_DW_COVID_55_2020__EPI_ISL_467304_2020-06-08)
Align target 499 (hCoV-19_England_CAMB-82ACC_2020_EPI_ISL_438657_2020-04-23)
Align target 500 (hCoV-19_Austria_CeMM0109_2020_EPI_ISL_437968_2020-03-12)
Align target 501 (hCoV-19_USA_IL-NM054_2020_EPI_ISL_444550_2020-03-15)
Align target 502 (hCoV-19_Russia_StPetersburg-73603_2020_EPI_ISL_428883)
Align target 503 (hCoV-19_England_201120477_2020_EPI_ISL_464677_2020-03-09)
Align target 504 (hCoV-19_Wales_PHWC-2BA5C_2020_EPI_ISL_445798_2020-03-28)
Align target 505 (hCoV-19_England_CAMB-7731A_2020_EPI_ISL_439384_2020-03-30)
Align target 506 (hCoV-19_USA_NM-UNM-00132_2020_EPI_ISL_467650_2020-04-02)
Align target 507 (hCoV-19_England_PORT-2CF6EB_2020_EPI_ISL_461976_2020-05-12)
Align target 508 (hCoV-19_England_BRIS-121A19_2020_EPI_ISL_440298_2020-03-14)
Align target 509 (hCoV-19_South_Africa_KRISP-0141_2020_EPI_ISL_467492_2020-05-21)
Align target 510 (hCoV-19_Netherlands_NoordHolland_29_2020_EPI_ISL_461219_2020-05-02)
Align target 511 (hCoV-19_England_CAMB-77013_2020_EPI_ISL_425451)
Align target 512 (hCoV-19_Scotland_CVR1437_2020_EPI_ISL_433586_2020-04-01)
Align target 513 (hCoV-19_England_20134023104_2020_EPI_ISL_423122)
Align target 514 (hCoV-19_Scotland_EDB1694_2020_EPI_ISL_433119_2020-04-15)
Align target 515 (hCoV-19_Saudi_Arabia_KAUST-MADINAH252_2020_EPI_ISL_437736_2020-04-20)
Align target 516 (hCoV-19_Northern_Ireland_NIRE-FB74F_2020_EPI_ISL_448973_2020-03-28)
Align target 517 (hCoV-19_England_CAMB-7E119_2020_EPI_ISL_434041_2020-04-16)
Align target 518 (hCoV-19_Denmark_ALAB-SSI-651_2020_EPI_ISL_437022_2020-03-28)
Align target 519 (hCoV-19_USA_NM-UNM-00038_2020_EPI_ISL_467619_2020-03-18)
Align target 520 (hCoV-19_Scotland_EDB1150_2020_EPI_ISL_433409_2020-04-07)
Align target 521 (hCoV-19_USA_WA-UW-6186_2020_EPI_ISL_430954_2020-04-01)
Align target 522 (hCoV-19_Switzerland_100094_2020_EPI_ISL_451686_2020-03-13)
Align target 523 (hCoV-19_Kenya_NIC_059_2020_EPI_ISL_457827_2020-03)
Align target 524 (hCoV-19_Scotland_CVR2953_2020_EPI_ISL_461607_2020-04-23)
Align target 525 (hCoV-19_Luxembourg_LNS6282845_2020_EPI_ISL_417533)
Align target 526 (hCoV-19_England_SHEF-C394A_2020_EPI_ISL_441949_2020-03-25)
Align target 527 (hCoV-19_Spain_COV001524_2020_EPI_ISL_467135_2020-03-19)
Align target 528 (hCoV-19_USA_CA-CZBRR057IX00104_2020_EPI_ISL_428990)
Align target 529 (hCoV-19_Spain_COV000958_2020_EPI_ISL_452617_2020-03-28)
Align target 530 (hCoV-19_Congo_402_2020_EPI_ISL_420853)
Align target 531 (hCoV-19_Scotland_EDB923_2020_EPI_ISL_432882_2020-04-05)
Align target 532 (hCoV-19_England_CAMB-7EF2E_2020_EPI_ISL_442945_2020-04-07)
Align target 533 (hCoV-19_England_BRIS-12ACFC_2020_EPI_ISL_458367_2020-05-01)
Align target 534 (hCoV-19_England_SHEF-CD39D_2020_EPI_ISL_432543_2020-03-29)
Align target 535 (hCoV-19_England_NORW-E8745_2020_EPI_ISL_448229_2020-04-15)
Align target 536 (hCoV-19_USA_WA-UW-1709_2020_EPI_ISL_424230)
Align target 537 (hCoV-19_England_20109035304_2020_EPI_ISL_464551_2020-03-04)
Align target 538 (hCoV-19_England_LIVE-9E7E4_2020_EPI_ISL_453333_2020-04-12)
Align target 539 (hCoV-19_Spain_COV000912_2020_EPI_ISL_452655_2020-03-27)
Align target 540 (hCoV-19_England_CAMB-1AE8CF_2020_EPI_ISL_459494_2020-04-30)
Align target 541 (hCoV-19_India_GBRC127_2020_EPI_ISL_455024_2020-05-02)
Align target 542 (hCoV-19_Belgium_NML-0325127_2020_EPI_ISL_420384)
Align target 543 (hCoV-19_England_LIVE-9DE2C_2020_EPI_ISL_449625_2020-04-15)
Align target 544 (hCoV-19_USA_NY-NYUMC624_2020_EPI_ISL_444741_2020-04-02)
Align target 545 (hCoV-19_England_201160049_2020_EPI_ISL_464781_2020-03-11)
Align target 546 (hCoV-19_England_SHEF-C87F0_2020_EPI_ISL_432453_2020-03-24)
Align target 547 (hCoV-19_USA_TX-HMH0349_2020_EPI_ISL_434943_2020-04-01)
Align target 548 (hCoV-19_Denmark_ALAB-SSI461_2020_EPI_ISL_429542)
Align target 549 (hCoV-19_Australia_VIC03_2020_EPI_ISL_416411)
Align target 550 (hCoV-19_Iceland_5_2020_EPI_ISL_417739)
Align target 551 (hCoV-19_Russia_Krasnodar-80902_2020_EPI_ISL_428892)
Align target 552 (hCoV-19_USA_NY-NYUMC119_2020_EPI_ISL_421731)
Align target 553 (hCoV-19_Wales_PHWC-2B3E8_2020_EPI_ISL_445705_2020-04-11)
Align target 554 (hCoV-19_England_201361040_2020_EPI_ISL_421791)
Align target 555 (hCoV-19_India_MaxCov0048_CSIR-IGIB_2020_EPI_ISL_459950_2020-05-01)
Align target 556 (hCoV-19_Shanghai_SH0059_2020_EPI_ISL_416366)
Align target 557 (hCoV-19_England_20132027204_2020_EPI_ISL_423763)
Align target 558 (hCoV-19_Scotland_CVR2282_2020_EPI_ISL_448173_2020-04-12)
Align target 559 (hCoV-19_England_20172055204_2020_EPI_ISL_465360_2020-04-20)
Align target 560 (hCoV-19_Spain_COV000805_2020_EPI_ISL_452717_2020-03-08)
Align target 561 (hCoV-19_Scotland_CVR2819_2020_EPI_ISL_438986_2020-04-20)
Align target 562 (hCoV-19_Hangzhou_HZ79_2020_EPI_ISL_418504)
Align target 563 (hCoV-19_England_20166011904_2020_EPI_ISL_466529_2020-04-15)
Align target 564 (hCoV-19_England_BRIS-121D7A_2020_EPI_ISL_440115_2020-03-20)
Align target 565 (hCoV-19_England_CAMB-79E17_2020_EPI_ISL_441282_2020-04-02)
Align target 566 (hCoV-19_India_CCMB_L1090_2020_EPI_ISL_458058_2020-05-13)
Align target 567 (hCoV-19_England_20109052506_2020_EPI_ISL_417276)
Align target 568 (hCoV-19_England_EXET-135274_2020_EPI_ISL_457041_2020-04-04)
Align target 569 (hCoV-19_USA_UN-UW-547_2020_EPI_ISL_430886_2020-03-10)
Align target 570 (hCoV-19_Wales_PHWC-3075D_2020_EPI_ISL_446273_2020-04-08)
Align target 571 (hCoV-19_England_CAMB-7EA4B_2020_EPI_ISL_442553_2020-04-07)
Align target 572 (hCoV-19_Iceland_554_2020_EPI_ISL_424574)
Align target 573 (hCoV-19_USA_MI-MDHHS-SC20405_2020_EPI_ISL_452279_2020-04-30)
Align target 574 (hCoV-19_England_SHEF-CD04B_2020_EPI_ISL_432538_2020-04-03)
Align target 575 (hCoV-19_England_CAMB-77365_2020_EPI_ISL_439513_2020-03-31)
Align target 576 (hCoV-19_England_CAMB-8141A_2020_EPI_ISL_442585_2020-04-10)
Align target 577 (hCoV-19_USA_CA-SCCPHD-UC194_2020_EPI_ISL_435673_2020-03-21)
Align target 578 (hCoV-19_Spain_Canarias201939_2020_EPI_ISL_455326_2020-02-29)
Align target 579 (hCoV-19_Wales_PHWC-32F9F_2020_EPI_ISL_446717_2020-04-13)
Align target 580 (hCoV-19_England_NORT-289489_2020_EPI_ISL_458691_2020-03-29)
Align target 581 (hCoV-19_Netherlands_NA_688_2020_EPI_ISL_461123_2020-03-30)
Align target 582 (hCoV-19_Thailand_SI201712-NT_2020_EPI_ISL_437617_2020-02-03)
Align target 583 (hCoV-19_USA_WA-UW-1977_2020_EPI_ISL_424337)
Align target 584 (hCoV-19_Israel_701002538_2020_EPI_ISL_447293_2020-03-25)
Align target 585 (hCoV-19_USA_WI-168_2020_EPI_ISL_428264)
Align target 586 (hCoV-19_Romania_Bucuresti-14545_2020_EPI_ISL_468153_2020)
Align target 587 (hCoV-19_Singapore_200_2020_EPI_ISL_462318_2020-04-23)
Align target 588 (hCoV-19_Netherlands_Friesland_32_2020_EPI_ISL_460847_2020-04-18)
Align target 589 (hCoV-19_Wales_PHWC-2482C_2020_EPI_ISL_419451)
Align target 590 (hCoV-19_England_BRIS-1289BB_2020_EPI_ISL_458728_2020-04-14)
Align target 591 (hCoV-19_England_CAMB-7A687_2020_EPI_ISL_441347_2020-04-02)
Align target 592 (hCoV-19_Canada_ON-UHTC_0011_2020_EPI_ISL_464017_2020-03-27)
Align target 593 (hCoV-19_England_201121454_2020_EPI_ISL_464697_2020-03-09)
Align target 594 (hCoV-19_Wales_PHWC-26981_2020_EPI_ISL_422023)
Align target 595 (hCoV-19_USA_WA-UW114_2020_EPI_ISL_416652)
Align target 596 (hCoV-19_USA_VA-DCLS-0060_2020_EPI_ISL_426468)
Align target 597 (hCoV-19_USA_NM-UNM-00151_2020_EPI_ISL_467572_2020-04-03)
Align target 598 (hCoV-19_USA_NE-11323_2020_EPI_ISL_466661_2020-05-04)
Align target 599 (hCoV-19_New_Zealand_20VR2108_2020_EPI_ISL_456377_2020-04-15)
Align target 600 (hCoV-19_England_20138015704_2020_EPI_ISL_423280)
Align target 601 (hCoV-19_England_BRIS-122E3A_2020_EPI_ISL_440731_2020-04-03)
Align target 602 (hCoV-19_USA_NE-11792_2020_EPI_ISL_466682_2020-05-05)
Align target 603 (hCoV-19_USA_MI-MDHHS-SC20187_2020_EPI_ISL_436835_2020-03-22)
Align target 604 (hCoV-19_USA_NY-NYUMC655_2020_EPI_ISL_444772_2020-04-10)
Align target 605 (hCoV-19_England_CAMB-73A28_2020_EPI_ISL_425268)
Align target 606 (hCoV-19_USA_WI-125_2020_EPI_ISL_427432)
Align target 607 (hCoV-19_Spain_Valencia249_2020_EPI_ISL_436344_2020-03-23)
Align target 608 (hCoV-19_Scotland_CVR3013_2020_EPI_ISL_461622_2020-04-23)
Align target 609 (hCoV-19_USA_WA-UW259_2020_EPI_ISL_418044)
Align target 610 (hCoV-19_Wales_PHWC-30E76_2020_EPI_ISL_446370_2020-04-09)
Align target 611 (hCoV-19_USA_CA-SCCPHD-UC189_2020_EPI_ISL_435668_2020-03-20)
Align target 612 (hCoV-19_England_CAMB-827F2_2020_EPI_ISL_443404_2020-04-13)
Align target 613 (hCoV-19_England_20146005304_2020_EPI_ISL_421968)
Align target 614 (hCoV-19_Anhui_SZ005_2020_EPI_ISL_413485)
Align target 615 (hCoV-19_Spain_COV000705_2020_EPI_ISL_452761_2020-03-03)
Align target 616 (hCoV-19_Denmark_ALAB-SSI-1246_2020_EPI_ISL_444825_2020-03-11)
Align target 617 (hCoV-19_USA_NY-PV09197_2020_EPI_ISL_422552)
Align target 618 (hCoV-19_England_20129176104_2020_EPI_ISL_424156)
Align target 619 (hCoV-19_USA_WI-65_2020_EPI_ISL_421323)
Align target 620 (hCoV-19_England_LOND-D51C5_2020_EPI_ISL_449685_2020-04-15)
Align target 621 (hCoV-19_Spain_COV000707_2020_EPI_ISL_452759_2020-03-05)
Align target 622 (hCoV-19_England_20128031902_2020_EPI_ISL_420468)
Align target 623 (hCoV-19_England_OXON-AD8D0_2020_EPI_ISL_448602_2020)
Align target 624 (hCoV-19_Scotland_GCVR-170680_2020_EPI_ISL_459518_2020-03-24)
Align target 625 (hCoV-19_Norway_1694_2020_EPI_ISL_420136)
Align target 626 (hCoV-19_Belgium_HC-0408293_2020_EPI_ISL_464087_2020-04-08)
Align target 627 (hCoV-19_Finland_13M3_2020_EPI_ISL_418389)
Align target 628 (hCoV-19_England_201640112_2020_EPI_ISL_466440_2020-04-14)
Align target 629 (hCoV-19_USA_MN-MDH-85_2020_EPI_ISL_460069_2020-03-15)
Align target 630 (hCoV-19_Wuhan_HB-WH3-182_2020_EPI_ISL_454943_2020-03-02)
Align target 631 (hCoV-19_USA_UT-02243_2020_EPI_ISL_436934_2020-04-15)
Align target 632 (hCoV-19_Australia_VIC494_2020_EPI_ISL_426767)
Align target 633 (hCoV-19_USA_CA-SR0135_2020_EPI_ISL_445116_2020-03-31)
Align target 634 (hCoV-19_Northern_Ireland_NIRE-FB4FD_2020_EPI_ISL_441435_2020-03-17)
Align target 635 (hCoV-19_England_BRIS-12331C_2020_EPI_ISL_442803_2020-04-05)
Align target 636 (hCoV-19_Georgia_Tb-673_2020_EPI_ISL_416478)
Align target 637 (hCoV-19_USA_NY-PV09409_2020_EPI_ISL_450089_2020-03-11)
Align target 638 (hCoV-19_England_201380028_2020_EPI_ISL_421796)
Align target 639 (hCoV-19_Portugal_PT0502_2020_EPI_ISL_454226_2020-03-17)
Align target 640 (hCoV-19_Portugal_PT0411_2020_EPI_ISL_454135_2020-03-21)
Align target 641 (hCoV-19_Northern_Ireland_NIRE-FAE0F_2020_EPI_ISL_448924_2020-03-26)
Align target 642 (hCoV-19_England_BRIS-12A5A6_2020_EPI_ISL_458410_2020-04-29)
Align target 643 (hCoV-19_Netherlands_Utrecht_4_2020_EPI_ISL_414438)
Align target 644 (hCoV-19_Portugal_PT0457_2020_EPI_ISL_454181_2020-04-18)
Align target 645 (hCoV-19_England_SHEF-BFCB1_2020_EPI_ISL_416730)
Align target 646 (hCoV-19_Sichuan_SC-GA-064_2020_EPI_ISL_451315_2020-01-30)
Align target 647 (hCoV-19_England_CAMB-79776_2020_EPI_ISL_441071_2020-04-01)
Align target 648 (hCoV-19_USA_UT-00502_2020_EPI_ISL_430052)
Align target 649 (hCoV-19_USA_NY-NYUMC465_2020_EPI_ISL_435530_2020-04-16)
Align target 650 (hCoV-19_USA_WA-S1126_2020_EPI_ISL_463616_2020-05-04)
Align target 651 (hCoV-19_Germany_NRW-20_2020_EPI_ISL_419537)
Align target 652 (hCoV-19_Netherlands_ZuidHolland_31_2020_EPI_ISL_415535)
Align target 653 (hCoV-19_USA_LA-SR0269_2020_EPI_ISL_445124_2020-04-02)
Align target 654 (hCoV-19_England_20140009904_2020_EPI_ISL_465879_2020-03-29)
Align target 655 (hCoV-19_Germany_BAV-MVP0080_2020_EPI_ISL_437274_2020-03-30)
Align target 656 (hCoV-19_Spain_Valencia621_2020_EPI_ISL_455737_2020-03-31)
Align target 657 (hCoV-19_England_CAMB-7E2BC_2020_EPI_ISL_434061_2020-04-17)
Align target 658 (hCoV-19_Singapore_124_2020_EPI_ISL_443216_2020-03-19)
Align target 659 (hCoV-19_England_201090694_2020_EPI_ISL_464598_2020-03-08)
Align target 660 (hCoV-19_Wales_PHWC-2B078_2020_EPI_ISL_432296_2020-04-08)
Align target 661 (hCoV-19_England_20138016804_2020_EPI_ISL_423283)
Align target 662 (hCoV-19_Wales_PHWC-26ABB_2020_EPI_ISL_422283)
Align target 663 (hCoV-19_Austria_CeMM0102_2020_EPI_ISL_437963_2020-03-19)
Align target 664 (hCoV-19_Luxembourg_LNS6500589_2020_EPI_ISL_421742)
Align target 665 (hCoV-19_USA_WA-UW345_2020_EPI_ISL_418912)
Align target 666 (hCoV-19_USA_UT-01985_2020_EPI_ISL_452171_2020-04-16)
Align target 667 (hCoV-19_Belgium_AO-04074040_2020_EPI_ISL_462258_2020-04-07)
Align target 668 (hCoV-19_England_20129001404_2020_EPI_ISL_423975)
Align target 669 (hCoV-19_Scotland_EDB860_2020_EPI_ISL_433257_2020-04-04)
Align target 670 (hCoV-19_Belgium_TMG-0326391_2020_EPI_ISL_462245_2020-03-26)
Align target 671 (hCoV-19_USA_WA-UW317_2020_EPI_ISL_418884)
Align target 672 (hCoV-19_USA_DC-CDC-9096_2020_EPI_ISL_436040_2020-03-20)
Align target 673 (hCoV-19_Denmark_ALAB-SSI-767_2020_EPI_ISL_444895_2020-03-20)
Align target 674 (hCoV-19_England_CAMB-82D2D_2020_EPI_ISL_443603_2020-04-13)
Align target 675 (hCoV-19_Canada_BC_23348019_2020_EPI_ISL_462844_2020-03)
Align target 676 (hCoV-19_England_CAMB-7225E_2020_EPI_ISL_439545_2020-03-28)
Align target 677 (hCoV-19_USA_CA-SR0408_2020_EPI_ISL_458278_2020-04-20)
Align target 678 (hCoV-19_Qatar_QA23_2020_EPI_ISL_427419)
Align target 679 (hCoV-19_Denmark_ALAB-HH15_2020_EPI_ISL_429273)
Align target 680 (hCoV-19_USA_LA-SR0149_2020_EPI_ISL_435452_2020-03-27)
Align target 681 (hCoV-19_Northern_Ireland_NIRE-101EC8_2020_EPI_ISL_453475_2020-03-24)
Align target 682 (hCoV-19_USA_WA-S712_2020_EPI_ISL_449882_2020-04-07)
Align target 683 (hCoV-19_Spain_COV001929_2020_EPI_ISL_452445_2020-03-11)
Align target 684 (hCoV-19_Iceland_207_2020_EPI_ISL_417733)
Align target 685 (hCoV-19_Czech_Republic_IAB20-006-16_2020_EPI_ISL_426581)
Align target 686 (hCoV-19_England_SHEF-C69DE_2020_EPI_ISL_441997_2020-04-06)
Align target 687 (hCoV-19_Australia_NSW330_2020_EPI_ISL_451592_2020-03-20)
Align target 688 (hCoV-19_Scotland_CVR1533_2020_EPI_ISL_438836_2020-04-03)
Align target 689 (hCoV-19_USA_CA-CZB-1164_2020_EPI_ISL_454621_2020-04-27)
Align target 690 (hCoV-19_England_OXON-AD6D6_2020_EPI_ISL_448589_2020)
Align target 691 (hCoV-19_England_CAMB-7C6A3_2020_EPI_ISL_441636_2020-04-04)
Align target 692 (hCoV-19_England_CAMB-8459C_2020_EPI_ISL_443406_2020-04-16)
Align target 693 (hCoV-19_USA_FL-BPHL-056_2020_EPI_ISL_436560_2020-04-21)
Align target 694 (hCoV-19_England_201090582_2020_EPI_ISL_464589_2020-03-07)
Align target 695 (hCoV-19_USA_WA-UW-1729_2020_EPI_ISL_424220)
Align target 696 (hCoV-19_England_CAMB-7D94F_2020_EPI_ISL_441749_2020-04-05)
Align target 697 (hCoV-19_Wales_PHWC-30A54_2020_EPI_ISL_446311_2020-04-10)
Align target 698 (hCoV-19_Brazil_CV4_2020_EPI_ISL_429667)
Align target 699 (hCoV-19_USA_WA-UW-1308_2020_EPI_ISL_422973)
Align target 700 (hCoV-19_England_20118128304_2020_EPI_ISL_464962_2020-03-12)
Align target 701 (hCoV-19_England_BRIS-123992_2020_EPI_ISL_442661_2020-04-07)
Align target 702 (hCoV-19_USA_WY-WYPHL011_2020_EPI_ISL_421548)
Align target 703 (hCoV-19_England_BIRM-5E2C1_2020_EPI_ISL_444281_2020-04-16)
Align target 704 (hCoV-19_Scotland_CVR1443_2020_EPI_ISL_433588_2020-04-01)
Align target 705 (hCoV-19_England_20134016604_2020_EPI_ISL_423090)
Align target 706 (hCoV-19_Uganda_UG005_2020_EPI_ISL_451187_2020-03-27)
Align target 707 (hCoV-19_Canada_BC_23052516_2020_EPI_ISL_462839_2020-03)
Align target 708 (hCoV-19_USA_NM-UNM-00040_2020_EPI_ISL_467621_2020-03-18)
Align target 709 (hCoV-19_USA_UT-01216_2020_EPI_ISL_436903_2020-04-07)
Align target 710 (hCoV-19_Chile_Punta_Arenas_8_2020_EPI_ISL_445289_2020-03-20)
Align target 711 (hCoV-19_Netherlands_Zeeland_47_2020_EPI_ISL_461286_2020-03-30)
Align target 712 (hCoV-19_England_SHEF-D18B5_2020_EPI_ISL_453766_2020-04-22)
Align target 713 (hCoV-19_England_20138063404_2020_EPI_ISL_423320)
Align target 714 (hCoV-19_Scotland_EDB118_2020_EPI_ISL_425902)
Align target 715 (hCoV-19_Netherlands_NoordBrabant_149_2020_EPI_ISL_461184_2020-04-27)
Align target 716 (hCoV-19_England_CAMB-1B1E03_2020_EPI_ISL_458546_2020-05-09)
Align target 717 (hCoV-19_England_20119040504_2020_EPI_ISL_465058_2020-03-12)
Align target 718 (hCoV-19_England_OXON-AEF07_2020_EPI_ISL_448795_2020-04-08)
Align target 719 (hCoV-19_USA_WA-UW-4591_2020_EPI_ISL_460627_2020-03-31)
Align target 720 (hCoV-19_Wales_PHWC-31710_2020_EPI_ISL_446478_2020-04-13)
Align target 721 (hCoV-19_Canada_BC_4143868_2020_EPI_ISL_418828)
Align target 722 (hCoV-19_South_Africa_KRISP-0152_2020_EPI_ISL_467502_2020-06-01)
Align target 723 (hCoV-19_USA_UT-03909_2020_EPI_ISL_450567_2020-04-13)
Align target 724 (hCoV-19_USA_NY-NYUMC281_2020_EPI_ISL_428795)
Align target 725 (hCoV-19_Luxembourg_LNS5742995_2020_EPI_ISL_445055_2020-04-22)
Align target 726 (_hCoV-19_Romania_284762_2020_EPI_ISL_455475_2020-05-14)
Align target 727 (hCoV-19_Denmark_ALAB-SSI-756_2020_EPI_ISL_444890_2020-03-11)
Align target 728 (hCoV-19_USA_WA-S1158_2020_EPI_ISL_463648_2020-05-04)
Align target 729 (hCoV-19_England_201040027_2020_EPI_ISL_464305_2020-03-03)
Align target 730 (hCoV-19_Brazil_BA-510_2020_EPI_ISL_427293)
Align target 731 (hCoV-19_Italy_VR_20COV25-80_2020_EPI_ISL_452186_2020-03-28)
Align target 732 (hCoV-19_Wales_PHWC-26F34_2020_EPI_ISL_422047)
Align target 733 (hCoV-19_England_CAMB-7C8F8_2020_EPI_ISL_442184_2020-04-06)
Align target 734 (hCoV-19_Belgium_PC-0325147_2020_EPI_ISL_420404)
Align target 735 (hCoV-19_England_CAMB-7F79E_2020_EPI_ISL_443019_2020-04-08)
Align target 736 (hCoV-19_Belgium_Rega-0329243_2020_EPI_ISL_458213_2020-03-29)
Align target 737 (hCoV-19_Netherlands_Utrecht_10030_2020_EPI_ISL_454779_2020-04-04)
Align target 738 (hCoV-19_Australia_VIC808_2020_EPI_ISL_427082)
Align target 739 (hCoV-19_USA_CA-CZBRR057IX00142_2020_EPI_ISL_429014)
Align target 740 (hCoV-19_Scotland_CVR1011_2020_EPI_ISL_438751_2020-03-29)
Align target 741 (hCoV-19_Portugal_PT0575_2020_EPI_ISL_454298_2020-04-11)
Align target 742 (hCoV-19_USA_UT-00348_2020_EPI_ISL_449809_2020-03-27)
Align target 743 (hCoV-19_England_20132082404_2020_EPI_ISL_423816)
Align target 744 (hCoV-19_England_CAMB-1AE249_2020_EPI_ISL_459428_2020-04-27)
Align target 745 (hCoV-19_USA_PA-MGSC13-04_2020_EPI_ISL_436468_2020-03)
Align target 746 (hCoV-19_USA_MN-MDH-322_2020_EPI_ISL_450780_2020-03-30)
Align target 747 (hCoV-19_USA_TX-HMH0430_2020_EPI_ISL_435013_2020-04-02)
Align target 748 (hCoV-19_Spain_COV002603_2020_EPI_ISL_467086_2020-03-18)
Align target 749 (hCoV-19_USA_CA-CZB-1003_2020_EPI_ISL_436644_2020-04-02)
Align target 750 (hCoV-19_England_CAMB-7E0C1_2020_EPI_ISL_442179_2020-04-07)
Align target 751 (hCoV-19_USA_MI-MDHHS-SC20555_2020_EPI_ISL_462637_2020-04-30)
Align target 752 (hCoV-19_USA_WA-NH21_2020_EPI_ISL_418788)
Align target 753 (hCoV-19_USA_WA-S594_2020_EPI_ISL_438147_2020-04-12)
Align target 754 (hCoV-19_Wales_PHWC-32CA7_2020_EPI_ISL_446674_2020-04-06)
Align target 755 (hCoV-19_England_NOTT-11188B_2020_EPI_ISL_461934_2020-05-22)
Align target 756 (hCoV-19_Scotland_CVR1826_2020_EPI_ISL_448133_2020-04-07)
Align target 757 (hCoV-19_England_CAMB-71BDC_2020_EPI_ISL_439534_2020-03-30)
Align target 758 (hCoV-19_Netherlands_NoordBrabant_56_2020_EPI_ISL_415512)
Align target 759 (hCoV-19_Northern_Ireland_NIRE-FAED2_2020_EPI_ISL_448933_2020-03-25)
Align target 760 (hCoV-19_Wales_PHWC-342C1_2020_EPI_ISL_446898_2020-04-14)
Align target 761 (hCoV-19_Portugal_PT0363_2020_EPI_ISL_454079_2020-03-19)
Align target 762 (hCoV-19_Australia_VIC824_2020_EPI_ISL_427095)
Align target 763 (hCoV-19_Iceland_112_2020_EPI_ISL_417770)
Align target 764 (hCoV-19_France_N4427_2020_EPI_ISL_428367)
Align target 765 (hCoV-19_England_LIVE-9B4E0_2020_EPI_ISL_449453_2020-04-02)
Align target 766 (hCoV-19_Wales_PHWC-27C87_2020_EPI_ISL_431941_2020-04-01)
Align target 767 (hCoV-19_Australia_NSW216_2020_EPI_ISL_427732)
Align target 768 (hCoV-19_Greece_237_31890_2020_EPI_ISL_437896_2020-03-08)
Align target 769 (hCoV-19_Wales_PHWC-34030_2020_EPI_ISL_446859_2020-04-16)
Align target 770 (hCoV-19_USA_WI-UW-342_2020_EPI_ISL_436636_2020-04-04)
Align target 771 (hCoV-19_England_CAMB-1B2FA5_2020_EPI_ISL_456741_2020-05-23)
Align target 772 (hCoV-19_England_LOND-D5620_2020_EPI_ISL_449707_2020-04-16)
Align target 773 (hCoV-19_Thailand_Bangkok-CONI-0105_2020_EPI_ISL_455908_2020-03-09)
Align target 774 (hCoV-19_USA_NY-PV09127_2020_EPI_ISL_422501)
Align target 775 (hCoV-19_Spain_COV003644_2020_EPI_ISL_467205_2020-04-01)
Align target 776 (hCoV-19_Switzerland_1000477757_2020_EPI_ISL_413021)
Align target 777 (hCoV-19_England_20118050804_2020_EPI_ISL_464923_2020-03-13)
Align target 778 (hCoV-19_India_GBRC77_2020_EPI_ISL_447535_2020-05-05)
Align target 779 (hCoV-19_USA_NY-NYUMC775_2020_EPI_ISL_456012_2020-03-25)
Align target 780 (hCoV-19_Austria_CeMM0147_2020_EPI_ISL_437995_2020-02-28)
Align target 781 (hCoV-19_Canada_BC_24319756_2020_EPI_ISL_463211_2020-03)
Align target 782 (hCoV-19_Scotland_CVR178_2020_EPI_ISL_425718)
Align target 783 (hCoV-19_USA_FL-BPHL-0118_2020_EPI_ISL_450852_2020-04-09)
Align target 784 (hCoV-19_England_CAMB-1AE2FE_2020_EPI_ISL_459480_2020-04-26)
Align target 785 (hCoV-19_England_BRIS-121BBC_2020_EPI_ISL_440277_2020-03-17)
Align target 786 (hCoV-19_Bangladesh_BCSIR-NILMRC_075_2020_EPI_ISL_466691_2020-06-01)
Align target 787 (hCoV-19_England_BRIS-124F71_2020_EPI_ISL_443861_2020-03-26)
Align target 788 (hCoV-19_Canada_BC_05075882_2020_EPI_ISL_466779_2020-04)
Align target 789 (hCoV-19_England_CAMB-7FDF6_2020_EPI_ISL_444418_2020-04-19)
Align target 790 (hCoV-19_Spain_LaRioja201572_2020_EPI_ISL_455342_2020-03-03)
Align target 791 (hCoV-19_Belgium_Rega-0328204_2020_EPI_ISL_458174_2020-03-28)
Align target 792 (hCoV-19_USA_WA-S739_2020_EPI_ISL_449909_2020-04-13)
Align target 793 (hCoV-19_USA_WY-WYPHL-00063_2020_EPI_ISL_462955_2020-03-26)
Align target 794 (hCoV-19_USA_NY-NYUMC433_2020_EPI_ISL_435500_2020-04-20)
Align target 795 (hCoV-19_England_CAMB-76B5F_2020_EPI_ISL_438381_2020-03-31)
Align target 796 (hCoV-19_Wales_PHWC-255D9_2020_EPI_ISL_421009)
Align target 797 (hCoV-19_USA_NY-NYUMC53_2020_EPI_ISL_420308)
Align target 798 (hCoV-19_Spain_COV001418_2020_EPI_ISL_452483_2020-03-21)
Align target 799 (hCoV-19_England_SHEF-D03C4_2020_EPI_ISL_442469_2020-03-25)
Align target 800 (hCoV-19_Belgium_Rega-0319259_2020_EPI_ISL_458229_2020-03-19)
Align target 801 (hCoV-19_USA_TX-HMH0410_2020_EPI_ISL_434996_2020-03-30)
Align target 802 (hCoV-19_USA_TX-HMH049_2020_EPI_ISL_434758_2020-03-16)
Align target 803 (hCoV-19_Wales_PHWC-2B139_2020_EPI_ISL_432105_2020-04-08)
Align target 804 (hCoV-19_England_CAMB-8268C_2020_EPI_ISL_443674_2020-04-13)
Align target 805 (hCoV-19_Beijing_DT-travelUK04_2020_EPI_ISL_452336_2020-03-20)
Align target 806 (hCoV-19_Iran_HGRC-2-2162_2020_EPI_ISL_437512_2020-03-26)
Align target 807 (hCoV-19_Spain_COV000696_2020_EPI_ISL_452768_2020-03-05)
Align target 808 (hCoV-19_Saudi_Arabia_KAUST-MAKKAH142_2020_EPI_ISL_437695_2020-04-05)
Align target 809 (hCoV-19_England_BRIS-1226F6_2020_EPI_ISL_440685_2020-04-05)
Align target 810 (hCoV-19_Denmark_ALAB-HH-170_2020_EPI_ISL_452040_2020-04-15)
Align target 811 (hCoV-19_Denmark_ALAB-HH-219_2020_EPI_ISL_452070_2020-04-27)
Align target 812 (hCoV-19_Switzerland_100057_2020_EPI_ISL_466979_2020-03-12)
Align target 813 (hCoV-19_India_CCMB_L1103_2020_EPI_ISL_458060_2020-05-13)
Align target 814 (hCoV-19_Wales_PHWC-341B5_2020_EPI_ISL_446883_2020-04-18)
Align target 815 (hCoV-19_England_LIVE-9ED1F_2020_EPI_ISL_453387_2020-04-05)
Align target 816 (hCoV-19_USA_UT-02234_2020_EPI_ISL_436931_2020-04-14)
Align target 817 (hCoV-19_Switzerland_101167_2020_EPI_ISL_451831_2020-03-31)
Align target 818 (hCoV-19_Iceland_362_2020_EPI_ISL_424386)
Align target 819 (hCoV-19_England_CAMB-1AFE17_2020_EPI_ISL_459230_2020-05-04)
Align target 820 (hCoV-19_Australia_VIC50_2020_EPI_ISL_419766)
Align target 821 (hCoV-19_Switzerland_110440_2020_EPI_ISL_451865_2020-04-07)
Align target 822 (hCoV-19_England_CAMB-7B2CE_2020_EPI_ISL_433938_2020-04-12)
Align target 823 (hCoV-19_England_20140006304_2020_EPI_ISL_465874_2020-03-29)
Align target 824 (hCoV-19_Netherlands_NA_701_2020_EPI_ISL_461136_2020-04-17)
Align target 825 (hCoV-19_Spain_Valencia251_2020_EPI_ISL_436346_2020-03-27)
Align target 826 (hCoV-19_Wales_PHWC-2A404_2020_EPI_ISL_445566_2020-04-06)
Align target 827 (hCoV-19_USA_NY-NYUMC504_2020_EPI_ISL_444621_2020-03-30)
Align target 828 (hCoV-19_India_GBRC14_2020_EPI_ISL_437442_2020-04-27)
Align target 829 (hCoV-19_India_MaxCov0045_CSIR-IGIB_2020_EPI_ISL_459947_2020-04-28)
Align target 830 (hCoV-19_England_201041387_2020_EPI_ISL_464347_2020-03-02)
Align target 831 (hCoV-19_England_CAMB-73985_2020_EPI_ISL_425259)
Align target 832 (hCoV-19_Belgium_UGent-42_2020_EPI_ISL_434358_2020-04-13)
Align target 833 (hCoV-19_England_20142131504_2020_EPI_ISL_423469)
Align target 834 (hCoV-19_USA_WA-S798_2020_EPI_ISL_449968_2020-04-16)
Align target 835 (hCoV-19_England_20124098502_2020_EPI_ISL_418735)
Align target 836 (hCoV-19_Netherlands_NA_680_2020_EPI_ISL_461115_2020-03-13)
Align target 837 (hCoV-19_England_20106145903_2020_EPI_ISL_417246)
Align target 838 (hCoV-19_USA_UT-02220_2020_EPI_ISL_436920_2020-04-15)
Align target 839 (hCoV-19_Chile_Rancagua_1_2020_EPI_ISL_445273_2020-03-16)
Align target 840 (hCoV-19_England_201040073_2020_EPI_ISL_464318_2020-03-03)
Align target 841 (hCoV-19_USA_NY-PV09494_2020_EPI_ISL_450166_2020-03-21)
Align target 842 (hCoV-19_Luxembourg_LNS3059908_2020_EPI_ISL_459895_2020-05-18)
Align target 843 (hCoV-19_Russia_Buryatia-84508_2020_EPI_ISL_428913)
Align target 844 (hCoV-19_England_CAMB-84C5B_2020_EPI_ISL_440542_2020-03-11)
Align target 845 (hCoV-19_England_NORW-EC6DB_2020_EPI_ISL_457551_2020-05-10)
Align target 846 (hCoV-19_England_20106004902_2020_EPI_ISL_417241)
Align target 847 (hCoV-19_England_20094061404_2020_EPI_ISL_464185_2020-02-25)
Align target 848 (hCoV-19_Australia_VIC1587_2020_EPI_ISL_456507_2020)
Align target 849 (hCoV-19_England_CAMB-78D84_2020_EPI_ISL_441240_2020-04-02)
Align target 850 (hCoV-19_USA_VA-DCLS-0017_2020_EPI_ISL_419711)
Align target 851 (hCoV-19_England_CAMB-7715C_2020_EPI_ISL_439417_2020-04-01)
Align target 852 (hCoV-19_Saudi_Arabia_KAUST-Madinah50_2020_EPI_ISL_443175_2020-03-29)
Align target 853 (hCoV-19_Australia_VIC650_2020_EPI_ISL_426946)
Align target 854 (hCoV-19_Austria_CeMM0120_2020_EPI_ISL_437977_2020-03-15)
Align target 855 (hCoV-19_Saudi_Arabia_KAUST-MAKKAH198_2020_EPI_ISL_437711_2020-04-14)
Align target 856 (hCoV-19_Spain_COV000950_2020_EPI_ISL_452623_2020-03-28)
Align target 857 (hCoV-19_Wales_PHWC-2D243_2020_EPI_ISL_445960_2020-04-02)
Align target 858 (hCoV-19_USA_WA-UW-1538_2020_EPI_ISL_424169)
Align target 859 (hCoV-19_Portugal_PT0117_2020_EPI_ISL_453833_2020-03-25)
Align target 860 (hCoV-19_England_CAMB-1ADFE9_2020_EPI_ISL_459463_2020-04-26)
Align target 861 (hCoV-19_England_201141660_2020_EPI_ISL_464769_2020-03-09)
Align target 862 (hCoV-19_England_CAMB-78CF0_2020_EPI_ISL_441096_2020-04-02)
Align target 863 (hCoV-19_England_CAMB-84F16_2020_EPI_ISL_440452_2020-03-12)
Align target 864 (hCoV-19_England_20098017804_2020_EPI_ISL_464197_2020-02-27)
Align target 865 (hCoV-19_England_CAMB-75561_2020_EPI_ISL_440383_2020-03-14)
Align target 866 (hCoV-19_USA_NY-PV09329_2020_EPI_ISL_450018_2020-03-18)
Align target 867 (hCoV-19_Scotland_EDB3918_2020_EPI_ISL_439366_2020-05-02)
Align target 868 (hCoV-19_USA_WA-S877_2020_EPI_ISL_463367_2020-04-15)
Align target 869 (hCoV-19_England_BIRM-5E847_2020_EPI_ISL_444307_2020-03-24)
Align target 870 (hCoV-19_USA_NY-WCMP12G02P_2020_EPI_ISL_427614)
Align target 871 (hCoV-19_Northern_Ireland_NIRE-FAE69_2020_EPI_ISL_448929_2020-03-26)
Align target 872 (hCoV-19_England_NORW-E8174_2020_EPI_ISL_449116_2020-04-08)
Align target 873 (hCoV-19_India_THSTI-BAL_42_2020_EPI_ISL_454860_2020-04-07)
Align target 874 (hCoV-19_England_CAMB-84BA9_2020_EPI_ISL_440489_2020-03-11)
Align target 875 (hCoV-19_Uruguay_UY-NYUMC876_2020_EPI_ISL_457972_2020-04-21)
Align target 876 (hCoV-19_Switzerland_120197_2020_EPI_ISL_468271_2020-04-28)
Align target 877 (hCoV-19_Scotland_GCVR-173D97_2020_EPI_ISL_459140_2020-04-07)
Align target 878 (hCoV-19_England_CAMB-1AFDFC_2020_EPI_ISL_459239_2020-05-04)
Align target 879 (hCoV-19_France_Bourg-en-Bresse_06813_2020_EPI_ISL_417340)
Align target 880 (hCoV-19_USA_WA-S823_2020_EPI_ISL_449993_2020-04-16)
Align target 881 (hCoV-19_Switzerland_100122_2020_EPI_ISL_451706_2020-03-16)
Align target 882 (hCoV-19_England_20139003904_2020_EPI_ISL_421852)
Align target 883 (hCoV-19_France_Lyon_683_2020_EPI_ISL_416750)
Align target 884 (hCoV-19_Beijing_BJ709_2020_EPI_ISL_430729)
Align target 885 (hCoV-19_England_NOTT-10FE60_2020_EPI_ISL_441451_2020-04-09)
Align target 886 (hCoV-19_England_OXON-ACD87_2020_EPI_ISL_448535_2020-04-06)
Align target 887 (hCoV-19_USA_CT-Yale-210_2020_EPI_ISL_463148_2020-03-30)
Align target 888 (hCoV-19_Israel_CVL-n6267_2020_EPI_ISL_435284_2020-03)
Align target 889 (hCoV-19_Denmark_ALAB-SSI111_2020_EPI_ISL_429343)
Align target 890 (hCoV-19_USA_OR-OHSU-0058_2020_EPI_ISL_468089_2020-04-21)
Align target 891 (hCoV-19_Netherlands_NA_533_2020_EPI_ISL_460706_2020)
Align target 892 (hCoV-19_USA_NY-SURV0171_2020_EPI_ISL_436055_2020-03-09)
Align target 893 (hCoV-19_Portugal_PT0233_2020_EPI_ISL_453947_2020-03-31)
Align target 894 (hCoV-19_USA_NY-NYUMC261_2020_EPI_ISL_428775)
Align target 895 (hCoV-19_England_CAMB-1AE698_2020_EPI_ISL_459438_2020-04-27)
Align target 896 (hCoV-19_Scotland_CVR62_2020_EPI_ISL_425790)
Align target 897 (hCoV-19_USA_TX-HMH0144_2020_EPI_ISL_434843_2020-03-22)
Align target 898 (hCoV-19_SouthKorea_KUMC04_2020_EPI_ISL_413514)
Align target 899 (hCoV-19_England_SHEF-C01FA_2020_EPI_ISL_420227)
Align target 900 (hCoV-19_England_CAMB-1B19A8_2020_EPI_ISL_452990_2020-05-14)
Align target 901 (hCoV-19_England_CAMB-1AE6C5_2020_EPI_ISL_459432_2020-04-29)
Align target 902 (hCoV-19_England_20109053106_2020_EPI_ISL_417277)
Align target 903 (hCoV-19_Wales_PHWC-2ECCC_2020_EPI_ISL_446138_2020-04-07)
Align target 904 (hCoV-19_Japan_DP0289_2020_EPI_ISL_416590)
Align target 905 (hCoV-19_Spain_COV000915_2020_EPI_ISL_452653_2020-03-27)
Align target 906 (hCoV-19_England_20126025202_2020_EPI_ISL_418757)
Align target 907 (hCoV-19_France_IDF2936_2020_EPI_ISL_420048)
Align target 908 (hCoV-19_USA_MD-HP00128_2020_EPI_ISL_457817_2020-03-24)
Align target 909 (hCoV-19_England_OXON-ADF26_2020_EPI_ISL_448647_2020)
Align target 910 (hCoV-19_HongKong_case85_VM20002868_2020_EPI_ISL_414519)
Align target 911 (hCoV-19_England_201100005_2020_EPI_ISL_464617_2020-03-06)
Align target 912 (hCoV-19_Latvia_021_2020_EPI_ISL_450521_2020-04-28)
Align target 913 (hCoV-19_Japan_Donner15_2020_EPI_ISL_438959_2020-04-03)
Align target 914 (hCoV-19_England_BRIS-125CB5_2020_EPI_ISL_443893_2020-03-30)
Align target 915 (hCoV-19_England_CAMB-7E340_2020_EPI_ISL_433473_2020-04-17)
Align target 916 (hCoV-19_USA_UT-0368_2020_EPI_ISL_435356_2020-03-29)
Align target 917 (hCoV-19_USA_CA-SR0377_2020_EPI_ISL_458259_2020-04-13)
Align target 918 (hCoV-19_England_20126063203_2020_EPI_ISL_420467)
Align target 919 (hCoV-19_Wales_PHWC-27B11_2020_EPI_ISL_431921_2020-03-30)
Align target 920 (hCoV-19_England_NORW-E7694_2020_EPI_ISL_449062_2020-05-04)
Align target 921 (hCoV-19_Wales_PHWC-24006_2020_EPI_ISL_418137)
Align target 922 (hCoV-19_Germany_Cento-70002372_2020_EPI_ISL_459964_2020-03-28)
Align target 923 (hCoV-19_Wales_PHWC-30E0D_2020_EPI_ISL_446363_2020-04-09)
Align target 924 (hCoV-19_Wuhan_WHUH012_2020_EPI_ISL_449485_2020-01-22)
Align target 925 (hCoV-19_England_20109001204_2020_EPI_ISL_464493_2020-03-05)
Align target 926 (hCoV-19_England_201620603_2020_EPI_ISL_466428_2020-04-08)
Align target 927 (hCoV-19_England_SHEF-CCDFA_2020_EPI_ISL_432535_2020-03-30)
Align target 928 (hCoV-19_USA_WA-S741_2020_EPI_ISL_449911_2020-04-13)
Align target 929 (hCoV-19_England_CAMB-74E58_2020_EPI_ISL_425379)
Align target 930 (hCoV-19_England_LOND-D55BA_2020_EPI_ISL_449700_2020-04-16)
Align target 931 (hCoV-19_Belgium_Rega-0329233_2020_EPI_ISL_458203_2020-03-29)
Align target 932 (hCoV-19_Netherlands_Gelderland_43_2020_EPI_ISL_460943_2020-04-28)
Align target 933 (hCoV-19_Shanghai_SH0085_2020_EPI_ISL_416385)
Align target 934 (hCoV-19_Netherlands_Zeeland_18_2020_EPI_ISL_461256_2020-04-03)
Align target 935 (hCoV-19_USA_IL-NM019_2020_EPI_ISL_444529_2020-03-15)
Align target 936 (hCoV-19_Scotland_CVR1710_2020_EPI_ISL_433657_2020-04-05)
Align target 937 (hCoV-19_USA_WA-S797_2020_EPI_ISL_449967_2020-04-16)
Align target 938 (hCoV-19_USA_MN-MDH-119_2020_EPI_ISL_427275)
Align target 939 (hCoV-19_Scotland_CVR2954_2020_EPI_ISL_461608_2020-04-23)
Align target 940 (hCoV-19_USA_MN-MDH-84_2020_EPI_ISL_460068_2020-03-15)
Align target 941 (hCoV-19_Belgium_Rega-0316260_2020_EPI_ISL_458230_2020-03-16)
Align target 942 (hCoV-19_England_20148002404_2020_EPI_ISL_421998)
Align target 943 (hCoV-19_Australia_VIC936_2020_EPI_ISL_430470)
Align target 944 (hCoV-19_USA_VA-DCLS-0080_2020_EPI_ISL_429979)
Align target 945 (hCoV-19_Wales_PHWC-23DF1_2020_EPI_ISL_418115)
Align target 946 (hCoV-19_England_BRIS-125383_2020_EPI_ISL_443907_2020-03-26)
Align target 947 (hCoV-19_England_20109001704_2020_EPI_ISL_464497_2020-03-04)
Align target 948 (hCoV-19_Singapore_83_2020_EPI_ISL_435688_2020-04-16)
Align target 949 (hCoV-19_Wuhan_HB-WH6-244_2020_EPI_ISL_455397_2020-03-16)
Align target 950 (hCoV-19_England_CAMB-845D8_2020_EPI_ISL_443419_2020-04-16)
Align target 951 (hCoV-19_Portugal_PT0047_2020_EPI_ISL_421450)
Align target 952 (hCoV-19_USA_WI-142_2020_EPI_ISL_427449)
Align target 953 (hCoV-19_England_CAMB-1AA3B3_2020_EPI_ISL_443644_2020-04-15)
Align target 954 (hCoV-19_USA_CT-UW-5036_2020_EPI_ISL_429640)
Align target 955 (hCoV-19_Iceland_335_2020_EPI_ISL_417664)
Align target 956 (hCoV-19_France_10032KL_2020_EPI_ISL_447672_2020-03)
Align target 957 (hCoV-19_England_CAMB-8371F_2020_EPI_ISL_443570_2020-04-15)
Align target 958 (hCoV-19_England_OXON-AC938_2020_EPI_ISL_448496_2020-04-06)
Align target 959 (hCoV-19_England_NOTT-110E20_2020_EPI_ISL_448424_2020-04-29)
Align target 960 (hCoV-19_England_CAMB-83BD7_2020_EPI_ISL_443368_2020-04-16)
Align target 961 (hCoV-19_Netherlands_ZuidHolland_8_2020_EPI_ISL_414468)
Align target 962 (hCoV-19_Australia_VIC1722_2020_EPI_ISL_456623_2020)
Align target 963 (hCoV-19_USA_MDH-8447_2020_EPI_ISL_454433_2020-03-13)
Align target 964 (hCoV-19_Iceland_401_2020_EPI_ISL_424425)
Align target 965 (hCoV-19_USA_NJ-QDX-23_2020_EPI_ISL_467879_2020-03-15)
Align target 966 (hCoV-19_England_20126028406_2020_EPI_ISL_423897)
Align target 967 (hCoV-19_England_BRIS-1263DD_2020_EPI_ISL_459025_2020-04-11)
Align target 968 (hCoV-19_Denmark_SSI-03_2020_EPI_ISL_416144)
Align target 969 (hCoV-19_Japan_DP0133_2020_EPI_ISL_416576)
Align target 970 (hCoV-19_Taiwan_CGMH-CGU-08_2020_EPI_ISL_417521)
Align target 971 (hCoV-19_USA_WA-S228_2020_EPI_ISL_430266)
Align target 972 (hCoV-19_Iceland_474_2020_EPI_ISL_424497)
Align target 973 (hCoV-19_Colombia_GUV-92034_2020_EPI_ISL_447755_2020-03-31)
Align target 974 (hCoV-19_England_201580017_2020_EPI_ISL_466346_2020-04-09)
Align target 975 (hCoV-19_Spain_COV000666_2020_EPI_ISL_452784_2020-03-06)
Align target 976 (hCoV-19_New_Zealand_20VR0996_2020_EPI_ISL_456179_2020-03-16)
Align target 977 (hCoV-19_USA_WY-WYPHL-00054_2020_EPI_ISL_462946_2020-03-24)
Align target 978 (hCoV-19_Wuhan_HB-WH4-216_2020_EPI_ISL_454964_2020-02-06)
Align target 979 (hCoV-19_Scotland_EDB1077_2020_EPI_ISL_433385_2020-04-07)
Align target 980 (hCoV-19_SouthAfrica_Tygerberg_30_2020_EPI_ISL_464141_2020-03-29)
Align target 981 (hCoV-19_England_201620041_2020_EPI_ISL_466391_2020-04-13)
Align target 982 (hCoV-19_India_GBRC66_2020_EPI_ISL_447042_2020-05-03)
Align target 983 (hCoV-19_DK_ALAB-SSI-1259_2020_EPI_ISL_437638_2020-03-11)
Align target 984 (hCoV-19_Scotland_EDB3495_2020_EPI_ISL_439268_2020-04-13)
Align target 985 (hCoV-19_Wales_PHWC-2EAA4_2020_EPI_ISL_446109_2020-04-07)
Align target 986 (hCoV-19_England_LIVE-9B2F5_2020_EPI_ISL_449431_2020-03-28)
Align target 987 (hCoV-19_Canada_BC_04048819_2020_EPI_ISL_466763_2020-04)
Align target 988 (hCoV-19_England_CAMB-76EB0_2020_EPI_ISL_425436)
Align target 989 (hCoV-19_Scotland_CVR33_2020_EPI_ISL_425762)
Align target 990 (hCoV-19_Austria_CeMM0123_2020_EPI_ISL_437979_2020-03-11)
Align target 991 (hCoV-19_USA_WI-151_2020_EPI_ISL_427458)
Align target 992 (hCoV-19_Iceland_553_2020_EPI_ISL_424573)
Align target 993 (hCoV-19_USA_UT-03484_2020_EPI_ISL_450546_2020-04-03)
Align target 994 (hCoV-19_England_SHEF-CF10A_2020_EPI_ISL_448895_2020-04-15)
Align target 995 (hCoV-19_Scotland_EDB5466_2020_EPI_ISL_461743_2020-04-25)
Align target 996 (hCoV-19_England_CAMB-75419_2020_EPI_ISL_425387)
Align target 997 (hCoV-19_Spain_COV001913_2020_EPI_ISL_467079_2020-03-16)
Align target 998 (hCoV-19_USA_UN-UW-2139_2020_EPI_ISL_426078)
Align target 999 (hCoV-19_England_201060202_2020_EPI_ISL_464400_2020-03-03)
Computing global alignment... done.
