Align target 0 (hCoV-19_England_CAMB-757C5_2020_EPI_ISL_440467_2020-03-11)
Align target 1 (hCoV-19_Kazakhstan_16238_2020_EPI_ISL_454498_2020-04-14)
Align target 2 (hCoV-19_Scotland_CVR1011_2020_EPI_ISL_438751_2020-03-29)
Align target 3 (hCoV-19_USA_MI-MDHHS-SC20295_2020_EPI_ISL_447092_2020-03-15)
Align target 4 (hCoV-19_England_CAMB-841C5_2020_EPI_ISL_443480_2020-04-17)
Align target 5 (hCoV-19_England_20186075504_2020_EPI_ISL_465473_2020-02-28)
Align target 6 (hCoV-19_Canada_BC_22056219_2020_EPI_ISL_462823_2020-03)
Align target 7 (hCoV-19_Wales_PHWC-2F3D5_2020_EPI_ISL_446245_2020-04-08)
Align target 8 (hCoV-19_England_CAMB-783DD_2020_EPI_ISL_433728_2020-04-05)
Align target 9 (hCoV-19_Iceland_118_2020_EPI_ISL_417543)
Align target 10 (hCoV-19_England_NOTT-111681_2020_EPI_ISL_461905_2020-05-20)
Align target 11 (hCoV-19_England_BRIS-125FAD_2020_EPI_ISL_459058_2020-04-10)
Align target 12 (hCoV-19_USA_TX-HMH0407_2020_EPI_ISL_434993_2020-03-27)
Align target 13 (hCoV-19_India_NCDC-01705_2020_EPI_ISL_435064_2020-03-18)
Align target 14 (hCoV-19_Poland_Pom9_2020_EPI_ISL_451650_2020-04-27)
Align target 15 (hCoV-19_Spain_COV002026_2020_EPI_ISL_452393_2020-03-16)
Align target 16 (hCoV-19_Wuhan_HB-WH5-230_2020_EPI_ISL_455392_2020-03-17)
Align target 17 (hCoV-19_Bangladesh_BCSIR-NILMRC_071_2020_EPI_ISL_466692_2020-05-26)
hCoV-19_Bangladesh_BCSIR-NILMRC_071_2020_EPI_ISL_466692_2020-05-26: Frameshift error (scores nt: 148649; codon: 137334)
Align target 18 (hCoV-19_England_BRIS-124A34_2020_EPI_ISL_443776_2020-03-25)
Align target 19 (hCoV-19_India_1-31_2020_EPI_ISL_413523)
Align target 20 (hCoV-19_England_20169002204_2020_EPI_ISL_465170_2020-04-17)
Align target 21 (hCoV-19_England_CAMB-1B3C61_2020_EPI_ISL_461582_2020-05-30)
Align target 22 (hCoV-19_Brazil_CV40_2020_EPI_ISL_429693)
Align target 23 (hCoV-19_Scotland_EDB3633_2020_EPI_ISL_439302_2020-04-27)
Align target 24 (hCoV-19_Canada_QC_AT7_2020_EPI_ISL_463942_2020-04-03)
Align target 25 (hCoV-19_USA_CT-UW-1365_2020_EPI_ISL_424174)
Align target 26 (hCoV-19_England_20100001304_2020_EPI_ISL_464242_2020-02-28)
Align target 27 (hCoV-19_England_BRIS-121FFC_2020_EPI_ISL_440020_2020-03-20)
Align target 28 (hCoV-19_England_CAMB-1B0745_2020_EPI_ISL_452917_2020-05-07)
Align target 29 (hCoV-19_Spain_Valencia186_2020_EPI_ISL_436281_2020-03-24)
Align target 30 (hCoV-19_Switzerland_110496_2020_EPI_ISL_451904_2020-04-07)
Align target 31 (hCoV-19_Wales_PHWC-30DC4_2020_EPI_ISL_446359_2020-04-09)
Align target 32 (hCoV-19_Scotland_CVR3414_2020_EPI_ISL_456837_2020-05-06)
Align target 33 (hCoV-19_Singapore_121_2020_EPI_ISL_443213_2020-04-08)
Align target 34 (hCoV-19_Wales_PHWC-24F90_2020_EPI_ISL_420962)
Align target 35 (hCoV-10_Switzerland_GE6414_2020_EPI_ISL_429217)
Align target 36 (hCoV-19_Taiwan_TSGH-33_2020_EPI_ISL_447592_2020-03-29)
Align target 37 (hCoV-19_England_CAMB-1AF961_2020_EPI_ISL_459277_2020-05-01)
Align target 38 (hCoV-19_England_CAMB-1AB82C_2020_EPI_ISL_444335_2020-04-26)
Align target 39 (hCoV-19_USA_NY-NYUMC692_2020_EPI_ISL_451407_2020-03-26)
Align target 40 (hCoV-19_South_Africa_KRISP-0151_2020_EPI_ISL_467501_2020-06-01)
Align target 41 (hCoV-19_Scotland_CVR2034_2020_EPI_ISL_453017_2020-04-09)
Align target 42 (hCoV-19_England_CAMB-1AFE17_2020_EPI_ISL_459230_2020-05-04)
Align target 43 (hCoV-19_Luxembourg_LNS9579356_2020_EPI_ISL_429708)
Align target 44 (hCoV-19_USA_WA-S451_2020_EPI_ISL_434211_2020-03-31)
Align target 45 (hCoV-19_England_OXON-AF319_2020_EPI_ISL_448824_2020-03-16)
Align target 46 (hCoV-19_England_CAMB-79767_2020_EPI_ISL_441143_2020-04-02)
Align target 47 (hCoV-19_USA_NY-NYUMC156_2020_EPI_ISL_424963)
Align target 48 (hCoV-19_Northern_Ireland_NIRE-102094_2020_EPI_ISL_441375_2020-03-21)
Align target 49 (hCoV-19_Switzerland_130026_2020_EPI_ISL_467014_2020-05-12)
Align target 50 (hCoV-19_USA_ID-UW-6473_2020_EPI_ISL_437838_2020-04-02)
Align target 51 (hCoV-19_Portugal_PT0211_2020_EPI_ISL_453925_2020-03-30)
Align target 52 (hCoV-19_England_CAMB-7CC38_2020_EPI_ISL_442171_2020-04-05)
Align target 53 (hCoV-19_Colombia_INS-79752_2020_EPI_ISL_456131_2020-03-14)
Align target 54 (hCoV-19_Guangzhou_GZMU0058_2020_EPI_ISL_429101)
Align target 55 (hCoV-19_England_CAMB-79DDE_2020_EPI_ISL_440572_2020-04-02)
Align target 56 (hCoV-19_Spain_Valencia162_2020_EPI_ISL_436257_2020-03-19)
Align target 57 (hCoV-19_Iceland_502_2020_EPI_ISL_424524)
Align target 58 (hCoV-19_England_CAMB-762C3_2020_EPI_ISL_438492_2020-03-30)
Align target 59 (hCoV-19_England_20108146904_2020_EPI_ISL_464484_2020-03-06)
Align target 60 (hCoV-19_USA_NY-PV09339_2020_EPI_ISL_450027_2020-03-24)
Align target 61 (hCoV-19_Belgium_ULG-10051_2020_EPI_ISL_424660)
Align target 62 (hCoV-19_England_OXON-ACC5D_2020_EPI_ISL_448521_2020-04-05)
Align target 63 (hCoV-19_England_LOND-D4032_2020_EPI_ISL_444086_2020-04-04)
Align target 64 (hCoV-19_Australia_VIC1412_2020_EPI_ISL_456431_2020-04-16)
Align target 65 (hCoV-19_England_CAMB-7F2BB_2020_EPI_ISL_442900_2020-04-07)
Align target 66 (hCoV-19_Northern_Ireland_NIRE-FAACF_2020_EPI_ISL_441714_2020-03-27)
Align target 67 (hCoV-19_Wales_PHWC-324BE_2020_EPI_ISL_446652_2020-04-13)
Align target 68 (hCoV-19_Scotland_EDB2608_2020_EPI_ISL_439241_2020-04-25)
Align target 69 (hCoV-19_England_SHEF-D0625_2020_EPI_ISL_442471_2020-04-10)
Align target 70 (hCoV-19_England_BRIS-126B20_2020_EPI_ISL_459033_2020-04-09)
Align target 71 (hCoV-19_Russia_Moscow-GCBL3_2020_EPI_ISL_436717_2020-04-14)
Align target 72 (hCoV-19_England_20109035906_2020_EPI_ISL_417260)
Align target 73 (hCoV-19_Spain_Madrid_H10_39_2020_EPI_ISL_417963)
Align target 74 (hCoV-19_Thailand_Bangkok-0073_2020_EPI_ISL_447014_2020-03-03)
Align target 75 (hCoV-19_England_BIRM-5F61F_2020_EPI_ISL_461520_2020)
Align target 76 (hCoV-19_England_20134017904_2020_EPI_ISL_423096)
Align target 77 (hCoV-19_Switzerland_100022_2020_EPI_ISL_466946_2020-03-10)
Align target 78 (hCoV-19_Sweden_20-07572_2020_EPI_ISL_434674_2020-04-21)
Align target 79 (hCoV-19_Germany_BAV-MVP0095_2020_EPI_ISL_437287_2020-04-03)
Align target 80 (hCoV-19_England_20129066404_2020_EPI_ISL_465807_2020-03-11)
Align target 81 (hCoV-19_Wuhan_HBCDC-HB-06_2020_EPI_ISL_412982)
Align target 82 (hCoV-19_New_Zealand_20VR2004_2020_EPI_ISL_456330_2020-04-01)
Align target 83 (hCoV-19_Wales_PHWC-26E91_2020_EPI_ISL_422058)
Align target 84 (hCoV-19_England_20138083904_2020_EPI_ISL_423327)
Align target 85 (hCoV-19_England_LIVE-999A7_2020_EPI_ISL_439781_2020-04-09)
Align target 86 (hCoV-19_England_CAMB-1B2CCC_2020_EPI_ISL_456718_2020-05-18)
Align target 87 (hCoV-19_Australia_VIC161_2020_EPI_ISL_419858)
Align target 88 (hCoV-19_England_CAMB-1AE09A_2020_EPI_ISL_459445_2020-04-27)
hCoV-19_England_CAMB-1AE09A_2020_EPI_ISL_459445_2020-04-27: Frameshift error (scores nt: 137449; codon: 134797)
Align target 89 (hCoV-19_USA_VA-DCLS-0252_2020_EPI_ISL_452826_2020-04-20)
Align target 90 (hCoV-19_USA_VA-DCLS-0157_2020_EPI_ISL_437790_2020-04-14)
Align target 91 (hCoV-19_England_20129015704_2020_EPI_ISL_423999)
Align target 92 (hCoV-19_USA_MA-MGH-00523_2020_EPI_ISL_460262_2020-03-18)
Align target 93 (hCoV-19_USA_WA-S12_2020_EPI_ISL_417065)
Align target 94 (hCoV-19_SouthAfrica_Tygerberg_07_2020_EPI_ISL_464118_2020-04-08)
Align target 95 (hCoV-19_England_LIVE-9E016_2020_EPI_ISL_453261_2020-04-03)
Align target 96 (hCoV-19_England_CAMB-797B2_2020_EPI_ISL_441145_2020-04-01)
Align target 97 (hCoV-19_Spain_COV001621_2020_EPI_ISL_467169_2020-03-18)
Align target 98 (hCoV-19_USA_NY-NYUMC176_2020_EPI_ISL_427524)
Align target 99 (hCoV-19_England_201640232_2020_EPI_ISL_466450_2020-04-14)
Align target 100 (hCoV-19_Australia_VIC343_2020_EPI_ISL_426652)
Align target 101 (hCoV-19_Germany_BAV-MVP0098_2020_EPI_ISL_452104_2020-04-04)
Align target 102 (hCoV-19_USA_WA-QDX-02_2020_EPI_ISL_444518_2020-03-13)
Align target 103 (hCoV-19_England_20174019504_2020_EPI_ISL_465390_2020-04-21)
Align target 104 (hCoV-19_USA_DW_COVID_35_2020__EPI_ISL_467302_2020-06-08)
Align target 105 (hCoV-19_England_NOTT-110576_2020_EPI_ISL_441530_2020-04-24)
Align target 106 (hCoV-19_DK_ALAB-SSI-817_2020_EPI_ISL_437674_2020-03-28)
Align target 107 (hCoV-19_Netherlands_Limburg_67_2020_EPI_ISL_461052_2020)
Align target 108 (hCoV-19_USA_WA-UW-1569_2020_EPI_ISL_423021)
Align target 109 (hCoV-19_USA_NY-PV08137_2020_EPI_ISL_421359)
Align target 110 (hCoV-19_Thailand_Nonthaburi_2983_2020_EPI_ISL_455594_2020-03-18)
Align target 111 (hCoV-19_England_CAMB-75992_2020_EPI_ISL_438279_2020-03-31)
Align target 112 (hCoV-19_India_ILSCV14743_2020_EPI_ISL_463032_2020-05-10)
Align target 113 (hCoV-19_USA_WI-86_2020_EPI_ISL_425143)
Align target 114 (hCoV-19_England_BRIS-126CF0_2020_EPI_ISL_458941_2020-04-08)
Align target 115 (hCoV-19_Netherlands_NA_579_2020_EPI_ISL_460743_2020)
Align target 116 (hCoV-19_England_BRIS-12ADBD_2020_EPI_ISL_458427_2020-05-02)
Align target 117 (hCoV-19_New_Zealand_20VR2006_2020_EPI_ISL_456331_2020-04-01)
Align target 118 (hCoV-19_Canada_QC_AU8_2020_EPI_ISL_463947_2020-04-04)
Align target 119 (hCoV-19_England_20100023206_2020_EPI_ISL_415137)
Align target 120 (hCoV-19_England_CAMB-77541_2020_EPI_ISL_438520_2020-04-01)
Align target 121 (hCoV-19_England_CAMB-1AD040_2020_EPI_ISL_447959_2020-04-29)
Align target 122 (hCoV-19_Netherlands_NA_207_2020_EPI_ISL_422742)
Align target 123 (hCoV-19_England_CAMB-80FFC_2020_EPI_ISL_438554_2020-04-20)
Align target 124 (hCoV-19_England_CAMB-1B1146_2020_EPI_ISL_459193_2020-05-05)
Align target 125 (hCoV-19_Sweden_20-08719_2020_EPI_ISL_429135)
Align target 126 (hCoV-19_Scotland_CVR2871_2020_EPI_ISL_453080_2020-04-22)
Align target 127 (hCoV-19_Ireland_Limerick-19935_2020_EPI_ISL_414587)
Align target 128 (hCoV-19_Germany_BAV-MVP0193_2020_EPI_ISL_466883_2020-04-15)
Align target 129 (hCoV-19_England_SHEF-C029D_2020_EPI_ISL_420182)
Align target 130 (hCoV-19_Wales_PHWC-2F3E4_2020_EPI_ISL_446246_2020-04-08)
Align target 131 (hCoV-19_Scotland_CVR951_2020_EPI_ISL_439137_2020-03-28)
Align target 132 (hCoV-19_Scotland_CVR115_2020_EPI_ISL_425660)
Align target 133 (hCoV-19_USA_VA-DCLS-0200_2020_EPI_ISL_437415_2020-04-11)
Align target 134 (hCoV-19_USA_CT-UW-5772_2020_EPI_ISL_430926_2020-04-04)
Align target 135 (hCoV-19_Wales_PHWC-32E0B_2020_EPI_ISL_446693_2020-04-14)
Align target 136 (hCoV-19_USA_CA-CZBRR057EX00731_2020_EPI_ISL_429026)
Align target 137 (hCoV-19_USA_MA-MGH-00458_2020_EPI_ISL_460272_2020-04-04)
Align target 138 (hCoV-19_Russia_StPetersburg_RII4723S_2020_EPI_ISL_427332)
Align target 139 (hCoV-19_Australia_VIC1080_2020_EPI_ISL_430579)
Align target 140 (hCoV-19_USA_WA-S150_2020_EPI_ISL_430187)
Align target 141 (hCoV-19_Switzerland_100026_2020_EPI_ISL_466950_2020-03-09)
Align target 142 (hCoV-19_England_201390706_2020_EPI_ISL_465862_2020-03-28)
Align target 143 (hCoV-19_England_NOTT-10F659_2020_EPI_ISL_433031_2020-04-03)
Align target 144 (hCoV-19_England_20139051302_2020_EPI_ISL_420528)
Align target 145 (hCoV-19_England_NOTT-1113F3_2020_EPI_ISL_453660_2020-05-16)
Align target 146 (hCoV-19_England_CAMB-72C6F_2020_EPI_ISL_440046_2020-03-22)
Align target 147 (hCoV-19_USA_NC_200272_2020_EPI_ISL_454811_2020-04)
Align target 148 (hCoV-19_Netherlands_Gelderland_13_2020_EPI_ISL_455122_2020-03-12)
Align target 149 (hCoV-19_Italy_PV-5314-B_2020_EPI_ISL_451306_2020-02-21)
Align target 150 (hCoV-19_Iceland_2_2020_EPI_ISL_417552)
Align target 151 (hCoV-19_Scotland_EDB1663_2020_EPI_ISL_433110_2020-04-15)
Align target 152 (hCoV-19_England_BRIS-122D3D_2020_EPI_ISL_440666_2020-04-02)
Align target 153 (hCoV-19_England_CAMB-75394_2020_EPI_ISL_440419_2020-03-14)
Align target 154 (hCoV-19_Scotland_GCVR-170AA2_2020_EPI_ISL_459714_2020-03-26)
Align target 155 (hCoV-19_USA_WI-34_2020_EPI_ISL_421292)
Align target 156 (hCoV-19_Israel_130710097_2020_EPI_ISL_447467_2020-04-15)
Align target 157 (hCoV-19_England_201040077_2020_EPI_ISL_464321_2020-03-02)
Align target 158 (hCoV-19_England_BRIS-1228E1_2020_EPI_ISL_440808_2020-04-03)
Align target 159 (hCoV-19_England_CAMB-1AA32C_2020_EPI_ISL_443546_2020-04-17)
Align target 160 (hCoV-19_Chile_Santiago-25669_2020_EPI_ISL_459862_2020-03-17)
Align target 161 (hCoV-19_Switzerland_100034_2020_EPI_ISL_466958_2020-03-11)
Align target 162 (hCoV-19_USA_MI-MDHHS-SC20111_2020_EPI_ISL_436846_2020-03-24)
Align target 163 (hCoV-19_USA_LA-EVTL048_2020_EPI_ISL_451209_2020-05-01)
Align target 164 (hCoV-19_USA_CA-CZB-1277_2020_EPI_ISL_454635_2020-03-15)
Align target 165 (hCoV-19_England_SHEF-CBE70_2020_EPI_ISL_448880_2020-04-14)
Align target 166 (hCoV-19_England_CAMB-1B25C1_2020_EPI_ISL_456697_2020-05-16)
Align target 167 (hCoV-19_England_CAMB-1AE6A7_2020_EPI_ISL_459446_2020-04-27)
Align target 168 (hCoV-19_USA_WI-UW-268_2020_EPI_ISL_434614_2020-04-06)
Align target 169 (hCoV-19_Netherlands_NA_200_2020_EPI_ISL_422735)
Align target 170 (hCoV-19_USA_WA-UW-10108_2020_EPI_ISL_461467_2020-05-29)
Align target 171 (hCoV-19_Iceland_6_2020_EPI_ISL_417854)
Align target 172 (hCoV-19_USA_NY-QDX-146_2020_EPI_ISL_467895_2020-03-15)
Align target 173 (hCoV-19_Iceland_72_2020_EPI_ISL_417860)
Align target 174 (hCoV-19_England_20134012604_2020_EPI_ISL_465809_2020-03-23)
Align target 175 (hCoV-19_England_SHEF-CF049_2020_EPI_ISL_432582_2020-04-06)
Align target 176 (hCoV-19_Uruguay_UY-NYUMC870_2020_EPI_ISL_457966_2020-04-06)
Align target 177 (hCoV-19_USA_UT-00288_2020_EPI_ISL_420808)
Align target 178 (hCoV-19_Russia_StPetersburg-RII7464S_2020_EPI_ISL_450252_2020-04-20)
Align target 179 (hCoV-19_USA_CT-Yale-041_2020_EPI_ISL_428372)
Align target 180 (hCoV-19_England_CAMB-7B3F8_2020_EPI_ISL_433953_2020-04-13)
Align target 181 (hCoV-19_Wales_PHWC-31D96_2020_EPI_ISL_446565_2020-04-12)
Align target 182 (hCoV-19_England_NORW-EBB37_2020_EPI_ISL_457479_2020-05-06)
Align target 183 (hCoV-19_England_201340856_2020_EPI_ISL_423190)
Align target 184 (hCoV-19_England_NOTT-10E229_2020_EPI_ISL_425514)
Align target 185 (hCoV-19_Turkey_HSGM-8992_2020_EPI_ISL_429865)
Align target 186 (hCoV-19_Scotland_CVR2751_2020_EPI_ISL_438975_2020-04-18)
Align target 187 (hCoV-19_England_CAMB-79424_2020_EPI_ISL_441196_2020-04-04)
Align target 188 (hCoV-19_USA_NM-UNM-00026_2020_EPI_ISL_467607_2020-03-17)
Align target 189 (hCoV-19_Shanghai_SH0012_2020_EPI_ISL_416325)
Align target 190 (hCoV-19_New_Zealand_20VR1778_2020_EPI_ISL_456247_2020-03-25)
Align target 191 (hCoV-19_Spain_Galicia202297_2020_EPI_ISL_455335_2020-03-11)
Align target 192 (hCoV-19_England_20134003204_2020_EPI_ISL_423057)
Align target 193 (hCoV-19_Singapore_274_2020_EPI_ISL_462392_2020-03-21)
Align target 194 (hCoV-19_Spain_Barcelona_VH1713_2020_EPI_ISL_444990_2020-03-29)
Align target 195 (hCoV-19_USA_UT-02004_2020_EPI_ISL_454725_2020-04-17)
Align target 196 (hCoV-19_USA_WI-21_2020_EPI_ISL_417508)
Align target 197 (hCoV-19_USA_MI-MDHHS-SC20609_2020_EPI_ISL_462691_2020-04-30)
Align target 198 (hCoV-19_England_SHEF-C2C60_2020_EPI_ISL_432752_2020-03-22)
Align target 199 (hCoV-19_Northern_Ireland_NIRE-FADA8_2020_EPI_ISL_448918_2020-03-26)
Align target 200 (hCoV-19_England_SHEF-C02D9_2020_EPI_ISL_420218)
Align target 201 (hCoV-19_England_20120107804_2020_EPI_ISL_465732_2020-03-16)
Align target 202 (hCoV-19_Shanghai_SH01_2020_EPI_ISL_414510)
Align target 203 (hCoV-19_Chongqing_YC01_2020_EPI_ISL_408478)
Align target 204 (hCoV-19_England_CAMB-7D48A_2020_EPI_ISL_441731_2020-04-05)
Align target 205 (hCoV-19_USA_WI-196_2020_EPI_ISL_428292)
Align target 206 (hCoV-19_USA_TX-HMH038_2020_EPI_ISL_434747_2020-03-06)
Align target 207 (hCoV-19_USA_WA-UW-4676_2020_EPI_ISL_461427_2020-04-05)
Align target 208 (hCoV-19_Northern_Ireland_NIRE-FA87A_2020_EPI_ISL_441704_2020-03-31)
Align target 209 (hCoV-19_Netherlands_NA_128_2020_EPI_ISL_422672)
Align target 210 (hCoV-19_England_CAMB-727E6_2020_EPI_ISL_439580_2020-03-23)
Align target 211 (hCoV-19_Scotland_EDB3870_2020_EPI_ISL_439348_2020-04-30)
Align target 212 (hCoV-19_Australia_NT16_2020_EPI_ISL_426903)
Align target 213 (hCoV-19_USA_NY-NYUMC532_2020_EPI_ISL_444649_2020-03-29)
Align target 214 (hCoV-19_USA_CA-CZB-1102_2020_EPI_ISL_444060_2020-04-27)
Align target 215 (hCoV-19_Spain_COV003652_2020_EPI_ISL_467244_2020-04-01)
Align target 216 (hCoV-19_Saudi_Arabia_KAUST-MAKKAH196_2020_EPI_ISL_437710_2020-04-14)
Align target 217 (hCoV-19_Morocco_6894_2020_EPI_ISL_459972_2020-03-20)
Align target 218 (hCoV-19_England_BRIS-123965_2020_EPI_ISL_442656_2020-04-07)
Align target 219 (hCoV-19_USA_WI-235_2020_EPI_ISL_428331)
Align target 220 (hCoV-19_England_CAMB-73DC5_2020_EPI_ISL_433698_2020-04-01)
Align target 221 (hCoV-19_Scotland_EDB5448_2020_EPI_ISL_461739_2020-05-25)
Align target 222 (hCoV-19_England_BRIS-1247D3_2020_EPI_ISL_443833_2020-03-25)
Align target 223 (hCoV-19_Australia_VIC390_2020_EPI_ISL_426905)
Align target 224 (hCoV-19_England_201161494_2020_EPI_ISL_464850_2020-03-11)
Align target 225 (hCoV-19_Scotland_CVR3168_2020_EPI_ISL_456768_2020-04-27)
Align target 226 (hCoV-19_USA_ID-UW-2160_2020_EPI_ISL_426060)
Align target 227 (hCoV-19_Thailand_Bangkok-CONI-0109_2020_EPI_ISL_455912_2020-03-11)
Align target 228 (hCoV-19_USA_WA-UW295_2020_EPI_ISL_418080)
Align target 229 (hCoV-19_Russia_CRIE160583_2020_EPI_ISL_462149_2020-03-30)
Align target 230 (hCoV-19_Austria_CeMM0225_2020_EPI_ISL_438059_2020-03-17)
Align target 231 (hCoV-19_USA_NY-PV09197_2020_EPI_ISL_422552)
Align target 232 (hCoV-19_England_20124001202_2020_EPI_ISL_418683)
Align target 233 (hCoV-19_USA_ID-UW-4375_2020_EPI_ISL_426066)
Align target 234 (hCoV-19_England_LIVE-9B222_2020_EPI_ISL_449421_2020-03-27)
Align target 235 (hCoV-19_USA_CT-Yale-210_2020_EPI_ISL_463148_2020-03-30)
Align target 236 (hCoV-19_USA_MI-MDHHS-SC20642_2020_EPI_ISL_462724_2020-04-24)
Align target 237 (hCoV-19_England_BRIS-1288DC_2020_EPI_ISL_458874_2020-04-14)
Align target 238 (hCoV-19_England_CAMB-1AA456_2020_EPI_ISL_443596_2020-04-17)
Align target 239 (hCoV-19_Switzerland_100054_2020_EPI_ISL_466976_2020-03-12)
Align target 240 (hCoV-19_England_20146019804_2020_EPI_ISL_466039_2020-04-01)
Align target 241 (hCoV-19_Scotland_CVR3236_2020_EPI_ISL_449246_2020-04-26)
Align target 242 (hCoV-19_England_200990002_2020_EPI_ISL_414522)
Align target 243 (hCoV-19_Scotland_CVR3105_2020_EPI_ISL_461678_2020-04-25)
Align target 244 (hCoV-19_England_LOND-D4BC8_2020_EPI_ISL_449659_2020-04-11)
Align target 245 (hCoV-19_England_20156001204_2020_EPI_ISL_466279_2020-04-07)
Align target 246 (hCoV-19_USA_CA-SR0119_2020_EPI_ISL_445110_2020-03-26)
Align target 247 (hCoV-19_Scotland_EDB1629_2020_EPI_ISL_433093_2020-04-14)
Align target 248 (hCoV-19_Iceland_166_2020_EPI_ISL_417759)
Align target 249 (hCoV-19_England_20206139904_2020_EPI_ISL_465667_2020-05-14)
Align target 250 (hCoV-19_Denmark_ALAB-SSI-654_2020_EPI_ISL_437025_2020-03-29)
Align target 251 (hCoV-19_Germany_BAV-MVP0274_2020_EPI_ISL_466915_2020-05-22)
Align target 252 (hCoV-19_England_CAMB-1B0A88_2020_EPI_ISL_452935_2020-05-13)
Align target 253 (hCoV-19_Australia_VIC327_2020_EPI_ISL_426637)
Align target 254 (hCoV-19_England_NORW-E8A00_2020_EPI_ISL_448263_2020)
Align target 255 (hCoV-19_England_CAMB-82E39_2020_EPI_ISL_443613_2020-04-14)
Align target 256 (hCoV-19_Wales_PHWC-28C1D_2020_EPI_ISL_445419_2020-04-01)
Align target 257 (hCoV-19_Northern_Ireland_NIRE-FBE4A_2020_EPI_ISL_459372_2020-04-10)
Align target 258 (hCoV-19_USA_NY-NYUMC560_2020_EPI_ISL_444677_2020-03-31)
Align target 259 (hCoV-19_England_NORT-288F7A_2020_EPI_ISL_458653_2020-03-25)
Align target 260 (hCoV-19_USA_WA-UW273_2020_EPI_ISL_418058)
Align target 261 (hCoV-19_England_NOTT-1102E8_2020_EPI_ISL_441496_2020-04-11)
Align target 262 (hCoV-19_England_20164065904_2020_EPI_ISL_466460_2020-04-15)
Align target 263 (hCoV-19_Portugal_PT0589_2020_EPI_ISL_454312_2020-03-28)
Align target 264 (hCoV-19_England_CAMB-7F0A2_2020_EPI_ISL_442825_2020-04-07)
Align target 265 (hCoV-19_Australia_VIC779_2020_EPI_ISL_427054)
Align target 266 (hCoV-19_Portugal_PT0438_2020_EPI_ISL_454162_2020-03-22)
Align target 267 (hCoV-19_Scotland_EDB3500_2020_EPI_ISL_439273_2020-04-13)
Align target 268 (hCoV-19_Spain_COV000923_2020_EPI_ISL_452648_2020-03-27)
Align target 269 (hCoV-19_USA_TX-HMH082_2020_EPI_ISL_434791_2020-03-19)
Align target 270 (hCoV-19_USA_WA-UW226_2020_EPI_ISL_417375)
Align target 271 (hCoV-19_England_CAMB-793BE_2020_EPI_ISL_441180_2020-04-02)
Align target 272 (hCoV-19_England_201090514_2020_EPI_ISL_464578_2020-03-07)
Align target 273 (hCoV-19_England_LOND-D45AC_2020_EPI_ISL_444137_2020-04-08)
Align target 274 (hCoV-19_Wales_PHWC-2723A_2020_EPI_ISL_432317_2020-03-30)
Align target 275 (hCoV-19_Iceland_379_2020_EPI_ISL_424403)
Align target 276 (hCoV-19_England_NORW-E8226_2020_EPI_ISL_449126_2020)
Align target 277 (hCoV-19_England_CAMB-1AD013_2020_EPI_ISL_447957_2020-04-29)
Align target 278 (hCoV-19_USA_PA-MGEL63_2020_EPI_ISL_454354_2020-03-30)
Align target 279 (hCoV-19_Netherlands_NA_507_2020_EPI_ISL_460680_2020-03-21)
Align target 280 (hCoV-19_USA_WA-UW223_2020_EPI_ISL_417372)
Align target 281 (hCoV-19_England_LIVE-9E31D_2020_EPI_ISL_453288_2020-04-03)
Align target 282 (hCoV-19_France_HF1870_2020_EPI_ISL_414629)
Align target 283 (hCoV-19_Belgium_ITM_C193_2020_EPI_ISL_450731_2020-03-31)
Align target 284 (hCoV-19_India_RMRC170_2020_EPI_ISL_455769_2020-05-07)
Align target 285 (hCoV-19_Sweden_20-06665_2020_EPI_ISL_450808_2020-03-31)
Align target 286 (hCoV-19_Denmark_ALAB-HH-210_2020_EPI_ISL_452065_2020-04-27)
Align target 287 (hCoV-19_England_201420074_2020_EPI_ISL_465911_2020-03-30)
Align target 288 (hCoV-19_Scotland_CVR1325_2020_EPI_ISL_433541_2020-03-31)
Align target 289 (hCoV-19_India_RMRC94_2020_EPI_ISL_455788_2020-05-04)
Align target 290 (hCoV-19_England_20126036204_2020_EPI_ISL_423902)
Align target 291 (hCoV-19_England_LOND-D3983_2020_EPI_ISL_441015_2020-04-03)
Align target 292 (hCoV-19_USA_WI-11_2020_EPI_ISL_417505)
Align target 293 (hCoV-19_Australia_VIC666_2020_EPI_ISL_426962)
Align target 294 (hCoV-19_England_CAMB-7A784_2020_EPI_ISL_440569_2020-04-02)
Align target 295 (hCoV-19_Iceland_406_2020_EPI_ISL_424430)
Align target 296 (hCoV-19_England_BRIS-1223FF_2020_EPI_ISL_440802_2020-04-04)
Align target 297 (hCoV-19_USA_NY-NYUMC174_2020_EPI_ISL_427471)
Align target 298 (hCoV-19_India_NGC-CDFD-03_2020_EPI_ISL_466841_2020-05-10)
Align target 299 (hCoV-19_Wales_PHWC-26A8E_2020_EPI_ISL_422245)
Align target 300 (hCoV-19_England_LIVE-9B2F5_2020_EPI_ISL_449431_2020-03-28)
Align target 301 (hCoV-19_Scotland_CVR1042_2020_EPI_ISL_438756_2020-03-30)
Align target 302 (hCoV-19_USA_TX-HMH0436_2020_EPI_ISL_435019_2020-04-02)
Align target 303 (hCoV-19_Denmark_ALAB-HH11_2020_EPI_ISL_429270)
Align target 304 (hCoV-19_England_CAMB-7423E_2020_EPI_ISL_440310_2020-03-20)
Align target 305 (hCoV-19_Scotland_EDB1317_2020_EPI_ISL_433434_2020-04-09)
Align target 306 (hCoV-19_Portugal_PT0572_2020_EPI_ISL_454295_2020-03-26)
Align target 307 (hCoV-19_England_SHEF-C9B02_2020_EPI_ISL_432474_2020-04-02)
Align target 308 (hCoV-19_Singapore_13_2020_EPI_ISL_414379)
hCoV-19_Singapore_13_2020_EPI_ISL_414379: Frameshift error (scores nt: 145809; codon: 137160)
Align target 309 (hCoV-19_England_EXET-135B2E_2020_EPI_ISL_457135_2020-04-09)
Align target 310 (hCoV-19_India_ILSCV11996_2020_EPI_ISL_463012_2020-05-09)
Align target 311 (hCoV-19_Scotland_CVR173_2020_EPI_ISL_425713)
Align target 312 (hCoV-19_England_NORT-288D52_2020_EPI_ISL_458666_2020-03-21)
Align target 313 (hCoV-19_Scotland_EDB1172_2020_EPI_ISL_433422_2020-04-07)
Align target 314 (hCoV-19_England_LOND-D358F_2020_EPI_ISL_440957_2020-03-27)
Align target 315 (hCoV-19_USA_NY-PV09430_2020_EPI_ISL_450107_2020-03-12)
Align target 316 (hCoV-19_Wales_PHWC-286D3_2020_EPI_ISL_432355_2020-04-01)
Align target 317 (hCoV-19_Bangladesh_BCSIR_NILMRC_003_2020_EPI_ISL_462092_2020-05-23)
Align target 318 (hCoV-19_Scotland_CVR113_2020_EPI_ISL_425658)
Align target 319 (hCoV-19_Netherlands_NA_297_2020_EPI_ISL_422606)
Align target 320 (hCoV-19_England_BRIS-125541_2020_EPI_ISL_443782_2020-03-28)
Align target 321 (hCoV-19_Australia_VIC267_2020_EPI_ISL_419960)
Align target 322 (hCoV-19_England_20170036004_2020_EPI_ISL_465284_2020-04-14)
Align target 323 (hCoV-19_Scotland_EDB4324_2020_EPI_ISL_449294_2020-04-24)
Align target 324 (hCoV-19_USA_NY-PV09092_2020_EPI_ISL_421630)
Align target 325 (hCoV-19_Russia_StPetersburg-RII4712V_2020_EPI_ISL_430068)
Align target 326 (hCoV-19_USA_FL-BPHL-0117_2020_EPI_ISL_450851_2020-04-09)
Align target 327 (hCoV-19_Guangdong_20SF602_2020_EPI_ISL_428464)
Align target 328 (hCoV-19_England_NORW-E862A_2020_EPI_ISL_449167_2020-04-17)
Align target 329 (hCoV-19_India_NCDC-4475_2020_EPI_ISL_436454_2020-04-13)
Align target 330 (hCoV-19_England_CAMB-7CA6B_2020_EPI_ISL_442187_2020-04-04)
Align target 331 (hCoV-19_England_20146008404_2020_EPI_ISL_466024_2020-03-31)
Align target 332 (hCoV-19_Germany_BAV-MVP0076_2020_EPI_ISL_437271_2020-03-30)
Align target 333 (hCoV-19_Australia_NSW286_2020_EPI_ISL_451550_2020-04-03)
Align target 334 (hCoV-19_England_CAMB-78777_2020_EPI_ISL_433769_2020-04-05)
Align target 335 (hCoV-19_Belgium_VAJ-0328370_2020_EPI_ISL_462224_2020-03-28)
Align target 336 (hCoV-19_England_20134019904_2020_EPI_ISL_423107)
Align target 337 (hCoV-19_Netherlands_Limburg_5_2020_EPI_ISL_414448)
Align target 338 (hCoV-19_England_CAMB-84B9A_2020_EPI_ISL_440527_2020-03-13)
Align target 339 (hCoV-19_England_CAMB-7BC57_2020_EPI_ISL_442176_2020-04-04)
Align target 340 (hCoV-19_England_PORT-2CF6CD_2020_EPI_ISL_461974_2020-05-12)
Align target 341 (hCoV-19_England_20172003204_2020_EPI_ISL_465325_2020-04-20)
Align target 342 (hCoV-19_Australia_VIC1030_2020_EPI_ISL_430664)
Align target 343 (hCoV-19_Thailand_Bangkok-CONI-0148_2020_EPI_ISL_455942_2020-03-15)
Align target 344 (hCoV-19_USA_CA-SCCPHD-UC188_2020_EPI_ISL_435667_2020-03-19)
Align target 345 (hCoV-19_Scotland_CVR900_2020_EPI_ISL_439133_2020-03-28)
Align target 346 (hCoV-19_England_20132017104_2020_EPI_ISL_423726)
Align target 347 (hCoV-19_Beijing_Wuhan_IME-BJ05_2020_EPI_ISL_424359)
Align target 348 (hCoV-19_Scotland_CVR1685_2020_EPI_ISL_433653_2020-04-05)
Align target 349 (hCoV-19_England_CAMB-71E4C_2020_EPI_ISL_439602_2020-03-29)
Align target 350 (hCoV-19_USA_NY-PV09491_2020_EPI_ISL_450163_2020-03-20)
Align target 351 (hCoV-19_USA_NY-NYUMC833_2020_EPI_ISL_456070_2020-03-27)
Align target 352 (hCoV-19_Australia_NSW225_2020_EPI_ISL_451491_2020-03-28)
Align target 353 (hCoV-19_Portugal_PT0298_2020_EPI_ISL_454014_2020-03-13)
Align target 354 (hCoV-19_Switzerland_GE5007_2020_EPI_ISL_429206)
Align target 355 (hCoV-19_England_CAMB-76DC2_2020_EPI_ISL_439376_2020-03-31)
Align target 356 (hCoV-19_Belgium_BS-030598_2020_EPI_ISL_420354)
Align target 357 (hCoV-19_USA_WA-S7_2020_EPI_ISL_416462)
Align target 358 (hCoV-19_England_20136088302_2020_EPI_ISL_420639)
Align target 359 (hCoV-19_Scotland_CVR3087_2020_EPI_ISL_439028_2020-04-25)
Align target 360 (hCoV-19_USA_MN-MDH-1034_2020_EPI_ISL_462879_2020-05-07)
Align target 361 (hCoV-19_Canada_BC_05844438_2020_EPI_ISL_466790_2020-04)
Align target 362 (hCoV-19_England_20169001704_2020_EPI_ISL_465167_2020-04-17)
Align target 363 (hCoV-19_Colombia_GVI-97417_2020_EPI_ISL_447798_2020-04-04)
Align target 364 (hCoV-19_England_CAMB-7EB48_2020_EPI_ISL_442969_2020-04-07)
Align target 365 (hCoV-19_Sweden_20-06097_2020_EPI_ISL_450807_2020-03-20)
Align target 366 (hCoV-19_DRC_2727_2020_EPI_ISL_437344_2020-04-16)
Align target 367 (hCoV-19_Portugal_PT0055_2020_EPI_ISL_421458)
Align target 368 (hCoV-19_England_SHEF-C9DFD_2020_EPI_ISL_442350_2020-04-09)
Align target 369 (hCoV-19_Scotland_EDB922_2020_EPI_ISL_432881_2020-04-05)
Align target 370 (hCoV-19_England_BRIS-12A791_2020_EPI_ISL_458483_2020-04-29)
Align target 371 (hCoV-19_Canada_ON-UHTC_0075_2020_EPI_ISL_463999_2020-04-11)
Align target 372 (hCoV-19_England_201400100_2020_EPI_ISL_465880_2020-03-30)
Align target 373 (hCoV-19_England_CAMB-7CBD1_2020_EPI_ISL_442047_2020-04-05)
Align target 374 (hCoV-19_Brazil_ES-225_2020_EPI_ISL_415128)
Align target 375 (hCoV-19_Thailand_Bangkok-0075_2020_EPI_ISL_447016_2020-03-31)
Align target 376 (hCoV-19_Denmark_SSI-01_2020_EPI_ISL_416142)
Align target 377 (hCoV-19_Taiwan_CGMH-CGU-08_2020_EPI_ISL_417521)
Align target 378 (hCoV-19_Poland_1105644_2020_EPI_ISL_428233)
Align target 379 (hCoV-19_USA_MI-MDHHS-SC20097_2020_EPI_ISL_437184_2020-03-30)
Align target 380 (hCoV-19_England_CAMB-7774B_2020_EPI_ISL_439496_2020-03-31)
Align target 381 (hCoV-19_England_20139044404_2020_EPI_ISL_420682)
Align target 382 (hCoV-19_USA_WA-UW-4754_2020_EPI_ISL_461431_2020-03-28)
Align target 383 (hCoV-19_USA_VA-DCLS-0055_2020_EPI_ISL_426463)
Align target 384 (hCoV-19_Australia_VIC1428_2020_EPI_ISL_456435_2020-04-17)
Align target 385 (hCoV-19_England_SHEF-CFF3D_2020_EPI_ISL_432607_2020-04-04)
Align target 386 (hCoV-19_Netherlands_Overijssel_23_2020_EPI_ISL_460812_2020-04-14)
Align target 387 (hCoV-19_USA_VA-DCLS-0283_2020_EPI_ISL_452852_2020-04-22)
Align target 388 (hCoV-19_England_20184048804_2020_EPI_ISL_465459_2020-04-27)
Align target 389 (hCoV-19_Bangladesh_BARJ_CVASU_CTG_501_2020_EPI_ISL_450339_2020-05-10)
Align target 390 (hCoV-19_JOR_SEARCH-0037-JOR_2020_EPI_ISL_429997)
Align target 391 (hCoV-19_England_LOND-D60D6_2020_EPI_ISL_441353_2020-04-20)
Align target 392 (hCoV-19_Beijing_Wuhan_IME-BJ04_2020_EPI_ISL_424358)
Align target 393 (hCoV-19_Wales_PHWC-29353_2020_EPI_ISL_445511_2020-04-04)
Align target 394 (hCoV-19_England_CAMB-77699_2020_EPI_ISL_439399_2020-03-31)
Align target 395 (hCoV-19_Singapore_310_2020_EPI_ISL_462428_2020-04-06)
Align target 396 (hCoV-19_USA_WA-S1025_2020_EPI_ISL_463515_2020-05-01)
Align target 397 (hCoV-19_England_NOTT-10FA3F_2020_EPI_ISL_432675_2020-04-05)
Align target 398 (hCoV-19_Australia_NSW290_2020_EPI_ISL_451554_2020-04-02)
Align target 399 (hCoV-19_Spain_Valencia254_2020_EPI_ISL_436349_2020-03-26)
Align target 400 (hCoV-19_England_20119058604_2020_EPI_ISL_465081_2020-03-14)
Align target 401 (hCoV-19_Scotland_EDB1515_2020_EPI_ISL_433465_2020-04-12)
Align target 402 (hCoV-19_Iceland_52_2020_EPI_ISL_417850)
Align target 403 (hCoV-19_Northern_Ireland_NIRE-102067_2020_EPI_ISL_441372_2020-03-22)
Align target 404 (hCoV-19_England_20166060104_2020_EPI_ISL_466558_2020-04-14)
Align target 405 (hCoV-19_Canada_BC_23918026_2020_EPI_ISL_463189_2020-03)
Align target 406 (hCoV-19_Germany_BAV-MVP0221_2020_EPI_ISL_466894_2020-04-22)
Align target 407 (hCoV-19_England_CAMB-1AFB7A_2020_EPI_ISL_459194_2020-05-02)
Align target 408 (hCoV-19_Jordan_SR-0335_2020_EPI_ISL_450187_2020-04-08)
Align target 409 (hCoV-19_USA_MN-MDH-315_2020_EPI_ISL_437363_2020-03-31)
Align target 410 (hCoV-19_England_20099069904_2020_EPI_ISL_464216_2020-02-29)
Align target 411 (hCoV-19_England_NORT-28903A_2020_EPI_ISL_458636_2020-03-26)
Align target 412 (hCoV-19_England_20109050806_2020_EPI_ISL_417269)
Align target 413 (hCoV-19_Israel_13075719_2020_EPI_ISL_447449_2020-03-29)
Align target 414 (hCoV-19_England_SHEF-CADED_2020_EPI_ISL_442371_2020-04-04)
Align target 415 (hCoV-19_Singapore_70_2020_EPI_ISL_428849)
Align target 416 (hCoV-19_Wales_PHWC-2EA4A_2020_EPI_ISL_446103_2020-04-07)
Align target 417 (hCoV-19_USA_WA-UW-1879_2020_EPI_ISL_424300)
Align target 418 (hCoV-19_England_201380049_2020_EPI_ISL_421806)
Align target 419 (hCoV-19_England_BRIS-129237_2020_EPI_ISL_458756_2020-04-19)
Align target 420 (hCoV-19_USA_NY-NYUMC925_2020_EPI_ISL_467418_2020-03-18)
Align target 421 (hCoV-19_India_GBRC149_2020_EPI_ISL_458111_2020-05-17)
Align target 422 (hCoV-19_England_CAMB-7FBDE_2020_EPI_ISL_433489_2020-04-16)
Align target 423 (hCoV-19_England_BRIS-124D4A_2020_EPI_ISL_443900_2020-03-26)
Align target 424 (hCoV-19_Scotland_EDB3495_2020_EPI_ISL_439268_2020-04-13)
Align target 425 (hCoV-19_USA_MA-MGH-00265_2020_EPI_ISL_460294_2020-04-01)
Align target 426 (hCoV-19_Australia_VIC1151_2020_EPI_ISL_430603)
Align target 427 (hCoV-19_England_BRIS-12A272_2020_EPI_ISL_458401_2020-04-16)
Align target 428 (hCoV-19_Switzerland_100795_2020_EPI_ISL_451745_2020-03-25)
Align target 429 (hCoV-19_Northern_Ireland_NIRE-101FA7_2020_EPI_ISL_453482_2020-03-23)
Align target 430 (hCoV-19_England_NORT-289823_2020_EPI_ISL_458656_2020-04-01)
Align target 431 (hCoV-19_Scotland_CVR350_2020_EPI_ISL_439059_2020-03-21)
Align target 432 (hCoV-19_USA_MI-MDHHS-SC20291_2020_EPI_ISL_447088_2020-04-03)
Align target 433 (hCoV-19_USA_NY-NYUMC594_2020_EPI_ISL_444711_2020-04-02)
Align target 434 (hCoV-19_Wuhan_HB-WH3-177_2020_EPI_ISL_455377_2020-03-03)
Align target 435 (hCoV-19_England_20172055004_2020_EPI_ISL_465359_2020-04-20)
Align target 436 (hCoV-19_England_NORW-E8A2E_2020_EPI_ISL_448265_2020-04-12)
Align target 437 (hCoV-19_England_CAMB-7759C_2020_EPI_ISL_439468_2020-03-31)
Align target 438 (hCoV-19_England_SHEF-CB62D_2020_EPI_ISL_448877_2020-04-16)
Align target 439 (hCoV-19_England_201180370_2020_EPI_ISL_464904_2020-03-13)
Align target 440 (hCoV-19_England_LOND-D524A_2020_EPI_ISL_449693_2020-04-15)
Align target 441 (hCoV-19_Taiwan_TSGH-09_2020_EPI_ISL_427396)
Align target 442 (hCoV-19_England_CAMB-71E3D_2020_EPI_ISL_439652_2020-03-29)
Align target 443 (hCoV-19_Austria_CeMM0216_2020_EPI_ISL_438050_2020-03-16)
Align target 444 (hCoV-19_Switzerland_120198_2020_EPI_ISL_468272_2020-04-28)
Align target 445 (hCoV-19_South_Africa_KRISP-0167_2020_EPI_ISL_467517_2020-06-02)
Align target 446 (hCoV-19_England_20132080604_2020_EPI_ISL_423807)
Align target 447 (hCoV-19_England_20118051204_2020_EPI_ISL_464925_2020-03-13)
Align target 448 (hCoV-19_Sweden_20-14090_2020_EPI_ISL_450828_2020-04-28)
Align target 449 (hCoV-19_USA_WI-144_2020_EPI_ISL_427451)
Align target 450 (hCoV-19_England_20149004104_2020_EPI_ISL_466099_2020-04-02)
Align target 451 (hCoV-19_Hangzhou_HZCDC0048L_2020_EPI_ISL_421232)
Align target 452 (hCoV-19_England_CAMB-80D01_2020_EPI_ISL_443013_2020-04-10)
Align target 453 (hCoV-19_Scotland_GCVR-170978_2020_EPI_ISL_459661_2020-03-25)
Align target 454 (hCoV-19_England_CAMB-792FD_2020_EPI_ISL_441822_2020-04-03)
Align target 455 (hCoV-19_Iceland_4_2020_EPI_ISL_417845)
Align target 456 (hCoV-19_Fujian_IM3520008T_2020_EPI_ISL_431779_2020-03-21)
Align target 457 (hCoV-19_Australia_NT28_2020_EPI_ISL_430631)
Align target 458 (hCoV-19_England_CAMB-80B52_2020_EPI_ISL_443046_2020-04-11)
Align target 459 (hCoV-19_Portugal_PT0132_2020_EPI_ISL_453848_2020-03-25)
Align target 460 (hCoV-19_Wales_PHWC-26ACA_2020_EPI_ISL_422216)
Align target 461 (hCoV-19_USA_MI-MDHHS-SC20161_2020_EPI_ISL_436823_2020-03-18)
Align target 462 (hCoV-19_England_20180026004_2020_EPI_ISL_465433_2020-04-27)
Align target 463 (hCoV-19_Japan_TY-WK-012_2020_EPI_ISL_408665)
Align target 464 (hCoV-19_USA_NY-NYUMC810_2020_EPI_ISL_456046_2020-03-25)
Align target 465 (hCoV-19_Austria_CeMM0018_2020_EPI_ISL_419671)
Align target 466 (hCoV-19_England_20102000402_2020_EPI_ISL_464260_2020-03-01)
Align target 467 (hCoV-19_England_BRIS-1290C4_2020_EPI_ISL_458858_2020-04-19)
Align target 468 (hCoV-19_Netherlands_Zeeland_34_2020_EPI_ISL_461273_2020-04-26)
Align target 469 (hCoV-19_England_SHEF-C77F1_2020_EPI_ISL_432849_2020-04-01)
Align target 470 (hCoV-19_Kenya_P1118_2020_EPI_ISL_457853_2020-04)
Align target 471 (hCoV-19_England_20126009204_2020_EPI_ISL_423883)
Align target 472 (hCoV-19_Israel_990059204_2020_EPI_ISL_447278_2020-03-25)
Align target 473 (hCoV-19_England_20119078604_2020_EPI_ISL_465108_2020-03-14)
Align target 474 (hCoV-19_England_201421465_2020_EPI_ISL_465968_2020-03-30)
Align target 475 (hCoV-19_Spain_Galicia201793_2020_EPI_ISL_455329_2020-03-09)
Align target 476 (hCoV-19_England_BRIS-129668_2020_EPI_ISL_458734_2020-03-30)
Align target 477 (hCoV-19_India_NCDC-02332_2020_EPI_ISL_435096_2020-03-29)
Align target 478 (hCoV-19_Australia_NSW522_2020_EPI_ISL_455062_2020-04-30)
Align target 479 (hCoV-19_Belgium_Rega-0330257_2020_EPI_ISL_458227_2020-03-30)
Align target 480 (hCoV-19_Belgium_TVMT-0404277_2020_EPI_ISL_464071_2020-04-04)
Align target 481 (hCoV-19_England_CAMB-76C6B_2020_EPI_ISL_438257_2020-03-30)
Align target 482 (hCoV-19_England_201360318_2020_EPI_ISL_423265)
Align target 483 (hCoV-19_Belgium_rega-0407282_2020_EPI_ISL_464076_2020-04-07)
Align target 484 (hCoV-19_Saudi_Arabia_KAUST-MADINAH272_2020_EPI_ISL_437753_2020-04-20)
Align target 485 (hCoV-19_Northern_Ireland_NIRE-1022F8_2020_EPI_ISL_441400_2020-03-23)
Align target 486 (hCoV-19_Sweden_20-50209_2020_EPI_ISL_455870_2020-03-06)
Align target 487 (hCoV-19_England_20124034002_2020_EPI_ISL_418709)
Align target 488 (hCoV-19_England_EXET-1350A7_2020_EPI_ISL_457029_2020-04-07)
Align target 489 (hCoV-19_USA_CT-Yale-233_2020_EPI_ISL_463166_2020-03-31)
Align target 490 (hCoV-19_Bosnia-and-Herzegovina_ChVir7346_2020_EPI_ISL_462453_2020-03-20)
Align target 491 (hCoV-19_England_20132079304_2020_EPI_ISL_423802)
Align target 492 (hCoV-19_England_NORW-E91CE_2020_EPI_ISL_453582_2020-04-27)
Align target 493 (hCoV-19_Australia_VIC80_2020_EPI_ISL_419792)
Align target 494 (hCoV-19_Belgium_Rega-0330253_2020_EPI_ISL_458223_2020-03-30)
Align target 495 (hCoV-19_USA_WA-UW-586_2020_EPI_ISL_430891_2020-03-12)
Align target 496 (hCoV-19_Denmark_ALAB-SSI157_2020_EPI_ISL_429373)
Align target 497 (hCoV-19_England_CAMB-835CA_2020_EPI_ISL_443394_2020-04-14)
Align target 498 (hCoV-19_Scotland_EDB1101_2020_EPI_ISL_433394_2020-04-07)
Align target 499 (hCoV-19_USA_LA-EVTL077_2020_EPI_ISL_451238_2020-05-08)
Align target 500 (hCoV-19_Portugal_PT0054_2020_EPI_ISL_421457)
Align target 501 (hCoV-19_Scotland_CVR140_2020_EPI_ISL_425684)
Align target 502 (hCoV-19_Australia_VIC120_2020_EPI_ISL_419722)
Align target 503 (hCoV-19_England_20144047604_2020_EPI_ISL_423542)
Align target 504 (hCoV-19_Canada_Qc-L00241349_2020_EPI_ISL_465703_2020-03-27)
Align target 505 (hCoV-19_USA_CT-Yale-131_2020_EPI_ISL_431094_2020-04-16)
Align target 506 (hCoV-19_England_201620091_2020_EPI_ISL_466406_2020-04-13)
Align target 507 (hCoV-19_England_NOTT-10EA03_2020_EPI_ISL_425626)
Align target 508 (hCoV-19_USA_MA-MGH-00557_2020_EPI_ISL_460380_2020-03-22)
Align target 509 (hCoV-19_Mexico_CDMX-InDRE_09_2020_EPI_ISL_455432_2020-03-11)
Align target 510 (hCoV-19_England_NORW-E9243_2020_EPI_ISL_453584_2020-04-26)
Align target 511 (hCoV-19_USA_WA-UW-3988_2020_EPI_ISL_427228)
Align target 512 (hCoV-19_Australia_WA09_2020_EPI_ISL_420538)
Align target 513 (hCoV-19_USA_VA-DCLS-0371_2020_EPI_ISL_463127_2020-05-08)
Align target 514 (hCoV-19_England_CAMB-7B677_2020_EPI_ISL_441055_2020-04-03)
Align target 515 (hCoV-19_USA_CA-CZB-1007_2020_EPI_ISL_436648_2020-04-02)
Align target 516 (hCoV-19_Australia_SAP286_2020_EPI_ISL_467998_2020-04-06)
Align target 517 (hCoV-19_England_CAMB-727AA_2020_EPI_ISL_439925_2020-03-23)
Align target 518 (hCoV-19_Russia_Buryatia-87105_2020_EPI_ISL_428920)
Align target 519 (hCoV-19_USA_CA-CZB-1022_2020_EPI_ISL_436663_2020-04-11)
Align target 520 (hCoV-19_USA_NY-NYUMC771_2020_EPI_ISL_456008_2020-03-27)
Align target 521 (hCoV-19_Luxembourg_LNS9455951_2020_EPI_ISL_429759)
Align target 522 (hCoV-19_Northern_Ireland_NIRE-FA79B_2020_EPI_ISL_441696_2020-03-30)
Align target 523 (hCoV-19_England_NOTT-110D32_2020_EPI_ISL_448411_2020-04-29)
Align target 524 (hCoV-19_England_CAMB-78B5D_2020_EPI_ISL_441846_2020-04-03)
Align target 525 (hCoV-19_England_BIRM-5ED84_2020_EPI_ISL_447941_2020-05-01)
Align target 526 (hCoV-19_Wales_PHWC-25F9F_2020_EPI_ISL_422118)
Align target 527 (hCoV-19_England_NORW-E6E8E_2020_EPI_ISL_448985_2020-04-18)
Align target 528 (hCoV-19_USA_TX-HMH0153_2020_EPI_ISL_434852_2020-03-22)
Align target 529 (hCoV-19_Scotland_CVR3456_2020_EPI_ISL_456859_2020-05-10)
Align target 530 (hCoV-19_England_CAMB-768C1_2020_EPI_ISL_438443_2020-03-30)
Align target 531 (hCoV-19_England_20118132204_2020_EPI_ISL_464965_2020-03-12)
Align target 532 (hCoV-19_Belgium_ULG-10189_2020_EPI_ISL_455977_2020-5-11)
Align target 533 (hCoV-19_England_SHEF-C2459_2020_EPI_ISL_462005_2020-05-20)
Align target 534 (hCoV-19_England_CAMB-1AE6C5_2020_EPI_ISL_459432_2020-04-29)
Align target 535 (hCoV-19_Netherlands_NA_388_2020_EPI_ISL_455190_2020)
Align target 536 (hCoV-19_England_BRIS-124B04_2020_EPI_ISL_443964_2020-03-26)
Align target 537 (hCoV-19_Wales_PHWC-277FF_2020_EPI_ISL_431922_2020-04-01)
Align target 538 (hCoV-19_Scotland_EDB4009_2020_EPI_ISL_456916_2020-04-14)
Align target 539 (hCoV-19_England_SHEF-CA3EB_2020_EPI_ISL_442360_2020-04-10)
Align target 540 (hCoV-19_India_S28_2020_EPI_ISL_455657_2020-04-30)
Align target 541 (hCoV-19_Wales_PHWC-264EA_2020_EPI_ISL_422325)
Align target 542 (hCoV-19_USA_NY-NYUMC458_2020_EPI_ISL_435524_2020-04-20)
Align target 543 (hCoV-19_England_CAMB-1AE63E_2020_EPI_ISL_459447_2020-04-27)
Align target 544 (hCoV-19_France_BFC6053_2020_EPI_ISL_443307_2020-04-09)
Align target 545 (hCoV-19_Beijing_BJ710_2020_EPI_ISL_430740)
Align target 546 (hCoV-19_Wales_PHWC-27100_2020_EPI_ISL_422237)
Align target 547 (hCoV-19_France_HF2595_2020_EPI_ISL_418237)
Align target 548 (hCoV-19_England_CAMB-82DE1_2020_EPI_ISL_443666_2020-04-13)
Align target 549 (hCoV-19_Australia_NSW99_2020_EPI_ISL_427777)
Align target 550 (hCoV-19_England_CAMB-1B2E4E_2020_EPI_ISL_456727_2020-05-19)
Align target 551 (hCoV-19_Spain_COV001423_2020_EPI_ISL_452478_2020-03-22)
Align target 552 (hCoV-19_USA_NY-SURV0240_2020_EPI_ISL_436059_2020-03-17)
Align target 553 (hCoV-19_USA_CruiseA-2_2020_EPI_ISL_413607)
Align target 554 (hCoV-19_USA_WA-UW-3964_2020_EPI_ISL_427222)
Align target 555 (hCoV-19_Bangladesh_DNAS_CPH_467_2020_EPI_ISL_445213_2020-04-28)
Align target 556 (hCoV-19_India_NIV-11681_2020_EPI_ISL_452195_2020-04-19)
Align target 557 (hCoV-19_Wales_PHWC-2A0E2_2020_EPI_ISL_432201_2020-04-04)
Align target 558 (hCoV-19_USA_AZ-TGEN-TG268417_2020_EPI_ISL_426508)
Align target 559 (hCoV-19_Switzerland_120169_2020_EPI_ISL_468247_2020-04-26)
Align target 560 (hCoV-19_England_BRIS-125B21_2020_EPI_ISL_443819_2020-03-30)
Align target 561 (hCoV-19_Denmark_ALAB-SSI-852_2020_EPI_ISL_444941_2020-03-29)
Align target 562 (hCoV-19_Portugal_PT0120_2020_EPI_ISL_453836_2020-03-25)
Align target 563 (hCoV-19_Wales_PHWC-31B8D_2020_EPI_ISL_446536_2020-04-09)
Align target 564 (hCoV-19_England_20150032804_2020_EPI_ISL_466225_2020-04-03)
Align target 565 (hCoV-19_France_50010DC_2020_EPI_ISL_447657_2020-03)
Align target 566 (hCoV-19_Wales_PHWC-31ABD_2020_EPI_ISL_446525_2020-04-11)
Align target 567 (hCoV-19_England_BRIS-129E33_2020_EPI_ISL_458305_2020-04-15)
Align target 568 (hCoV-19_Netherlands_NA_106_2020_EPI_ISL_422655)
Align target 569 (hCoV-19_England_OXON-AD6F4_2020_EPI_ISL_448590_2020)
Align target 570 (hCoV-19_Australia_NSW544_2020_EPI_ISL_455083_2020-04-06)
Align target 571 (hCoV-19_Belgium_ULG-10017_2020_EPI_ISL_421195)
Align target 572 (hCoV-19_Singapore_21_2020_EPI_ISL_419000)
hCoV-19_Singapore_21_2020_EPI_ISL_419000: Frameshift error (scores nt: 145799; codon: 137170)
Align target 573 (hCoV-19_USA_TX-HMH0358_2020_EPI_ISL_434951_2020-03-29)
Align target 574 (hCoV-19_USA_WA-S290_2020_EPI_ISL_430144)
Align target 575 (hCoV-19_England_20138081004_2020_EPI_ISL_421833)
Align target 576 (hCoV-19_Wales_PHWC-2C790_2020_EPI_ISL_445908_2020-03-31)
Align target 577 (hCoV-19_Belgium_ULG-10038_2020_EPI_ISL_427346)
Align target 578 (hCoV-19_Canada_BC_21008826_2020_EPI_ISL_462785_2020-03)
Align target 579 (hCoV-19_Guangdong_JM-S1-P0062_2020_EPI_ISL_413902)
Align target 580 (hCoV-19_USA_MA-MGH-00282_2020_EPI_ISL_460408_2020-04-01)
Align target 581 (hCoV-19_England_CAMB-1B0B94_2020_EPI_ISL_452947_2020-05-13)
Align target 582 (hCoV-19_England_NOTT-1109F2_2020_EPI_ISL_441884_2020-04-30)
Align target 583 (hCoV-19_England_20156033204_2020_EPI_ISL_466297_2020-04-08)
Align target 584 (hCoV-19_Denmark_ALAB-SSI374_2020_EPI_ISL_429479)
Align target 585 (hCoV-19_USA_MI-MDHHS-SC20120_2020_EPI_ISL_436810_2020-03-13)
Align target 586 (hCoV-19_USA_NY-NYUMC902_2020_EPI_ISL_467395_2020-04-26)
Align target 587 (hCoV-19_France_ARA12260_2020_EPI_ISL_419184)
Align target 588 (hCoV-19_England_NOTT-1116AF_2020_EPI_ISL_461907_2020-05-20)
Align target 589 (hCoV-19_England_20166000804_2020_EPI_ISL_466497_2020-04-15)
Align target 590 (hCoV-19_England_20126004604_2020_EPI_ISL_465796_2020-03-19)
Align target 591 (hCoV-19_France_10019LM_2020_EPI_ISL_447702_2020-03)
Align target 592 (hCoV-19_SouthAfrica_Tygerberg_25_2020_EPI_ISL_464136_2020-04-09)
Align target 593 (hCoV-19_Norway_1539_2020_EPI_ISL_417487)
Align target 594 (hCoV-19_Brazil_AP162966-IEC_2020_EPI_ISL_458142_2020-04-05)
Align target 595 (hCoV-19_Scotland_EDB781_2020_EPI_ISL_433242_2020-04-03)
Align target 596 (hCoV-19_Netherlands_NA_183_2020_EPI_ISL_422718)
Align target 597 (hCoV-19_England_CAMB-75EFD_2020_EPI_ISL_438477_2020-03-30)
Align target 598 (hCoV-19_Singapore_262_2020_EPI_ISL_462380_2020-04-14)
Align target 599 (hCoV-19_USA_VA-DCLS-0111_2020_EPI_ISL_434603_2020-04-08)
Align target 600 (hCoV-19_Singapore_38_2020_EPI_ISL_422431)
Align target 601 (hCoV-19_Wales_PHWC-2C5D2_2020_EPI_ISL_445881_2020-03-31)
Align target 602 (hCoV-19_England_CAMB-7AAB8_2020_EPI_ISL_433835_2020-04-07)
Align target 603 (hCoV-19_Wales_PHWC-2A598_2020_EPI_ISL_445587_2020-04-05)
Align target 604 (hCoV-19_USA_CA-SR0376_2020_EPI_ISL_458258_2020-04-13)
Align target 605 (hCoV-19_USA_FL-BPHL-0077_2020_EPI_ISL_445020_2020-04-29)
Align target 606 (hCoV-19_Australia_QLDID923_2020_EPI_ISL_418801)
Align target 607 (hCoV-19_England_201360134_2020_EPI_ISL_423222)
Align target 608 (hCoV-19_Thailand_Nonthaburi_363_2020_EPI_ISL_447917_2020-01-29)
Align target 609 (hCoV-19_England_LIVE-9D6E8_2020_EPI_ISL_453228_2020-04-11)
Align target 610 (hCoV-19_England_LIVE-9A27E_2020_EPI_ISL_439862_2020-04-18)
Align target 611 (hCoV-19_England_BRIS-12A755_2020_EPI_ISL_458431_2020-05-01)
Align target 612 (hCoV-19_USA_TX-HMH0426_2020_EPI_ISL_435009_2020-04-01)
Align target 613 (hCoV-19_Portugal_PT0286a_2020_EPI_ISL_454001_2020-03-09)
Align target 614 (hCoV-19_Netherlands_Utrecht_38_2020_EPI_ISL_461236_2020-04-12)
Align target 615 (hCoV-19_New_Zealand_20VR1769_2020_EPI_ISL_456241_2020-03-28)
Align target 616 (hCoV-19_Brunei_5_2020_EPI_ISL_435677_2020-03-21)
Align target 617 (hCoV-19_England_CAMB-84B5E_2020_EPI_ISL_440551_2020-03-11)
Align target 618 (hCoV-19_England_CAMB-7CDAE_2020_EPI_ISL_441644_2020-04-05)
Align target 619 (hCoV-19_USA_MN2-MDH2_2020_EPI_ISL_414589)
Align target 620 (hCoV-19_England_CAMB-82701_2020_EPI_ISL_443586_2020-04-14)
Align target 621 (hCoV-19_Australia_VIC636_2020_EPI_ISL_426877)
Align target 622 (hCoV-19_England_EXET-135EDA_2020_EPI_ISL_457179_2020-04-10)
Align target 623 (hCoV-19_England_CAMB-76E65_2020_EPI_ISL_439389_2020-04-01)
Align target 624 (hCoV-19_England_CAMB-7C737_2020_EPI_ISL_442214_2020-04-04)
Align target 625 (hCoV-19_Spain_COV000887_2020_EPI_ISL_452675_2020-03-25)
Align target 626 (hCoV-19_Netherlands_NA_94_2020_EPI_ISL_422854)
Align target 627 (hCoV-19_England_CAMB-78E45_2020_EPI_ISL_441280_2020-04-02)
Align target 628 (hCoV-19_USA_MN-MDH-1028_2020_EPI_ISL_462873_2020-05-07)
Align target 629 (hCoV-19_Iceland_201_2020_EPI_ISL_417824)
Align target 630 (hCoV-19_Canada_ON-UHTC_0051_2020_EPI_ISL_464063_2020-04-03)
Align target 631 (hCoV-19_Portugal_PT0215_2020_EPI_ISL_453929_2020-03-30)
Align target 632 (hCoV-19_England_NOTT-111A2B_2020_EPI_ISL_461952_2020-05-28)
Align target 633 (hCoV-19_Belgium_VPE-030650_2020_EPI_ISL_418805)
Align target 634 (hCoV-19_Spain_Melilla202020_2020_EPI_ISL_455344_2020-03-11)
Align target 635 (hCoV-19_Spain_Valencia288_2020_EPI_ISL_436383_2020-03-17)
Align target 636 (hCoV-19_USA_AZ-TGEN-TG271884_2020_EPI_ISL_426545)
Align target 637 (hCoV-19_Netherlands_Tilburg_1364286_2020_EPI_ISL_413587)
Align target 638 (hCoV-19_Wales_PHWC-2B7FB_2020_EPI_ISL_445764_2020-04-07)
Align target 639 (hCoV-19_USA_LA-EVTL085_2020_EPI_ISL_451246_2020-05-04)
Align target 640 (hCoV-19_Netherlands_Gelderland_152_2020_EPI_ISL_460912_2020-05-22)
Align target 641 (hCoV-19_Spain_COV002042_2020_EPI_ISL_452384_2020-03-16)
Align target 642 (hCoV-19_Scotland_EDB501_2020_EPI_ISL_426008)
Align target 643 (hCoV-19_Spain_COV000883_2020_EPI_ISL_452676_2020-03-25)
Align target 644 (hCoV-19_USA_MI-MDHHS-SC20336_2020_EPI_ISL_450615_2020-03-24)
Align target 645 (hCoV-19_England_20122034904_2020_EPI_ISL_465755_2020-03-15)
Align target 646 (hCoV-19_England_NORT-288F4D_2020_EPI_ISL_458619_2020-03-24)
Align target 647 (hCoV-19_USA_MI-MDHHS-SC20629_2020_EPI_ISL_462711_2020-04-17)
Align target 648 (hCoV-19_Scotland_EDB607_2020_EPI_ISL_433214_2020-04-01)
Align target 649 (hCoV-19_Shanghai_SH0073_2020_EPI_ISL_416376)
Align target 650 (hCoV-19_Netherlands_Limburg_28_2020_EPI_ISL_461016_2020-04-22)
Align target 651 (hCoV-19_Scotland_GCVR-17050B_2020_EPI_ISL_459667_2020-03-23)
Align target 652 (hCoV-19_England_NORT-2897DB_2020_EPI_ISL_458714_2020-04-01)
Align target 653 (hCoV-19_Scotland_EDB948_2020_EPI_ISL_457022_2020-04-05)
Align target 654 (hCoV-19_Spain_Valencia166_2020_EPI_ISL_436261_2020-03-19)
Align target 655 (hCoV-19_England_CAMB-7C782_2020_EPI_ISL_442103_2020-04-05)
Align target 656 (hCoV-19_Wales_PHWC-251B7_2020_EPI_ISL_420976)
Align target 657 (hCoV-19_USA_WA-S551_2020_EPI_ISL_434311_2020-03-24)
Align target 658 (hCoV-19_Iceland_204_2020_EPI_ISL_417826)
Align target 659 (hCoV-19_Spain_Valencia306_2020_EPI_ISL_436401_2020-03-22)
Align target 660 (hCoV-19_Scotland_CVR85_2020_EPI_ISL_425812)
Align target 661 (hCoV-19_USA_VA_6352_2020_EPI_ISL_424891)
Align target 662 (hCoV-19_USA_CA-SCCPHD-UC103_2020_EPI_ISL_435582_2020-02-28)
Align target 663 (hCoV-19_England_201390494_2020_EPI_ISL_465850_2020-03-23)
Align target 664 (hCoV-19_Wales_PHWC-2A1D0_2020_EPI_ISL_445537_2020-04-03)
Align target 665 (hCoV-19_Scotland_GCVR-170486_2020_EPI_ISL_459506_2020-03-23)
Align target 666 (hCoV-19_Australia_VIC130_2020_EPI_ISL_419823)
Align target 667 (hCoV-19_USA_WA-UW151_2020_EPI_ISL_416689)
Align target 668 (hCoV-19_USA_UT-0367_2020_EPI_ISL_435355_2020-03-28)
Align target 669 (hCoV-19_USA_CT-Yale-145_2020_EPI_ISL_435715_2020-03-21)
Align target 670 (hCoV-19_Wales_PHWC-2516C_2020_EPI_ISL_420974)
Align target 671 (hCoV-19_Austria_CeMM0100_2020_EPI_ISL_437961_2020-03-20)
Align target 672 (hCoV-19_England_CAMB-72546_2020_EPI_ISL_439541_2020-03-23)
Align target 673 (hCoV-19_England_20120007504_2020_EPI_ISL_465145_2020-03-15)
Align target 674 (hCoV-19_USA_NM-UNM-00152_2020_EPI_ISL_467573_2020-04-03)
Align target 675 (hCoV-19_USA_MA-MGH-00521_2020_EPI_ISL_460224_2020-03-16)
Align target 676 (hCoV-19_England_SHEF-CB951_2020_EPI_ISL_442394_2020-04-12)
Align target 677 (hCoV-19_India_S10_2020_EPI_ISL_437538_2020-04-05)
Align target 678 (hCoV-19_Canada_QC_AS4_2020_EPI_ISL_463936_2020-04-02)
Align target 679 (hCoV-19_USA_WA-S147_2020_EPI_ISL_430184)
Align target 680 (hCoV-19_England_20149054304_2020_EPI_ISL_466215_2020-04-04)
Align target 681 (hCoV-19_England_201580003_2020_EPI_ISL_466345_2020-04-09)
Align target 682 (hCoV-19_Scotland_EDB5244_2020_EPI_ISL_456991_2020-05-20)
Align target 683 (hCoV-19_Belgium_SG-0328314_2020_EPI_ISL_462168_2020-03-28)
Align target 684 (hCoV-19_England_SHEF-C6C5D_2020_EPI_ISL_442000_2020-04-09)
Align target 685 (hCoV-19_Australia_SAP293_2020_EPI_ISL_468034_2020-03-25)
Align target 686 (hCoV-19_Sweden_20-50242_2020_EPI_ISL_455883_2020-03-07)
Align target 687 (hCoV-19_Scotland_EDB5390_2020_EPI_ISL_461737_2020-04-02)
Align target 688 (hCoV-19_England_EXET-136264_2020_EPI_ISL_457213_2020-04-13)
Align target 689 (hCoV-19_Scotland_EDB3872_2020_EPI_ISL_439350_2020-05-01)
Align target 690 (hCoV-19_England_20144022404_2020_EPI_ISL_423519)
Align target 691 (hCoV-19_Australia_NSW196_2020_EPI_ISL_427806)
Align target 692 (hCoV-19_Wuhan_HB-WH5-237_2020_EPI_ISL_454978_2020-03-14)
Align target 693 (hCoV-19_Wales_PHWC-31EA2_2020_EPI_ISL_446579_2020-04-07)
Align target 694 (hCoV-19_Northern_Ireland_NIRE-FB3B4_2020_EPI_ISL_441416_2020-03-24)
Align target 695 (hCoV-19_Bangladesh_BCSIR_NILMRC_006_2020_EPI_ISL_455458_2020-05-21)
Align target 696 (hCoV-19_England_20108165204_2020_EPI_ISL_452253_2020-03-05)
Align target 697 (hCoV-19_England_NORW-E8E13_2020_EPI_ISL_453559_2020-04-25)
Align target 698 (hCoV-19_England_BRIS-126276_2020_EPI_ISL_459053_2020-04-10)
Align target 699 (hCoV-19_USA_WI-UW-278_2020_EPI_ISL_436572_2020-04-03)
Align target 700 (hCoV-19_USA_TX-HMH0194_2020_EPI_ISL_434869_2020-03-23)
Align target 701 (hCoV-19_Portugal_PT0368_2020_EPI_ISL_454084_2020-03-19)
Align target 702 (hCoV-19_England_SHEF-CA363_2020_EPI_ISL_442359_2020-04-02)
Align target 703 (hCoV-19_Australia_VIC549_2020_EPI_ISL_426812)
Align target 704 (hCoV-19_England_NOTT-10E766_2020_EPI_ISL_425589)
Align target 705 (hCoV-19_England_CAMB-83490_2020_EPI_ISL_443424_2020-04-15)
Align target 706 (hCoV-19_England_201160912_2020_EPI_ISL_464807_2020-03-09)
Align target 707 (hCoV-19_England_20149045004_2020_EPI_ISL_466200_2020-04-03)
Align target 708 (hCoV-19_Canada_ON_PHL3877_2020_EPI_ISL_418339)
Align target 709 (hCoV-19_England_CAMB-1B2F96_2020_EPI_ISL_456740_2020-05-22)
Align target 710 (hCoV-19_England_201420105_2020_EPI_ISL_465916_2020-03-30)
Align target 711 (hCoV-19_Wales_PHWC-2491A_2020_EPI_ISL_419457)
Align target 712 (hCoV-19_England_201420223_2020_EPI_ISL_465933_2020-03-30)
Align target 713 (hCoV-19_England_SHEF-C5D6A_2020_EPI_ISL_432811_2020-03-24)
Align target 714 (hCoV-19_USA_NM-UNM-00074_2020_EPI_ISL_467533_2020-03-24)
Align target 715 (hCoV-19_Vietnam_19-02S_2020_EPI_ISL_418267)
Align target 716 (hCoV-19_Wales_PHWC-345B9_2020_EPI_ISL_446944_2020-04-18)
Align target 717 (hCoV-19_Australia_VIC1197_2020_EPI_ISL_430506)
Align target 718 (hCoV-19_Scotland_EDB3558_2020_EPI_ISL_439285_2020-04-14)
Align target 719 (hCoV-19_England_20146011404_2020_EPI_ISL_466028_2020-04-01)
Align target 720 (hCoV-19_England_BRIS-124E38_2020_EPI_ISL_444008_2020-03-26)
Align target 721 (hCoV-19_Wuhan_WIV04_2019_EPI_ISL_402124)
Align target 722 (hCoV-19_Scotland_EDB1310_2020_EPI_ISL_456893_2020-04-09)
Align target 723 (hCoV-19_England_20126000304_2020_EPI_ISL_423860)
Align target 724 (hCoV-19_Greece_220_35357_2020_EPI_ISL_437887_2020-03-18)
Align target 725 (hCoV-19_England_CAMB-788FC_2020_EPI_ISL_433790_2020-04-07)
Align target 726 (hCoV-19_Switzerland_101137_2020_EPI_ISL_451804_2020-03-30)
Align target 727 (hCoV-19_Oman_205028718_2020_EPI_ISL_457702_2020-04-12)
Align target 728 (hCoV-19_Scotland_CVR3071_2020_EPI_ISL_461655_2020-04-24)
Align target 729 (hCoV-19_Netherlands_NA_490_2020_EPI_ISL_460663_2020-04-05)
Align target 730 (hCoV-19_Iceland_420_2020_EPI_ISL_424444)
Align target 731 (hCoV-19_Hangzhou_ZJU-010_2020_EPI_ISL_418990)
Align target 732 (hCoV-19_England_CAMB-836A9_2020_EPI_ISL_443523_2020-04-14)
Align target 733 (hCoV-19_USA_MA-MGH-00506_2020_EPI_ISL_460376_2020-03-28)
Align target 734 (hCoV-19_England_LOND-D3BE7_2020_EPI_ISL_449639_2020-04-04)
Align target 735 (hCoV-19_England_CAMB-7D147_2020_EPI_ISL_442289_2020-04-06)
Align target 736 (hCoV-19_Singapore_101_2020_EPI_ISL_443193_2020-03-16)
Align target 737 (hCoV-19_England_20124013104_2020_EPI_ISL_465787_2020-03-17)
Align target 738 (hCoV-19_Scotland_CVR2281_2020_EPI_ISL_438886_2020-04-12)
Align target 739 (hCoV-19_Scotland_EDB1523_2020_EPI_ISL_433070_2020-04-14)
Align target 740 (hCoV-19_England_201160962_2020_EPI_ISL_464810_2020-03-09)
Align target 741 (hCoV-19_Belgium_ULG-10050_2020_EPI_ISL_424659)
Align target 742 (hCoV-19_Iceland_7_2020_EPI_ISL_417740)
Align target 743 (hCoV-19_Scotland_EDB3058_2020_EPI_ISL_456910_2020-04-04)
Align target 744 (hCoV-19_USA_WA-UW230_2020_EPI_ISL_417379)
Align target 745 (hCoV-19_England_20126095704_2020_EPI_ISL_423904)
Align target 746 (hCoV-19_England_CAMB-73AEC_2020_EPI_ISL_425278)
Align target 747 (hCoV-19_Netherlands_NA_210_2020_EPI_ISL_422745)
Align target 748 (hCoV-19_Canada_QC_AQ1_2020_EPI_ISL_463927_2020-04-02)
Align target 749 (hCoV-19_Wales_PHWC-2F33F_2020_EPI_ISL_446235_2020-04-06)
Align target 750 (hCoV-19_USA_MA-MGH-00240_2020_EPI_ISL_460405_2020-04-04)
Align target 751 (hCoV-19_England_NORW-EBAD0_2020_EPI_ISL_457475_2020-05-06)
Align target 752 (hCoV-19_Northern_Ireland_NIRE-1023D7_2020_EPI_ISL_441410_2020-03-10)
Align target 753 (hCoV-19_England_20126104304_2020_EPI_ISL_423914)
Align target 754 (hCoV-19_USA_CA-SCCPHD-UC189_2020_EPI_ISL_435668_2020-03-20)
Align target 755 (hCoV-19_USA_WA-UW-1744_2020_EPI_ISL_424223)
Align target 756 (hCoV-19_Scotland_EDB2098_2020_EPI_ISL_433196_2020-04-19)
Align target 757 (hCoV-19_England_CAMB-78DA2_2020_EPI_ISL_441252_2020-04-03)
Align target 758 (hCoV-19_England_NORW-E7360_2020_EPI_ISL_449027_2020-04-20)
Align target 759 (hCoV-19_Scotland_EDB068_2020_EPI_ISL_425867)
Align target 760 (hCoV-19_England_BRIS-1235BC_2020_EPI_ISL_442641_2020-04-05)
Align target 761 (hCoV-19_England_BRIS-12323D_2020_EPI_ISL_442744_2020-04-05)
Align target 762 (hCoV-19_Scotland_CVR2997_2020_EPI_ISL_461614_2020-04-23)
Align target 763 (hCoV-19_England_BRIS-124C10_2020_EPI_ISL_443797_2020-03-25)
Align target 764 (hCoV-19_USA_MN-MDH-585_2020_EPI_ISL_437382_2020-04-14)
Align target 765 (hCoV-19_Wales_PHWC-2467D_2020_EPI_ISL_419436)
Align target 766 (hCoV-19_Scotland_EDB4802_2020_EPI_ISL_453153_2020-05-12)
Align target 767 (hCoV-19_England_SHEF-C67C5_2020_EPI_ISL_432826_2020-04-06)
Align target 768 (hCoV-19_Australia_VIC1727_2020_EPI_ISL_456627_2020-05-23)
Align target 769 (hCoV-19_England_CAMB-1B1E21_2020_EPI_ISL_458524_2020-05-09)
Align target 770 (hCoV-19_Austria_CeMM0357_2020_EPI_ISL_438120_2020-03-19)
Align target 771 (hCoV-19_USA_WA-S558_2020_EPI_ISL_434318_2020-03-30)
Align target 772 (hCoV-19_England_CAMB-71CBB_2020_EPI_ISL_439947_2020-03-30)
Align target 773 (hCoV-19_USA_UT-01693_2020_EPI_ISL_454714_2020-04-13)
Align target 774 (hCoV-19_Wales_PHWC-2B922_2020_EPI_ISL_445782_2020-04)
Align target 775 (hCoV-19_Scotland_EDB2534_2020_EPI_ISL_439225_2020-04-24)
Align target 776 (hCoV-19_USA_UT-0886_2020_EPI_ISL_435387_2020-04-06)
Align target 777 (hCoV-19_Luxembourg_LNS5723911_2020_EPI_ISL_429765)
Align target 778 (hCoV-19_England_NORT-2891A0_2020_EPI_ISL_458601_2020-03-28)
Align target 779 (hCoV-19_Canada_BC_05740462_2020_EPI_ISL_466789_2020-04)
Align target 780 (hCoV-19_USA_TX-HMH0202_2020_EPI_ISL_434877_2020-03-24)
Align target 781 (hCoV-19_Australia_VIC1015_2020_EPI_ISL_430559)
Align target 782 (hCoV-19_Wales_PHWC-25E56_2020_EPI_ISL_422307)
Align target 783 (hCoV-19_India_CCMB_K771_2020_EPI_ISL_447859_2020-04-15)
Align target 784 (hCoV-19_England_LOND-D44FA_2020_EPI_ISL_444131_2020-04-08)
Align target 785 (hCoV-19_USA_LA-EVTL040_2020_EPI_ISL_435578_2020-04-24)
Align target 786 (hCoV-19_Belgium_UGent-28_2020_EPI_ISL_434347_2020-03-26)
Align target 787 (hCoV-19_Iceland_143_2020_EPI_ISL_417794)
Align target 788 (hCoV-19_England_OXON-AE471_2020_EPI_ISL_448692_2020)
Align target 789 (hCoV-19_England_20129114604_2020_EPI_ISL_424097)
Align target 790 (hCoV-19_Spain_Madrid_LP28_2522_2020_EPI_ISL_435144_2020-03-11)
Align target 791 (hCoV-19_England_SHEF-C2E4C_2020_EPI_ISL_441936_2020-04-08)
Align target 792 (hCoV-19_England_CAMB-7AD37_2020_EPI_ISL_433869_2020-04-08)
Align target 793 (hCoV-19_DK_ALAB-SSI-138_2020_EPI_ISL_437650_2020-03-08)
Align target 794 (hCoV-19_Italy_BS-12256-29Feb_2020_EPI_ISL_460084_2020-02-29)
Align target 795 (hCoV-19_Spain_COV001120_2020_EPI_ISL_452581_2020-03-28)
Align target 796 (hCoV-19_Denmark_ALAB-SSI189_2020_EPI_ISL_429392)
Align target 797 (hCoV-19_Netherlands_Gelderland_84_2020_EPI_ISL_460983_2020-05-19)
Align target 798 (hCoV-19_Belgium_ULG-10134_2020_EPI_ISL_427379)
Align target 799 (hCoV-19_Australia_VIC522_2020_EPI_ISL_426790)
Align target 800 (hCoV-19_England_CAMB-71D03_2020_EPI_ISL_439532_2020-03-30)
Align target 801 (hCoV-19_Scotland_CVR1272_2020_EPI_ISL_433530_2020-03-31)
Align target 802 (hCoV-19_England_CAMB-82033_2020_EPI_ISL_438611_2020)
Align target 803 (hCoV-19_England_SHEF-D29B1_2020_EPI_ISL_432656_2020-03-30)
Align target 804 (hCoV-19_DRC_2529_2020_EPI_ISL_437338_2020-04-15)
Align target 805 (hCoV-19_England_20132100204_2020_EPI_ISL_423833)
Align target 806 (hCoV-19_Scotland_GCVR-171018_2020_EPI_ISL_459540_2020-03-27)
Align target 807 (hCoV-19_England_CAMB-7BF12_2020_EPI_ISL_442814_2020-04-04)
Align target 808 (hCoV-19_Austria_CeMM0112_2020_EPI_ISL_437970_2020-03-17)
Align target 809 (hCoV-19_USA_CT-UW-4372_2020_EPI_ISL_426056)
Align target 810 (hCoV-19_England_NORT-289735_2020_EPI_ISL_458624_2020-03-31)
Align target 811 (hCoV-19_Israel_990059231_2020_EPI_ISL_447275_2020-03-25)
Align target 812 (hCoV-19_England_20139065604_2020_EPI_ISL_423355)
Align target 813 (hCoV-19_Kazakhstan_16537_2020_EPI_ISL_454499_2020-04-16)
Align target 814 (hCoV-19_Netherlands_NoordBrabant_101_2020_EPI_ISL_422860)
Align target 815 (hCoV-19_Spain_COV001211_2020_EPI_ISL_452560_2020-03-24)
Align target 816 (hCoV-19_USA_WA-UW252_2020_EPI_ISL_418037)
Align target 817 (hCoV-19_Scotland_CVR1350_2020_EPI_ISL_453007_2020-04-01)
Align target 818 (hCoV-19_Australia_VIC732_2020_EPI_ISL_427011)
Align target 819 (hCoV-19_Chile_Temuco_14_2020_EPI_ISL_445348_2020-03-25)
Align target 820 (hCoV-19_England_NORT-28910A_2020_EPI_ISL_458686_2020-03-27)
Align target 821 (hCoV-19_Scotland_CVR3182_2020_EPI_ISL_449207_2020-04-27)
Align target 822 (hCoV-19_USA_NY-NYUMC297_2020_EPI_ISL_430324)
Align target 823 (hCoV-19_USA_TX-HMH0376_2020_EPI_ISL_434965_2020-03-30)
Align target 824 (hCoV-19_USA_SC_3520_2020_EPI_ISL_424902)
Align target 825 (hCoV-19_USA_TX-HMH0200_2020_EPI_ISL_434875_2020-03-24)
Align target 826 (hCoV-19_England_SHEF-CC5E3_2020_EPI_ISL_442412_2020-04-03)
Align target 827 (hCoV-19_Thailand_Nonthaburi_68_2020_EPI_ISL_447910_2020-01-15)
Align target 828 (hCoV-19_USA_UT-0540_2020_EPI_ISL_435373_2020-04-02)
Align target 829 (hCoV-19_USA_NY-PV09039_2020_EPI_ISL_421604)
Align target 830 (hCoV-19_England_CAMB-762D2_2020_EPI_ISL_438362_2020-03-28)
Align target 831 (hCoV-19_Germany_BAV-MVP0019_2020_EPI_ISL_437219_2020-04-02)
Align target 832 (hCoV-19_Australia_NSW342_2020_EPI_ISL_451604_2020-03-29)
Align target 833 (hCoV-19_England_CAMB-7284D_2020_EPI_ISL_439591_2020-03-23)
Align target 834 (hCoV-19_USA_MI-MDHHS-SC20054_2020_EPI_ISL_437141_2020-03-21)
Align target 835 (hCoV-19_Australia_VIC443_2020_EPI_ISL_426740)
Align target 836 (hCoV-19_Wales_PHWC-2C7FA_2020_EPI_ISL_445914_2020-03-31)
Align target 837 (hCoV-19_Spain_COV001438_2020_EPI_ISL_467108_2020-03-17)
Align target 838 (hCoV-19_England_NOTT-111618_2020_EPI_ISL_461900_2020-05-19)
Align target 839 (hCoV-19_Netherlands_Gelderland_145_2020_EPI_ISL_460905_2020-05-22)
Align target 840 (hCoV-19_England_BIRM-5EF06_2020_EPI_ISL_456664_2020)
Align target 841 (hCoV-19_England_20134001304_2020_EPI_ISL_423048)
Align target 842 (hCoV-19_England_SHEF-C764F_2020_EPI_ISL_432843_2020-03-27)
Align target 843 (hCoV-19_Netherlands_Utrecht_10030_2020_EPI_ISL_454779_2020-04-04)
Align target 844 (hCoV-19_Netherlands_ZuidHolland_175_2020_EPI_ISL_461347_2020-04-17)
Align target 845 (hCoV-19_Portugal_PT0518_2020_EPI_ISL_454242_2020-03-21)
Align target 846 (hCoV-19_USA_FL-BPHL-055_2020_EPI_ISL_436559_2020-04-21)
Align target 847 (hCoV-19_England_BRIS-122A45_2020_EPI_ISL_440654_2020-04-03)
Align target 848 (hCoV-19_England_BRIS-121F47_2020_EPI_ISL_439979_2020-03-19)
Align target 849 (hCoV-19_Australia_VIC354_2020_EPI_ISL_426662)
Align target 850 (hCoV-19_England_EXET-136B96_2020_EPI_ISL_457253_2020-05-03)
Align target 851 (hCoV-19_Ireland_COR-20134_2020_EPI_ISL_414487)
Align target 852 (hCoV-19_Wales_PHWC-342FE_2020_EPI_ISL_446901_2020-04-14)
Align target 853 (hCoV-19_Scotland_CVR1957_2020_EPI_ISL_438862_2020-04-08)
Align target 854 (hCoV-19_Portugal_PT0618_2020_EPI_ISL_454341_2020-03-17)
Align target 855 (hCoV-19_Spain_Valencia218_2020_EPI_ISL_436313_2020-03-25)
Align target 856 (hCoV-19_Canada_BC_19421714_2020_EPI_ISL_462761_2020-03)
Align target 857 (hCoV-19_England_CAMB-73150_2020_EPI_ISL_440177_2020-03-21)
Align target 858 (hCoV-19_Austria_CeMM0192_2020_EPI_ISL_438033_2020-03-13)
Align target 859 (hCoV-19_Scotland_EDB2468_2020_EPI_ISL_439218_2020-04-23)
Align target 860 (hCoV-19_Russia_StPetersburg_RII4726S_2020_EPI_ISL_427334)
Align target 861 (hCoV-19_Switzerland_120019_2020_EPI_ISL_468216_2020-04-17)
Align target 862 (hCoV-19_England_CAMB-82859_2020_EPI_ISL_443576_2020-04-14)
Align target 863 (hCoV-19_England_20170048704_2020_EPI_ISL_465303_2020-04-20)
Align target 864 (hCoV-19_England_201141047_2020_EPI_ISL_464742_2020-03-10)
Align target 865 (hCoV-19_England_CAMB-7A7B1_2020_EPI_ISL_441242_2020-04-03)
Align target 866 (hCoV-19_Portugal_PT0138_2020_EPI_ISL_453854_2020-03-27)
Align target 867 (hCoV-19_England_CAMB-7EF00_2020_EPI_ISL_443023_2020-04-08)
Align target 868 (hCoV-19_England_CAMB-731D8_2020_EPI_ISL_440143_2020-03-21)
Align target 869 (hCoV-19_USA_CT-Yale-236_2020_EPI_ISL_463168_2020-04-01)
Align target 870 (hCoV-19_Canada_ON_PHL8458_2020_EPI_ISL_418372)
Align target 871 (hCoV-19_England_CAMB-1AC0C9_2020_EPI_ISL_444370_2020-04-28)
Align target 872 (hCoV-19_England_OXON-AD0F6_2020_EPI_ISL_448563_2020)
Align target 873 (hCoV-19_Turkey_HSGM-5770_2020_EPI_ISL_428718)
Align target 874 (hCoV-19_England_201420843_2020_EPI_ISL_465947_2020-03-30)
Align target 875 (hCoV-19_England_201580301_2020_EPI_ISL_466368_2020-04-10)
Align target 876 (hCoV-19_Sweden_20-06805_2020_EPI_ISL_445227_2020-04-01)
Align target 877 (hCoV-19_USA_UT-00303_2020_EPI_ISL_449802_2020-03-26)
Align target 878 (hCoV-19_USA_NM-UNM-00153_2020_EPI_ISL_467574_2020-04-03)
Align target 879 (hCoV-19_USA_WA-S636_2020_EPI_ISL_438189_2020-04-17)
Align target 880 (hCoV-19_Portugal_PT0014_2020_EPI_ISL_417999)
Align target 881 (hCoV-19_England_20142012304_2020_EPI_ISL_423428)
Align target 882 (hCoV-19_Belgium_Rega-0328199_2020_EPI_ISL_458169_2020-03-28)
Align target 883 (hCoV-19_Bosnia-and-Herzegovina_ChVir7362_2020_EPI_ISL_462465_2020-03-25)
Align target 884 (hCoV-19_England_SHEF-C722D_2020_EPI_ISL_448861_2020-04-16)
Align target 885 (hCoV-19_England_EXET-135599_2020_EPI_ISL_457072_2020-04-12)
Align target 886 (hCoV-19_Wales_PHWC-288A0_2020_EPI_ISL_432092_2020-04-01)
Align target 887 (hCoV-19_Egypt_CUNCI-HGC002_2020_EPI_ISL_468045_2020-05-02)
Align target 888 (hCoV-19_England_CAMB-1AD189_2020_EPI_ISL_447973_2020-04-29)
Align target 889 (hCoV-19_Portugal_PT0541_2020_EPI_ISL_454265_2020-04-08)
Align target 890 (hCoV-19_England_20126003406_2020_EPI_ISL_423877)
Align target 891 (hCoV-19_Greece_211_34005_2020_EPI_ISL_447640_2020-03-16)
Align target 892 (hCoV-19_England_EXET-1359D9_2020_EPI_ISL_457123_2020-04-10)
Align target 893 (hCoV-19_USA_MI-MDHHS-SC20478_2020_EPI_ISL_460017_2020-03-31)
Align target 894 (hCoV-19_USA_NY-NYUMC73_2020_EPI_ISL_420589)
Align target 895 (hCoV-19_India_GBRC182b_2020_EPI_ISL_467052_2020-06-03)
Align target 896 (hCoV-19_Wales_PHWC-29098_2020_EPI_ISL_445476_2020-04-03)
Align target 897 (hCoV-19_Sweden_20-07666_2020_EPI_ISL_445238_2020-04-20)
Align target 898 (hCoV-19_England_LIVE-9C82F_2020_EPI_ISL_449584_2020-03-21)
Align target 899 (hCoV-19_Spain_COV001445_2020_EPI_ISL_467148_2020-03-17)
Align target 900 (hCoV-19_England_LIVE-9D84C_2020_EPI_ISL_453237_2020-04-15)
Align target 901 (hCoV-19_Thailand_Bangkok-0085_2020_EPI_ISL_447026_2020-04-03)
Align target 902 (hCoV-19_USA_CA-CZB-1053_2020_EPI_ISL_437053_2020-04-06)
Align target 903 (hCoV-19_England_20109009804_2020_EPI_ISL_464541_2020-03-04)
Align target 904 (hCoV-19_England_BRIS-12523B_2020_EPI_ISL_443852_2020-03-26)
Align target 905 (hCoV-19_Iceland_291_2020_EPI_ISL_417620)
Align target 906 (hCoV-19_Portugal_PT0458_2020_EPI_ISL_454182_2020-04-19)
Align target 907 (hCoV-19_England_201360499_2020_EPI_ISL_421781)
Align target 908 (hCoV-19_Scotland_EDB1164_2020_EPI_ISL_433415_2020-04-08)
Align target 909 (hCoV-19_USA_WA-S162_2020_EPI_ISL_430200)
Align target 910 (hCoV-19_Australia_NSW505_2020_EPI_ISL_455045_2020-03-27)
Align target 911 (hCoV-19_England_BRIS-122571_2020_EPI_ISL_440732_2020-04-04)
Align target 912 (hCoV-19_Luxembourg_LNS7729363_2020_EPI_ISL_429785)
Align target 913 (hCoV-19_Iceland_212_2020_EPI_ISL_417830)
Align target 914 (hCoV-19_England_CAMB-8467B_2020_EPI_ISL_438747_2020-04-27)
Align target 915 (hCoV-19_USA_MI-MDHHS-SC20597_2020_EPI_ISL_462679_2020-04-29)
Align target 916 (hCoV-19_Denmark_ALAB-SSI511_2020_EPI_ISL_429579)
Align target 917 (hCoV-19_Denmark_ALAB-SSI-1391_2020_EPI_ISL_444856_2020-04-04)
Align target 918 (hCoV-19_USA_TX-HMH050_2020_EPI_ISL_434759_2020-03-16)
Align target 919 (hCoV-19_England_BIRM-5F4F7_2020_EPI_ISL_461510_2020)
Align target 920 (hCoV-19_USA_OR-OHSU043-CV43_2020_EPI_ISL_437525_2020-04-20)
Align target 921 (hCoV-19_Wales_PHWC-2F144_2020_EPI_ISL_446206_2020-04-06)
Align target 922 (hCoV-19_USA_WA-UW-5732_2020_EPI_ISL_430914_2020-04-06)
Align target 923 (hCoV-19_Denmark_ALAB-HH83_2020_EPI_ISL_429324)
Align target 924 (hCoV-19_England_NORT-292678_2020_EPI_ISL_457324_2020-05-13)
Align target 925 (hCoV-19_Serbia_KV77-04_2020_EPI_ISL_462438_2020-04-22)
Align target 926 (hCoV-19_Wales_PHWC-27D1B_2020_EPI_ISL_432335_2020-04-01)
Align target 927 (hCoV-19_England_BRIS-121ABF_2020_EPI_ISL_440201_2020-03-17)
Align target 928 (hCoV-19_USA_WA-UW-6589_2020_EPI_ISL_461413_2020-04-05)
Align target 929 (hCoV-19_England_BRIS-125F25_2020_EPI_ISL_443875_2020-03-30)
Align target 930 (hCoV-19_Luxembourg_LNS2458673_2020_EPI_ISL_421760)
Align target 931 (hCoV-19_England_SHEF-CA0D5_2020_EPI_ISL_432482_2020-04-02)
Align target 932 (hCoV-19_USA_WI-GMF-00227_2020_EPI_ISL_418186)
Align target 933 (hCoV-19_Germany_NRW-21_2020_EPI_ISL_417466)
Align target 934 (hCoV-19_Wales_PHWC-2A756_2020_EPI_ISL_445615_2020-04-05)
Align target 935 (hCoV-19_Austria_CeMM0222_2020_EPI_ISL_438056_2020-03-17)
Align target 936 (hCoV-19_England_CAMB-7CB1D_2020_EPI_ISL_442079_2020-04-05)
Align target 937 (hCoV-19_England_CAMB-1AC1F3_2020_EPI_ISL_444383_2020)
Align target 938 (hCoV-19_Sweden_20-08116_2020_EPI_ISL_454487_2020-03-09)
Align target 939 (hCoV-19_England_20118130804_2020_EPI_ISL_464963_2020-03-12)
Align target 940 (hCoV-19_England_LIVE-9C009_2020_EPI_ISL_449501_2020-03-23)
Align target 941 (hCoV-19_Canada_BC_20363111_2020_EPI_ISL_462772_2020-03)
Align target 942 (hCoV-19_France_40005BH_2020_EPI_ISL_447658_2020-03)
Align target 943 (hCoV-19_Scotland_CVR922_2020_EPI_ISL_433361_2020-03-28)
Align target 944 (hCoV-19_England_20109008604_2020_EPI_ISL_464534_2020-03-05)
Align target 945 (hCoV-19_Saudi_Arabia_KAUST-Madinah24_2020_EPI_ISL_443168_2020-03-29)
Align target 946 (hCoV-19_Scotland_CVR2893_2020_EPI_ISL_448205_2020-04-21)
Align target 947 (hCoV-19_Portugal_PT0514_2020_EPI_ISL_454238_2020-03-20)
Align target 948 (hCoV-19_Australia_VIC94_2020_EPI_ISL_419805)
Align target 949 (hCoV-19_Wales_PHWC-2F311_2020_EPI_ISL_446234_2020-04-06)
Align target 950 (hCoV-19_Netherlands_NA_699_2020_EPI_ISL_461134_2020-04-16)
Align target 951 (hCoV-19_Finland_13M60_2020_EPI_ISL_418393)
Align target 952 (hCoV-19_England_NORW-EB42D_2020_EPI_ISL_457430_2020-05-02)
Align target 953 (hCoV-19_Canada_BC_03469645_2020_EPI_ISL_466742_2020-04)
Align target 954 (hCoV-19_Scotland_EDB5039_2020_EPI_ISL_456951_2020-04-02)
Align target 955 (hCoV-19_England_BRIS-123BC9_2020_EPI_ISL_442647_2020-04-06)
Align target 956 (hCoV-19_USA_MD-HP00101_2020_EPI_ISL_457763_2020-03-18)
Align target 957 (hCoV-19_England_BRIS-1291C1_2020_EPI_ISL_458740_2020-04-19)
Align target 958 (hCoV-19_England_LIVE-99664_2020_EPI_ISL_439746_2020-04-09)
Align target 959 (hCoV-19_Switzerland_120188_2020_EPI_ISL_468263_2020-04-27)
Align target 960 (hCoV-19_England_CAMB-1B2EB7_2020_EPI_ISL_456731_2020-05-21)
Align target 961 (hCoV-19_Canada_BC_20332712_2020_EPI_ISL_462771_2020-03)
Align target 962 (hCoV-19_Nepal_61_2020_EPI_ISL_410301)
Align target 963 (hCoV-19_England_NORW-EBB82_2020_EPI_ISL_457484_2020-05-07)
Align target 964 (hCoV-19_Scotland_CVR1698_2020_EPI_ISL_433656_2020-04-05)
Align target 965 (hCoV-19_Wales_PHWC-28DDE_2020_EPI_ISL_445442_2020-04-03)
Align target 966 (hCoV-19_USA_WA-S1180_2020_EPI_ISL_463670_2020-05-06)
Align target 967 (hCoV-19_USA_NY-NYUMC369_2020_EPI_ISL_430396)
Align target 968 (hCoV-19_Spain_COV002052_2020_EPI_ISL_452377_2020-03-15)
Align target 969 (hCoV-19_Lebanon_S11_765_2020_EPI_ISL_450517_2020-03-09)
Align target 970 (hCoV-19_England_CAMB-1AEA32_2020_EPI_ISL_459473_2020-04-29)
Align target 971 (hCoV-19_England_20149008304_2020_EPI_ISL_466135_2020-03-31)
Align target 972 (hCoV-19_Wales_PHWC-31279_2020_EPI_ISL_446427_2020-04-10)
Align target 973 (hCoV-19_USA_AZ-TGEN-TG268360_2020_EPI_ISL_426507)
Align target 974 (hCoV-19_Wales_PHWC-25E29_2020_EPI_ISL_422328)
Align target 975 (hCoV-19_England_NOTT-1103F4_2020_EPI_ISL_441511_2020-04-17)
Align target 976 (hCoV-19_England_CAMB-833DF_2020_EPI_ISL_443415_2020-04-14)
Align target 977 (hCoV-19_Germany_NRW-13_2020_EPI_ISL_417458)
Align target 978 (hCoV-19_Australia_SAP084_2020_EPI_ISL_451120_2020-03-31)
Align target 979 (hCoV-19_USA_CA-SCCPHD-UC171_2020_EPI_ISL_435650_2020-03-13)
Align target 980 (hCoV-19_England_20104003204_2020_EPI_ISL_464306_2020-03-02)
Align target 981 (hCoV-19_England_BRIS-121FA1_2020_EPI_ISL_439976_2020-03-20)
Align target 982 (hCoV-19_USA_LA-SR0295_2020_EPI_ISL_445150_2020-04-08)
Align target 983 (hCoV-19_England_BRIS-1233C1_2020_EPI_ISL_442678_2020-04-06)
Align target 984 (hCoV-19_USA_WA-S732_2020_EPI_ISL_449902_2020-04-13)
Align target 985 (hCoV-19_England_SHEF-CC000_2020_EPI_ISL_457650_2020-04-09)
Align target 986 (hCoV-19_USA_NY-NYUMC486_2020_EPI_ISL_436734_2020-03-18)
Align target 987 (hCoV-19_India_GBRC141b_2020_EPI_ISL_458101_2020-05-24)
Align target 988 (hCoV-19_England_201360052_2020_EPI_ISL_423202)
Align target 989 (hCoV-19_Belgium_PY-0407405_2020_EPI_ISL_462259_2020-04-07)
Align target 990 (hCoV-19_Australia_VIC88_2020_EPI_ISL_419798)
Align target 991 (hCoV-19_Canada_Qc-L00240788_2020_EPI_ISL_465685_2020-03-27)
Align target 992 (hCoV-19_New_Zealand_20VR2014_2020_EPI_ISL_456333_2020-04-01)
Align target 993 (hCoV-19_England_201060055_2020_EPI_ISL_464384_2020-03-04)
Align target 994 (hCoV-19_England_CAMB-7BEF7_2020_EPI_ISL_442185_2020-04-04)
Align target 995 (hCoV-19_England_20142016704_2020_EPI_ISL_423437)
Align target 996 (hCoV-19_Saudi_Arabia_KAUST-MAKKAH220_2020_EPI_ISL_437721_2020-04-16)
Align target 997 (hCoV-19_USA_MI-MDHHS-SC20409_2020_EPI_ISL_452283_2020-05-01)
Align target 998 (hCoV-19_Switzerland_100027_2020_EPI_ISL_466951_2020-03-10)
Align target 999 (hCoV-19_Canada_BC_10592956_2020_EPI_ISL_467315_2020-04)
Computing global alignment... done.
