Align target 0 (hCoV-19_England_20180011204_2020_EPI_ISL_465428_2020-04-20)
Align target 1 (hCoV-19_Iceland_454_2020_EPI_ISL_424477)
Align target 2 (hCoV-19_England_20150033004_2020_EPI_ISL_466226_2020-04-03)
Align target 3 (hCoV-19_Wales_PHWC-31D5A_2020_EPI_ISL_446561_2020-04-11)
Align target 4 (hCoV-19_England_CAMB-780A9_2020_EPI_ISL_441118_2020-04-01)
Align target 5 (hCoV-19_Spain_Valencia551_2020_EPI_ISL_447493_2020-03-26)
Align target 6 (hCoV-19_DRC_3632_2020_EPI_ISL_447607_2020-04-23)
Align target 7 (hCoV-19_England_CAMB-74113_2020_EPI_ISL_440312_2020-03-20)
Align target 8 (hCoV-19_Northern_Ireland_NIRE-FB6D9_2020_EPI_ISL_448966_2020-03-26)
Align target 9 (hCoV-19_England_CAMB-7BCC0_2020_EPI_ISL_442193_2020-04-04)
Align target 10 (hCoV-19_England_SHEF-CD89E_2020_EPI_ISL_432549_2020-03-28)
Align target 11 (hCoV-19_England_NOTT-10E186_2020_EPI_ISL_425504)
Align target 12 (hCoV-19_England_SHEF-C3494_2020_EPI_ISL_432773_2020-03-28)
Align target 13 (hCoV-19_USA_OR-OHSU-0086_2020_EPI_ISL_468100_2020-04-25)
Align target 14 (hCoV-19_Sweden_20-08047_2020_EPI_ISL_454495_2020-03-08)
Align target 15 (hCoV-19_USA_NM-UNM-00115_2020_EPI_ISL_467554_2020-04-02)
Align target 16 (hCoV-19_Spain_COV002734_2020_EPI_ISL_467285_2020-04-13)
Align target 17 (hCoV-19_Saudi_Arabia_KAUST-Jeddah59_2020_EPI_ISL_437496_2020-04-01)
Align target 18 (hCoV-19_USA_LA-EVTL055_2020_EPI_ISL_451216_2020-04-27)
Align target 19 (hCoV-19_Nigeria_NG57752_2020_EPI_ISL_462992_2020-03)
Align target 20 (hCoV-19_USA_NY-NYUMC497_2020_EPI_ISL_444614_2020-04-03)
Align target 21 (hCoV-19_cat_France_53_2020_EPI_ISL_437349_2020-04-17)
Align target 22 (hCoV-19_Australia_SAP288_2020_EPI_ISL_468020_2020-03-25)
Align target 23 (hCoV-19_England_CAMB-74395_2020_EPI_ISL_425284)
Align target 24 (hCoV-19_USA_CA-UCSF-UC44_2020_EPI_ISL_450236_2020-03-19)
Align target 25 (hCov-19_Bangladesh_DU_CARS_5586_EPI_ISL_450841_2020-05-13)
Align target 26 (hCoV-19_England_CAMB-1ADD67_2020_EPI_ISL_459471_2020-04-26)
Align target 27 (hCoV-19_Scotland_CVR2281_2020_EPI_ISL_438886_2020-04-12)
Align target 28 (hCoV-19_New_Zealand_20VR1283_2020_EPI_ISL_456208_2020-03-20)
Align target 29 (hCoV-19_England_20118112104_2020_EPI_ISL_464957_2020-03-13)
Align target 30 (hCoV-19_England_CAMB-7F1FA_2020_EPI_ISL_442896_2020-04-08)
Align target 31 (hCoV-19_Denmark_ALAB-SSI-581_2020_EPI_ISL_436980_2020-03-30)
Align target 32 (hCoV-19_Portugal_PT0060_2020_EPI_ISL_421463)
Align target 33 (hCoV-19_India_NIV-QC-799_2020_EPI_ISL_454569_2020-04-26)
Align target 34 (hCoV-19_Canada_BC_66353_2020_EPI_ISL_415587)
Align target 35 (hCoV-19_England_NOTT-10F352_2020_EPI_ISL_432994_2020-04-01)
Align target 36 (hCoV-19_Netherlands_Overijssel_31_2020_EPI_ISL_460821_2020-03-10)
Align target 37 (hCoV-19_England_CAMB-7217F_2020_EPI_ISL_439608_2020-03-28)
Align target 38 (hCoV-19_India_GBRC49_2020_EPI_ISL_444480_2020-04-30)
Align target 39 (hCoV-19_England_NOTT-10EB6A_2020_EPI_ISL_425644)
Align target 40 (hCoV-19_USA_CA-SCCPHD-UC123_2020_EPI_ISL_435602_2020-03-04)
Align target 41 (hCoV-19_Netherlands_Gelderland_63_2020_EPI_ISL_460962_2020-05-18)
Align target 42 (hCoV-19_England_LIVE-9E31D_2020_EPI_ISL_453288_2020-04-03)
Align target 43 (hCoV-19_USA_NY-NYUMC545_2020_EPI_ISL_444662_2020-03-31)
Align target 44 (hCoV-19_USA_CA-CZB-1282_2020_EPI_ISL_454640_2020-04-01)
Align target 45 (hCoV-19_USA_CA-SR0413_2020_EPI_ISL_458283_2020-03-25)
Align target 46 (hCoV-19_USA_WA-S414_2020_EPI_ISL_434174_2020-03-25)
Align target 47 (hCoV-19_England_EXET-135BA6_2020_EPI_ISL_457141_2020-04-09)
Align target 48 (hCoV-19_Taiwan_CGMH-CGU-11_2020_EPI_ISL_417524)
Align target 49 (hCoV-19_England_20148006104_2020_EPI_ISL_422002)
Align target 50 (hCoV-19_New_Zealand_20VR1276_2020_EPI_ISL_456201_2020-03-20)
Align target 51 (hCoV-19_England_SHEF-C1B37_2020_EPI_ISL_432733_2020-04-01)
Align target 52 (hCoV-19_England_SHEF-C129C_2020_EPI_ISL_441906_2020-04-02)
Align target 53 (hCoV-19_England_CAMB-7AAF4_2020_EPI_ISL_433839_2020-04-07)
Align target 54 (hCoV-19_Guangdong_20SF028_2020_EPI_ISL_403936)
Align target 55 (hCoV-19_Scotland_CVR2746_2020_EPI_ISL_438944_2020-04-18)
Align target 56 (hCoV-19_England_CAMB-7FEB7_2020_EPI_ISL_444429_2020-04-19)
Align target 57 (hCoV-19_Sweden_20-08142_2020_EPI_ISL_429115)
Align target 58 (hCoV-19_Austria_CeMM0108_2020_EPI_ISL_437967_2020-03-13)
Align target 59 (hCoV-19_England_EXET-1358EB_2020_EPI_ISL_457114_2020-04-16)
Align target 60 (hCoV-19_Germany_BAV-MVP0237_2020_EPI_ISL_466898_2020-04-28)
Align target 61 (hCoV-19_England_NORW-E903A_2020_EPI_ISL_453576_2020-04-24)
Align target 62 (hCoV-19_Scotland_EDB5104_2020_EPI_ISL_453184_2020-03-30)
Align target 63 (hCoV-19_India_NGC-CDFD-30_2020_EPI_ISL_466868_2020-05-30)
Align target 64 (hCoV-19_USA_NC-MDHP078_2020_EPI_ISL_438235_2020-03-23)
Align target 65 (hCoV-19_England_20122088102_2020_EPI_ISL_418678)
Align target 66 (hCoV-19_Shanghai_SH0007_2020_EPI_ISL_416320)
Align target 67 (hCoV-19_Italy_INMI1-cs_2020_EPI_ISL_410546)
Align target 68 (hCoV-19_USA_OR-OHSU-0057_2020_EPI_ISL_468088_2020-04-21)
Align target 69 (hCoV-19_England_201120049_2020_EPI_ISL_464665_2020-03-09)
Align target 70 (hCoV-19_England_20100004706_2020_EPI_ISL_415133)
Align target 71 (hCoV-19_SouthAfrica_Tygerberg_41_2020_EPI_ISL_464150_2020-04-08)
Align target 72 (hCoV-19_Bangladesh_BCSIR-NILMRC_087_2020_EPI_ISL_464159_2020-05-09)
Align target 73 (hCoV-19_Scotland_EDB2412_2020_EPI_ISL_439203_2020-04-22)
Align target 74 (hCoV-19_USA_WA-S572_2020_EPI_ISL_434332_2020-03-26)
Align target 75 (hCoV-19_USA_NY-NYUMC453_2020_EPI_ISL_435520_2020-04-20)
Align target 76 (hCoV-19_England_LOND-D514D_2020_EPI_ISL_449680_2020-04-15)
Align target 77 (hCoV-19_Canada_BC_21368114_2020_EPI_ISL_462809_2020-03)
Align target 78 (hCoV-19_Brazil_RJ-2847_2020_EPI_ISL_467370_2020-04-28)
Align target 79 (hCoV-19_Wales_PHWC-33963_2020_EPI_ISL_446771_2020-04-20)
Align target 80 (hCoV-19_Portugal_PT0432_2020_EPI_ISL_454156_2020-04-01)
Align target 81 (hCoV-19_Scotland_EDB4656_2020_EPI_ISL_449316_2020-05-08)
Align target 82 (hCoV-19_England_EXET-135405_2020_EPI_ISL_457057_2020-04-15)
Align target 83 (hCoV-19_Australia_VIC201_2020_EPI_ISL_419896)
Align target 84 (hCoV-19_Switzerland_120014_2020_EPI_ISL_468213_2020-04-17)
Align target 85 (hCoV-19_Wales_PHWC-2EDD8_2020_EPI_ISL_446155_2020-04-07)
Align target 86 (hCoV-19_Australia_VIC181_2020_EPI_ISL_419878)
Align target 87 (hCoV-19_Senegal_610_2020_EPI_ISL_420075)
Align target 88 (hCoV-19_Spain_Madrid_LP14_3_2020_EPI_ISL_417975)
Align target 89 (hCoV-19_USA_VA-DCLS-0250_2020_EPI_ISL_452824_2020-04-20)
Align target 90 (hCoV-19_USA_UT-00025_2020_EPI_ISL_418967)
Align target 91 (hCoV-19_USA_NY-PV09382_2020_EPI_ISL_450065_2020-03-19)
Align target 92 (hCoV-19_Bangladesh_BCSIR-NILMRC_071_2020_EPI_ISL_466692_2020-05-26)
hCoV-19_Bangladesh_BCSIR-NILMRC_071_2020_EPI_ISL_466692_2020-05-26: Frameshift error (scores nt: 148649; codon: 137334)
Align target 93 (hCoV-19_England_NOTT-10E65A_2020_EPI_ISL_425574)
Align target 94 (hCoV-19_USA_LA-EVTL081_2020_EPI_ISL_451242_2020-05-08)
Align target 95 (hCoV-19_Australia_SAP293_2020_EPI_ISL_468034_2020-03-25)
Align target 96 (hCoV-19_England_BIRM-5EEBE_2020_EPI_ISL_456662_2020)
Align target 97 (hCoV-19_Wales_PHWC-2907A_2020_EPI_ISL_445475_2020-04-03)
Align target 98 (hCoV-19_England_201360049_2020_EPI_ISL_425023)
Align target 99 (hCoV-19_Kazakhstan_7263_2020_EPI_ISL_454571_2020-03-25)
Align target 100 (hCoV-19_USA_MN-MDH-1013_2020_EPI_ISL_462858_2020-04-30)
Align target 101 (hCoV-19_Wuhan_IPBCAMS-WH-02_2019_EPI_ISL_403931)
Align target 102 (hCoV-19_Scotland_EDB095_2020_EPI_ISL_425885)
Align target 103 (hCoV-19_Scotland_CVR3212_2020_EPI_ISL_449231_2020-04-16)
Align target 104 (hCoV-19_India_MaxCov0038_CSIR-IGIB_2020_EPI_ISL_459940_2020-05-10)
Align target 105 (hCoV-19_England_BRIS-129246_2020_EPI_ISL_458743_2020-04-18)
Align target 106 (hCoV-19_USA_ID-UW-4375_2020_EPI_ISL_426066)
Align target 107 (hCoV-19_Spain_COV001893_2020_EPI_ISL_452455_2020-03-13)
Align target 108 (hCoV-19_USA_WA-S1028_2020_EPI_ISL_463518_2020-05-02)
Align target 109 (hCoV-19_England_CAMB-1AF5E5_2020_EPI_ISL_448085_2020)
Align target 110 (hCoV-19_USA_CA-CZB-1257_2020_EPI_ISL_454677_2020-05-12)
Align target 111 (hCoV-19_England_20132021104_2020_EPI_ISL_423742)
Align target 112 (hCoV-19_England_20129158804_2020_EPI_ISL_424119)
Align target 113 (hCoV-19_England_20184028804_2020_EPI_ISL_465455_2020-04-27)
Align target 114 (hCoV-19_Wales_PHWC-2A4B9_2020_EPI_ISL_445573_2020-04-06)
Align target 115 (hCoV-19_USA_WA-UW-1587_2020_EPI_ISL_423014)
Align target 116 (hCoV-19_Brazil_SP0110_2020_EPI_ISL_417943)
Align target 117 (hCoV-19_Wuhan_IPBCAMS-WH-01_2019_EPI_ISL_402123)
Align target 118 (hCoV-19_England_CAMB-7A5D5_2020_EPI_ISL_441065_2020-04-01)
Align target 119 (hCoV-19_Nigeria_OS060-CV9_2020_EPI_ISL_455419_2020-03-29)
Align target 120 (hCoV-19_USA_WI-121_2020_EPI_ISL_427428)
Align target 121 (hCoV-19_India_MaxCov0010_CSIR-IGIB_2020_EPI_ISL_459913_2020-05-03)
Align target 122 (hCoV-19_England_CAMB-7DE22_2020_EPI_ISL_442161_2020-04-07)
Align target 123 (hCoV-19_England_CAMB-839FB_2020_EPI_ISL_443334_2020-04-16)
Align target 124 (hCoV-19_England_20164086704_2020_EPI_ISL_466489_2020-04-15)
Align target 125 (hCoV-19_Guangzhou_GZMU0099_2020_EPI_ISL_457696_2020-02-20)
Align target 126 (hCoV-19_England_CAMB-778FD_2020_EPI_ISL_439480_2020-03-31)
Align target 127 (hCoV-19_England_BIRM-5F5D6_2020_EPI_ISL_461519_2020)
Align target 128 (hCoV-19_England_CAMB-7CFE4_2020_EPI_ISL_442269_2020-04-06)
Align target 129 (hCoV-19_USA_WA-UW-4769_2020_EPI_ISL_429624)
Align target 130 (hCoV-19_Germany_BavPat3-ChVir1020_2020_EPI_ISL_450200_2020-01-28)
Align target 131 (hCoV-19_USA_WA-S1123_2020_EPI_ISL_463613_2020-05-04)
Align target 132 (hCoV-19_England_CAMB-80CD7_2020_EPI_ISL_442964_2020-04-10)
Align target 133 (hCoV-19_England_CAMB-1B19E4_2020_EPI_ISL_452994_2020-05-13)
Align target 134 (hCoV-19_USA_UT-00083_2020_EPI_ISL_430032)
Align target 135 (hCoV-19_Australia_VIC997_2020_EPI_ISL_430481)
Align target 136 (hCoV-19_England_CAMB-79819_2020_EPI_ISL_441797_2020-04-01)
Align target 137 (hCoV-19_England_CAMB-755F8_2020_EPI_ISL_425412)
Align target 138 (hCoV-19_Scotland_CVR3417_2020_EPI_ISL_456840_2020-05-07)
Align target 139 (hCoV-19_England_NOTT-10E1A4_2020_EPI_ISL_425506)
Align target 140 (hCoV-19_Scotland_EDB182_2020_EPI_ISL_425928)
Align target 141 (hCoV-19_Scotland_EDB764_2020_EPI_ISL_433237_2020-04-02)
Align target 142 (hCoV-19_Germany_NRW-13_2020_EPI_ISL_419530)
Align target 143 (hCoV-19_USA_TX-HMH036_2020_EPI_ISL_434745_2020-03-09)
Align target 144 (hCoV-19_England_CAMB-7EDAC_2020_EPI_ISL_442860_2020-04-06)
Align target 145 (hCoV-19_USA_VA-DCLS-0188_2020_EPI_ISL_437404_2020-04-15)
Align target 146 (hCoV-19_England_NORW-EAE99_2020_EPI_ISL_457388_2020-04-30)
Align target 147 (hCoV-19_Wales_PHWC-27C3C_2020_EPI_ISL_432362_2020-03-31)
Align target 148 (hCoV-19_Australia_NSW120_2020_EPI_ISL_427679)
Align target 149 (hCoV-19_India_NCDC-02318_2020_EPI_ISL_435079_2020-03-29)
Align target 150 (hCoV-19_England_LIVE-9A3E4_2020_EPI_ISL_440861_2020-04-16)
Align target 151 (hCoV-19_England_CAMB-73F92_2020_EPI_ISL_440309_2020-03-19)
Align target 152 (hCoV-19_England_CAMB-77BE5_2020_EPI_ISL_440850_2020-04-01)
Align target 153 (hCoV-19_Portugal_PT0362_2020_EPI_ISL_454078_2020-03-19)
Align target 154 (hCoV-19_England_CAMB-772FF_2020_EPI_ISL_439436_2020-03-31)
Align target 155 (hCoV-19_USA_LA-EVTL139_2020_EPI_ISL_455982_2020-03-28)
Align target 156 (hCoV-19_Scotland_GCVR-170B45_2020_EPI_ISL_459602_2020-03-25)
Align target 157 (hCoV-19_England_20130071804_2020_EPI_ISL_423662)
Align target 158 (hCoV-19_USA_MN-MDH-274_2020_EPI_ISL_450748_2020-03-29)
Align target 159 (hCoV-19_England_CAMB-1B03F6_2020_EPI_ISL_459323_2020-05-01)
Align target 160 (hCoV-19_England_BRIS-123710_2020_EPI_ISL_442650_2020-04-06)
Align target 161 (hCoV-19_Netherlands_NA_180_2020_EPI_ISL_422715)
Align target 162 (hCoV-19_England_CAMB-7533A_2020_EPI_ISL_440388_2020-03-16)
Align target 163 (hCoV-19_Wales_PHWC-24491_2020_EPI_ISL_419416)
Align target 164 (hCoV-19_Sichuan_SC-PHCC1-035_2020_EPI_ISL_451356_2020-02-07)
Align target 165 (hCoV-19_USA_NY-NYUMC571_2020_EPI_ISL_444688_2020-03-30)
Align target 166 (hCoV-19_England_NOTT-10EAC7_2020_EPI_ISL_425637)
Align target 167 (hCoV-19_England_LOND-D3613_2020_EPI_ISL_440965_2020-04-02)
Align target 168 (hCoV-19_Wales_PHWC-245BC_2020_EPI_ISL_419431)
Align target 169 (hCoV-19_England_CAMB-1AE847_2020_EPI_ISL_459439_2020-04-29)
Align target 170 (hCoV-19_USA_WI-175_2020_EPI_ISL_428271)
Align target 171 (hCoV-19_Canada_BC_24319756_2020_EPI_ISL_463211_2020-03)
Align target 172 (hCoV-19_England_CAMB-1AF521_2020_EPI_ISL_459264_2020-04-30)
Align target 173 (hCoV-19_USA_WA-UW-1593_2020_EPI_ISL_423002)
Align target 174 (hCoV-19_England_NOTT-110804_2020_EPI_ISL_441862_2020-04-21)
Align target 175 (hCoV-19_England_OXON-AEC3D_2020_EPI_ISL_448772_2020)
Align target 176 (hCoV-19_England_CAMB-7D657_2020_EPI_ISL_441748_2020-04-06)
Align target 177 (hCoV-19_Iceland_466_2020_EPI_ISL_424489)
Align target 178 (hCoV-19_India_NIV-4438_2020_EPI_ISL_454533_2020-03-23)
Align target 179 (hCoV-19_Wales_PHWC-33A8E_2020_EPI_ISL_446780_2020-04-14)
Align target 180 (hCoV-19_Thailand_Nonthaburi_2983_2020_EPI_ISL_455594_2020-03-18)
Align target 181 (hCoV-19_USA_IN_92003_2020_EPI_ISL_426424)
Align target 182 (hCoV-19_England_LIVE-9A7E8_2020_EPI_ISL_449368_2020-03-30)
Align target 183 (hCoV-19_Australia_VIC1105_2020_EPI_ISL_430586)
Align target 184 (hCoV-19_USA_WA-UW-1334_2020_EPI_ISL_422995)
Align target 185 (hCoV-19_England_CAMB-7804F_2020_EPI_ISL_441803_2020-04-01)
Align target 186 (hCoV-19_Sichuan_SC-WCH2-006_2020_EPI_ISL_451076_2020-02-08)
Align target 187 (hCoV-19_England_NORW-E9850_2020_EPI_ISL_461833_2020-04-29)
Align target 188 (hCoV-19_England_20134082304_2020_EPI_ISL_423185)
Align target 189 (hCoV-19_England_LIVE-9BDA9_2020_EPI_ISL_440917_2020-04-20)
Align target 190 (hCoV-19_Denmark_ALAB-SSI258_2020_EPI_ISL_429420)
Align target 191 (hCoV-19_USA_CA-CZB-1120_2020_EPI_ISL_444078_2020-04-29)
Align target 192 (hCoV-19_Canada_BC_5282984_2020_EPI_ISL_418832)
Align target 193 (hCoV-19_England_BRIS-128951_2020_EPI_ISL_458790_2020-04-14)
Align target 194 (hCoV-19_USA_VA-DCLS-0414_2020_EPI_ISL_467808_2020-04-26)
Align target 195 (hCoV-19_England_CAMB-72C50_2020_EPI_ISL_440010_2020-03-22)
Align target 196 (hCoV-19_Scotland_GCVR-17140D_2020_EPI_ISL_459563_2020-03-26)
Align target 197 (hCoV-19_England_CAMB-73A37_2020_EPI_ISL_425269)
Align target 198 (hCoV-19_USA_MN-MDH-95_2020_EPI_ISL_460076_2020-03-15)
Align target 199 (hCoV-19_Scotland_GCVR-170FB2_2020_EPI_ISL_459553_2020-03-26)
Align target 200 (hCoV-19_England_BRIS-125C97_2020_EPI_ISL_443793_2020-03-26)
Align target 201 (hCoV-19_USA_ID-UW-4239_2020_EPI_ISL_427169)
Align target 202 (hCoV-19_Scotland_EDB5370_2020_EPI_ISL_457010_2020-03-29)
Align target 203 (hCoV-19_Northern_Ireland_NIRE-FB378_2020_EPI_ISL_441414_2020-03-18)
Align target 204 (hCoV-19_Scotland_CVR1436_2020_EPI_ISL_438808_2020-04-01)
Align target 205 (hCoV-19_USA_OR-UW-4388_2020_EPI_ISL_426076)
Align target 206 (hCoV-19_England_BRIS-12AB59_2020_EPI_ISL_458442_2020-05-01)
Align target 207 (hCoV-19_Switzerland_110498_2020_EPI_ISL_451906_2020-04-07)
Align target 208 (hCoV-19_Netherlands_NA_240_2020_EPI_ISL_422774)
Align target 209 (hCoV-19_USA_WI-160_2020_EPI_ISL_428256)
Align target 210 (hCoV-19_England_LIVE-9D6BB_2020_EPI_ISL_453225_2020-04-10)
Align target 211 (hCoV-19_USA_NY-NYUMC393_2020_EPI_ISL_430420)
Align target 212 (hCoV-19_England_CAMB-74526_2020_EPI_ISL_425302)
Align target 213 (hCoV-19_England_LIVE-99EE4_2020_EPI_ISL_439827_2020-04-15)
Align target 214 (hCoV-19_USA_MI-MDHHS-SC20057_2020_EPI_ISL_437144_2020-03-21)
Align target 215 (hCoV-19_England_SHEF-D0625_2020_EPI_ISL_442471_2020-04-10)
Align target 216 (hCoV-19_England_NORW-E9805_2020_EPI_ISL_448335_2020-04-23)
Align target 217 (hCoV-19_England_CAMB-79EEA_2020_EPI_ISL_440559_2020-04-02)
Align target 218 (hCoV-19_Canada_BC_04020783_2020_EPI_ISL_466761_2020-04)
Align target 219 (hCoV-19_Scotland_CVR453_2020_EPI_ISL_439080_2020-03-23)
Align target 220 (hCoV-19_England_NOTT-10E70C_2020_EPI_ISL_425583)
Align target 221 (hCoV-19_Scotland_CVR2410_2020_EPI_ISL_453049_2020-04-14)
Align target 222 (hCoV-19_USA_CT-UW-6569_2020_EPI_ISL_437868_2020-04-02)
Align target 223 (hCoV-19_England_NORW-E76D0_2020_EPI_ISL_449064_2020-05-04)
Align target 224 (hCoV-19_USA_CA-CZB-1248_2020_EPI_ISL_454668_2020-04-12)
Align target 225 (hCoV-19_England_CAMB-7C47C_2020_EPI_ISL_442278_2020-04-04)
Align target 226 (hCoV-19_England_201160067_2020_EPI_ISL_464784_2020-03-11)
Align target 227 (hCoV-19_Spain_Madrid_H12_16_2020_EPI_ISL_430718)
Align target 228 (hCoV-19_England_201620400_2020_EPI_ISL_466417_2020-04-08)
Align target 229 (hCoV-19_Hong_Kong_HKU-903a_2020_EPI_ISL_434565_2020-01-24)
Align target 230 (hCoV-19_USA_WA-UW-6162_2020_EPI_ISL_430933_2020-04-01)
Align target 231 (hCoV-19_USA_WA-UW-1739_2020_EPI_ISL_424237)
Align target 232 (hCoV-19_France_10006HC_2020_EPI_ISL_447727_2020-03)
Align target 233 (hCoV-19_USA_AK-PHL041_2020_EPI_ISL_437514_2020-03-23)
Align target 234 (hCoV-19_Iceland_583_2020_EPI_ISL_424603)
Align target 235 (hCoV-19_Australia_NSW48_2020_EPI_ISL_417403)
Align target 236 (hCoV-19_Wales_PHWC-2ACA2_2020_EPI_ISL_445688_2020-04-06)
Align target 237 (hCoV-19_England_SHEF-C0CEA_2020_EPI_ISL_441902_2020-04-07)
Align target 238 (hCoV-19_Wales_PHWC-23F55_2020_EPI_ISL_418130)
Align target 239 (hCoV-19_England_CAMB-772D1_2020_EPI_ISL_439420_2020-03-31)
Align target 240 (hCoV-19_India_CCMB_L989_2020_EPI_ISL_458065_2020-05-11)
Align target 241 (hCoV-19_USA_CA-CZB-1107_2020_EPI_ISL_444065_2020-04-30)
Align target 242 (hCoV-19_England_CAMB-72ADE_2020_EPI_ISL_439915_2020-03-22)
Align target 243 (hCoV-19_Italy_TE5052_2020_EPI_ISL_418261)
Align target 244 (hCoV-19_England_CAMB-1AF758_2020_EPI_ISL_459306_2020-05-01)
Align target 245 (hCoV-19_USA_UT-0353_2020_EPI_ISL_435353_2020-03-27)
Align target 246 (hCoV-19_Scotland_GCVR-1702E6_2020_EPI_ISL_459645_2020-03-23)
Align target 247 (hCoV-19_Canada_ON-UHTC_0033_2020_EPI_ISL_464016_2020-04-01)
Align target 248 (hCoV-19_France_IDF0372-isl_2020_EPI_ISL_410720)
Align target 249 (hCoV-19_England_201121119_2020_EPI_ISL_464682_2020-03-10)
Align target 250 (hCoV-19_England_CAMB-72616_2020_EPI_ISL_439533_2020-03-23)
Align target 251 (hCoV-19_England_SHEF-C9ABA_2020_EPI_ISL_432473_2020-04-04)
Align target 252 (hCoV-19_England_20119067904_2020_EPI_ISL_465093_2020-03-14)
Align target 253 (hCoV-19_Wales_PHWC-2BF5D_2020_EPI_ISL_445873_2020-04-08)
Align target 254 (hCoV-19_England_EXET-136668_2020_EPI_ISL_457228_2020-04-29)
Align target 255 (hCoV-19_India_S62_2020_EPI_ISL_455679_2020-05-04)
Align target 256 (hCoV-19_Turkey_HSGM-674_2020_EPI_ISL_437304_2020-03-26)
Align target 257 (hCoV-19_USA_VA-DCLS-0110_2020_EPI_ISL_434602_2020-04-08)
Align target 258 (hCoV-19_England_CAMB-83C3E_2020_EPI_ISL_443376_2020-04-16)
Align target 259 (hCoV-19_USA_PA_2735_2020_EPI_ISL_426433)
Align target 260 (hCoV-19_USA_UNKNOWN-UW-1486_2020_EPI_ISL_424185)
Align target 261 (hCoV-19_England_NORW-EA3F4_2020_EPI_ISL_457343_2020-05-13)
Align target 262 (hCoV-19_Australia_NSW280_2020_EPI_ISL_451544_2020-03-24)
Align target 263 (hCoV-19_Bangladesh_CHRF_0007_2020_EPI_ISL_468075_2020-05-14)
Align target 264 (hCoV-19_Australia_VIC548_2020_EPI_ISL_426811)
Align target 265 (hCoV-19_USA_NY-WCMP10C11P_2020_EPI_ISL_427565)
Align target 266 (hCoV-19_Wuhan_HB-WH5-232_2020_EPI_ISL_454975_2020-03-01)
Align target 267 (hCoV-19_Scotland_CVR2413_2020_EPI_ISL_438903_2020-04-14)
Align target 268 (hCoV-19_Iceland_448_2020_EPI_ISL_424472)
Align target 269 (hCoV-19_USA_WA-UW347_2020_EPI_ISL_418914)
Align target 270 (hCoV-19_Belgium_UGent-47_2020_EPI_ISL_434363_2020-03-30)
Align target 271 (hCoV-19_USA_NY-NYUMC391_2020_EPI_ISL_430418)
Align target 272 (hCoV-19_France_ARA10552_2020_EPI_ISL_419168)
Align target 273 (hCoV-19_Ireland_20W269_2020_EPI_ISL_437687_2020-04)
Align target 274 (hCoV-19_Australia_NSW538_2020_EPI_ISL_455077_2020-03-28)
Align target 275 (hCoV-19_Portugal_PT0628_2020_EPI_ISL_454351_2020-04-06)
Align target 276 (hCoV-19_Canada_ON_MU-S29_2020_EPI_ISL_463977_2020-03-16)
Align target 277 (hCoV-19_England_20099044904_2020_EPI_ISL_464204_2020-02-26)
Align target 278 (hCoV-19_Spain_Valencia25_2020_EPI_ISL_419689)
Align target 279 (hCoV-19_Denmark_ALAB-HH-145_2020_EPI_ISL_452024_2020-03-11)
Align target 280 (hCoV-19_JOR_SEARCH-0041-JOR_2020_EPI_ISL_429999)
Align target 281 (hCoV-19_England_20140063504_2020_EPI_ISL_465882_2020-03-29)
Align target 282 (hCoV-19_Scotland_GCVR-1700BF_2020_EPI_ISL_459532_2020-03-23)
Align target 283 (hCoV-19_Australia_NSW284_2020_EPI_ISL_451548_2020-04-02)
Align target 284 (hCoV-19_Netherlands_Limburg_70_2020_EPI_ISL_461055_2020)
Align target 285 (hCoV-19_Australia_NSW265_2020_EPI_ISL_451530_2020-03-28)
Align target 286 (hCoV-19_Spain_COV002049_2020_EPI_ISL_452378_2020-03-12)
Align target 287 (hCoV-19_England_BRIS-122210_2020_EPI_ISL_439969_2020-03-22)
Align target 288 (hCoV-19_USA_NY-PV09448_2020_EPI_ISL_450122_2020-03-09)
Align target 289 (hCoV-19_Scotland_CVR248_2020_EPI_ISL_433276_2020-03-20)
Align target 290 (hCoV-19_Russia_StPetersburg-RII5642S_2020_EPI_ISL_430095)
Align target 291 (hCoV-19_USA_CA-CZB-1019_2020_EPI_ISL_436660_2020-04-10)
Align target 292 (hCoV-19_England_20136088602_2020_EPI_ISL_420640)
Align target 293 (hCoV-19_USA_UT-01217_2020_EPI_ISL_436904_2020-04-06)
Align target 294 (hCoV-19_England_20169014704_2020_EPI_ISL_465197_2020-04-17)
Align target 295 (hCoV-19_Australia_VIC576_2020_EPI_ISL_426835)
Align target 296 (hCoV-19_Scotland_CVR2912_2020_EPI_ISL_438996_2020-04-22)
Align target 297 (hCoV-19_England_CAMB-82F81_2020_EPI_ISL_443335_2020-04-13)
Align target 298 (hCoV-19_USA_WA-S961_2020_EPI_ISL_463451_2020-05-01)
Align target 299 (hCoV-19_England_20188034704_2020_EPI_ISL_465503_2020-04-30)
Align target 300 (hCoV-19_USA_WA-S24_2020_EPI_ISL_417077)
Align target 301 (hCoV-19_Sweden_20-07860_2020_EPI_ISL_450821_2020-04-23)
Align target 302 (hCoV-19_Wales_PHWC-2A352_2020_EPI_ISL_445557_2020-04-06)
Align target 303 (hCoV-19_Canada_QC_AB6_2020_EPI_ISL_444503_2020-04-06)
Align target 304 (hCoV-19_England_LIVE-9E59F_2020_EPI_ISL_453310_2020-04-03)
Align target 305 (hCoV-19_Canada_ON_MU-S26_2020_EPI_ISL_463975_2020-03-16)
Align target 306 (hCoV-19_USA_WA-S675_2020_EPI_ISL_449845_2020-04-08)
Align target 307 (hCoV-19_Singapore_219_2020_EPI_ISL_462337_2020-04-07)
Align target 308 (hCoV-19_USA_WA-UW-1645_2020_EPI_ISL_424188)
Align target 309 (hCoV-19_USA_CA-CZBRR057EX00740_2020_EPI_ISL_429023)
Align target 310 (hCoV-19_Belgium_DNM-0330351_2020_EPI_ISL_462205_2020-03-30)
Align target 311 (hCoV-19_Russia_Moscow-GCBL2_2020_EPI_ISL_436716_2020-04-14)
Align target 312 (hCoV-19_Wales_PHWC-25339_2020_EPI_ISL_432348_2020-03-23)
Align target 313 (hCoV-19_Scotland_CVR1924_2020_EPI_ISL_433661_2020-04-08)
Align target 314 (hCoV-19_China_WF0017_2020_EPI_ISL_413747)
hCoV-19_China_WF0017_2020_EPI_ISL_413747: Frameshift error (scores nt: 137528; codon: 45990)
Align target 315 (hCoV-19_Wales_PHWC-34777_2020_EPI_ISL_446971_2020-04-20)
Align target 316 (hCoV-19_England_EXET-135F13_2020_EPI_ISL_457181_2020-04-01)
Align target 317 (hCoV-19_USA_CA-QDX-67_2020_EPI_ISL_467839_2020-03-13)
Align target 318 (hCoV-19_Sweden_20-08126_2020_EPI_ISL_454442_2020-03-09)
Align target 319 (hCoV-19_England_201040145_2020_EPI_ISL_464332_2020-03-03)
Align target 320 (hCoV-19_USA_NC_200252_2020_EPI_ISL_454825_2020-04)
Align target 321 (hCoV-19_England_CAMB-7DDAD_2020_EPI_ISL_442172_2020-04-07)
Align target 322 (hCoV-19_Portugal_PT0561_2020_EPI_ISL_454284_2020-04-27)
Align target 323 (hCoV-19_DRC_1952_2020_EPI_ISL_435159_2020-04-11)
Align target 324 (hCoV-19_England_20134075204_2020_EPI_ISL_465812_2020-03-24)
Align target 325 (hCoV-19_USA_WA-S822_2020_EPI_ISL_449992_2020-04-16)
Align target 326 (hCoV-19_England_NORT-28954A_2020_EPI_ISL_458718_2020-03-30)
Align target 327 (hCoV-19_England_20102004104_2020_EPI_ISL_464278_2020-03-02)
Align target 328 (hCoV-19_Denmark_ALAB-SSI461_2020_EPI_ISL_429542)
Align target 329 (hCoV-19_England_CAMB-83B22_2020_EPI_ISL_443332_2020-04-15)
Align target 330 (hCoV-19_Spain_Valencia36_2020_EPI_ISL_420121)
Align target 331 (hCoV-19_Wales_PHWC-2C903_2020_EPI_ISL_445922_2020-03-31)
Align target 332 (hCoV-19_Scotland_CVR3023_2020_EPI_ISL_439013_2020-04-24)
Align target 333 (hCoV-19_Wales_PHWC-2481D_2020_EPI_ISL_419450)
Align target 334 (hCoV-19_Australia_VIC842_2020_EPI_ISL_427102)
Align target 335 (hCoV-19_Georgia_Tb-54_2020_EPI_ISL_415641)
Align target 336 (hCoV-19_Netherlands_NA_190_2020_EPI_ISL_422725)
Align target 337 (hCoV-19_Spain_COV001915_2020_EPI_ISL_467078_2020-03-17)
Align target 338 (hCoV-19_England_20140070404_2020_EPI_ISL_423407)
Align target 339 (hCoV-19_England_CAMB-7FC9F_2020_EPI_ISL_444400_2020-04-15)
Align target 340 (hCoV-19_England_CAMB-1B3232_2020_EPI_ISL_456754_2020-05-21)
Align target 341 (hCoV-19_Iceland_539_2020_EPI_ISL_424559)
Align target 342 (hCoV-19_Oman_205034603_2020_EPI_ISL_458117_2020-05-09)
Align target 343 (hCoV-19_USA_WA-S507_2020_EPI_ISL_434267_2020-03-23)
Align target 344 (hCoV-19_USA_MI-MDHHS-SC20169_2020_EPI_ISL_436807_2020-03-12)
Align target 345 (hCoV-19_Wales_PHWC-2B430_2020_EPI_ISL_445710_2020-04-12)
Align target 346 (hCoV-19_England_CAMB-81447_2020_EPI_ISL_443065_2020-04-10)
Align target 347 (hCoV-19_England_20109010304_2020_EPI_ISL_464542_2020-03-06)
Align target 348 (hCoV-19_Wales_PHWC-29D46_2020_EPI_ISL_432363_2020-04-03)
Align target 349 (hCoV-19_France_IDF3235_2020_EPI_ISL_420064)
Align target 350 (hCoV-19_England_20094007004_2020_EPI_ISL_464184_2020-02-25)
Align target 351 (hCoV-19_England_CAMB-83CE3_2020_EPI_ISL_443372_2020-04-16)
Align target 352 (hCoV-19_England_CAMB-778B1_2020_EPI_ISL_439441_2020-03-31)
Align target 353 (hCoV-19_England_CAMB-77E0A_2020_EPI_ISL_440844_2020-04-01)
Align target 354 (hCoV-19_England_CAMB-7E0D0_2020_EPI_ISL_442169_2020-04-07)
Align target 355 (hCoV-19_Spain_ACoruna_002_2020_EPI_ISL_468332_2020-05-11)
Align target 356 (hCoV-19_USA_TX-HMH0184_2020_EPI_ISL_434862_2020-03-23)
Align target 357 (hCoV-19_Hungary_MBL-469_2020_EPI_ISL_435424_2020-03-27)
Align target 358 (hCoV-19_India_GBRC169a_2020_EPI_ISL_467029_2020-06-05)
Align target 359 (hCoV-19_England_201180370_2020_EPI_ISL_464904_2020-03-13)
Align target 360 (hCoV-19_Netherlands_Utrecht_12_2020_EPI_ISL_414551)
Align target 361 (hCoV-19_England_SHEF-C046A_2020_EPI_ISL_420215)
Align target 362 (hCoV-19_India_ILSCV19144_2020_EPI_ISL_463065_2020-05-14)
Align target 363 (hCoV-19_New_Zealand_20VR1449_2020_EPI_ISL_456216_2020-03-22)
Align target 364 (hCoV-19_England_SHEF-C092F_2020_EPI_ISL_420176)
Align target 365 (hCoV-19_England_20174049204_2020_EPI_ISL_465403_2020-04-20)
Align target 366 (hCoV-19_Australia_VIC536_2020_EPI_ISL_426802)
Align target 367 (hCoV-19_England_20206140504_2020_EPI_ISL_465669_2020-05-14)
Align target 368 (hCoV-19_USA_NY-Wadsworth-22874-01_2020_EPI_ISL_426315)
Align target 369 (hCoV-19_Australia_NSW331_2020_EPI_ISL_451593_2020-03-25)
Align target 370 (hCoV-19_USA_TX_2020_2020_EPI_ISL_419561)
Align target 371 (hCoV-19_England_LOND-D58DF_2020_EPI_ISL_457274_2020-04-17)
Align target 372 (hCoV-19_Portugal_PT0499_2020_EPI_ISL_454223_2020-03-13)
Align target 373 (hCoV-19_England_CAMB-7F2BB_2020_EPI_ISL_442900_2020-04-07)
Align target 374 (hCoV-19_USA_NJ-QDX-124_2020_EPI_ISL_467875_2020-03-16)
Align target 375 (hCoV-19_Netherlands_NA_667_2020_EPI_ISL_461102_2020-03-08)
Align target 376 (hCoV-19_England_201060025_2020_EPI_ISL_464368_2020-03-02)
Align target 377 (hCoV-19_Scotland_CVR1961_2020_EPI_ISL_433664_2020-04-09)
Align target 378 (hCoV-19_England_CAMB-1ADE37_2020_EPI_ISL_459435_2020-04-25)
Align target 379 (hCoV-19_Guangdong_GZ-S6-P0050_2020_EPI_ISL_413873)
Align target 380 (hCoV-19_Finland_13M69_2020_EPI_ISL_418396)
Align target 381 (hCoV-19_USA_NY-PV08477_2020_EPI_ISL_421419)
Align target 382 (hCoV-19_England_NOTT-110E7B_2020_EPI_ISL_448428_2020-04-29)
Align target 383 (hCoV-19_Spain_COV000948_2020_EPI_ISL_452625_2020-03-28)
Align target 384 (hCoV-19_Wales_PHWC-27A23_2020_EPI_ISL_432245_2020-04-01)
Align target 385 (hCoV-19_England_20128011204_2020_EPI_ISL_423932)
Align target 386 (hCoV-19_USA_WA-S626_2020_EPI_ISL_438179_2020-04-18)
Align target 387 (hCoV-19_England_LOND-D423C_2020_EPI_ISL_444105_2020-04-06)
Align target 388 (hCoV-19_USA_WA-NH17_2020_EPI_ISL_418784)
Align target 389 (hCoV-19_England_CAMB-73F38_2020_EPI_ISL_440321_2020-03-20)
Align target 390 (hCoV-19_England_20126033202_2020_EPI_ISL_418761)
Align target 391 (hCoV-19_Netherlands_Gelderland_48_2020_EPI_ISL_460948_2020-03-26)
Align target 392 (hCoV-19_England_CAMB-72F2A_2020_EPI_ISL_440097_2020-03-23)
Align target 393 (hCoV-19_Thailand_Bangkok-0048_2020_EPI_ISL_429184)
Align target 394 (hCoV-19_Wales_PHWC-2A0C4_2020_EPI_ISL_431901_2020-04-04)
Align target 395 (hCoV-19_England_NORT-288E9B_2020_EPI_ISL_458705_2020-03-24)
Align target 396 (hCoV-19_Wales_PHWC-2DEF4_2020_EPI_ISL_446038_2020-04-09)
Align target 397 (hCoV-19_Canada_ON-UHTC_0038_2020_EPI_ISL_464018_2020-04-03)
Align target 398 (hCoV-19_England_CAMB-791C3_2020_EPI_ISL_441826_2020-04-03)
Align target 399 (hCoV-19_USA_PA-MGSC53-05_2020_EPI_ISL_436501_2020-03)
Align target 400 (hCoV-19_England_20144006904_2020_EPI_ISL_423496)
Align target 401 (hCoV-19_Canada_QC_AZ8_2020_EPI_ISL_463960_2020-04-12)
Align target 402 (hCoV-19_England_CAMB-80B52_2020_EPI_ISL_443046_2020-04-11)
Align target 403 (hCoV-19_England_CAMB-79390_2020_EPI_ISL_441832_2020-04-03)
Align target 404 (hCoV-19_New_Zealand_20VR1109_2020_EPI_ISL_456190_2020-03-03)
Align target 405 (hCoV-19_USA_NY-NYUMC500_2020_EPI_ISL_444617_2020-03-30)
Align target 406 (hCoV-19_Wales_PHWC-31F63_2020_EPI_ISL_446590_2020-04-13)
Align target 407 (hCoV-19_Belgium_ULG-10054_2020_EPI_ISL_424656)
Align target 408 (hCoV-19_Russia_StPetersburg-RII4980S_2020_EPI_ISL_430079)
Align target 409 (hCoV-19_England_201390494_2020_EPI_ISL_465850_2020-03-23)
Align target 410 (hCoV-19_Denmark_ALAB-HH-125_2020_EPI_ISL_452006_2020-03-11)
Align target 411 (hCoV-19_Scotland_CVR57_2020_EPI_ISL_425787)
Align target 412 (hCoV-19_Thailand_Bangkok-0037_2020_EPI_ISL_429173)
Align target 413 (hCoV-19_England_SHEF-C02F7_2020_EPI_ISL_420222)
Align target 414 (hCoV-19_USA_VA-DCLS-0183_2020_EPI_ISL_437399_2020-03-31)
Align target 415 (hCoV-19_England_20130061504_2020_EPI_ISL_423640)
Align target 416 (hCoV-19_Wales_PHWC-27021_2020_EPI_ISL_422099)
Align target 417 (hCoV-19_England_CAMB-814B0_2020_EPI_ISL_442527_2020-04-10)
Align target 418 (hCoV-19_USA_WA-S230_2020_EPI_ISL_430268)
Align target 419 (hCoV-19_Belgium_Rega-0329225_2020_EPI_ISL_458195_2020-03-29)
Align target 420 (hCoV-19_USA_UT-00076_2020_EPI_ISL_430027)
Align target 421 (hCoV-19_England_20154029904_2020_EPI_ISL_466258_2020-04-07)
Align target 422 (hCoV-19_Netherlands_Zeeland_43_2020_EPI_ISL_461282_2020-03-28)
Align target 423 (hCoV-19_USA_MA-MGH-00460_2020_EPI_ISL_460220_2020-04-04)
Align target 424 (hCoV-19_England_NORW-E88AC_2020_EPI_ISL_448244_2020-04-11)
Align target 425 (hCoV-19_Kazakhstan_26545_2020_EPI_ISL_454591_2020-04-26)
Align target 426 (hCoV-19_Scotland_GCVR-170626_2020_EPI_ISL_459586_2020-03-24)
Align target 427 (hCoV-19_USA_CA-CZBRR057IX00071_2020_EPI_ISL_428991)
Align target 428 (hCoV-19_Netherlands_Limburg_34_2020_EPI_ISL_461022_2020-04-19)
Align target 429 (hCoV-19_USA_MN-MDH-1055_2020_EPI_ISL_462900_2020-05-14)
Align target 430 (hCoV-19_Wales_PHWC-26435_2020_EPI_ISL_422334)
Align target 431 (hCoV-19_Scotland_GCVR-170B90_2020_EPI_ISL_459668_2020-03-25)
Align target 432 (hCoV-19_England_20142006104_2020_EPI_ISL_465906_2020-03-30)
Align target 433 (hCoV-19_Australia_NSW328_2020_EPI_ISL_451590_2020-03-30)
Align target 434 (hCoV-19_Belgium_ULG-10131_2020_EPI_ISL_427376)
Align target 435 (hCoV-19_Greece_142_2020_EPI_ISL_434478_2020-03-14)
Align target 436 (hCoV-19_Scotland_EDB421_2020_EPI_ISL_426006)
Align target 437 (hCoV-19_England_CAMB-7958B_2020_EPI_ISL_441074_2020-04-03)
Align target 438 (hCoV-19_England_20139015304_2020_EPI_ISL_423340)
Align target 439 (hCoV-19_USA_NY-NYUMC886_2020_EPI_ISL_467379_2020-04-30)
Align target 440 (hCoV-19_England_LIVE-993B8_2020_EPI_ISL_439715_2020-04-08)
Align target 441 (hCoV-19_Scotland_EDB3631_2020_EPI_ISL_439301_2020-04-27)
Align target 442 (hCoV-19_Wales_PHWC-2E97A_2020_EPI_ISL_446092_2020-04-07)
Align target 443 (hCoV-19_Scotland_CVR801_2020_EPI_ISL_433343_2020-03-27)
Align target 444 (hCoV-19_Spain_Andalucia201649_2020_EPI_ISL_455324_2020-03-03)
Align target 445 (hCoV-19_Spain_Valencia254_2020_EPI_ISL_436349_2020-03-26)
Align target 446 (hCoV-19_England_BRIS-131199_2020_EPI_ISL_467714_2020-05-21)
Align target 447 (hCoV-19_Portugal_PT0113_2020_EPI_ISL_453829_2020-03-25)
Align target 448 (hCoV-19_USA_WA-S774_2020_EPI_ISL_449944_2020-04-14)
Align target 449 (hCoV-19_England_20118148204_2020_EPI_ISL_464977_2020-03-12)
Align target 450 (hCoV-19_England_CAMB-7C2AF_2020_EPI_ISL_434021_2020-04-14)
Align target 451 (hCoV-19_Germany_BAV-MVP0090_2020_EPI_ISL_437284_2020-04-02)
Align target 452 (hCoV-19_USA_NY-NYUMC441_2020_EPI_ISL_435508_2020-04-15)
Align target 453 (hCoV-19_England_20104008402_2020_EPI_ISL_417228)
Align target 454 (hCoV-19_USA_NY-PV08425_2020_EPI_ISL_421383)
Align target 455 (hCoV-19_USA_LA-EVTL128_2020_EPI_ISL_451289_2020-05-06)
Align target 456 (hCoV-19_Sweden_KI-CTMR-V300037768-3D_2020_EPI_ISL_444487_2020-03)
Align target 457 (hCoV-19_Iceland_604_2020_EPI_ISL_424624)
Align target 458 (hCoV-19_USA_LA-EVTL155_2020_EPI_ISL_455998_2020-04-01)
Align target 459 (hCoV-19_Portugal_PT0161_2020_EPI_ISL_453877_2020-03-28)
Align target 460 (hCoV-19_Northern_Ireland_NIRE-FA889_2020_EPI_ISL_459350_2020-04-15)
Align target 461 (hCoV-19_England_CAMB-1AD7B4_2020_EPI_ISL_448008_2020-04-30)
Align target 462 (hCoV-19_Sweden_20-08146_2020_EPI_ISL_429118)
Align target 463 (hCoV-19_USA_LA-BIE-070_2020_EPI_ISL_455623_2020-04-06)
Align target 464 (hCoV-19_Netherlands_NA_551_2020_EPI_ISL_460719_2020-03-31)
Align target 465 (hCoV-19_USA_NY-WCMP12G08P_2020_EPI_ISL_427617)
Align target 466 (hCoV-19_France_OCC-4_2020_EPI_ISL_434619_2020-03)
Align target 467 (hCoV-19_Scotland_EDB3764_2020_EPI_ISL_439319_2020-04-29)
Align target 468 (hCoV-19_USA_TX-HMH0359_2020_EPI_ISL_434952_2020-03-29)
Align target 469 (hCoV-19_England_SHEF-C4378_2020_EPI_ISL_441960_2020-04-11)
Align target 470 (hCoV-19_England_NOTT-110C9F_2020_EPI_ISL_448401_2020-05-01)
Align target 471 (hCoV-19_India_GBRC150a_2020_EPI_ISL_458112_2020-05-18)
Align target 472 (hCoV-19_Scotland_EDB1076_2020_EPI_ISL_433384_2020-04-07)
Align target 473 (hCoV-19_Canada_BC_10589793_2020_EPI_ISL_467314_2020-04)
Align target 474 (hCoV-19_France_IDF3345_2020_EPI_ISL_421513)
Align target 475 (hCoV-19_Canada_ON_PHL5472_2020_EPI_ISL_418325)
Align target 476 (hCoV-19_USA_CA-SR0399_2020_EPI_ISL_458272_2020-04-21)
Align target 477 (hCoV-19_England_20109053304_2020_EPI_ISL_464583_2020-03-07)
Align target 478 (hCoV-19_Teleorman_ChVir7246_2020_EPI_ISL_467780_2020-04-26)
Align target 479 (hCoV-19_USA_WA-S633_2020_EPI_ISL_438186_2020-04-17)
Align target 480 (hCoV-19_Saudi_Arabia_KAUST-Makkah159_2020_EPI_ISL_437477_2020-04-09)
Align target 481 (hCoV-19_Scotland_CVR1923_2020_EPI_ISL_453013_2020-04-09)
Align target 482 (hCoV-19_England_20129013104_2020_EPI_ISL_423992)
Align target 483 (hCoV-19_England_CAMB-723C4_2020_EPI_ISL_439904_2020-03-24)
Align target 484 (hCoV-19_England_CAMB-817B7_2020_EPI_ISL_442538_2020-04-11)
Align target 485 (hCoV-19_Wales_PHWC-312C4_2020_EPI_ISL_446431_2020-04-10)
Align target 486 (hCoV-19_England_LIVE-9C6BC_2020_EPI_ISL_449569_2020-03-31)
Align target 487 (hCoV-19_England_20168005004_2020_EPI_ISL_466598_2020-04-17)
Align target 488 (hCoV-19_England_20118175304_2020_EPI_ISL_464996_2020-03-12)
Align target 489 (hCoV-19_Hong_Kong_HKU-907b_2020_EPI_ISL_434568_2020-01-29)
Align target 490 (hCoV-19_Germany_COV7_2020-03-26_EPI_ISL_457750_2020-03-26)
Align target 491 (hCoV-19_Wales_PHWC-2BC65_2020_EPI_ISL_445826_2020-04-09)
Align target 492 (hCoV-19_Spain_LaRioja201570_2020_EPI_ISL_455341_2020-03-03)
Align target 493 (hCoV-19_Germany_BAV-MVP0229_2020_EPI_ISL_466897_2020-04-24)
Align target 494 (hCoV-19_Portugal_PT0265_2020_EPI_ISL_453979_2020-04-04)
Align target 495 (hCoV-19_England_20140069004_2020_EPI_ISL_423402)
Align target 496 (hCoV-19_Egypt_CUNCI-HGC028_2020_EPI_ISL_468062_2020-05-02)
Align target 497 (hCoV-19_Belgium_ULG-8578_2020_EPI_ISL_418638)
Align target 498 (hCoV-19_England_CAMB-8218B_2020_EPI_ISL_438626_2020-04-20)
Align target 499 (hCoV-19_USA_WI-UW-286_2020_EPI_ISL_436580_2020-04-06)
Align target 500 (hCoV-19_USA_TX-HMH0282_2020_EPI_ISL_434910_2020-03-27)
Align target 501 (hCoV-19_Guangzhou_GZMU0078_2020_EPI_ISL_457690_2020-02-11)
Align target 502 (hCoV-19_Greece_54_37163_2020_EPI_ISL_447835_2020-03-31)
Align target 503 (hCoV-19_England_20139045504_2020_EPI_ISL_420685)
Align target 504 (hCoV-19_England_CAMB-80EB3_2020_EPI_ISL_444441_2020-04-17)
Align target 505 (hCoV-19_England_CAMB-79CC2_2020_EPI_ISL_440599_2020-04-02)
Align target 506 (hCoV-19_Wales_PHWC-2EA1D_2020_EPI_ISL_446100_2020-04-07)
Align target 507 (hCoV-19_Scotland_GCVR-172BE9_2020_EPI_ISL_459139_2020-04-06)
Align target 508 (hCoV-19_England_20138087304_2020_EPI_ISL_421844)
Align target 509 (hCoV-19_Belgium_ULG-10102_2020_EPI_ISL_427353)
Align target 510 (hCoV-19_Canada_NB_21_2020_EPI_ISL_429811)
Align target 511 (hCoV-19_Beijing_DT-travelUSA03_2020_EPI_ISL_452340_2020-03-19)
Align target 512 (hCoV-19_England_20126003006_2020_EPI_ISL_423876)
Align target 513 (hCoV-19_Spain_COV001410_2020_EPI_ISL_452491_2020-03-20)
Align target 514 (hCoV-19_England_20142023704_2020_EPI_ISL_423448)
Align target 515 (hCoV-19_England_20142083604_2020_EPI_ISL_423465)
Align target 516 (hCoV-19_Luxembourg_LNS0113568_2020_EPI_ISL_428942)
Align target 517 (hCoV-19_Spain_COV001090_2020_EPI_ISL_452596_2020-03-27)
Align target 518 (hCoV-19_Germany_BAV-MVP0086_2020_EPI_ISL_437280_2020-04-01)
Align target 519 (hCoV-19_England_201360136_2020_EPI_ISL_423223)
Align target 520 (hCoV-19_England_20146005804_2020_EPI_ISL_423574)
Align target 521 (hCoV-19_USA_UN-UW-5769_2020_EPI_ISL_430924_2020-04-07)
Align target 522 (hCoV-19_USA_MI-MDHHS-SC20239_2020_EPI_ISL_447209_2020-03-24)
Align target 523 (hCoV-19_SouthAfrica_Tygerberg_03_2020_EPI_ISL_464114_2020-03-27)
Align target 524 (hCoV-19_Denmark_ALAB-HH57_2020_EPI_ISL_429305)
Align target 525 (hCoV-19_USA_NY-NYUMC287_2020_EPI_ISL_428801)
Align target 526 (hCoV-19_Poland_PL_P35_2020_EPI_ISL_455448_2020-04-01)
Align target 527 (hCoV-19_England_PORT-2CF6BE_2020_EPI_ISL_461973_2020-05-12)
Align target 528 (hCoV-19_Iceland_452_2020_EPI_ISL_424476)
Align target 529 (hCoV-19_Northern_Ireland_NIRE-FC6BA_2020_EPI_ISL_459404_2020-04-21)
Align target 530 (hCoV-19_Austria_CeMM0218_2020_EPI_ISL_438052_2020-03-16)
Align target 531 (hCoV-19_South_Africa_KRISP-0167_2020_EPI_ISL_467517_2020-06-02)
Align target 532 (hCoV-19_Luxembourg_LNS7640155_2020_EPI_ISL_429736)
Align target 533 (hCoV-19_USA_CT-Yale-239_2020_EPI_ISL_463171_2020-04-01)
Align target 534 (hCoV-19_USA_WA-S890_2020_EPI_ISL_463380_2020-04-28)
Align target 535 (hCoV-19_England_CAMB-1B11DD_2020_EPI_ISL_459173_2020-05-07)
Align target 536 (hCoV-19_England_20144000104_2020_EPI_ISL_465971_2020-03-31)
Align target 537 (hCoV-19_Canada_BC_02511020_2020_EPI_ISL_466724_2020-04)
Align target 538 (hCoV-19_India_ILSCV17568_2020_EPI_ISL_463056_2020-05-12)
Align target 539 (hCoV-19_USA_MI-MDHHS-SC20098_2020_EPI_ISL_437185_2020-03-30)
Align target 540 (hCoV-19_England_LIVE-9994D_2020_EPI_ISL_439776_2020-04-09)
Align target 541 (hCoV-19_USA_WA6-UW3_2020_EPI_ISL_413457)
Align target 542 (hCoV-19_Netherlands_NA_655_2020_EPI_ISL_461090_2020)
Align target 543 (hCoV-19_England_20129001404_2020_EPI_ISL_423975)
Align target 544 (hCoV-19_England_20149042204_2020_EPI_ISL_466192_2020-04-02)
Align target 545 (hCoV-19_Shanghai_SH0107_2020_EPI_ISL_416397)
Align target 546 (hCoV-19_England_SHEF-CC0A6_2020_EPI_ISL_442405_2020-04-09)
Align target 547 (hCoV-19_England_BRIS-124A9E_2020_EPI_ISL_443960_2020-03-26)
Align target 548 (hCoV-19_Canada_BC_26646523_2020_EPI_ISL_463248_2020-03)
Align target 549 (hCoV-19_Wales_PHWC-274E9_2020_EPI_ISL_432422_2020-03-30)
Align target 550 (hCoV-19_USA_WI-GMF-01999_2020_EPI_ISL_436895_2020-04-28)
Align target 551 (hCoV-19_USA_NY-QDX-147_2020_EPI_ISL_467896_2020-03-15)
Align target 552 (hCoV-19_England_20138020804_2020_EPI_ISL_423301)
Align target 553 (hCoV-19_England_CAMB-7FEE4_2020_EPI_ISL_444431_2020-04-19)
Align target 554 (hCoV-19_Wales_PHWC-26F16_2020_EPI_ISL_422204)
Align target 555 (hCoV-19_England_LIVE-9A7AC_2020_EPI_ISL_449365_2020-03-30)
Align target 556 (hCoV-19_England_CAMB-7AC58_2020_EPI_ISL_433857_2020-04-08)
Align target 557 (hCoV-19_Spain_COV002000_2020_EPI_ISL_452398_2020-03-16)
Align target 558 (hCoV-19_England_CAMB-81474_2020_EPI_ISL_442573_2020-04-10)
Align target 559 (hCoV-19_Scotland_EDB4209_2020_EPI_ISL_456935_2020-04-21)
Align target 560 (hCoV-19_USA_WA-UW138_2020_EPI_ISL_416676)
Align target 561 (hCoV-19_Luxembourg_LNS8655659_2020_EPI_ISL_434492_2020-04-12)
Align target 562 (hCoV-19_England_NORW-E952C_2020_EPI_ISL_448318_2020-04-22)
Align target 563 (hCoV-19_Scotland_EDB4679_2020_EPI_ISL_449320_2020-05-08)
Align target 564 (hCoV-19_Japan_P5-3_2020_EPI_ISL_419311)
Align target 565 (hCoV-19_England_CAMB-77F52_2020_EPI_ISL_441243_2020-04-01)
Align target 566 (hCoV-19_USA_MI-MDHHS-SC20252_2020_EPI_ISL_447222_2020-03-22)
Align target 567 (hCoV-19_England_EXET-135915_2020_EPI_ISL_457116_2020-04-13)
Align target 568 (hCoV-19_England_CAMB-1AD6D5_2020_EPI_ISL_447997_2020-05-01)
Align target 569 (hCoV-19_Spain_COV001060_2020_EPI_ISL_452613_2020-04-01)
Align target 570 (hCoV-19_USA_MI-MDHHS-SC20504_2020_EPI_ISL_460042_2020-05-11)
Align target 571 (hCoV-19_England_CAMB-1AFC59_2020_EPI_ISL_459210_2020-05-02)
Align target 572 (hCoV-19_Scotland_CVR427_2020_EPI_ISL_439079_2020-03-23)
Align target 573 (hCoV-19_Wales_PHWC-2955D_2020_EPI_ISL_445530_2020-04-02)
Align target 574 (hCoV-19_USA_NC_200325_2020_EPI_ISL_454821_2020-04)
Align target 575 (hCoV-19_Wales_PHWC-2BAC5_2020_EPI_ISL_445805_2020-03-28)
Align target 576 (hCoV-19_England_SHEF-D0D99_2020_EPI_ISL_432620_2020-03-28)
Align target 577 (hCoV-19_England_20119006204_2020_EPI_ISL_465017_2020-03-13)
Align target 578 (hCoV-19_England_NORW-E6E42_2020_EPI_ISL_448983_2020-04-21)
Align target 579 (hCoV-19_Netherlands_NA_187_2020_EPI_ISL_422722)
Align target 580 (hCoV-19_Netherlands_NoordBrabant_141_2020_EPI_ISL_461176_2020)
Align target 581 (hCoV-19_England_20129174404_2020_EPI_ISL_424149)
Align target 582 (hCoV-19_England_CAMB-1AE1A6_2020_EPI_ISL_459500_2020-04-27)
Align target 583 (hCoV-19_England_CAMB-1AC296_2020_EPI_ISL_444387_2020-04-28)
Align target 584 (hCoV-19_England_OXON-AE392_2020_EPI_ISL_448686_2020)
Align target 585 (hCoV-19_England_20139043404_2020_EPI_ISL_420678)
Align target 586 (hCoV-19_Switzerland_120171_2020_EPI_ISL_468249_2020-04-26)
Align target 587 (hCoV-19_England_20116159902_2020_EPI_ISL_464861_2020-03-11)
Align target 588 (hCoV-19_Canada_BC_21388915_2020_EPI_ISL_462811_2020-03)
Align target 589 (hCoV-19_England_20149052604_2020_EPI_ISL_466207_2020-04-04)
Align target 590 (hCoV-19_England_OXON-AD973_2020_EPI_ISL_448605_2020)
Align target 591 (hCoV-19_England_CAMB-826F5_2020_EPI_ISL_443524_2020-04-13)
Align target 592 (hCoV-19_USA_MI-MDHHS-SC20639_2020_EPI_ISL_462721_2020-04-24)
Align target 593 (hCoV-19_England_20109000704_2020_EPI_ISL_464491_2020-03-06)
Align target 594 (hCoV-19_USA_AK-PHL118_2020_EPI_ISL_427622)
Align target 595 (hCoV-19_USA_NY-PV09134_2020_EPI_ISL_422506)
Align target 596 (hCoV-19_Sweden_20-08693_2020_EPI_ISL_429134)
Align target 597 (hCoV-19_Guangzhou_GZMU0034_2020_EPI_ISL_429086)
Align target 598 (hCoV-19_Wales_PHWC-3414C_2020_EPI_ISL_446876_2020-04-16)
Align target 599 (hCoV-19_Scotland_EDB886_2020_EPI_ISL_433265_2020-04-04)
Align target 600 (hCoV-19_USA_TX-HMH0357_2020_EPI_ISL_434950_2020-03-29)
Align target 601 (hCoV-19_Canada_QC_AC6_2020_EPI_ISL_444509_2020-04-05)
Align target 602 (hCoV-19_England_CAMB-7A502_2020_EPI_ISL_441316_2020-04-02)
Align target 603 (hCoV-19_USA_CA-SR0182_2020_EPI_ISL_437595_2020-03-22)
Align target 604 (hCoV-19_England_LIVE-99A95_2020_EPI_ISL_439792_2020-04-12)
Align target 605 (hCoV-19_England_CAMB-720CD_2020_EPI_ISL_439918_2020-03-28)
Align target 606 (hCoV-19_England_BRIS-12177C_2020_EPI_ISL_440256_2020-03-03)
Align target 607 (hCoV-19_Romania_278406_2020_EPI_ISL_445220_2020-04-30)
Align target 608 (hCoV-19_USA_WI-153_2020_EPI_ISL_427460)
Align target 609 (hCoV-19_Belgium_ULG-10180_2020_EPI_ISL_455968_2020-5-9)
Align target 610 (hCoV-19_England_CAMB-1AF600_2020_EPI_ISL_448086_2020-05-06)
Align target 611 (hCoV-19_USA_WA-UW-8527_2020_EPI_ISL_461407_2020-05-04)
Align target 612 (hCoV-19_Netherlands_ZuidHolland_211_2020_EPI_ISL_461383_2020-05-07)
Align target 613 (hCoV-19_Singapore_116_2020_EPI_ISL_443208_2020-03-18)
Align target 614 (hCoV-19_France_B2348_2020_EPI_ISL_416511)
Align target 615 (hCoV-19_England_LIVE-992AC_2020_EPI_ISL_439707_2020-04-08)
Align target 616 (hCoV-19_England_CAMB-81A72_2020_EPI_ISL_442557_2020-04-12)
Align target 617 (hCoV-19_England_CAMB-7B9E7_2020_EPI_ISL_441604_2020-04-05)
Align target 618 (hCoV-19_Serbia_CA3089-04_2020_EPI_ISL_454795_2020-04-25)
Align target 619 (hCoV-19_Spain_COV001376_2020_EPI_ISL_452525_2020-03-13)
Align target 620 (hCoV-19_USA_NY-NYUMC493_2020_EPI_ISL_436741_2020-03-18)
Align target 621 (hCoV-19_USA_WA-S1140_2020_EPI_ISL_463630_2020-05-04)
Align target 622 (hCoV-19_Canada_ON_PHL6922_2020_EPI_ISL_418364)
Align target 623 (hCoV-19_Spain_COV003720_2020_EPI_ISL_467236_2020-04-03)
Align target 624 (hCoV-19_England_SHEF-CCD90_2020_EPI_ISL_442422_2020-03-25)
Align target 625 (hCoV-19_England_201380276_2020_EPI_ISL_421826)
Align target 626 (hCoV-19_England_CAMB-78601_2020_EPI_ISL_433756_2020-04-05)
Align target 627 (hCoV-19_England_20149006104_2020_EPI_ISL_466115_2020-04-01)
Align target 628 (hCoV-19_Denmark_ALAB-SSI279_2020_EPI_ISL_429439)
Align target 629 (hCoV-19_England_20166056104_2020_EPI_ISL_466551_2020-04-14)
Align target 630 (hCoV-19_England_CAMB-7CB68_2020_EPI_ISL_441645_2020-04-05)
Align target 631 (hCoV-19_England_20144006404_2020_EPI_ISL_423494)
Align target 632 (hCoV-19_Canada_QC-AL8_2020_EPI_ISL_450651_2020-04-07)
Align target 633 (hCoV-19_USA_WA-S892_2020_EPI_ISL_463382_2020-04-28)
Align target 634 (hCoV-19_USA_IL-NM093_2020_EPI_ISL_444582_2020-03-19)
Align target 635 (hCoV-19_Sweden_20-50288_2020_EPI_ISL_454899_2020-03-10)
Align target 636 (hCoV-19_Wales_PHWC-23EA3_2020_EPI_ISL_418124)
Align target 637 (hCoV-19_USA_WA-S201_2020_EPI_ISL_430239)
Align target 638 (hCoV-19_Canada_BC_03423088_2020_EPI_ISL_466740_2020-04)
Align target 639 (hCoV-19_Netherlands_Friesland_9_2020_EPI_ISL_422573)
Align target 640 (hCoV-19_England_NORW-E8305_2020_EPI_ISL_449140_2020-04-08)
Align target 641 (hCoV-19_England_LIVE-9DED1_2020_EPI_ISL_453246_2020-04-05)
Align target 642 (hCoV-19_England_CAMB-79AC8_2020_EPI_ISL_433820_2020-03-26)
Align target 643 (hCoV-19_England_EXET-13548D_2020_EPI_ISL_457064_2020-04-17)
Align target 644 (hCoV-19_Australia_VIC1582_2020_EPI_ISL_456501_2020)
Align target 645 (hCoV-19_England_NOTT-10EB79_2020_EPI_ISL_425645)
Align target 646 (hCoV-19_England_LOND-D380E_2020_EPI_ISL_440991_2020-04-02)
Align target 647 (hCoV-19_Belgium_JL-03044_2020_EPI_ISL_418270)
Align target 648 (hCoV-19_Taiwan_TSGH-03_2020_EPI_ISL_426631)
Align target 649 (hCoV-19_England_CAMB-75C3F_2020_EPI_ISL_438353_2020-03-29)
Align target 650 (hCoV-19_USA_WA-S404_2020_EPI_ISL_434164_2020-03-26)
Align target 651 (hCoV-19_Netherlands_ZuidHolland_159_2020_EPI_ISL_461331_2020-04-28)
Align target 652 (hCoV-19_England_201360538_2020_EPI_ISL_423266)
Align target 653 (hCoV-19_England_20120107804_2020_EPI_ISL_465732_2020-03-16)
Align target 654 (hCoV-19_England_20149023904_2020_EPI_ISL_466173_2020-04-03)
Align target 655 (hCoV-19_Israel_2020084_2020_EPI_ISL_447410_2020-03-17)
Align target 656 (hCoV-19_England_NOTT-110D41_2020_EPI_ISL_448412_2020-04-29)
Align target 657 (hCoV-19_Northern_Ireland_NIRE-FAE96_2020_EPI_ISL_448931_2020-03-26)
Align target 658 (hCoV-19_England_CAMB-731D8_2020_EPI_ISL_440143_2020-03-21)
Align target 659 (hCoV-19_Switzerland_101173_2020_EPI_ISL_451836_2020-03-31)
Align target 660 (hCoV-19_India_NIV-7786_2020_EPI_ISL_452209_2020-04-06)
Align target 661 (hCoV-19_England_CAMB-7BBC3_2020_EPI_ISL_442105_2020-04-05)
Align target 662 (hCoV-19_Scotland_EDB4536_2020_EPI_ISL_461719_2020-05-06)
Align target 663 (hCoV-19_Australia_VIC739_2020_EPI_ISL_427018)
Align target 664 (hCoV-19_Wales_PHWC-32F08_2020_EPI_ISL_446708_2020-04-14)
Align target 665 (hCoV-19_England_NORW-EA154_2020_EPI_ISL_457329_2020-05-13)
Align target 666 (hCoV-19_England_NORW-EB28D_2020_EPI_ISL_457413_2020-05-03)
Align target 667 (hCoV-19_England_20122034904_2020_EPI_ISL_465755_2020-03-15)
Align target 668 (hCoV-19_England_20148032904_2020_EPI_ISL_466054_2020-03-31)
Align target 669 (hCoV-19_DRC_1982_2020_EPI_ISL_435160_2020-04-12)
Align target 670 (hCoV-19_England_20189019804_2020_EPI_ISL_465525_2020-05-01)
Align target 671 (hCoV-19_USA_TX-HMH0202_2020_EPI_ISL_434877_2020-03-24)
Align target 672 (hCoV-19_Austria_CeMM0011_2020_EPI_ISL_419664)
Align target 673 (hCoV-19_Sweden_20-07377_2020_EPI_ISL_455101_2020-04-15)
Align target 674 (hCoV-19_USA_NY-PV08435_2020_EPI_ISL_421390)
Align target 675 (hCoV-19_England_LIVE-9C494_2020_EPI_ISL_449542_2020-03-31)
Align target 676 (hCoV-19_England_20156001904_2020_EPI_ISL_466285_2020-04-07)
Align target 677 (hCoV-19_England_20138017304_2020_EPI_ISL_423287)
Align target 678 (hCoV-19_India_ILSCV19192_2020_EPI_ISL_463067_2020-05-14)
Align target 679 (hCoV-19_England_PORT-2CF742_2020_EPI_ISL_461979_2020-05-12)
Align target 680 (hCoV-19_India_RMRC112_2020_EPI_ISL_455754_2020-05-06)
Align target 681 (hCoV-19_USA_NY-NYUMC765_2020_EPI_ISL_451479_2020-03-21)
Align target 682 (hCoV-19_Romania_284056_2020_EPI_ISL_455473_2020-05-14)
Align target 683 (hCoV-19_Bangladesh_BCSIR-NILMRC_078_2020_EPI_ISL_466693_2020-06-01)
Align target 684 (hCoV-19_Scotland_CVR2258_2020_EPI_ISL_453035_2020-04-12)
Align target 685 (hCoV-19_England_CAMB-7AFAA_2020_EPI_ISL_433902_2020-04-09)
Align target 686 (hCoV-19_Belgium_UGent-31_2020_EPI_ISL_434349_2020-03-26)
Align target 687 (hCoV-19_England_CAMB-8118C_2020_EPI_ISL_438575_2020-04-20)
Align target 688 (hCoV-19_Netherlands_NA_46_2020_EPI_ISL_422807)
Align target 689 (hCoV-19_England_CAMB-753D0_2020_EPI_ISL_440381_2020-03-14)
Align target 690 (hCoV-19_Netherlands_ZuidHolland_187_2020_EPI_ISL_461359_2020-04-23)
Align target 691 (hCoV-19_England_LIVE-9B2F5_2020_EPI_ISL_449431_2020-03-28)
Align target 692 (hCoV-19_USA_NY-WCMP10G05P_2020_EPI_ISL_427576)
Align target 693 (hCoV-19_Canada_MB_2_2020_EPI_ISL_429807)
Align target 694 (hCoV-19_India_NCDC-4874_2020_EPI_ISL_436459_2020-04-20)
Align target 695 (hCoV-19_USA_IL-UW-1311_2020_EPI_ISL_424173)
Align target 696 (hCoV-19_England_CAMB-72D7B_2020_EPI_ISL_440009_2020-03-22)
Align target 697 (hCoV-19_England_SHEF-C68A4_2020_EPI_ISL_441993_2020-04-11)
Align target 698 (hCoV-19_Czech_Republic_Seq6_2020_EPI_ISL_426359)
Align target 699 (hCoV-19_Wales_PHWC-317A7_2020_EPI_ISL_446486_2020-04-12)
Align target 700 (hCoV-19_USA_NY-NYUMC810_2020_EPI_ISL_456046_2020-03-25)
Align target 701 (hCoV-19_Luxembourg_LNS5519604_2020_EPI_ISL_429711)
Align target 702 (hCoV-19_Spain_Valencia549_2020_EPI_ISL_447491_2020-03-26)
Align target 703 (hCoV-19_Iceland_290_2020_EPI_ISL_417619)
Align target 704 (hCoV-19_England_BRIS-124BF5_2020_EPI_ISL_443919_2020-03-25)
Align target 705 (hCoV-19_England_SHEF-CA1D2_2020_EPI_ISL_432486_2020-03-30)
Align target 706 (hCoV-19_Australia_VIC1340_2020_EPI_ISL_430686)
Align target 707 (hCoV-19_England_OXON-AC938_2020_EPI_ISL_448496_2020-04-06)
Align target 708 (hCoV-19_USA_WA-UW-3959_2020_EPI_ISL_427220)
Align target 709 (hCoV-19_England_OXON-AEF43_2020_EPI_ISL_448797_2020-04-07)
Align target 710 (hCoV-19_England_NORT-28A093_2020_EPI_ISL_453522_2020-04-08)
Align target 711 (hCoV-19_Australia_VIC794_2020_EPI_ISL_427069)
Align target 712 (hCoV-19_England_201140286_2020_EPI_ISL_464719_2020-03-09)
Align target 713 (hCoV-19_England_BIRM-5EF15_2020_EPI_ISL_456665_2020)
Align target 714 (hCoV-19_England_CAMB-82437_2020_EPI_ISL_443533_2020-04-13)
Align target 715 (hCoV-19_Iceland_481_2020_EPI_ISL_424504)
Align target 716 (hCoV-19_England_CAMB-82D69_2020_EPI_ISL_443672_2020-04-14)
Align target 717 (hCoV-19_Wales_PHWC-33B12_2020_EPI_ISL_446788_2020-04-19)
Align target 718 (hCoV-19_Bangladesh_BCSIR_NILMRC_003_2020_EPI_ISL_462092_2020-05-23)
Align target 719 (hCoV-19_Luxembourg_LNS9324837_2020_EPI_ISL_419602)
Align target 720 (hCoV-19_England_SHEF-C3F66_2020_EPI_ISL_441956_2020-04-09)
Align target 721 (hCoV-19_Northern_Ireland_NIRE-FA652_2020_EPI_ISL_441766_2020-03-31)
Align target 722 (hCoV-19_England_20099089404_2020_EPI_ISL_464227_2020-03-01)
Align target 723 (hCoV-19_England_CAMB-7233D_2020_EPI_ISL_439651_2020-03-25)
Align target 724 (hCoV-19_Denmark_ALAB-SSI286_2020_EPI_ISL_429444)
Align target 725 (hCoV-19_Canada_BC_03907778_2020_EPI_ISL_466755_2020-04)
Align target 726 (hCoV-19_England_CAMB-7ECAF_2020_EPI_ISL_442892_2020-04-07)
Align target 727 (hCoV-19_Canada_QC_AU9_2020_EPI_ISL_463948_2020-04-06)
Align target 728 (hCoV-19_Italy_VR_20COV_21-37_2020_EPI_ISL_422438)
Align target 729 (hCoV-19_England_CAMB-848C0_2020_EPI_ISL_440532_2020-03-05)
Align target 730 (hCoV-19_Australia_VIC206_2020_EPI_ISL_419901)
Align target 731 (hCoV-19_England_SHEF-D06DA_2020_EPI_ISL_462073_2020-04-19)
Align target 732 (hCoV-19_Spain_COV000920_2020_EPI_ISL_452650_2020-03-27)
Align target 733 (hCoV-19_England_SHEF-C5070_2020_EPI_ISL_441971_2020-04-12)
Align target 734 (hCoV-19_Scotland_EDB4840_2020_EPI_ISL_453165_2020-04-01)
Align target 735 (hCoV-19_England_EXET-136B87_2020_EPI_ISL_457252_2020-05-04)
Align target 736 (hCoV-19_USA_NY-NYUMC259_2020_EPI_ISL_428773)
Align target 737 (hCoV-19_England_CAMB-7774B_2020_EPI_ISL_439496_2020-03-31)
Align target 738 (hCoV-19_Belgium_ULG-10183_2020_EPI_ISL_455971_2020-5-9)
Align target 739 (hCoV-19_England_BRIS-125F07_2020_EPI_ISL_443894_2020-03-31)
Align target 740 (hCoV-19_Scotland_CVR1931_2020_EPI_ISL_438857_2020-04-08)
Align target 741 (hCoV-19_England_CAMB-7E119_2020_EPI_ISL_434041_2020-04-16)
Align target 742 (hCoV-19_Egypt_CUNCI-HGC002_2020_EPI_ISL_468045_2020-05-02)
Align target 743 (hCoV-19_England_NORW-EBDB9_2020_EPI_ISL_457509_2020-05-08)
Align target 744 (hCoV-19_Thailand_Bangkok-0076_2020_EPI_ISL_447017_2020-03-31)
Align target 745 (hCoV-19_Australia_SAP220_2020_EPI_ISL_467995_2020-03-15)
Align target 746 (hCoV-19_Netherlands_Friesland_11_2020_EPI_ISL_455114_2020-03-31)
Align target 747 (hCoV-19_USA_AZ-TGEN-TG273294_2020_EPI_ISL_426561)
Align target 748 (hCoV-19_England_CAMB-1B1B48_2020_EPI_ISL_453000_2020-05-13)
Align target 749 (hCoV-19_England_20129133904_2020_EPI_ISL_424105)
Align target 750 (hCoV-19_England_BRIS-12A7EC_2020_EPI_ISL_458476_2020-04-29)
Align target 751 (hCoV-19_Canada_BC_06998971_2020_EPI_ISL_466812_2020-04)
Align target 752 (hCoV-19_Japan_DP0196_2020_EPI_ISL_416583)
Align target 753 (hCoV-19_Wales_PHWC-27DFD_2020_EPI_ISL_431906_2020-03-24)
Align target 754 (hCoV-19_USA_NY-PV09362_2020_EPI_ISL_450050_2020-03-15)
Align target 755 (hCoV-19_England_BRIS-121DD4_2020_EPI_ISL_440113_2020-03-20)
Align target 756 (hCoV-19_India_2020781_2020_EPI_ISL_420554)
Align target 757 (hCoV-19_Japan_DP0133_2020_EPI_ISL_416576)
Align target 758 (hCoV-19_England_20144022204_2020_EPI_ISL_465991_2020-03-29)
Align target 759 (hCoV-19_England_EXET-13565A_2020_EPI_ISL_457081_2020-04-16)
Align target 760 (hCoV-19_USA_VA-DCLS-0246_2020_EPI_ISL_452820_2020-04-16)
Align target 761 (hCoV-19_England_BRIS-12A04B_2020_EPI_ISL_458451_2020-04-15)
Align target 762 (hCoV-19_Australia_VIC250_2020_EPI_ISL_419945)
Align target 763 (hCoV-19_Iceland_545_2020_EPI_ISL_424565)
Align target 764 (hCoV-19_Spain_COV002720_2020_EPI_ISL_467273_2020-04-07)
Align target 765 (hCoV-19_England_LIVE-9ED2E_2020_EPI_ISL_453388_2020-04-04)
Align target 766 (hCoV-19_Shanghai_SH0128_2020_EPI_ISL_416409)
Align target 767 (hCoV-19_Scotland_EDB3495_2020_EPI_ISL_439268_2020-04-13)
Align target 768 (hCoV-19_USA_NY-NYUMC242_2020_EPI_ISL_427641)
Align target 769 (hCoV-19_England_CAMB-73439_2020_EPI_ISL_440025_2020-03-20)
Align target 770 (hCoV-19_England_CAMB-76050_2020_EPI_ISL_439407_2020-03-30)
Align target 771 (hCoV-19_Australia_VIC87_2020_EPI_ISL_419797)
Align target 772 (hCoV-19_USA_NM-UNM-00064_2020_EPI_ISL_467529_2020-03-23)
Align target 773 (hCoV-19_England_CAMB-7CE05_2020_EPI_ISL_442151_2020-04-05)
Align target 774 (hCoV-19_Netherlands_NA_293_2020_EPI_ISL_422602)
Align target 775 (hCoV-19_England_SHEF-CFB48_2020_EPI_ISL_442460_2020-03-24)
Align target 776 (hCoV-19_England_CAMB-7E9A8_2020_EPI_ISL_442610_2020-04-07)
Align target 777 (hCoV-19_JOR_SEARCH-0044-JOR_2020_EPI_ISL_430002)
Align target 778 (hCoV-19_Denmark_ALAB-SSI263_2020_EPI_ISL_429425)
Align target 779 (hCoV-19_USA_MI-MDHHS-SC20034_2020_EPI_ISL_437121_2020-03-19)
Align target 780 (hCoV-19_USA_NY-NYUMC567_2020_EPI_ISL_444684_2020-03-30)
Align target 781 (hCoV-19_England_CAMB-77514_2020_EPI_ISL_438517_2020-03-31)
Align target 782 (hCoV-19_USA_NY-NYUMC108_2020_EPI_ISL_421720)
Align target 783 (hCoV-19_Australia_VIC40_2020_EPI_ISL_419758)
Align target 784 (hCoV-19_India_ILSCV18534_2020_EPI_ISL_463061_2020-05-13)
Align target 785 (hCoV-19_South_Africa_KRISP-0001_2020_EPI_ISL_467431_2020-03-23)
Align target 786 (hCoV-19_Denmark_ALAB-SSI497_2020_EPI_ISL_429571)
Align target 787 (hCoV-19_Australia_NSW494_2020_EPI_ISL_455034_2020-04-11)
Align target 788 (hCoV-19_USA_WA-S182_2020_EPI_ISL_430220)
Align target 789 (hCoV-19_USA_CA-SR0187_2020_EPI_ISL_437593_2020-03-25)
Align target 790 (hCoV-19_England_CAMB-815DB_2020_EPI_ISL_443017_2020-04-10)
Align target 791 (hCoV-19_England_NOTT-10FBE1_2020_EPI_ISL_432698_2020-04-07)
Align target 792 (hCoV-19_Netherlands_NA_348_2020_EPI_ISL_455153_2020-04-06)
Align target 793 (hCoV-19_Australia_NSW15_2020_EPI_ISL_417383)
Align target 794 (hCoV-19_USA_IL-UW-364_2020_EPI_ISL_450718_2020-04-16)
Align target 795 (hCoV-19_USA_CA-SCCPHD-UC115_2020_EPI_ISL_435594_2020-03-04)
Align target 796 (hCoV-19_Scotland_EDB137_2020_EPI_ISL_439148_2020-03-23)
Align target 797 (hCoV-19_USA_WA-S372_2020_EPI_ISL_434132_2020-03-26)
Align target 798 (hCoV-19_USA_CT-Yale-201_2020_EPI_ISL_463139_2020-03-30)
Align target 799 (hCoV-19_England_SHEF-CD3E8_2020_EPI_ISL_432544_2020-04-07)
Align target 800 (hCoV-19_England_CAMB-7DAC4_2020_EPI_ISL_441780_2020-04-06)
Align target 801 (hCoV-19_England_SHEF-C1645_2020_EPI_ISL_432727_2020-04-01)
Align target 802 (hCoV-19_USA_NY-PV09459_2020_EPI_ISL_450132_2020-03-19)
Align target 803 (hCoV-19_Scotland_CVR162_2020_EPI_ISL_425701)
Align target 804 (hCoV-19_England_NOTT-1117BB_2020_EPI_ISL_461923_2020-05-20)
Align target 805 (hCoV-19_USA_WI-241_2020_EPI_ISL_428337)
Align target 806 (hCoV-19_Turkey_GLAB-CoV013_2020_EPI_ISL_428368)
Align target 807 (hCoV-19_USA_TX-HMH068_2020_EPI_ISL_434777_2020-03-18)
Align target 808 (hCoV-19_USA_CruiseA-14_2020_EPI_ISL_413619)
Align target 809 (hCoV-19_Portugal_PT0623_2020_EPI_ISL_454346_2020-03-26)
Align target 810 (hCoV-19_Belgium_ULG-0184_2020_EPI_ISL_447127_2020-3-23)
Align target 811 (hCoV-19_Canada_QC_AA8_2020_EPI_ISL_444497_2020-04-07)
Align target 812 (hCoV-19_England_SHEF-C60BB_2020_EPI_ISL_441986_2020-04-13)
Align target 813 (hCoV-19_Scotland_CVR438_2020_EPI_ISL_433294_2020-03-23)
Align target 814 (hCoV-19_Scotland_CVR1398_2020_EPI_ISL_433567_2020-04-01)
Align target 815 (hCoV-19_England_CAMB-78470_2020_EPI_ISL_433736_2020-04-05)
Align target 816 (hCoV-19_Northern_Ireland_NIRE-FAE69_2020_EPI_ISL_448929_2020-03-26)
Align target 817 (hCoV-19_USA_OR-OHSU-0181_2020_EPI_ISL_468123_2020-05-11)
Align target 818 (hCoV-19_USA_OR-OHSU-0056_2020_EPI_ISL_468087_2020-04-21)
Align target 819 (hCoV-19_Scotland_CVR65_2020_EPI_ISL_425796)
Align target 820 (hCoV-19_USA_NM-UNM-00001_2020_EPI_ISL_467587_2020-03-11)
Align target 821 (hCoV-19_Belgium_Rega-0331264_2020_EPI_ISL_458234_2020-03-31)
Align target 822 (hCoV-19_Turkey_HSGM-10241_2020_EPI_ISL_429871)
Align target 823 (hCoV-19_England_CAMB-7B501_2020_EPI_ISL_433969_2020-04-12)
Align target 824 (hCoV-19_Wales_PHWC-28C68_2020_EPI_ISL_431978_2020-04-03)
Align target 825 (hCoV-19_Spain_Valencia169_2020_EPI_ISL_436264_2020-03-20)
Align target 826 (hCoV-19_Australia_VIC456_2020_EPI_ISL_426751)
Align target 827 (hCoV-19_USA_MA-MGH-00434_2020_EPI_ISL_460395_2020-03-07)
Align target 828 (hCoV-19_England_NORW-E9067_2020_EPI_ISL_453579_2020-04-25)
Align target 829 (hCoV-19_USA_VA-DCLS-0231_2020_EPI_ISL_452808_2020-04-05)
Align target 830 (hCoV-19_Wales_PHWC-28600_2020_EPI_ISL_432425_2020-04-01)
Align target 831 (hCoV-19_USA_WI-116_2020_EPI_ISL_425173)
Align target 832 (hCoV-19_USA_FL-BPHL-0134_2020_EPI_ISL_450868_2020-04-11)
Align target 833 (hCoV-19_India_CCMB_O2_2020_EPI_ISL_458067_2020-04-15)
Align target 834 (hCoV-19_England_CAMB-7441A_2020_EPI_ISL_425289)
Align target 835 (hCoV-19_Portugal_PT0341_2020_EPI_ISL_454057_2020-03-18)
Align target 836 (hCoV-19_Australia_VIC957_2020_EPI_ISL_430649)
Align target 837 (hCoV-19_England_BRIS-1255E7_2020_EPI_ISL_443804_2020-03-28)
Align target 838 (hCoV-19_Canada_ON-UHTC_0002_2020_EPI_ISL_464031_2020-03-19)
Align target 839 (hCoV-19_Denmark_ALAB-HH08_2020_EPI_ISL_429269)
Align target 840 (hCoV-19_England_20100004404_2020_EPI_ISL_464247_2020-02-29)
Align target 841 (hCoV-19_England_LIVE-9EB33_2020_EPI_ISL_453369_2020-04-05)
Align target 842 (hCoV-19_USA_IN-CDC-2006_2020_EPI_ISL_452136_2020-03-09)
Align target 843 (hCoV-19_England_CAMB-796C4_2020_EPI_ISL_441814_2020-04-03)
Align target 844 (hCoV-19_England_BRIS-125C88_2020_EPI_ISL_443726_2020-03-29)
Align target 845 (hCoV-19_USA_WA-UW-1825_2020_EPI_ISL_424272)
Align target 846 (hCoV-19_Canada_ON-UHTC_0049_2020_EPI_ISL_464013_2020-04-05)
Align target 847 (hCoV-19_USA_WA-UW-4663_2020_EPI_ISL_461400_2020-04-06)
Align target 848 (hCoV-19_Spain_COV001412_2020_EPI_ISL_452489_2020-03-20)
Align target 849 (hCoV-19_England_LIVE-9C1F7_2020_EPI_ISL_449520_2020-04-01)
Align target 850 (hCoV-19_USA_TX-HMH0423_2020_EPI_ISL_435006_2020-04-01)
Align target 851 (hCoV-19_England_NORW-E7E05_2020_EPI_ISL_449092_2020-05-06)
Align target 852 (hCoV-19_France_ARA11980_2020_EPI_ISL_419174)
Align target 853 (hCoV-19_Wales_PHWC-2F29C_2020_EPI_ISL_446227_2020-04-07)
Align target 854 (hCoV-19_USA_MN-MDH-1059_2020_EPI_ISL_462904_2020-05-14)
Align target 855 (hCoV-19_England_SHEF-C2134_2020_EPI_ISL_448837_2020-04-17)
Align target 856 (hCoV-19_Luxembourg_LNS7006156_2020_EPI_ISL_429757)
Align target 857 (hCoV-19_USA_WA-UW-6501_2020_EPI_ISL_437851_2020-04-03)
Align target 858 (hCoV-19_England_SHEF-CAAD7_2020_EPI_ISL_442365_2020-03-26)
Align target 859 (hCoV-19_Australia_VIC1392_2020_EPI_ISL_456425_2020-04-15)
Align target 860 (hCoV-19_USA_WA-S366_2020_EPI_ISL_434126_2020-03-09)
Align target 861 (hCoV-19_England_CAMB-83885_2020_EPI_ISL_443598_2020-04-16)
Align target 862 (hCoV-19_England_BRIS-121C9B_2020_EPI_ISL_440218_2020-03-18)
Align target 863 (hCoV-19_England_CAMB-81016_2020_EPI_ISL_438556_2020-04-20)
Align target 864 (hCoV-19_Australia_VIC936_2020_EPI_ISL_430470)
Align target 865 (hCoV-19_USA_IL-NM060_2020_EPI_ISL_444556_2020-03-18)
Align target 866 (hCoV-19_Switzerland_101187_2020_EPI_ISL_451849_2020-03-31)
Align target 867 (hCoV-19_Zhejiang_OS4_2020_EPI_ISL_455693_2020-03-24)
Align target 868 (hCoV-19_Wales_PHWC-3481A_2020_EPI_ISL_446980_2020-04-15)
Align target 869 (hCoV-19_Austria_CeMM0140_2020_EPI_ISL_437992_2020-03-13)
Align target 870 (hCoV-19_USA_LA-EVTL156_2020_EPI_ISL_455999_2020-04-01)
Align target 871 (hCoV-19_Netherlands_NA_600_2020_EPI_ISL_460763_2020-03-24)
Align target 872 (hCoV-19_England_20139042404_2020_EPI_ISL_420674)
Align target 873 (hCoV-19_Scotland_GCVR-170134_2020_EPI_ISL_459687_2020-03-23)
Align target 874 (hCoV-19_USA_TX-HMH0124_2020_EPI_ISL_434824_2020-03-20)
Align target 875 (hCoV-19_England_20138083204_2020_EPI_ISL_421839)
Align target 876 (hCoV-19_USA_WA-UW42_2020_EPI_ISL_415607)
Align target 877 (hCoV-19_England_20129059204_2020_EPI_ISL_424054)
Align target 878 (hCoV-19_England_OXON-AE417_2020_EPI_ISL_448690_2020)
Align target 879 (hCoV-19_England_CAMB-7F251_2020_EPI_ISL_442942_2020-04-08)
Align target 880 (hCoV-19_England_LOND-D417B_2020_EPI_ISL_444093_2020-04-06)
Align target 881 (hCoV-19_Spain_Valencia154_2020_EPI_ISL_436249_2020-03-19)
Align target 882 (hCoV-19_Australia_NSW491_2020_EPI_ISL_455031_2020-04-23)
Align target 883 (hCoV-19_Wales_PHWC-29274_2020_EPI_ISL_445501_2020-04-03)
Align target 884 (hCoV-19_Germany_BAV-MVP0244_2020_EPI_ISL_466900_2020-04-30)
Align target 885 (hCoV-19_Taiwan_TSGH-18_2020_EPI_ISL_436103_2020-03-24)
Align target 886 (hCoV-19_USA_WA-UW-4545_2020_EPI_ISL_460621_2020-03-29)
Align target 887 (hCoV-19_Wales_PHWC-2B694_2020_EPI_ISL_445744_2020-04-12)
Align target 888 (hCoV-19_Northern_Ireland_NIRE-FC438_2020_EPI_ISL_459343_2020-04-12)
Align target 889 (hCoV-19_Wales_PHW21_2020_EPI_ISL_416026)
Align target 890 (hCoV-19_Congo_81_2020_EPI_ISL_417944)
Align target 891 (hCoV-19_Wales_PHWC-339BE_2020_EPI_ISL_446774_2020-04-20)
Align target 892 (hCoV-19_England_SHEF-CFAB4_2020_EPI_ISL_442459_2020-03-26)
Align target 893 (hCoV-19_England_LOND-D35BC_2020_EPI_ISL_440960_2020-04-02)
Align target 894 (hCoV-19_Israel_13077383_2020_EPI_ISL_447439_2020-04-02)
Align target 895 (hCoV-19_Wuhan_IVDC-HB-05_2019_EPI_ISL_402121)
Align target 896 (hCoV-19_Wales_PHWC-26B4F_2020_EPI_ISL_422186)
Align target 897 (hCoV-19_England_20119005304_2020_EPI_ISL_465014_2020-03-13)
Align target 898 (hCoV-19_Thailand_Bangkok-CONI-0129_2020_EPI_ISL_455923_2020-03-12)
Align target 899 (hCoV-19_USA_CT-Yale-215_2020_EPI_ISL_463151_2020-03-31)
Align target 900 (hCoV-19_Scotland_CVR2691_2020_EPI_ISL_438935_2020-04-17)
Align target 901 (hCoV-19_USA_MA-MGH-00659_2020_EPI_ISL_460217_2020-04-03)
Align target 902 (hCoV-19_Spain_Valencia4_2020_EPI_ISL_416483)
Align target 903 (hCoV-19_USA_UT-03794_2020_EPI_ISL_450538_2020-03-13)
Align target 904 (hCoV-19_Switzerland_100086_2020_EPI_ISL_451678_2020-03-13)
Align target 905 (hCoV-19_Wales_PHWC-2BDBD_2020_EPI_ISL_445847_2020-04-09)
Align target 906 (hCoV-19_England_BRIS-126346_2020_EPI_ISL_459046_2020-04-10)
Align target 907 (hCoV-19_England_CAMB-79FBA_2020_EPI_ISL_441311_2020-04-02)
Align target 908 (hCoV-19_England_BRIS-12606D_2020_EPI_ISL_458952_2020-04-09)
Align target 909 (hCoV-19_Canada_ON-UHTC_0048_2020_EPI_ISL_464014_2020-04-04)
Align target 910 (hCoV-19_Switzerland_120168_2020_EPI_ISL_468246_2020-04-26)
Align target 911 (hCoV-19_Scotland_EDB122_2020_EPI_ISL_425905)
Align target 912 (hCoV-19_Scotland_GCVR-170D30_2020_EPI_ISL_459673_2020-03-25)
Align target 913 (hCoV-19_India_GBRC18_2020_EPI_ISL_437447_2020-04-26)
Align target 914 (hCoV-19_Wales_PHWC-24482_2020_EPI_ISL_419415)
Align target 915 (hCoV-19_USA_CA-SR0382_2020_EPI_ISL_458262_2020-04-01)
Align target 916 (hCoV-19_England_NOTT-10FCDF_2020_EPI_ISL_441437_2020-04-08)
Align target 917 (hCoV-19_Italy_TE12759_2020_EPI_ISL_435147_2020-04-08)
Align target 918 (hCoV-19_Belgium_UGent-8_2020_EPI_ISL_425052)
Align target 919 (hCoV-19_England_NORW-E7A01_2020_EPI_ISL_449088_2020-05-04)
Align target 920 (hCoV-19_Wales_PHWC-2A3BC_2020_EPI_ISL_445563_2020-04-05)
Align target 921 (hCoV-19_England_CAMB-72DF3_2020_EPI_ISL_440066_2020-03-20)
Align target 922 (hCoV-19_Canada_Qc-L00240594_2020_EPI_ISL_465680_2020-03-27)
Align target 923 (hCoV-19_England_20188033004_2020_EPI_ISL_465501_2020-04-30)
Align target 924 (hCoV-19_Singapore_263_2020_EPI_ISL_462381_2020-04-09)
Align target 925 (hCoV-19_England_SHEF-CA65B_2020_EPI_ISL_432489_2020-04-04)
Align target 926 (hCoV-19_Scotland_EDB1824_2020_EPI_ISL_433144_2020-04-16)
Align target 927 (hCoV-19_England_LIVE-9E82D_2020_EPI_ISL_453337_2020-04-12)
Align target 928 (hCoV-19_England_CAMB-7C97D_2020_EPI_ISL_442192_2020-04-04)
Align target 929 (hCoV-19_USA_MN-MDH-149_2020_EPI_ISL_427287)
Align target 930 (hCoV-19_USA_NY-NYUMC806_2020_EPI_ISL_456042_2020-03-25)
Align target 931 (hCoV-19_England_NOTT-10E4AB_2020_EPI_ISL_425552)
Align target 932 (hCoV-19_Switzerland_GE5737_2020_EPI_ISL_429200)
Align target 933 (hCoV-19_England_20149002404_2020_EPI_ISL_466086_2020-04-02)
Align target 934 (hCoV-19_England_LIVE-9EB15_2020_EPI_ISL_453367_2020-04-05)
Align target 935 (hCoV-19_Canada_Qc-L00241355_2020_EPI_ISL_450318_2020-03-27)
Align target 936 (hCoV-19_Spain_LaRioja201568_2020_EPI_ISL_455340_2020-03-05)
Align target 937 (hCoV-19_Spain_COV001608_2020_EPI_ISL_467161_2020-03-01)
Align target 938 (hCoV-19_India_NGC-CDFD-19_2020_EPI_ISL_466857_2020-05-28)
Align target 939 (hCoV-19_Saudi_Arabia_KAUST-Madinah51_2020_EPI_ISL_437491_2020-03-29)
Align target 940 (hCoV-19_Hungary_SRC-00572w_2020_EPI_ISL_435431_2020-03-25)
Align target 941 (hCoV-19_England_20118070804_2020_EPI_ISL_464941_2020-03-12)
Align target 942 (hCoV-19_Australia_VIC276_2020_EPI_ISL_419969)
Align target 943 (hCoV-19_England_20126012506_2020_EPI_ISL_423891)
Align target 944 (hCoV-19_England_CAMB-783BF_2020_EPI_ISL_433726_2020-04-04)
Align target 945 (hCoV-19_USA_WA-QDX-22_2020_EPI_ISL_467926_2020-03-13)
Align target 946 (hCoV-19_USA_WA-S142_2020_EPI_ISL_430179)
Align target 947 (hCoV-19_England_LIVE-9B899_2020_EPI_ISL_440882_2020-04-22)
Align target 948 (hCoV-19_Wales_PHWC-27030_2020_EPI_ISL_422131)
Align target 949 (hCoV-19_Netherlands_ZuidHolland_30_2020_EPI_ISL_415534)
Align target 950 (hCoV-19_England_20139066604_2020_EPI_ISL_465856_2020-03-28)
Align target 951 (hCoV-19_England_LIVE-99AE0_2020_EPI_ISL_439797_2020-04-12)
Align target 952 (hCoV-19_Netherlands_Utrecht_19_2020_EPI_ISL_415528)
Align target 953 (hCoV-19_Portugal_PT0246_2020_EPI_ISL_453960_2020-04-02)
Align target 954 (hCoV-19_Scotland_CVR3359_2020_EPI_ISL_456789_2020-05-02)
Align target 955 (hCoV-19_USA_WA-UW-6663_2020_EPI_ISL_461446_2020-04-11)
Align target 956 (hCoV-19_Singapore_47_2020_EPI_ISL_428826)
Align target 957 (hCoV-19_Wales_PHWC-2899E_2020_EPI_ISL_445382_2020-04-02)
Align target 958 (hCoV-19_USA_CA-UCSF-UC47_2020_EPI_ISL_450239_2020-03-20)
Align target 959 (hCoV-19_England_20140063604_2020_EPI_ISL_423390)
Align target 960 (hCoV-19_England_LIVE-98FC4_2020_EPI_ISL_439680_2020-04-06)
Align target 961 (hCoV-19_England_201440167_2020_EPI_ISL_465984_2020-03-30)
Align target 962 (hCoV-19_USA_NY-PV09360_2020_EPI_ISL_450048_2020-03-15)
Align target 963 (hCoV-19_England_SHEF-C759D_2020_EPI_ISL_442009_2020-04-10)
Align target 964 (hCoV-19_Scotland_CVR2686_2020_EPI_ISL_448189_2020-04-17)
Align target 965 (hCoV-19_Hungary_mbl1_2020_EPI_ISL_416426)
Align target 966 (hCoV-19_USA_CT-UW-6380_2020_EPI_ISL_430972_2020-04-01)
Align target 967 (hCoV-19_USA_WA-S686_2020_EPI_ISL_449856_2020-04-08)
Align target 968 (hCoV-19_USA_TX-HMH0381_2020_EPI_ISL_434969_2020-03-30)
Align target 969 (hCoV-19_Northern_Ireland_NIRE-FB16F_2020_EPI_ISL_448942_2020-03-24)
Align target 970 (hCoV-19_Netherlands_Berlicum_1363564_2020_EPI_ISL_413565)
Align target 971 (hCoV-19_England_BRIS-126443_2020_EPI_ISL_458945_2020-04-10)
Align target 972 (hCoV-19_Canada_BC_07360020_2020_EPI_ISL_466816_2020-04)
Align target 973 (hCoV-19_Thailand_SI204487-NT_2020_EPI_ISL_437611_2020-03-11)
Align target 974 (hCoV-19_Scotland_EDB821_2020_EPI_ISL_433250_2020-04-04)
Align target 975 (hCoV-19_England_CAMB-77D85_2020_EPI_ISL_438252_2020-04-01)
Align target 976 (hCoV-19_USA_WA-OHSU-0031_2020_EPI_ISL_468080_2020-04-17)
Align target 977 (hCoV-19_USA_TX-HMH0385_2020_EPI_ISL_434973_2020-03-30)
Align target 978 (hCoV-19_Germany_NRW-17_2020_EPI_ISL_417462)
Align target 979 (hCoV-19_USA_CA-CZB-1095_2020_EPI_ISL_444053_2020-04-27)
Align target 980 (hCoV-19_England_CAMB-823B2_2020_EPI_ISL_443508_2020-04-13)
Align target 981 (hCoV-19_England_SHEF-C2310_2020_EPI_ISL_432744_2020-04-01)
Align target 982 (hCoV-19_USA_MI-MDHHS-SC20502_2020_EPI_ISL_460040_2020-05-11)
Align target 983 (hCoV-19_Belgium_ULG-10017_2020_EPI_ISL_421195)
Align target 984 (hCoV-19_Canada_QC_AD8_2020_EPI_ISL_444516_2020-04-06)
Align target 985 (hCoV-19_England_20099072204_2020_EPI_ISL_464223_2020-02-28)
Align target 986 (hCoV-19_USA_MA-MGH-00654_2020_EPI_ISL_460330_2020-04-02)
Align target 987 (hCoV-19_USA_MN-MDH-313_2020_EPI_ISL_450773_2020-03-30)
Align target 988 (hCoV-19_New_Zealand_20VR1619_2020_EPI_ISL_456229_2020-03-23)
Align target 989 (hCoV-19_Wales_PHWC-2EA68_2020_EPI_ISL_446105_2020-04-07)
Align target 990 (hCoV-19_Wales_PHWC-2F44B_2020_EPI_ISL_446252_2020-04-08)
Align target 991 (hCoV-19_Israel_2046548_2020_EPI_ISL_447403_2020-04-01)
Align target 992 (hCoV-19_USA_WA-S585_2020_EPI_ISL_434345_2020-03-26)
Align target 993 (hCoV-19_Australia_VIC837_2020_EPI_ISL_427101)
Align target 994 (hCoV-19_France_IDF2768_2020_EPI_ISL_420042)
Align target 995 (hCoV-19_Northern_Ireland_NIRE-FB888_2020_EPI_ISL_459392_2020-04-15)
Align target 996 (hCoV-19_Canada_QC-AL5_2020_EPI_ISL_450648_2020-04-13)
Align target 997 (hCoV-19_USA_WA-UW16_2020_EPI_ISL_414364)
Align target 998 (hCoV-19_USA_WA-S361_2020_EPI_ISL_434121_2020-03-26)
Align target 999 (hCoV-19_England_201180472_2020_EPI_ISL_464917_2020-03-11)
Computing global alignment... done.
