Align target 0 (hCoV-19_USA_TX-HMH091_2020_EPI_ISL_434796_2020-03-19)
Align target 1 (hCoV-19_USA_CA-SR0245_2020_EPI_ISL_437564_2020-03-24)
Align target 2 (hCoV-19_Scotland_GCVR-1700BF_2020_EPI_ISL_459532_2020-03-23)
Align target 3 (hCoV-19_England_CAMB-7AEAD_2020_EPI_ISL_433888_2020-04-09)
Align target 4 (hCoV-19_England_LIVE-9E5BD_2020_EPI_ISL_453312_2020-04-03)
Align target 5 (hCoV-19_Congo_396_2020_EPI_ISL_420852)
Align target 6 (hCoV-19_Shanghai_SH0007_2020_EPI_ISL_416320)
Align target 7 (hCoV-19_England_CAMB-810AD_2020_EPI_ISL_438564_2020-04-20)
Align target 8 (hCoV-19_Scotland_EDB4733_2020_EPI_ISL_453140_2020-04-27)
Align target 9 (hCoV-19_Scotland_CVR871_2020_EPI_ISL_439125_2020-03-27)
Align target 10 (hCoV-19_USA_NY-NYUMC142_2020_EPI_ISL_424949)
Align target 11 (hCoV-19_USA_UT-01989_2020_EPI_ISL_452174_2020-04-15)
Align target 12 (hCoV-19_Scotland_EDB101_2020_EPI_ISL_425891)
Align target 13 (hCoV-19_England_CAMB-722E5_2020_EPI_ISL_439605_2020-03-28)
Align target 14 (hCoV-19_USA_MI-MDHHS-SC20381_2020_EPI_ISL_450592_2020-03-25)
Align target 15 (hCoV-19_England_BRIS-128757_2020_EPI_ISL_458758_2020-04-15)
Align target 16 (hCoV-19_Spain_Madrid_H12_2410_2020_EPI_ISL_421180)
Align target 17 (hCoV-19_England_BRIS-1237F2_2020_EPI_ISL_442767_2020-04-06)
Align target 18 (hCoV-19_England_BRIS-1296D1_2020_EPI_ISL_458770_2020-03-31)
Align target 19 (hCoV-19_Scotland_CVR2412_2020_EPI_ISL_453050_2020-04-14)
Align target 20 (hCoV-19_India_CCMB_J067_2020_EPI_ISL_447561_2020-03-31)
Align target 21 (hCoV-19_India_GBRC18_2020_EPI_ISL_437447_2020-04-26)
Align target 22 (hCoV-19_USA_MA-MGH-00227_2020_EPI_ISL_460309_2020-04-05)
Align target 23 (hCoV-19_England_CAMB-1B2716_2020_EPI_ISL_456704_2020-05-18)
Align target 24 (hCoV-19_England_BRIS-12ADBD_2020_EPI_ISL_458427_2020-05-02)
Align target 25 (hCoV-19_Scotland_CVR1148_2020_EPI_ISL_438769_2020-03-30)
Align target 26 (hCoV-19_Wales_PHWC-2A06A_2020_EPI_ISL_432187_2020-04-04)
Align target 27 (hCoV-19_USA_MA-MGH-00717_2020_EPI_ISL_460246_2020-04-08)
Align target 28 (hCoV-19_Shanghai_SH0013_2020_EPI_ISL_416326)
Align target 29 (hCoV-19_USA_KS_4126_2020_EPI_ISL_424867)
Align target 30 (hCoV-19_Netherlands_NA_44_2020_EPI_ISL_422805)
Align target 31 (hCoV-19_England_SHEF-D14FD_2020_EPI_ISL_442490_2020-04-05)
Align target 32 (hCoV-19_USA_WA-S75_2020_EPI_ISL_417128)
Align target 33 (hCoV-19_England_LOND-D4CA7_2020_EPI_ISL_449673_2020-04-15)
Align target 34 (hCoV-19_England_BRIS-125B5E_2020_EPI_ISL_443706_2020-03-30)
Align target 35 (hCoV-19_England_LOND-D5936_2020_EPI_ISL_457280_2020-04-16)
Align target 36 (hCoV-19_USA_PA-MGEL68_2020_EPI_ISL_454357_2020-03-30)
Align target 37 (hCoV-19_USA_IA_6396_2020_EPI_ISL_424895)
Align target 38 (hCoV-19_Brazil_RJ-1921_2020_EPI_ISL_456091_2020-04-09)
Align target 39 (hCoV-19_Scotland_GCVR-17040E_2020_EPI_ISL_459679_2020-03-24)
Align target 40 (hCoV-19_England_CAMB-1B0693_2020_EPI_ISL_452906_2020-05-07)
Align target 41 (hCoV-19_Scotland_EDB4381_2020_EPI_ISL_449304_2020-05-04)
Align target 42 (hCoV-19_USA_ID-UW-6466_2020_EPI_ISL_437835_2020-04-02)
Align target 43 (hCoV-19_Spain_COV001163_2020_EPI_ISL_452573_2020-03-25)
Align target 44 (hCoV-19_USA_WA-UW-3810_2020_EPI_ISL_427175)
Align target 45 (hCoV-19_England_20149006804_2020_EPI_ISL_466121_2020-03-31)
Align target 46 (hCoV-19_Norway_Trondheim-E9_2020_EPI_ISL_450351_2020-04)
Align target 47 (hCoV-19_Thailand_Bangkok-CONI-0140_2020_EPI_ISL_455934_2020-03-14)
Align target 48 (hCoV-19_USA_TX-HMH0326_2020_EPI_ISL_434938_2020-03-28)
Align target 49 (hCoV-19_Canada_BC_02415563_2020_EPI_ISL_466721_2020-04)
Align target 50 (hCoV-19_Wales_PHWC-2A39E_2020_EPI_ISL_445561_2020-04-05)
Align target 51 (hCoV-19_England_20126009804_2020_EPI_ISL_423887)
Align target 52 (hCoV-19_Tunisia_MHT_2_2020_EPI_ISL_458286_2020-03-24)
Align target 53 (hCoV-19_USA_PA-MGSC33-05_2020_EPI_ISL_436483_2020-03)
Align target 54 (hCoV-19_Spain_COV001083_2020_EPI_ISL_452603_2020-03-26)
Align target 55 (hCoV-19_Wales_PHWC-242E2_2020_EPI_ISL_418165)
Align target 56 (hCoV-19_Netherlands_ZuidHolland_204_2020_EPI_ISL_461376_2020-05-04)
Align target 57 (hCoV-19_Uganda_UG002_2020_EPI_ISL_451184_2020-03-26)
Align target 58 (hCoV-19_Australia_VIC1008_2020_EPI_ISL_430473)
Align target 59 (hCoV-19_England_CAMB-7FDF6_2020_EPI_ISL_444418_2020-04-19)
Align target 60 (hCoV-19_USA_MA-QDX-114_2020_EPI_ISL_467850_2020-03-14)
Align target 61 (hCoV-19_USA_NY-PV09125_2020_EPI_ISL_422499)
Align target 62 (hCoV-19_Belgium_ITM_C193_2020_EPI_ISL_450731_2020-03-31)
Align target 63 (hCoV-19_Wales_PHWC-242B5_2020_EPI_ISL_418162)
Align target 64 (hCoV-19_USA_MD-HP00127_2020_EPI_ISL_457816_2020-03-24)
Align target 65 (hCoV-19_Canada_ON_MU-S212_2020_EPI_ISL_463973_2020-03-26)
Align target 66 (hCoV-19_Netherlands_Gelderland_8_2020_EPI_ISL_422644)
Align target 67 (hCoV-19_USA_MN-MDH-387_2020_EPI_ISL_437367_2020-04-08)
Align target 68 (hCoV-19_England_20140039204_2020_EPI_ISL_420754)
Align target 69 (hCoV-19_England_20126097204_2020_EPI_ISL_423905)
Align target 70 (hCoV-19_Switzerland_101175_2020_EPI_ISL_451838_2020-03-31)
Align target 71 (hCoV-19_Australia_VIC821_2020_EPI_ISL_427093)
Align target 72 (hCoV-19_New_Zealand_20VR0334_2020_EPI_ISL_456157_2020-03-12)
Align target 73 (hCoV-19_Taiwan_CGMH-CGU-28_2020_EPI_ISL_464092_2020-03-17)
Align target 74 (hCoV-19_England_SHEF-C2DE5_2020_EPI_ISL_462008_2020-04-19)
Align target 75 (hCoV-19_SouthKorea_KCDC12_2020_EPI_ISL_412872)
Align target 76 (hCoV-19_USA_NY-NYUMC316_2020_EPI_ISL_430343)
Align target 77 (hCoV-19_Canada_BC_23052516_2020_EPI_ISL_462839_2020-03)
Align target 78 (hCoV-19_USA_VA-DCLS-0262_2020_EPI_ISL_452835_2020-04-18)
Align target 79 (hCoV-19_Australia_VIC1114_2020_EPI_ISL_430576)
Align target 80 (hCoV-19_England_CAMB-830AB_2020_EPI_ISL_443402_2020-04-14)
Align target 81 (hCoV-19_England_LOND-D5013_2020_EPI_ISL_444193_2020-04-14)
Align target 82 (hCoV-19_Singapore_74_2020_EPI_ISL_435679_2020-04-01)
Align target 83 (hCoV-19_Switzerland_100003_2020_EPI_ISL_466928_2020-03-04)
Align target 84 (hCoV-19_Switzerland_110435_2020_EPI_ISL_451861_2020-04-07)
Align target 85 (hCoV-19_USA_CT-Yale-201_2020_EPI_ISL_463139_2020-03-30)
Align target 86 (hCoV-19_England_20120038004_2020_EPI_ISL_465719_2020-03-14)
Align target 87 (hCoV-19_Scotland_EDB1093_2020_EPI_ISL_433389_2020-04-07)
Align target 88 (hCoV-19_USA_MI-MDHHS-SC20435_2020_EPI_ISL_452309_2020-03-14)
Align target 89 (hCoV-19_England_20119007204_2020_EPI_ISL_465020_2020-03-13)
Align target 90 (hCoV-19_Denmark_ALAB-SSI323_2020_EPI_ISL_429454)
Align target 91 (hCoV-19_Wuhan_WHUH012_2020_EPI_ISL_449485_2020-01-22)
Align target 92 (hCoV-19_Canada_ON_MU-S29_2020_EPI_ISL_463977_2020-03-16)
Align target 93 (hCoV-19_England_NOTT-10F20A_2020_EPI_ISL_432976_2020-04-01)
Align target 94 (hCoV-19_USA_NY-PV09383_2020_EPI_ISL_450066_2020-03-19)
Align target 95 (hCoV-19_USA_NY-NYUMC254_2020_EPI_ISL_428768)
Align target 96 (hCoV-19_Northern_Ireland_NIRE-FA79B_2020_EPI_ISL_441696_2020-03-30)
Align target 97 (hCoV-19_England_CAMB-79460_2020_EPI_ISL_441114_2020-04-03)
Align target 98 (hCoV-19_India_ILSCV18534_2020_EPI_ISL_463061_2020-05-13)
Align target 99 (hCoV-19_USA_NC-MDHP078_2020_EPI_ISL_438235_2020-03-23)
Align target 100 (hCoV-19_USA_UT-01583_2020_EPI_ISL_449828_2020-04-07)
Align target 101 (hCoV-19_Scotland_EDB1452_2020_EPI_ISL_433453_2020-04-13)
Align target 102 (hCoV-19_Wales_PHWC-27856_2020_EPI_ISL_431947_2020-03-25)
Align target 103 (hCoV-19_England_CAMB-1AE0C7_2020_EPI_ISL_459433_2020-04-28)
Align target 104 (hCoV-19_Beijing_DT-travelUK04_2020_EPI_ISL_452336_2020-03-20)
Align target 105 (hCoV-19_USA_WA-S351_2020_EPI_ISL_434111_2020-03-25)
Align target 106 (hCoV-19_England_20138087204_2020_EPI_ISL_421843)
Align target 107 (hCoV-19_USA_WA-S528_2020_EPI_ISL_434288_2020-03-31)
Align target 108 (hCoV-19_England_SHEF-BFEAC_2020_EPI_ISL_418303)
Align target 109 (hCoV-19_USA_WA-S313_2020_EPI_ISL_434073_2020-04-02)
Align target 110 (hCoV-19_USA_WA-S1099_2020_EPI_ISL_463589_2020-05-03)
Align target 111 (hCoV-19_Germany_FrankfurtFFM5_2020_EPI_ISL_452221_2020-03-02)
Align target 112 (hCoV-19_Australia_VIC510_2020_EPI_ISL_426780)
Align target 113 (hCoV-19_England_20166068404_2020_EPI_ISL_466572_2020-04-15)
Align target 114 (hCoV-19_Wales_PHWC-2B500_2020_EPI_ISL_445721_2020-04-10)
Align target 115 (hCoV-19_England_NOTT-110136_2020_EPI_ISL_441475_2020-04-11)
Align target 116 (hCoV-19_Wales_PHWC-2DE4F_2020_EPI_ISL_446029_2020-04-14)
Align target 117 (hCoV-19_USA_AZ-TGEN-TG271884_2020_EPI_ISL_426545)
Align target 118 (hCoV-19_England_LOND-D3D87_2020_EPI_ISL_449650_2020-04-04)
Align target 119 (hCoV-19_USA_NY-Wadsworth-11207-01_2020_EPI_ISL_426292)
Align target 120 (hCoV-19_Wales_PHWC-26541_2020_EPI_ISL_422248)
Align target 121 (hCoV-19_England_20174036404_2020_EPI_ISL_465395_2020-04-21)
Align target 122 (hCoV-19_England_BRIS-129404_2020_EPI_ISL_458780_2020-04-19)
Align target 123 (hCoV-19_USA_WA-UW325_2020_EPI_ISL_418892)
Align target 124 (hCoV-19_Sweden_20-07772_2020_EPI_ISL_445242_2020-04-22)
Align target 125 (hCoV-19_USA_UT-02227_2020_EPI_ISL_436925_2020-04-14)
Align target 126 (hCoV-19_England_CAMB-1AC032_2020_EPI_ISL_444362_2020-04-26)
Align target 127 (hCoV-19_USA_WA-S862_2020_EPI_ISL_463352_2020-04-22)
Align target 128 (hCoV-19_Portugal_PT0255_2020_EPI_ISL_453969_2020-04-03)
Align target 129 (hCoV-19_Denmark_ALAB-SSI466_2020_EPI_ISL_429546)
Align target 130 (hCoV-19_Australia_VIC1783_2020_EPI_ISL_456646_2020-05-26)
Align target 131 (hCoV-19_England_CAMB-7B20A_2020_EPI_ISL_433932_2020-04-10)
Align target 132 (hCoV-19_India_NGC-CDFD-29_2020_EPI_ISL_466867_2020-05-30)
Align target 133 (hCoV-19_Belgium_Rega-0328196_2020_EPI_ISL_458166_2020-03-28)
Align target 134 (hCoV-19_USA_IA-CDC-8200_2020_EPI_ISL_447842_2020-03-07)
Align target 135 (hCoV-19_England_OXON-ACA08_2020_EPI_ISL_448502_2020-04-07)
Align target 136 (hCoV-19_Netherlands_NoordHolland_15_2020_EPI_ISL_461205_2020-04-26)
Align target 137 (hCoV-19_Spain_Barcelona_VH8938_2020_EPI_ISL_444986_2020-03-26)
Align target 138 (hCoV-19_Wuhan_HB-WHCM2-274_2020_EPI_ISL_455008_2020-02-23)
Align target 139 (hCoV-19_England_20100023206_2020_EPI_ISL_415137)
Align target 140 (hCoV-19_England_20189156601_2020_EPI_ISL_465555_2020-05-02)
Align target 141 (hCoV-19_England_CAMB-78E45_2020_EPI_ISL_441280_2020-04-02)
Align target 142 (hCoV-19_Germany_NRW-39_2020_EPI_ISL_425123)
Align target 143 (hCoV-19_Portugal_PT0220_2020_EPI_ISL_453934_2020-03-30)
Align target 144 (hCoV-19_England_20174033204_2020_EPI_ISL_465393_2020-04-21)
Align target 145 (hCoV-19_Beijing_BJ243_2020_EPI_ISL_430732)
Align target 146 (hCoV-19_Sweden_20-08076_2020_EPI_ISL_454451_2020-03-05)
Align target 147 (hCoV-19_Netherlands_NA_244_2020_EPI_ISL_422778)
Align target 148 (hCoV-19_Wales_PHWC-2B148_2020_EPI_ISL_432264_2020-04-07)
Align target 149 (hCoV-19_England_CAMB-7BED9_2020_EPI_ISL_442154_2020-04-04)
Align target 150 (hCoV-19_England_CAMB-1B1C90_2020_EPI_ISL_458536_2020-05-10)
Align target 151 (hCoV-19_Australia_VIC1438_2020_EPI_ISL_456442_2020-04-18)
Align target 152 (hCoV-19_USA_WA-S640_2020_EPI_ISL_438193_2020-04-18)
Align target 153 (hCoV-19_England_SHEF-CB854_2020_EPI_ISL_432512_2020-03-31)
Align target 154 (hCoV-19_Australia_VIC1673_2020_EPI_ISL_456572_2020-05-12)
Align target 155 (hCoV-19_England_CAMB-1AFA7D_2020_EPI_ISL_459278_2020-05-01)
Align target 156 (hCoV-19_Israel_13077723_2020_EPI_ISL_447427_2020-04-03)
Align target 157 (hCoV-19_England_CAMB-7EFE2_2020_EPI_ISL_442908_2020-04-07)
Align target 158 (hCoV-19_England_CAMB-750CA_2020_EPI_ISL_440424_2020-03-15)
Align target 159 (hCoV-19_Switzerland_120172_2020_EPI_ISL_468250_2020-04-27)
Align target 160 (hCoV-19_USA_NC_200488_2020_EPI_ISL_458006_2020-04)
Align target 161 (hCoV-19_Spain_COV001395_2020_EPI_ISL_452506_2020-03-18)
Align target 162 (hCoV-19_USA_MN-MDH-374_2020_EPI_ISL_437366_2020-04-06)
Align target 163 (hCoV-19_England_201590147_2020_EPI_ISL_466375_2020-04-11)
Align target 164 (hCoV-19_USA_VA-DCLS-0137_2020_EPI_ISL_437776_2020-04-16)
Align target 165 (hCoV-19_Wuhan_WH05_2020_EPI_ISL_408978)
Align target 166 (hCoV-19_USA_CA-CZB-1144_2020_EPI_ISL_447895_2020-04-08)
Align target 167 (hCoV-19_England_CAMB-81E76_2020_EPI_ISL_438586_2020-04-22)
Align target 168 (hCoV-19_England_NOTT-110172_2020_EPI_ISL_441479_2020-04-12)
Align target 169 (hCoV-19_USA_NY-NYUMC382_2020_EPI_ISL_430409)
Align target 170 (hCoV-19_England_20129171204_2020_EPI_ISL_424135)
Align target 171 (hCoV-19_England_20149053104_2020_EPI_ISL_466209_2020-04-04)
Align target 172 (hCoV-19_England_20142012804_2020_EPI_ISL_423429)
Align target 173 (hCoV-19_USA_AZ-TGEN-TG269290_2020_EPI_ISL_426522)
Align target 174 (hCoV-19_England_CAMB-7907B_2020_EPI_ISL_441169_2020-04-03)
Align target 175 (hCoV-19_England_NORT-28A42E_2020_EPI_ISL_453532_2020-04-11)
Align target 176 (hCoV-19_Australia_VIC851_2020_EPI_ISL_427111)
Align target 177 (hCoV-19_Iceland_263_2020_EPI_ISL_417591)
Align target 178 (hCoV-19_USA_VA-DCLS-0233_2020_EPI_ISL_452810_2020-04-04)
Align target 179 (hCoV-19_Netherlands_Utrecht_34_2020_EPI_ISL_461232_2020-04-27)
Align target 180 (hCoV-19_USA_UT-00491_2020_EPI_ISL_430046)
Align target 181 (hCoV-19_Australia_NT29_2020_EPI_ISL_430632)
Align target 182 (hCoV-19_Russia_StPetersburg-RII7557S_2020_EPI_ISL_450260_2020-04-21)
Align target 183 (hCoV-19_England_CAMB-73D6B_2020_EPI_ISL_433692_2020-04-01)
Align target 184 (hCoV-19_Chile_Santiago_23_2020_EPI_ISL_445302_2020-03-21)
Align target 185 (hCoV-19_Scotland_EDB4558_2020_EPI_ISL_461726_2020-05-06)
Align target 186 (hCoV-19_Japan_DP0104_2020_EPI_ISL_416573)
Align target 187 (hCoV-19_Australia_NSW154_2020_EPI_ISL_427652)
Align target 188 (hCoV-19_England_NOTT-10FC84_2020_EPI_ISL_432706_2020-04-08)
Align target 189 (hCoV-19_Canada_ON_MU-S218_2020_EPI_ISL_463974_2020-03-26)
hCoV-19_Canada_ON_MU-S218_2020_EPI_ISL_463974_2020-03-26: Frameshift error (scores nt: 147248; codon: 86603)
Align target 190 (hCoV-19_England_NOTT-10F3E9_2020_EPI_ISL_433000_2020-04-02)
Align target 191 (hCoV-19_Wuhan_HB-WH5-229_2020_EPI_ISL_454973_2020-02-22)
Align target 192 (hCoV-19_Wales_PHWC-2A20A_2020_EPI_ISL_445538_2020-04-05)
Align target 193 (hCoV-19_England_CAMB-7C218_2020_EPI_ISL_434012_2020-04-14)
Align target 194 (hCoV-19_Iceland_581_2020_EPI_ISL_424601)
Align target 195 (hCoV-19_Spain_Andalucia201614_2020_EPI_ISL_455317_2020-03-05)
Align target 196 (hCoV-19_England_20166006304_2020_EPI_ISL_466513_2020-04-15)
Align target 197 (hCoV-19_USA_CA-SR0395_2020_EPI_ISL_458270_2020-04-04)
Align target 198 (hCoV-19_New_Zealand_20VR1843_2020_EPI_ISL_456281_2020-03-28)
Align target 199 (hCoV-19_England_20169011604_2020_EPI_ISL_465191_2020-04-17)
Align target 200 (hCoV-19_USA_WA-UW131_2020_EPI_ISL_416669)
Align target 201 (hCoV-19_Wales_PHWC-282C0_2020_EPI_ISL_432118_2020-03-27)
Align target 202 (hCoV-19_England_NOTT-10FD09_2020_EPI_ISL_441438_2020-04-08)
Align target 203 (hCoV-19_Uganda_UG008_2020_EPI_ISL_451190_2020-03-30)
Align target 204 (hCoV-19_India_CCMB_J048_2020_EPI_ISL_447559_2020-03-31)
Align target 205 (hCoV-19_England_SHEF-C7454_2020_EPI_ISL_457618_2020-05-03)
Align target 206 (hCoV-19_England_SHEF-C17E8_2020_EPI_ISL_441912_2020-03-26)
Align target 207 (hCoV-19_Spain_Valencia79_2020_EPI_ISL_425203)
Align target 208 (hCoV-19_Wales_PHWC-33E0A_2020_EPI_ISL_446826_2020-04-15)
Align target 209 (hCoV-19_USA_NY-PV09421_2020_EPI_ISL_450100_2020-03-13)
Align target 210 (hCoV-19_USA_WA-UW389_2020_EPI_ISL_418954)
Align target 211 (hCoV-19_USA_WI-110_2020_EPI_ISL_425167)
Align target 212 (hCoV-19_England_CAMB-1ADB6D_2020_EPI_ISL_448038_2020)
Align target 213 (hCoV-19_England_CAMB-1ADBB8_2020_EPI_ISL_448043_2020-05-04)
Align target 214 (hCoV-19_England_BRIS-128BC4_2020_EPI_ISL_458729_2020-04-14)
Align target 215 (hCoV-19_Wales_PHWC-31015_2020_EPI_ISL_446394_2020-04-10)
Align target 216 (hCoV-19_Canada_BC_21346429_2020_EPI_ISL_462807_2020-03)
Align target 217 (hCoV-19_USA_WA-S1137_2020_EPI_ISL_463627_2020-05-04)
Align target 218 (hCoV-19_Netherlands_ZuidHolland_172_2020_EPI_ISL_461344_2020-04-16)
Align target 219 (hCoV-19_England_BRIS-126BB7_2020_EPI_ISL_459042_2020-04-10)
Align target 220 (hCoV-19_England_LIVE-9C106_2020_EPI_ISL_449511_2020-03-31)
Align target 221 (hCoV-19_Belgium_ULG-10184_2020_EPI_ISL_455972_2020-5-10)
Align target 222 (hCoV-19_Portugal_PT0437_2020_EPI_ISL_454161_2020-03-22)
Align target 223 (hCoV-19_Northern_Ireland_NIRE-FA634_2020_EPI_ISL_441670_2020-03-31)
Align target 224 (hCoV-19_USA_MI-MDHHS-SC20450_2020_EPI_ISL_452324_2020-03-17)
Align target 225 (hCoV-19_Sichuan_SC-PHCC2-042_2020_EPI_ISL_451362_2020-02-13)
Align target 226 (hCoV-19_USA_FL-BPHL-016_2020_EPI_ISL_436520_2020-04-09)
Align target 227 (hCoV-19_India_CCMB_C16_2020_EPI_ISL_458039_2020-05-06)
Align target 228 (hCoV-19_Wales_PHWC-2A64A_2020_EPI_ISL_445598_2020-04-06)
Align target 229 (hCoV-19_England_20139067504_2020_EPI_ISL_423356)
Align target 230 (hCoV-19_Scotland_EDB3975_2020_EPI_ISL_449267_2020-05-03)
Align target 231 (hCoV-19_Netherlands_Naarden_1364774_2020_EPI_ISL_413577)
Align target 232 (hCoV-19_Guangdong_20SF012_2020_EPI_ISL_403932)
Align target 233 (hCoV-19_USA_NY-NYUMC761_2020_EPI_ISL_451475_2020-03-26)
Align target 234 (hCoV-19_USA_WA-S160_2020_EPI_ISL_430198)
Align target 235 (hCoV-19_England_SHEF-CEA79_2020_EPI_ISL_448891_2020-04-17)
Align target 236 (hCoV-19_USA_WA-UW-1705_2020_EPI_ISL_424226)
Align target 237 (hCoV-19_England_CAMB-75BAB_2020_EPI_ISL_438307_2020-03-28)
Align target 238 (hCoV-19_England_SHEF-C79CE_2020_EPI_ISL_432851_2020-04-01)
Align target 239 (hCoV-19_England_20166000604_2020_EPI_ISL_466495_2020-04-15)
Align target 240 (hCoV-19_England_20108007402_2020_EPI_ISL_417257)
Align target 241 (hCoV-19_USA_NM-UNM-00035_2020_EPI_ISL_467616_2020-03-15)
Align target 242 (hCoV-19_Scotland_CVR3077_2020_EPI_ISL_461661_2020-04-24)
Align target 243 (hCoV-19_USA_MI-MDHHS-SC20306_2020_EPI_ISL_447103_2020-03-20)
Align target 244 (hCoV-19_USA_NY-NYUMC575_2020_EPI_ISL_444692_2020-03-30)
Align target 245 (hCoV-19_USA_MA-MGH-00295_2020_EPI_ISL_460461_2020-04-01)
Align target 246 (hCoV-19_Scotland_CVR3365_2020_EPI_ISL_456795_2020-05-02)
Align target 247 (hCoV-19_USA_CT-UW-6273_2020_EPI_ISL_430963_2020-04-01)
Align target 248 (hCoV-19_Belgium_Rega-0329240_2020_EPI_ISL_458210_2020-03-29)
Align target 249 (hCoV-19_Canada_QGLO-021_2020__EPI_ISL_459878_2020-03-27)
hCoV-19_Canada_QGLO-021_2020__EPI_ISL_459878_2020-03-27: Frameshift error (scores nt: 144934; codon: 98481)
Align target 250 (hCoV-19_USA_MI-MDHHS-SC20125_2020_EPI_ISL_436872_2020-03-27)
Align target 251 (hCoV-19_USA_NM-UNM-00115_2020_EPI_ISL_467554_2020-04-02)
Align target 252 (hCoV-19_Iceland_188_2020_EPI_ISL_417816)
Align target 253 (hCoV-19_England_20124009202_2020_EPI_ISL_418695)
Align target 254 (hCoV-19_Scotland_CVR3463_2020_EPI_ISL_456862_2020-05-10)
Align target 255 (hCoV-19_Wales_PHWC-31B8D_2020_EPI_ISL_446536_2020-04-09)
Align target 256 (hCoV-19_England_BRIS-126CA5_2020_EPI_ISL_458960_2020-04-10)
Align target 257 (hCoV-19_USA_TX-HMH040_2020_EPI_ISL_434749_2020-03-09)
Align target 258 (hCoV-19_USA_FL-BPHL-049_2020_EPI_ISL_436553_2020-04-17)
Align target 259 (hCoV-19_USA_DC-HP00146_2020_EPI_ISL_457776_2020-03-28)
Align target 260 (hCoV-19_Scotland_EDB1740_2020_EPI_ISL_433133_2020-04-15)
Align target 261 (hCoV-19_England_CAMB-7D341_2020_EPI_ISL_441585_2020-04-05)
Align target 262 (hCoV-19_USA_WA-UW-4021_2020_EPI_ISL_437807_2020-03-29)
Align target 263 (hCoV-19_Scotland_EDB219_2020_EPI_ISL_425947)
Align target 264 (hCoV-19_England_OXON-ACF54_2020_EPI_ISL_448548_2020)
Align target 265 (hCoV-19_Australia_QLDID922_2020_EPI_ISL_418799)
Align target 266 (hCoV-19_USA_NM-UNM-00013_2020_EPI_ISL_467595_2020-03-15)
Align target 267 (hCoV-19_Luxembourg_LNS0716877_2020_EPI_ISL_419567)
Align target 268 (hCoV-19_England_CAMB-72063_2020_EPI_ISL_439942_2020-03-28)
Align target 269 (hCoV-19_Switzerland_120233_2020_EPI_ISL_468294_2020-05-01)
Align target 270 (hCoV-19_Shanghai_SH0050_2020_EPI_ISL_416358)
Align target 271 (hCoV-19_Netherlands_Gelderland_75_2020_EPI_ISL_460974_2020-05-18)
Align target 272 (hCoV-19_USA_PA-MGEL134_2020_EPI_ISL_454399_2020-04-11)
Align target 273 (hCoV-19_USA_PA-MGEL104_2020_EPI_ISL_454383_2020-03-31)
Align target 274 (hCoV-19_England_LIVE-9BA1B_2020_EPI_ISL_440894_2020-04-19)
Align target 275 (hCoV-19_USA_CT-UW-4345_2020_EPI_ISL_430945_2020-03-30)
Align target 276 (hCoV-19_Netherlands_NA_17_2020_EPI_ISL_415473)
Align target 277 (hCoV-19_Belgium_ULG-10162_2020_EPI_ISL_447156_2020-4-18)
Align target 278 (hCoV-19_England_LIVE-9E09E_2020_EPI_ISL_453265_2020-04-02)
Align target 279 (hCoV-19_USA_NJ-NYUMC841_2020_EPI_ISL_456113_2020-04-26)
Align target 280 (hCoV-19_England_NORW-E8305_2020_EPI_ISL_449140_2020-04-08)
Align target 281 (hCoV-19_England_CAMB-76C89_2020_EPI_ISL_438306_2020-03-30)
Align target 282 (hCoV-19_England_20129170304_2020_EPI_ISL_424134)
Align target 283 (hCoV-19_USA_CA-SR0262_2020_EPI_ISL_437550_2020-04-27)
Align target 284 (hCoV-19_Brazil_MA163069-IEC_2020_EPI_ISL_458149_2020-04-06)
Align target 285 (hCoV-19_England_NORW-E9CEB_2020_EPI_ISL_448360_2020-04-30)
Align target 286 (hCoV-19_USA_LA-EVTL143_2020_EPI_ISL_455986_2020-03-25)
Align target 287 (hCoV-19_England_20134000704_2020_EPI_ISL_423044)
Align target 288 (hCoV-19_USA_TX-HMH0191_2020_EPI_ISL_434866_2020-03-23)
Align target 289 (hCoV-19_England_NOTT-10DFD8_2020_EPI_ISL_425480)
Align target 290 (hCoV-19_England_SHEF-D01CA_2020_EPI_ISL_453761_2020-04-21)
Align target 291 (hCoV-19_Sweden_20-51044_2020_EPI_ISL_450831_2020-04-27)
Align target 292 (hCoV-19_Wales_PHWC-26444_2020_EPI_ISL_422102)
Align target 293 (hCoV-19_England_CAMB-84462_2020_EPI_ISL_443469_2020-04-16)
Align target 294 (hCoV-19_Belgium_ULG-10050_2020_EPI_ISL_424659)
Align target 295 (hCoV-19_England_LIVE-9B3A7_2020_EPI_ISL_449440_2020-03-27)
Align target 296 (hCoV-19_USA_WA-S303_2020_EPI_ISL_434063_2020-04-03)
Align target 297 (hCoV-19_Australia_VIC528_2020_EPI_ISL_426794)
Align target 298 (hCoV-19_England_SHEF-C8A60_2020_EPI_ISL_432455_2020-04-05)
Align target 299 (hCoV-19_USA_CA-SR0412_2020_EPI_ISL_458282_2020-04-21)
Align target 300 (hCoV-19_Spain_COV001121_2020_EPI_ISL_452580_2020-03-27)
Align target 301 (hCoV-19_USA_TX-HMH0145_2020_EPI_ISL_434844_2020-03-22)
Align target 302 (hCoV-19_Wales_PHWC-241A9_2020_EPI_ISL_418152)
Align target 303 (hCoV-19_England_20142083804_2020_EPI_ISL_423466)
Align target 304 (hCoV-19_Belgium_ITM_C447_2020_EPI_ISL_434385_2020-04-11)
Align target 305 (hCoV-19_England_LOND-D5787_2020_EPI_ISL_453462_2020-04-17)
Align target 306 (hCoV-19_England_20198018804_2020_EPI_ISL_465634_2020-05-06)
Align target 307 (hCoV-19_England_LIVE-9941F_2020_EPI_ISL_439721_2020-04-08)
Align target 308 (hCoV-19_Scotland_CVR1825_2020_EPI_ISL_448132_2020-04-07)
Align target 309 (hCoV-19_England_CAMB-7DCA0_2020_EPI_ISL_442258_2020-04-06)
Align target 310 (hCoV-19_England_CAMB-7D314_2020_EPI_ISL_441606_2020-04-04)
Align target 311 (hCoV-19_Scotland_GCVR-170CCA_2020_EPI_ISL_459654_2020-03-24)
Align target 312 (hCoV-19_Wales_PHWC-27CA5_2020_EPI_ISL_432185_2020-04-01)
Align target 313 (hCoV-19_Sichuan_SC-NC-072_2020_EPI_ISL_451331_2020-02-02)
Align target 314 (hCoV-19_Spain_COV000714_2020_EPI_ISL_452754_2020-03-05)
Align target 315 (hCoV-19_England_CAMB-1AFC86_2020_EPI_ISL_459181_2020-05-04)
Align target 316 (hCoV-19_Belgium_BA-0326323_2020_EPI_ISL_462177_2020-03-26)
Align target 317 (hCoV-19_England_CAMB-807C7_2020_EPI_ISL_443054_2020-04-10)
Align target 318 (hCoV-19_Wales_PHWC-2AE9D_2020_EPI_ISL_432275_2020-04-08)
Align target 319 (hCoV-19_Uganda_UG010_2020_EPI_ISL_451192_2020-03-30)
Align target 320 (hCoV-19_Spain_COV001464_2020_EPI_ISL_467092_2020-03-17)
Align target 321 (hCoV-19_USA_IL-NM083_2020_EPI_ISL_444574_2020-03-19)
Align target 322 (hCoV-19_USA_CA-SR0100_2020_EPI_ISL_445099_2020-03-14)
Align target 323 (hCoV-19_Wales_PHWC-26AD9_2020_EPI_ISL_422242)
Align target 324 (hCoV-19_USA_CA-CDPH-UC3_2020_EPI_ISL_413559)
Align target 325 (hCoV-19_Shanghai_SH0068_2020_EPI_ISL_416371)
Align target 326 (hCoV-19_Netherlands_Hardinxveld_Giessendam_1364806_2020_EPI_ISL_413573)
Align target 327 (hCoV-19_Portugal_PT0170_2020_EPI_ISL_453886_2020-03-28)
Align target 328 (hCoV-19_USA_VA-DCLS-0352_2020_EPI_ISL_463119_2020-05-08)
Align target 329 (hCoV-19_Netherlands_Limburg_72_2020_EPI_ISL_461057_2020)
Align target 330 (hCoV-19_England_201360317_2020_EPI_ISL_423264)
Align target 331 (hCoV-19_USA_WA-S406_2020_EPI_ISL_434166_2020-03-26)
Align target 332 (hCoV-19_England_20149034004_2020_EPI_ISL_466184_2020-04-03)
Align target 333 (hCoV-19_Russia_StPetersburg-RII6031S_2020_EPI_ISL_430101)
Align target 334 (hCoV-19_Israel_2099416_2020_EPI_ISL_447354_2020-04-02)
Align target 335 (hCoV-19_SouthAfrica_Tygerberg_41_2020_EPI_ISL_464150_2020-04-08)
Align target 336 (hCoV-19_USA_WA-S836_2020_EPI_ISL_463326_2020-04-21)
Align target 337 (hCoV-19_Scotland_CVR1272_2020_EPI_ISL_433530_2020-03-31)
Align target 338 (hCoV-19_Thailand_Bangkok_2420_2020_EPI_ISL_455604_2020-03-13)
Align target 339 (hCoV-19_England_SHEF-C88A2_2020_EPI_ISL_453729_2020-04-21)
Align target 340 (hCoV-19_USA_NY-PV08452_2020_EPI_ISL_421402)
Align target 341 (hCoV-19_England_20120002304_2020_EPI_ISL_465140_2020-03-14)
Align target 342 (hCoV-19_England_CAMB-73800_2020_EPI_ISL_425243)
Align target 343 (hCoV-19_Turkey_HSGM-510_2020_EPI_ISL_437314_2020-03-26)
Align target 344 (hCoV-19_Portugal_PT0057_2020_EPI_ISL_421460)
Align target 345 (hCoV-19_Switzerland_100093_2020_EPI_ISL_451685_2020-03-13)
Align target 346 (hCoV-19_Wales_PHWC-28BE3_2020_EPI_ISL_445416_2020-04-03)
Align target 347 (hCoV-19_England_BRIS-126610_2020_EPI_ISL_459006_2020-04-09)
Align target 348 (hCoV-19_USA_UT-0891_2020_EPI_ISL_435390_2020-04-06)
Align target 349 (hCoV-19_Netherlands_Limburg_7_2020_EPI_ISL_415464)
Align target 350 (hCoV-19_Scotland_CVR326_2020_EPI_ISL_439052_2020-03-20)
Align target 351 (hCoV-19_Canada_QC_AD2_2020_EPI_ISL_444512_2020-04-06)
Align target 352 (hCoV-19_USA_MA-MGH-00086_2020_EPI_ISL_460145_2020-03-24)
Align target 353 (hCoV-19_Denmark_ALAB-HH91_2020_EPI_ISL_429330)
Align target 354 (hCoV-19_USA_MI-MDHHS-SC20484_2020_EPI_ISL_460023_2020-04-01)
Align target 355 (hCoV-19_Chile_Santiago_72_2020_EPI_ISL_445368_2020-03-22)
Align target 356 (hCoV-19_England_SHEF-C7937_2020_EPI_ISL_432850_2020-04-03)
Align target 357 (hCoV-19_USA_WA-S1144_2020_EPI_ISL_463634_2020-05-04)
Align target 358 (hCoV-19_Israel_2113255_2020_EPI_ISL_447344_2020-04-14)
Align target 359 (hCoV-19_England_NOTT-10EA7C_2020_EPI_ISL_425632)
Align target 360 (hCoV-19_Morocco_COV001884_2020_EPI_ISL_452463_2020-03-12)
Align target 361 (hCoV-19_Scotland_EDB3862_2020_EPI_ISL_439343_2020-04-30)
Align target 362 (hCoV-19_Netherlands_ZuidHolland_76_2020_EPI_ISL_422944)
Align target 363 (hCoV-19_England_20140005404_2020_EPI_ISL_465873_2020-03-28)
Align target 364 (hCoV-19_Spain_COV003725_2020_EPI_ISL_467246_2020-05-10)
Align target 365 (hCoV-19_England_NOTT-10FFD6_2020_EPI_ISL_441461_2020-04-14)
Align target 366 (hCoV-19_Belgium_DAL-030650_2020_EPI_ISL_420446)
Align target 367 (hCoV-19_Iceland_220_2020_EPI_ISL_417553)
Align target 368 (hCoV-19_USA_NY-PV09041_2020_EPI_ISL_421605)
Align target 369 (hCoV-19_USA_NY-WCMP12F02P_2020_EPI_ISL_427610)
Align target 370 (hCoV-19_England_201060066_2020_EPI_ISL_464392_2020-03-04)
Align target 371 (hCoV-19_USA_WA-S933_2020_EPI_ISL_463423_2020-04-23)
Align target 372 (hCoV-19_USA_WA_0480_2020_EPI_ISL_426450)
Align target 373 (hCoV-19_Switzerland_110460_2020_EPI_ISL_451879_2020-04-07)
Align target 374 (hCoV-19_Belgium_VRAR-030643_2020_EPI_ISL_418981)
Align target 375 (hCoV-19_Belgium_SN-0331360_2020_EPI_ISL_462214_2020-03-31)
Align target 376 (hCoV-19_England_SHEF-CE4E4_2020_EPI_ISL_448889_2020-04-15)
Align target 377 (hCoV-19_Scotland_CVR58_2020_EPI_ISL_425788)
Align target 378 (hCoV-19_England_BRIS-129DAF_2020_EPI_ISL_458387_2020-04-15)
Align target 379 (hCoV-19_USA_NY-Wadsworth-11380-01_2020_EPI_ISL_426049)
Align target 380 (hCoV-19_England_CAMB-754EC_2020_EPI_ISL_425398)
Align target 381 (hCoV-19_Spain_Valencia610_2020_EPI_ISL_447528_2020-04-01)
Align target 382 (hCoV-19_Netherlands_Limburg_12_2020_EPI_ISL_461000_2020-05-08)
Align target 383 (hCoV-19_England_20146011404_2020_EPI_ISL_466028_2020-04-01)
Align target 384 (hCoV-19_Wales_PHWC-25F17_2020_EPI_ISL_422318)
Align target 385 (hCoV-19_China_WF0002_2020_EPI_ISL_413692)
Align target 386 (hCoV-19_Israel_130710159_2020_EPI_ISL_447464_2020-04-15)
Align target 387 (hCoV-19_England_LOND-D512F_2020_EPI_ISL_444203_2020-04-14)
Align target 388 (hCoV-19_USA_NJ-QDX-141_2020_EPI_ISL_467877_2020-03-15)
Align target 389 (hCoV-19_England_CAMB-7782A_2020_EPI_ISL_439455_2020-03-31)
Align target 390 (hCoV-19_England_NORT-2896A1_2020_EPI_ISL_458648_2020-03-31)
Align target 391 (hCoV-19_Scotland_EDB922_2020_EPI_ISL_432881_2020-04-05)
Align target 392 (hCoV-19_USA_CA-SCCPHD-UC193_2020_EPI_ISL_435672_2020-03-20)
Align target 393 (hCoV-19_USA_NY-PV09468_2020_EPI_ISL_450141_2020-03-19)
Align target 394 (hCoV-19_Australia_NSW33_2020_EPI_ISL_427654)
Align target 395 (hCoV-19_England_20118000204_2020_EPI_ISL_464875_2020-03-11)
Align target 396 (hCoV-19_USA_WA-UW-1785_2020_EPI_ISL_424250)
Align target 397 (hCoV-19_England_20128000204_2020_EPI_ISL_423917)
Align target 398 (hCoV-19_Portugal_PT0471_2020_EPI_ISL_454195_2020-04-18)
Align target 399 (hCoV-19_England_CAMB-7C904_2020_EPI_ISL_442817_2020-04-05)
Align target 400 (hCoV-19_Wales_PHWC-338DF_2020_EPI_ISL_446763_2020-04-21)
Align target 401 (hCoV-19_Chile_Temuco_5_2020_EPI_ISL_445340_2020-03-25)
Align target 402 (hCoV-19_Switzerland_101174_2020_EPI_ISL_451837_2020-03-31)
Align target 403 (hCoV-19_USA_WA-UW-4406_2020_EPI_ISL_426136)
Align target 404 (hCoV-19_Australia_NSW131_2020_EPI_ISL_427783)
Align target 405 (hCoV-19_England_CAMB-7EDAC_2020_EPI_ISL_442860_2020-04-06)
Align target 406 (hCoV-19_USA_WA-UW-1587_2020_EPI_ISL_423014)
Align target 407 (hCoV-19_USA_AZ-TGEN-TG271892_2020_EPI_ISL_426549)
Align target 408 (hCoV-19_Sweden_20-50223_2020_EPI_ISL_455878_2020-03-08)
Align target 409 (hCoV-19_England_CAMB-1B1568_2020_EPI_ISL_458560_2020-05-08)
Align target 410 (hCoV-19_USA_LA-SR0297_2020_EPI_ISL_445152_2020-04-08)
Align target 411 (hCoV-19_Nanchang_JXN3T4_2020_EPI_ISL_421246)
Align target 412 (hCoV-19_Australia_NSW516_2020_EPI_ISL_455056_2020-04-14)
Align target 413 (hCoV-19_England_CAMB-7FE6C_2020_EPI_ISL_444425_2020-04-19)
Align target 414 (hCoV-19_Scotland_EDB2287_2020_EPI_ISL_439179_2020-04-21)
Align target 415 (hCoV-19_Wales_PHWC-2BC92_2020_EPI_ISL_445829_2020-04-10)
Align target 416 (hCoV-19_USA_WA-S537_2020_EPI_ISL_434297_2020-03-23)
Align target 417 (hCoV-19_England_20106005303_2020_EPI_ISL_417243)
Align target 418 (hCoV-19_England_SHEF-C7788_2020_EPI_ISL_432847_2020-04-06)
Align target 419 (hCoV-19_Scotland_CVR80_2020_EPI_ISL_425810)
Align target 420 (hCoV-19_Australia_VIC456_2020_EPI_ISL_426751)
Align target 421 (hCoV-19_USA_NY-PV08136_2020_EPI_ISL_421358)
Align target 422 (hCoV-19_England_CAMB-8133B_2020_EPI_ISL_442894_2020-04-11)
Align target 423 (hCoV-19_Netherlands_NA_374_2020_EPI_ISL_455177_2020-04-08)
Align target 424 (hCoV-19_Australia_SAP017_2020_EPI_ISL_468012_2020-04-02)
Align target 425 (hCoV-19_England_CAMB-76FAE_2020_EPI_ISL_425444)
Align target 426 (hCoV-19_Wales_PHWC-2ACDF_2020_EPI_ISL_445691_2020-04-05)
Align target 427 (hCoV-19_Northern_Ireland_NIRE-10203A_2020_EPI_ISL_441369_2020-03-22)
Align target 428 (hCoV-19_England_CAMB-1B09D6_2020_EPI_ISL_452926_2020-05-12)
Align target 429 (hCoV-19_Spain_Galicia201663_2020_EPI_ISL_417007)
Align target 430 (hCoV-19_England_BRIS-121B70_2020_EPI_ISL_440215_2020-03-16)
Align target 431 (hCoV-19_USA_WI-186_2020_EPI_ISL_428282)
Align target 432 (hCoV-19_England_BRIS-126258_2020_EPI_ISL_458923_2020-04-10)
Align target 433 (hCoV-19_USA_TX-HMH022_2020_EPI_ISL_434732_2020-03-17)
Align target 434 (hCoV-19_USA_WA-NH3_2020_EPI_ISL_418772)
Align target 435 (hCoV-19_England_LOND-D5769_2020_EPI_ISL_453461_2020-04-17)
Align target 436 (hCoV-19_Wales_PHWC-26A9D_2020_EPI_ISL_422130)
Align target 437 (hCoV-19_Canada_BC_41851_2020_EPI_ISL_415584)
Align target 438 (hCoV-19_Wales_PHWC-2A9F6_2020_EPI_ISL_445650_2020-04-06)
Align target 439 (hCoV-19_Switzerland_100036_2020_EPI_ISL_466960_2020-03-11)
Align target 440 (hCoV-19_Morocco_6901_2020_EPI_ISL_459979_2020-04-19)
Align target 441 (hCoV-19_USA_NY-SURV1000_2020_EPI_ISL_436082_2020-03-19)
Align target 442 (hCoV-19_USA_WA-S225_2020_EPI_ISL_430263)
Align target 443 (hCoV-19_USA_NY-Wadsworth-22503-01_2020_EPI_ISL_426313)
Align target 444 (hCoV-19_England_20132027004_2020_EPI_ISL_423762)
Align target 445 (hCoV-19_Wales_PHWC-2A316_2020_EPI_ISL_445553_2020-04-06)
Align target 446 (hCoV-19_Kenya_P368_2020_EPI_ISL_457909_2020-04)
Align target 447 (hCoV-19_Zhejiang_OS6_2020_EPI_ISL_455690_2020-03-24)
Align target 448 (hCoV-19_Iceland_265_2020_EPI_ISL_417593)
Align target 449 (hCoV-19_USA_MI-MDHHS-SC20213_2020_EPI_ISL_447184_2020-03-26)
Align target 450 (hCoV-19_Shanghai_SH0072_2020_EPI_ISL_416375)
Align target 451 (hCoV-19_Italy_TE13484_2020_EPI_ISL_435151_2020-04-08)
Align target 452 (hCoV-19_USA_WA-S255_2020_EPI_ISL_430293)
Align target 453 (hCoV-19_Scotland_GCVR-17085D_2020_EPI_ISL_459663_2020-03-25)
Align target 454 (hCoV-19_England_NORW-EA743_2020_EPI_ISL_461863_2020-05-21)
Align target 455 (hCoV-19_Netherlands_NA_192_2020_EPI_ISL_422727)
Align target 456 (hCoV-19_England_20149002304_2020_EPI_ISL_466085_2020-04-03)
Align target 457 (hCoV-19_USA_NY-WCMP9E04P_2020_EPI_ISL_427551)
Align target 458 (hCoV-19_England_BRIS-1294C8_2020_EPI_ISL_458869_2020-04-20)
Align target 459 (hCoV-19_Canada_BC_08347845_2020_EPI_ISL_466831_2020-04)
Align target 460 (hCoV-19_England_LIVE-9A7D9_2020_EPI_ISL_449367_2020-03-30)
Align target 461 (hCoV-19_Wales_PHWC-31F81_2020_EPI_ISL_446592_2020-04-14)
Align target 462 (hCoV-19_USA_CA-CZB-1010_2020_EPI_ISL_436651_2020-04-03)
Align target 463 (hCoV-19_Belgium_NKMA-0324172_2020_EPI_ISL_420429)
Align target 464 (hCoV-19_USA_NY-NYUMC728_2020_EPI_ISL_451443_2020-03-26)
Align target 465 (hCoV-19_Scotland_EDB1117_2020_EPI_ISL_433405_2020-04-06)
Align target 466 (hCoV-19_England_20124007204_2020_EPI_ISL_465776_2020-03-17)
Align target 467 (hCoV-19_Canada_BC_26441911_2020_EPI_ISL_463233_2020-03)
Align target 468 (hCoV-19_England_20092096704_2020_EPI_ISL_464183_2020-02-24)
Align target 469 (hCoV-19_USA_MA-MGH-00302_2020_EPI_ISL_460151_2020-04-01)
Align target 470 (hCoV-19_Australia_SAP053_2020_EPI_ISL_451092_2020-03-26)
Align target 471 (hCoV-19_USA_MN-MDH-1049_2020_EPI_ISL_462894_2020-05-14)
Align target 472 (hCoV-19_USA_MA-MGH-00177_2020_EPI_ISL_460209_2020-03-26)
Align target 473 (hCoV-19_England_201161691_2020_EPI_ISL_464872_2020-03-12)
Align target 474 (hCoV-19_Guangdong_20SF201_2020_EPI_ISL_406538)
Align target 475 (hCoV-19_Scotland_CVR319_2020_EPI_ISL_439049_2020-03-21)
Align target 476 (hCoV-19_USA_MI-MDHHS-SC20082_2020_EPI_ISL_437169_2020-03-26)
Align target 477 (hCoV-19_SouthAfrica_Tygerberg_35_2020_EPI_ISL_464146_2020-04-03)
Align target 478 (hCoV-19_Netherlands_Zeeland_2_2020_EPI_ISL_461258_2020-03-24)
Align target 479 (hCoV-19_France_B5355_2020_EPI_ISL_443271_2020-03-24)
Align target 480 (hCoV-19_England_NORW-EB9C4_2020_EPI_ISL_457464_2020-05-07)
Align target 481 (hCoV-19_England_OXON-AC789_2020_EPI_ISL_448482_2020-04-07)
Align target 482 (hCoV-19_Australia_VIC1244_2020_EPI_ISL_436111_2020-04-07)
Align target 483 (hCoV-19_Australia_VIC20_2020_EPI_ISL_419741)
Align target 484 (hCoV-19_England_CAMB-1AC014_2020_EPI_ISL_444360_2020-04-29)
Align target 485 (hCoV-19_Spain_COV001437_2020_EPI_ISL_467173_2020-03-17)
Align target 486 (hCoV-19_England_NOTT-1110FC_2020_EPI_ISL_453629_2020-05-04)
Align target 487 (hCoV-19_England_SHEF-D223E_2020_EPI_ISL_432647_2020-04-07)
Align target 488 (hCoV-19_England_CAMB-815BD_2020_EPI_ISL_442845_2020-04-10)
Align target 489 (hCoV-19_Spain_COV001398_2020_EPI_ISL_452503_2020-03-18)
Align target 490 (hCoV-19_USA_MN-MDH-290_2020_EPI_ISL_450759_2020-03-30)
Align target 491 (hCoV-19_India_GBRC29_2020_EPI_ISL_444460_2020-04-30)
Align target 492 (hCoV-19_Switzerland_100123_2020_EPI_ISL_451707_2020-03-16)
Align target 493 (hCoV-19_Ireland_20W266_2020_EPI_ISL_437684_2020-04)
Align target 494 (hCoV-19_Shenzhen_SZTH-004_2020_EPI_ISL_406595)
Align target 495 (hCoV-19_England_NORW-E75D3_2020_EPI_ISL_449054_2020-05-04)
Align target 496 (hCoV-19_India_NIV-9314_2020_EPI_ISL_454558_2020-04-13)
Align target 497 (hCoV-19_India_CCMB_NIV4_2020_EPI_ISL_450324_2020-03-26)
Align target 498 (hCoV-19_Russia_StPetersburg-RII8409S_2020_EPI_ISL_450282_2020-04-22)
Align target 499 (hCoV-19_Germany_NRW-13_2020_EPI_ISL_419530)
Align target 500 (hCoV-19_England_CAMB-1AD031_2020_EPI_ISL_447958_2020-04-29)
Align target 501 (hCoV-19_England_20118158206_2020_EPI_ISL_464984_2020-03-12)
Align target 502 (hCoV-19_Shanghai_SH0088_2020_EPI_ISL_416387)
Align target 503 (hCoV-19_England_LIVE-9952B_2020_EPI_ISL_439732_2020-04-08)
Align target 504 (hCoV-19_USA_NY-NYUMC757_2020_EPI_ISL_451471_2020-03-20)
Align target 505 (hCoV-19_USA_WI-243_2020_EPI_ISL_428339)
Align target 506 (hCoV-19_Iceland_78_2020_EPI_ISL_417863)
Align target 507 (hCoV-19_Germany_BAV-MVP0240_2020_EPI_ISL_466899_2020-04-28)
Align target 508 (hCoV-19_England_BRIS-122BD9_2020_EPI_ISL_440762_2020-04-02)
Align target 509 (hCoV-19_Wales_PHWC-27021_2020_EPI_ISL_422099)
Align target 510 (hCoV-19_Brazil_DF-891_2020_EPI_ISL_427298)
Align target 511 (hCoV-19_Iceland_29_2020_EPI_ISL_417618)
Align target 512 (hCoV-19_USA_MN-MDH-637_2020_EPI_ISL_437384_2020-04-16)
Align target 513 (hCoV-19_England_201040152_2020_EPI_ISL_464334_2020-03-01)
Align target 514 (hCoV-19_England_NOTT-10E64B_2020_EPI_ISL_425573)
Align target 515 (hCoV-19_Spain_Valencia261_2020_EPI_ISL_436356_2020-03-26)
Align target 516 (hCoV-19_South_Africa_KRISP-0097_2020_EPI_ISL_467462_2020-04-01)
Align target 517 (hCoV-19_Spain_PaisVasco201492_2020_EPI_ISL_455353_2020-03-04)
Align target 518 (hCoV-19_England_20144067504_2020_EPI_ISL_421957)
Align target 519 (hCoV-19_England_20129063804_2020_EPI_ISL_424062)
Align target 520 (hCoV-19_England_BRIS-128A8B_2020_EPI_ISL_458909_2020-04-13)
Align target 521 (hCoV-19_Northern_Ireland_NIRE-102191_2020_EPI_ISL_441387_2020-03-14)
Align target 522 (hCoV-19_Australia_VIC1477_2020_EPI_ISL_456452_2020-04-23)
Align target 523 (hCoV-19_England_CAMB-7804F_2020_EPI_ISL_441803_2020-04-01)
Align target 524 (hCoV-19_England_SHEF-C043D_2020_EPI_ISL_420217)
Align target 525 (hCoV-19_England_SHEF-CAA9B_2020_EPI_ISL_432495_2020-03-30)
Align target 526 (hCoV-19_Scotland_EDB1424_2020_EPI_ISL_433442_2020-04-12)
Align target 527 (hCoV-19_England_CAMB-81298_2020_EPI_ISL_443027_2020-04-10)
Align target 528 (hCoV-19_Wales_PHWC-2ED23_2020_EPI_ISL_446144_2020-04-07)
Align target 529 (hCoV-19_USA_MI-MDHHS-SC20504_2020_EPI_ISL_460042_2020-05-11)
Align target 530 (hCoV-19_France_60002VV_2020_EPI_ISL_447671_2020-03)
Align target 531 (hCoV-19_England_BRIS-1225AE_2020_EPI_ISL_440697_2020-04-04)
Align target 532 (hCoV-19_England_CAMB-71B18_2020_EPI_ISL_439619_2020-03-31)
Align target 533 (hCoV-19_Wales_PHWC-2B6C1_2020_EPI_ISL_445747_2020-04-12)
Align target 534 (hCoV-19_Australia_NSW554_2020_EPI_ISL_455093_2020-05-20)
Align target 535 (hCoV-19_England_BRIS-128B2E_2020_EPI_ISL_458732_2020-04-14)
Align target 536 (hCoV-19_USA_FL-BPHL-025_2020_EPI_ISL_436529_2020-04-16)
Align target 537 (hCoV-19_Wales_PHWC-29DCE_2020_EPI_ISL_432215_2020-04-04)
Align target 538 (hCoV-19_France_Lyon_06056_2020_EPI_ISL_417334)
Align target 539 (hCoV-19_Sweden_20-50247_2020_EPI_ISL_455887_2020-03-08)
Align target 540 (hCoV-19_Brazil_SPBR-01_2020_EPI_ISL_412964)
Align target 541 (hCoV-19_USA_WA-S333_2020_EPI_ISL_434093_2020-04-04)
Align target 542 (hCoV-19_USA_CA-SR0187_2020_EPI_ISL_437593_2020-03-25)
Align target 543 (hCoV-19_India_1100_2020_EPI_ISL_421664)
Align target 544 (hCoV-19_Switzerland_101167_2020_EPI_ISL_451831_2020-03-31)
Align target 545 (hCoV-19_USA_MI-MDHHS-SC20030_2020_EPI_ISL_437117_2020-03-17)
Align target 546 (hCoV-19_Australia_VIC562_2020_EPI_ISL_426823)
Align target 547 (hCoV-19_Portugal_PT0573_2020_EPI_ISL_454296_2020-04-11)
Align target 548 (hCoV-19_Wales_PHWC-2F2E7_2020_EPI_ISL_446231_2020-04-06)
Align target 549 (hCoV-19_DRC_1378_2020_EPI_ISL_435118_2020-04-07)
Align target 550 (hCoV-19_USA_PA-MGSC36-05_2020_EPI_ISL_436485_2020-03)
Align target 551 (hCoV-19_USA_MD-HP036_2020_EPI_ISL_434586_2020-03-19)
Align target 552 (hCoV-19_Wuhan_WHUH005_2020_EPI_ISL_449480_2020-01-22)
Align target 553 (hCoV-19_England_NORW-EA8AA_2020_EPI_ISL_461871_2020-05-20)
Align target 554 (hCoV-19_England_20142027104_2020_EPI_ISL_465940_2020-03-30)
Align target 555 (hCoV-19_England_CAMB-1ABFCD_2020_EPI_ISL_444356_2020-04-27)
Align target 556 (hCoV-19_Israel_2086022_2020_EPI_ISL_447378_2020-04-01)
Align target 557 (hCoV-19_Singapore_194_2020_EPI_ISL_462312_2020-04-20)
Align target 558 (hCoV-19_England_OXON-ACEEE_2020_EPI_ISL_448546_2020-04-05)
Align target 559 (hCoV-19_England_CAMB-735AF_2020_EPI_ISL_440164_2020-03-20)
Align target 560 (hCoV-19_England_CAMB-71C9D_2020_EPI_ISL_439637_2020-03-31)
Align target 561 (hCoV-19_Taiwan_TSGH-28_2020_EPI_ISL_447254_2020-03-16)
Align target 562 (hCoV-19_USA_WA-S913_2020_EPI_ISL_463403_2020-04-27)
Align target 563 (hCoV-19_England_CAMB-1AD945_2020_EPI_ISL_448027_2020-05-02)
Align target 564 (hCoV-19_Iceland_46_2020_EPI_ISL_417751)
Align target 565 (hCoV-19_Australia_VIC1344_2020_EPI_ISL_430697)
Align target 566 (hCoV-19_USA_WA-UW-1698_2020_EPI_ISL_424204)
Align target 567 (hCoV-19_Austria_Graz-MUG7_2020_EPI_ISL_437203_2020-04-06)
Align target 568 (hCoV-19_England_20148026504_2020_EPI_ISL_422008)
Align target 569 (hCoV-19_England_SHEF-D269C_2020_EPI_ISL_432652_2020-03-29)
Align target 570 (hCoV-19_England_LIVE-9C86B_2020_EPI_ISL_449587_2020-03-24)
Align target 571 (hCoV-19_USA_PA-MGSC17-04_2020_EPI_ISL_436472_2020-03)
Align target 572 (hCoV-19_England_NOTT-10F8F9_2020_EPI_ISL_433058_2020-04-04)
Align target 573 (hCoV-19_USA_OR-OHSU022-CV22_2020_EPI_ISL_437522_2020-04-07)
Align target 574 (hCoV-19_Russia_StPetersburg-RII5942S_2020_EPI_ISL_430099)
Align target 575 (hCoV-19_Netherlands_NoordBrabant_154_2020_EPI_ISL_461189_2020-04-28)
Align target 576 (hCoV-19_Australia_VIC1503_2020_EPI_ISL_456465_2020-04-29)
Align target 577 (hCoV-19_England_LOND-D3FEB_2020_EPI_ISL_444081_2020-04-04)
Align target 578 (hCoV-19_Spain_Valencia_h2650_2020_EPI_ISL_455736_2020-03-20)
Align target 579 (hCoV-19_Bangladesh_BCSIR-NILMRC_067_2020_EPI_ISL_466637_2020-05-26)
Align target 580 (hCoV-19_Belgium_DMT-0411408_2020_EPI_ISL_462262_2020-04-11)
Align target 581 (hCoV-19_USA_NY-NYUMC464_2020_EPI_ISL_435529_2020-04-15)
Align target 582 (hCoV-19_Netherlands_NA_511_2020_EPI_ISL_460684_2020-03-24)
Align target 583 (hCoV-19_Singapore_312_2020_EPI_ISL_462430_2020-04-14)
Align target 584 (hCoV-19_USA_WY-WYPHL-00030_2020_EPI_ISL_462923_2020-03-23)
Align target 585 (hCoV-19_Wales_PHWC-28B10_2020_EPI_ISL_445403_2020-04-02)
Align target 586 (hCoV-19_Wales_PHWC-33B9A_2020_EPI_ISL_446796_2020-04-20)
Align target 587 (hCoV-19_England_CAMB-7E270_2020_EPI_ISL_434058_2020-04-17)
Align target 588 (hCoV-19_Beijing_BJ414_2020_EPI_ISL_430727)
Align target 589 (hCoV-19_USA_MA-MGH-00195_2020_EPI_ISL_460203_2020-03-26)
Align target 590 (hCoV-19_England_NORT-291E62_2020_EPI_ISL_457317_2020-05-05)
Align target 591 (hCoV-19_England_CAMB-7A9E8_2020_EPI_ISL_440565_2020-04-02)
Align target 592 (hCoV-19_England_CAMB-83AF8_2020_EPI_ISL_443342_2020-04-16)
Align target 593 (hCoV-19_Australia_VIC1749_2020_EPI_ISL_456642_2020-05-25)
Align target 594 (hCoV-19_Guangzhou_GZMU0046_2020_EPI_ISL_429093)
Align target 595 (hCoV-19_Brazil_CV21_2020_EPI_ISL_429681)
Align target 596 (hCoV-19_England_SHEF-C52C5_2020_EPI_ISL_441973_2020-03-31)
Align target 597 (hCoV-19_England_NOTT-10FDEB_2020_EPI_ISL_441445_2020-04-09)
Align target 598 (hCoV-19_Australia_VIC439_2020_EPI_ISL_426736)
Align target 599 (hCoV-19_France_HF3138_2020_EPI_ISL_420056)
Align target 600 (hCoV-19_USA_WA-S181_2020_EPI_ISL_430219)
Align target 601 (hCoV-19_USA_UT-0537_2020_EPI_ISL_435371_2020-04-04)
Align target 602 (hCoV-19_England_NORT-289CBE_2020_EPI_ISL_453515_2020-04-04)
Align target 603 (hCoV-19_England_BRIS-126DFD_2020_EPI_ISL_458948_2020-04-08)
Align target 604 (hCoV-19_USA_ID-UW-6448_2020_EPI_ISL_437831_2020-04-02)
Align target 605 (hCoV-19_Switzerland_110510_2020_EPI_ISL_451916_2020-04-07)
Align target 606 (hCoV-19_England_BRIS-126C2D_2020_EPI_ISL_459009_2020-04-09)
Align target 607 (hCoV-19_England_LIVE-9A9A6_2020_EPI_ISL_449376_2020-03-28)
Align target 608 (hCoV-19_Wuhan_HB-WH1-141_2020_EPI_ISL_454917_2020-03-03)
Align target 609 (hCoV-19_USA_CA-SR0413_2020_EPI_ISL_458283_2020-03-25)
Align target 610 (hCoV-19_Scotland_CVR2497_2020_EPI_ISL_453057_2020-04-15)
Align target 611 (hCoV-19_England_CAMB-79F23_2020_EPI_ISL_441259_2020-04-02)
Align target 612 (hCoV-19_Wales_PHWC-32B7D_2020_EPI_ISL_446657_2020-04-14)
Align target 613 (hCoV-19_USA_WA-UW121_2020_EPI_ISL_416659)
Align target 614 (hCoV-19_SouthAfrica_Tygerberg_45_2020_EPI_ISL_464154_2020-04-08)
Align target 615 (hCoV-19_England_CAMB-7C351_2020_EPI_ISL_434031_2020-04-14)
Align target 616 (hCoV-19_Wales_PHWC-2B807_2020_EPI_ISL_445765_2020-04-09)
Align target 617 (hCoV-19_England_BRIS-124EB0_2020_EPI_ISL_443944_2020-03-26)
Align target 618 (hCoV-19_England_BRIS-1260C7_2020_EPI_ISL_459093_2020-04-09)
Align target 619 (hCoV-19_USA_LA-BIE-076_2020_EPI_ISL_436944_2020-04-06)
Align target 620 (hCoV-19_England_20144019304_2020_EPI_ISL_421940)
Align target 621 (hCoV-19_England_20134021004_2020_EPI_ISL_423112)
Align target 622 (hCoV-19_Guangdong_FS-S34-P0015_2020_EPI_ISL_413890)
Align target 623 (hCoV-19_India_NIHSAD-2004-18_2020_EPI_ISL_452787_2020-04-19)
Align target 624 (hCoV-19_Hangzhou_ZJU-06_2020_EPI_ISL_416047)
Align target 625 (hCoV-19_Scotland_GCVR-170B81_2020_EPI_ISL_459569_2020-03-25)
Align target 626 (hCoV-19_Iceland_529_2020_EPI_ISL_424550)
Align target 627 (hCoV-19_USA_VA-DCLS-0212_2020_EPI_ISL_437427_2020-04-04)
Align target 628 (hCoV-19_England_NOTT-1107CB_2020_EPI_ISL_441859_2020-04-20)
Align target 629 (hCoV-19_Australia_NSW102_2020_EPI_ISL_427656)
Align target 630 (hCoV-19_USA_CT-Yale-341_2020_EPI_ISL_452146_2020-04-29)
Align target 631 (hCoV-19_Wales_PHWC-24947_2020_EPI_ISL_419460)
Align target 632 (hCoV-19_England_20144006004_2020_EPI_ISL_423492)
Align target 633 (hCoV-19_Israel_2089383_2020_EPI_ISL_447370_2020-04-01)
Align target 634 (hCoV-19_Saudi_Arabia_KAUST-Madinah54_2020_EPI_ISL_443178_2020-03-29)
Align target 635 (hCoV-19_England_CAMB-75464_2020_EPI_ISL_425390)
Align target 636 (hCoV-19_Canada_BC_4143868_2020_EPI_ISL_418828)
Align target 637 (hCoV-19_Scotland_EDB2463_2020_EPI_ISL_439215_2020-04-22)
Align target 638 (hCoV-19_England_20119093904_2020_EPI_ISL_465133_2020-03-15)
Align target 639 (hCoV-19_France_BFC6053_2020_EPI_ISL_443307_2020-04-09)
Align target 640 (hCoV-19_England_201121123_2020_EPI_ISL_464684_2020-03-10)
Align target 641 (hCoV-19_Denmark_ALAB-SSI-826_2020_EPI_ISL_444924_2020-03-28)
Align target 642 (hCoV-19_Canada_QC-AL9_2020_EPI_ISL_450652_2020-04-10)
Align target 643 (hCoV-19_England_LOND-D3C11_2020_EPI_ISL_449642_2020-04-04)
Align target 644 (hCoV-19_England_201440167_2020_EPI_ISL_465984_2020-03-30)
Align target 645 (hCoV-19_England_20119086104_2020_EPI_ISL_465118_2020-03-15)
Align target 646 (hCoV-19_USA_WA-UW-1956_2020_EPI_ISL_424313)
Align target 647 (hCoV-19_Denmark_ALAB-SSI-770_2020_EPI_ISL_444897_2020-03-18)
Align target 648 (hCoV-19_England_NOTT-10F49B_2020_EPI_ISL_433009_2020-04-02)
Align target 649 (hCoV-19_England_NOTT-11140F_2020_EPI_ISL_453661_2020-05-16)
Align target 650 (hCoV-19_England_CAMB-84C00_2020_EPI_ISL_440549_2020-03-12)
Align target 651 (hCoV-19_USA_WA-S1004_2020_EPI_ISL_463494_2020-04-29)
Align target 652 (hCoV-19_England_BRIS-12315E_2020_EPI_ISL_442676_2020-04-05)
Align target 653 (hCoV-19_Bosnia-and-Herzegovina_ChVir7360_2020_EPI_ISL_462463_2020-03-25)
Align target 654 (hCoV-19_England_CAMB-82701_2020_EPI_ISL_443586_2020-04-14)
Align target 655 (hCoV-19_England_201380235_2020_EPI_ISL_465834_2020-03-25)
Align target 656 (hCoV-19_Spain_COV001514_2020_EPI_ISL_467093_2020-03-19)
Align target 657 (hCoV-19_Australia_NSW112_2020_EPI_ISL_427666)
Align target 658 (hCoV-19_England_20166070104_2020_EPI_ISL_466578_2020-04-16)
Align target 659 (hCoV-19_Scotland_GCVR-17126D_2020_EPI_ISL_459692_2020-03-27)
Align target 660 (hCoV-19_USA_DC-HP00063_2020_EPI_ISL_457805_2020-03-13)
Align target 661 (hCoV-19_England_NOTT-10E49C_2020_EPI_ISL_425551)
Align target 662 (hCoV-19_England_CAMB-728E3_2020_EPI_ISL_439913_2020-03-23)
Align target 663 (hCoV-19_England_20166069904_2020_EPI_ISL_466577_2020-04-16)
Align target 664 (hCoV-19_England_20174019404_2020_EPI_ISL_465389_2020-04-21)
Align target 665 (hCoV-19_England_CAMB-773DE_2020_EPI_ISL_439485_2020-03-31)
Align target 666 (hCoV-19_Guangzhou_GZMU0079_2020_EPI_ISL_457691_2020-02-11)
Align target 667 (hCoV-19_England_SHEF-D0160_2020_EPI_ISL_448900_2020-04-18)
Align target 668 (hCoV-19_Turkey_HSGM-7668_2020_EPI_ISL_437328_2020-03-19)
Align target 669 (hCoV-19_England_NORW-E70E1_2020_EPI_ISL_449002_2020-04-19)
Align target 670 (hCoV-19_Wales_PHWC-292B0_2020_EPI_ISL_445503_2020-04-03)
Align target 671 (hCoV-19_Belgium_ML-0324164_2020_EPI_ISL_420421)
Align target 672 (hCoV-19_England_CAMB-76050_2020_EPI_ISL_439407_2020-03-30)
Align target 673 (hCoV-19_USA_CA-CZB-1063_2020_EPI_ISL_437063_2020-04-11)
Align target 674 (hCoV-19_Scotland_EDB3956_2020_EPI_ISL_449260_2020-05-03)
Align target 675 (hCoV-19_Brazil_CV34_2020_EPI_ISL_429690)
Align target 676 (hCoV-19_England_CAMB-7C649_2020_EPI_ISL_441621_2020-04-05)
Align target 677 (hCoV-19_Scotland_EDB852_2020_EPI_ISL_433256_2020-04-04)
Align target 678 (hCoV-19_USA_NY-WCMP3E02P_2020_EPI_ISL_427530)
Align target 679 (hCoV-19_Bangladesh_BCSIR-NILMRC_060_2020_EPI_ISL_464165_2020-05-10)
Align target 680 (hCoV-19_mink_Netherlands_NB02_03KS_2020_EPI_ISL_447627_2020-04-29)
Align target 681 (hCoV-19_Scotland_CVR1510_2020_EPI_ISL_453009_2020-04-03)
Align target 682 (hCoV-19_Wales_PHWC-24D2D_2020_EPI_ISL_419503)
Align target 683 (hCoV-19_England_20109001204_2020_EPI_ISL_464493_2020-03-05)
Align target 684 (hCoV-19_Australia_VIC10_2020_EPI_ISL_416516)
Align target 685 (hCoV-19_England_BRIS-129AD5_2020_EPI_ISL_458463_2020-04-15)
Align target 686 (hCoV-19_France_10006HC_2020_EPI_ISL_447727_2020-03)
Align target 687 (hCoV-19_England_CAMB-7B13A_2020_EPI_ISL_433922_2020-04-11)
Align target 688 (hCoV-19_Netherlands_NA_39_2020_EPI_ISL_422800)
Align target 689 (hCoV-19_USA_NY-NYUMC71_2020_EPI_ISL_420587)
Align target 690 (hCoV-19_England_SHEF-CB2A1_2020_EPI_ISL_453741_2020-04-22)
Align target 691 (hCoV-19_England_LIVE-99109_2020_EPI_ISL_439692_2020-04-06)
Align target 692 (hCoV-19_England_CAMB-1AE030_2020_EPI_ISL_459437_2020-04-26)
Align target 693 (hCoV-19_Japan_TKYE6968_2020_EPI_ISL_434561_2020-02)
Align target 694 (hCoV-19_England_20140000304_2020_EPI_ISL_423366)
Align target 695 (hCoV-19_Wales_PHWC-2A950_2020_EPI_ISL_445640_2020-04-08)
Align target 696 (hCoV-19_USA_NY-NYUMC145_2020_EPI_ISL_424952)
Align target 697 (hCoV-19_England_LOND-D5FDA_2020_EPI_ISL_444268_2020-04-20)
Align target 698 (hCoV-19_Scotland_CVR1402_2020_EPI_ISL_438798_2020-04-01)
Align target 699 (hCoV-19_France_IDF3029_2020_EPI_ISL_420052)
Align target 700 (hCoV-19_Canada_BC_21146111_2020_EPI_ISL_462794_2020-03)
Align target 701 (hCoV-19_Bangladesh_CHRF_nCOV19_0001_2020_EPI_ISL_437912_2020-04-18)
Align target 702 (hCoV-19_Denmark_ALAB-HH-207_2020_EPI_ISL_452063_2020-04-27)
Align target 703 (hCoV-19_Australia_VIC739_2020_EPI_ISL_427018)
Align target 704 (hCoV-19_England_CAMB-7D860_2020_EPI_ISL_441665_2020-04-06)
Align target 705 (hCoV-19_England_BRIS-12531A_2020_EPI_ISL_443969_2020-03-27)
Align target 706 (hCoV-19_Portugal_PT0097_2020_EPI_ISL_453813_2020-03-24)
Align target 707 (hCoV-19_England_NORW-EAD32_2020_EPI_ISL_457371_2020-04-28)
Align target 708 (hCoV-19_USA_FL-BPHL-044_2020_EPI_ISL_436548_2020-04-17)
Align target 709 (hCoV-19_Wales_PHWC-27838_2020_EPI_ISL_431931_2020-04-01)
Align target 710 (hCoV-19_Scotland_EDB005_2020_EPI_ISL_415632)
Align target 711 (hCoV-19_USA_NY-NYUMC473_2020_EPI_ISL_435538_2020-04-20)
Align target 712 (hCoV-19_USA_WA-S201_2020_EPI_ISL_430239)
Align target 713 (hCoV-19_England_20164069104_2020_EPI_ISL_466467_2020-04-09)
Align target 714 (hCoV-19_Netherlands_NA_493_2020_EPI_ISL_460666_2020-03-17)
Align target 715 (hCoV-19_England_CAMB-78D84_2020_EPI_ISL_441240_2020-04-02)
Align target 716 (hCoV-19_Singapore_13_2020_EPI_ISL_414379)
hCoV-19_Singapore_13_2020_EPI_ISL_414379: Frameshift error (scores nt: 145809; codon: 137160)
Align target 717 (hCoV-19_Wuhan_HB-WHCM-112_2020_EPI_ISL_455405_2020-03-02)
Align target 718 (hCoV-19_England_BRIS-1298CC_2020_EPI_ISL_458448_2020-03-31)
Align target 719 (hCoV-19_Australia_VIC1228_2020_EPI_ISL_430520)
Align target 720 (hCoV-19_England_LIVE-9B0FB_2020_EPI_ISL_449410_2020-03-24)
Align target 721 (hCoV-19_Canada_BC_08269684_2020_EPI_ISL_466827_2020-04)
Align target 722 (hCoV-19_England_CAMB-83FAE_2020_EPI_ISL_438717_2020-04-25)
Align target 723 (hCoV-19_Portugal_PT0253_2020_EPI_ISL_453967_2020-04-03)
Align target 724 (hCoV-19_Wales_PHWC-26031_2020_EPI_ISL_422271)
Align target 725 (hCoV-19_Scotland_CVR1961_2020_EPI_ISL_433664_2020-04-09)
Align target 726 (hCoV-19_USA_WA-S571_2020_EPI_ISL_434331_2020-03-30)
Align target 727 (hCoV-19_England_20138025704_2020_EPI_ISL_423309)
Align target 728 (hCoV-19_England_PORT-2CF45A_2020_EPI_ISL_453682_2020-04-27)
Align target 729 (hCoV-19_Denmark_ALAB-SSI-610_2020_EPI_ISL_436992_2020-03-26)
Align target 730 (hCoV-19_England_NORW-EBD7D_2020_EPI_ISL_457506_2020-05-06)
Align target 731 (hCoV-19_England_BRIS-1256C6_2020_EPI_ISL_443877_2020-03-28)
Align target 732 (hCoV-19_Iceland_312_2020_EPI_ISL_417641)
Align target 733 (hCoV-19_Scotland_CVR3089_2020_EPI_ISL_439030_2020-04-25)
Align target 734 (hCoV-19_Wales_PHWC-2C88E_2020_EPI_ISL_445920_2020-04-01)
Align target 735 (hCoV-19_England_CAMB-7FC35_2020_EPI_ISL_433494_2020-04-16)
Align target 736 (hCoV-19_Spain_COV001076_2020_EPI_ISL_452608_2020-03-27)
Align target 737 (hCoV-19_England_20119007804_2020_EPI_ISL_465022_2020-03-11)
Align target 738 (hCoV-19_Belgium_ULG-10094_2020_EPI_ISL_424650)
Align target 739 (hCoV-19_USA_VI-CDC-1999_2020_EPI_ISL_436045_2020-03-21)
Align target 740 (hCoV-19_England_20176041104_2020_EPI_ISL_465411_2020-04-21)
Align target 741 (hCoV-19_Scotland_CVR1115_2020_EPI_ISL_433511_2020-03-29)
Align target 742 (hCoV-19_Scotland_EDB4209_2020_EPI_ISL_456935_2020-04-21)
Align target 743 (hCoV-19_USA_WA-S325_2020_EPI_ISL_434085_2020-04-03)
Align target 744 (hCoV-19_Canada_BC_02045287_2020_EPI_ISL_466712_2020-04)
Align target 745 (hCoV-19_Australia_NSW46_2020_EPI_ISL_427658)
Align target 746 (hCoV-19_England_SHEF-C045B_2020_EPI_ISL_420203)
Align target 747 (hCoV-19_USA_WA-S656_2020_EPI_ISL_438209_2020-04-21)
Align target 748 (hCoV-19_Portugal_PT0305_2020_EPI_ISL_454021_2020-03-14)
Align target 749 (hCoV-19_Poland_1105973_2020_EPI_ISL_428234)
Align target 750 (hCoV-19_Finland_FIN-313_2020_EPI_ISL_414641)
Align target 751 (hCoV-19_England_20109003104_2020_EPI_ISL_464510_2020-03-04)
Align target 752 (hCoV-19_USA_TX-HMH0432_2020_EPI_ISL_435015_2020-04-02)
Align target 753 (hCoV-19_USA_MI-MDHHS-SC20392_2020_EPI_ISL_452266_2020-03-23)
Align target 754 (hCoV-19_England_NORW-E8AB5_2020_EPI_ISL_448274_2020-04-13)
Align target 755 (hCoV-19_Congo_397_2020_EPI_ISL_420845)
Align target 756 (hCoV-19_Wales_PHWC-29292_2020_EPI_ISL_445502_2020-04-03)
Align target 757 (hCoV-19_Australia_NT14_2020_EPI_ISL_426902)
Align target 758 (hCoV-19_USA_NY-PV09046_2020_EPI_ISL_421608)
Align target 759 (hCoV-19_Spain_Valencia26_2020_EPI_ISL_419690)
Align target 760 (hCoV-19_Scotland_EDB2742_2020_EPI_ISL_456897_2020-03-27)
Align target 761 (hCoV-19_Wales_PHWC-31C11_2020_EPI_ISL_446545_2020-04-12)
Align target 762 (hCoV-19_Netherlands_Utrecht_10028_2020_EPI_ISL_454777_2020-04-01)
Align target 763 (hCoV-19_Cyprus_005_2020_EPI_ISL_463745_2020-04-01)
Align target 764 (hCoV-19_Portugal_PT0238_2020_EPI_ISL_453952_2020-03-31)
Align target 765 (hCoV-19_Wales_PHWC-26D58_2020_EPI_ISL_422035)
Align target 766 (hCoV-19_England_LIVE-9A4F0_2020_EPI_ISL_449340_2020-03-25)
Align target 767 (hCoV-19_England_LIVE-9A6AF_2020_EPI_ISL_449361_2020-03-29)
Align target 768 (hCoV-19_England_BRIS-12377A_2020_EPI_ISL_442784_2020-04-02)
Align target 769 (hCoV-19_Singapore_252_2020_EPI_ISL_462370_2020-03-21)
Align target 770 (hCoV-19_England_CAMB-77A51_2020_EPI_ISL_439401_2020-04-01)
Align target 771 (hCoV-19_England_200990660_2020_EPI_ISL_414523)
Align target 772 (hCoV-19_England_NORW-E88D9_2020_EPI_ISL_448247_2020)
Align target 773 (hCoV-19_Brazil_RJ-2733_2020_EPI_ISL_467360_2020-04-25)
Align target 774 (hCoV-19_England_CAMB-7AC49_2020_EPI_ISL_433856_2020-04-08)
Align target 775 (hCoV-19_Australia_VIC927_2020_EPI_ISL_427155)
Align target 776 (hCoV-19_England_CAMB-75A71_2020_EPI_ISL_438388_2020-03-28)
Align target 777 (hCoV-19_Turkey_HSGM-302_2020_EPI_ISL_437313_2020-03-27)
Align target 778 (hCoV-19_Australia_VIC1674_2020_EPI_ISL_456573_2020-05-12)
Align target 779 (hCoV-19_USA_MI-MDHHS-SC20483_2020_EPI_ISL_460022_2020-04-01)
Align target 780 (hCoV-19_Australia_NSW146_2020_EPI_ISL_427682)
Align target 781 (hCoV-19_USA_MA-MGH-00514_2020_EPI_ISL_460253_2020-03-13)
Align target 782 (hCoV-19_Scotland_EDB1832_2020_EPI_ISL_433152_2020-04-16)
Align target 783 (hCoV-19_USA_WA-UW-1586_2020_EPI_ISL_423013)
Align target 784 (hCoV-19_England_LIVE-99F1E_2020_EPI_ISL_439829_2020-04-13)
Align target 785 (hCoV-19_Netherlands_NA_381_2020_EPI_ISL_455183_2020)
Align target 786 (hCoV-19_Australia_VIC1505_2020_EPI_ISL_456469_2020-04-30)
Align target 787 (hCoV-19_Tunisia_COV0010-12_2020_EPI_ISL_463001_2020-03-18)
Align target 788 (hCoV-19_England_201360018_2020_EPI_ISL_423198)
Align target 789 (hCoV-19_Wales_PHWC-257B5_2020_EPI_ISL_422071)
Align target 790 (hCoV-19_USA_LA-BIE-038_2020_EPI_ISL_463286_2020-04-04)
Align target 791 (hCoV-19_USA_WA-UW-1322_2020_EPI_ISL_422994)
Align target 792 (hCoV-19_Wuhan_HB-WH2-148_2020_EPI_ISL_454920_2020-02-21)
Align target 793 (hCoV-19_England_20132024904_2020_EPI_ISL_423759)
Align target 794 (hCoV-19_USA_CA-SCCPHD-UC153_2020_EPI_ISL_435632_2020-03-11)
Align target 795 (hCoV-19_Scotland_EDB517_2020_EPI_ISL_426012)
Align target 796 (hCoV-19_SouthAfrica_Tygerberg_04_2020_EPI_ISL_464115_2020-03-20)
Align target 797 (hCoV-19_USA_FL-BPHL-022_2020_EPI_ISL_436526_2020-04-15)
Align target 798 (hCoV-19_Wales_PHWC-29371_2020_EPI_ISL_445512_2020-04-04)
Align target 799 (hCoV-19_Colombia_INS-79773_2020_EPI_ISL_456134_2020-03-14)
Align target 800 (hCoV-19_England_20102133304_2020_EPI_ISL_464291_2020-03-02)
Align target 801 (hCoV-19_England_CAMB-78355_2020_EPI_ISL_433721_2020-04-05)
Align target 802 (hCoV-19_England_BRIS-123859_2020_EPI_ISL_459727_2020-04-07)
Align target 803 (hCoV-19_England_EXET-1356B4_2020_EPI_ISL_457086_2020-04-12)
Align target 804 (hCoV-19_England_BRIS-129FE5_2020_EPI_ISL_458384_2020-04-15)
Align target 805 (hCoV-19_Germany_BAV-MVP0271_2020_EPI_ISL_466914_2020-05-20)
Align target 806 (hCoV-19_Sweden_20-50053_2020_EPI_ISL_454869_2020-03-02)
Align target 807 (hCoV-19_Chile_Rancagua_6_2020_EPI_ISL_445278_2020-03-16)
Align target 808 (hCoV-19_England_201420050_2020_EPI_ISL_465903_2020-03-30)
Align target 809 (hCoV-19_Canada_QC_AS9_2020_EPI_ISL_463939_2020-04-03)
Align target 810 (hCoV-19_Guangdong_20SF1153_2020_EPI_ISL_428445)
Align target 811 (hCoV-19_USA_CA-SCCPHD-UC171_2020_EPI_ISL_435650_2020-03-13)
Align target 812 (hCoV-19_Scotland_CVR1601_2020_EPI_ISL_448119_2020-04-02)
Align target 813 (hCoV-19_USA_DC-HP00054_2020_EPI_ISL_457797_2020-03-07)
Align target 814 (hCoV-19_England_NOTT-10E0C5_2020_EPI_ISL_425495)
Align target 815 (hCoV-19_USA_NY-NYUMC760_2020_EPI_ISL_451474_2020-03-26)
Align target 816 (hCoV-19_England_SHEF-CE04A_2020_EPI_ISL_462066_2020-04-19)
Align target 817 (hCoV-19_Northern_Ireland_NIRE-FA77D_2020_EPI_ISL_441697_2020-03-30)
Align target 818 (hCoV-19_Spain_Valencia277_2020_EPI_ISL_436372_2020-03-16)
Align target 819 (hCoV-19_Belgium_HNF-0507417_2020_EPI_ISL_462271_2020-05-07)
Align target 820 (hCoV-19_Greece_156_2020_EPI_ISL_434482_2020-03-16)
Align target 821 (hCoV-19_England_CAMB-7F215_2020_EPI_ISL_442935_2020-04-08)
Align target 822 (hCoV-19_USA_WA-S994_2020_EPI_ISL_463484_2020-04-29)
Align target 823 (hCoV-19_Scotland_EDB734_2020_EPI_ISL_433233_2020-04-02)
Align target 824 (hCoV-19_England_LIVE-9C564_2020_EPI_ISL_449552_2020-03-22)
Align target 825 (hCoV-19_England_CAMB-77435_2020_EPI_ISL_439440_2020-03-31)
Align target 826 (hCoV-19_England_20118132604_2020_EPI_ISL_464967_2020-03-12)
Align target 827 (hCoV-19_England_NORT-289771_2020_EPI_ISL_458643_2020-04-01)
Align target 828 (hCoV-19_England_20134019502_2020_EPI_ISL_423105)
Align target 829 (hCoV-19_England_CAMB-793FA_2020_EPI_ISL_441059_2020-04-03)
Align target 830 (hCoV-19_England_SHEF-C1C8F_2020_EPI_ISL_441916_2020-04-10)
Align target 831 (hCoV-19_Thailand_Bangkok_168_2020_EPI_ISL_450196_2020-01-23)
Align target 832 (hCoV-19_Switzerland_101147_2020_EPI_ISL_451814_2020-03-31)
Align target 833 (hCoV-19_Japan_DP0078_2020_EPI_ISL_416572)
Align target 834 (hCoV-19_Australia_VIC704_2020_EPI_ISL_426991)
Align target 835 (hCoV-19_Scotland_CVR29_2020_EPI_ISL_425758)
Align target 836 (hCoV-19_USA_NC_200259_2020_EPI_ISL_454808_2020-04)
Align target 837 (hCoV-19_Spain_COV001452_2020_EPI_ISL_467154_2020-03-17)
Align target 838 (hCoV-19_Iceland_177_2020_EPI_ISL_417680)
Align target 839 (hCoV-19_England_CAMB-8184B_2020_EPI_ISL_443115_2020-04-12)
Align target 840 (hCoV-19_England_NORW-EC6AE_2020_EPI_ISL_457549_2020-05-10)
Align target 841 (hCoV-19_USA_NE-10865_2020_EPI_ISL_466665_2020-05-04)
Align target 842 (hCoV-19_England_LIVE-9B996_2020_EPI_ISL_440891_2020-04-21)
Align target 843 (hCoV-19_Wales_PHWC-2BA6B_2020_EPI_ISL_445799_2020-03-28)
Align target 844 (hCoV-19_England_CAMB-7CCB0_2020_EPI_ISL_441640_2020-04-05)
Align target 845 (hCoV-19_USA_CA-SCCPHD-UC116_2020_EPI_ISL_435595_2020-03-04)
Align target 846 (hCoV-19_England_20144022704_2020_EPI_ISL_423521)
Align target 847 (hCoV-19_Taiwan_107_2020_EPI_ISL_420085)
Align target 848 (hCoV-19_England_20140000404_2020_EPI_ISL_423367)
Align target 849 (hCoV-19_Austria_CeMM0189_2020_EPI_ISL_438030_2020-03-13)
Align target 850 (hCoV-19_England_20129176204_2020_EPI_ISL_424157)
Align target 851 (hCoV-19_Australia_SAP095_2020_EPI_ISL_451129_2020-04-09)
Align target 852 (hCoV-19_Spain_COV001603_2020_EPI_ISL_467139_2020-03-12)
Align target 853 (hCoV-19_Netherlands_NA_404_2020_EPI_ISL_455206_2020-03-27)
Align target 854 (hCoV-19_England_CAMB-77040_2020_EPI_ISL_425454)
Align target 855 (hCoV-19_England_20169004504_2020_EPI_ISL_465178_2020-04-16)
Align target 856 (hCoV-19_USA_MN-MDH-148_2020_EPI_ISL_460053_2020-03-21)
Align target 857 (hCoV-19_England_BRIS-121CD7_2020_EPI_ISL_440241_2020-03-18)
Align target 858 (hCoV-19_Netherlands_ZuidHolland_48_2020_EPI_ISL_422919)
Align target 859 (hCoV-19_Sichuan_SC-MY-058_2020_EPI_ISL_451324_2020-02-02)
Align target 860 (hCoV-19_USA_UT-02220_2020_EPI_ISL_436920_2020-04-15)
Align target 861 (hCoV-19_England_201161633_2020_EPI_ISL_464865_2020-03-12)
Align target 862 (hCoV-19_England_BRIS-125990_2020_EPI_ISL_443734_2020-03-30)
Align target 863 (hCoV-19_England_CAMB-1AED66_2020_EPI_ISL_452858_2020-05-09)
Align target 864 (hCoV-19_Israel_130711367_2020_EPI_ISL_447452_2020-04-22)
Align target 865 (hCoV-19_Australia_VIC1321_2020_EPI_ISL_430704)
Align target 866 (hCoV-19_Scotland_CVR2167_2020_EPI_ISL_448147_2020-04-11)
Align target 867 (hCoV-19_Anhui_SZ005_2020_EPI_ISL_413485)
Align target 868 (hCoV-19_England_CAMB-7EC45_2020_EPI_ISL_442999_2020-04-07)
Align target 869 (hCoV-19_England_LIVE-99093_2020_EPI_ISL_439689_2020-04-07)
Align target 870 (hCoV-19_Bosnia_and_Herzegovina_03_Tuzla_2020_EPI_ISL_463893_2020-05-25)
Align target 871 (hCoV-19_Italy_TE6571_2020_EPI_ISL_429231)
Align target 872 (hCoV-19_England_CAMB-81DB5_2020_EPI_ISL_442603_2020-04-13)
Align target 873 (hCoV-19_USA_WA-UW-1947_2020_EPI_ISL_424327)
Align target 874 (hCoV-19_England_SHEF-CD6EF_2020_EPI_ISL_442435_2020-03-31)
Align target 875 (hCoV-19_Luxembourg_LNS4295690_2020_EPI_ISL_428959)
Align target 876 (hCoV-19_Nigeria_OS122-CV18_2020_EPI_ISL_455426_2020-03-29)
Align target 877 (hCoV-19_Kazakhstan_26574_2020_EPI_ISL_454593_2020-04-26)
Align target 878 (hCoV-19_England_20206026404_2020_EPI_ISL_465656_2020-05-11)
Align target 879 (hCoV-19_France_HF1871_2020_EPI_ISL_414630)
Align target 880 (hCoV-19_England_BRIS-124EFC_2020_EPI_ISL_443871_2020-03-26)
Align target 881 (hCoV-19_England_CAMB-73FA1_2020_EPI_ISL_440315_2020-03-18)
Align target 882 (hCoV-19_USA_CA-SCCPHD-UC190_2020_EPI_ISL_435669_2020-03-20)
Align target 883 (hCoV-19_Netherlands_NA_74_2020_EPI_ISL_422834)
Align target 884 (hCoV-19_Wales_PHWC-33E46_2020_EPI_ISL_446829_2020-04-15)
Align target 885 (hCoV-19_England_SHEF-BFCDF_2020_EPI_ISL_416732)
Align target 886 (hCoV-19_England_NOTT-10E06B_2020_EPI_ISL_425489)
Align target 887 (hCoV-19_England_BRIS-1248EF_2020_EPI_ISL_443735_2020-03-25)
Align target 888 (hCoV-19_India_NIV-4130_2020_EPI_ISL_454529_2020-03-21)
Align target 889 (hCoV-19_Switzerland_100063_2020_EPI_ISL_466985_2020-03-12)
Align target 890 (hCoV-19_England_LIVE-9A3E4_2020_EPI_ISL_440861_2020-04-16)
Align target 891 (hCoV-19_Australia_VIC594_2020_EPI_ISL_426851)
Align target 892 (hCoV-19_England_LOND-D5541_2020_EPI_ISL_444232_2020-04-16)
Align target 893 (hCoV-19_USA_CA-CZB-1072_2020_EPI_ISL_437072_2020-04-21)
Align target 894 (hCoV-19_Wales_PHWC-33778_2020_EPI_ISL_446745_2020-04-17)
Align target 895 (hCoV-19_Netherlands_Gelderland_63_2020_EPI_ISL_460962_2020-05-18)
Align target 896 (hCoV-19_USA_WA-UW362_2020_EPI_ISL_418929)
Align target 897 (hCoV-19_USA_PA-MGEL154_2020_EPI_ISL_454410_2020-04-05)
Align target 898 (hCoV-19_Thailand_Bangkok_2294_2020_EPI_ISL_447921_2020-03-13)
Align target 899 (hCoV-19_Wales_PHWC-2EE5D_2020_EPI_ISL_446163_2020-04-07)
Align target 900 (hCoV-19_England_CAMB-83B6E_2020_EPI_ISL_443336_2020-04-15)
Align target 901 (hCoV-19_England_20142025504_2020_EPI_ISL_465938_2020-03-29)
Align target 902 (hCoV-19_Switzerland_GE0304_2020_EPI_ISL_429218)
Align target 903 (hCoV-19_England_CAMB-80DF2_2020_EPI_ISL_442991_2020-04-10)
Align target 904 (hCoV-19_England_CAMB-789BD_2020_EPI_ISL_433801_2020-04-06)
Align target 905 (hCoV-19_USA_TX-HMH0430_2020_EPI_ISL_435013_2020-04-02)
Align target 906 (hCoV-19_Spain_COV001064_2020_EPI_ISL_452612_2020-04-01)
Align target 907 (hCoV-19_England_CAMB-83867_2020_EPI_ISL_443391_2020-04-15)
Align target 908 (hCoV-19_Germany_NRW-15_2020_EPI_ISL_417460)
Align target 909 (hCoV-19_Netherlands_NoordBrabant_39_2020_EPI_ISL_414548)
Align target 910 (hCoV-19_Portugal_PT0558_2020_EPI_ISL_454281_2020-04-21)
Align target 911 (hCoV-19_England_CAMB-8416B_2020_EPI_ISL_438742_2020-04-25)
Align target 912 (hCoV-19_England_SHEF-CA8A0_2020_EPI_ISL_448876_2020-04-16)
Align target 913 (hCoV-19_England_BRIS-12A0B4_2020_EPI_ISL_458398_2020-04-16)
Align target 914 (hCoV-19_England_CAMB-7D0FF_2020_EPI_ISL_441605_2020-04-06)
Align target 915 (hCoV-19_USA_WA-UW346_2020_EPI_ISL_418913)
Align target 916 (hCoV-19_USA_VA-DCLS-0239_2020_EPI_ISL_452814_2020-04-09)
Align target 917 (hCoV-19_USA_PA-MGEL135_2020_EPI_ISL_454400_2020)
Align target 918 (hCoV-19_England_20129044404_2020_EPI_ISL_424047)
Align target 919 (hCoV-19_Greece_10_2020_EPI_ISL_418263)
Align target 920 (hCoV-19_Spain_Valencia124_2020_EPI_ISL_436219_2020-03-14)
Align target 921 (hCoV-19_England_OXON-AEC3D_2020_EPI_ISL_448772_2020)
Align target 922 (hCoV-19_Wales_PHWC-2EE20_2020_EPI_ISL_446160_2020-04-07)
Align target 923 (hCoV-19_England_LOND-D5B12_2020_EPI_ISL_457300_2020-04-18)
Align target 924 (hCoV-19_Wales_PHWC-31D96_2020_EPI_ISL_446565_2020-04-12)
Align target 925 (hCoV-19_USA_IL-NM098_2020_EPI_ISL_444586_2020-03-21)
Align target 926 (hCoV-19_England_20134059604_2020_EPI_ISL_423144)
Align target 927 (hCoV-19_Wales_PHWC-29E07_2020_EPI_ISL_432267_2020-04-04)
Align target 928 (hCoV-19_USA_MI-MDHHS-SC20244_2020_EPI_ISL_447214_2020-03-18)
Align target 929 (hCoV-19_Canada_ON_MU-S40_2020_EPI_ISL_463984_2020-03-17)
Align target 930 (hCoV-19_England_CAMB-840AA_2020_EPI_ISL_438732_2020-04-26)
Align target 931 (hCoV-19_Scotland_CVR3057_2020_EPI_ISL_461643_2020-04-23)
Align target 932 (hCoV-19_USA_WA-UW157_2020_EPI_ISL_416695)
Align target 933 (hCoV-19_USA_TX-HMH0440_2020_EPI_ISL_435023_2020-04-03)
Align target 934 (hCoV-19_USA_WA-S395_2020_EPI_ISL_434155_2020-03-30)
Align target 935 (hCoV-19_England_CAMB-1B0BB2_2020_EPI_ISL_452949_2020-05-12)
Align target 936 (hCoV-19_USA_WA-S1078_2020_EPI_ISL_463568_2020-04-30)
Align target 937 (hCoV-19_USA_PA-MGSC43-05_2020_EPI_ISL_436491_2020-03)
Align target 938 (hCoV-19_USA_AK-PHL153_2020_EPI_ISL_435442_2020-04-07)
Align target 939 (hCoV-19_England_BRIS-126CE1_2020_EPI_ISL_458977_2020-04-10)
Align target 940 (hCoV-19_Croatia_1146_Split_2020_EPI_ISL_454581_2020-03-18)
Align target 941 (hCoV-19_USA_WA-S89_2020_EPI_ISL_417142)
Align target 942 (hCoV-19_Wales_PHWC-25B22_2020_EPI_ISL_422289)
Align target 943 (hCoV-19_Scotland_CVR2938_2020_EPI_ISL_461599_2020-04-22)
Align target 944 (hCoV-19_Australia_VIC502_2020_EPI_ISL_426773)
Align target 945 (hCoV-19_Netherlands_NoordHolland_22_2020_EPI_ISL_461212_2020-05-05)
Align target 946 (hCoV-19_England_20166004704_2020_EPI_ISL_466508_2020-04-14)
Align target 947 (hCoV-19_Netherlands_NA_239_2020_EPI_ISL_422773)
Align target 948 (hCoV-19_Chile_Santiago_44_2020_EPI_ISL_445323_2020-03-16)
Align target 949 (hCoV-19_USA_CA-SR0255_2020_EPI_ISL_437557_2020-03-30)
Align target 950 (hCoV-19_England_CAMB-83A43_2020_EPI_ISL_443382_2020-04-15)
Align target 951 (hCoV-19_England_CAMB-1B1850_2020_EPI_ISL_458543_2020-05-07)
Align target 952 (hCoV-19_England_EXET-135D0A_2020_EPI_ISL_457157_2020-03-22)
Align target 953 (hCoV-19_Wales_PHWC-254CD_2020_EPI_ISL_420979)
Align target 954 (hCoV-19_USA_WA-S1020_2020_EPI_ISL_463510_2020-04-29)
Align target 955 (hCoV-19_England_20130054704_2020_EPI_ISL_423637)
Align target 956 (hCoV-19_USA_VA-DCLS-0403_2020_EPI_ISL_467798_2020-04-21)
Align target 957 (hCoV-19_England_NOTT-10F9C9_2020_EPI_ISL_432670_2020-04-05)
Align target 958 (hCoV-19_Spain_Madrid_H12_35_2020_EPI_ISL_428698)
Align target 959 (hCoV-19_Canada_ON_PHL3380_2020_EPI_ISL_418350)
Align target 960 (hCoV-19_Canada_BC_01210684_2020_EPI_ISL_466703_2020-04)
Align target 961 (hCoV-19_Netherlands_ZuidHolland_202_2020_EPI_ISL_461374_2020)
Align target 962 (hCoV-19_Spain_COV000730_2020_EPI_ISL_452745_2020-03-07)
Align target 963 (hCoV-19_England_NORW-EAFA5_2020_EPI_ISL_457401_2020-04-29)
Align target 964 (hCoV-19_Russia_Krasnoyarsk-66501_2020_EPI_ISL_428871)
Align target 965 (hCoV-19_Portugal_PT0117_2020_EPI_ISL_453833_2020-03-25)
Align target 966 (hCoV-19_Portugal_PT0582_2020_EPI_ISL_454305_2020-03-26)
Align target 967 (hCoV-19_USA_LA-EVTL112_2020_EPI_ISL_451273_2020-05-08)
Align target 968 (hCoV-19_England_NOTT-110E11_2020_EPI_ISL_448423_2020-04-29)
Align target 969 (hCoV-19_England_20186078704_2020_EPI_ISL_465478_2020-04-29)
Align target 970 (hCoV-19_England_20156049204_2020_EPI_ISL_466332_2020-04-08)
Align target 971 (hCoV-19_Thailand_Bangkok-0080_2020_EPI_ISL_447021_2020-04-01)
Align target 972 (hCoV-19_England_20119080704_2020_EPI_ISL_465111_2020-03-13)
Align target 973 (hCoV-19_USA_MI-MDHHS-SC20508_2020_EPI_ISL_460556_2020-05-06)
Align target 974 (hCoV-19_England_20110015106_2020_EPI_ISL_417306)
Align target 975 (hCoV-19_Netherlands_NA_666_2020_EPI_ISL_461101_2020-02-29)
Align target 976 (hCoV-19_England_CAMB-7423E_2020_EPI_ISL_440310_2020-03-20)
Align target 977 (hCoV-19_Singapore_89_2020_EPI_ISL_435694_2020-04-22)
Align target 978 (hCoV-19_Wales_PHWC-2B8DA_2020_EPI_ISL_445777_2020-04-09)
Align target 979 (hCoV-19_England_NORW-E6DEB_2020_EPI_ISL_448980_2020-04-18)
Align target 980 (hCoV-19_England_20104023103_2020_EPI_ISL_417237)
Align target 981 (hCoV-19_Spain_Valencia548_2020_EPI_ISL_447490_2020-03-26)
Align target 982 (hCoV-19_Scotland_EDB3498_2020_EPI_ISL_439271_2020-04-13)
Align target 983 (hCoV-19_India_GBRC169b_2020_EPI_ISL_467030_2020-06-05)
Align target 984 (hCoV-19_England_SHEF-CC422_2020_EPI_ISL_442409_2020-04-09)
Align target 985 (hCoV-19_England_BRIS-125F8F_2020_EPI_ISL_459092_2020-04-10)
Align target 986 (hCoV-19_USA_IL-NM038_2020_EPI_ISL_444542_2020-03-16)
Align target 987 (hCoV-19_Wuhan_HB-WHCM-120_2020_EPI_ISL_454998_2020-02-24)
Align target 988 (hCoV-19_Wales_PHWC-28916_2020_EPI_ISL_432016_2020-04-01)
Align target 989 (hCoV-19_India_GBRC179a_2020_EPI_ISL_467045_2020-06-03)
Align target 990 (hCoV-19_USA_CA-SR0263_2020_EPI_ISL_437549_2020-04-20)
Align target 991 (hCoV-19_England_EXET-13598E_2020_EPI_ISL_457120_2020-04-22)
Align target 992 (hCoV-19_Singapore_203_2020_EPI_ISL_462321_2020-04-27)
Align target 993 (hCoV-19_England_CAMB-7E164_2020_EPI_ISL_434046_2020-04-15)
Align target 994 (hCoV-19_England_EXET-135BC4_2020_EPI_ISL_457143_2020-04-10)
Align target 995 (hCoV-19_USA_MI-MDHHS-SC20486_2020_EPI_ISL_460025_2020-03-31)
Align target 996 (hCoV-19_Netherlands_Overijssel_33_2020_EPI_ISL_461225_2020-04-28)
Align target 997 (hCoV-19_Denmark_ALAB-SSI472_2020_EPI_ISL_429552)
Align target 998 (hCoV-19_Wales_PHWC-33927_2020_EPI_ISL_446767_2020-04-16)
Align target 999 (hCoV-19_Vietnam_VNHN_4958_2020_EPI_ISL_455718_2020-04-10)
Computing global alignment... done.
