Align target 0 (hCoV-19_Portugal_PT0193_2020_EPI_ISL_453909_2020-03-29)
Align target 1 (hCoV-19_Canada_BC_03493786_2020_EPI_ISL_466754_2020-04)
Align target 2 (hCoV-19_India_NGC-CDFD-30_2020_EPI_ISL_466868_2020-05-30)
Align target 3 (hCoV-19_Italy_LO-13075-N_2020_EPI_ISL_451309_2020-03-01)
Align target 4 (hCoV-19_USA_WI-51_2020_EPI_ISL_421309)
Align target 5 (hCoV-19_Kenya_P2794_2020_EPI_ISL_457893_2020-04)
Align target 6 (hCoV-19_Northern_Ireland_NIRE-FA977_2020_EPI_ISL_441776_2020-03-26)
Align target 7 (hCoV-19_USA_VI-CDC-1999_2020_EPI_ISL_436045_2020-03-21)
Align target 8 (hCoV-19_Luxembourg_LNS7074589_2020_EPI_ISL_421744)
Align target 9 (hCoV-19_USA_TX-HMH0200_2020_EPI_ISL_434875_2020-03-24)
Align target 10 (hCoV-19_Scotland_EDB5011_2020_EPI_ISL_453180_2020-05-15)
Align target 11 (hCoV-19_Chile_Santiago_65_2020_EPI_ISL_445361_2020-03-18)
Align target 12 (hCoV-19_England_20149007104_2020_EPI_ISL_466124_2020-03-30)
Align target 13 (hCoV-19_Israel_701002504_2020_EPI_ISL_447294_2020-03-25)
Align target 14 (hCoV-19_Sweden_20-51160_2020_EPI_ISL_452242_2020-05-04)
Align target 15 (hCoV-19_India_GBRC115_2020_EPI_ISL_451160_2020-05-03)
Align target 16 (hCoV-19_USA_UT-00288_2020_EPI_ISL_420808)
Align target 17 (hCoV-19_Czech_Republic_IAB_18_2020_EPI_ISL_426893)
Align target 18 (hCoV-19_England_20140064804_2020_EPI_ISL_423396)
Align target 19 (hCoV-19_England_OXON-AC6AA_2020_EPI_ISL_448475_2020-04-07)
Align target 20 (hCoV-19_France_KRA-ROB_2020_EPI_ISL_424993)
Align target 21 (hCoV-19_USA_MI-MDHHS-SC20123_2020_EPI_ISL_436871_2020-03-27)
Align target 22 (hCoV-19_USA_WI-162_2020_EPI_ISL_428258)
Align target 23 (hCoV-19_England_CAMB-1AD66C_2020_EPI_ISL_447993_2020-04-30)
Align target 24 (hCoV-19_England_NORW-E89F4_2020_EPI_ISL_448262_2020-04-11)
Align target 25 (hCoV-19_China_Shaoxing-07_2020_EPI_ISL_463899_2020-01-30)
Align target 26 (hCoV-19_Netherlands_Overijssel_10_2020_EPI_ISL_460799_2020-04-08)
Align target 27 (hCoV-19_USA_MA-MGH-00277_2020_EPI_ISL_460098_2020-04-01)
Align target 28 (hCoV-19_USA_UT-00020_2020_EPI_ISL_417028)
Align target 29 (hCoV-19_Portugal_PT0613_2020_EPI_ISL_454336_2020-03-15)
Align target 30 (hCoV-19_England_CAMB-7D833_2020_EPI_ISL_441566_2020-04-07)
Align target 31 (hCoV-19_Wales_PHWC-31E1B_2020_EPI_ISL_446572_2020-04-07)
Align target 32 (hCoV-19_England_CAMB-7631B_2020_EPI_ISL_439410_2020-03-30)
Align target 33 (hCoV-19_Netherlands_NA_72_2020_EPI_ISL_422832)
Align target 34 (hCoV-19_Scotland_EDB2958_2020_EPI_ISL_456907_2020-04-02)
Align target 35 (hCoV-19_England_CAMB-731BA_2020_EPI_ISL_440265_2020-03-22)
Align target 36 (hCoV-19_Shanghai_SH0034_2020_EPI_ISL_416343)
Align target 37 (hCoV-19_Wales_PHWC-2906B_2020_EPI_ISL_445474_2020-04-03)
Align target 38 (hCoV-19_Netherlands_NA_218_2020_EPI_ISL_422753)
Align target 39 (hCoV-19_DRC_2827_2020_EPI_ISL_437348_2020-04-16)
Align target 40 (hCoV-19_Portugal_PT0297_2020_EPI_ISL_454013_2020-03-13)
Align target 41 (hCoV-19_USA_SEARCH-0065-NBG_2020_EPI_ISL_434522_2020-03-31)
Align target 42 (hCoV-19_Egypt_CUNCI-HGC004_2020_EPI_ISL_468048_2020-05-02)
Align target 43 (hCoV-19_Netherlands_Friesland_28_2020_EPI_ISL_460650_2020-04-10)
Align target 44 (hCoV-19_USA_WA-UW-3814_2020_EPI_ISL_427177)
Align target 45 (hCoV-19_SouthKorea_KCDC24_2020_EPI_ISL_412873)
Align target 46 (hCoV-19_Scotland_CVR464_2020_EPI_ISL_433299_2020-03-23)
Align target 47 (hCoV-19_USA_NY-PV09479_2020_EPI_ISL_450151_2020-03-20)
Align target 48 (hCoV-19_England_CAMB-75BD8_2020_EPI_ISL_438505_2020-03-29)
Align target 49 (hCoV-19_USA_NY-NYUMC450_2020_EPI_ISL_435517_2020-04-20)
Align target 50 (hCoV-19_USA_UNKNOWN-UW-1791_2020_EPI_ISL_424249)
Align target 51 (hCoV-19_USA_WA-S1015_2020_EPI_ISL_463505_2020-04-30)
Align target 52 (hCoV-19_England_OXON-ADD3B_2020_EPI_ISL_448632_2020)
Align target 53 (hCoV-19_Wales_PHWC-24BC9_2020_EPI_ISL_419496)
Align target 54 (hCoV-19_England_SHEF-CC52F_2020_EPI_ISL_432525_2020-04-03)
Align target 55 (hCoV-19_USA_UT-02221_2020_EPI_ISL_436921_2020-04-14)
Align target 56 (hCoV-19_Chile_Santiago_50_2020_EPI_ISL_445329_2020-03-23)
Align target 57 (hCoV-19_Germany_BAV-MVP0096_2020_EPI_ISL_437288_2020-04-03)
Align target 58 (hCoV-19_Austria_CeMM0181_2020_EPI_ISL_438023_2020-03-09)
Align target 59 (hCoV-19_England_20130036704_2020_EPI_ISL_423618)
Align target 60 (hCoV-19_England_CAMB-7B219_2020_EPI_ISL_444395_2020-04-10)
Align target 61 (hCoV-19_England_20132024604_2020_EPI_ISL_423758)
Align target 62 (hCoV-19_England_SHEF-C590C_2020_EPI_ISL_462020_2020-05-15)
Align target 63 (hCoV-19_Sichuan_SC-PHCC1-031_2020_EPI_ISL_451352_2020-02-08)
Align target 64 (hCoV-19_Taiwan_NTU22_2020_EPI_ISL_447616_2020-03-21)
Align target 65 (hCoV-19_Australia_VIC763_2020_EPI_ISL_427039)
Align target 66 (hCoV-19_USA_WA-S1042_2020_EPI_ISL_463532_2020-05-03)
Align target 67 (hCoV-19_Spain_COV001880_2020_EPI_ISL_452466_2020-03-11)
Align target 68 (hCoV-19_Wales_PHWC-26848_2020_EPI_ISL_422098)
Align target 69 (hCoV-19_Wales_PHWC-27021_2020_EPI_ISL_422099)
Align target 70 (hCoV-19_Netherlands_NA_561_2020_EPI_ISL_460726_2020-04-11)
Align target 71 (hCoV-19_Belgium_SR-0319112_2020_EPI_ISL_420369)
Align target 72 (hCoV-19_USA_WI-94_2020_EPI_ISL_425151)
Align target 73 (hCoV-19_Scotland_EDB3653_2020_EPI_ISL_439305_2020-04-28)
Align target 74 (hCoV-19_England_CAMB-7CD35_2020_EPI_ISL_441638_2020-04-06)
Align target 75 (hCoV-19_Australia_NSW24_2020_EPI_ISL_417387)
Align target 76 (hCoV-19_England_CAMB-774DB_2020_EPI_ISL_439467_2020-03-30)
Align target 77 (hCoV-19_Wales_PHWC-25445_2020_EPI_ISL_420992)
Align target 78 (hCoV-19_Wales_PHWC-2A4AA_2020_EPI_ISL_445572_2020-04-05)
Align target 79 (hCoV-19_Thailand_Bangkok-0074_2020_EPI_ISL_447015_2020-03-31)
Align target 80 (hCoV-19_England_20102005304_2020_EPI_ISL_464283_2020-03-02)
Align target 81 (hCoV-19_USA_WA-UW-4549_2020_EPI_ISL_429600)
Align target 82 (hCoV-19_Australia_VIC1055_2020_EPI_ISL_430667)
Align target 83 (hCoV-19_Germany_BAV-MVP0025_2020_EPI_ISL_437224_2020-03-29)
Align target 84 (hCoV-19_Luxembourg_LNS6944114_2020_EPI_ISL_459904_2020-03-30)
Align target 85 (hCoV-19_England_LIVE-9B69F_2020_EPI_ISL_440869_2020-04-20)
Align target 86 (hCoV-19_England_NORT-28A5A3_2020_EPI_ISL_457306_2020-04-12)
Align target 87 (hCoV-19_Singapore_68_2020_EPI_ISL_428847)
Align target 88 (hCoV-19_England_20174049204_2020_EPI_ISL_465403_2020-04-20)
Align target 89 (hCoV-19_England_SHEF-C0163_2020_EPI_ISL_420255)
Align target 90 (hCoV-19_Chile_Coyhaique_1_2020_EPI_ISL_445296_2020-03-21)
Align target 91 (hCoV-19_England_LIVE-9DB43_2020_EPI_ISL_449618_2020-04-29)
Align target 92 (hCoV-19_Netherlands_Overijssel_2_2020_EPI_ISL_414550)
Align target 93 (hCoV-19_Latvia_020_2020_EPI_ISL_450520_2020-04-28)
Align target 94 (hCoV-19_Wales_PHWC-2ACA2_2020_EPI_ISL_445688_2020-04-06)
Align target 95 (hCoV-19_Wales_PHWC-2ED41_2020_EPI_ISL_446146_2020-04-06)
Align target 96 (hCoV-19_Japan_Hu_DP_Kng_19-031_2020_EPI_ISL_420889)
Align target 97 (hCoV-19_Scotland_EDB2064_2020_EPI_ISL_433171_2020-04-18)
Align target 98 (hCoV-19_USA_WI-UW-288_2020_EPI_ISL_436582_2020-04-08)
Align target 99 (hCoV-19_England_LOND-D5E91_2020_EPI_ISL_444254_2020-04-19)
Align target 100 (hCoV-19_Australia_VIC1638_2020_EPI_ISL_456541_2020-05-02)
Align target 101 (hCoV-19_Switzerland_130006_2020_EPI_ISL_467002_2020-05-06)
Align target 102 (hCoV-19_England_CAMB-725A0_2020_EPI_ISL_439616_2020-03-23)
Align target 103 (hCoV-19_England_20154075604_2020_EPI_ISL_466262_2020-04-07)
Align target 104 (hCoV-19_Canada_ON_PHL0654_2020_EPI_ISL_418370)
Align target 105 (hCoV-19_England_CAMB-1ABF54_2020_EPI_ISL_444350_2020-04-27)
Align target 106 (hCoV-19_England_BRIS-12A3E8_2020_EPI_ISL_458452_2020-04-29)
Align target 107 (hCoV-19_USA_WA-UW-6480_2020_EPI_ISL_437840_2020-04-03)
Align target 108 (hCoV-19_England_20172000104_2020_EPI_ISL_465308_2020-04-19)
Align target 109 (hCoV-19_Wales_PHWC-2ED32_2020_EPI_ISL_446145_2020-04-07)
Align target 110 (hCoV-19_Spain_Valencia571_2020_EPI_ISL_447502_2020-03-27)
Align target 111 (hCoV-19_England_20188035704_2020_EPI_ISL_465506_2020-04-30)
Align target 112 (hCoV-19_England_CAMB-82A08_2020_EPI_ISL_438646_2020-04-23)
Align target 113 (hCoV-19_England_20126002304_2020_EPI_ISL_423870)
Align target 114 (hCoV-19_England_CAMB-84523_2020_EPI_ISL_443569_2020-04-17)
Align target 115 (hCoV-19_Wales_PHWC-24358_2020_EPI_ISL_419400)
Align target 116 (hCoV-19_USA_WA-S759_2020_EPI_ISL_449929_2020-04-14)
Align target 117 (hCoV-19_Japan_Hu_Kng_19-865_2020_EPI_ISL_445183_2020-03-23)
Align target 118 (hCoV-19_Netherlands_ZuidHolland_124_2020_EPI_ISL_461297_2020-04-23)
Align target 119 (hCoV-19_England_20139029904_2020_EPI_ISL_420665)
Align target 120 (hCoV-19_England_20134067904_2020_EPI_ISL_423156)
Align target 121 (hCoV-19_England_OXON-ADA16_2020_EPI_ISL_448609_2020)
Align target 122 (hCoV-19_Scotland_CVR3492_2020_EPI_ISL_456880_2020-04-19)
Align target 123 (hCoV-19_USA_MI-MDHHS-SC20020_2020_EPI_ISL_437107_2020-03-13)
Align target 124 (hCoV-19_England_SHEF-C034F_2020_EPI_ISL_420205)
Align target 125 (hCoV-19_USA_WA-UW40_2020_EPI_ISL_415605)
Align target 126 (hCoV-19_England_20140068704_2020_EPI_ISL_465888_2020-03-28)
Align target 127 (hCoV-19_England_CAMB-76560_2020_EPI_ISL_438363_2020-03-29)
Align target 128 (hCoV-19_Luxembourg_LNS0744902_2020_EPI_ISL_429761)
Align target 129 (hCoV-19_Canada_QC_AS4_2020_EPI_ISL_463936_2020-04-02)
Align target 130 (hCoV-19_Germany_FrankfurtFFM4_2020_EPI_ISL_452220_2020-03-02)
Align target 131 (hCoV-19_Israel_51140315_2020_EPI_ISL_447324_2020-03-18)
Align target 132 (hCoV-19_Spain_ACoruna_010_2020_EPI_ISL_468340_2020-04-22)
Align target 133 (hCoV-19_England_CAMB-7B0D3_2020_EPI_ISL_433916_2020-04-11)
Align target 134 (hCoV-19_USA_PA-MGSC45-05_2020_EPI_ISL_436493_2020-03)
Align target 135 (hCoV-19_Canada_ON_MU-S51_2020_EPI_ISL_463989_2020-03-17)
Align target 136 (hCoV-19_England_CAMB-75E66_2020_EPI_ISL_438276_2020-03-28)
Align target 137 (hCoV-19_Sweden_KI-CTMR-V300037768-4D_2020_EPI_ISL_444490_2020-03)
Align target 138 (hCoV-19_Wales_PHWC-2780B_2020_EPI_ISL_432322_2020-04-01)
Align target 139 (hCoV-19_England_CAMB-8232B_2020_EPI_ISL_443655_2020-04-13)
Align target 140 (hCoV-19_USA_WY-WYPHL-00026_2020_EPI_ISL_462919_2020-03-21)
Align target 141 (hCoV-19_Portugal_PT0450_2020_EPI_ISL_454174_2020-03-31)
Align target 142 (hCoV-19_Austria_CeMM0080_2020_EPI_ISL_437947_2020-03-24)
Align target 143 (hCoV-19_SouthAfrica_Tygerberg_23_2020_EPI_ISL_464134_2020-04-09)
Align target 144 (hCoV-19_England_20142003904_2020_EPI_ISL_423426)
Align target 145 (hCoV-19_Sweden_20-50357_2020_EPI_ISL_429162)
Align target 146 (hCoV-19_England_CAMB-7C403_2020_EPI_ISL_442325_2020-04-05)
Align target 147 (hCoV-19_China_WF0024_2020_EPI_ISL_413753)
Align target 148 (hCoV-19_Northern_Ireland_NIRE-1052C8_2020_EPI_ISL_461779_2020-03-31)
Align target 149 (hCoV-19_England_NORT-288E6E_2020_EPI_ISL_453490_2020-03-23)
Align target 150 (hCoV-19_Belgium_RHA-0324177_2020_EPI_ISL_420434)
Align target 151 (hCoV-19_England_20166069404_2020_EPI_ISL_466575_2020-04-16)
Align target 152 (hCoV-19_England_CAMB-766F4_2020_EPI_ISL_438417_2020-03-30)
Align target 153 (hCoV-19_Netherlands_ZuidHolland_214_2020_EPI_ISL_461386_2020-05-08)
Align target 154 (hCoV-19_Wales_PHWC-2EF2D_2020_EPI_ISL_446176_2020-04-06)
Align target 155 (hCoV-19_USA_CA-CZBRR057EX00709_2020_EPI_ISL_429016)
Align target 156 (hCoV-19_USA_NY-NYUMC817_2020_EPI_ISL_456053_2020-03-25)
Align target 157 (hCoV-19_USA_NY-NYUMC802_2020_EPI_ISL_456038_2020-03-27)
Align target 158 (hCoV-19_England_LIVE-9994D_2020_EPI_ISL_439776_2020-04-09)
Align target 159 (hCoV-19_England_20188019604_2020_EPI_ISL_465714_2020-04-30)
Align target 160 (hCoV-19_England_NOTT-10E1D1_2020_EPI_ISL_425509)
Align target 161 (hCoV-19_Netherlands_ZuidHolland_179_2020_EPI_ISL_461351_2020-04-22)
Align target 162 (hCoV-19_Australia_VIC638_2020_EPI_ISL_426934)
Align target 163 (hCoV-19_Spain_COV000882_2020_EPI_ISL_452677_2020-03-25)
Align target 164 (hCoV-19_England_NORW-E8271_2020_EPI_ISL_449131_2020-04-08)
Align target 165 (hCoV-19_USA_LA-SR0143_2020_EPI_ISL_435447_2020-03-31)
Align target 166 (hCoV-19_Portugal_PT0579_2020_EPI_ISL_454302_2020-03-24)
Align target 167 (hCoV-19_Wales_PHWC-338FD_2020_EPI_ISL_446764_2020-04-16)
Align target 168 (hCoV-19_USA_VA-DCLS-0010_2020_EPI_ISL_419262)
Align target 169 (hCoV-19_Scotland_CVR3200_2020_EPI_ISL_449220_2020-04-28)
Align target 170 (hCoV-19_Saudi_Arabia_KAUST-Makkah05_2020_EPI_ISL_437461_2020-03-23)
Align target 171 (hCoV-19_England_SHEF-D093B_2020_EPI_ISL_432616_2020-04-06)
Align target 172 (hCoV-19_USA_NY-NYUMC314_2020_EPI_ISL_430341)
Align target 173 (hCoV-19_England_201580035_2020_EPI_ISL_466349_2020-04-10)
Align target 174 (hCoV-19_England_201421129_2020_EPI_ISL_465952_2020-03-30)
Align target 175 (hCoV-19_India_1115_2020_EPI_ISL_421667)
Align target 176 (hCoV-19_Colombia_GVI-97212_2020_EPI_ISL_447795_2020-04-04)
Align target 177 (hCoV-19_India_ILSCV19048_2020_EPI_ISL_463064_2020-05-16)
Align target 178 (hCoV-19_England_201161426_2020_EPI_ISL_464840_2020-03-11)
Align target 179 (hCoV-19_USA_MI-MDHHS-SC20324_2020_EPI_ISL_450603_2020-03-14)
Align target 180 (hCoV-19_Germany_BAV-MVP0192_2020_EPI_ISL_466882_2020-04-15)
Align target 181 (hCoV-19_Kenya_P729_2020_EPI_ISL_457923_2020-04)
Align target 182 (hCoV-19_England_CAMB-72C7E_2020_EPI_ISL_440019_2020-03-20)
Align target 183 (hCoV-19_USA_WA-UW204_2020_EPI_ISL_417353)
Align target 184 (hCoV-19_England_NORT-28A093_2020_EPI_ISL_453522_2020-04-08)
Align target 185 (hCoV-19_England_BRIS-122887_2020_EPI_ISL_440712_2020-04-05)
Align target 186 (hCoV-19_China_WF0015_2020_EPI_ISL_413729)
Align target 187 (hCoV-19_Belgium_ULG-10081_2020_EPI_ISL_424640)
Align target 188 (hCoV-19_USA_NY-PV09341_2020_EPI_ISL_450029_2020-03-24)
Align target 189 (hCoV-19_USA_IL-NM068_2020_EPI_ISL_444563_2020-03-18)
Align target 190 (hCoV-19_Canada_Qc-L00241251_2020_EPI_ISL_465701_2020-03-27)
Align target 191 (hCoV-19_Scotland_EDB3530_2020_EPI_ISL_439279_2020-04-13)
Align target 192 (hCoV-19_USA_MA-MGH-00620_2020_EPI_ISL_460374_2020-03-28)
Align target 193 (hCoV-19_USA_WA-UW-6562_2020_EPI_ISL_437864_2020-04-05)
Align target 194 (hCoV-19_Norway_1989_2020_EPI_ISL_420147)
Align target 195 (hCoV-19_England_SHEF-CA1C3_2020_EPI_ISL_432485_2020-03-24)
Align target 196 (hCoV-19_South_Africa_KRISP-0171_2020_EPI_ISL_467521_2020-06-02)
Align target 197 (hCoV-19_Netherlands_Zeeland_16_2020_EPI_ISL_461254_2020-03-28)
Align target 198 (hCoV-19_England_SHEF-D091D_2020_EPI_ISL_448906_2020-03-30)
Align target 199 (hCoV-19_Wales_PHWC-2575B_2020_EPI_ISL_422049)
Align target 200 (hCoV-19_England_CAMB-7DD43_2020_EPI_ISL_442084_2020-04-07)
Align target 201 (hCoV-19_USA_WA-S1195_2020_EPI_ISL_463685_2020-05-06)
Align target 202 (hCoV-19_India_NIV-11855_2020_EPI_ISL_452198_2020-04-20)
Align target 203 (hCoV-19_Austria_CeMM0140_2020_EPI_ISL_437992_2020-03-13)
Align target 204 (hCoV-19_USA_WA-UW-4770_2020_EPI_ISL_429625)
Align target 205 (hCoV-19_Portugal_PT0316_2020_EPI_ISL_454032_2020-03-14)
Align target 206 (hCoV-19_England_20156023004_2020_EPI_ISL_466295_2020-04-08)
Align target 207 (hCoV-19_Scotland_CVR3277_2020_EPI_ISL_456774_2020-04-16)
Align target 208 (hCoV-19_England_CAMB-1B1629_2020_EPI_ISL_458558_2020-05-09)
Align target 209 (hCoV-19_Russia_CRIE156278_2020_EPI_ISL_460096_2020-03-02)
Align target 210 (hCoV-19_Wales_PHWC-2A2DD_2020_EPI_ISL_445550_2020-04-06)
Align target 211 (hCoV-19_USA_MI-MDHHS-SC20312_2020_EPI_ISL_447109_2020-04-04)
Align target 212 (hCoV-19_USA_CA-SR0385_2020_EPI_ISL_458264_2020-04-28)
Align target 213 (hCoV-19_England_LIVE-9CC50_2020_EPI_ISL_440940_2020-04-25)
Align target 214 (hCoV-19_England_20128041604_2020_EPI_ISL_423963)
Align target 215 (hCoV-19_Chile_Punta_Arenas_10_2020_EPI_ISL_445291_2020-03-21)
Align target 216 (hCoV-19_USA_MN-UMGC-5_2020_EPI_ISL_443256_2020-04-03)
Align target 217 (hCoV-19_Spain_COV001425_2020_EPI_ISL_452476_2020-03-23)
Align target 218 (hCoV-19_USA_AK-PHL180_2020_EPI_ISL_435443_2020-04-08)
Align target 219 (hCoV-19_Mexico_CDMX-INCMNSZ_03_2020_EPI_ISL_426363)
Align target 220 (hCoV-19_USA_MA-MGH-00664_2020_EPI_ISL_460307_2020-04-04)
Align target 221 (hCoV-19_USA_VA-DCLS-0374_2020_EPI_ISL_463130_2020-05-12)
Align target 222 (hCoV-19_USA_OR-UW-4409_2020_EPI_ISL_443185_2020-03-30)
Align target 223 (hCoV-19_USA_NY-NYUMC65_2020_EPI_ISL_420580)
Align target 224 (hCoV-19_England_SHEF-CB5E4_2020_EPI_ISL_432510_2020-03-27)
Align target 225 (hCoV-19_England_20132105704_2020_EPI_ISL_423839)
Align target 226 (hCoV-19_England_20102000206_2020_EPI_ISL_415145)
Align target 227 (hCoV-19_England_20140003404_2020_EPI_ISL_423376)
Align target 228 (hCoV-19_England_CAMB-77532_2020_EPI_ISL_438540_2020-03-31)
Align target 229 (hCoV-19_Canada_QC-AJ7_2020_EPI_ISL_450639_2020-04-11)
Align target 230 (hCoV-19_Scotland_CVR2871_2020_EPI_ISL_453080_2020-04-22)
Align target 231 (hCoV-19_Australia_SAP072_2020_EPI_ISL_451109_2020-03-31)
Align target 232 (hCoV-19_England_20124100002_2020_EPI_ISL_418737)
Align target 233 (hCoV-19_Uruguay_UY-NYUMC859_2020_EPI_ISL_457955_2020-03-24)
Align target 234 (hCoV-19_England_LIVE-99251_2020_EPI_ISL_439702_2020-04-07)
Align target 235 (hCoV-19_Wales_PHWC-26BF4_2020_EPI_ISL_422267)
Align target 236 (hCoV-19_USA_WA-UW-3964_2020_EPI_ISL_427222)
Align target 237 (hCoV-19_Canada_BC_21022514_2020_EPI_ISL_462787_2020-03)
Align target 238 (hCoV-19_Qatar_QA12_2020_EPI_ISL_427407)
Align target 239 (hCoV-19_Wales_PHWC-31947_2020_EPI_ISL_446507_2020-04-10)
Align target 240 (hCoV-19_China_WHU01_2020_EPI_ISL_406716)
Align target 241 (hCoV-19_England_CAMB-76B13_2020_EPI_ISL_438317_2020-03-30)
Align target 242 (hCoV-19_South_Africa_KRISP-0089_2020_EPI_ISL_467458_2020-04-05)
Align target 243 (hCoV-19_Luxembourg_LNS2614631_2020_EPI_ISL_419578)
Align target 244 (hCoV-19_England_BRIS-12ADBD_2020_EPI_ISL_458427_2020-05-02)
Align target 245 (hCoV-19_Northern_Ireland_NIRE-FA9C2_2020_EPI_ISL_441747_2020-04-06)
Align target 246 (hCoV-19_England_201060032_2020_EPI_ISL_464371_2020-03-05)
Align target 247 (hCoV-19_Singapore_92_2020_EPI_ISL_435697_2020-03-18)
Align target 248 (hCoV-19_England_CAMB-7DDAD_2020_EPI_ISL_442172_2020-04-07)
Align target 249 (hCoV-19_Thailand_Bangkok-0087_2020_EPI_ISL_447027_2020-04-06)
Align target 250 (hCoV-19_England_CAMB-1B19D5_2020_EPI_ISL_452993_2020-05-13)
Align target 251 (hCoV-19_India_GBRC123_2020_EPI_ISL_455020_2020-05-02)
Align target 252 (hCoV-19_Wales_PHWC-2A60E_2020_EPI_ISL_445594_2020-04-06)
Align target 253 (hCoV-19_USA_CA-CZB-1059_2020_EPI_ISL_437059_2020-04-08)
Align target 254 (hCoV-19_England_CAMB-1B1489_2020_EPI_ISL_458538_2020-05-06)
Align target 255 (hCoV-19_Spain_COV001195_2020_EPI_ISL_452563_2020-03-25)
Align target 256 (hCoV-19_USA_NY-NYUMC109_2020_EPI_ISL_421721)
Align target 257 (hCoV-19_USA_VA-DCLS-0264_2020_EPI_ISL_452837_2020-04-20)
Align target 258 (hCoV-19_England_20140000404_2020_EPI_ISL_423367)
Align target 259 (hCoV-19_Netherlands_Gelderland_83_2020_EPI_ISL_460982_2020-05-19)
Align target 260 (hCoV-19_USA_CA-CZB-1275_2020_EPI_ISL_454612_2020-04-16)
Align target 261 (hCoV-19_USA_PA-MGSC43-05_2020_EPI_ISL_436491_2020-03)
Align target 262 (hCoV-19_USA_WA-UW-3868_2020_EPI_ISL_427197)
Align target 263 (hCoV-19_Germany_BAV-MVP0229_2020_EPI_ISL_466897_2020-04-24)
Align target 264 (hCoV-19_England_CAMB-79248_2020_EPI_ISL_441210_2020-04-03)
Align target 265 (hCoV-19_Austria_CeMM0191_2020_EPI_ISL_438032_2020-03-13)
Align target 266 (hCoV-19_Australia_VIC684_2020_EPI_ISL_426979)
Align target 267 (hCoV-19_England_20182006804_2020_EPI_ISL_465445_2020-04-27)
Align target 268 (hCoV-19_USA_MA-MGH-00592_2020_EPI_ISL_460317_2020-03-28)
Align target 269 (hCoV-19_England_NORT-289E5E_2020_EPI_ISL_453517_2020-04-06)
Align target 270 (hCoV-19_Wales_PHWC-2506F_2020_EPI_ISL_420947)
Align target 271 (hCoV-19_England_CAMB-76EB0_2020_EPI_ISL_425436)
Align target 272 (hCoV-19_USA_VA-DCLS-0366_2020_EPI_ISL_463126_2020-04-30)
Align target 273 (hCoV-19_USA_IL-NM026_2020_EPI_ISL_444536_2020-03-16)
Align target 274 (hCoV-19_Portugal_PT0377_2020_EPI_ISL_454093_2020-03-20)
Align target 275 (hCoV-19_Netherlands_NA_574_2020_EPI_ISL_460738_2020-03-30)
Align target 276 (hCoV-19_England_20164082704_2020_EPI_ISL_466485_2020-04-15)
Align target 277 (hCoV-19_Netherlands_NA_252_2020_EPI_ISL_422786)
Align target 278 (hCoV-19_Belgium_ULG-0191_2020_EPI_ISL_447131_2020-3-23)
Align target 279 (hCoV-19_England_CAMB-73378_2020_EPI_ISL_440110_2020-03-22)
Align target 280 (hCoV-19_USA_WA-S940_2020_EPI_ISL_463430_2020-04-23)
Align target 281 (hCoV-19_England_CAMB-71B54_2020_EPI_ISL_439664_2020-03-30)
Align target 282 (hCoV-19_Scotland_EDB4234_2020_EPI_ISL_453115_2020-04-21)
Align target 283 (hCoV-19_Denmark_ALAB-SSI-636_2020_EPI_ISL_437012_2020-03-26)
Align target 284 (hCoV-19_USA_GA-CDC-2059_2020_EPI_ISL_452125_2020-03-07)
Align target 285 (hCoV-19_England_NOTT-111681_2020_EPI_ISL_461905_2020-05-20)
Align target 286 (hCoV-19_Netherlands_Gelderland_31_2020_EPI_ISL_460931_2020-04-09)
Align target 287 (hCoV-19_USA_TX-HMH014_2020_EPI_ISL_434724_2020-03-14)
Align target 288 (hCoV-19_England_SHEF-BFED9_2020_EPI_ISL_418305)
Align target 289 (hCoV-19_Wales_PHW18_2020_EPI_ISL_415991)
Align target 290 (hCoV-19_USA_WA-UW359_2020_EPI_ISL_418926)
Align target 291 (hCoV-19_USA_IN-Lilly-IPB0170-4bc20_2020_EPI_ISL_421279)
Align target 292 (hCoV-19_England_20132074202_2020_EPI_ISL_420511)
Align target 293 (hCoV-19_England_CAMB-7B273_2020_EPI_ISL_433934_2020-04-11)
Align target 294 (hCoV-19_USA_CA-CZB-1236_2020_EPI_ISL_454656_2020-05-12)
Align target 295 (hCoV-19_England_CAMB-7A12C_2020_EPI_ISL_441244_2020-04-03)
Align target 296 (hCoV-19_Wales_PHWC-2F00B_2020_EPI_ISL_446187_2020-04-04)
Align target 297 (hCoV-19_England_LIVE-9EFEC_2020_EPI_ISL_453417_2020-04-14)
Align target 298 (hCoV-19_Scotland_EDB144_2020_EPI_ISL_425913)
Align target 299 (hCoV-19_Spain_Valencia128_2020_EPI_ISL_436223_2020-03-14)
Align target 300 (hCoV-19_Scotland_EDB5245_2020_EPI_ISL_456992_2020-05-20)
Align target 301 (hCoV-19_England_CAMB-7712F_2020_EPI_ISL_438515_2020-04-01)
Align target 302 (hCoV-19_USA_AZ-ASU2943_2020_EPI_ISL_467372_2020-03-18)
Align target 303 (hCoV-19_Portugal_PT0275_2020_EPI_ISL_453989_2020-04-05)
Align target 304 (hCoV-19_Germany_FrankfurtFFM7_2020_EPI_ISL_452223_2020-03-02)
Align target 305 (hCoV-19_India_GBRC81b_2020_EPI_ISL_447541_2020-05-05)
Align target 306 (hCoV-19_Australia_NSW505_2020_EPI_ISL_455045_2020-03-27)
Align target 307 (hCoV-19_England_20130092504_2020_EPI_ISL_423683)
Align target 308 (hCoV-19_Belgium_UGent-69_2020_EPI_ISL_451180_2020-04-14)
Align target 309 (hCoV-19_England_NORT-290E72_2020_EPI_ISL_453536_2020-05-03)
Align target 310 (hCoV-19_Canada_BC_7493713_2020_EPI_ISL_418844)
Align target 311 (hCoV-19_Denmark_ALAB-SSI-868_2020_EPI_ISL_444950_2020-03-30)
Align target 312 (hCoV-19_Wales_PHWC-33004_2020_EPI_ISL_446724_2020-04-14)
Align target 313 (hCoV-19_England_20134020504_2020_EPI_ISL_423110)
Align target 314 (hCoV-19_England_BRIS-1249CE_2020_EPI_ISL_443975_2020-03-25)
Align target 315 (hCoV-19_Netherlands_NoordBrabant_119_2020_EPI_ISL_461154_2020-03-24)
Align target 316 (hCoV-19_England_LOND-D5839_2020_EPI_ISL_449728_2020-04-17)
Align target 317 (hCoV-19_Sweden_20-05847_2020_EPI_ISL_434648_2020-03-16)
Align target 318 (hCoV-19_Wales_PHWC-3421C_2020_EPI_ISL_446889_2020-04-17)
Align target 319 (hCoV-19_USA_WA-UW153_2020_EPI_ISL_416691)
Align target 320 (hCoV-19_Hungary_SRC-00417_2020_EPI_ISL_435409_2020-03-25)
Align target 321 (hCoV-19_Beijing_BJ251_2020_EPI_ISL_430742)
Align target 322 (hCoV-19_USA_CO-CDC-5667_2020_EPI_ISL_452128_2020-03-08)
Align target 323 (hCoV-19_England_20118008304_2020_EPI_ISL_464881_2020-03-11)
Align target 324 (hCoV-19_Scotland_EDB5247_2020_EPI_ISL_456993_2020-05-21)
Align target 325 (hCoV-19_USA_MA-MGH-00539_2020_EPI_ISL_460452_2020-03-19)
Align target 326 (hCoV-19_Japan_DP0311_2020_EPI_ISL_416593)
Align target 327 (hCoV-19_Russia_StPetersburg-RII5633S_2020_EPI_ISL_430092)
Align target 328 (hCoV-19_Netherlands_NA_121_2020_EPI_ISL_422668)
Align target 329 (hCoV-19_USA_NM-UNM-00086_2020_EPI_ISL_467633_2020-04-01)
Align target 330 (hCoV-19_England_NOTT-111153_2020_EPI_ISL_453635_2020-05-06)
Align target 331 (hCoV-19_England_OXON-AF06D_2020_EPI_ISL_448806_2020-04-08)
Align target 332 (hCoV-19_DK_ALAB-SSI-1192_2020_EPI_ISL_437636_2020-03-31)
Align target 333 (hCoV-19_USA_NM-UNM-00102_2020_EPI_ISL_467547_2020-04-01)
Align target 334 (hCoV-19_England_20139054004_2020_EPI_ISL_420710)
Align target 335 (hCoV-19_Australia_VIC1705_2020_EPI_ISL_456613_2020-05-15)
Align target 336 (hCoV-19_USA_MN132-MDH132_2020_EPI_ISL_421688)
Align target 337 (hCoV-19_England_LIVE-9E33B_2020_EPI_ISL_453290_2020-04-03)
Align target 338 (hCoV-19_USA_NY-NYUMC292_2020_EPI_ISL_430319)
Align target 339 (hCoV-19_Germany_BAV-MVP0274_2020_EPI_ISL_466915_2020-05-22)
Align target 340 (hCoV-19_Netherlands_NA_191_2020_EPI_ISL_422726)
Align target 341 (hCoV-19_England_CAMB-1B3A3A_2020_EPI_ISL_461568_2020-05-27)
Align target 342 (hCoV-19_Spain_COV001545_2020_EPI_ISL_467098_2020-03-16)
Align target 343 (hCoV-19_USA_NY-PV09032_2020_EPI_ISL_421602)
Align target 344 (hCoV-19_Switzerland_120225_2020_EPI_ISL_468287_2020-04-30)
Align target 345 (hCoV-19_Wales_PHWC-2E01B_2020_EPI_ISL_446047_2020-04-10)
Align target 346 (hCoV-19_Scotland_CVR155_2020_EPI_ISL_425697)
Align target 347 (hCoV-19_England_CAMB-1ADD1C_2020_EPI_ISL_459501_2020-04-25)
Align target 348 (hCoV-19_USA_WA-S448_2020_EPI_ISL_434208_2020-04-01)
Align target 349 (hCoV-19_Netherlands_NA_205_2020_EPI_ISL_422740)
Align target 350 (hCoV-19_Spain_COV001369_2020_EPI_ISL_452532_2020-03-12)
Align target 351 (hCoV-19_England_LIVE-99145_2020_EPI_ISL_439693_2020-04-07)
Align target 352 (hCoV-19_Chile_Santiago_57_2020_EPI_ISL_445353_2020-04-02)
Align target 353 (hCoV-19_USA_ID-UW-6349_2020_EPI_ISL_430970_2020-04-01)
Align target 354 (hCoV-19_England_20156048204_2020_EPI_ISL_466328_2020-04-07)
Align target 355 (hCoV-19_Netherlands_NA_326_2020_EPI_ISL_455131_2020-04-02)
Align target 356 (hCoV-19_Wales_PHWC-2DE03_2020_EPI_ISL_446026_2020-04-14)
Align target 357 (hCoV-19_Australia_NSW380_2020_EPI_ISL_451640_2020-04-13)
Align target 358 (hCoV-19_Guangdong_20SF117_2020_EPI_ISL_428447)
Align target 359 (hCoV-19_England_CAMB-1B003B_2020_EPI_ISL_448100_2020-05-08)
Align target 360 (hCoV-19_Italy_UniMI02_2020_EPI_ISL_417446)
Align target 361 (hCoV-19_England_CAMB-72591_2020_EPI_ISL_439889_2020-03-24)
Align target 362 (hCoV-19_USA_ID-UW-2160_2020_EPI_ISL_426060)
Align target 363 (hCoV-19_Portugal_PT0006a_2020_EPI_ISL_417990)
Align target 364 (hCoV-19_Canada_BC_23840285_2020_EPI_ISL_463188_2020-03)
Align target 365 (hCoV-19_England_CAMB-7D45D_2020_EPI_ISL_441709_2020-04-06)
Align target 366 (hCoV-19_England_NORW-E9FE2_2020_EPI_ISL_448383_2020-05-02)
Align target 367 (hCoV-19_England_20118128304_2020_EPI_ISL_464962_2020-03-12)
Align target 368 (hCoV-19_England_CAMB-1AFC2C_2020_EPI_ISL_459211_2020-05-01)
Align target 369 (hCoV-19_Wales_PHWC-27E09_2020_EPI_ISL_432109_2020-03-24)
Align target 370 (hCoV-19_England_CAMB-8223D_2020_EPI_ISL_443487_2020-04-12)
Align target 371 (hCoV-19_England_20100001004_2020_EPI_ISL_464239_2020-03-01)
Align target 372 (hCoV-19_Belgium_ULG-10136_2020_EPI_ISL_427381)
Align target 373 (hCoV-19_Scotland_CVR3194_2020_EPI_ISL_449214_2020-04-28)
Align target 374 (hCoV-19_Australia_NSW363_2020_EPI_ISL_451624_2020-04-19)
Align target 375 (hCoV-19_Wales_PHWC-25EFC_2020_EPI_ISL_422287)
Align target 376 (hCoV-19_England_SHEF-C8F9E_2020_EPI_ISL_442037_2020-04-06)
Align target 377 (hCoV-19_Canada_QC_AX6_2020_EPI_ISL_463953_2020-04-13)
Align target 378 (hCoV-19_USA_WI-UW-311_2020_EPI_ISL_436605_2020-04-14)
Align target 379 (hCoV-19_Australia_VIC990_2020_EPI_ISL_430556)
Align target 380 (hCoV-19_England_CAMB-7E225_2020_EPI_ISL_434053_2020-04-15)
Align target 381 (hCoV-19_England_CAMB-82ABD_2020_EPI_ISL_438656_2020-04-23)
Align target 382 (hCoV-19_Wales_PHWC-28F8D_2020_EPI_ISL_432134_2020-03-31)
Align target 383 (hCoV-19_USA_WA-S760_2020_EPI_ISL_449930_2020-04-14)
Align target 384 (hCoV-19_England_BRIS-1253CF_2020_EPI_ISL_443984_2020-03-27)
Align target 385 (hCoV-19_USA_NY-PV09485_2020_EPI_ISL_450157_2020-03-20)
Align target 386 (hCoV-19_USA_UT-01218_2020_EPI_ISL_436905_2020-04-07)
Align target 387 (hCoV-19_USA_MI-MDHHS-SC20560_2020_EPI_ISL_462642_2020-04-29)
Align target 388 (hCoV-19_USA_ID-UW-1925_2020_EPI_ISL_424321)
Align target 389 (hCoV-19_Northern_Ireland_NIRE-1052E6_2020_EPI_ISL_461780_2020-03-31)
Align target 390 (hCoV-19_USA_WA-UW-6483_2020_EPI_ISL_437842_2020-04-04)
Align target 391 (hCoV-19_Portugal_PT0325_2020_EPI_ISL_454041_2020-03-16)
Align target 392 (hCoV-19_Wales_PHWC-30B33_2020_EPI_ISL_446324_2020-04-10)
Align target 393 (hCoV-19_USA_MI-MDHHS-SC20251_2020_EPI_ISL_447221_2020-03-19)
Align target 394 (hCoV-19_England_20184131404_2020_EPI_ISL_465461_2020-04-29)
Align target 395 (hCoV-19_India_RMRC48_2020_EPI_ISL_455310_2020-04-08)
hCoV-19_India_RMRC48_2020_EPI_ISL_455310_2020-04-08: Frameshift error (scores nt: 109680; codon: 68212)
Align target 396 (hCoV-19_England_SHEF-C2213_2020_EPI_ISL_441923_2020-03-25)
Align target 397 (hCoV-19_Uganda_UG001_2020_EPI_ISL_451183_2020-03-25)
Align target 398 (hCoV-19_Australia_VIC791_2020_EPI_ISL_427066)
Align target 399 (hCoV-19_Scotland_EDB3865_2020_EPI_ISL_439345_2020-04-30)
Align target 400 (hCoV-19_Australia_VIC1533_2020_EPI_ISL_456478_2020-05-06)
Align target 401 (hCoV-19_USA_WA-S973_2020_EPI_ISL_463463_2020-05-01)
Align target 402 (hCoV-19_England_201080064_2020_EPI_ISL_464452_2020-03-03)
Align target 403 (hCoV-19_India_NCDC-01638_2020_EPI_ISL_435109_2020-03-17)
Align target 404 (hCoV-19_USA_WA-S710_2020_EPI_ISL_449880_2020-04-07)
Align target 405 (hCoV-19_Netherlands_NA_650_2020_EPI_ISL_461085_2020-05-07)
Align target 406 (hCoV-19_England_OXON-AD357_2020_EPI_ISL_448576_2020)
Align target 407 (hCoV-19_England_NOTT-10FC48_2020_EPI_ISL_432703_2020-04-07)
Align target 408 (hCoV-19_Belgium_rega-0407287_2020_EPI_ISL_464081_2020-04-07)
Align target 409 (hCoV-19_Wuhan_HB-WH3-185_2020_EPI_ISL_454945_2020-03-15)
Align target 410 (hCoV-19_Denmark_ALAB-SSI424A_2020_EPI_ISL_429522)
Align target 411 (hCoV-19_Italy_TE12759_2020_EPI_ISL_435147_2020-04-08)
Align target 412 (hCoV-19_England_20142021604_2020_EPI_ISL_423446)
Align target 413 (hCoV-19_Spain_Valencia154_2020_EPI_ISL_436249_2020-03-19)
Align target 414 (hCoV-19_USA_WA-UW-1320_2020_EPI_ISL_422971)
Align target 415 (hCoV-19_Belgium_ULG-3000_2020_EPI_ISL_417004)
Align target 416 (hCoV-19_India_S51_2020_EPI_ISL_455671_2020-05-03)
Align target 417 (hCoV-19_England_NORW-E7157_2020_EPI_ISL_453553_2020-04-21)
Align target 418 (hCoV-19_Australia_VIC804_2020_EPI_ISL_427078)
Align target 419 (hCoV-19_England_CAMB-7FD6F_2020_EPI_ISL_444409_2020)
Align target 420 (hCoV-19_Netherlands_NA_647_2020_EPI_ISL_461082_2020-03-31)
Align target 421 (hCoV-19_England_BRIS-126883_2020_EPI_ISL_459087_2020-04-08)
Align target 422 (hCoV-19_England_CAMB-83F17_2020_EPI_ISL_438710_2020-04-25)
Align target 423 (hCoV-19_England_LIVE-9A0ED_2020_EPI_ISL_439845_2020-04-17)
Align target 424 (hCoV-19_USA_VA-DCLS-0172_2020_EPI_ISL_437388_2020-04-13)
Align target 425 (hCoV-19_England_20118016704_2020_EPI_ISL_464889_2020-03-11)
Align target 426 (hCoV-19_England_CAMB-1AC0C9_2020_EPI_ISL_444370_2020-04-28)
Align target 427 (hCoV-19_Scotland_EDB788_2020_EPI_ISL_433244_2020-04-04)
Align target 428 (hCoV-19_Wales_PHWC-276A7_2020_EPI_ISL_432007_2020-03-31)
Align target 429 (hCoV-19_Canada_BC_01218976_2020_EPI_ISL_466704_2020-04)
Align target 430 (hCoV-19_USA_WA-UW261_2020_EPI_ISL_418046)
Align target 431 (hCoV-19_Kenya_P2447_2020_EPI_ISL_457880_2020-04)
Align target 432 (hCoV-19_England_20126012206_2020_EPI_ISL_423890)
Align target 433 (hCoV-19_England_NORW-E8BD0_2020_EPI_ISL_448288_2020-04-14)
Align target 434 (hCoV-19_England_NORW-E7DF9_2020_EPI_ISL_449091_2020-05-06)
Align target 435 (hCoV-19_Netherlands_ZuidHolland_192_2020_EPI_ISL_461364_2020-04-23)
Align target 436 (hCoV-19_Puerto_Rico_CDC-S2_2020_EPI_ISL_434542_2020-03-23)
Align target 437 (hCoV-19_USA_WA-S1082_2020_EPI_ISL_463572_2020-04-29)
Align target 438 (hCoV-19_Bangladesh_NIB_BCSIR_02_2020_EPI_ISL_458133_2020-05-11)
Align target 439 (hCoV-19_USA_MA_3616_2020_EPI_ISL_424916)
Align target 440 (hCoV-19_England_NORT-289708_2020_EPI_ISL_458581_2020-03-31)
Align target 441 (hCoV-19_USA_WI-214_2020_EPI_ISL_428310)
Align target 442 (hCoV-19_Spain_COV001429_2020_EPI_ISL_452472_2020-03-23)
Align target 443 (hCoV-19_England_CAMB-819EE_2020_EPI_ISL_442532_2020-04-11)
Align target 444 (hCov-19_Germany_BAV-V2011376_2020_EPI_ISL_420902)
Align target 445 (hCoV-19_England_20129033504_2020_EPI_ISL_424023)
Align target 446 (hCoV-19_USA_WA-S479_2020_EPI_ISL_434239_2020-04-04)
Align target 447 (hCoV-19_Wales_PHW13_2020_EPI_ISL_415537)
Align target 448 (hCoV-19_Australia_SAP099_2020_EPI_ISL_468038_2020-03-04)
Align target 449 (hCoV-19_Wales_PHWC-30AEB_2020_EPI_ISL_446320_2020-04-10)
Align target 450 (hCoV-19_USA_MI-MDHHS-SC20238_2020_EPI_ISL_447208_2020-03-22)
Align target 451 (hCoV-19_England_BRIS-123507_2020_EPI_ISL_442626_2020-04-05)
Align target 452 (hCoV-19_USA_NJ-NYUMC452_2020_EPI_ISL_435519_2020-04-20)
Align target 453 (hCoV-19_England_201360297_2020_EPI_ISL_421776)
Align target 454 (hCoV-19_USA_MI-MDHHS-SC20010_2020_EPI_ISL_437097_2020-03-10)
Align target 455 (hCoV-19_USA_WA-S1107_2020_EPI_ISL_463597_2020-05-04)
Align target 456 (hCoV-19_Netherlands_Utrecht_14_2020_EPI_ISL_414553)
Align target 457 (hCoV-19_USA_MN-MDH-142_2020_EPI_ISL_427281)
Align target 458 (hCoV-19_Canada_BC_22430814_2020_EPI_ISL_462830_2020-03)
Align target 459 (hCoV-19_USA_VA-DCLS-0246_2020_EPI_ISL_452820_2020-04-16)
Align target 460 (hCoV-19_England_SHEF-CDFB7_2020_EPI_ISL_442441_2020-04-12)
Align target 461 (hCoV-19_Canada_SK_20_2020_EPI_ISL_429810)
Align target 462 (hCoV-19_Spain_COV003683_2020_EPI_ISL_467258_2020-04-02)
Align target 463 (hCoV-19_England_CAMB-1B189C_2020_EPI_ISL_458527_2020-05-09)
Align target 464 (hCoV-19_England_CAMB-79C2C_2020_EPI_ISL_441295_2020-04-02)
Align target 465 (hCoV-19_England_20136016004_2020_EPI_ISL_465817_2020-03-25)
Align target 466 (hCoV-19_DK_ALAB-SSI-1259_2020_EPI_ISL_437638_2020-03-11)
Align target 467 (hCoV-19_Portugal_PT0354_2020_EPI_ISL_454070_2020-03-18)
Align target 468 (hCoV-19_Australia_NSW211_2020_EPI_ISL_427699)
Align target 469 (hCoV-19_England_20099000104_2020_EPI_ISL_464198_2020-02-28)
Align target 470 (hCoV-19_England_CAMB-1B2D32_2020_EPI_ISL_456721_2020-05-18)
Align target 471 (hCoV-19_USA_WA-S177_2020_EPI_ISL_430215)
Align target 472 (hCoV-19_New_Zealand_20VR1618_2020_EPI_ISL_456228_2020-03-23)
Align target 473 (hCoV-19_USA_MN-MDH-318_2020_EPI_ISL_450776_2020-03-30)
Align target 474 (hCoV-19_Nigeria_OS125-CV20_2020_EPI_ISL_455427_2020-03-29)
Align target 475 (hCoV-19_England_201101368_2020_EPI_ISL_464659_2020-03-09)
Align target 476 (hCoV-19_England_201620642_2020_EPI_ISL_466431_2020-04-10)
Align target 477 (hCoV-19_Taiwan_58_2020_EPI_ISL_428491)
Align target 478 (hCoV-19_USA_NY-SURV076_2020_EPI_ISL_436048_2020-03-05)
Align target 479 (hCoV-19_England_OXON-AC543_2020_EPI_ISL_448459_2020-04-07)
Align target 480 (hCoV-19_England_20154081304_2020_EPI_ISL_466265_2020-04-06)
Align target 481 (hCoV-19_Netherlands_NA_309_2020_EPI_ISL_422618)
Align target 482 (hCoV-19_USA_IL-UW-358_2020_EPI_ISL_450712_2020-04-15)
Align target 483 (hCoV-19_DRC_1131_2020_EPI_ISL_429255)
Align target 484 (hCoV-19_USA_CA-QDX-33_2020_EPI_ISL_467827_2020-03-15)
Align target 485 (hCoV-19_USA_MA-MGH-00187_2020_EPI_ISL_460221_2020-03-26)
Align target 486 (hCoV-19_Iceland_464_2020_EPI_ISL_424487)
Align target 487 (hCoV-19_England_20119007704_2020_EPI_ISL_465021_2020-03-11)
Align target 488 (hCoV-19_England_20166006904_2020_EPI_ISL_466516_2020-04-14)
Align target 489 (hCoV-19_England_NORW-E9AD2_2020_EPI_ISL_448350_2020-04-30)
Align target 490 (hCoV-19_Netherlands_NoordHolland_10008_2020_EPI_ISL_454757_2020-03-06)
Align target 491 (hCoV-19_England_NORW-EADD8_2020_EPI_ISL_457378_2020-04-29)
Align target 492 (hCoV-19_Wuhan_HB-WH4-208_2020_EPI_ISL_454957_2020-03-19)
Align target 493 (hCoV-19_England_CAMB-74BAC_2020_EPI_ISL_425352)
Align target 494 (hCoV-19_Scotland_EDB3369_2020_EPI_ISL_456915_2020-04-09)
Align target 495 (hCoV-19_USA_NM-UNM-00071_2020_EPI_ISL_467532_2020-03-18)
Align target 496 (hCoV-19_England_BRIS-1238D1_2020_EPI_ISL_442751_2020-04-06)
Align target 497 (hCoV-19_England_LIVE-9E553_2020_EPI_ISL_453307_2020-04-03)
Align target 498 (hCoV-19_India_GBRC166b_2020_EPI_ISL_461502_2020-05-27)
Align target 499 (hCoV-19_England_BRIS-1252E0_2020_EPI_ISL_444020_2020-03-27)
Align target 500 (hCoV-19_England_SHEF-C0673_2020_EPI_ISL_420251)
Align target 501 (hCoV-19_USA_NY-PV09083_2020_EPI_ISL_421626)
Align target 502 (hCoV-19_Wales_PHWC-2CA3D_2020_EPI_ISL_445937_2020-04-01)
Align target 503 (hCoV-19_Wales_PHWC-2B4C7_2020_EPI_ISL_445718_2020-04-11)
Align target 504 (hCoV-19_England_LIVE-9BEF1_2020_EPI_ISL_449475_2020-03-24)
Align target 505 (hCoV-19_Australia_VIC1303_2020_EPI_ISL_430694)
Align target 506 (hCoV-19_England_LOND-D59CD_2020_EPI_ISL_457287_2020-04-17)
Align target 507 (hCoV-19_England_20129034704_2020_EPI_ISL_424027)
Align target 508 (hCoV-19_USA_TX-HMH056_2020_EPI_ISL_434765_2020-03-17)
Align target 509 (hCoV-19_England_NOTT-10F695_2020_EPI_ISL_433034_2020-04-03)
Align target 510 (hCoV-19_Denmark_ALAB-SSI365_2020_EPI_ISL_429473)
Align target 511 (hCoV-19_Luxembourg_LNS0994857_2020_EPI_ISL_429777)
Align target 512 (hCoV-19_Portugal_PT0577_2020_EPI_ISL_454300_2020-03-24)
Align target 513 (hCoV-19_Portugal_PT0322_2020_EPI_ISL_454038_2020-03-16)
Align target 514 (hCoV-19_England_BRIS-125945_2020_EPI_ISL_443994_2020-03-29)
Align target 515 (hCoV-19_England_NORW-E9182_2020_EPI_ISL_461825_2020-04-28)
Align target 516 (hCoV-19_Scotland_CVR2257_2020_EPI_ISL_453034_2020-04-12)
Align target 517 (hCoV-19_Taiwan_TSGH-38_2020_EPI_ISL_458029_2020-03-24)
Align target 518 (hCoV-19_England_201040081_2020_EPI_ISL_414525)
Align target 519 (hCoV-19_Austria_Graz-MUG5_2020_EPI_ISL_437201_2020-04-02)
Align target 520 (hCoV-19_Saudi_Arabia_KAUST-Madinah27_2020_EPI_ISL_437484_2020-03-29)
Align target 521 (hCoV-19_Scotland_CVR3477_2020_EPI_ISL_456870_2020-05-11)
Align target 522 (hCoV-19_Taiwan_NTU18_2020_EPI_ISL_447615_2020-03-19)
Align target 523 (hCoV-19_England_201300860_2020_EPI_ISL_423670)
Align target 524 (hCoV-19_Korea_KCDC2003_2020_EPI_ISL_426163)
Align target 525 (hCoV-19_USA_CA-CZB-1121_2020_EPI_ISL_445169_2020-03-28)
Align target 526 (hCoV-19_England_NOTT-10F817_2020_EPI_ISL_433052_2020-04-04)
Align target 527 (hCoV-19_Germany_BavPat5-ChVir1248_2020_EPI_ISL_450202_2020-01)
Align target 528 (hCoV-19_Scotland_GCVR-17136A_2020_EPI_ISL_459716_2020-03-26)
Align target 529 (hCoV-19_USA_LA-BIE-043_2020_EPI_ISL_463291_2020-04-06)
Align target 530 (hCoV-19_England_BRIS-12ABC2_2020_EPI_ISL_458506_2020-05-01)
Align target 531 (hCoV-19_Netherlands_Gelderland_159_2020_EPI_ISL_460919_2020-05-22)
Align target 532 (hCoV-19_England_BRIS-12ACFC_2020_EPI_ISL_458367_2020-05-01)
Align target 533 (hCoV-19_England_NORW-EA664_2020_EPI_ISL_461861_2020-05-21)
Align target 534 (hCoV-19_England_CAMB-1AE66B_2020_EPI_ISL_459497_2020-04-29)
Align target 535 (hCoV-19_England_BRIS-129E33_2020_EPI_ISL_458305_2020-04-15)
Align target 536 (hCoV-19_Wales_PHWC-252D2_2020_EPI_ISL_432424_2020-03-22)
Align target 537 (hCoV-19_Wales_PHWC-28C59_2020_EPI_ISL_445423_2020-04-02)
Align target 538 (hCoV-19_Spain_Valencia565_2020_EPI_ISL_447497_2020-03-27)
Align target 539 (hCoV-19_USA_CT-UW-5764_2020_EPI_ISL_430923_2020-04-05)
Align target 540 (hCoV-19_USA_MN-MDH-315_2020_EPI_ISL_437363_2020-03-31)
Align target 541 (hCoV-19_DK_ALAB-SSI-248_2020_EPI_ISL_437663_2020-03-02)
Align target 542 (hCoV-19_England_CAMB-71BFA_2020_EPI_ISL_439601_2020-03-31)
Align target 543 (hCoV-19_Spain_Gandia618_2020_EPI_ISL_455724_2020-03-31)
Align target 544 (hCoV-19_USA_VA-DCLS-0060_2020_EPI_ISL_426468)
Align target 545 (hCoV-19_England_CAMB-1AF099_2020_EPI_ISL_459309_2020-04-30)
Align target 546 (hCoV-19_Canada_QC_AV9_2020_EPI_ISL_463951_2020-04-04)
Align target 547 (hCoV-19_England_20180025704_2020_EPI_ISL_465431_2020-04-14)
Align target 548 (hCoV-19_USA_WA-S428_2020_EPI_ISL_434188_2020-03-28)
Align target 549 (hCoV-19_Portugal_PT0018_2020_EPI_ISL_418003)
Align target 550 (hCoV-19_England_CAMB-1AE003_2020_EPI_ISL_459479_2020-04-27)
Align target 551 (hCoV-19_England_BRIS-125532_2020_EPI_ISL_443931_2020-03-27)
Align target 552 (hCoV-19_Luxembourg_LNS6897699_2020_EPI_ISL_421755)
Align target 553 (hCoV-19_Belgium_VHEJ-0329357_2020_EPI_ISL_462211_2020-03-29)
Align target 554 (hCoV-19_Australia_VIC253_2020_EPI_ISL_419948)
Align target 555 (hCoV-19_Denmark_ALAB-SSI172_2020_EPI_ISL_429385)
Align target 556 (hCoV-19_USA_WA-S426_2020_EPI_ISL_434186_2020-03-28)
Align target 557 (hCoV-19_Australia_VIC1784_2020_EPI_ISL_456647_2020-05-26)
Align target 558 (hCoV-19_France_5003KM_2020_EPI_ISL_447693_2020-03)
Align target 559 (hCoV-19_Scotland_CVR410_2020_EPI_ISL_439077_2020-03-22)
Align target 560 (hCoV-19_England_CAMB-83DD1_2020_EPI_ISL_438694_2020-04-25)
Align target 561 (hCoV-19_Netherlands_NA_110_2020_EPI_ISL_422658)
Align target 562 (hCoV-19_Scotland_CVR3366_2020_EPI_ISL_456796_2020-05-02)
Align target 563 (hCoV-19_England_NORW-E7870_2020_EPI_ISL_449078_2020-05-05)
Align target 564 (hCoV-19_England_20116165804_2020_EPI_ISL_464870_2020-03-11)
Align target 565 (hCoV-19_England_CAMB-79F41_2020_EPI_ISL_440567_2020-04-02)
Align target 566 (hCoV-19_France_ARA09428_2020_EPI_ISL_418413)
Align target 567 (hCoV-19_Thailand_Siriraj_2_2020_EPI_ISL_447907_2020)
Align target 568 (hCoV-19_Canada_BC_16344159_2020_EPI_ISL_460610_2020-03)
Align target 569 (hCoV-19_England_BRIS-126B99_2020_EPI_ISL_459012_2020-04-10)
Align target 570 (hCoV-19_England_CAMB-76C6B_2020_EPI_ISL_438257_2020-03-30)
Align target 571 (hCoV-19_Netherlands_NoordBrabant_152_2020_EPI_ISL_461187_2020-04-28)
Align target 572 (hCoV-19_Greece_154_2020_EPI_ISL_434469_2020-03-20)
Align target 573 (hCoV-19_England_CAMB-72115_2020_EPI_ISL_439576_2020-03-28)
Align target 574 (hCoV-19_Iceland_562_2020_EPI_ISL_424582)
Align target 575 (hCoV-19_Spain_COV000860_2020_EPI_ISL_452692_2020-02-29)
Align target 576 (hCoV-19_Poland_1109201_2020_EPI_ISL_450525_2020-03-28)
Align target 577 (hCoV-19_Scotland_EDB212_2020_EPI_ISL_425943)
Align target 578 (hCoV-19_Portugal_PT0173_2020_EPI_ISL_453889_2020-03-28)
Align target 579 (hCoV-19_USA_FL-QDX-121_2020_EPI_ISL_467844_2020-03-13)
Align target 580 (hCoV-19_England_201090515_2020_EPI_ISL_464579_2020-03-07)
Align target 581 (hCoV-19_England_NOTT-110EA8_2020_EPI_ISL_448431_2020-04-29)
Align target 582 (hCoV-19_Wales_PHWC-2B157_2020_EPI_ISL_432304_2020-04-08)
Align target 583 (hCoV-19_England_20149035304_2020_EPI_ISL_466186_2020-04-03)
Align target 584 (hCoV-19_Belgium_Rega-0329239_2020_EPI_ISL_458209_2020-03-29)
Align target 585 (hCoV-19_Sweden_20-08091_2020_EPI_ISL_454463_2020-03-20)
Align target 586 (hCoV-19_USA_NC_200306_2020_EPI_ISL_454815_2020-04)
Align target 587 (hCoV-19_England_CAMB-75F63_2020_EPI_ISL_438290_2020-03-29)
Align target 588 (hCoV-19_USA_WA-UW-6186_2020_EPI_ISL_430954_2020-04-01)
Align target 589 (hCoV-19_Austria_CeMM0084_2020_EPI_ISL_437949_2020-03-24)
Align target 590 (hCoV-19_England_CAMB-721F7_2020_EPI_ISL_439657_2020-03-28)
Align target 591 (hCoV-19_England_NORW-EC5A1_2020_EPI_ISL_457535_2020-05-10)
Align target 592 (hCoV-19_England_SHEF-D193A_2020_EPI_ISL_442495_2020-04-11)
Align target 593 (hCoV-19_Scotland_CVR144_2020_EPI_ISL_425688)
Align target 594 (hCoV-19_USA_NY-NYUMC818_2020_EPI_ISL_456054_2020-03-25)
Align target 595 (hCoV-19_Finland_13M26_2020_EPI_ISL_418386)
Align target 596 (hCoV-19_USA_WI-169_2020_EPI_ISL_428265)
Align target 597 (hCoV-19_France_HF2405_2020_EPI_ISL_418228)
Align target 598 (hCoV-19_England_201360052_2020_EPI_ISL_423202)
Align target 599 (hCoV-19_South_Africa_KRISP-0067_2020_EPI_ISL_467451_2020-04-03)
Align target 600 (hCoV-19_Australia_VIC280_2020_EPI_ISL_419973)
Align target 601 (hCoV-19_Scotland_CVR1472_2020_EPI_ISL_433597_2020-04-02)
Align target 602 (hCoV-19_Belgium_UGent-6_2020_EPI_ISL_419265)
Align target 603 (hCoV-19_Wales_PHWC-2805D_2020_EPI_ISL_432112_2020-03-25)
Align target 604 (hCoV-19_Estonia_ChVir1983_2020_EPI_ISL_420066)
Align target 605 (hCoV-19_England_CAMB-7A836_2020_EPI_ISL_441345_2020-04-02)
Align target 606 (hCoV-19_Scotland_CVR339_2020_EPI_ISL_439057_2020-03-20)
Align target 607 (hCoV-19_Spain_COV001409_2020_EPI_ISL_452492_2020-03-20)
Align target 608 (hCoV-19_England_20190038701_2020_EPI_ISL_465584_2020-04-28)
Align target 609 (hCoV-19_England_NORW-EBA49_2020_EPI_ISL_457468_2020-05-05)
Align target 610 (hCoV-19_Luxembourg_LNS4530810_2020_EPI_ISL_429770)
Align target 611 (hCoV-19_Denmark_ALAB-SSI393_2020_EPI_ISL_429488)
Align target 612 (hCoV-19_Netherlands_Limburg_12_2020_EPI_ISL_461000_2020-05-08)
Align target 613 (hCoV-19_Netherlands_NA_472_2020_EPI_ISL_455274_2020-04-14)
Align target 614 (hCoV-19_USA_WA-S801_2020_EPI_ISL_449971_2020-04-16)
Align target 615 (hCoV-19_England_CAMB-7EF1F_2020_EPI_ISL_443012_2020-04-07)
Align target 616 (hCoV-19_Australia_VIC1295_2020_EPI_ISL_430712)
Align target 617 (hCoV-19_USA_TX-HMH067_2020_EPI_ISL_434776_2020-03-18)
Align target 618 (hCoV-19_England_CAMB-79451_2020_EPI_ISL_441086_2020-04-03)
Align target 619 (hCoV-19_USA_WA-UW-1843_2020_EPI_ISL_424287)
Align target 620 (hCoV-19_Germany_BAV-MVP0061_2020_EPI_ISL_437260_2020-03-22)
Align target 621 (hCoV-19_England_BRIS-128757_2020_EPI_ISL_458758_2020-04-15)
Align target 622 (hCoV-19_England_NORT-288FD4_2020_EPI_ISL_458622_2020-03-26)
Align target 623 (hCoV-19_USA_WA-S651_2020_EPI_ISL_438204_2020-04-20)
Align target 624 (hCoV-19_Spain_Madrid_H12_28_2020_EPI_ISL_428691)
Align target 625 (hCoV-19_USA_IL-UW-1265_2020_EPI_ISL_422961)
Align target 626 (hCoV-19_Spain_Valencia56_2020_EPI_ISL_425180)
Align target 627 (hCoV-19_USA_MA-MGH-00506_2020_EPI_ISL_460376_2020-03-28)
Align target 628 (hCoV-19_Hangzhou_HZ60_2020_EPI_ISL_418502)
Align target 629 (hCoV-19_USA_NC_200399_2020_EPI_ISL_458295_2020-04)
Align target 630 (hCoV-19_England_NOTT-10FFD6_2020_EPI_ISL_441461_2020-04-14)
Align target 631 (hCoV-19_Wuhan_IVDC-HB-05_2019_EPI_ISL_402121)
Align target 632 (hCoV-19_Iceland_209_2020_EPI_ISL_417764)
Align target 633 (hCoV-19_England_20132082204_2020_EPI_ISL_423815)
Align target 634 (hCoV-19_England_NORT-289586_2020_EPI_ISL_458657_2020-03-30)
Align target 635 (hCoV-19_Kenya_P1655_2020_EPI_ISL_457866_2020-04)
Align target 636 (hCoV-19_England_SHEF-BFDDC_2020_EPI_ISL_418292)
Align target 637 (hCoV-19_Spain_COV000669_2020_EPI_ISL_452783_2020-03-06)
Align target 638 (hCoV-19_USA_WI-48_2020_EPI_ISL_421306)
Align target 639 (hCoV-19_DK_ALAB-SSI-1348_2020_EPI_ISL_437645_2020-04-02)
Align target 640 (hCoV-19_Denmark_ALAB-SSI-1378_2020_EPI_ISL_444849_2020-04-03)
Align target 641 (hCoV-19_Japan_DP0700_2020_EPI_ISL_416618)
Align target 642 (hCoV-19_USA_NM-UNM-00134_2020_EPI_ISL_467652_2020-04-02)
Align target 643 (hCoV-19_England_CAMB-76542_2020_EPI_ISL_438495_2020-03-29)
Align target 644 (hCoV-19_USA_WA-UW-1351_2020_EPI_ISL_422997)
Align target 645 (hCoV-19_Scotland_CVR80_2020_EPI_ISL_425810)
Align target 646 (hCoV-19_Beijing_DT-travelIT02_2020_EPI_ISL_452353_2020-03-06)
Align target 647 (hCoV-19_USA_NY-NYUMC791_2020_EPI_ISL_456066_2020-03-26)
Align target 648 (hCoV-19_Scotland_CVR355_2020_EPI_ISL_439063_2020-03-21)
Align target 649 (hCoV-19_England_CAMB-77981_2020_EPI_ISL_439512_2020-03-31)
Align target 650 (hCoV-19_England_20132023004_2020_EPI_ISL_423747)
Align target 651 (hCoV-19_Iceland_214_2020_EPI_ISL_417831)
Align target 652 (hCoV-19_USA_CA-CZBRR057IX00069_2020_EPI_ISL_428999)
Align target 653 (hCoV-19_England_20100001104_2020_EPI_ISL_464240_2020-03-01)
Align target 654 (hCoV-19_Brazil_RJ-2777_2020_EPI_ISL_467364_2020-04-25)
Align target 655 (hCoV-19_England_CAMB-84B4F_2020_EPI_ISL_440541_2020-03-12)
Align target 656 (hCoV-19_Portugal_PT0392_2020_EPI_ISL_454111_2020-04-14)
Align target 657 (hCoV-19_England_20132082504_2020_EPI_ISL_423817)
Align target 658 (hCoV-19_USA_LA-SR0155_2020_EPI_ISL_435458_2020-04-02)
Align target 659 (hCoV-19_England_CAMB-7C2AF_2020_EPI_ISL_434021_2020-04-14)
Align target 660 (hCoV-19_Belgium_ULG-6732_2020_EPI_ISL_418623)
Align target 661 (hCoV-19_Wuhan_HB-WHCM-112_2020_EPI_ISL_455405_2020-03-02)
Align target 662 (hCoV-19_Spain_COV001522_2020_EPI_ISL_467106_2020-03-17)
Align target 663 (hCoV-19_USA_LA-EVTL031_2020_EPI_ISL_435569_2020-04-24)
Align target 664 (hCoV-19_England_CAMB-82297_2020_EPI_ISL_443587_2020-04-12)
Align target 665 (hCoV-19_England_201640253_2020_EPI_ISL_466453_2020-04-14)
Align target 666 (hCoV-19_England_OXON-AEB12_2020_EPI_ISL_448757_2020)
Align target 667 (hCoV-19_USA_MI-MDHHS-SC20037_2020_EPI_ISL_437124_2020-03-19)
Align target 668 (hCoV-19_Northern_Ireland_NIRE-10210A_2020_EPI_ISL_441382_2020-03-20)
Align target 669 (hCoV-19_England_CAMB-75006_2020_EPI_ISL_440412_2020-03-17)
Align target 670 (hCoV-19_USA_ID-UW-1957_2020_EPI_ISL_424315)
Align target 671 (hCoV-19_USA_PA-MGEL108_2020_EPI_ISL_454385_2020)
Align target 672 (hCoV-19_India_NIV-7098_2020_EPI_ISL_454548_2020-04-03)
Align target 673 (hCoV-19_Wales_PHWC-27AD8_2020_EPI_ISL_432369_2020-03-30)
Align target 674 (hCoV-19_Guangdong_GDSZ202015-P0019_2020_EPI_ISL_413867)
Align target 675 (hCoV-19_England_20134023704_2020_EPI_ISL_423124)
Align target 676 (hCoV-19_Scotland_CVR3239_2020_EPI_ISL_449249_2020-04-27)
Align target 677 (hCoV-19_England_SHEF-C7102_2020_EPI_ISL_453721_2020-04-22)
Align target 678 (hCoV-19_Canada_ON-UHTC_0005_2020_EPI_ISL_464043_2020-03-24)
Align target 679 (hCoV-19_Iceland_128_2020_EPI_ISL_417786)
Align target 680 (hCoV-19_Netherlands_NA_59_2020_EPI_ISL_422820)
Align target 681 (hCoV-19_Netherlands_NA_50_2020_EPI_ISL_422811)
Align target 682 (hCoV-19_USA_MN-MDH-312_2020_EPI_ISL_450772_2020-03-30)
Align target 683 (hCoV-19_England_CAMB-84A42_2020_EPI_ISL_440533_2020-03-09)
Align target 684 (hCoV-19_Denmark_ALAB-SSI215_2020_EPI_ISL_429407)
Align target 685 (hCoV-19_England_20134028004_2020_EPI_ISL_423139)
Align target 686 (hCoV-19_Thailand_Bangkok-0064_2020_EPI_ISL_447006_2020-03-29)
Align target 687 (hCoV-19_USA_NY-NYUMC887_2020_EPI_ISL_467380_2020-04-28)
Align target 688 (hCoV-19_Wales_PHWC-23CF4_2020_EPI_ISL_418105)
Align target 689 (hCoV-19_Spain_Melilla202134_2020_EPI_ISL_455345_2020-03-11)
Align target 690 (hCoV-19_USA_MA-MGH-00039_2020_EPI_ISL_460334_2020-03-24)
Align target 691 (hCoV-19_Wales_PHWC-25BE6_2020_EPI_ISL_422304)
Align target 692 (hCoV-19_Canada_BC_4122951_2020_EPI_ISL_418826)
Align target 693 (hCoV-19_Romania_Bucuresti-12547_2020_EPI_ISL_468150_2020)
Align target 694 (hCoV-19_New_Zealand_20VR2004_2020_EPI_ISL_456330_2020-04-01)
Align target 695 (hCoV-19_Colombia_INS-79190_2020_EPI_ISL_456120_2020-03-12)
Align target 696 (hCoV-19_USA_TX-HMH0285_2020_EPI_ISL_434913_2020-03-27)
Align target 697 (hCoV-19_England_201060047_2020_EPI_ISL_464381_2020-03-04)
Align target 698 (hCoV-19_England_CAMB-74CF4_2020_EPI_ISL_425366)
Align target 699 (hCoV-19_England_SHEF-CF252_2020_EPI_ISL_442452_2020-04-06)
Align target 700 (hCoV-19_Germany_BAV-MVP0183_2020_EPI_ISL_466876_2020-04-13)
Align target 701 (hCoV-19_England_CAMB-1B2637_2020_EPI_ISL_456700_2020-05-19)
Align target 702 (hCoV-19_USA_MI-MDHHS-SC20331_2020_EPI_ISL_450610_2020-03-17)
Align target 703 (hCoV-19_England_SHEF-D130F_2020_EPI_ISL_442488_2020-03-25)
Align target 704 (hCoV-19_England_201420102_2020_EPI_ISL_465913_2020-03-29)
Align target 705 (hCoV-19_USA_FL-BPHL-023_2020_EPI_ISL_436527_2020-04-15)
Align target 706 (hCoV-19_Wales_PHWC-2658D_2020_EPI_ISL_422346)
Align target 707 (hCoV-19_England_201620091_2020_EPI_ISL_466406_2020-04-13)
Align target 708 (hCoV-19_England_20148034804_2020_EPI_ISL_466060_2020-04-03)
Align target 709 (hCoV-19_Wales_PHWC-32FDB_2020_EPI_ISL_446721_2020-04-14)
Align target 710 (hCoV-19_Australia_VIC23_2020_EPI_ISL_419743)
Align target 711 (hCoV-19_USA_WI-71_2020_EPI_ISL_421329)
Align target 712 (hCoV-19_Scotland_CVR1484_2020_EPI_ISL_438824_2020-04-02)
Align target 713 (hCoV-19_England_CAMB-74377_2020_EPI_ISL_425282)
Align target 714 (hCoV-19_USA_LA-SR0295_2020_EPI_ISL_445150_2020-04-08)
Align target 715 (hCoV-19_England_NORW-EB997_2020_EPI_ISL_457461_2020-05-07)
Align target 716 (hCoV-19_USA_NY-NYUMC648_2020_EPI_ISL_444765_2020-03-30)
Align target 717 (hCoV-19_USA_NY-PV09427_2020_EPI_ISL_450104_2020-03-12)
Align target 718 (hCoV-19_Wales_PHWC-246D7_2020_EPI_ISL_419442)
Align target 719 (hCoV-19_England_CAMB-75DF0_2020_EPI_ISL_438491_2020-03-29)
Align target 720 (hCoV-19_Iceland_566_2020_EPI_ISL_424586)
Align target 721 (hCoV-19_Australia_NSW192_2020_EPI_ISL_427797)
Align target 722 (hCoV-19_India_RMRC92_2020_EPI_ISL_455787_2020-05-04)
Align target 723 (hCoV-19_USA_CA-SCCPHD-UC124_2020_EPI_ISL_435603_2020-03-05)
Align target 724 (hCoV-19_Scotland_CVR3133_2020_EPI_ISL_461695_2020-04-24)
Align target 725 (hCoV-19_England_EXET-13613A_2020_EPI_ISL_457201_2020-04-14)
Align target 726 (hCoV-19_England_201360202_2020_EPI_ISL_423239)
Align target 727 (hCoV-19_Netherlands_NoordBrabant_89_2020_EPI_ISL_422883)
Align target 728 (hCoV-19_Japan_P4-4_2020_EPI_ISL_419304)
Align target 729 (hCoV-19_Australia_NT05_2020_EPI_ISL_419835)
Align target 730 (hCoV-19_USA_WA-UW227_2020_EPI_ISL_417376)
Align target 731 (hCoV-19_Spain_Valencia573_2020_EPI_ISL_447504_2020-03-27)
Align target 732 (hCoV-19_USA_WA-UW109_2020_EPI_ISL_416647)
Align target 733 (hCoV-19_USA_TX-HMH0312_2020_EPI_ISL_434928_2020-03-28)
Align target 734 (hCoV-19_Sichuan_SC-NC-078_2020_EPI_ISL_451337_2020-01-30)
Align target 735 (hCoV-19_Luxembourg_LNS3089015_2020_EPI_ISL_419581)
Align target 736 (hCoV-19_England_20142062204_2020_EPI_ISL_420773)
Align target 737 (hCoV-19_England_CAMB-1AEC4B_2020_EPI_ISL_448064_2020-05-04)
Align target 738 (hCoV-19_USA_MI-MDHHS-SC20352_2020_EPI_ISL_450631_2020-03-30)
Align target 739 (hCoV-19_USA_MN-MDH-85_2020_EPI_ISL_460069_2020-03-15)
Align target 740 (hCoV-19_USA_WA-S859_2020_EPI_ISL_463349_2020-04-25)
Align target 741 (hCoV-19_Portugal_PT0134_2020_EPI_ISL_453850_2020-03-26)
Align target 742 (hCoV-19_England_201060145_2020_EPI_ISL_464398_2020-03-04)
Align target 743 (hCoV-19_England_CAMB-7BBF0_2020_EPI_ISL_442180_2020-04-04)
Align target 744 (hCoV-19_Chile_Valparaiso_4_2020_EPI_ISL_445287_2020-03-19)
Align target 745 (hCoV-19_England_CAMB-7DBEF_2020_EPI_ISL_442221_2020-04-07)
Align target 746 (hCoV-19_Scotland_CVR2975_2020_EPI_ISL_448215_2020-04-22)
Align target 747 (hCoV-19_England_BRIS-125C6A_2020_EPI_ISL_443886_2020-03-30)
Align target 748 (hCoV-19_England_CAMB-1AE65C_2020_EPI_ISL_459449_2020-04-27)
Align target 749 (hCoV-19_Netherlands_Zeeland_7_2020_EPI_ISL_461289_2020-03-22)
Align target 750 (hCoV-19_Wales_PHWC-2CA79_2020_EPI_ISL_445941_2020-04-01)
Align target 751 (hCoV-19_Northern_Ireland_NIRE-FB220_2020_EPI_ISL_448951_2020-03-29)
Align target 752 (hCoV-19_USA_NY-NYUMC394_2020_EPI_ISL_430421)
Align target 753 (hCoV-19_England_20124095002_2020_EPI_ISL_418727)
Align target 754 (hCoV-19_USA_WA-UW-1846_2020_EPI_ISL_424288)
Align target 755 (hCoV-19_Canada_Qc-L00240796_2020_EPI_ISL_465686_2020-03-27)
Align target 756 (hCoV-19_France_BFC6053_2020_EPI_ISL_443307_2020-04-09)
Align target 757 (hCoV-19_Scotland_CVR2601_2020_EPI_ISL_453063_2020-04-16)
Align target 758 (hCoV-19_Australia_QLDID920_2020_EPI_ISL_417032)
Align target 759 (hCoV-19_England_CAMB-84347_2020_EPI_ISL_443553_2020-04-16)
Align target 760 (hCoV-19_England_SHEF-C093E_2020_EPI_ISL_420154)
Align target 761 (hCoV-19_England_NORW-EA1AF_2020_EPI_ISL_457332_2020-05-09)
Align target 762 (hCoV-19_England_LOND-D5F43_2020_EPI_ISL_444265_2020-04-18)
Align target 763 (hCoV-19_Belgium_ML-0324164_2020_EPI_ISL_420421)
Align target 764 (hCoV-19_England_201040152_2020_EPI_ISL_464334_2020-03-01)
Align target 765 (hCoV-19_England_20119032004_2020_EPI_ISL_465045_2020-03-11)
Align target 766 (hCoV-19_France_10057CJ_2020_EPI_ISL_447688_2020-03)
Align target 767 (hCoV-19_England_NORT-291EBD_2020_EPI_ISL_457318_2020-05-06)
Align target 768 (hCoV-19_England_20144006904_2020_EPI_ISL_423496)
Align target 769 (hCoV-19_England_20118112104_2020_EPI_ISL_464957_2020-03-13)
Align target 770 (hCoV-19_USA_MI-MDHHS-SC20128_2020_EPI_ISL_436862_2020-03-25)
Align target 771 (hCoV-19_USA_WA-S696_2020_EPI_ISL_449866_2020-04-09)
Align target 772 (hCoV-19_New_Zealand_20VR3045_2020_EPI_ISL_456402_2020-04-25)
Align target 773 (hCoV-19_Wales_PHWC-250E7_2020_EPI_ISL_420966)
Align target 774 (hCoV-19_England_BRIS-122043_2020_EPI_ISL_440001_2020-03-21)
Align target 775 (hCoV-19_England_NORW-EAEE4_2020_EPI_ISL_457392_2020-04-29)
Align target 776 (hCoV-19_bat_Yunnan_RmYN02_2019_EPI_ISL_412977)
hCoV-19_bat_Yunnan_RmYN02_2019_EPI_ISL_412977: Frameshift error (scores nt: 131658; codon: 94662)
Align target 777 (hCoV-19_Wales_PHWC-3132B_2020_EPI_ISL_446433_2020-04-10)
Align target 778 (hCoV-19_USA_VI-CDC-3688_2020_EPI_ISL_452123_2020-03-23)
Align target 779 (hCoV-19_Canada_Qc-L00241115_2020_EPI_ISL_465698_2020-03-27)
Align target 780 (hCoV-19_England_BIRM-5E7FF_2020_EPI_ISL_444304_2020-03-24)
Align target 781 (hCoV-19_Netherlands_NA_572_2020_EPI_ISL_460736_2020-04-13)
Align target 782 (hCoV-19_Israel_2115976_2020_EPI_ISL_447336_2020-04-16)
Align target 783 (hCoV-19_Wales_PHWC-31FCD_2020_EPI_ISL_446595_2020-04-13)
Align target 784 (hCoV-19_Denmark_ALAB-SSI-815_2020_EPI_ISL_444921_2020-03-30)
Align target 785 (hCoV-19_Philippines_PGC006_2020_EPI_ISL_434558_2020-03-28)
Align target 786 (hCoV-19_Spain_Valencia102_2020_EPI_ISL_436197_2020-03-17)
Align target 787 (hCoV-19_USA_NY-PV09199_2020_EPI_ISL_422554)
Align target 788 (hCoV-19_Sweden_20-14089_2020_EPI_ISL_450827_2020-04-27)
Align target 789 (hCoV-19_Scotland_EDB4395_2020_EPI_ISL_449308_2020-05-04)
Align target 790 (hCoV-19_USA_MI-MDHHS-SC20551_2020_EPI_ISL_460599_2020-05-01)
Align target 791 (hCoV-19_Australia_VIC1329_2020_EPI_ISL_430696)
Align target 792 (hCoV-19_England_NOTT-10E1B3_2020_EPI_ISL_425507)
Align target 793 (hCoV-19_Denmark_ALAB-SSI383_2020_EPI_ISL_429483)
Align target 794 (hCoV-19_England_20126002104_2020_EPI_ISL_423869)
Align target 795 (hCoV-19_England_20129014104_2020_EPI_ISL_423993)
Align target 796 (hCoV-19_England_20169032804_2020_EPI_ISL_465228_2020-04-17)
Align target 797 (hCoV-19_Switzerland_100816_2020_EPI_ISL_451766_2020-03-26)
Align target 798 (hCoV-19_Scotland_EDB018_2020_EPI_ISL_425824)
Align target 799 (hCoV-19_USA_UT-03909_2020_EPI_ISL_450567_2020-04-13)
Align target 800 (hCoV-19_England_OXON-AE8DF_2020_EPI_ISL_448731_2020)
Align target 801 (hCoV-19_India_NIV-7044_2020_EPI_ISL_454547_2020-04-04)
Align target 802 (hCoV-19_England_CAMB-7B097_2020_EPI_ISL_433912_2020-04-11)
Align target 803 (hCoV-19_England_NORW-E89C7_2020_EPI_ISL_448259_2020-04-11)
Align target 804 (hCoV-19_United_Arab_Emirates_L9768_2020_EPI_ISL_435143_2020-03-18)
Align target 805 (hCoV-19_Portugal_PT0271_2020_EPI_ISL_453985_2020-04-05)
Align target 806 (hCoV-19_Canada_ON-UHTC_0039_2020_EPI_ISL_464026_2020-04-10)
Align target 807 (hCoV-19_Canada_QGLO-026_2020__EPI_ISL_459882_2020-03-28)
Align target 808 (hCoV-19_Belgium_MMJ-03034_2020_EPI_ISL_417429)
Align target 809 (hCoV-19_England_NORW-EBAC1_2020_EPI_ISL_457474_2020-05-08)
Align target 810 (hCoV-19_France_B2336_2020_EPI_ISL_416505)
Align target 811 (hCoV-19_England_CAMB-1AA40B_2020_EPI_ISL_443529_2020-04-16)
Align target 812 (hCoV-19_Chile_Santiago_24_2020_EPI_ISL_445303_2020-03-14)
Align target 813 (hCoV-19_Australia_VIC741_2020_EPI_ISL_427019)
Align target 814 (hCoV-19_England_CAMB-81939_2020_EPI_ISL_443066_2020-04-12)
Align target 815 (hCoV-19_Netherlands_NA_134_2020_EPI_ISL_422678)
Align target 816 (hCoV-19_Kenya_P3121_2020_EPI_ISL_457902_2020-04)
Align target 817 (hCoV-19_Turkey_HSGM-5769_2020_EPI_ISL_428717)
Align target 818 (hCoV-19_Belgium_Rega-0328209_2020_EPI_ISL_458179_2020-03-28)
Align target 819 (hCoV-19_Wales_PHWC-2A57A_2020_EPI_ISL_445585_2020-04-07)
Align target 820 (hCoV-19_England_20139054704_2020_EPI_ISL_420712)
Align target 821 (hCoV-19_Wuhan_YB012504_2020_EPI_ISL_450489_2020-01-25)
Align target 822 (hCoV-19_USA_NY-NYUMC12_2020_EPI_ISL_418197)
Align target 823 (hCoV-19_England_20130050804_2020_EPI_ISL_423622)
Align target 824 (hCoV-19_England_CAMB-79C3B_2020_EPI_ISL_441227_2020-04-01)
Align target 825 (hCoV-19_USA_WA-UW-3838_2020_EPI_ISL_427188)
Align target 826 (hCoV-19_USA_WA-S767_2020_EPI_ISL_449937_2020-04-14)
Align target 827 (hCoV-19_England_20118016104_2020_EPI_ISL_464888_2020-03-10)
Align target 828 (hCoV-19_England_BRIS-129167_2020_EPI_ISL_458782_2020-04-19)
Align target 829 (hCoV-19_USA_WA-UW192_2020_EPI_ISL_417341)
Align target 830 (hCoV-19_England_20138082704_2020_EPI_ISL_421836)
Align target 831 (hCoV-19_USA_MI-MDHHS-SC20254_2020_EPI_ISL_447224_2020-04-08)
Align target 832 (hCoV-19_Oman_205033010_2020_EPI_ISL_458118_2020-05-01)
Align target 833 (hCoV-19_Netherlands_NA_391_2020_EPI_ISL_455193_2020)
Align target 834 (hCoV-19_India_MaxCov0030_CSIR-IGIB_2020_EPI_ISL_459932_2020-05-13)
Align target 835 (hCoV-19_Switzerland_101186_2020_EPI_ISL_451848_2020-03-31)
Align target 836 (hCoV-19_England_CAMB-7A159_2020_EPI_ISL_440586_2020-04-03)
Align target 837 (hCoV-19_Denmark_ALAB-HH-150_2020_EPI_ISL_452026_2020-03-19)
Align target 838 (hCoV-19_England_BRIS-131393_2020_EPI_ISL_467708_2020-05-23)
Align target 839 (hCoV-19_Scotland_EDB1158_2020_EPI_ISL_433412_2020-04-07)
Align target 840 (hCoV-19_Spain_COV000759_2020_EPI_ISL_452732_2020-03-06)
Align target 841 (hCoV-19_Scotland_EDB4477_2020_EPI_ISL_456941_2020-05-05)
Align target 842 (hCoV-19_Australia_NSW354_2020_EPI_ISL_451615_2020-04-17)
Align target 843 (hCoV-19_England_BRIS-122D97_2020_EPI_ISL_440748_2020-04-03)
Align target 844 (hCoV-19_Wales_PHWC-2EE8A_2020_EPI_ISL_446166_2020-04-07)
Align target 845 (hCoV-19_USA_MA-MGH-00701_2020_EPI_ISL_460358_2020-04-06)
Align target 846 (hCoV-19_Australia_VIC1138_2020_EPI_ISL_430609)
Align target 847 (hCoV-19_Saudi_Arabia_KAUST-MADINAH252_2020_EPI_ISL_437736_2020-04-20)
Align target 848 (hCoV-19_USA_WI-UW-280_2020_EPI_ISL_436574_2020-04-03)
Align target 849 (hCoV-19_USA_NY-PV08403_2020_EPI_ISL_421371)
Align target 850 (hCoV-19_India_CCMB_L276_P1_2020_EPI_ISL_458073_2020-04-20)
Align target 851 (hCoV-19_England_CAMB-72F39_2020_EPI_ISL_440254_2020-03-23)
Align target 852 (hCoV-19_USA_NY-PV09189_2020_EPI_ISL_422546)
Align target 853 (hCoV-19_USA_WA-UW-4061_2020_EPI_ISL_437815_2020-04-01)
Align target 854 (hCoV-19_England_NORW-EB26F_2020_EPI_ISL_457412_2020-05-01)
Align target 855 (hCoV-19_England_20149045004_2020_EPI_ISL_466200_2020-04-03)
Align target 856 (hCoV-19_England_BRIS-1228F0_2020_EPI_ISL_440771_2020-04-03)
Align target 857 (hCoV-19_USA_WA-UW-2249_2020_EPI_ISL_426130)
Align target 858 (hCoV-19_Australia_SAP095_2020_EPI_ISL_451129_2020-04-09)
Align target 859 (hCoV-19_Scotland_EDB4840_2020_EPI_ISL_453165_2020-04-01)
Align target 860 (hCoV-19_New_Zealand_20VR1796_2020_EPI_ISL_456255_2020-03-23)
Align target 861 (hCoV-19_Australia_VIC381_2020_EPI_ISL_426688)
Align target 862 (hCoV-19_England_20149054104_2020_EPI_ISL_466213_2020-04-04)
Align target 863 (hCoV-19_England_BRIS-123428_2020_EPI_ISL_442668_2020-04-06)
Align target 864 (hCoV-19_Denmark_ALAB-SSI-634_2020_EPI_ISL_437010_2020-03-26)
Align target 865 (hCoV-19_Denmark_ALAB-SSI199_2020_EPI_ISL_429397)
Align target 866 (hCoV-19_Congo_94_2020_EPI_ISL_417947)
Align target 867 (hCoV-19_USA_NY-NYUMC826_2020_EPI_ISL_456062_2020-03-25)
Align target 868 (hCoV-19_England_NORW-EBB37_2020_EPI_ISL_457479_2020-05-06)
Align target 869 (hCoV-19_Austria_CeMM0030_2020_EPI_ISL_437919_2020-03-09)
Align target 870 (hCoV-19_USA_NY-NYUMC273_2020_EPI_ISL_428787)
Align target 871 (hCoV-19_England_NORT-288DF8_2020_EPI_ISL_453489_2020-03-23)
Align target 872 (hCoV-19_USA_NY-Wadsworth-32851-01_2020_EPI_ISL_426299)
Align target 873 (hCoV-19_USA_MA-MGH-00084_2020_EPI_ISL_460444_2020-03-23)
Align target 874 (hCoV-19_England_CAMB-1AF15A_2020_EPI_ISL_459319_2020-04-29)
Align target 875 (hCoV-19_Uruguay_UY-NYUMC864_2020_EPI_ISL_457960_2020-03-28)
Align target 876 (hCoV-19_England_20139062104_2020_EPI_ISL_420738)
Align target 877 (hCoV-19_Netherlands_ZuidHolland_166_2020_EPI_ISL_461338_2020-04-16)
Align target 878 (hCoV-19_England_20139070704_2020_EPI_ISL_423363)
Align target 879 (hCoV-19_USA_WA-S70_2020_EPI_ISL_417123)
Align target 880 (hCoV-19_Chile_Santiago_46_2020_EPI_ISL_445325_2020-03-21)
Align target 881 (hCoV-19_Iceland_278_2020_EPI_ISL_417606)
Align target 882 (hCoV-19_India_GBRC167b_2020_EPI_ISL_461504_2020-05-27)
Align target 883 (hCoV-19_England_201161648_2020_EPI_ISL_464867_2020-03-11)
Align target 884 (hCoV-19_USA_NM-UNM-00100_2020_EPI_ISL_467545_2020-04-01)
Align target 885 (hCoV-19_Scotland_CVR1334_2020_EPI_ISL_433544_2020-03-31)
Align target 886 (hCoV-19_Scotland_EDB2087_2020_EPI_ISL_433186_2020-04-19)
Align target 887 (hCoV-19_England_201160067_2020_EPI_ISL_464784_2020-03-11)
Align target 888 (hCoV-19_Canada_QC_AO9_2020_EPI_ISL_463923_2020-04-09)
Align target 889 (hCoV-19_England_CAMB-797B2_2020_EPI_ISL_441145_2020-04-01)
Align target 890 (hCoV-19_India_ILSCV20166_2020_EPI_ISL_463074_2020-05-05)
Align target 891 (hCoV-19_Australia_NSW124_2020_EPI_ISL_427782)
Align target 892 (hCoV-19_England_BRIS-1230E8_2020_EPI_ISL_442662_2020-04-05)
Align target 893 (hCoV-19_USA_WA-UW375_2020_EPI_ISL_418942)
Align target 894 (hCoV-19_India_GBRC20_2020_EPI_ISL_437449_2020-04-26)
Align target 895 (hCoV-19_Jordan_SR-0333_2020_EPI_ISL_450186_2020-04-07)
Align target 896 (hCoV-19_Canada_BC_00696199_2020_EPI_ISL_466699_2020-04)
Align target 897 (hCoV-19_Shanghai_SH0112_2020_EPI_ISL_416400)
Align target 898 (hCoV-19_Spain_Valencia8_2020_EPI_ISL_416487)
Align target 899 (hCoV-19_USA_MA-MGH-00031_2020_EPI_ISL_460111_2020-03-25)
Align target 900 (hCoV-19_Scotland_CVR2177_2020_EPI_ISL_453025_2020-04-11)
Align target 901 (hCoV-19_Belgium_ULG-10046_2020_EPI_ISL_421213)
Align target 902 (hCoV-19_Scotland_EDB039_2020_EPI_ISL_425845)
Align target 903 (hCoV-19_Canada_QC_AF2_2020_EPI_ISL_463910_2020-04-05)
Align target 904 (hCoV-19_Netherlands_NA_710_2020_EPI_ISL_461145_2020-05-13)
Align target 905 (hCoV-19_Iceland_91_2020_EPI_ISL_417873)
Align target 906 (hCoV-19_England_CAMB-79785_2020_EPI_ISL_441121_2020-04-01)
Align target 907 (hCoV-19_England_CAMB-75BAB_2020_EPI_ISL_438307_2020-03-28)
Align target 908 (hCoV-19_USA_CruiseA-6_2020_EPI_ISL_413611)
Align target 909 (hCoV-19_Netherlands_NA_466_2020_EPI_ISL_455268_2020-04-10)
Align target 910 (hCoV-19_Finland_14M32_2020_EPI_ISL_418408)
Align target 911 (hCoV-19_USA_CA-CZB-1156_2020_EPI_ISL_454617_2020-04-26)
Align target 912 (hCoV-19_England_201090619_2020_EPI_ISL_464592_2020-03-04)
Align target 913 (hCoV-19_USA_NY-NYUMC333_2020_EPI_ISL_430360)
Align target 914 (hCoV-19_Scotland_CVR45_2020_EPI_ISL_425773)
Align target 915 (hCoV-19_Australia_QLDID942_2020_EPI_ISL_447595_2020-03-24)
Align target 916 (hCoV-19_Saudi_Arabia_KAUST-Madinah47_2020_EPI_ISL_443172_2020-03-29)
Align target 917 (hCoV-19_Singapore_242_2020_EPI_ISL_462360_2020-04-02)
Align target 918 (hCoV-19_Denmark_ALAB-SSI265_2020_EPI_ISL_429427)
Align target 919 (hCoV-19_Switzerland_100029_2020_EPI_ISL_466953_2020-03-10)
Align target 920 (hCoV-19_England_BRIS-122F28_2020_EPI_ISL_440766_2020-04-03)
Align target 921 (hCoV-19_Portugal_PT0012_2020_EPI_ISL_417997)
Align target 922 (hCoV-19_Colombia_INS-79253_2020_EPI_ISL_456117_2020-03-10)
Align target 923 (hCoV-19_Scotland_CVR2935_2020_EPI_ISL_448208_2020-04-22)
Align target 924 (hCoV-19_England_CAMB-7D745_2020_EPI_ISL_441711_2020-04-06)
Align target 925 (hCoV-19_Israel_51141121_2020_EPI_ISL_447320_2020-03-22)
Align target 926 (hCoV-19_England_LOND-D3631_2020_EPI_ISL_440967_2020-04-02)
Align target 927 (hCoV-19_USA_NY-NYUMC658_2020_EPI_ISL_444775_2020-03-17)
Align target 928 (hCoV-19_Wales_PHWC-2BAE3_2020_EPI_ISL_445807_2020-03-28)
Align target 929 (hCoV-19_England_201161386_2020_EPI_ISL_464837_2020-03-11)
Align target 930 (hCoV-19_USA_MD-HP036_2020_EPI_ISL_434586_2020-03-19)
Align target 931 (hCoV-19_India_MaxCov0021_CSIR-IGIB_2020_EPI_ISL_459923_2020-05-08)
Align target 932 (hCoV-19_USA_MI-MDHHS-SC20218_2020_EPI_ISL_447188_2020-03-13)
Align target 933 (hCoV-19_USA_SC_3569_2020_EPI_ISL_424841)
Align target 934 (hCoV-19_South_Africa_KRISP-0115_2020_EPI_ISL_467468_2020-04-04)
Align target 935 (hCoV-19_England_201080010_2020_EPI_ISL_464423_2020-03-05)
Align target 936 (hCoV-19_England_LIVE-9C661_2020_EPI_ISL_449565_2020-03-23)
Align target 937 (hCoV-19_England_LOND-D3895_2020_EPI_ISL_441000_2020-04-02)
Align target 938 (hCoV-19_England_NOTT-110F0F_2020_EPI_ISL_448435_2020-04-17)
Align target 939 (hCoV-19_USA_VA-DCLS-0231_2020_EPI_ISL_452808_2020-04-05)
Align target 940 (hCoV-19_Belgium_DWJ-0324333_2020_EPI_ISL_462187_2020-03-24)
Align target 941 (hCoV-19_Scotland_CVR2927_2020_EPI_ISL_461593_2020-04-22)
Align target 942 (hCoV-19_USA_NY-PV09020_2020_EPI_ISL_421595)
Align target 943 (hCoV-19_Canada_BC_21368114_2020_EPI_ISL_462809_2020-03)
Align target 944 (hCoV-19_Israel_701002327_2020_EPI_ISL_447307_2020-03-22)
Align target 945 (hCoV-19_Colombia_GUR-0215_2020_EPI_ISL_447743_2020-03-28)
Align target 946 (hCoV-19_USA_MI-MDHHS-SC20257_2020_EPI_ISL_447227_2020-03-12)
Align target 947 (hCoV-19_Spain_Cataluna201396_2020_EPI_ISL_418250)
Align target 948 (hCoV-19_pangolin_Guangxi_P3B_2017_EPI_ISL_410543)
hCoV-19_pangolin_Guangxi_P3B_2017_EPI_ISL_410543: Frameshift error (scores nt: 95419; codon: 18251)
Align target 949 (hCoV-19_USA_CA-SR0458_2020_EPI_ISL_467980_2020-04-02)
Align target 950 (hCoV-19_Australia_VIC853_2020_EPI_ISL_427113)
Align target 951 (hCoV-19_Wales_PHWC-2A686_2020_EPI_ISL_445602_2020-04-07)
Align target 952 (hCoV-19_England_20119079304_2020_EPI_ISL_465109_2020-03-13)
Align target 953 (hCoV-19_England_NORW-E9E9A_2020_EPI_ISL_448376_2020-05-02)
Align target 954 (hCoV-19_USA_OR-OHSU023-CV23_2020_EPI_ISL_437523_2020-04-07)
Align target 955 (hCoV-19_England_SHEF-CAA8C_2020_EPI_ISL_462046_2020-04-19)
Align target 956 (hCoV-19_USA_NY-PV09461_2020_EPI_ISL_450134_2020-03-19)
Align target 957 (hCoV-19_England_CAMB-77D58_2020_EPI_ISL_440827_2020-04-01)
Align target 958 (hCoV-19_USA_WA-UW-1718_2020_EPI_ISL_424210)
Align target 959 (hCoV-19_England_201040707_2020_EPI_ISL_464344_2020-03-04)
Align target 960 (hCoV-19_USA_WY-WYPHL-00088_2020_EPI_ISL_462979_2020-03-30)
Align target 961 (hCoV-19_USA_CA-CZBRR057IX00079_2020_EPI_ISL_429005)
Align target 962 (hCoV-19_England_LOND-D3A26_2020_EPI_ISL_441024_2020-04-06)
Align target 963 (hCoV-19_USA_NY-NYUMC588_2020_EPI_ISL_444705_2020-03-30)
Align target 964 (hCoV-19_Scotland_GCVR-1739FD_2020_EPI_ISL_459138_2020-04-07)
Align target 965 (hCoV-19_England_BRIS-12667A_2020_EPI_ISL_458971_2020-04-09)
Align target 966 (hCoV-19_England_20100000104_2020_EPI_ISL_464232_2020-03-01)
Align target 967 (hCoV-19_USA_NC_200409_2020_EPI_ISL_458297_2020-04)
Align target 968 (hCoV-19_England_201390233_2020_EPI_ISL_465840_2020-03-27)
Align target 969 (hCoV-19_Saudi_Arabia_KAUST-MADINAH269_2020_EPI_ISL_437751_2020-04-20)
Align target 970 (hCoV-19_Iceland_433_2020_EPI_ISL_424457)
Align target 971 (hCoV-19_England_PORT-2CF26F_2020_EPI_ISL_453667_2020-04-25)
Align target 972 (hCoV-19_Israel_130710159_2020_EPI_ISL_447464_2020-04-15)
Align target 973 (hCoV-19_Taiwan_TSGH-28_2020_EPI_ISL_447254_2020-03-16)
Align target 974 (hCoV-19_England_CAMB-83111_2020_EPI_ISL_443548_2020-04-15)
Align target 975 (hCoV-19_England_LOND-D3983_2020_EPI_ISL_441015_2020-04-03)
Align target 976 (hCoV-19_USA_NY-NYUMC568_2020_EPI_ISL_444685_2020-03-30)
Align target 977 (hCoV-19_England_CAMB-7B088_2020_EPI_ISL_433911_2020-04-11)
Align target 978 (hCoV-19_England_20099069904_2020_EPI_ISL_464216_2020-02-29)
Align target 979 (hCoV-19_England_20144066304_2020_EPI_ISL_423555)
Align target 980 (hCoV-19_USA_MI-MDHHS-SC20289_2020_EPI_ISL_452263_2020-05-01)
Align target 981 (hCoV-19_Wales_PHWC-284AC_2020_EPI_ISL_432100_2020-03-29)
Align target 982 (hCoV-19_Scotland_CVR2446_2020_EPI_ISL_438907_2020-04-14)
Align target 983 (hCoV-19_Luxembourg_LNS1658150_2020_EPI_ISL_429742)
Align target 984 (hCoV-19_England_201420104_2020_EPI_ISL_465915_2020-03-30)
Align target 985 (hCoV-19_France_IDF0515_2020_EPI_ISL_408430)
Align target 986 (hCoV-19_Wales_PHWC-2A2A0_2020_EPI_ISL_445547_2020-04-06)
Align target 987 (hCoV-19_England_LIVE-9CD99_2020_EPI_ISL_440945_2020-04-27)
Align target 988 (hCoV-19_Mexico_CDMX-InDRE_14_2020_EPI_ISL_455438_2020-03-14)
Align target 989 (hCoV-19_Chile_Chillan_3_2020_EPI_ISL_445332_2020-03-11)
Align target 990 (hCoV-19_Scotland_CVR623_2020_EPI_ISL_439092_2020-03-25)
Align target 991 (hCoV-19_USA_MN-MDH-1023_2020_EPI_ISL_462868_2020-05-07)
Align target 992 (hCoV-19_USA_WA-S856_2020_EPI_ISL_463346_2020-04-24)
Align target 993 (hCoV-19_England_LOND-D3E48_2020_EPI_ISL_441040_2020-04-04)
Align target 994 (hCoV-19_England_LIVE-9A135_2020_EPI_ISL_439850_2020-04-18)
Align target 995 (hCoV-19_Wuhan_HB-WHCM-117_2020_EPI_ISL_454997_2020-03-02)
Align target 996 (hCoV-19_England_SHEF-C6200_2020_EPI_ISL_441988_2020-04-10)
Align target 997 (hCoV-19_Scotland_CVR2842_2020_EPI_ISL_448197_2020-04-21)
Align target 998 (hCoV-19_New_Zealand_20VR0988_2020_EPI_ISL_456173_2020-03-18)
Align target 999 (hCoV-19_Sichuan_SC-WCH-315_2020_EPI_ISL_451382_2020-01-25)
Computing global alignment... done.
