Align target 0 (hCoV-19_Belgium_KA-03042_2020_EPI_ISL_417424)
Align target 1 (hCoV-19_DRC_3768_2020_EPI_ISL_447239_2020-04-24)
Align target 2 (hCoV-19_England_NORW-EC7E7_2020_EPI_ISL_457563_2020-05-12)
Align target 3 (hCoV-19_USA_NY-NYUMC603_2020_EPI_ISL_444720_2020-04-03)
Align target 4 (hCoV-19_England_BRIS-121E59_2020_EPI_ISL_440071_2020-03-19)
Align target 5 (hCoV-19_USA_IL-NM064_2020_EPI_ISL_444559_2020-03-18)
Align target 6 (hCoV-19_Netherlands_NA_120_2020_EPI_ISL_422667)
Align target 7 (hCoV-19_JAM_JM-CDC-6365_2020_EPI_ISL_450796_2020-03-16)
Align target 8 (hCoV-19_USA_MI-MDHHS-SC20472_2020_EPI_ISL_460011_2020-03-31)
Align target 9 (hCoV-19_England_20132031404_2020_EPI_ISL_423769)
Align target 10 (hCoV-19_England_20118039804_2020_EPI_ISL_464908_2020-03-13)
Align target 11 (hCoV-19_USA_LA-EVTL069_2020_EPI_ISL_451230_2020-04-30)
Align target 12 (hCoV-19_England_CAMB-79C2C_2020_EPI_ISL_441295_2020-04-02)
Align target 13 (hCoV-19_Spain_COV001121_2020_EPI_ISL_452580_2020-03-27)
Align target 14 (hCoV-19_Spain_COV000897_2020_EPI_ISL_452666_2020-03-26)
Align target 15 (hCoV-19_USA_WA-UW-1569_2020_EPI_ISL_423021)
Align target 16 (hCoV-19_England_SHEF-BFEF7_2020_EPI_ISL_432713_2020-03-25)
Align target 17 (hCoV-19_England_CAMB-7EE21_2020_EPI_ISL_442956_2020-04-07)
Align target 18 (hCoV-19_Mexico_Chihuahua-IMSS_01_2020_EPI_ISL_424731)
Align target 19 (hCoV-19_Iceland_53_2020_EPI_ISL_417851)
Align target 20 (hCoV-19_England_CAMB-74E67_2020_EPI_ISL_425380)
Align target 21 (hCoV-19_Australia_NSW508_2020_EPI_ISL_455048_2020-03-24)
Align target 22 (hCoV-19_Netherlands_NA_707_2020_EPI_ISL_461142_2020-04-30)
Align target 23 (hCoV-19_England_CAMB-72652_2020_EPI_ISL_439926_2020-03-24)
Align target 24 (hCoV-19_Switzerland_100079_2020_EPI_ISL_451671_2020-03-12)
Align target 25 (hCoV-19_England_20182005404_2020_EPI_ISL_465442_2020-04-27)
Align target 26 (hCoV-19_England_BRIS-128951_2020_EPI_ISL_458790_2020-04-14)
Align target 27 (hCoV-19_Spain_Barcelona_VH1713_2020_EPI_ISL_444990_2020-03-29)
Align target 28 (hCoV-19_England_MZ001_2020_EPI_ISL_466873_2020-04)
Align target 29 (hCoV-19_Netherlands_Flevoland_9_2020_EPI_ISL_460843_2020-04-23)
Align target 30 (hCoV-19_Scotland_CVR3499_2020_EPI_ISL_456884_2020-05-10)
Align target 31 (hCoV-19_England_BRIS-124E74_2020_EPI_ISL_443990_2020-03-26)
Align target 32 (hCoV-19_Scotland_CVR136_2020_EPI_ISL_425679)
Align target 33 (hCoV-19_USA_CT-Yale-055_2020_EPI_ISL_428376)
Align target 34 (hCoV-19_England_20132000904_2020_EPI_ISL_423703)
Align target 35 (hCoV-19_Switzerland_120164_2020_EPI_ISL_468243_2020-04-25)
Align target 36 (hCoV-19_Iceland_62_2020_EPI_ISL_417757)
Align target 37 (hCoV-19_USA_NY-PV09408_2020_EPI_ISL_450088_2020-03-11)
Align target 38 (hCoV-19_Spain_Valencia538_2020_EPI_ISL_447483_2020-03-29)
Align target 39 (hCoV-19_Netherlands_Gelderland_101_2020_EPI_ISL_460862_2020-05-21)
Align target 40 (hCoV-19_England_20102000506_2020_EPI_ISL_415147)
Align target 41 (hCoV-19_Spain_Andalucia201373_2020_EPI_ISL_418244)
Align target 42 (hCoV-19_USA_NY-NYUMC771_2020_EPI_ISL_456008_2020-03-27)
Align target 43 (hCoV-19_England_20118146504_2020_EPI_ISL_464974_2020-03-12)
Align target 44 (hCoV-19_Iceland_25_2020_EPI_ISL_417693)
Align target 45 (hCoV-19_Wales_PHWC-27D1B_2020_EPI_ISL_432335_2020-04-01)
Align target 46 (hCoV-19_USA_NY-NYUMC377_2020_EPI_ISL_430404)
Align target 47 (hCoV-19_Russia_StPetersburg-RII5017V_2020_EPI_ISL_430084)
Align target 48 (hCoV-19_Austria_CeMM0271_2020_EPI_ISL_438098_2020-03-24)
Align target 49 (hCoV-19_England_BRIS-125C88_2020_EPI_ISL_443726_2020-03-29)
Align target 50 (hCoV-19_USA_MN-MDH-1025_2020_EPI_ISL_462870_2020-05-07)
Align target 51 (hCoV-19_Spain_COV000817_2020_EPI_ISL_452711_2020-03-10)
Align target 52 (hCoV-19_USA_WA-UW-10094_2020_EPI_ISL_461463_2020-05-29)
Align target 53 (hCoV-19_England_BRIS-128881_2020_EPI_ISL_458727_2020-04-15)
Align target 54 (hCoV-19_Sweden_20-08123_2020_EPI_ISL_454493_2020-03-09)
Align target 55 (hCoV-19_USA_MA-MGH-00668_2020_EPI_ISL_460296_2020-04-04)
Align target 56 (hCoV-19_Scotland_EDB2359_2020_EPI_ISL_439189_2020-04-22)
Align target 57 (hCoV-19_Switzerland_100020_2020_EPI_ISL_466944_2020-03-09)
Align target 58 (hCoV-19_Kenya_P1267_2020_EPI_ISL_457857_2020-04)
Align target 59 (hCoV-19_Netherlands_Gelderland_102_2020_EPI_ISL_460863_2020-05-21)
Align target 60 (hCoV-19_England_OXON-AE796_2020_EPI_ISL_448718_2020)
Align target 61 (hCoV-19_England_201120049_2020_EPI_ISL_464665_2020-03-09)
Align target 62 (hCoV-19_USA_MI-MDHHS-SC20641_2020_EPI_ISL_462723_2020-04-23)
Align target 63 (hCoV-19_Wales_PHWC-28B98_2020_EPI_ISL_445411_2020-04-03)
Align target 64 (hCoV-19_England_NOTT-1100A2_2020_EPI_ISL_441466_2020-04-11)
Align target 65 (hCoV-19_USA_NY-PV09145_2020_EPI_ISL_422516)
Align target 66 (hCoV-19_India_ILSCV17741_2020_EPI_ISL_463058_2020-05-13)
Align target 67 (hCoV-19_England_SHEF-C6798_2020_EPI_ISL_441991_2020-04-12)
Align target 68 (hCoV-19_USA_WA-S896_2020_EPI_ISL_463386_2020-04-28)
Align target 69 (hCoV-19_Belgium_ULG-10174_2020_EPI_ISL_455962_2020-5-8)
Align target 70 (hCoV-19_Netherlands_ZuidHolland_71_2020_EPI_ISL_422939)
Align target 71 (hCoV-19_Russia_StPetersburg-RII5634S_2020_EPI_ISL_430093)
Align target 72 (hCoV-19_Portugal_PT0502_2020_EPI_ISL_454226_2020-03-17)
Align target 73 (hCoV-19_Spain_Madrid_H12_3405_2020_EPI_ISL_428704)
Align target 74 (hCoV-19_New_Zealand_20VR1863_2020_EPI_ISL_456289_2020-03-30)
Align target 75 (hCoV-19_Canada_BC_8894200_2020_EPI_ISL_418853)
Align target 76 (hCoV-19_South_Africa_KRISP-0127_2020_EPI_ISL_467479_2020-05-13)
Align target 77 (hCoV-19_England_CAMB-7EA2D_2020_EPI_ISL_442599_2020-04-07)
Align target 78 (hCoV-19_Netherlands_NA_245_2020_EPI_ISL_422779)
Align target 79 (hCoV-19_England_BRIS-1225DB_2020_EPI_ISL_440797_2020-04-05)
Align target 80 (hCoV-19_USA_WA8-UW5_2020_EPI_ISL_413486)
Align target 81 (hCoV-19_England_20108007504_2020_EPI_ISL_464458_2020-03-03)
Align target 82 (hCoV-19_Wales_PHWC-2B825_2020_EPI_ISL_445767_2020-04-09)
Align target 83 (hCoV-19_USA_MN-MDH-1060_2020_EPI_ISL_462905_2020-05-14)
Align target 84 (hCoV-19_Wales_PHWC-32C10_2020_EPI_ISL_446666_2020-04-15)
Align target 85 (hCoV-19_England_CAMB-82AAE_2020_EPI_ISL_438655_2020)
Align target 86 (hCoV-19_Denmark_ALAB-SSI-842_2020_EPI_ISL_444934_2020-03-28)
Align target 87 (hCoV-19_USA_WA-S1170_2020_EPI_ISL_463660_2020-05-04)
Align target 88 (hCoV-19_Switzerland_120205_2020_EPI_ISL_468278_2020-04-28)
Align target 89 (hCoV-19_India_ILSCV19144_2020_EPI_ISL_463065_2020-05-14)
Align target 90 (hCoV-19_England_NOTT-1109A7_2020_EPI_ISL_441880_2020-04-30)
Align target 91 (hCoV-19_Canada_QC_AG4_2020_EPI_ISL_463913_2020-04-11)
Align target 92 (hCoV-19_England_20129038304_2020_EPI_ISL_424040)
Align target 93 (hCoV-19_USA_MN58-MDH58_2020_EPI_ISL_417502)
Align target 94 (hCoV-19_India_NCDC-01501_2020_EPI_ISL_435110_2020-03-16)
Align target 95 (hCoV-19_USA_TX-HMH0376_2020_EPI_ISL_434965_2020-03-30)
Align target 96 (hCoV-19_England_CAMB-1B160B_2020_EPI_ISL_458568_2020-05-06)
Align target 97 (hCoV-19_USA_WA-UW-10131_2020_EPI_ISL_461475_2020-05-29)
Align target 98 (hCoV-19_England_NOTT-10FBA5_2020_EPI_ISL_432695_2020-04-07)
Align target 99 (hCoV-19_Singapore_134_2020_EPI_ISL_443226_2020-03-16)
Align target 100 (hCoV-19_USA_NY-PV09421_2020_EPI_ISL_450100_2020-03-13)
Align target 101 (hCoV-19_USA_CA-SR0128_2020_EPI_ISL_445113_2020-03-28)
Align target 102 (hCoV-19_USA_MI-MDHHS-SC20225_2020_EPI_ISL_447195_2020-03-21)
Align target 103 (hCoV-19_Wales_PHWC-31CB7_2020_EPI_ISL_446555_2020-04-14)
Align target 104 (hCoV-19_England_CAMB-787E0_2020_EPI_ISL_433775_2020-04-07)
Align target 105 (hCoV-19_England_CAMB-848FD_2020_EPI_ISL_440498_2020-03-05)
Align target 106 (hCoV-19_Netherlands_NA_407_2020_EPI_ISL_455209_2020-03-18)
Align target 107 (hCoV-19_England_LIVE-9996B_2020_EPI_ISL_439778_2020-04-09)
Align target 108 (hCoV-19_England_CAMB-7BE15_2020_EPI_ISL_442132_2020-04-05)
Align target 109 (hCoV-19_JOR_SEARCH-0046-JOR_2020_EPI_ISL_430004)
Align target 110 (hCoV-19_USA_NY-PV09151_2020_EPI_ISL_422519)
Align target 111 (hCoV-19_Australia_VIC285_2020_EPI_ISL_419976)
Align target 112 (hCoV-19_Canada_QC_AY9_2020_EPI_ISL_463957_2020-04-11)
Align target 113 (hCoV-19_England_201161185_2020_EPI_ISL_464818_2020-03-11)
Align target 114 (hCoV-19_USA_LA-EVTL046_2020_EPI_ISL_451207_2020-05-01)
Align target 115 (hCoV-19_Wales_PHWC-342B2_2020_EPI_ISL_446897_2020-04-20)
Align target 116 (hCoV-19_Belgium_NA-0323141_2020_EPI_ISL_420398)
Align target 117 (hCoV-19_Wales_PHWC-2D313_2020_EPI_ISL_445971_2020-04-04)
Align target 118 (hCoV-19_England_20142083804_2020_EPI_ISL_423466)
Align target 119 (hCoV-19_Scotland_CVR507_2020_EPI_ISL_433307_2020-03-24)
Align target 120 (hCoV-19_England_20118087404_2020_EPI_ISL_464945_2020-03-12)
Align target 121 (hCoV-19_Spain_COV001611_2020_EPI_ISL_467134_2020-03-12)
Align target 122 (hCoV-19_Austria_CeMM0259_2020_EPI_ISL_438088_2020-03-23)
Align target 123 (hCoV-19_USA_TX-HMH0212_2020_EPI_ISL_434887_2020-03-24)
Align target 124 (hCoV-19_Scotland_EDB704_2020_EPI_ISL_457015_2020-04-01)
Align target 125 (hCoV-19_Canada_ON-VIDO-01_2020_EPI_ISL_425177)
Align target 126 (hCoV-19_Wales_PHWC-283FA_2020_EPI_ISL_432031_2020-03-27)
Align target 127 (hCoV-19_Netherlands_NA_506_2020_EPI_ISL_460679_2020-04-03)
Align target 128 (hCoV-19_England_201060050_2020_EPI_ISL_464382_2020-03-04)
Align target 129 (hCoV-19_cat_France_53_2020_EPI_ISL_437349_2020-04-17)
Align target 130 (hCoV-19_Scotland_CVR3227_2020_EPI_ISL_449238_2020-04-26)
Align target 131 (hCoV-19_Russia_CRIE145922_2020_EPI_ISL_460604_2020-03-29)
Align target 132 (hCoV-19_Wales_PHWC-323B1_2020_EPI_ISL_446640_2020-04-08)
Align target 133 (hCoV-19_USA_WA-UW-2235_2020_EPI_ISL_426123)
Align target 134 (hCoV-19_Australia_VIC234_2020_EPI_ISL_419929)
Align target 135 (hCoV-19_Belgium_Human_CS-031052_2020_EPI_ISL_418800)
Align target 136 (hCoV-19_Shanghai_IVDC-SH-001_2020_EPI_ISL_408483)
Align target 137 (hCoV-19_Scotland_GCVR-170AA2_2020_EPI_ISL_459714_2020-03-26)
Align target 138 (hCoV-19_USA_WA-UW300_2020_EPI_ISL_418868)
Align target 139 (hCoV-19_Singapore_180_2020_EPI_ISL_462298_2020-03-21)
Align target 140 (hCoV-19_Switzerland_110499_2020_EPI_ISL_451907_2020-04-07)
Align target 141 (hCoV-19_Wales_PHWC-34522_2020_EPI_ISL_446936_2020-04-16)
Align target 142 (hCoV-19_Norway_2381_2020_EPI_ISL_449788_2020-04-11)
Align target 143 (hCoV-19_Canada_BC_7515663_2020_EPI_ISL_418845)
Align target 144 (hCoV-19_Scotland_EDB1609_2020_EPI_ISL_433089_2020-04-14)
Align target 145 (hCoV-19_Spain_COV001922_2020_EPI_ISL_452452_2020-03-07)
Align target 146 (hCoV-19_England_LIVE-9B90F_2020_EPI_ISL_440886_2020-04-18)
Align target 147 (hCoV-19_Australia_VIC641_2020_EPI_ISL_426937)
Align target 148 (hCoV-19_USA_TX-HMH0202_2020_EPI_ISL_434877_2020-03-24)
Align target 149 (hCoV-19_Brazil_CV49_2020_EPI_ISL_429702)
Align target 150 (hCoV-19_Scotland_GCVR-173B8E_2020_EPI_ISL_459104_2020-04-06)
Align target 151 (hCoV-19_Wales_PHWC-28E80_2020_EPI_ISL_445452_2020-04-03)
Align target 152 (hCoV-19_Australia_NSW291_2020_EPI_ISL_451555_2020-04-03)
Align target 153 (hCoV-19_Germany_BAV-MVP0270_2020_EPI_ISL_466912_2020-05-19)
Align target 154 (hCoV-19_USA_NE-875_2020_EPI_ISL_428202)
Align target 155 (hCoV-19_England_CAMB-75983_2020_EPI_ISL_438470_2020-03-31)
Align target 156 (hCoV-19_England_NOTT-10EE07_2020_EPI_ISL_432929_2020-03-29)
Align target 157 (hCoV-19_China_Shaoxing-02_2020_EPI_ISL_463894_2020-01-30)
Align target 158 (hCoV-19_Hungary_SRC-00817_2020_EPI_ISL_435413_2020-03-30)
Align target 159 (hCoV-19_Spain_COV002037_2020_EPI_ISL_452388_2020-03-17)
Align target 160 (hCoV-19_England_BRIS-12A755_2020_EPI_ISL_458431_2020-05-01)
Align target 161 (hCoV-19_USA_WA-S696_2020_EPI_ISL_449866_2020-04-09)
Align target 162 (hCoV-19_Portugal_PT0448_2020_EPI_ISL_454172_2020-03-28)
Align target 163 (hCoV-19_DK_ALAB-SSI-1086_2020_EPI_ISL_437632_2020-04-02)
Align target 164 (hCoV-19_Portugal_PT0531_2020_EPI_ISL_454255_2020-04-07)
Align target 165 (hCoV-19_Netherlands_NA_518_2020_EPI_ISL_460691_2020-03-30)
Align target 166 (hCoV-19_New_Zealand_20VR1890_2020_EPI_ISL_456295_2020-04-01)
Align target 167 (hCoV-19_Iceland_253_2020_EPI_ISL_417581)
Align target 168 (hCoV-19_Canada_BC_26649386_2020_EPI_ISL_463249_2020-03)
Align target 169 (hCoV-19_England_CAMB-79FD8_2020_EPI_ISL_441238_2020-04-02)
Align target 170 (hCoV-19_USA_MN-MDH-97_2020_EPI_ISL_460077_2020-03-16)
Align target 171 (hCoV-19_Australia_SAP034_2020_EPI_ISL_451079_2020-03-19)
Align target 172 (hCoV-19_Australia_VIC1496_2020_EPI_ISL_456460_2020-04-29)
Align target 173 (hCoV-19_England_CAMB-78E90_2020_EPI_ISL_441262_2020-04-02)
Align target 174 (hCoV-19_USA_SEARCH-0063-NBG_2020_EPI_ISL_434520_2020-03-31)
Align target 175 (hCoV-19_USA_NY-NYUMC39_2020_EPI_ISL_419700)
Align target 176 (hCoV-19_Netherlands_Friesland_27_2020_EPI_ISL_460649_2020-04-09)
Align target 177 (hCoV-19_England_NOTT-10EF7D_2020_EPI_ISL_432948_2020-03-30)
Align target 178 (hCoV-19_Wales_PHWC-25FAE_2020_EPI_ISL_422085)
Align target 179 (hCoV-19_England_20119009904_2020_EPI_ISL_465028_2020-03-14)
Align target 180 (hCoV-19_Wales_PHWC-2EA77_2020_EPI_ISL_446106_2020-04-07)
Align target 181 (hCoV-19_South_Africa_KRISP-0091_2020_EPI_ISL_467460_2020-04-05)
Align target 182 (hCoV-19_England_EXET-1358BE_2020_EPI_ISL_457112_2020-04-15)
Align target 183 (hCoV-19_USA_MN29-MDH29_2020_EPI_ISL_417196)
Align target 184 (hCoV-19_USA_WA-S1043_2020_EPI_ISL_463533_2020-05-03)
Align target 185 (hCoV-19_USA_WI-135_2020_EPI_ISL_427442)
Align target 186 (hCoV-19_England_BRIS-125ECE_2020_EPI_ISL_443831_2020-03-30)
Align target 187 (hCoV-19_England_SHEF-C053A_2020_EPI_ISL_420235)
Align target 188 (hCoV-19_Wales_PHWC-2BBD1_2020_EPI_ISL_445819_2020-03-29)
Align target 189 (hCoV-19_England_201080039_2020_EPI_ISL_464438_2020-03-06)
Align target 190 (hCoV-19_Spain_COV001170_2020_EPI_ISL_452569_2020-03-26)
Align target 191 (hCoV-19_Romania_285388_2020_EPI_ISL_455476_2020-05-17)
Align target 192 (hCoV-19_England_BRIS-12325B_2020_EPI_ISL_442758_2020-04-04)
Align target 193 (hCoV-19_Scotland_CVR1613_2020_EPI_ISL_433631_2020-04-05)
Align target 194 (hCoV-19_England_20140039304_2020_EPI_ISL_420755)
Align target 195 (hCoV-19_USA_WA-UW33_2020_EPI_ISL_414620)
Align target 196 (hCoV-19_Netherlands_Gelderland_163_2020_EPI_ISL_460923_2020-05-26)
Align target 197 (hCoV-19_Scotland_CVR1056_2020_EPI_ISL_433502_2020-03-28)
Align target 198 (hCoV-19_Brazil_SP0104_2020_EPI_ISL_417928)
Align target 199 (hCoV-19_Wales_PHWC-31E57_2020_EPI_ISL_446576_2020-04-07)
Align target 200 (hCoV-19_England_BRIS-123B7E_2020_EPI_ISL_442639_2020-04-07)
Align target 201 (hCoV-19_USA_UT-0544_2020_EPI_ISL_435377_2020-04-02)
Align target 202 (hCoV-19_USA_CA-SR0450_2020_EPI_ISL_467974_2020-03-12)
Align target 203 (hCoV-19_USA_NY-NYUMC806_2020_EPI_ISL_456042_2020-03-25)
Align target 204 (hCoV-19_England_BRIS-1256E4_2020_EPI_ISL_443783_2020-03-28)
Align target 205 (hCoV-19_England_CAMB-7DCEC_2020_EPI_ISL_442273_2020-04-07)
Align target 206 (hCoV-19_Iceland_82_2020_EPI_ISL_417867)
Align target 207 (hCoV-19_USA_NY-NYUMC172_2020_EPI_ISL_427469)
Align target 208 (hCoV-19_Wales_PHWC-2D6CF_2020_EPI_ISL_446013_2020-04-04)
Align target 209 (hCoV-19_Scotland_CVR348_2020_EPI_ISL_439058_2020-03-20)
Align target 210 (hCoV-19_USA_CA-SR0353_2020_EPI_ISL_458239_2020-04-08)
Align target 211 (hCoV-19_Australia_NSW315_2020_EPI_ISL_451578_2020-03-27)
Align target 212 (hCoV-19_Scotland_CVR30_2020_EPI_ISL_425759)
Align target 213 (hCoV-19_USA_NY-PV09045_2020_EPI_ISL_422488)
Align target 214 (hCoV-19_England_NOTT-111074_2020_EPI_ISL_453622_2020-05-07)
Align target 215 (hCoV-19_England_20119009104_2020_EPI_ISL_465024_2020-03-12)
Align target 216 (hCoV-19_Scotland_EDB2341_2020_EPI_ISL_439185_2020-04-22)
Align target 217 (hCoV-19_England_CAMB-1AEF15_2020_EPI_ISL_452871_2020-05-07)
Align target 218 (hCoV-19_Scotland_EDB2742_2020_EPI_ISL_456897_2020-03-27)
Align target 219 (hCoV-19_Wales_PHWC-2BCED_2020_EPI_ISL_445834_2020-04-10)
Align target 220 (hCoV-19_England_20109050706_2020_EPI_ISL_417268)
Align target 221 (hCoV-19_Austria_CeMM0183_2020_EPI_ISL_438025_2020-03-10)
Align target 222 (hCoV-19_Indonesia_JKT-EIJK0317_2020_EPI_ISL_435282_2020-03-19)
Align target 223 (hCoV-19_England_BIRM-5FF8D_2020_EPI_ISL_461542_2020)
Align target 224 (hCoV-19_England_BRIS-122BE8_2020_EPI_ISL_440753_2020-04-03)
Align target 225 (hCoV-19_England_SHEF-C4396_2020_EPI_ISL_432787_2020-04-01)
Align target 226 (hCoV-19_Wales_PHWC-27847_2020_EPI_ISL_431993_2020)
Align target 227 (hCoV-19_England_NOTT-111609_2020_EPI_ISL_461899_2020-05-18)
Align target 228 (hCoV-19_England_20168032004_2020_EPI_ISL_466606_2020-04-16)
Align target 229 (hCoV-19_England_BRIS-1225EA_2020_EPI_ISL_440768_2020-04-04)
Align target 230 (hCoV-19_USA_MN-MDH-1054_2020_EPI_ISL_462899_2020-05-14)
Align target 231 (hCoV-19_Wales_PHWC-26A06_2020_EPI_ISL_422308)
Align target 232 (hCoV-19_Fujian_IM3520013T_2020_EPI_ISL_431781_2020-03-19)
hCoV-19_Fujian_IM3520013T_2020_EPI_ISL_431781_2020-03-19: Frameshift error (scores nt: 147352; codon: 63000)
Align target 233 (hCoV-19_Bangladesh_BARJ_CVASU_CTG_506_2020_EPI_ISL_450342_2020-05-08)
Align target 234 (hCoV-19_Scotland_CVR1101_2020_EPI_ISL_433510_2020-03-29)
Align target 235 (hCoV-19_England_20109050506_2020_EPI_ISL_417266)
Align target 236 (hCoV-19_USA_NY-Wadsworth-13468-02_2020_EPI_ISL_426294)
Align target 237 (hCoV-19_England_SHEF-C930A_2020_EPI_ISL_457634_2020-04-24)
Align target 238 (hCoV-19_USA_NY-NYUMC162_2020_EPI_ISL_426617)
Align target 239 (hCoV-19_Bosnia-and-Herzegovina_ChVir7349_2020_EPI_ISL_462456_2020-03-20)
Align target 240 (hCoV-19_USA_NY-NYUMC396_2020_EPI_ISL_430423)
Align target 241 (hCoV-19_Australia_VIC1221_2020_EPI_ISL_430518)
Align target 242 (hCoV-19_Netherlands_NA_44_2020_EPI_ISL_422805)
Align target 243 (hCoV-19_England_NOTT-111830_2020_EPI_ISL_461930_2020-05-22)
Align target 244 (hCoV-19_France_IDF3276_2020_EPI_ISL_421508)
Align target 245 (hCoV-19_England_EXET-136871_2020_EPI_ISL_457238_2020-04-28)
Align target 246 (hCoV-19_Scotland_EDB3518_2020_EPI_ISL_439277_2020-04-13)
Align target 247 (hCoV-19_Sweden_20-50103_2020_EPI_ISL_455854_2020-03-03)
Align target 248 (hCoV-19_Australia_VIC852_2020_EPI_ISL_427112)
Align target 249 (hCoV-19_New_Zealand_20VR1824_2020_EPI_ISL_456269_2020-03-27)
Align target 250 (hCoV-19_England_OXON-AE2B3_2020_EPI_ISL_448679_2020)
Align target 251 (hCoV-19_Iceland_556_2020_EPI_ISL_424576)
Align target 252 (hCoV-19_Wales_PHWC-2A2A0_2020_EPI_ISL_445547_2020-04-06)
Align target 253 (hCoV-19_Northern_Ireland_NIRE-FAE4B_2020_EPI_ISL_448928_2020-03-26)
Align target 254 (hCoV-19_Wales_PHWC-27DEE_2020_EPI_ISL_432135_2020-03-24)
Align target 255 (hCoV-19_USA_WA-S1127_2020_EPI_ISL_463617_2020-05-04)
Align target 256 (hCoV-19_Scotland_EDB4453_2020_EPI_ISL_453129_2020-05-05)
Align target 257 (hCoV-19_Indonesia_EJ-ITD1273NT_2020_EPI_ISL_458081_2020-03-30)
Align target 258 (hCoV-19_Netherlands_NA_249_2020_EPI_ISL_422783)
Align target 259 (hCoV-19_Thailand_Bangkok-CONI-0140_2020_EPI_ISL_455934_2020-03-14)
Align target 260 (hCoV-19_USA_CT-Yale-086_2020_EPI_ISL_428394)
Align target 261 (hCoV-19_USA_MI-MDHHS-SC20043_2020_EPI_ISL_437130_2020-03-19)
Align target 262 (hCoV-19_Scotland_CVR2174_2020_EPI_ISL_448152_2020-04-11)
Align target 263 (hCoV-19_USA_WA-UW243_2020_EPI_ISL_418028)
Align target 264 (hCoV-19_USA_WA-NH5_2020_EPI_ISL_418774)
Align target 265 (hCoV-19_USA_WA-UW70_2020_EPI_ISL_415598)
Align target 266 (hCoV-19_USA_NY-NYUMC252_2020_EPI_ISL_428766)
Align target 267 (hCoV-19_USA_MD-HP00107_2020_EPI_ISL_457765_2020-03-21)
Align target 268 (hCoV-19_USA_WA-UW315_2020_EPI_ISL_418882)
Align target 269 (hCoV-19_USA_MD-HP00017_2020_EPI_ISL_457790_2020-03-20)
Align target 270 (hCoV-19_USA_NY-NYUMC124_2020_EPI_ISL_424931)
Align target 271 (hCoV-19_Scotland_CVR2472_2020_EPI_ISL_453052_2020-04-15)
Align target 272 (hCoV-19_Wales_PHWC-31561_2020_EPI_ISL_446461_2020-04-12)
Align target 273 (hCoV-19_USA_MA-MGH-00704_2020_EPI_ISL_460233_2020-04-06)
Align target 274 (hCoV-19_Brazil_CV17_2020_EPI_ISL_429677)
Align target 275 (hCoV-19_Netherlands_NA_509_2020_EPI_ISL_460682_2020-03-26)
Align target 276 (hCoV-19_Iceland_432_2020_EPI_ISL_424456)
Align target 277 (hCoV-19_Australia_VIC1615_2020_EPI_ISL_456524_2020-05-07)
Align target 278 (hCoV-19_Scotland_EDB5107_2020_EPI_ISL_453187_2020-03-31)
Align target 279 (hCoV-19_Sweden_20-08685_2020_EPI_ISL_429132)
Align target 280 (hCoV-19_England_CAMB-84022_2020_EPI_ISL_438725_2020-04-27)
Align target 281 (hCoV-19_USA_CA7_2020_EPI_ISL_411954)
Align target 282 (hCoV-19_USA_WA-S1156_2020_EPI_ISL_463646_2020-05-04)
Align target 283 (hCoV-19_England_LIVE-9D75E_2020_EPI_ISL_453230_2020-04-11)
Align target 284 (hCoV-19_England_OXON-AD71F_2020_EPI_ISL_448591_2020)
Align target 285 (hCoV-19_Spain_68_19_2020_EPI_ISL_462996_2020-05-30)
Align target 286 (hCoV-19_Australia_QLDID929_2020_EPI_ISL_420878)
Align target 287 (hCoV-19_England_CAMB-1B0684_2020_EPI_ISL_452905_2020-05-08)
Align target 288 (hCoV-19_Scotland_CVR2199_2020_EPI_ISL_448159_2020-04-11)
Align target 289 (hCoV-19_USA_WI-GMF-01993_2020_EPI_ISL_436894_2020-04-28)
Align target 290 (hCoV-19_England_NORT-291873_2020_EPI_ISL_453543_2020-04-23)
Align target 291 (hCoV-19_England_BRIS-1230AC_2020_EPI_ISL_442728_2020-04-05)
Align target 292 (hCoV-19_Netherlands_ZuidHolland_40_2020_EPI_ISL_422912)
Align target 293 (hCoV-19_Sichuan_SC-PHCC2-047_2020_EPI_ISL_451367_2020-02-08)
Align target 294 (hCoV-19_USA_NY-NYUMC389_2020_EPI_ISL_430416)
Align target 295 (hCoV-19_France_Lyon_06042_2020_EPI_ISL_417333)
Align target 296 (hCoV-19_England_201620092_2020_EPI_ISL_466407_2020-04-12)
Align target 297 (hCoV-19_England_CAMB-7AAD6_2020_EPI_ISL_433837_2020-04-07)
Align target 298 (hCoV-19_Spain_Valencia191_2020_EPI_ISL_436286_2020-03-24)
Align target 299 (hCoV-19_Netherlands_NA_483_2020_EPI_ISL_455285_2020-04-01)
Align target 300 (hCoV-19_Spain_COV001944_2020_EPI_ISL_452434_2020-03-12)
Align target 301 (hCoV-19_USA_LA-097_2020_EPI_ISL_426628)
Align target 302 (hCoV-19_Scotland_CVR660_2020_EPI_ISL_439095_2020-03-26)
Align target 303 (hCoV-19_Australia_VIC1459_2020_EPI_ISL_456448_2020-04-21)
Align target 304 (hCoV-19_England_200690306_2020_EPI_ISL_414043)
Align target 305 (hCoV-19_Portugal_PT0601_2020_EPI_ISL_454324_2020-04-06)
Align target 306 (hCoV-19_Poland_PL_P29_2020_EPI_ISL_455442_2020-03-18)
Align target 307 (hCoV-19_Belgium_ULG-10082_2020_EPI_ISL_424649)
Align target 308 (hCoV-19_USA_NY-PV09322_2020_EPI_ISL_450011_2020-03-18)
Align target 309 (hCoV-19_England_SHEF-C196A_2020_EPI_ISL_441914_2020-03-31)
Align target 310 (hCoV-19_USA_NY-PV09358_2020_EPI_ISL_450046_2020-03-16)
Align target 311 (hCoV-19_England_20140007602_2020_EPI_ISL_423383)
Align target 312 (hCoV-19_Scotland_CVR1678_2020_EPI_ISL_433652_2020-04-05)
Align target 313 (hCoV-19_Ireland_Cork2_2020_EPI_ISL_417432)
Align target 314 (hCoV-19_USA_NY-NYUMC12_2020_EPI_ISL_418197)
Align target 315 (hCoV-19_Singapore_229_2020_EPI_ISL_462347_2020-04-14)
Align target 316 (hCoV-19_Wales_PHWC-2E989_2020_EPI_ISL_446093_2020-04-07)
Align target 317 (hCoV-19_Scotland_EDB4732_2020_EPI_ISL_453139_2020-04-27)
Align target 318 (hCoV-19_USA_WA-S576_2020_EPI_ISL_434336_2020-03-29)
Align target 319 (hCoV-19_Scotland_EDB002_2020_EPI_ISL_425819)
Align target 320 (hCoV-19_France_10053BP_2020_EPI_ISL_447728_2020-03)
Align target 321 (hCoV-19_Australia_VIC1591_2020_EPI_ISL_456511_2020-05-11)
Align target 322 (hCoV-19_USA_WA-S591_2020_EPI_ISL_438144_2020-04-04)
Align target 323 (hCoV-19_England_201160760_2020_EPI_ISL_464804_2020-03-10)
Align target 324 (hCoV-19_England_CAMB-7A46F_2020_EPI_ISL_440593_2020-04-02)
Align target 325 (hCoV-19_England_20132002604_2020_EPI_ISL_423710)
Align target 326 (hCoV-19_USA_WA-UW-2203_2020_EPI_ISL_426111)
Align target 327 (hCoV-19_USA_NY-PV09154_2020_EPI_ISL_422522)
Align target 328 (hCoV-19_Netherlands_ZuidHolland_171_2020_EPI_ISL_461343_2020-04-29)
Align target 329 (hCoV-19_USA_NY-PV09044_2020_EPI_ISL_421607)
Align target 330 (hCoV-19_Australia_VIC252_2020_EPI_ISL_419947)
Align target 331 (hCoV-19_Australia_VIC1105_2020_EPI_ISL_430586)
Align target 332 (hCoV-19_Australia_SAP240_2020_EPI_ISL_467997_2020-03-30)
Align target 333 (hCoV-19_England_201620535_2020_EPI_ISL_466425_2020-03-26)
Align target 334 (hCoV-19_India_NCDC-02250_2020_EPI_ISL_435074_2020-03-28)
Align target 335 (hCoV-19_England_201620590_2020_EPI_ISL_466426_2020-04-14)
Align target 336 (hCoV-19_USA_VA-DCLS-0172_2020_EPI_ISL_437388_2020-04-13)
Align target 337 (hCoV-19_England_OXON-AD81C_2020_EPI_ISL_448597_2020)
Align target 338 (hCoV-19_Scotland_CVR3016_2020_EPI_ISL_461624_2020-04-23)
Align target 339 (hCoV-19_England_EXET-1353CC_2020_EPI_ISL_457053_2020-04-15)
Align target 340 (hCoV-19_Sweden_20-50170_2020_EPI_ISL_429145)
Align target 341 (hCoV-19_Wales_PHWC-287EF_2020_EPI_ISL_431940_2020-04-01)
Align target 342 (hCoV-19_USA_NY-NYUMC441_2020_EPI_ISL_435508_2020-04-15)
Align target 343 (hCoV-19_Germany_BAV-MVP0098_2020_EPI_ISL_452104_2020-04-04)
Align target 344 (hCoV-19_Beijing_DT-BJ04_2020_EPI_ISL_452364_2020-02-05)
Align target 345 (hCoV-19_Kazakhstan_26545_2020_EPI_ISL_454591_2020-04-26)
Align target 346 (hCoV-19_Scotland_CVR15_2020_EPI_ISL_425692)
Align target 347 (hCoV-19_England_20144036904_2020_EPI_ISL_423537)
Align target 348 (hCoV-19_Australia_VIC254_2020_EPI_ISL_419949)
Align target 349 (hCoV-19_Belgium_DCB-0324163_2020_EPI_ISL_420420)
Align target 350 (hCoV-19_Australia_VIC1712_2020_EPI_ISL_456617_2020-05-19)
Align target 351 (hCoV-19_USA_UT-01436_2020_EPI_ISL_436916_2020-04-10)
Align target 352 (hCoV-19_Scotland_CVR169_2020_EPI_ISL_425708)
Align target 353 (hCoV-19_England_CAMB-7393A_2020_EPI_ISL_425256)
Align target 354 (hCoV-19_Wales_PHWC-267C3_2020_EPI_ISL_422230)
Align target 355 (hCoV-19_Uruguay_UY-NYUMC860_2020_EPI_ISL_457956_2020-03-25)
Align target 356 (hCoV-19_USA_CT-UW-4346_2020_EPI_ISL_426053)
Align target 357 (hCoV-19_England_201380175_2020_EPI_ISL_465831_2020-03-26)
Align target 358 (hCoV-19_Belgium_ULG-3843_2020_EPI_ISL_417012)
Align target 359 (hCoV-19_England_BRIS-123859_2020_EPI_ISL_459727_2020-04-07)
Align target 360 (hCoV-19_Australia_NSW210_2020_EPI_ISL_427766)
Align target 361 (hCoV-19_Wales_PHWC-27698_2020_EPI_ISL_432206_2020-03-31)
Align target 362 (hCoV-19_Wales_PHWC-28600_2020_EPI_ISL_432425_2020-04-01)
Align target 363 (hCoV-19_Scotland_EDB2066_2020_EPI_ISL_433173_2020-04-18)
Align target 364 (hCoV-19_USA_NY-NYUMC406_2020_EPI_ISL_430433)
Align target 365 (hCoV-19_Greece_236_31815_2020_EPI_ISL_437895_2020-03-07)
Align target 366 (hCoV-19_Israel_701002334_2020_EPI_ISL_447306_2020-03-22)
Align target 367 (hCoV-19_USA_LA-EVTL074_2020_EPI_ISL_451235_2020-05-04)
Align target 368 (hCoV-19_USA_NE_6605_2020_EPI_ISL_424874)
Align target 369 (hCoV-19_USA_NY-WCMP12E01P_2020_EPI_ISL_427606)
Align target 370 (hCoV-19_USA_MI-MDHHS-SC20324_2020_EPI_ISL_450603_2020-03-14)
Align target 371 (hCoV-19_Luxembourg_LNS9865959_2020_EPI_ISL_445056_2020-04-22)
Align target 372 (hCoV-19_England_NORW-E9067_2020_EPI_ISL_453579_2020-04-25)
Align target 373 (hCoV-19_Wales_PHWC-28E44_2020_EPI_ISL_445448_2020-04-02)
Align target 374 (hCoV-19_Australia_VIC63_2020_EPI_ISL_419775)
Align target 375 (hCoV-19_England_LIVE-9EE58_2020_EPI_ISL_453402_2020-04-10)
Align target 376 (hCoV-19_Scotland_EDB2554_2020_EPI_ISL_439228_2020-04-23)
Align target 377 (hCoV-19_England_LIVE-9AC8F_2020_EPI_ISL_449391_2020-03-30)
Align target 378 (hCoV-19_England_SHEF-D2070_2020_EPI_ISL_442503_2020-04-12)
Align target 379 (hCoV-19_India_NCDC-4879_2020_EPI_ISL_436463_2020-04-16)
Align target 380 (hCoV-19_Netherlands_NA_102_2020_EPI_ISL_422651)
Align target 381 (hCoV-19_England_CAMB-7768A_2020_EPI_ISL_439443_2020-04-01)
Align target 382 (hCoV-19_Iceland_406_2020_EPI_ISL_424430)
Align target 383 (hCoV-19_USA_WI-115_2020_EPI_ISL_425172)
Align target 384 (hCoV-19_Iceland_68_2020_EPI_ISL_417858)
Align target 385 (hCoV-19_Spain_Valencia83_2020_EPI_ISL_425207)
Align target 386 (hCoV-19_Northern_Ireland_NIRE-FB4B1_2020_EPI_ISL_441431_2020-03-17)
Align target 387 (hCoV-19_Canada_BC_6004567_2020_EPI_ISL_418836)
Align target 388 (hCoV-19_Chile_Santiago_28_2020_EPI_ISL_445307_2020-03-16)
Align target 389 (hCoV-19_Scotland_CVR1499_2020_EPI_ISL_438829_2020-04-03)
Align target 390 (hCoV-19_USA_NY-NYUMC578_2020_EPI_ISL_444695_2020-03-30)
Align target 391 (hCoV-19_England_NOTT-10E511_2020_EPI_ISL_425558)
Align target 392 (hCoV-19_India_CCMB_L1021_2020_EPI_ISL_458046_2020-05-11)
Align target 393 (hCoV-19_South_Africa_KRISP-010_2020_EPI_ISL_436685_2020-04-01)
Align target 394 (hCoV-19_Wales_PHWC-3108E_2020_EPI_ISL_446399_2020-04-10)
Align target 395 (hCoV-19_Netherlands_NA_543_2020_EPI_ISL_460716_2020-03-19)
Align target 396 (hCoV-19_England_CAMB-764FA_2020_EPI_ISL_438453_2020-03-29)
Align target 397 (hCoV-19_England_CAMB-7F057_2020_EPI_ISL_442978_2020-04-07)
Align target 398 (hCoV-19_Brazil_RJ-352_2020_EPI_ISL_427299)
Align target 399 (hCoV-19_USA_NY-NYUMC708_2020_EPI_ISL_451423_2020-03-26)
Align target 400 (hCoV-19_USA_WA-S310_2020_EPI_ISL_434070_2020-04-01)
Align target 401 (hCoV-19_England_OXON-AE990_2020_EPI_ISL_448740_2020)
Align target 402 (hCoV-19_Sweden_20-50092_2020_EPI_ISL_455849_2020-03-04)
Align target 403 (hCoV-19_Australia_SAP112_2020_EPI_ISL_468016_2020-03-16)
Align target 404 (hCoV-19_USA_WI-53_2020_EPI_ISL_421311)
Align target 405 (hCoV-19_England_20166069404_2020_EPI_ISL_466575_2020-04-16)
Align target 406 (hCoV-19_India_NCDC-02311_2020_EPI_ISL_435078_2020-03-29)
Align target 407 (hCoV-19_Luxembourg_LNS2128808_2020_EPI_ISL_417530)
Align target 408 (hCoV-19_Canada_ON_PHL0654_2020_EPI_ISL_418370)
Align target 409 (hCoV-19_Spain_Valencia298_2020_EPI_ISL_436393_2020-03-17)
Align target 410 (hCoV-19_Iceland_566_2020_EPI_ISL_424586)
Align target 411 (hCoV-19_Iceland_387_2020_EPI_ISL_424411)
Align target 412 (hCoV-19_England_20128012404_2020_EPI_ISL_423934)
Align target 413 (hCoV-19_India_CCMB_NIV1_2020_EPI_ISL_450321_2020-04-04)
Align target 414 (hCoV-19_England_20109016504_2020_EPI_ISL_464544_2020-03-06)
Align target 415 (hCoV-19_Australia_VIC534_2020_EPI_ISL_426800)
Align target 416 (hCoV-19_USA_WA-S610_2020_EPI_ISL_438163_2020-04-23)
Align target 417 (hCoV-19_Portugal_PT0485_2020_EPI_ISL_454209_2020-03-30)
Align target 418 (hCoV-19_England_CAMB-8277A_2020_EPI_ISL_443637_2020-04-13)
Align target 419 (hCoV-19_Luxembourg_LNS1909273_2020_EPI_ISL_419574)
Align target 420 (hCoV-19_Northern_Ireland_NIRE-101EF5_2020_EPI_ISL_441355_2020-03-23)
Align target 421 (hCoV-19_India_S34_2020_EPI_ISL_455663_2020-05-02)
Align target 422 (hCoV-19_USA_MI-MDHHS-SC20415_2020_EPI_ISL_452289_2020-03-16)
Align target 423 (hCoV-19_Scotland_CVR112_2020_EPI_ISL_425657)
Align target 424 (hCoV-19_USA_TX-HMH0417_2020_EPI_ISL_435001_2020-04-01)
Align target 425 (hCoV-19_Belgium_MC-030689_2020_EPI_ISL_420345)
Align target 426 (hCoV-19_USA_WA-UW-2230_2020_EPI_ISL_426120)
Align target 427 (hCoV-19_USA_MN-MDH-1030_2020_EPI_ISL_462875_2020-05-07)
Align target 428 (hCoV-19_USA_WA-UW-3935_2020_EPI_ISL_427212)
Align target 429 (hCoV-19_England_CAMB-7491B_2020_EPI_ISL_425338)
Align target 430 (hCoV-19_England_LOND-D37F2_2020_EPI_ISL_440990_2020-03-31)
Align target 431 (hCoV-19_Spain_COV001385_2020_EPI_ISL_452516_2020-03-15)
Align target 432 (hCoV-19_EPI_ISL_450747_2020-02)
Align target 433 (hCoV-19_Scotland_CVR3251_2020_EPI_ISL_449258_2020-04-28)
Align target 434 (hCoV-19_USA_WA-S924_2020_EPI_ISL_463414_2020-04-26)
Align target 435 (hCoV-19_USA_MD-HP00045_2020_EPI_ISL_457791_2020-03-17)
Align target 436 (hCoV-19_Wales_PHWC-26D94_2020_EPI_ISL_422160)
Align target 437 (hCoV-19_India_GBRC62_2020_EPI_ISL_447037_2020-05-03)
Align target 438 (hCoV-19_Scotland_EDB1583_2020_EPI_ISL_433088_2020-04-13)
Align target 439 (hCoV-19_Wales_PHWC-27F7F_2020_EPI_ISL_432377_2020-03-24)
Align target 440 (hCoV-19_England_CAMB-7C38E_2020_EPI_ISL_434034_2020-04-14)
Align target 441 (hCoV-19_USA_SEARCH-0070-NBG_2020_EPI_ISL_434526_2020-03-26)
Align target 442 (hCoV-19_Scotland_EDB4838_2020_EPI_ISL_453163_2020-04-02)
Align target 443 (hCoV-19_USA_VA-DCLS-0400_2020_EPI_ISL_467795_2020-04-21)
Align target 444 (hCoV-19_Netherlands_NA_4_2020_EPI_ISL_415493)
Align target 445 (hCoV-19_Spain_LaRioja201334_2020_EPI_ISL_455337_2020-03-01)
Align target 446 (hCoV-19_Portugal_PT0484_2020_EPI_ISL_454208_2020-03-31)
Align target 447 (hCoV-19_England_CAMB-1B1A5A_2020_EPI_ISL_452997_2020-05-14)
Align target 448 (hCoV-19_Australia_NSW19_2020_EPI_ISL_417385)
Align target 449 (hCoV-19_Netherlands_ZuidHolland_18_2020_EPI_ISL_414560)
Align target 450 (hCoV-19_England_CAMB-73AEC_2020_EPI_ISL_425278)
Align target 451 (hCoV-19_England_CAMB-729FF_2020_EPI_ISL_439558_2020-03-22)
Align target 452 (hCoV-19_Denmark_ALAB-HH-221_2020_EPI_ISL_452072_2020-04-28)
Align target 453 (hCoV-19_England_20106004902_2020_EPI_ISL_417241)
Align target 454 (hCoV-19_England_CAMB-83014_2020_EPI_ISL_443612_2020-04-14)
Align target 455 (hCoV-19_Scotland_CVR3019_2020_EPI_ISL_439009_2020-04-24)
Align target 456 (hCoV-19_Scotland_CVR216_2020_EPI_ISL_425744)
Align target 457 (hCoV-19_USA_CT-UW-6587_2020_EPI_ISL_461412_2020-04-03)
Align target 458 (hCoV-19_England_CAMB-1AE2FE_2020_EPI_ISL_459480_2020-04-26)
Align target 459 (hCoV-19_Colombia_GVI-93476_2020_EPI_ISL_447782_2020-04-02)
Align target 460 (hCoV-19_England_201161203_2020_EPI_ISL_464821_2020-03-11)
Align target 461 (hCoV-19_Brazil_RJ-1595_2020_EPI_ISL_467346_2020-04-02)
Align target 462 (hCoV-19_Portugal_PT0479_2020_EPI_ISL_454203_2020-03-25)
Align target 463 (hCoV-19_Belgium_20A49_2020_EPI_ISL_452151_2020-04-14)
Align target 464 (hCoV-19_England_BRIS-1298AE_2020_EPI_ISL_458426_2020-03-31)
Align target 465 (hCoV-19_England_20140001704_2020_EPI_ISL_423370)
Align target 466 (hCoV-19_Belgium_Rega-0329232_2020_EPI_ISL_458202_2020-03-29)
Align target 467 (hCoV-19_England_20148007004_2020_EPI_ISL_422007)
Align target 468 (hCoV-19_Iceland_416_2020_EPI_ISL_424440)
Align target 469 (hCoV-19_Sweden_20-08103_2020_EPI_ISL_454474_2020-03-07)
Align target 470 (hCoV-19_Oman_RESP-20-3080_2020_EPI_ISL_457979_2020-03-18)
Align target 471 (hCoV-19_Netherlands_ZuidHolland_184_2020_EPI_ISL_461356_2020-04-25)
Align target 472 (hCoV-19_England_NOTT-10E05C_2020_EPI_ISL_425488)
Align target 473 (hCoV-19_England_20168032404_2020_EPI_ISL_466608_2020-04-16)
Align target 474 (hCoV-19_England_CAMB-76287_2020_EPI_ISL_438343_2020-03-27)
Align target 475 (hCoV-19_USA_MI-MDHHS-SC20533_2020_EPI_ISL_460581_2020-05-14)
Align target 476 (hCoV-19_USA_WA-S784_2020_EPI_ISL_449954_2020-04-14)
Align target 477 (hCoV-19_France_10051SM_2020_EPI_ISL_447678_2020-03)
Align target 478 (hCoV-19_England_20134003204_2020_EPI_ISL_423057)
Align target 479 (hCoV-19_Wuhan-Hu-1_2019_EPI_ISL_402125)
Align target 480 (hCoV-19_India_NCDC-2525_2020_EPI_ISL_436421_2020-03-31)
Align target 481 (hCoV-19_USA_IL-UW-355_2020_EPI_ISL_450709_2020-04-17)
Align target 482 (hCoV-19_England_CAMB-7D00E_2020_EPI_ISL_442183_2020-04-06)
Align target 483 (hCoV-19_Belgium_ITM_C193_2020_EPI_ISL_450731_2020-03-31)
Align target 484 (hCoV-19_Wales_PHWC-2D44D_2020_EPI_ISL_445986_2020-04-04)
Align target 485 (hCoV-19_Portugal_PT0557_2020_EPI_ISL_454280_2020-04-20)
Align target 486 (hCoV-19_Canada_BC_02887476_2020_EPI_ISL_466732_2020-04)
Align target 487 (hCoV-19_Luxembourg_LNS8746229_2020_EPI_ISL_421739)
Align target 488 (hCoV-19_USA_WA-S1119_2020_EPI_ISL_463609_2020-05-04)
Align target 489 (hCoV-19_England_SHEF-C1C25_2020_EPI_ISL_457588_2020-05-02)
Align target 490 (hCoV-19_England_201390302_2020_EPI_ISL_465843_2020-03-26)
Align target 491 (hCoV-19_Spain_Valencia561_2020_EPI_ISL_447496_2020-03-27)
Align target 492 (hCoV-19_Australia_VIC541_2020_EPI_ISL_426806)
Align target 493 (hCoV-19_England_NORW-E98AB_2020_EPI_ISL_461835_2020-04-29)
Align target 494 (hCoV-19_USA_MI-MDHHS-SC20244_2020_EPI_ISL_447214_2020-03-18)
Align target 495 (hCoV-19_England_20139046804_2020_EPI_ISL_420691)
Align target 496 (hCoV-19_Netherlands_NA_534_2020_EPI_ISL_460707_2020)
Align target 497 (hCoV-19_USA_CA-CZB-1128_2020_EPI_ISL_445176_2020-04-05)
Align target 498 (hCoV-19_USA_VA-DCLS-0069_2020_EPI_ISL_429969)
Align target 499 (hCoV-19_USA_WA-S537_2020_EPI_ISL_434297_2020-03-23)
Align target 500 (hCoV-19_India_GBRC116_2020_EPI_ISL_451161_2020-05-03)
Align target 501 (hCoV-19_Netherlands_Limburg_24_2020_EPI_ISL_461012_2020-04-25)
Align target 502 (hCoV-19_USA_UT-00303_2020_EPI_ISL_420815)
Align target 503 (hCoV-19_Pakistan_NIH-45090_2020_EPI_ISL_468161_2020-06-02)
Align target 504 (hCoV-19_England_LIVE-9BCE8_2020_EPI_ISL_440909_2020-04-20)
Align target 505 (hCoV-19_Australia_VIC99_2020_EPI_ISL_419811)
Align target 506 (hCoV-19_Wales_PHWC-25937_2020_EPI_ISL_422252)
Align target 507 (hCoV-19_Scotland_CVR2986_2020_EPI_ISL_449179_2020-04-23)
Align target 508 (hCoV-19_England_201400100_2020_EPI_ISL_465880_2020-03-30)
Align target 509 (hCoV-19_England_20102000402_2020_EPI_ISL_464260_2020-03-01)
Align target 510 (hCoV-19_Scotland_GCVR-170899_2020_EPI_ISL_459713_2020-03-25)
Align target 511 (hCoV-19_England_CAMB-810E9_2020_EPI_ISL_438567_2020-04-19)
Align target 512 (hCoV-19_Scotland_CVR1503_2020_EPI_ISL_453008_2020-04-03)
Align target 513 (hCoV-19_Switzerland_TI9486_2020_EPI_ISL_413996)
Align target 514 (hCoV-19_Netherlands_Utrecht_12_2020_EPI_ISL_414462)
Align target 515 (hCoV-19_Poland_PL_P40_2020_EPI_ISL_455453_2020-03-05)
Align target 516 (hCoV-19_Spain_COV001465_2020_EPI_ISL_467127_2020-03-17)
Align target 517 (hCoV-19_Scotland_EDB4738_2020_EPI_ISL_453141_2020-05-10)
Align target 518 (hCoV-19_England_SHEF-C088C_2020_EPI_ISL_420174)
Align target 519 (hCoV-19_England_20126104604_2020_EPI_ISL_423916)
Align target 520 (hCoV-19_Australia_NSW176_2020_EPI_ISL_427734)
Align target 521 (hCoV-19_England_LIVE-9ECC7_2020_EPI_ISL_453386_2020-04-04)
Align target 522 (hCoV-19_England_CAMB-71F67_2020_EPI_ISL_439936_2020-03-28)
Align target 523 (hCoV-19_England_NORW-EA497_2020_EPI_ISL_457348_2020-05-14)
Align target 524 (hCoV-19_Wales_PHWC-253B1_2020_EPI_ISL_420978)
Align target 525 (hCoV-19_USA_CA2_2020_EPI_ISL_406036)
Align target 526 (hCoV-19_USA_NY-NYUMC443_2020_EPI_ISL_435510_2020-04-14)
Align target 527 (hCoV-19_USA_WA-UW-4769_2020_EPI_ISL_429624)
Align target 528 (hCoV-19_England_201360001_2020_EPI_ISL_423194)
Align target 529 (hCoV-19_Netherlands_Gelderland_73_2020_EPI_ISL_460972_2020-05-18)
Align target 530 (hCoV-19_Taiwan_TSGH-14_2020_EPI_ISL_428231)
Align target 531 (hCoV-19_England_CAMB-74D1F_2020_EPI_ISL_425368)
Align target 532 (hCoV-19_England_NOTT-10F46E_2020_EPI_ISL_433007_2020-04-02)
Align target 533 (hCoV-19_Wales_PHWC-27601_2020_EPI_ISL_432049_2020-04-01)
Align target 534 (hCoV-19_Spain_Tavernes_de_la_Valldigna642_2020_EPI_ISL_455734_2020-03-31)
Align target 535 (hCoV-19_Spain_COV001535_2020_EPI_ISL_467144_2020-03-16)
Align target 536 (hCoV-19_England_LIVE-993F4_2020_EPI_ISL_439719_2020-04-08)
Align target 537 (hCoV-19_USA_TX-HMH0391_2020_EPI_ISL_434978_2020-03-27)
Align target 538 (hCoV-19_USA_CA-SCCPHD-UC174_2020_EPI_ISL_435653_2020-03-13)
Align target 539 (hCoV-19_England_CAMB-76E47_2020_EPI_ISL_439415_2020-03-31)
Align target 540 (hCoV-19_England_20129062604_2020_EPI_ISL_424059)
Align target 541 (hCoV-19_USA_WA-S1102_2020_EPI_ISL_463592_2020-05-04)
Align target 542 (hCoV-19_England_20110000106_2020_EPI_ISL_417300)
Align target 543 (hCoV-19_England_NOTT-10FA8A_2020_EPI_ISL_432680_2020-04-06)
Align target 544 (hCoV-19_Israel_2089839_2020_EPI_ISL_447363_2020-04-01)
Align target 545 (hCoV-19_USA_NE-10971_2020_EPI_ISL_466659_2020-05-04)
Align target 546 (hCoV-19_Chile_Temuco_14_2020_EPI_ISL_445348_2020-03-25)
Align target 547 (hCoV-19_England_BRIS-12324C_2020_EPI_ISL_442632_2020-04-03)
Align target 548 (hCoV-19_Sichuan_SC-PHCC2-046_2020_EPI_ISL_451366_2020-01-29)
Align target 549 (hCoV-19_England_LIVE-9E605_2020_EPI_ISL_453316_2020-04-10)
Align target 550 (hCoV-19_England_20129096504_2020_EPI_ISL_424081)
Align target 551 (hCoV-19_Netherlands_NA_449_2020_EPI_ISL_455251_2020-04-03)
Align target 552 (hCoV-19_England_20132052902_2020_EPI_ISL_420503)
Align target 553 (hCoV-19_England_CAMB-76C01_2020_EPI_ISL_438486_2020-03-29)
Align target 554 (hCoV-19_USA_LA-EVTL051_2020_EPI_ISL_451212_2020-04-23)
Align target 555 (hCoV-19_Australia_SAP216_2020_EPI_ISL_468000_2020-03-15)
Align target 556 (hCoV-19_England_CAMB-1B335D_2020_EPI_ISL_461556_2020-05-25)
Align target 557 (hCoV-19_England_SHEF-D1ACE_2020_EPI_ISL_432638_2020-03-30)
Align target 558 (hCoV-19_Australia_VIC964_2020_EPI_ISL_430655)
Align target 559 (hCoV-19_Netherlands_NoordHolland_20_2020_EPI_ISL_461210_2020-04-24)
Align target 560 (hCoV-19_USA_MA-MGH-00453_2020_EPI_ISL_460284_2020-04-04)
Align target 561 (hCoV-19_USA_MA-MGH-00676_2020_EPI_ISL_460388_2020-03-21)
Align target 562 (hCoV-19_USA_CA-SCCPHD-UC121_2020_EPI_ISL_435600_2020-03-05)
Align target 563 (hCoV-19_England_CAMB-7DBD0_2020_EPI_ISL_441673_2020-04-06)
Align target 564 (hCoV-19_England_NORW-E8095_2020_EPI_ISL_449102_2020-04-08)
Align target 565 (hCoV-19_England_CAMB-84AE8_2020_EPI_ISL_440501_2020-03-12)
Align target 566 (hCoV-19_England_LIVE-9C9E0_2020_EPI_ISL_440929_2020-04-24)
Align target 567 (hCoV-19_Germany_BAV-MVP0086_2020_EPI_ISL_437280_2020-04-01)
Align target 568 (hCoV-19_Iceland_558_2020_EPI_ISL_424578)
Align target 569 (hCoV-19_Wales_PHWC-2B98C_2020_EPI_ISL_445787_2020-03-28)
Align target 570 (hCoV-19_England_OXON-AEF07_2020_EPI_ISL_448795_2020-04-08)
Align target 571 (hCoV-19_Netherlands_NA_671_2020_EPI_ISL_461106_2020-03-09)
Align target 572 (hCoV-19_England_CAMB-74F73_2020_EPI_ISL_440413_2020-03-13)
Align target 573 (hCoV-19_Wales_PHWC-2AF03_2020_EPI_ISL_432216_2020-04-06)
Align target 574 (hCoV-19_DK_ALAB-SSI-244_2020_EPI_ISL_437659_2020-03-10)
Align target 575 (hCoV-19_Scotland_CVR3118_2020_EPI_ISL_461690_2020-04-25)
Align target 576 (hCoV-19_Brunei_4_2020_EPI_ISL_435676_2020-03-21)
Align target 577 (hCoV-19_Denmark_ALAB-HH63_2020_EPI_ISL_429309)
Align target 578 (hCoV-19_Scotland_CVR1329_2020_EPI_ISL_433542_2020-03-31)
Align target 579 (hCoV-19_Iceland_427_2020_EPI_ISL_424451)
Align target 580 (hCoV-19_England_SHEF-D0F57_2020_EPI_ISL_457679_2020-04-16)
Align target 581 (hCoV-19_England_CAMB-1AEB8A_2020_EPI_ISL_448054_2020-05-02)
Align target 582 (hCoV-19_Australia_NSW558_2020_EPI_ISL_455097_2020-04-17)
Align target 583 (hCoV-19_Netherlands_ZuidHolland_106_2020_EPI_ISL_455295_2020-04-04)
Align target 584 (hCoV-19_England_NOTT-10E6C3_2020_EPI_ISL_425581)
Align target 585 (hCoV-19_USA_WA-S1107_2020_EPI_ISL_463597_2020-05-04)
Align target 586 (hCoV-19_England_201141521_2020_EPI_ISL_464759_2020-03-10)
Align target 587 (hCoV-19_Portugal_PT0192_2020_EPI_ISL_453908_2020-03-29)
Align target 588 (hCoV-19_Netherlands_NA_113_2020_EPI_ISL_422661)
Align target 589 (hCoV-19_Sweden_20-50088_2020_EPI_ISL_454871_2020-03-04)
Align target 590 (hCoV-19_Thailand_NIH-162_2020_EPI_ISL_434694_2020-01-22)
Align target 591 (hCoV-19_England_CAMB-78D1B_2020_EPI_ISL_441827_2020-04-02)
Align target 592 (hCoV-19_England_NOTT-10E784_2020_EPI_ISL_425591)
Align target 593 (hCoV-19_USA_MA-MGH-00694_2020_EPI_ISL_460403_2020-04-06)
Align target 594 (hCoV-19_USA_NY-NYUMC527_2020_EPI_ISL_444644_2020-03-29)
Align target 595 (hCoV-19_Canada_Qc-L00241112_2020_EPI_ISL_465697_2020-03-26)
Align target 596 (hCoV-19_USA_UT-01683_2020_EPI_ISL_454709_2020-04-13)
Align target 597 (hCoV-19_USA_OR-OHSU05-CV5_2020_EPI_ISL_437529_2020-04-09)
Align target 598 (hCoV-19_England_20140050604_2020_EPI_ISL_420764)
Align target 599 (hCoV-19_Netherlands_NoordBrabant_10003_2020_EPI_ISL_454752_2020-02-28)
Align target 600 (hCoV-19_USA_WA-UW-6478_2020_EPI_ISL_437839_2020-04-05)
Align target 601 (hCoV-19_Wales_PHWC-31A26_2020_EPI_ISL_446518_2020-04-10)
Align target 602 (hCoV-19_Netherlands_NoordHolland_31_2020_EPI_ISL_422894)
Align target 603 (hCoV-19_USA_VA-DCLS-0335_2020_EPI_ISL_467937_2020-05-06)
Align target 604 (hCoV-19_England_EXET-135C2B_2020_EPI_ISL_457148_2020)
Align target 605 (hCoV-19_Wales_PHWC-25603_2020_EPI_ISL_432141_2020-03-24)
Align target 606 (hCoV-19_England_CAMB-7EF6A_2020_EPI_ISL_442992_2020-04-07)
Align target 607 (hCoV-19_Scotland_GCVR-16FFD4_2020_EPI_ISL_459547_2020-03-23)
Align target 608 (hCoV-19_USA_OH_0019_2020_EPI_ISL_426430)
Align target 609 (hCoV-19_Switzerland_100006_2020_EPI_ISL_466931_2020-03-06)
Align target 610 (hCoV-19_England_20144076304_2020_EPI_ISL_421964)
Align target 611 (hCoV-19_England_LIVE-9A690_2020_EPI_ISL_449360_2020-03-29)
Align target 612 (hCoV-19_England_SHEF-CBB1F_2020_EPI_ISL_442396_2020-04-09)
Align target 613 (hCoV-19_Luxembourg_LNS3588186_2020_EPI_ISL_419583)
Align target 614 (hCoV-19_USA_WA-S238_2020_EPI_ISL_430276)
Align target 615 (hCoV-19_Spain_Valencia124_2020_EPI_ISL_436219_2020-03-14)
Align target 616 (hCoV-19_England_NORT-28997B_2020_EPI_ISL_458610_2020-04-02)
Align target 617 (hCoV-19_England_CAMB-82288_2020_EPI_ISL_443640_2020-04-13)
Align target 618 (hCoV-19_Israel_990059231_2020_EPI_ISL_447275_2020-03-25)
Align target 619 (hCoV-19_Spain_COV001211_2020_EPI_ISL_452560_2020-03-24)
Align target 620 (hCoV-19_England_20172040004_2020_EPI_ISL_465340_2020-04-20)
Align target 621 (hCoV-19_Netherlands_Limburg_63_2020_EPI_ISL_461049_2020-04-19)
Align target 622 (hCoV-19_Australia_VIC621_2020_EPI_ISL_426925)
Align target 623 (hCoV-19_England_20110023706_2020_EPI_ISL_417307)
Align target 624 (hCoV-19_USA_UT-00513_2020_EPI_ISL_430059)
Align target 625 (hCoV-19_Portugal_PT0336_2020_EPI_ISL_454052_2020-03-18)
Align target 626 (hCoV-19_USA_MI-MDHHS-SC20245_2020_EPI_ISL_447215_2020-03-19)
Align target 627 (hCoV-19_Scotland_EDB1168_2020_EPI_ISL_433418_2020-04-08)
Align target 628 (hCoV-19_England_LOND-D4D2C_2020_EPI_ISL_444183_2020-04-14)
Align target 629 (hCoV-19_England_LIVE-9EADC_2020_EPI_ISL_453364_2020-04-05)
Align target 630 (hCoV-19_England_SHEF-CFE12_2020_EPI_ISL_457669_2020-05-02)
Align target 631 (hCoV-19_Australia_VIC663_2020_EPI_ISL_426959)
Align target 632 (hCoV-19_Denmark_ALAB-SSI-766_2020_EPI_ISL_452102_2020-03-19)
Align target 633 (hCoV-19_Singapore_204_2020_EPI_ISL_462322_2020-04-27)
Align target 634 (hCoV-19_England_SHEF-C6EA2_2020_EPI_ISL_432831_2020-03-30)
Align target 635 (hCoV-19_England_CAMB-847B4_2020_EPI_ISL_440548_2020-03-02)
Align target 636 (hCoV-19_England_CAMB-71D12_2020_EPI_ISL_439876_2020-03-30)
Align target 637 (hCoV-19_England_CAMB-7C05A_2020_EPI_ISL_433984_2020)
Align target 638 (hCoV-19_Wales_PHWC-29C0D_2020_EPI_ISL_432219_2020-04-04)
Align target 639 (hCoV-19_USA_CT-Yale-202_2020_EPI_ISL_463140_2020-03-30)
Align target 640 (hCoV-19_Northern_Ireland_NIRE-1023AA_2020_EPI_ISL_441408_2020-03-21)
Align target 641 (hCoV-19_United_Arab_Emirates_L1014_2020_EPI_ISL_435127_2020-03-15)
Align target 642 (hCoV-19_England_20189051801_2020_EPI_ISL_465534_2020-05-01)
Align target 643 (hCoV-19_England_CAMB-1B2E4E_2020_EPI_ISL_456727_2020-05-19)
Align target 644 (hCoV-19_England_SHEF-C00C0_2020_EPI_ISL_420291)
Align target 645 (hCoV-19_Wales_PHWC-2BC47_2020_EPI_ISL_445824_2020-04-09)
Align target 646 (hCoV-19_Australia_VIC553_2020_EPI_ISL_426814)
Align target 647 (hCoV-19_England_BIRM-5E838_2020_EPI_ISL_444306_2020-03-24)
Align target 648 (hCoV-19_Wales_PHWC-340D6_2020_EPI_ISL_446869_2020-04-19)
Align target 649 (hCoV-19_Scotland_GCVR-170B45_2020_EPI_ISL_459602_2020-03-25)
Align target 650 (hCoV-19_USA_WA-S732_2020_EPI_ISL_449902_2020-04-13)
Align target 651 (hCoV-19_Luxembourg_LNS4295690_2020_EPI_ISL_428959)
Align target 652 (hCoV-19_England_20118132604_2020_EPI_ISL_464967_2020-03-12)
Align target 653 (hCoV-19_Denmark_ALAB-HH-134_2020_EPI_ISL_452013_2020-03-11)
Align target 654 (hCoV-19_Netherlands_Gelderland_63_2020_EPI_ISL_460962_2020-05-18)
Align target 655 (hCoV-19_Timor-Leste_TL18_2020_EPI_ISL_456608_2020-04-12)
Align target 656 (hCoV-19_Norway_2388_2020_EPI_ISL_449793_2020-04-02)
Align target 657 (hCoV-19_Scotland_EDB066_2020_EPI_ISL_425865)
Align target 658 (hCoV-19_England_CAMB-776B7_2020_EPI_ISL_439501_2020-03-31)
Align target 659 (hCoV-19_England_20128037504_2020_EPI_ISL_423957)
Align target 660 (hCoV-19_England_LIVE-9B2E6_2020_EPI_ISL_449430_2020-03-27)
Align target 661 (hCoV-19_England_20129031804_2020_EPI_ISL_424019)
Align target 662 (hCoV-19_USA_NY-NYUMC649_2020_EPI_ISL_444766_2020-04-03)
Align target 663 (hCoV-19_Chile_Punta_Arenas_16_2020_EPI_ISL_445301_2020-03-20)
Align target 664 (hCoV-19_England_BRIS-12609A_2020_EPI_ISL_459085_2020-04-09)
Align target 665 (hCoV-19_Scotland_CVR2193_2020_EPI_ISL_448154_2020-04-11)
Align target 666 (hCoV-19_Wales_PHWC-29FC8_2020_EPI_ISL_432313_2020-04-03)
Align target 667 (hCoV-19_USA_WA-UW191_2020_EPI_ISL_416729)
Align target 668 (hCoV-19_Singapore_64_2020_EPI_ISL_428843)
Align target 669 (hCoV-19_England_BRIS-12259F_2020_EPI_ISL_440719_2020-04-04)
Align target 670 (hCoV-19_Sweden_20-06805_2020_EPI_ISL_445227_2020-04-01)
Align target 671 (hCoV-19_Canada_QGLO-023_2020__EPI_ISL_459879_2020-03-28)
Align target 672 (hCoV-19_Scotland_GCVR-173B42_2020_EPI_ISL_459161_2020-04-07)
Align target 673 (hCoV-19_Australia_NSW349_2020_EPI_ISL_451610_2020-04-02)
Align target 674 (hCoV-19_Philippines_PGC006_2020_EPI_ISL_434558_2020-03-28)
Align target 675 (hCoV-19_England_BRIS-126A05_2020_EPI_ISL_459062_2020-04-08)
Align target 676 (hCoV-19_Australia_VIC1039_2020_EPI_ISL_430535)
Align target 677 (hCoV-19_USA_MN-MDH-146_2020_EPI_ISL_427285)
Align target 678 (hCoV-19_England_CAMB-7CD17_2020_EPI_ISL_441578_2020-04-05)
Align target 679 (hCoV-19_England_NORT-2895A4_2020_EPI_ISL_458596_2020-03-30)
Align target 680 (hCoV-19_England_CAMB-75631_2020_EPI_ISL_425416)
Align target 681 (hCoV-19_USA_MI-MDHHS-SC20609_2020_EPI_ISL_462691_2020-04-30)
Align target 682 (hCoV-19_USA_NY-NYUMC210_2020_EPI_ISL_427505)
Align target 683 (hCoV-19_England_NOTT-10FA6C_2020_EPI_ISL_432678_2020-04-05)
Align target 684 (hCoV-19_USA_WY-WYPHL-00096_2020_EPI_ISL_462986_2020-03-30)
Align target 685 (hCoV-19_Spain_COV001905_2020_EPI_ISL_467082_2020-03-12)
Align target 686 (hCoV-19_USA_MI-MDHHS-SC20131_2020_EPI_ISL_436806_2020-03-12)
Align target 687 (hCoV-19_Taiwan_CGMH-CGU-10_2020_EPI_ISL_417523)
Align target 688 (hCoV-19_USA_PA-MGEL135_2020_EPI_ISL_454400_2020)
Align target 689 (hCoV-19_England_BRIS-12A658_2020_EPI_ISL_458321_2020-05-01)
Align target 690 (hCoV-19_Croatia_8U-S17new_2020_EPI_ISL_454605_2020-03-31)
Align target 691 (hCoV-19_England_20128018704_2020_EPI_ISL_423947)
Align target 692 (hCoV-19_England_PORT-2CFC8F_2020_EPI_ISL_461983_2020-05-05)
Align target 693 (hCoV-19_Guangzhou_GZMU0034_2020_EPI_ISL_429086)
Align target 694 (hCoV-19_Denmark_ALAB-SSI595_2020_EPI_ISL_429590)
Align target 695 (hCoV-19_India_NIV-QC-799_2020_EPI_ISL_454569_2020-04-26)
Align target 696 (hCoV-19_England_CAMB-7A3AE_2020_EPI_ISL_440561_2020-04-02)
Align target 697 (hCoV-19_England_CAMB-73E1D_2020_EPI_ISL_440330_2020-03-18)
Align target 698 (hCoV-19_USA_WI-236_2020_EPI_ISL_428332)
Align target 699 (hCoV-19_Singapore_48_2020_EPI_ISL_428827)
Align target 700 (hCoV-19_USA_IL-UW-365_2020_EPI_ISL_450719_2020-04-15)
Align target 701 (hCoV-19_Northern_Ireland_NIRE-FC429_2020_EPI_ISL_459364_2020-04-12)
Align target 702 (hCoV-19_USA_WA-S13_2020_EPI_ISL_417066)
Align target 703 (hCoV-19_Singapore_122_2020_EPI_ISL_443214_2020-03-18)
Align target 704 (hCoV-19_England_CAMB-1AE8FC_2020_EPI_ISL_459320_2020-04-29)
Align target 705 (hCoV-19_Wales_PHWC-34258_2020_EPI_ISL_446891_2020-04-18)
Align target 706 (hCoV-19_Wales_PHWC-2B8F8_2020_EPI_ISL_445779_2020-04-08)
Align target 707 (hCoV-19_Iceland_43_2020_EPI_ISL_417686)
Align target 708 (hCoV-19_Thailand_NIH-2492-2_2020_EPI_ISL_434704_2020-03-17)
Align target 709 (hCoV-19_Netherlands_Gelderland_121_2020_EPI_ISL_460882_2020-05-22)
Align target 710 (hCoV-19_England_CAMB-7BC84_2020_EPI_ISL_442146_2020-04-04)
Align target 711 (hCoV-19_Germany_NRW-54_2020_EPI_ISL_452180_2020-03-20)
Align target 712 (hCoV-19_England_CAMB-71F94_2020_EPI_ISL_439586_2020-03-29)
Align target 713 (hCoV-19_Spain_COV000839_2020_EPI_ISL_452706_2020-03-11)
Align target 714 (hCoV-19_USA_WA-UW-596_2020_EPI_ISL_430892_2020-03-12)
Align target 715 (hCoV-19_Czech_Republic_Seq3_2020_EPI_ISL_426356)
Align target 716 (hCoV-19_USA_FL-BPHL-0102_2020_EPI_ISL_445044_2020-04-28)
Align target 717 (hCoV-19_France_10031BS_2020_EPI_ISL_447670_2020-03)
Align target 718 (hCoV-19_USA_FL-BPHL-03_2020_EPI_ISL_436507_2020-04-05)
Align target 719 (hCoV-19_Denmark_ALAB-SSI-809_2020_EPI_ISL_444918_2020-03-30)
Align target 720 (hCoV-19_United_Arab_Emirates_L1076_2020_EPI_ISL_435128_2020-03-15)
Align target 721 (hCoV-19_Portugal_PT0593_2020_EPI_ISL_454316_2020-05-04)
Align target 722 (hCoV-19_England_NORT-289647_2020_EPI_ISL_458673_2020-03-31)
Align target 723 (hCoV-19_USA_WA-UW53_2020_EPI_ISL_415618)
Align target 724 (hCoV-19_Wales_PHWC-2A5D4_2020_EPI_ISL_445591_2020-04-06)
Align target 725 (hCoV-19_England_NORT-2898BA_2020_EPI_ISL_458675_2020-04-01)
Align target 726 (hCoV-19_Scotland_CVR3234_2020_EPI_ISL_449244_2020-04-26)
Align target 727 (hCoV-19_Sweden_20-07768_2020_EPI_ISL_450818_2020-04-23)
Align target 728 (hCoV-19_USA_NY-PV09491_2020_EPI_ISL_450163_2020-03-20)
Align target 729 (hCoV-19_England_CAMB-1AF697_2020_EPI_ISL_459240_2020-05-01)
Align target 730 (hCoV-19_USA_WA-UW201_2020_EPI_ISL_417350)
Align target 731 (hCoV-19_Australia_VIC1629_2020_EPI_ISL_456534_2020-05-14)
Align target 732 (hCoV-19_England_SHEF-C90E5_2020_EPI_ISL_432464_2020-03-23)
Align target 733 (hCoV-19_England_20129035304_2020_EPI_ISL_424028)
Align target 734 (hCoV-19_Ireland_20W270_2020_EPI_ISL_437688_2020-04)
Align target 735 (hCoV-19_USA_MA-MGH-00703_2020_EPI_ISL_460357_2020-04-06)
Align target 736 (hCoV-19_England_NORT-28952C_2020_EPI_ISL_453503_2020-03-30)
Align target 737 (hCoV-19_USA_VA-DCLS-0120_2020_EPI_ISL_437764_2020-04-11)
Align target 738 (hCoV-19_Wales_PHWC-23CC7_2020_EPI_ISL_418102)
Align target 739 (hCoV-19_Scotland_GCVR-1708F3_2020_EPI_ISL_459624_2020-03-25)
Align target 740 (hCoV-19_England_CAMB-8283B_2020_EPI_ISL_443407_2020-04-13)
Align target 741 (hCoV-19_Switzerland_101146_2020_EPI_ISL_451813_2020-03-31)
Align target 742 (hCoV-19_England_CAMB-754A0_2020_EPI_ISL_425394)
Align target 743 (hCoV-19_India_GBRC101_2020_EPI_ISL_450790_2020-04-28)
Align target 744 (hCoV-19_USA_WA-UW-4340_2020_EPI_ISL_427268)
Align target 745 (hCoV-19_Australia_VIC1619_2020_EPI_ISL_456527_2020-05-08)
Align target 746 (hCoV-19_England_CAMB-73493_2020_EPI_ISL_440280_2020-03-22)
Align target 747 (hCoV-19_England_CAMB-80FDE_2020_EPI_ISL_438553_2020-04-20)
Align target 748 (hCoV-19_Denmark_ALAB-SSI-718_2020_EPI_ISL_444872_2020-03-27)
Align target 749 (hCoV-19_England_BRIS-12292A_2020_EPI_ISL_440625_2020-04-02)
Align target 750 (hCoV-19_Beijing_BJ2460_2020_EPI_ISL_430746)
Align target 751 (hCoV-19_USA_MA-MGH-00282_2020_EPI_ISL_460408_2020-04-01)
Align target 752 (hCoV-19_Canada_BC_78548_2020_EPI_ISL_415590)
Align target 753 (hCoV-19_Denmark_ALAB-HH04_2020_EPI_ISL_429265)
Align target 754 (hCoV-19_England_20149022604_2020_EPI_ISL_466170_2020-04-03)
Align target 755 (hCoV-19_England_201580017_2020_EPI_ISL_466346_2020-04-09)
Align target 756 (hCoV-19_Poland_Pom8_2020_EPI_ISL_451649_2020-04-27)
Align target 757 (hCoV-19_Australia_NSW341_2020_EPI_ISL_451603_2020-04-01)
Align target 758 (hCoV-19_Luxembourg_LNS0156959_2020_EPI_ISL_419563)
Align target 759 (hCoV-19_USA_NY-NYUMC192_2020_EPI_ISL_427487)
Align target 760 (hCoV-19_England_20142012804_2020_EPI_ISL_423429)
Align target 761 (hCoV-19_Australia_VIC988_2020_EPI_ISL_430544)
Align target 762 (hCoV-19_Wales_PHWC-33E73_2020_EPI_ISL_446832_2020-04-13)
Align target 763 (hCoV-19_USA_MI-SC2-0006_2020_EPI_ISL_424984)
Align target 764 (hCoV-19_USA_NY-NYUMC492_2020_EPI_ISL_436740_2020-03-18)
Align target 765 (hCoV-19_Scotland_EDB2483_2020_EPI_ISL_439221_2020-04-23)
Align target 766 (hCoV-19_England_BIRM-5E443_2020_EPI_ISL_444296_2020-03-23)
Align target 767 (hCoV-19_Portugal_PT0466_2020_EPI_ISL_454190_2020-04-18)
Align target 768 (hCoV-19_Hong_Kong_HKU-907b_2020_EPI_ISL_434568_2020-01-29)
Align target 769 (hCoV-19_USA_MD-HP00093_2020_EPI_ISL_457758_2020-03-31)
Align target 770 (hCoV-19_Italy_FVG-ICGEB_S18_2020_EPI_ISL_428854)
Align target 771 (hCoV-19_Japan_NA-20-05-1_2020_EPI_ISL_410531)
Align target 772 (hCoV-19_England_SHEF-D1A82_2020_EPI_ISL_442496_2020-04-20)
Align target 773 (hCoV-19_Switzerland_100061_2020_EPI_ISL_466983_2020-03-12)
Align target 774 (hCoV-19_USA_TX-HMH0268_2020_EPI_ISL_434897_2020-03-26)
Align target 775 (hCoV-19_France_10027AA_2020_EPI_ISL_447654_2020-03)
Align target 776 (hCoV-19_Spain_Valencia105_2020_EPI_ISL_436200_2020-03-18)
Align target 777 (hCoV-19_Russia_Moscow-67117_2020_EPI_ISL_428875)
Align target 778 (hCoV-19_England_LIVE-9DDD4_2020_EPI_ISL_449624_2020-04-28)
Align target 779 (hCoV-19_England_LIVE-999B6_2020_EPI_ISL_439782_2020-04-09)
Align target 780 (hCoV-19_Australia_VIC1607_2020_EPI_ISL_456518_2020)
Align target 781 (hCoV-19_USA_IL_1293_2020_EPI_ISL_420790)
Align target 782 (hCoV-19_England_CAMB-7C55B_2020_EPI_ISL_441570_2020-04-06)
Align target 783 (hCoV-19_England_SHEF-CD315_2020_EPI_ISL_432542_2020-04-01)
Align target 784 (hCoV-19_USA_MI-MDHHS-SC20267_2020_EPI_ISL_447065_2020-04-23)
Align target 785 (hCoV-19_England_BRIS-122DE2_2020_EPI_ISL_440749_2020-04-03)
Align target 786 (hCoV-19_USA_TX-HMH0446_2020_EPI_ISL_435026_2020-04-03)
Align target 787 (hCoV-19_Scotland_EDB1197_2020_EPI_ISL_433428_2020-04-08)
Align target 788 (hCoV-19_Australia_NSW554_2020_EPI_ISL_455093_2020-05-20)
Align target 789 (hCoV-19_England_OXON-ADE92_2020_EPI_ISL_448642_2020)
Align target 790 (hCoV-19_DRC_1324_2020__EPI_ISL_435033_2020-04-07)
Align target 791 (hCoV-19_USA_MD-HP00133_2020_EPI_ISL_457821_2020-03-30)
Align target 792 (hCoV-19_Scotland_EDB2141_2020_EPI_ISL_439168_2020-04-20)
Align target 793 (hCoV-19_England_CAMB-7A7FD_2020_EPI_ISL_440591_2020-04-02)
Align target 794 (hCoV-19_England_20108004803_2020_EPI_ISL_417251)
Align target 795 (hCoV-19_England_LIVE-9A645_2020_EPI_ISL_449356_2020-03-29)
Align target 796 (hCoV-19_Canada_BC_11135150_2020_EPI_ISL_467318_2020-04)
Align target 797 (hCoV-19_England_NOTT-10F99C_2020_EPI_ISL_433067_2020-04-05)
Align target 798 (hCoV-19_Portugal_PT0234_2020_EPI_ISL_453948_2020-03-31)
Align target 799 (hCoV-19_Australia_VIC738_2020_EPI_ISL_427017)
Align target 800 (hCoV-19_Saudi_Arabia_KAUST-Madinah50_2020_EPI_ISL_443175_2020-03-29)
Align target 801 (hCoV-19_USA_NY-NYUMC357_2020_EPI_ISL_430384)
Align target 802 (hCoV-19_USA_WA-S289_2020_EPI_ISL_430143)
Align target 803 (hCoV-19_England_20126007102_2020_EPI_ISL_418751)
Align target 804 (hCoV-19_Wales_PHWC-30F64_2020_EPI_ISL_446384_2020-04-09)
Align target 805 (hCoV-19_USA_MI-MDHHS-SC20213_2020_EPI_ISL_447184_2020-03-26)
Align target 806 (hCoV-19_USA_MD-HP00140_2020_EPI_ISL_457772_2020-03-22)
Align target 807 (hCoV-19_England_CAMB-80FFC_2020_EPI_ISL_438554_2020-04-20)
Align target 808 (hCoV-19_England_BRIS-121D01_2020_EPI_ISL_440123_2020-03-19)
Align target 809 (hCoV-19_England_CAMB-7B55C_2020_EPI_ISL_433974_2020-04-13)
Align target 810 (hCoV-19_England_BRIS-1230E8_2020_EPI_ISL_442662_2020-04-05)
Align target 811 (hCoV-19_Australia_VIC1728_2020_EPI_ISL_456628_2020-05-25)
Align target 812 (hCoV-19_Australia_VIC710_2020_EPI_ISL_426997)
Align target 813 (hCoV-19_Northern_Ireland_NIRE-FAA1A_2020_EPI_ISL_441662_2020-03-27)
Align target 814 (hCoV-19_England_OXON-AE8EE_2020_EPI_ISL_448732_2020)
Align target 815 (hCoV-19_Scotland_EDB1169_2020_EPI_ISL_433419_2020-04-08)
Align target 816 (hCoV-19_Wales_PHWC-2624A_2020_EPI_ISL_422083)
Align target 817 (hCoV-19_USA_TX-HMH0136_2020_EPI_ISL_434836_2020-03-21)
Align target 818 (hCoV-19_Belgium_20A55_2020_EPI_ISL_452152_2020-04-20)
Align target 819 (hCoV-19_England_CAMB-8468A_2020_EPI_ISL_438748_2020-04-27)
Align target 820 (hCoV-19_Australia_VIC1011_2020_EPI_ISL_430547)
Align target 821 (hCoV-19_Spain_Valencia31_2020_EPI_ISL_420116)
Align target 822 (hCoV-19_England_OXON-AEA06_2020_EPI_ISL_448746_2020)
Align target 823 (hCoV-19_England_EXET-1360C4_2020_EPI_ISL_457196_2020-04-17)
Align target 824 (hCoV-19_USA_WA-UW-1465_2020_EPI_ISL_424177)
Align target 825 (hCoV-19_Wales_PHWC-2AEAC_2020_EPI_ISL_431945_2020-04-08)
Align target 826 (hCoV-19_Portugal_PT0306_2020_EPI_ISL_454022_2020-03-14)
Align target 827 (hCoV-19_England_20139053504_2020_EPI_ISL_420708)
Align target 828 (hCoV-19_England_SHEF-CA8A0_2020_EPI_ISL_448876_2020-04-16)
Align target 829 (hCoV-19_England_BRIS-121E4A_2020_EPI_ISL_440070_2020-03-19)
Align target 830 (hCoV-19_Netherlands_NoordBrabant_113_2020_EPI_ISL_461148_2020-03-20)
Align target 831 (hCoV-19_USA_OR-OHSU-0126_2020_EPI_ISL_468105_2020-05-04)
Align target 832 (hCoV-19_Wales_PHWC-317D4_2020_EPI_ISL_446489_2020-04-13)
Align target 833 (hCoV-19_USA_WA-UW101_2020_EPI_ISL_416639)
Align target 834 (hCoV-19_Netherlands_NoordHolland_4_2020_EPI_ISL_422895)
Align target 835 (hCoV-19_Belgium_ULG-10008_2020_EPI_ISL_421187)
Align target 836 (hCoV-19_Canada_BC_07812071_2020_EPI_ISL_466821_2020-04)
Align target 837 (hCoV-19_Spain_Valencia123_2020_EPI_ISL_436218_2020-03-14)
Align target 838 (hCoV-19_Scotland_EDB4718_2020_EPI_ISL_453134_2020-04-27)
Align target 839 (hCoV-19_USA_NM-UNM-00100_2020_EPI_ISL_467545_2020-04-01)
Align target 840 (hCoV-19_Australia_SAP012_2020_EPI_ISL_468041_2020-03-31)
Align target 841 (hCoV-19_England_201640253_2020_EPI_ISL_466453_2020-04-14)
Align target 842 (hCoV-19_Wales_PHWC-23FEC_2020_EPI_ISL_418135)
Align target 843 (hCoV-19_Shandong_LY008_2020_EPI_ISL_414941)
Align target 844 (hCoV-19_England_CAMB-82B23_2020_EPI_ISL_438661_2020-04-22)
Align target 845 (hCoV-19_Scotland_CVR2401_2020_EPI_ISL_438899_2020-04-13)
Align target 846 (hCoV-19_Wales_PHWC-276A7_2020_EPI_ISL_432007_2020-03-31)
Align target 847 (hCoV-19_Netherlands_ZuidHolland_77_2020_EPI_ISL_422945)
Align target 848 (hCoV-19_USA_WA-UW-4105_2020_EPI_ISL_427240)
Align target 849 (hCoV-19_Scotland_GCVR-170FC1_2020_EPI_ISL_459698_2020-03-27)
Align target 850 (hCoV-19_Scotland_CVR3185_2020_EPI_ISL_449209_2020-04-28)
Align target 851 (hCoV-19_Chile_Santiago_38_2020_EPI_ISL_445317_2020-03-17)
Align target 852 (hCoV-19_England_CAMB-7781B_2020_EPI_ISL_439528_2020-04-01)
Align target 853 (hCoV-19_Switzerland_120230_2020_EPI_ISL_468291_2020-05-01)
Align target 854 (hCoV-19_England_EXET-13571B_2020_EPI_ISL_457091_2020-04-11)
Align target 855 (hCoV-19_USA_FL-BPHL-013_2020_EPI_ISL_436517_2020-04-08)
Align target 856 (hCoV-19_USA_WA-UW-2091_2020_EPI_ISL_426084)
Align target 857 (hCoV-19_England_CAMB-806E8_2020_EPI_ISL_443103_2020-04-10)
Align target 858 (hCoV-19_Mexico_Queretaro-InDRE_04_2020_EPI_ISL_424670)
Align target 859 (hCoV-19_Wales_PHWC-2466E_2020_EPI_ISL_419435)
hCoV-19_Wales_PHWC-2466E_2020_EPI_ISL_419435: Frameshift error (scores nt: 135613; codon: 58585)
Align target 860 (hCoV-19_England_BRIS-124D2C_2020_EPI_ISL_444016_2020-03-26)
Align target 861 (hCoV-19_USA_WA-UW90_2020_EPI_ISL_416446)
Align target 862 (hCoV-19_England_CAMB-82507_2020_EPI_ISL_443459_2020-04-14)
Align target 863 (hCoV-19_USA_WA-S968_2020_EPI_ISL_463458_2020-05-01)
Align target 864 (hCoV-19_France_ARA10170_2020_EPI_ISL_418420)
Align target 865 (hCoV-19_Netherlands_NA_37_2020_EPI_ISL_422798)
Align target 866 (hCoV-19_England_CAMB-78BF3_2020_EPI_ISL_441151_2020-04-03)
Align target 867 (hCoV-19_USA_WA-S111_2020_EPI_ISL_417164)
Align target 868 (hCoV-19_Iceland_460_2020_EPI_ISL_424483)
Align target 869 (hCoV-19_England_LOND-D366E_2020_EPI_ISL_440970_2020-04-02)
Align target 870 (hCoV-19_Colombia_GVI-93359_2020_EPI_ISL_447773_2020-04-01)
hCoV-19_Colombia_GVI-93359_2020_EPI_ISL_447773_2020-04-01: Alignment error. (scores nt: 13.1; codon: 0)
Align target 871 (hCoV-19_England_CAMB-1B0C82_2020_EPI_ISL_452957_2020-05-12)
Align target 872 (hCoV-19_USA_WA-S928_2020_EPI_ISL_463418_2020-04-23)
Align target 873 (hCoV-19_Wales_PHWC-28EAE_2020_EPI_ISL_445454_2020-04-03)
Align target 874 (hCoV-19_England_NORW-E6DEB_2020_EPI_ISL_448980_2020-04-18)
Align target 875 (hCoV-19_England_CAMB-7822B_2020_EPI_ISL_433707_2020-04-05)
Align target 876 (hCoV-19_Belgium_ULG-10124_2020_EPI_ISL_427371)
Align target 877 (hCoV-19_Scotland_CVR1115_2020_EPI_ISL_433511_2020-03-29)
Align target 878 (hCoV-19_USA_LA-BIE-036_2020_EPI_ISL_463284_2020-04-03)
Align target 879 (hCoV-19_Netherlands_Utrecht_10030_2020_EPI_ISL_454779_2020-04-04)
Align target 880 (hCoV-19_Australia_VIC1313_2020_EPI_ISL_430714)
Align target 881 (hCoV-19_Canada_QC_AP6_2020_EPI_ISL_463926_2020-04-14)
Align target 882 (hCoV-19_France_N1620_2020_EPI_ISL_414624)
Align target 883 (hCoV-19_England_20138018804_2020_EPI_ISL_423291)
Align target 884 (hCoV-19_England_BRIS-129E51_2020_EPI_ISL_458507_2020-04-15)
Align target 885 (hCoV-19_England_SHEF-C037C_2020_EPI_ISL_420219)
Align target 886 (hCoV-19_England_SHEF-C1C70_2020_EPI_ISL_448834_2020-04-15)
Align target 887 (hCoV-19_Wales_PHWC-2BEBA_2020_EPI_ISL_445863_2020-04-10)
Align target 888 (hCoV-19_England_CAMB-7A65A_2020_EPI_ISL_441303_2020-04-01)
Align target 889 (hCoV-19_USA_CT-UW-6592_2020_EPI_ISL_461416_2020-04-03)
Align target 890 (hCoV-19_England_SHEF-CD45E_2020_EPI_ISL_442429_2020-03-26)
Align target 891 (hCoV-19_England_LIVE-9EFBF_2020_EPI_ISL_453415_2020-04-10)
Align target 892 (hCoV-19_England_BIRM-5EDA2_2020_EPI_ISL_447942_2020-05-01)
Align target 893 (hCoV-19_England_BRIS-12377A_2020_EPI_ISL_442784_2020-04-02)
Align target 894 (hCoV-19_England_NOTT-10E70C_2020_EPI_ISL_425583)
Align target 895 (hCoV-19_Spain_COV000685_2020_EPI_ISL_452777_2020-03-04)
Align target 896 (hCoV-19_DRC_2384_2020_EPI_ISL_437196_2020-04-14)
Align target 897 (hCoV-19_India_NIV-3472_2020_EPI_ISL_454528_2020-03-17)
Align target 898 (hCoV-19_Switzerland_100008_2020_EPI_ISL_466933_2020-03-04)
Align target 899 (hCoV-19_Wales_PHWC-28B7A_2020_EPI_ISL_445409_2020-04-03)
Align target 900 (hCoV-19_England_CAMB-74FBF_2020_EPI_ISL_440380_2020-03-14)
Align target 901 (hCoV-19_England_LIVE-9B538_2020_EPI_ISL_449458_2020-04-02)
Align target 902 (hCoV-19_USA_TX-HMH0205_2020_EPI_ISL_434880_2020-03-24)
Align target 903 (hCoV-19_Sweden_20-51044_2020_EPI_ISL_450831_2020-04-27)
Align target 904 (hCoV-19_England_CAMB-77189_2020_EPI_ISL_439402_2020-04-02)
Align target 905 (hCoV-19_England_BRIS-1258B1_2020_EPI_ISL_443888_2020-03-29)
Align target 906 (hCoV-19_Scotland_CVR1573_2020_EPI_ISL_438841_2020-04-04)
Align target 907 (hCoV-19_Thailand_Bangkok-CONI-0135_2020_EPI_ISL_455929_2020-03-13)
Align target 908 (hCoV-19_USA_WI-225_2020_EPI_ISL_428321)
Align target 909 (hCoV-19_England_NOTT-10E3EA_2020_EPI_ISL_425540)
Align target 910 (hCoV-19_USA_WA-UW-1750_2020_EPI_ISL_424239)
Align target 911 (hCoV-19_Netherlands_Gelderland_8_2020_EPI_ISL_422644)
Align target 912 (hCoV-19_Vietnam_VNHN_4868_2020_EPI_ISL_455710_2020-04-09)
Align target 913 (hCoV-19_Canada_QC_AS8_2020_EPI_ISL_463938_2020-04-04)
Align target 914 (hCoV-19_USA_MA-MGH-00195_2020_EPI_ISL_460203_2020-03-26)
Align target 915 (hCoV-19_England_201160216_2020_EPI_ISL_464788_2020-03-10)
Align target 916 (hCoV-19_England_CAMB-72CBA_2020_EPI_ISL_440048_2020-03-22)
Align target 917 (hCoV-19_DRC_1767_2020_EPI_ISL_435157_2020-04-10)
Align target 918 (hCoV-19_Spain_Valencia88_2020_EPI_ISL_425212)
Align target 919 (hCoV-19_England_CAMB-80EFF_2020_EPI_ISL_444445_2020)
Align target 920 (hCoV-19_Belgium_ULG-10095_2020_EPI_ISL_424651)
Align target 921 (hCoV-19_England_CAMB-7BC75_2020_EPI_ISL_442096_2020-04-05)
Align target 922 (hCoV-19_Belgium_UGent-23_2020_EPI_ISL_451164_2020-03-24)
Align target 923 (hCoV-19_France_OCC-1_2020_EPI_ISL_434616_2020-03)
Align target 924 (hCoV-19_England_20132000204_2020_EPI_ISL_423700)
Align target 925 (hCoV-19_USA_WA-UW385_2020_EPI_ISL_418950)
Align target 926 (hCoV-19_Portugal_PT0149_2020_EPI_ISL_453865_2020-03-24)
Align target 927 (hCoV-19_Wales_PHWC-3464D_2020_EPI_ISL_446952_2020-04-20)
Align target 928 (hCoV-19_Wales_PHWC-30ACD_2020_EPI_ISL_446318_2020-04-09)
Align target 929 (hCoV-19_Switzerland_110430_2020_EPI_ISL_451859_2020-04-07)
Align target 930 (hCoV-19_England_CAMB-7335A_2020_EPI_ISL_439977_2020-03-21)
Align target 931 (hCoV-19_England_LIVE-9B5A1_2020_EPI_ISL_449465_2020-04-02)
Align target 932 (hCoV-19_Australia_VIC167_2020_EPI_ISL_419864)
Align target 933 (hCoV-19_Bangladesh_BCSIR-NILMRC_067_2020_EPI_ISL_466637_2020-05-26)
Align target 934 (hCoV-19_Wales_PHWC-2BCB0_2020_EPI_ISL_445831_2020-04-11)
Align target 935 (hCoV-19_England_NORW-E946B_2020_EPI_ISL_448314_2020-04-22)
Align target 936 (hCoV-19_USA_LA-SR0163_2020_EPI_ISL_435466_2020-03-28)
Align target 937 (hCoV-19_USA_WI-85_2020_EPI_ISL_425142)
Align target 938 (hCoV-19_Netherlands_Gelderland_39_2020_EPI_ISL_460939_2020-04-22)
Align target 939 (hCoV-19_Canada_BC_26611727_2020_EPI_ISL_463244_2020-03)
Align target 940 (hCoV-19_Denmark_ALAB-SSI-794_2020_EPI_ISL_444909_2020-03-28)
Align target 941 (hCoV-19_Germany_BAV-MVP0010_2020_EPI_ISL_437211_2020-03-12)
Align target 942 (hCoV-19_England_NOTT-10E0E3_2020_EPI_ISL_425497)
Align target 943 (hCoV-19_England_20100001406_2020_EPI_ISL_415132)
Align target 944 (hCoV-19_England_SHEF-C2310_2020_EPI_ISL_432744_2020-04-01)
Align target 945 (hCoV-19_Scotland_CVR2347_2020_EPI_ISL_438890_2020-04-13)
Align target 946 (hCoV-19_England_CAMB-7907B_2020_EPI_ISL_441169_2020-04-03)
Align target 947 (hCoV-19_Netherlands_NoordHolland_27_2020_EPI_ISL_461217_2020-05-06)
Align target 948 (hCoV-19_England_20138018504_2020_EPI_ISL_423290)
Align target 949 (hCoV-19_Australia_VIC300_2020_EPI_ISL_419991)
Align target 950 (hCoV-19_USA_NY-NYUMC886_2020_EPI_ISL_467379_2020-04-30)
Align target 951 (hCoV-19_USA_WA-UW-2072_2020_EPI_ISL_426079)
Align target 952 (hCoV-19_England_SHEF-D0124_2020_EPI_ISL_442466_2020-03-26)
Align target 953 (hCoV-19_England_CAMB-7D4C6_2020_EPI_ISL_441764_2020-04-06)
Align target 954 (hCoV-19_Netherlands_Gelderland_62_2020_EPI_ISL_460961_2020-05-18)
Align target 955 (hCoV-19_England_BRIS-123C4E_2020_EPI_ISL_442667_2020-04-08)
Align target 956 (hCoV-19_Australia_VIC508_2020_EPI_ISL_426778)
Align target 957 (hCoV-19_England_CAMB-7963D_2020_EPI_ISL_441209_2020-04-03)
Align target 958 (hCoV-19_England_LIVE-9B714_2020_EPI_ISL_440872_2020-04-20)
Align target 959 (hCoV-19_Wales_PHWC-348CF_2020_EPI_ISL_446990_2020-04-20)
Align target 960 (hCoV-19_England_NORW-E8D70_2020_EPI_ISL_448308_2020)
Align target 961 (hCoV-19_Spain_COV000946_2020_EPI_ISL_452627_2020-03-28)
Align target 962 (hCoV-19_Wales_PHWC-26C2E_2020_EPI_ISL_422273)
Align target 963 (hCoV-19_Scotland_CVR2893_2020_EPI_ISL_448205_2020-04-21)
Align target 964 (hCoV-19_USA_WA-UW74_2020_EPI_ISL_415602)
Align target 965 (hCoV-19_DK_ALAB-SSI-1351_2020_EPI_ISL_437646_2020-04-02)
Align target 966 (hCoV-19_India_GBRC165_2020_EPI_ISL_461500_2020-05-27)
Align target 967 (hCoV-19_England_20129023104_2020_EPI_ISL_424015)
Align target 968 (hCoV-19_Iceland_545_2020_EPI_ISL_424565)
Align target 969 (hCoV-19_England_LIVE-98FD3_2020_EPI_ISL_439681_2020-04-07)
Align target 970 (hCoV-19_Australia_SAP070_2020_EPI_ISL_451108_2020-03-30)
Align target 971 (hCoV-19_England_NOTT-10F8AE_2020_EPI_ISL_433056_2020-04-05)
Align target 972 (hCoV-19_Switzerland_GE2759_2020_EPI_ISL_429214)
Align target 973 (hCoV-19_New_Zealand_20VR2922_2020_EPI_ISL_456391_2020-04-25)
Align target 974 (hCoV-19_Australia_SAP036_2020_EPI_ISL_450194_2020-03-19)
Align target 975 (hCoV-19_England_SHEF-D0D99_2020_EPI_ISL_432620_2020-03-28)
Align target 976 (hCoV-19_USA_LA-SR0301_2020_EPI_ISL_445156_2020-04-08)
Align target 977 (hCoV-19_USA_VA-DCLS-0203_2020_EPI_ISL_437418_2020-04-14)
Align target 978 (hCoV-19_England_CAMB-7B4F5_2020_EPI_ISL_433968_2020-04-12)
Align target 979 (hCoV-19_USA_MI-MDHHS-SC20583_2020_EPI_ISL_462665_2020-04-29)
Align target 980 (hCoV-19_England_20118057904_2020_EPI_ISL_464929_2020-03-12)
Align target 981 (hCoV-19_England_CAMB-81C4F_2020_EPI_ISL_443071_2020-04-12)
Align target 982 (hCoV-19_Wales_PHWC-30A09_2020_EPI_ISL_446306_2020-04-08)
Align target 983 (hCoV-19_England_20129171504_2020_EPI_ISL_424139)
Align target 984 (hCoV-19_England_20148067204_2020_EPI_ISL_466076_2020-04-03)
Align target 985 (hCoV-19_England_201101356_2020_EPI_ISL_464653_2020-03-07)
Align target 986 (hCoV-19_England_CAMB-84909_2020_EPI_ISL_440537_2020-03-05)
Align target 987 (hCoV-19_Spain_COV000888_2020_EPI_ISL_452674_2020-03-26)
Align target 988 (hCoV-19_Japan_DP0286_2020_EPI_ISL_416588)
Align target 989 (hCoV-19_England_CAMB-8141A_2020_EPI_ISL_442585_2020-04-10)
Align target 990 (hCoV-19_Scotland_CVR1444_2020_EPI_ISL_433589_2020-04-01)
Align target 991 (hCoV-19_England_CAMB-7EA87_2020_EPI_ISL_442582_2020-04-07)
Align target 992 (hCoV-19_England_CAMB-733E1_2020_EPI_ISL_439995_2020-03-21)
Align target 993 (hCoV-19_Turkey_VETAL1902_2_2020_EPI_ISL_455719_2020-04-09)
Align target 994 (hCoV-19_England_20150039804_2020_EPI_ISL_466228_2020-04-02)
Align target 995 (hCoV-19_Switzerland_100089_2020_EPI_ISL_451681_2020-03-12)
Align target 996 (hCoV-19_New_Zealand_20VR1133_2020_EPI_ISL_456194_2020-03-20)
Align target 997 (hCoV-19_England_CAMB-7F8E6_2020_EPI_ISL_433478_2020-04-18)
Align target 998 (hCoV-19_Saudi_Arabia_KAUST-Madinah31_2020_EPI_ISL_437486_2020-03-29)
Align target 999 (hCoV-19_Singapore_193_2020_EPI_ISL_462311_2020-04-20)
Computing global alignment... done.
