Align target 0 (hCoV-19_Netherlands_NA_253_2020_EPI_ISL_422787)
Align target 1 (hCoV-19_England_20166055904_2020_EPI_ISL_466550_2020-04-14)
Align target 2 (hCoV-19_Netherlands_Utrecht_41_2020_EPI_ISL_461239_2020-04-29)
Align target 3 (hCoV-19_England_20129171304_2020_EPI_ISL_424136)
Align target 4 (hCoV-19_Switzerland_100827_2020_EPI_ISL_451776_2020-03-26)
Align target 5 (hCoV-19_Mexico_CDMX-InDRE_11_2020_EPI_ISL_455435_2020-03-20)
Align target 6 (hCoV-19_England_LOND-D4A07_2020_EPI_ISL_444168_2020-04-10)
Align target 7 (hCoV-19_India_NIV-6216_2020_EPI_ISL_454540_2020-04-01)
Align target 8 (hCoV-19_Denmark_ALAB-SSI-809_2020_EPI_ISL_444918_2020-03-30)
Align target 9 (hCoV-19_USA_WA-S302_2020_EPI_ISL_430156)
Align target 10 (hCoV-19_Wales_PHWC-27100_2020_EPI_ISL_422237)
Align target 11 (hCoV-19_Scotland_CVR3250_2020_EPI_ISL_449257_2020-04-28)
Align target 12 (hCoV-19_Portugal_PT0581_2020_EPI_ISL_454304_2020-04-24)
Align target 13 (hCoV-19_England_CAMB-1B12F8_2020_EPI_ISL_459207_2020-05-07)
Align target 14 (hCoV-19_England_CAMB-1AE689_2020_EPI_ISL_459472_2020-04-28)
Align target 15 (hCoV-19_England_BIRM-5FF14_2020_EPI_ISL_461537_2020)
Align target 16 (hCoV-19_Belgium_Rega-0328200_2020_EPI_ISL_458170_2020-03-28)
Align target 17 (hCoV-19_England_CAMB-76858_2020_EPI_ISL_438468_2020-03-29)
Align target 18 (hCoV-19_England_SHEF-C4C13_2020_EPI_ISL_441968_2020-03-24)
Align target 19 (hCoV-19_Wales_PHWC-29C2B_2020_EPI_ISL_432447_2020-04-05)
Align target 20 (hCoV-19_England_LOND-D55F6_2020_EPI_ISL_449704_2020-04-16)
Align target 21 (hCoV-19_Portugal_PT0382_2020_EPI_ISL_454098_2020-03-20)
Align target 22 (hCoV-19_England_LIVE-9C388_2020_EPI_ISL_449533_2020-03-29)
Align target 23 (hCoV-19_Germany_BAV-MVP0272_2020_EPI_ISL_466918_2020-05-23)
Align target 24 (hCoV-19_England_CAMB-7C9D7_2020_EPI_ISL_442136_2020-04-04)
Align target 25 (hCoV-19_Scotland_CVR1270_2020_EPI_ISL_433528_2020-03-31)
Align target 26 (hCoV-19_USA_MI-MDHHS-SC20571_2020_EPI_ISL_462653_2020-04-29)
Align target 27 (hCoV-19_England_20134006504_2020_EPI_ISL_423070)
Align target 28 (hCoV-19_Australia_VIC168_2020_EPI_ISL_419865)
Align target 29 (hCoV-19_England_20108004803_2020_EPI_ISL_417251)
Align target 30 (hCoV-19_USA_NY-NYUMC439_2020_EPI_ISL_435506_2020-04-15)
Align target 31 (hCoV-19_Wales_PHWC-2DFA6_2020_EPI_ISL_446044_2020-04-10)
Align target 32 (hCoV-19_England_SHEF-C3959_2020_EPI_ISL_432778_2020-04-02)
Align target 33 (hCoV-19_England_SHEF-CD56A_2020_EPI_ISL_442433_2020-04-04)
Align target 34 (hCoV-19_England_BRIS-12AC29_2020_EPI_ISL_458510_2020-04-30)
Align target 35 (hCoV-19_Wales_PHWC-345B9_2020_EPI_ISL_446944_2020-04-18)
Align target 36 (hCoV-19_USA_PA-MGSC46-05_2020_EPI_ISL_436494_2020-03)
Align target 37 (hCoV-19_Austria_CeMM0185_2020_EPI_ISL_438027_2020-03-11)
Align target 38 (hCoV-19_Spain_Valencia180_2020_EPI_ISL_436275_2020-03-21)
Align target 39 (hCoV-19_Netherlands_NA_684_2020_EPI_ISL_461119_2020-04-10)
Align target 40 (hCoV-19_Russia_StPetersburg-RII8289S_2020_EPI_ISL_450269_2020-04-21)
Align target 41 (hCoV-19_Belgium_ULG-10041_2020_EPI_ISL_427347)
Align target 42 (hCoV-19_Scotland_EDB085_2020_EPI_ISL_425877)
Align target 43 (hCoV-19_Wales_PHWC-275C8_2020_EPI_ISL_432278_2020-03-31)
Align target 44 (hCoV-19_England_20126063203_2020_EPI_ISL_420467)
Align target 45 (hCoV-19_Netherlands_Utrecht_18_2020_EPI_ISL_415527)
Align target 46 (hCoV-19_Spain_CastillaLaMancha201329_2020_EPI_ISL_418246)
Align target 47 (hCoV-19_England_OXON-AD73D_2020_EPI_ISL_448592_2020)
Align target 48 (hCoV-19_Russia_StPetersburg-RII7581S_2020_EPI_ISL_450261_2020-04-21)
Align target 49 (hCoV-19_USA_WA-UW-10107_2020_EPI_ISL_461466_2020-05-29)
Align target 50 (hCoV-19_England_CAMB-1AEFD9_2020_EPI_ISL_459321_2020-04-30)
Align target 51 (hCoV-19_England_LIVE-9C7F5_2020_EPI_ISL_449581_2020-03-23)
Align target 52 (hCoV-19_England_CAMB-8222E_2020_EPI_ISL_438634_2020-04-21)
Align target 53 (hCoV-19_Denmark_ALAB-SSI-725_2020_EPI_ISL_444876_2020-03-27)
Align target 54 (hCoV-19_England_CAMB-1B2F96_2020_EPI_ISL_456740_2020-05-22)
Align target 55 (hCoV-19_England_CAMB-1B2F69_2020_EPI_ISL_456738_2020-05-20)
Align target 56 (hCoV-19_England_LIVE-9E429_2020_EPI_ISL_453300_2020-04-02)
Align target 57 (hCoV-19_Germany_BAV-MVP0061_2020_EPI_ISL_437260_2020-03-22)
Align target 58 (hCoV-19_England_CAMB-83D0E_2020_EPI_ISL_438683_2020-04-22)
Align target 59 (hCoV-19_England_20102000506_2020_EPI_ISL_415147)
Align target 60 (hCoV-19_Scotland_GCVR-173BF7_2020_EPI_ISL_459146_2020-04-07)
Align target 61 (hCoV-19_Canada_BC_21350918_2020_EPI_ISL_462808_2020-03)
Align target 62 (hCoV-19_USA_NY-NYUMC446_2020_EPI_ISL_435513_2020-04-14)
Align target 63 (hCoV-19_England_20144050404_2020_EPI_ISL_466001_2020-03-31)
Align target 64 (hCoV-19_Luxembourg_LNS0716877_2020_EPI_ISL_419567)
Align target 65 (hCoV-19_USA_NY-PV09312_2020_EPI_ISL_450004_2020-03-21)
Align target 66 (hCoV-19_USA_NY-PV09504_2020_EPI_ISL_450170_2020-03-20)
Align target 67 (hCoV-19_USA_UT-01236_2020_EPI_ISL_450560_2020-04-09)
Align target 68 (hCoV-19_USA_MN-MDH-276_2020_EPI_ISL_450750_2020-03-29)
Align target 69 (hCoV-19_USA_NY-PV09176_2020_EPI_ISL_422535)
Align target 70 (hCoV-19_DK_ALAB-SSI-736_2020_EPI_ISL_437666_2020-03-27)
Align target 71 (hCoV-19_Australia_VIC731_2020_EPI_ISL_427010)
Align target 72 (hCoV-19_Wales_PHWC-2F4F0_2020_EPI_ISL_446260_2020-04-19)
Align target 73 (hCoV-19_Scotland_EDB248_2020_EPI_ISL_425954)
Align target 74 (hCoV-19_USA_AZ-TGEN-TG271878_2020_EPI_ISL_426542)
Align target 75 (hCoV-19_England_LOND-D5EFB_2020_EPI_ISL_444260_2020-04-19)
Align target 76 (hCoV-19_USA_MN51-MDH51_2020_EPI_ISL_417496)
Align target 77 (hCoV-19_USA_MN132-MDH132_2020_EPI_ISL_421688)
Align target 78 (hCoV-19_Beijing_DT-travelUK03_2020_EPI_ISL_452356_2020-03-21)
Align target 79 (hCoV-19_India_NGC-CDFD-08_2020_EPI_ISL_466846_2020-05-12)
Align target 80 (hCoV-19_England_SHEF-C8A60_2020_EPI_ISL_432455_2020-04-05)
Align target 81 (hCoV-19_Netherlands_NA_627_2020_EPI_ISL_461062_2020-03-25)
Align target 82 (hCoV-19_USA_MI-MDHHS-SC20332_2020_EPI_ISL_450611_2020-03-19)
Align target 83 (hCoV-19_USA_WA-S606_2020_EPI_ISL_438159_2020-04-20)
Align target 84 (hCoV-19_USA_WA-S482_2020_EPI_ISL_434242_2020-04-06)
Align target 85 (hCoV-19_Wales_PHWC-28F50_2020_EPI_ISL_445462_2020-04-03)
Align target 86 (hCoV-19_USA_UT-01980_2020_EPI_ISL_452167_2020-04-16)
Align target 87 (hCoV-19_USA_WA-S1175_2020_EPI_ISL_463665_2020-05-05)
Align target 88 (hCoV-19_Spain_Madrid_H12_21_2020_EPI_ISL_428685)
Align target 89 (hCoV-19_Wales_PHWC-34407_2020_EPI_ISL_446918_2020-04-16)
Align target 90 (hCoV-19_Belgium_ULG-10170_2020_EPI_ISL_455958_2020-5-11)
Align target 91 (hCoV-19_England_CAMB-77D85_2020_EPI_ISL_438252_2020-04-01)
Align target 92 (hCoV-19_USA_WA-UW256_2020_EPI_ISL_418041)
Align target 93 (hCoV-19_USA_WA-UW-4340_2020_EPI_ISL_427268)
Align target 94 (hCoV-19_England_NOTT-10E371_2020_EPI_ISL_425533)
Align target 95 (hCoV-19_USA_MN-MDH-152_2020_EPI_ISL_460055_2020-03-23)
Align target 96 (hCoV-19_USA_WI-GMF-01591_2020_EPI_ISL_435399_2020-04-23)
Align target 97 (hCoV-19_USA_MA-MGH-00162_2020_EPI_ISL_460199_2020-03-26)
Align target 98 (hCoV-19_England_CAMB-1AE67A_2020_EPI_ISL_459491_2020-04-27)
Align target 99 (hCoV-19_Netherlands_NoordBrabant_73_2020_EPI_ISL_422869)
Computing global alignment... done.
