Align target 0 (hCoV-19_Canada_QC_AX6_2020_EPI_ISL_463953_2020-04-13)
Align target 1 (hCoV-19_Canada_BC_04286257_2020_EPI_ISL_466765_2020-04)
Align target 2 (hCoV-19_England_BRIS-123BD8_2020_EPI_ISL_442743_2020-04-06)
Align target 3 (hCoV-19_USA_AZ-TGEN-TG268360_2020_EPI_ISL_426507)
Align target 4 (hCoV-19_Iceland_506_2020_EPI_ISL_424528)
Align target 5 (hCoV-19_England_BRIS-124D68_2020_EPI_ISL_443874_2020-03-26)
Align target 6 (hCoV-19_Spain_COV000835_2020_EPI_ISL_452707_2020-03-10)
Align target 7 (hCoV-19_United_Arab_Emirates_L9768_2020_EPI_ISL_435143_2020-03-18)
Align target 8 (hCoV-19_England_20140069104_2020_EPI_ISL_423403)
Align target 9 (hCoV-19_England_BRIS-13125A_2020_EPI_ISL_467705_2020-05-23)
Align target 10 (hCoV-19_Israel_701002591_2020_EPI_ISL_447287_2020-03-26)
Align target 11 (hCoV-19_Switzerland_42177472_2020_EPI_ISL_418436)
Align target 12 (hCoV-19_England_20132005904_2020_EPI_ISL_423725)
Align target 13 (hCoV-19_England_20154074604_2020_EPI_ISL_466260_2020-04-07)
Align target 14 (hCoV-19_Portugal_PT0547_2020_EPI_ISL_454271_2020-04-03)
Align target 15 (hCoV-19_Kenya_P1992_2020_EPI_ISL_457870_2020-04)
Align target 16 (hCoV-19_USA_CT-Yale-082_2020_EPI_ISL_428746)
Align target 17 (hCoV-19_Portugal_PT0530_2020_EPI_ISL_454254_2020-04-06)
Align target 18 (hCoV-19_England_SHEF-C27F6_2020_EPI_ISL_457594_2020-05-01)
Align target 19 (hCoV-19_England_CAMB-7C421_2020_EPI_ISL_442324_2020-04-06)
Align target 20 (hCoV-19_England_BRIS-128FAA_2020_EPI_ISL_458905_2020-04-18)
Align target 21 (hCoV-19_England_CAMB-79424_2020_EPI_ISL_441196_2020-04-04)
Align target 22 (hCoV-19_Switzerland_120205_2020_EPI_ISL_468278_2020-04-28)
Align target 23 (hCoV-19_Australia_VIC1107_2020_EPI_ISL_430590)
Align target 24 (hCoV-19_England_LOND-D3C3F_2020_EPI_ISL_449644_2020-04-04)
Align target 25 (hCoV-19_Netherlands_ZuidHolland_128_2020_EPI_ISL_461301_2020-04-30)
Align target 26 (hCoV-19_Scotland_EDB4806_2020_EPI_ISL_453154_2020-05-11)
Align target 27 (hCoV-19_Wales_PHWC-257A6_2020_EPI_ISL_422344)
Align target 28 (hCoV-19_Scotland_CVR3478_2020_EPI_ISL_456871_2020-05-11)
Align target 29 (hCoV-19_USA_GA_1847_2020_EPI_ISL_424859)
Align target 30 (hCoV-19_England_CAMB-74B42_2020_EPI_ISL_425348)
Align target 31 (hCoV-19_Thailand_Bangkok-0047_2020_EPI_ISL_429183)
Align target 32 (hCoV-19_England_CAMB-742A7_2020_EPI_ISL_440326_2020-03-17)
Align target 33 (hCoV-19_USA_CA-CZB-1156_2020_EPI_ISL_454617_2020-04-26)
Align target 34 (hCoV-19_England_20144021304_2020_EPI_ISL_423513)
Align target 35 (hCoV-19_England_20166068204_2020_EPI_ISL_466570_2020-04-15)
Align target 36 (hCoV-19_Belgium_ULG-8808_2020_EPI_ISL_418644)
Align target 37 (hCoV-19_USA_MI-MDHHS-SC20199_2020_EPI_ISL_447170_2020-03-19)
Align target 38 (hCoV-19_Australia_VIC439_2020_EPI_ISL_426736)
Align target 39 (hCoV-19_Brazil_SPBR-516_2020_EPI_ISL_468321_2020-04-22)
Align target 40 (hCoV-19_Luxembourg_LNS6282845_2020_EPI_ISL_417533)
Align target 41 (hCoV-19_Netherlands_Utrecht_10026_2020_EPI_ISL_454775_2020-04-01)
Align target 42 (hCoV-19_Canada_BC_25574199_2020_EPI_ISL_463226_2020-03)
Align target 43 (hCoV-19_England_LOND-D508C_2020_EPI_ISL_444198_2020-04-15)
Align target 44 (hCoV-19_USA_NY-NYUMC203_2020_EPI_ISL_427498)
Align target 45 (hCoV-19_England_20142094101_2020_EPI_ISL_465948_2020-03-30)
Align target 46 (hCoV-19_England_SHEF-C9A05_2020_EPI_ISL_457637_2020-05-03)
Align target 47 (hCoV-19_England_NOTT-10E72A_2020_EPI_ISL_425585)
Align target 48 (hCoV-19_England_CAMB-81DC4_2020_EPI_ISL_443075_2020-04-13)
Align target 49 (hCoV-19_USA_TX-HMH0214_2020_EPI_ISL_434889_2020-03-24)
Align target 50 (hCoV-19_England_LIVE-9C124_2020_EPI_ISL_449513_2020-03-31)
Align target 51 (hCoV-19_USA_WA-S611_2020_EPI_ISL_438164_2020-04-23)
Align target 52 (hCoV-19_England_LIVE-9C43A_2020_EPI_ISL_449537_2020-03-30)
Align target 53 (hCoV-19_Netherlands_ZuidHolland_34_2020_EPI_ISL_422906)
Align target 54 (hCoV-19_USA_NY-NYUMC589_2020_EPI_ISL_444706_2020-03-31)
Align target 55 (hCoV-19_England_SHEF-C4800_2020_EPI_ISL_441963_2020-04-01)
Align target 56 (hCoV-19_Netherlands_ZuidHolland_78_2020_EPI_ISL_422946)
Align target 57 (hCoV-19_Switzerland_100133_2020_EPI_ISL_451717_2020-03-16)
Align target 58 (hCoV-19_Spain_COV000792_2020_EPI_ISL_452722_2020-03-09)
Align target 59 (hCoV-19_Canada_ON-UHTC_0071_2020_EPI_ISL_463996_2020-04-23)
Align target 60 (hCoV-19_England_LOND-D604F_2020_EPI_ISL_453464_2020-04-19)
Align target 61 (hCoV-19_England_201060143_2020_EPI_ISL_464396_2020-03-04)
Align target 62 (hCoV-19_Germany_BAV-MVP0073_2020_EPI_ISL_437269_2020-03-28)
Align target 63 (hCoV-19_Wales_PHWC-29DFB_2020_EPI_ISL_432259_2020-04-04)
Align target 64 (hCoV-19_USA_NY-NYUMC139_2020_EPI_ISL_424946)
Align target 65 (hCoV-19_India_NCDC-02310_2020_EPI_ISL_435085_2020-03-29)
Align target 66 (hCoV-19_USA_MI-MDHHS-SC20347_2020_EPI_ISL_450626_2020-03-30)
Align target 67 (hCoV-19_Scotland_EDB1711_2020_EPI_ISL_433126_2020-04-15)
Align target 68 (hCoV-19_Scotland_EDB1424_2020_EPI_ISL_433442_2020-04-12)
Align target 69 (hCoV-19_England_NOTT-10E14A_2020_EPI_ISL_425502)
Align target 70 (hCoV-19_England_SHEF-C05C1_2020_EPI_ISL_420282)
Align target 71 (hCoV-19_England_LOND-D4BB9_2020_EPI_ISL_449658_2020-04-11)
Align target 72 (hCoV-19_Wales_PHWC-3407C_2020_EPI_ISL_446863_2020-04-17)
Align target 73 (hCoV-19_England_20156044904_2020_EPI_ISL_466320_2020-04-08)
Align target 74 (hCoV-19_Spain_Valencia549_2020_EPI_ISL_447491_2020-03-26)
Align target 75 (hCoV-19_Kenya_P3045_2020_EPI_ISL_457897_2020-04)
Align target 76 (hCoV-19_USA_CA-CZBRR057EX00710_2020_EPI_ISL_429042)
Align target 77 (hCoV-19_Iceland_178_2020_EPI_ISL_417813)
Align target 78 (hCoV-19_Portugal_PT0147_2020_EPI_ISL_453863_2020-03-27)
Align target 79 (hCoV-19_Scotland_GCVR-1712C7_2020_EPI_ISL_459680_2020-03-26)
Align target 80 (hCoV-19_England_NORW-EB2E7_2020_EPI_ISL_461893_2020-05-03)
Align target 81 (hCoV-19_Denmark_SSI-03_2020_EPI_ISL_416144)
Align target 82 (hCoV-19_Netherlands_ZuidHolland_55_2020_EPI_ISL_422923)
Align target 83 (hCoV-19_Germany_BAV-MVP0103_2020_EPI_ISL_437293_2020-04-09)
Align target 84 (hCoV-19_England_20142023804_2020_EPI_ISL_423449)
Align target 85 (hCoV-19_Scotland_EDB5110_2020_EPI_ISL_453190_2020-03-31)
Align target 86 (hCoV-19_USA_WA-S284_2020_EPI_ISL_430138)
Align target 87 (hCoV-19_England_20122031204_2020_EPI_ISL_465749_2020-03-15)
Align target 88 (hCoV-19_England_SHEF-C8013_2020_EPI_ISL_457625_2020-04-10)
Align target 89 (hCoV-19_Wales_PHWC-2A370_2020_EPI_ISL_445559_2020-04-05)
Align target 90 (hCoV-19_Spain_Valencia10_2020_EPI_ISL_417206)
Align target 91 (hCoV-19_Uruguay_UY-NYUMC870_2020_EPI_ISL_457966_2020-04-06)
Align target 92 (hCoV-19_New_Zealand_20VR1769_2020_EPI_ISL_456241_2020-03-28)
Align target 93 (hCoV-19_Germany_BavPat14-ChVir1483_2020_EPI_ISL_450208_2020-02-08)
Align target 94 (hCoV-19_Italy_SPL1_2020_EPI_ISL_412974)
Align target 95 (hCoV-19_Finland_13M26_2020_EPI_ISL_418386)
Align target 96 (hCoV-19_Netherlands_NA_525_2020_EPI_ISL_460698_2020-03-18)
Align target 97 (hCoV-19_Wales_PHWC-31024_2020_EPI_ISL_446395_2020-04-10)
Align target 98 (hCoV-19_England_NORW-EB223_2020_EPI_ISL_461890_2020-05-03)
Align target 99 (hCoV-19_Beijing_105_2020_EPI_ISL_413518)
Computing global alignment... done.
