Align target 0 (hCoV-19_England_20118179304_2020_EPI_ISL_465000_2020-03-12)
Align target 1 (hCoV-19_England_CAMB-1B0A5B_2020_EPI_ISL_452932_2020-05-11)
Align target 2 (hCoV-19_Australia_NSW109_2020_EPI_ISL_427754)
Align target 3 (hCoV-19_Korea_KCDC2004_2020_EPI_ISL_426164)
Align target 4 (hCoV-19_Bosnia-and-Herzegovina_ChVir7348_2020_EPI_ISL_462455_2020-03-20)
Align target 5 (hCoV-19_England_20128037504_2020_EPI_ISL_423957)
Align target 6 (hCoV-19_USA_MI-MDHHS-SC20241_2020_EPI_ISL_447211_2020-03-24)
Align target 7 (hCoV-19_Congo_300_2020_EPI_ISL_420841)
Align target 8 (hCoV-19_Scotland_EDB927_2020_EPI_ISL_432886_2020-04-05)
Align target 9 (hCoV-19_England_LIVE-9E80F_2020_EPI_ISL_453335_2020-04-12)
Align target 10 (hCoV-19_USA_CA-CZB-1081_2020_EPI_ISL_437081_2020-04-25)
Align target 11 (hCoV-19_England_NOTT-10FA6C_2020_EPI_ISL_432678_2020-04-05)
Align target 12 (hCoV-19_Canada_BC_03469645_2020_EPI_ISL_466742_2020-04)
Align target 13 (hCoV-19_Chile_Temuco_14_2020_EPI_ISL_445348_2020-03-25)
Align target 14 (hCoV-19_England_CAMB-7B000_2020_EPI_ISL_433905_2020-04-10)
Align target 15 (hCoV-19_USA_WA-UW-3911_2020_EPI_ISL_427207)
Align target 16 (hCoV-19_USA_WA-UW-1778_2020_EPI_ISL_424258)
Align target 17 (hCoV-19_USA_MI-MDHHS-SC20056_2020_EPI_ISL_437143_2020-03-21)
Align target 18 (hCoV-19_England_20150031504_2020_EPI_ISL_466221_2020-04-03)
Align target 19 (hCoV-19_USA_WA-UW-2250_2020_EPI_ISL_426131)
Align target 20 (hCoV-19_England_SHEF-C6DE1_2020_EPI_ISL_432830_2020-04-03)
Align target 21 (hCoV-19_Scotland_GCVR-17028C_2020_EPI_ISL_459566_2020-03-24)
Align target 22 (hCoV-19_Wales_PHWC-2B46D_2020_EPI_ISL_445713_2020-04-11)
Align target 23 (hCoV-19_Australia_VIC116_2020_EPI_ISL_419721)
Align target 24 (hCoV-19_Portugal_PT0160_2020_EPI_ISL_453876_2020-03-27)
Align target 25 (hCoV-19_England_20136096704_2020_EPI_ISL_420649)
Align target 26 (hCoV-19_Wales_PHWC-2F4D2_2020_EPI_ISL_446258_2020-04-17)
Align target 27 (hCoV-19_USA_MA-MGH-00183_2020_EPI_ISL_460362_2020-03-27)
Align target 28 (hCoV-19_Wales_PHWC-31F45_2020_EPI_ISL_446588_2020-04-13)
Align target 29 (hCoV-19_Jian_JX169_2020_EPI_ISL_421256)
Align target 30 (hCoV-19_England_LOND-D37E3_2020_EPI_ISL_440989_2020-03-31)
Align target 31 (hCoV-19_USA_MI-MDHHS-SC20204_2020_EPI_ISL_447175_2020-03-18)
Align target 32 (hCoV-19_England_NOTT-10F01F_2020_EPI_ISL_432956_2020-03-30)
Align target 33 (hCoV-19_USA_MI-MDHHS-SC20524_2020_EPI_ISL_460572_2020-04-29)
Align target 34 (hCoV-19_USA_WA-S689_2020_EPI_ISL_449859_2020-04-08)
Align target 35 (hCoV-19_England_CAMB-7FBB0_2020_EPI_ISL_433487_2020-04-16)
Align target 36 (hCoV-19_Scotland_EDB513_2020_EPI_ISL_426011)
Align target 37 (hCoV-19_New_Zealand_20VR2054_2020_EPI_ISL_456349_2020-04-03)
Align target 38 (hCoV-19_Canada_QC_AZ1_2020_EPI_ISL_463958_2020-04-12)
Align target 39 (hCoV-19_Wuhan_HB-WHCM2-276_2020_EPI_ISL_455009_2020-02-24)
Align target 40 (hCoV-19_Netherlands_NoordBrabant_69_2020_EPI_ISL_422865)
Align target 41 (hCoV-19_USA_NY-PV09170_2020_EPI_ISL_422532)
Align target 42 (hCoV-19_England_20139052704_2020_EPI_ISL_420704)
Align target 43 (hCoV-19_Colombia_GVI-93511_2020_EPI_ISL_447785_2020-04-02)
Align target 44 (hCoV-19_USA_WA-UW-4290_2020_EPI_ISL_427254)
Align target 45 (hCoV-19_Russia_CRIE139642_2020_EPI_ISL_467775_2020-03-29)
Align target 46 (hCoV-19_England_NORT-288F7A_2020_EPI_ISL_458653_2020-03-25)
Align target 47 (hCoV-19_Israel_13077711_2020_EPI_ISL_447428_2020-04-03)
Align target 48 (hCoV-19_Congo_KN-0043_2020_EPI_ISL_417435)
Align target 49 (hCoV-19_USA_LA-EVTL033_2020_EPI_ISL_435571_2020-04-24)
Align target 50 (hCoV-19_USA_UT-00066_2020_EPI_ISL_430019)
Align target 51 (hCoV-19_England_CAMB-734A2_2020_EPI_ISL_440202_2020-03-22)
Align target 52 (hCoV-19_Turkey_6224-Ankara1034_2020_EPI_ISL_417413)
Align target 53 (hCoV-19_Bosnia-and-Herzegovina_ChVir7340_2020_EPI_ISL_462450_2020-03-17)
Align target 54 (hCoV-19_Wales_PHWC-31A17_2020_EPI_ISL_446517_2020-04-10)
Align target 55 (hCoV-19_England_CAMB-1B3557_2020_EPI_ISL_461561_2020-05-27)
Align target 56 (hCoV-19_Scotland_GCVR-170AB1_2020_EPI_ISL_459588_2020-03-25)
Align target 57 (hCoV-19_Scotland_EDB1046_2020_EPI_ISL_433378_2020-04-06)
Align target 58 (hCoV-19_Netherlands_Utrecht_1363628_2020_EPI_ISL_413589)
Align target 59 (hCoV-19_England_LOND-D42C3_2020_EPI_ISL_444112_2020-04-06)
Align target 60 (hCoV-19_USA_TX-HMH095_2020_EPI_ISL_434800_2020-03-19)
Align target 61 (hCoV-19_USA_WA-S968_2020_EPI_ISL_463458_2020-05-01)
Align target 62 (hCoV-19_USA_WA-S774_2020_EPI_ISL_449944_2020-04-14)
Align target 63 (hCoV-19_England_CAMB-1B0AA6_2020_EPI_ISL_452936_2020-05-13)
Align target 64 (hCoV-19_Spain_CastillayLeon201323_2020_EPI_ISL_418248)
Align target 65 (hCoV-19_Australia_NSW529_2020_EPI_ISL_455068_2020-05-05)
Align target 66 (hCoV-19_USA_WA-UW334_2020_EPI_ISL_418901)
Align target 67 (hCoV-19_England_SHEF-CA266_2020_EPI_ISL_457640_2020-05-02)
Align target 68 (hCoV-19_England_20169015604_2020_EPI_ISL_465200_2020-04-17)
Align target 69 (hCoV-19_Denmark_ALAB-SSI268_2020_EPI_ISL_429428)
Align target 70 (hCoV-19_England_NOTT-10FB4B_2020_EPI_ISL_432689_2020-04-07)
Align target 71 (hCoV-19_England_20169041904_2020_EPI_ISL_465250_2020-04-18)
Align target 72 (hCoV-19_Wales_PHWC-342C1_2020_EPI_ISL_446898_2020-04-14)
Align target 73 (hCoV-19_Netherlands_NA_14_2020_EPI_ISL_415470)
Align target 74 (hCoV-19_England_LIVE-9C160_2020_EPI_ISL_449516_2020-03-30)
Align target 75 (hCoV-19_England_LIVE-9CBBD_2020_EPI_ISL_440937_2020-04-25)
Align target 76 (hCoV-19_Wales_PHWC-248E0_2020_EPI_ISL_420922)
Align target 77 (hCoV-19_England_CAMB-7675B_2020_EPI_ISL_438382_2020-03-31)
Align target 78 (hCoV-19_England_20146061504_2020_EPI_ISL_421986)
Align target 79 (hCoV-19_England_201620092_2020_EPI_ISL_466407_2020-04-12)
Align target 80 (hCoV-19_England_20149044304_2020_EPI_ISL_466198_2020-04-03)
Align target 81 (hCoV-19_Scotland_EDB753_2020_EPI_ISL_433236_2020-04-03)
Align target 82 (hCoV-19_England_SHEF-C5535_2020_EPI_ISL_448848_2020-04-15)
Align target 83 (hCoV-19_England_LOND-D468B_2020_EPI_ISL_444145_2020-04-08)
Align target 84 (hCoV-19_Northern_Ireland_NIRE-FC30E_2020_EPI_ISL_459396_2020-04-13)
Align target 85 (hCoV-19_Wales_PHWC-29CC1_2020_EPI_ISL_432330_2020-04-05)
Align target 86 (hCoV-19_England_CAMB-790D5_2020_EPI_ISL_441098_2020-04-03)
Align target 87 (hCoV-19_Belgium_ULG-10171_2020_EPI_ISL_455959_2020-5-11)
Align target 88 (hCoV-19_England_201161543_2020_EPI_ISL_464855_2020-03-11)
Align target 89 (hCoV-19_England_EXET-136765_2020_EPI_ISL_457233_2020-04-26)
Align target 90 (hCoV-19_England_SHEF-CAE71_2020_EPI_ISL_442374_2020-04-01)
Align target 91 (hCoV-19_Australia_SAP220_2020_EPI_ISL_467995_2020-03-15)
Align target 92 (hCoV-19_Spain_COV001121_2020_EPI_ISL_452580_2020-03-27)
Align target 93 (hCoV-19_Switzerland_100811_2020_EPI_ISL_451761_2020-03-26)
Align target 94 (hCoV-19_England_BRIS-1234A0_2020_EPI_ISL_442727_2020-04-06)
Align target 95 (hCoV-19_Canada_Qc-L00240556_2020_EPI_ISL_450302_2020-03-27)
Align target 96 (hCoV-19_Wales_PHWC-28AE6_2020_EPI_ISL_445400_2020-04-03)
Align target 97 (hCoV-19_USA_NM-UNM-00040_2020_EPI_ISL_467621_2020-03-18)
Align target 98 (hCoV-19_England_SHEF-CB3AE_2020_EPI_ISL_442382_2020-03-25)
Align target 99 (hCoV-19_England_20134021904_2020_EPI_ISL_423118)
Computing global alignment... done.
