Align target 0 (hCoV-19_England_LIVE-99AC2_2020_EPI_ISL_439795_2020-04-13)
Align target 1 (hCoV-19_Jiujiang_JX22_2020_EPI_ISL_421237)
Align target 2 (hCoV-19_Canada_ON_PHL1083_2020_EPI_ISL_418340)
Align target 3 (hCoV-19_Jian_JX169_2020_EPI_ISL_421256)
Align target 4 (hCoV-19_Shanghai_SH0088_2020_EPI_ISL_416387)
Align target 5 (hCoV-19_England_NOTT-10FC66_2020_EPI_ISL_432705_2020-04-08)
Align target 6 (hCoV-19_USA_NY-NYUMC358_2020_EPI_ISL_430385)
Align target 7 (hCoV-19_Canada_BC_25384316_2020_EPI_ISL_463222_2020-03)
Align target 8 (hCoV-19_Netherlands_Gelderland_140_2020_EPI_ISL_460900_2020-05-22)
Align target 9 (hCoV-19_USA_FL-BPHL-0092_2020_EPI_ISL_445035_2020-04-28)
Align target 10 (hCoV-19_Northern_Ireland_NIRE-FC7C6_2020_EPI_ISL_459351_2020-04-19)
Align target 11 (hCoV-19_England_SHEF-CC99C_2020_EPI_ISL_442419_2020-03-25)
Align target 12 (hCoV-19_Australia_NSW279_2020_EPI_ISL_451543_2020-03-28)
Align target 13 (hCoV-19_Belgium_rega-0423297_2020_EPI_ISL_462151_2020-04-23)
Align target 14 (hCoV-19_England_NORW-EB9F1_2020_EPI_ISL_457466_2020-05-09)
Align target 15 (hCoV-19_Brazil_CV4_2020_EPI_ISL_429667)
Align target 16 (hCoV-19_Scotland_CVR1994_2020_EPI_ISL_438867_2020-04-09)
Align target 17 (hCoV-19_France_HF3534_2020_EPI_ISL_428353)
Align target 18 (hCoV-19_England_20144049704_2020_EPI_ISL_421951)
Align target 19 (hCoV-19_USA_UPHL-03_2020_EPI_ISL_415541)
Align target 20 (hCoV-19_England_EXET-135906_2020_EPI_ISL_457115_2020-04-16)
Align target 21 (hCoV-19_USA_CA-CZB-1057_2020_EPI_ISL_437057_2020-04-07)
Align target 22 (hCoV-19_Netherlands_NA_512_2020_EPI_ISL_460685_2020-04-01)
Align target 23 (hCoV-19_Netherlands_NoordBrabant_158_2020_EPI_ISL_461193_2020-04-22)
Align target 24 (hCoV-19_New_Zealand_20VR2066_2020_EPI_ISL_456357_2020-04-06)
Align target 25 (hCoV-19_England_CAMB-1AF925_2020_EPI_ISL_459251_2020-05-01)
Align target 26 (hCoV-19_Scotland_GCVR-170116_2020_EPI_ISL_459558_2020-03-23)
Align target 27 (hCoV-19_Netherlands_ZuidHolland_15_2020_EPI_ISL_414557)
Align target 28 (hCoV-19_Wales_PHWC-29B88_2020_EPI_ISL_431974_2020-04-04)
Align target 29 (hCoV-19_England_20138017204_2020_EPI_ISL_423286)
Align target 30 (hCoV-19_Spain_COV001465_2020_EPI_ISL_467127_2020-03-17)
Align target 31 (hCoV-19_Australia_VIC1183_2020_EPI_ISL_430628)
Align target 32 (hCoV-19_Portugal_PT0573_2020_EPI_ISL_454296_2020-04-11)
Align target 33 (hCoV-19_USA_NY-NYUMC623_2020_EPI_ISL_444740_2020-04-02)
Align target 34 (hCoV-19_Spain_Valencia267_2020_EPI_ISL_436362_2020-03-17)
Align target 35 (hCoV-19_England_OXON-AD937_2020_EPI_ISL_448604_2020)
Align target 36 (hCoV-19_England_CAMB-81CA9_2020_EPI_ISL_442565_2020-04-12)
Align target 37 (hCoV-19_England_BRIS-1292CE_2020_EPI_ISL_458870_2020-04-19)
Align target 38 (hCoV-19_Singapore_127_2020_EPI_ISL_443219_2020-03-20)
Align target 39 (hCoV-19_Scotland_EDB5484_2020_EPI_ISL_461756_2020-04-26)
Align target 40 (hCoV-19_USA_WI-UW-261_2020_EPI_ISL_434607_2020-03-26)
Align target 41 (hCoV-19_Wales_PHWC-2A53E_2020_EPI_ISL_445581_2020-04-06)
Align target 42 (hCoV-19_Saudi_Arabia_KAUST-Makkah10_2020_EPI_ISL_437464_2020-03-23)
Align target 43 (hCoV-19_Belgium_ULG-8532_2020_EPI_ISL_418635)
Align target 44 (hCoV-19_USA_NY-PV09030_2020_EPI_ISL_421601)
Align target 45 (hCoV-19_England_LIVE-9EB06_2020_EPI_ISL_453366_2020-04-05)
Align target 46 (hCoV-19_Wales_PHWC-34346_2020_EPI_ISL_446906_2020-04-12)
Align target 47 (hCoV-19_Greece_50_36277_2020_EPI_ISL_447833_2020-03-23)
Align target 48 (hCoV-19_Scotland_CVR1019_2020_EPI_ISL_438753_2020-03-29)
Align target 49 (hCoV-19_England_BIRM-5F3EB_2020_EPI_ISL_456675_2020-05-05)
Align target 50 (hCoV-19_England_SHEF-C29C3_2020_EPI_ISL_453700_2020-04-23)
Align target 51 (hCoV-19_USA_NY-NYUMC925_2020_EPI_ISL_467418_2020-03-18)
Align target 52 (hCoV-19_USA_MA-MGH-00214_2020_EPI_ISL_460322_2020-03-27)
Align target 53 (hCoV-19_England_BRIS-124D2C_2020_EPI_ISL_444016_2020-03-26)
Align target 54 (hCoV-19_Australia_VIC1000_2020_EPI_ISL_430484)
Align target 55 (hCoV-19_Singapore_315_2020_EPI_ISL_462433_2020-02-19)
Align target 56 (hCoV-19_USA_MA-MGH-00149_2020_EPI_ISL_460409_2020-03-26)
Align target 57 (hCoV-19_Wales_PHWC-29D46_2020_EPI_ISL_432363_2020-04-03)
Align target 58 (hCoV-19_Portugal_PT0499_2020_EPI_ISL_454223_2020-03-13)
Align target 59 (hCoV-19_USA_MA-MGH-00558_2020_EPI_ISL_460387_2020-03-22)
Align target 60 (hCoV-19_England_NOTT-10E678_2020_EPI_ISL_425576)
Align target 61 (hCoV-19_England_20139009204_2020_EPI_ISL_421867)
Align target 62 (hCoV-19_USA_WA-S941_2020_EPI_ISL_463431_2020-04-23)
Align target 63 (hCoV-19_Nigeria_OS070-CV11_2020_EPI_ISL_455422_2020-03-29)
Align target 64 (hCoV-19_Luxembourg_LNS5519604_2020_EPI_ISL_429711)
Align target 65 (hCoV-19_England_20138015704_2020_EPI_ISL_423280)
Align target 66 (hCoV-19_USA_NY-PV09115_2020_EPI_ISL_422491)
Align target 67 (hCoV-19_USA_WA-S1201_2020_EPI_ISL_463691_2020-05-07)
Align target 68 (hCoV-19_England_20100005406_2020_EPI_ISL_415135)
Align target 69 (hCoV-19_England_LIVE-9BC7F_2020_EPI_ISL_440907_2020-04-20)
Align target 70 (hCoV-19_USA_WA-S783_2020_EPI_ISL_449953_2020-04-14)
Align target 71 (hCoV-19_USA_WA-S145_2020_EPI_ISL_430182)
Align target 72 (hCoV-19_England_SHEF-D21D7_2020_EPI_ISL_442506_2020-03-26)
Align target 73 (hCoV-19_DRC_1131_2020_EPI_ISL_429255)
Align target 74 (hCoV-19_Netherlands_NA_274_2020_EPI_ISL_422585)
Align target 75 (hCoV-19_Wales_PHWC-33BA9_2020_EPI_ISL_446797_2020-04-21)
Align target 76 (hCoV-19_Wales_PHWC-2F135_2020_EPI_ISL_446205_2020-04-06)
Align target 77 (hCoV-19_England_20170033904_2020_EPI_ISL_465281_2020-04-04)
Align target 78 (hCoV-19_England_CAMB-82BC9_2020_EPI_ISL_438668_2020-04-24)
Align target 79 (hCoV-19_Wales_PHWC-2E2E8_2020_EPI_ISL_446085_2020-04-15)
Align target 80 (hCoV-19_Switzerland_100122_2020_EPI_ISL_451706_2020-03-16)
Align target 81 (hCoV-19_Switzerland_1000477806_2020_EPI_ISL_413024)
Align target 82 (hCoV-19_England_BRIS-1296C2_2020_EPI_ISL_458802_2020-04-01)
Align target 83 (hCoV-19_England_LOND-D3B05_2020_EPI_ISL_449626_2020-04-04)
Align target 84 (hCoV-19_England_CAMB-79A22_2020_EPI_ISL_433814_2020-03-26)
Align target 85 (hCoV-19_Netherlands_NA_253_2020_EPI_ISL_422787)
Align target 86 (hCoV-19_Australia_VIC1370_2020_EPI_ISL_456412_2020-04-14)
Align target 87 (hCoV-19_USA_CA-SR0404_2020_EPI_ISL_458275_2020-04-07)
Align target 88 (hCoV-19_England_BRIS-12A12A_2020_EPI_ISL_458412_2020-04-11)
Align target 89 (hCoV-19_Portugal_PT0370_2020_EPI_ISL_454086_2020-03-19)
Align target 90 (hCoV-19_USA_NY-NYUMC918_2020_EPI_ISL_467411_2020-03-18)
Align target 91 (hCoV-19_England_CAMB-8277A_2020_EPI_ISL_443637_2020-04-13)
Align target 92 (hCoV-19_Portugal_PT0498_2020_EPI_ISL_454222_2020-03-11)
Align target 93 (hCoV-19_France_BFC5011_2020_EPI_ISL_443261_2020-04-03)
Align target 94 (hCoV-19_USA_FL-BPHL-034_2020_EPI_ISL_436538_2020-04-16)
Align target 95 (hCoV-19_USA_LA-SR0270_2020_EPI_ISL_445125_2020-04-01)
Align target 96 (hCoV-19_Scotland_CVR2977_2020_EPI_ISL_448217_2020-04-22)
Align target 97 (hCoV-19_India_ILSCV19342_2020_EPI_ISL_463069_2020-05-14)
Align target 98 (hCoV-19_England_CAMB-1AFE17_2020_EPI_ISL_459230_2020-05-04)
Align target 99 (hCoV-19_Wales_PHWC-2723A_2020_EPI_ISL_432317_2020-03-30)
Computing global alignment... done.
