Align target 0 (hCoV-19_Sweden_20-50092_2020_EPI_ISL_455849_2020-03-04)
Align target 1 (hCoV-19_Northern_Ireland_NIRE-10235F_2020_EPI_ISL_441404_2020-03-22)
Align target 2 (hCoV-19_England_NOTT-10FAA8_2020_EPI_ISL_432681_2020-04-07)
Align target 3 (hCoV-19_Luxembourg_LNS5507695_2020_EPI_ISL_459899_2020-05-15)
Align target 4 (hCoV-19_India_GBRC148a_2020_EPI_ISL_458109_2020-05-17)
Align target 5 (hCoV-19_Scotland_EDB2079_2020_EPI_ISL_433178_2020-04-19)
Align target 6 (hCoV-19_England_20149052904_2020_EPI_ISL_466208_2020-04-04)
Align target 7 (hCoV-19_USA_WA-UW-5847_2020_EPI_ISL_461444_2020-03-31)
Align target 8 (hCoV-19_England_NORW-E9FF1_2020_EPI_ISL_448384_2020-05-03)
Align target 9 (hCoV-19_Wales_PHWC-2DE21_2020_EPI_ISL_446027_2020-04-14)
Align target 10 (hCoV-19_Northern_Ireland_NIRE-FC90C_2020_EPI_ISL_459340_2020-04-22)
Align target 11 (hCoV-19_Austria_CeMM0117_2020_EPI_ISL_437975_2020-03-13)
Align target 12 (hCoV-19_Scotland_CVR1600_2020_EPI_ISL_438843_2020-04-02)
Align target 13 (hCoV-19_England_OXON-AF319_2020_EPI_ISL_448824_2020-03-16)
Align target 14 (hCoV-19_USA_VA-DCLS-0059_2020_EPI_ISL_426467)
Align target 15 (hCoV-19_USA_WA1-A12_2020_EPI_ISL_407214)
Align target 16 (hCoV-19_USA_NY-NYUMC76_2020_EPI_ISL_421577)
Align target 17 (hCoV-19_USA_WA-UW-1578_2020_EPI_ISL_423016)
Align target 18 (hCoV-19_Australia_VIC148_2020_EPI_ISL_419845)
Align target 19 (hCoV-19_USA_CA-CZB-1010_2020_EPI_ISL_436651_2020-04-03)
Align target 20 (hCoV-19_England_CAMB-752B5_2020_EPI_ISL_440406_2020-03-18)
Align target 21 (hCoV-19_Australia_NSW23_2020_EPI_ISL_427650)
Align target 22 (hCoV-19_England_OXON-AC437_2020_EPI_ISL_448450_2020-04-05)
Align target 23 (hCoV-19_Wales_PHWC-2B53D_2020_EPI_ISL_445724_2020-04-10)
Align target 24 (hCoV-19_Brazil_SP0111_2020_EPI_ISL_417945)
Align target 25 (hCoV-19_Wales_PHWC-32D2C_2020_EPI_ISL_446682_2020-04-07)
Align target 26 (hCoV-19_England_BRIS-125FAD_2020_EPI_ISL_459058_2020-04-10)
Align target 27 (hCoV-19_Wales_PHWC-2B148_2020_EPI_ISL_432264_2020-04-07)
Align target 28 (hCoV-19_India_NGC-CDFD-10_2020_EPI_ISL_466848_2020-05-13)
Align target 29 (hCoV-19_Canada_ON-UHTC_0021_2020_EPI_ISL_464027_2020-03-30)
Align target 30 (hCoV-19_England_CAMB-1AD981_2020_EPI_ISL_448030_2020)
Align target 31 (hCoV-19_England_CAMB-1AF63D_2020_EPI_ISL_459317_2020-05-01)
Align target 32 (hCoV-19_Scotland_CVR136_2020_EPI_ISL_425679)
Align target 33 (hCoV-19_Wales_PHWC-25A70_2020_EPI_ISL_422341)
Align target 34 (hCoV-19_Wales_PHWC-2B46D_2020_EPI_ISL_445713_2020-04-11)
Align target 35 (hCoV-19_Denmark_ALAB-SSI-661_2020_EPI_ISL_437028_2020-03-28)
Align target 36 (hCoV-19_USA_MI-MDHHS-SC20264_2020_EPI_ISL_447063_2020-03-28)
Align target 37 (hCoV-19_England_SHEF-C6543_2020_EPI_ISL_448858_2020-04-17)
Align target 38 (hCoV-19_USA_UT-0108_2020_EPI_ISL_435352_2020-03-12)
Align target 39 (hCoV-19_India_GBRC96_2020_EPI_ISL_450784_2020-05-09)
Align target 40 (hCoV-19_England_NORW-EB01A_2020_EPI_ISL_457406_2020-04-30)
Align target 41 (hCoV-19_England_CAMB-7AD46_2020_EPI_ISL_433870_2020-04-07)
Align target 42 (hCoV-19_England_LOND-D3BAB_2020_EPI_ISL_449635_2020-04-04)
Align target 43 (hCoV-19_USA_CA-CZB-1218_2020_EPI_ISL_450467_2020-03-24)
Align target 44 (hCoV-19_France_OCC-8_2020_EPI_ISL_434623_2020-03)
Align target 45 (hCoV-19_Australia_VIC1699_2020_EPI_ISL_456586_2020-05-17)
Align target 46 (hCoV-19_Germany_BavPat3_2020_EPI_ISL_414521)
Align target 47 (hCoV-19_Belgium_Rega-0329227_2020_EPI_ISL_458197_2020-03-29)
Align target 48 (hCoV-19_New_Zealand_20VR1450_2020_EPI_ISL_456217_2020-03-24)
Align target 49 (hCoV-19_USA_UT-02235_2020_EPI_ISL_436932_2020-04-15)
Align target 50 (hCoV-19_England_CAMB-75516_2020_EPI_ISL_425401)
Align target 51 (hCoV-19_England_NORT-291169_2020_EPI_ISL_453539_2020-04-26)
Align target 52 (hCoV-19_Scotland_CVR3036_2020_EPI_ISL_461628_2020-04-23)
Align target 53 (hCoV-19_Scotland_CVR47_2020_EPI_ISL_425776)
Align target 54 (hCoV-19_England_201090510_2020_EPI_ISL_464575_2020-03-06)
Align target 55 (hCoV-19_USA_VA-DCLS-0014_2020_EPI_ISL_419708)
Align target 56 (hCoV-19_Denmark_ALAB-SSI144_2020_EPI_ISL_429362)
Align target 57 (hCoV-19_Germany_BAV-MVP0075_2020_EPI_ISL_437270_2020-03-29)
Align target 58 (hCoV-19_England_BRIS-121E86_2020_EPI_ISL_440032_2020-03-19)
Align target 59 (hCoV-19_Belgium_FM-0408414_2020_EPI_ISL_462268_2020-04-08)
Align target 60 (hCoV-19_Wales_PHWC-32DB3_2020_EPI_ISL_446689_2020-04-14)
Align target 61 (hCoV-19_Spain_COV001402_2020_EPI_ISL_452499_2020-03-19)
Align target 62 (hCoV-19_Spain_COV001358_2020_EPI_ISL_452543_2020-03-08)
Align target 63 (hCoV-19_England_LOND-D3A80_2020_EPI_ISL_441030_2020-04-06)
Align target 64 (hCoV-19_USA_NM-UNM-00173_2020_EPI_ISL_467582_2020-04-04)
Align target 65 (hCoV-19_England_BRIS-1254DB_2020_EPI_ISL_444017_2020-03-27)
Align target 66 (hCoV-19_Scotland_GCVR-170741_2020_EPI_ISL_459721_2020-03-26)
Align target 67 (hCoV-19_England_SHEF-C0400_2020_EPI_ISL_420188)
Align target 68 (hCoV-19_England_20124003804_2020_EPI_ISL_465775_2020-03-17)
Align target 69 (hCoV-19_Portugal_PT0249_2020_EPI_ISL_453963_2020-04-02)
Align target 70 (hCoV-19_France_IDF2684_2020_EPI_ISL_418240)
Align target 71 (hCoV-19_England_CAMB-75B6F_2020_EPI_ISL_438472_2020-03-29)
Align target 72 (hCoV-19_New_Zealand_20VR1985_2020_EPI_ISL_456322_2020-03-31)
Align target 73 (hCoV-19_England_BRIS-1223FF_2020_EPI_ISL_440802_2020-04-04)
Align target 74 (hCoV-19_USA_LA-EVTL03_2020__EPI_ISL_435036_2020-04-11)
Align target 75 (hCoV-19_England_BRIS-128AA9_2020_EPI_ISL_458779_2020-04-14)
Align target 76 (hCoV-19_Chile_Rancagua_9_2020_EPI_ISL_445300_2020-03-23)
Align target 77 (hCoV-19_USA_NY-NYUMC724_2020_EPI_ISL_451439_2020-03-20)
Align target 78 (hCoV-19_England_BRIS-128B3D_2020_EPI_ISL_458745_2020-04-14)
Align target 79 (hCoV-19_England_CAMB-76D95_2020_EPI_ISL_425427)
Align target 80 (hCoV-19_England_20140063604_2020_EPI_ISL_423390)
Align target 81 (hCoV-19_France_ARA13160_2020_EPI_ISL_420624)
Align target 82 (hCoV-19_South_Africa_R07601_2020_EPI_ISL_450300_2020-03-30)
Align target 83 (hCoV-19_USA_WI-174_2020_EPI_ISL_428270)
Align target 84 (hCoV-19_England_20126063104_2020_EPI_ISL_423903)
Align target 85 (hCoV-19_Scotland_CVR1449_2020_EPI_ISL_438816_2020-04-02)
Align target 86 (hCoV-19_Netherlands_Gelderland_155_2020_EPI_ISL_460915_2020-05-22)
Align target 87 (hCoV-19_Netherlands_NoordBrabant_148_2020_EPI_ISL_461183_2020-04-26)
Align target 88 (hCoV-19_Scotland_CVR2491_2020_EPI_ISL_453056_2020-04-14)
Align target 89 (hCoV-19_Wales_PHW28_2020_EPI_ISL_415659)
Align target 90 (hCoV-19_England_CAMB-832E1_2020_EPI_ISL_443390_2020-04-15)
Align target 91 (hCoV-19_Australia_VIC1596_2020_EPI_ISL_456505_2020-05-05)
Align target 92 (hCoV-19_Belgium_HAJ-0328392_2020_EPI_ISL_462246_2020-03-29)
Align target 93 (hCoV-19_Chile_Punta_Arenas_4_2020_EPI_ISL_445282_2020-03-19)
Align target 94 (hCoV-19_Colombia_GVI-93535_2020_EPI_ISL_447787_2020-04-03)
Align target 95 (hCoV-19_England_20140048804_2020_EPI_ISL_420762)
Align target 96 (hCoV-19_England_NORW-EB37B_2020_EPI_ISL_457423_2020-05-01)
Align target 97 (hCoV-19_Wales_PHWC-33E55_2020_EPI_ISL_446830_2020-04-16)
Align target 98 (hCoV-19_Switzerland_100092_2020_EPI_ISL_451684_2020-03-13)
Align target 99 (hCoV-19_USA_WA-S1078_2020_EPI_ISL_463568_2020-04-30)
Computing global alignment... done.
