Align target 0 (hCoV-19_USA_GA_2147_2020_EPI_ISL_426418)
Align target 1 (hCoV-19_Kenya_P1293_2020_EPI_ISL_457859_2020-04)
hCoV-19_Kenya_P1293_2020_EPI_ISL_457859_2020-04: Frameshift error (scores nt: 119807; codon: 117246)
Align target 2 (hCoV-19_Denmark_ALAB-SSI-674_2020_EPI_ISL_437034_2020-03-15)
Align target 3 (hCoV-19_Wales_PHWC-26541_2020_EPI_ISL_422248)
Align target 4 (hCoV-19_Saudi_Arabia_KAUST-Madinah45_2020_EPI_ISL_437474_2020-03-29)
Align target 5 (hCoV-19_Japan_DP0290_2020_EPI_ISL_416591)
Align target 6 (hCoV-19_USA_UT-00020_2020_EPI_ISL_417028)
Align target 7 (hCoV-19_England_OXON-ADB7D_2020_EPI_ISL_448618_2020)
Align target 8 (hCoV-19_Luxembourg_LNS8323413_2020_EPI_ISL_429788)
Align target 9 (hCoV-19_India_CCMB_C14_2020_EPI_ISL_458043_2020-05-06)
Align target 10 (hCoV-19_England_CAMB-7278C_2020_EPI_ISL_439565_2020-03-23)
Align target 11 (hCoV-19_Canada_ON-UHTC_0026_2020_EPI_ISL_464044_2020-04-01)
Align target 12 (hCoV-19_Wales_PHWC-2BEC9_2020_EPI_ISL_445864_2020-04-10)
Align target 13 (hCoV-19_England_CAMB-7B510_2020_EPI_ISL_433970_2020-04-13)
Align target 14 (hCoV-19_USA_WI-155_2020_EPI_ISL_427462)
Align target 15 (hCoV-19_Iceland_480_2020_EPI_ISL_424503)
Align target 16 (hCoV-19_Brazil_RJ-2811_2020_EPI_ISL_467365_2020-04-27)
Align target 17 (hCoV-19_England_CAMB-7D684_2020_EPI_ISL_441563_2020-04-06)
Align target 18 (hCoV-19_England_SHEF-CDE8D_2020_EPI_ISL_453756_2020-04-23)
Align target 19 (hCoV-19_England_CAMB-83CE3_2020_EPI_ISL_443372_2020-04-16)
Align target 20 (hCoV-19_Scotland_CVR3170_2020_EPI_ISL_449200_2020-04-27)
Align target 21 (hCoV-19_England_20119005304_2020_EPI_ISL_465014_2020-03-13)
Align target 22 (hCoV-19_Wales_PHWC-29001_2020_EPI_ISL_445468_2020-04-03)
Align target 23 (hCoV-19_Spain_COV000936_2020_EPI_ISL_452636_2020-03-28)
Align target 24 (hCoV-19_Iceland_416_2020_EPI_ISL_424440)
Align target 25 (hCoV-19_England_20138018204_2020_EPI_ISL_423289)
Align target 26 (hCoV-19_Wales_PHWC-2EBFC_2020_EPI_ISL_446126_2020-04-06)
Align target 27 (hCoV-19_England_NORT-284EAE_2020_EPI_ISL_457303_2020-04-23)
Align target 28 (hCoV-19_England_20129002004_2020_EPI_ISL_423976)
Align target 29 (hCoV-19_DRC_3791_2020_EPI_ISL_447242_2020-04-24)
Align target 30 (hCoV-19_Scotland_EDB594_2020_EPI_ISL_433210_2020-04-01)
Align target 31 (hCoV-19_England_CAMB-79B6B_2020_EPI_ISL_441305_2020-04-02)
Align target 32 (hCoV-19_Netherlands_NA_153_2020_EPI_ISL_422688)
Align target 33 (hCoV-19_USA_WA-S753_2020_EPI_ISL_449923_2020-04-13)
Align target 34 (hCoV-19_Netherlands_Gelderland_70_2020_EPI_ISL_460969_2020-05-18)
Align target 35 (hCoV-19_Guangdong_20SF4051_2020_EPI_ISL_428463)
Align target 36 (hCoV-19_England_BRIS-1220BC_2020_EPI_ISL_440028_2020-03-21)
Align target 37 (hCoV-19_England_NOTT-1113E4_2020_EPI_ISL_453659_2020-05-16)
Align target 38 (hCoV-19_England_CAMB-1B17BD_2020_EPI_ISL_452979_2020-05-15)
Align target 39 (hCoV-19_Singapore_189_2020_EPI_ISL_462307_2020-04-20)
Align target 40 (hCoV-19_England_CAMB-82C20_2020_EPI_ISL_438671_2020-04-23)
Align target 41 (hCoV-19_England_BRIS-124A9E_2020_EPI_ISL_443960_2020-03-26)
Align target 42 (hCoV-19_USA_UN-UW-4645_2020_EPI_ISL_429628)
Align target 43 (hCoV-19_Hangzhou_HZ576_2020_EPI_ISL_418514)
Align target 44 (hCoV-19_England_20144012904_2020_EPI_ISL_421931)
Align target 45 (hCoV-19_Wales_PHWC-31455_2020_EPI_ISL_446448_2020-04-12)
Align target 46 (hCoV-19_England_LOND-D4955_2020_EPI_ISL_444158_2020-04-10)
Align target 47 (hCoV-19_Wuhan_HB-WH2-159_2020_EPI_ISL_454927_2020-02-28)
Align target 48 (hCoV-19_Wales_PHWC-33040_2020_EPI_ISL_446727_2020-04-14)
Align target 49 (hCoV-19_England_BRIS-126030_2020_EPI_ISL_458924_2020-04-09)
Align target 50 (hCoV-19_Scotland_CVR1910_2020_EPI_ISL_438852_2020-04-07)
Align target 51 (hCoV-19_England_20188018104_2020_EPI_ISL_465495_2020-04-30)
Align target 52 (hCoV-19_England_20140063804_2020_EPI_ISL_465883_2020-03-29)
Align target 53 (hCoV-19_Portugal_PT0398_2020_EPI_ISL_454121_2020-04-19)
Align target 54 (hCoV-19_Greece_210_33942_2020_EPI_ISL_437880_2020-03-14)
Align target 55 (hCoV-19_Scotland_CVR1495_2020_EPI_ISL_433601_2020-04-02)
Align target 56 (hCoV-19_Singapore_297_2020_EPI_ISL_462415_2020-03-20)
Align target 57 (hCoV-19_Luxembourg_LNS7812353_2020_EPI_ISL_429793)
Align target 58 (hCoV-19_USA_TX_GCID_192000088_2020_EPI_ISL_445081_2020-03-23)
Align target 59 (hCoV-19_Greece_216_34732_2020_EPI_ISL_447641_2020-03-18)
Align target 60 (hCoV-19_England_201040074_2020_EPI_ISL_464319_2020-03-03)
Align target 61 (hCoV-19_England_BRIS-12963B_2020_EPI_ISL_458762_2020-04-20)
Align target 62 (hCoV-19_USA_WA-S457_2020_EPI_ISL_434217_2020-04-02)
Align target 63 (hCoV-19_India_NIV-2387_2020_EPI_ISL_454527_2020-03-13)
Align target 64 (hCoV-19_USA_NY-PV09413_2020_EPI_ISL_450093_2020-03-09)
Align target 65 (hCoV-19_Denmark_ALAB-HH-218_2020_EPI_ISL_452069_2020-04-27)
Align target 66 (hCoV-19_France_HF2496_2020_EPI_ISL_418231)
Align target 67 (hCoV-19_USA_MN-MDH-163_2020_EPI_ISL_460058_2020-03-23)
Align target 68 (hCoV-19_United_Arab_Emirates_L5630_2020_EPI_ISL_435137_2020-01-29)
Align target 69 (hCoV-19_England_LIVE-99725_2020_EPI_ISL_439753_2020-04-09)
Align target 70 (hCoV-19_England_CAMB-1AC357_2020_EPI_ISL_447951_2020-05-01)
Align target 71 (hCoV-19_Sweden_20-50259_2020_EPI_ISL_455897_2020-03-07)
Align target 72 (hCoV-19_England_NORT-288DBC_2020_EPI_ISL_458591_2020-03-22)
Align target 73 (hCoV-19_USA_WA-UW-3996_2020_EPI_ISL_427233)
Align target 74 (hCoV-19_Netherlands_Zeeland_26_2020_EPI_ISL_461264_2020-03-27)
Align target 75 (hCoV-19_England_CAMB-78E36_2020_EPI_ISL_441288_2020-04-02)
Align target 76 (hCoV-19_USA_TX-HMH058_2020_EPI_ISL_434767_2020-03-17)
Align target 77 (hCoV-19_England_20132025004_2020_EPI_ISL_423760)
Align target 78 (hCoV-19_Spain_COV002492_2020_EPI_ISL_467056_2020-03-14)
Align target 79 (hCoV-19_Denmark_ALAB-HH-198_2020_EPI_ISL_452059_2020-04-26)
Align target 80 (hCoV-19_England_20132091804_2020_EPI_ISL_423824)
Align target 81 (hCoV-19_Austria_CeMM0088_2020_EPI_ISL_437951_2020-03-24)
Align target 82 (hCoV-19_Germany_BAV-MVP0182_2020_EPI_ISL_466875_2020-04-13)
Align target 83 (hCoV-19_England_CAMB-73AFB_2020_EPI_ISL_425279)
Align target 84 (hCoV-19_Beijing_DT-travelMX01_2020_EPI_ISL_452341_2020-03-22)
Align target 85 (hCoV-19_England_20134077504_2020_EPI_ISL_423170)
Align target 86 (hCoV-19_Denmark_ALAB-SSI-1264_2020_EPI_ISL_444836_2020-03-09)
Align target 87 (hCoV-19_England_CAMB-753A3_2020_EPI_ISL_440429_2020-03-17)
Align target 88 (hCoV-19_Scotland_GCVR-173E0D_2020_EPI_ISL_459123_2020-04-06)
Align target 89 (hCoV-19_England_20132067704_2020_EPI_ISL_423795)
Align target 90 (hCoV-19_England_NOTT-111548_2020_EPI_ISL_457578_2020-05-04)
Align target 91 (hCoV-19_USA_WA-QDX-02_2020_EPI_ISL_444518_2020-03-13)
Align target 92 (hCoV-19_Wales_PHWC-277FF_2020_EPI_ISL_431922_2020-04-01)
Align target 93 (hCoV-19_Sweden_20-50148_2020_EPI_ISL_455858_2020-03-05)
Align target 94 (hCoV-19_England_NORT-289AC3_2020_EPI_ISL_453511_2020-04-03)
Align target 95 (hCoV-19_Australia_VIC1133_2020_EPI_ISL_430596)
Align target 96 (hCoV-19_Singapore_56_2020_EPI_ISL_428835)
Align target 97 (hCoV-19_USA_WA-S497_2020_EPI_ISL_434257_2020-03-31)
Align target 98 (hCoV-19_Wales_PHWC-2B579_2020_EPI_ISL_445727_2020-04-10)
Align target 99 (hCoV-19_USA_WA-S57_2020_EPI_ISL_417110)
Computing global alignment... done.
