Align target 0 (hCoV-19_England_201081129_2020_EPI_ISL_464475_2020-03-05)
Align target 1 (hCoV-19_England_20129033804_2020_EPI_ISL_424024)
Align target 2 (hCoV-19_Australia_NSW239_2020_EPI_ISL_451505_2020-03-25)
Align target 3 (hCoV-19_England_BRIS-1219EF_2020_EPI_ISL_440294_2020-03-31)
Align target 4 (hCoV-19_Wales_PHWC-2B98C_2020_EPI_ISL_445787_2020-03-28)
Align target 5 (hCoV-19_Australia_VIC88_2020_EPI_ISL_419798)
Align target 6 (hCoV-19_England_20136100204_2020_EPI_ISL_423267)
Align target 7 (hCoV-19_Canada_Qc-L00240666_2020_EPI_ISL_465682_2020-03-27)
Align target 8 (hCoV-19_England_SHEF-D223E_2020_EPI_ISL_432647_2020-04-07)
Align target 9 (hCoV-19_USA_NY-NYUMC394_2020_EPI_ISL_430421)
Align target 10 (hCoV-19_England_20128015604_2020_EPI_ISL_423943)
Align target 11 (hCoV-19_England_20100003104_2020_EPI_ISL_464243_2020-03-01)
Align target 12 (hCoV-19_England_CAMB-724B2_2020_EPI_ISL_439943_2020-03-24)
Align target 13 (hCoV-19_USA_WA-S533_2020_EPI_ISL_434293_2020-03-25)
Align target 14 (hCoV-19_Thailand_Bangkok_2420_2020_EPI_ISL_455604_2020-03-13)
Align target 15 (hCoV-19_Colombia_GUR-0787_2020_EPI_ISL_447750_2020-03-30)
Align target 16 (hCoV-19_Australia_SAP057_2020_EPI_ISL_451096_2020-03-27)
Align target 17 (hCoV-19_Wuhan_HBCDC-HB-04_2020_EPI_ISL_412980)
Align target 18 (hCoV-19_India_CCMB_L1026_2020_EPI_ISL_458050_2020-05-11)
Align target 19 (hCoV-19_Saudi_Arabia_KAUST-Makkah12_2020_EPI_ISL_437465_2020-03-23)
Align target 20 (hCoV-19_USA_NY-NYUMC151_2020_EPI_ISL_424958)
Align target 21 (hCoV-19_England_20162002504_2020_EPI_ISL_466386_2020-04-13)
Align target 22 (hCoV-19_Netherlands_ZuidHolland_189_2020_EPI_ISL_461361_2020-04-23)
Align target 23 (hCoV-19_Sweden_20-50213_2020_EPI_ISL_455872_2020-03-06)
Align target 24 (hCoV-19_Australia_SAP079_2020_EPI_ISL_451115_2020-03-31)
Align target 25 (hCoV-19_Wales_PHWC-27D93_2020_EPI_ISL_432087_2020)
Align target 26 (hCoV-19_China_WHU02_2020_EPI_ISL_406717)
Align target 27 (hCoV-19_Netherlands_Utrecht_43_2020_EPI_ISL_461241_2020-04-14)
Align target 28 (hCoV-19_Scotland_CVR304_2020_EPI_ISL_433282_2020-03-21)
Align target 29 (hCoV-19_England_LOND-D5F34_2020_EPI_ISL_444264_2020-04-19)
Align target 30 (hCoV-19_Luxembourg_LNS9324837_2020_EPI_ISL_419602)
Align target 31 (hCoV-19_England_CAMB-7BF7C_2020_EPI_ISL_442080_2020-04-04)
Align target 32 (hCoV-19_India_CCMB_J223_2020_EPI_ISL_447851_2020-04-01)
Align target 33 (hCoV-19_England_20138012802_2020_EPI_ISL_420521)
Align target 34 (hCoV-19_Puerto_Rico_CDC-S8_2020_EPI_ISL_434548_2020-03-23)
Align target 35 (hCoV-19_England_LIVE-9AB82_2020_EPI_ISL_449385_2020-04-01)
Align target 36 (hCoV-19_USA_LA-SR0294_2020_EPI_ISL_445149_2020-04-08)
Align target 37 (hCoV-19_France_10057CJ_2020_EPI_ISL_447688_2020-03)
Align target 38 (hCoV-19_USA_NY-NYUMC707_2020_EPI_ISL_451422_2020-03-20)
Align target 39 (hCoV-19_England_201440123_2020_EPI_ISL_465979_2020-03-30)
Align target 40 (hCoV-19_USA_NY-NYUMC51_2020_EPI_ISL_420302)
Align target 41 (hCoV-19_England_201040081_2020_EPI_ISL_414525)
Align target 42 (hCoV-19_Israel_51140271_2020_EPI_ISL_447326_2020-03-18)
Align target 43 (hCoV-19_Wales_PHWC-3413D_2020_EPI_ISL_446875_2020-04-16)
Align target 44 (hCoV-19_Wales_PHWC-24EA2_2020_EPI_ISL_420953)
Align target 45 (hCoV-19_Spain_COV003650_2020_EPI_ISL_467196_2020-04-01)
Align target 46 (hCoV-19_England_20139006604_2020_EPI_ISL_421857)
Align target 47 (hCoV-19_Northern_Ireland_NIRE-FC6BA_2020_EPI_ISL_459404_2020-04-21)
Align target 48 (hCoV-19_USA_WA-S921_2020_EPI_ISL_463411_2020-04-25)
Align target 49 (hCoV-19_Spain_Valencia19_2020_EPI_ISL_419683)
Align target 50 (hCoV-19_England_20146061904_2020_EPI_ISL_421987)
Align target 51 (hCoV-19_England_201100062_2020_EPI_ISL_464638_2020-03-06)
Align target 52 (hCoV-19_Switzerland_100028_2020_EPI_ISL_466952_2020-03-10)
Align target 53 (hCoV-19_USA_WA-S1139_2020_EPI_ISL_463629_2020-05-04)
Align target 54 (hCoV-19_Taiwan_NTU15_2020_EPI_ISL_422417)
Align target 55 (hCoV-19_Canada_QC_AV6_2020_EPI_ISL_463950_2020-04-04)
Align target 56 (hCoV-19_Australia_VIC1108_2020_EPI_ISL_430591)
Align target 57 (hCoV-19_Iceland_13_2020_EPI_ISL_417765)
Align target 58 (hCoV-19_USA_WI-186_2020_EPI_ISL_428282)
Align target 59 (hCoV-19_Scotland_CVR1272_2020_EPI_ISL_433530_2020-03-31)
Align target 60 (hCoV-19_Wales_PHWC-309C0_2020_EPI_ISL_446303_2020-04-08)
Align target 61 (hCoV-19_England_CAMB-7F3E5_2020_EPI_ISL_442944_2020-04-09)
Align target 62 (hCoV-19_Australia_NSW23_2020_EPI_ISL_427650)
Align target 63 (hCoV-19_Canada_ON-UHTC_0050_2020_EPI_ISL_464036_2020-04-08)
Align target 64 (hCoV-19_Wales_PHWC-32C10_2020_EPI_ISL_446666_2020-04-15)
Align target 65 (hCoV-19_Wales_PHWC-29DCE_2020_EPI_ISL_432215_2020-04-04)
Align target 66 (hCoV-19_USA_TX-HMH0145_2020_EPI_ISL_434844_2020-03-22)
Align target 67 (hCoV-19_England_CAMB-79099_2020_EPI_ISL_441155_2020-04-04)
Align target 68 (hCoV-19_South_Africa_KRISP-0155_2020_EPI_ISL_467505_2020-06-01)
Align target 69 (hCoV-19_Spain_Valencia291_2020_EPI_ISL_436386_2020-03-17)
Align target 70 (hCoV-19_Austria_CeMM0038_2020_EPI_ISL_437927_2020-03-09)
Align target 71 (hCoV-19_Beijing_BJ416_2020_EPI_ISL_430723)
Align target 72 (hCoV-19_England_CAMB-723F1_2020_EPI_ISL_439910_2020-03-24)
Align target 73 (hCoV-19_England_EXET-136352_2020_EPI_ISL_457222_2020-04-11)
Align target 74 (hCoV-19_Oman_RESP-20-6701_2020_EPI_ISL_457998_2020-03-28)
Align target 75 (hCoV-19_England_201360214_2020_EPI_ISL_423245)
Align target 76 (hCoV-19_DRC_2864_2020_EPI_ISL_437351_2020-04-16)
Align target 77 (hCoV-19_Belgium_GSS-0407272_2020_EPI_ISL_464066_2020-04-07)
Align target 78 (hCoV-19_England_CAMB-1B33B7_2020_EPI_ISL_461559_2020-05-25)
Align target 79 (hCoV-19_Canada_QC-AL2_2020_EPI_ISL_450647_2020-04-08)
Align target 80 (hCoV-19_Spain_Valencia612_2020_EPI_ISL_447530_2020-03-31)
Align target 81 (hCoV-19_USA_WA-UW-5095_2020_EPI_ISL_429647)
Align target 82 (hCoV-19_Lebanon_S8_767_2020_EPI_ISL_450514_2020-03-13)
Align target 83 (hCoV-19_England_CAMB-8424A_2020_EPI_ISL_443564_2020-04-16)
Align target 84 (hCoV-19_India_GBRC44_2020_EPI_ISL_444475_2020-04-29)
Align target 85 (hCoV-19_Scotland_EDB063_2020_EPI_ISL_425863)
Align target 86 (hCoV-19_Wales_PHWC-2668A_2020_EPI_ISL_422177)
Align target 87 (hCoV-19_England_SHEF-C0109_2020_EPI_ISL_420290)
Align target 88 (hCoV-19_Scotland_EDB4271_2020_EPI_ISL_449288_2020-04-20)
Align target 89 (hCoV-19_Scotland_EDB110_2020_EPI_ISL_425898)
Align target 90 (hCoV-19_England_CAMB-80958_2020_EPI_ISL_442622_2020-04-10)
Align target 91 (hCoV-19_USA_WA-S458_2020_EPI_ISL_434218_2020-04-06)
Align target 92 (hCoV-19_USA_CA-QDX-43_2020_EPI_ISL_467832_2020-03-13)
Align target 93 (hCoV-19_Kazakhstan_26548_2020_EPI_ISL_454512_2020-04-26)
Align target 94 (hCoV-19_England_CAMB-7A7EE_2020_EPI_ISL_440582_2020-04-02)
Align target 95 (hCoV-19_Singapore_106_2020_EPI_ISL_443198_2020-03-12)
Align target 96 (hCoV-19_England_201420048_2020_EPI_ISL_465901_2020-03-28)
Align target 97 (hCoV-19_Australia_SAP084_2020_EPI_ISL_451120_2020-03-31)
Align target 98 (hCoV-19_Portugal_PT0050_2020_EPI_ISL_421453)
Align target 99 (hCoV-19_Wales_PHWC-2590A_2020_EPI_ISL_422324)
Computing global alignment... done.
