Align target 0 (hCoV-19_England_NORW-EB42D_2020_EPI_ISL_457430_2020-05-02)
Align target 1 (hCoV-19_Romania_Bucuresti-4105_2020_EPI_ISL_468134_2020-03-21)
Align target 2 (hCoV-19_New_Zealand_20VR1908_2020_EPI_ISL_456304_2020-04-01)
Align target 3 (hCoV-19_Scotland_CVR3385_2020_EPI_ISL_456813_2020-05-08)
Align target 4 (hCoV-19_Australia_VIC258_2020_EPI_ISL_419951)
Align target 5 (hCoV-19_England_BRIS-128BB5_2020_EPI_ISL_458883_2020-04-14)
Align target 6 (hCoV-19_USA_IL-UW-1311_2020_EPI_ISL_424173)
Align target 7 (hCoV-19_USA_VA-DCLS-0296_2020_EPI_ISL_463099_2020-04-27)
Align target 8 (hCoV-19_Switzerland_100118_2020_EPI_ISL_451702_2020-03-16)
Align target 9 (hCoV-19_USA_WA-S647_2020_EPI_ISL_438200_2020-04-19)
Align target 10 (hCoV-19_England_NORT-289331_2020_EPI_ISL_458710_2020-03-29)
Align target 11 (hCoV-19_England_BRIS-12902E_2020_EPI_ISL_458898_2020-04-19)
Align target 12 (hCoV-19_England_20120002404_2020_EPI_ISL_465141_2020-03-14)
Align target 13 (hCoV-19_USA_MD-HP00093_2020_EPI_ISL_457758_2020-03-31)
Align target 14 (hCoV-19_USA_WA-UW-3819_2020_EPI_ISL_427180)
Align target 15 (hCoV-19_USA_NY-PV09385_2020_EPI_ISL_450068_2020-03-19)
Align target 16 (hCoV-19_Netherlands_Leiden-0002_2020_EPI_ISL_454416_2020-03-09)
Align target 17 (hCoV-19_England_LOND-D44AF_2020_EPI_ISL_444127_2020-04-08)
Align target 18 (hCoV-19_USA_NY-NYUMC99_2020_EPI_ISL_421711)
Align target 19 (hCoV-19_Scotland_CVR3070_2020_EPI_ISL_461654_2020-04-24)
Align target 20 (hCoV-19_Russia_StPetersburg-RII5247S_2020_EPI_ISL_430091)
Align target 21 (hCoV-19_Guangdong_2020XN4239-P0034_2020_EPI_ISL_413888)
Align target 22 (hCoV-19_England_NORW-E7685_2020_EPI_ISL_449061_2020-05-04)
Align target 23 (hCoV-19_USA_NY-NYUMC225_2020_EPI_ISL_427520)
Align target 24 (hCoV-19_USA_NY-PV09077_2020_EPI_ISL_421623)
Align target 25 (hCoV-19_England_CAMB-814DE_2020_EPI_ISL_443068_2020-04-10)
Align target 26 (hCoV-19_Australia_VIC243_2020_EPI_ISL_419938)
Align target 27 (hCoV-19_New_Zealand_20VR0765_2020_EPI_ISL_456167_2020-03-18)
Align target 28 (hCoV-19_New_Zealand_20VR1933_2020_EPI_ISL_456314_2020-04-03)
Align target 29 (hCoV-19_England_CAMB-71D21_2020_EPI_ISL_439646_2020-03-30)
Align target 30 (hCoV-19_Austria_CeMM0238_2020_EPI_ISL_438068_2020-03-19)
Align target 31 (hCoV-19_Netherlands_ZuidHolland_98_2020_EPI_ISL_422634)
Align target 32 (hCoV-19_USA_TX-HMH0354_2020_EPI_ISL_434948_2020-03-29)
Align target 33 (hCoV-19_England_CAMB-71BFA_2020_EPI_ISL_439601_2020-03-31)
Align target 34 (hCoV-19_USA_WA-S1174_2020_EPI_ISL_463664_2020-05-05)
Align target 35 (hCoV-19_England_BRIS-121B52_2020_EPI_ISL_440242_2020-03-17)
Align target 36 (hCoV-19_Singapore_243_2020_EPI_ISL_462361_2020-04-30)
Align target 37 (hCoV-19_England_BRIS-12333A_2020_EPI_ISL_442788_2020-04-05)
Align target 38 (hCoV-19_USA_NY-PV09169_2020_EPI_ISL_422531)
Align target 39 (hCoV-19_England_CAMB-72C05_2020_EPI_ISL_440059_2020-03-23)
Align target 40 (hCoV-19_England_201140432_2020_EPI_ISL_464734_2020-03-11)
Align target 41 (hCoV-19_Sweden_20-50199_2020_EPI_ISL_455866_2020-03-06)
Align target 42 (hCoV-19_USA_ID-UW-3892_2020_EPI_ISL_427167)
Align target 43 (hCoV-19_USA_WA-S72_2020_EPI_ISL_417125)
Align target 44 (hCoV-19_England_CAMB-82033_2020_EPI_ISL_438611_2020)
Align target 45 (hCoV-19_Canada_QC_AA3_2020_EPI_ISL_444495_2020-04-05)
Align target 46 (hCoV-19_Australia_VIC1789_2020_EPI_ISL_456650_2020-05-24)
Align target 47 (hCoV-19_Oman_RESP-20-2850_2020_EPI_ISL_457977_2020-03-18)
Align target 48 (hCoV-19_England_CAMB-77C00_2020_EPI_ISL_440838_2020-04-01)
Align target 49 (hCoV-19_France_ARA10170_2020_EPI_ISL_418420)
Align target 50 (hCoV-19_USA_LA-BIE-058_2020_EPI_ISL_455613_2020-04-07)
Align target 51 (hCoV-19_England_20172060804_2020_EPI_ISL_465372_2020-04-20)
Align target 52 (hCoV-19_Australia_VIC660_2020_EPI_ISL_426956)
Align target 53 (hCoV-19_Iceland_216_2020_EPI_ISL_417832)
Align target 54 (hCoV-19_England_20136016204_2020_EPI_ISL_465819_2020-03-24)
Align target 55 (hCoV-19_Iceland_50_2020_EPI_ISL_417769)
Align target 56 (hCoV-19_USA_TX-HMH0199_2020_EPI_ISL_434874_2020-03-23)
Align target 57 (hCoV-19_Wales_PHWC-30984_2020_EPI_ISL_446299_2020-04-08)
Align target 58 (hCoV-19_Austria_CeMM0019_2020_EPI_ISL_419672)
Align target 59 (hCoV-19_Scotland_CVR1951_2020_EPI_ISL_438860_2020-04-07)
Align target 60 (hCoV-19_Portugal_PT0516_2020_EPI_ISL_454240_2020-03-20)
Align target 61 (hCoV-19_Australia_NSW359_2020_EPI_ISL_451620_2020-04-14)
Align target 62 (hCoV-19_USA_NY-NYUMC295_2020_EPI_ISL_430322)
Align target 63 (hCoV-19_Netherlands_Gelderland_57_2020_EPI_ISL_460956_2020-05-18)
Align target 64 (hCoV-19_England_201060027_2020_EPI_ISL_464370_2020-03-05)
Align target 65 (hCoV-19_England_20180025704_2020_EPI_ISL_465431_2020-04-14)
Align target 66 (hCoV-19_Scotland_CVR3018_2020_EPI_ISL_439008_2020-04-24)
Align target 67 (hCoV-19_Denmark_ALAB-SSI-1257_2020_EPI_ISL_444831_2020-03-11)
Align target 68 (hCoV-19_Australia_NSW368_2020_EPI_ISL_451629_2020-04-14)
Align target 69 (hCoV-19_Wales_PHWC-2F0DE_2020_EPI_ISL_446199_2020-04-06)
Align target 70 (hCoV-19_Wales_PHW10_2020_EPI_ISL_415453)
Align target 71 (hCoV-19_England_NOTT-1105C1_2020_EPI_ISL_441533_2020-04-25)
Align target 72 (hCoV-19_Belgium_EM-0407403_2020_EPI_ISL_462257_2020-04-07)
Align target 73 (hCoV-19_England_BRIS-12A931_2020_EPI_ISL_458389_2020-04-28)
Align target 74 (hCoV-19_Denmark_ALAB-SSI-1260_2020_EPI_ISL_444832_2020-03-11)
Align target 75 (hCoV-19_England_CAMB-741AA_2020_EPI_ISL_440364_2020-03-20)
Align target 76 (hCoV-19_USA_NM-UNM-00132_2020_EPI_ISL_467650_2020-04-02)
Align target 77 (hCoV-19_England_BRIS-123060_2020_EPI_ISL_442809_2020-04-05)
Align target 78 (hCoV-19_England_20186120904_2020_EPI_ISL_465710_2020-04-29)
Align target 79 (hCoV-19_USA_WA-S958_2020_EPI_ISL_463448_2020-04-29)
Align target 80 (hCoV-19_England_201161611_2020_EPI_ISL_464863_2020-03-11)
Align target 81 (hCoV-19_England_20146005704_2020_EPI_ISL_421969)
Align target 82 (hCoV-19_Netherlands_Zeeland_7_2020_EPI_ISL_461289_2020-03-22)
Align target 83 (hCoV-19_USA_MN-MDH-287_2020_EPI_ISL_450756_2020-03-31)
Align target 84 (hCoV-19_Canada_BC_21927217_2020_EPI_ISL_462819_2020-03)
Align target 85 (hCoV-19_Netherlands_NA_527_2020_EPI_ISL_460700_2020-03-22)
Align target 86 (hCoV-19_England_20129171804_2020_EPI_ISL_424141)
Align target 87 (hCoV-19_Netherlands_NA_91_2020_EPI_ISL_422851)
Align target 88 (hCoV-19_USA_LA-EVTL142_2020_EPI_ISL_455985_2020-03-29)
Align target 89 (hCoV-19_England_LOND-D4A70_2020_EPI_ISL_444174_2020-04-11)
Align target 90 (hCoV-19_England_CAMB-1AA526_2020_EPI_ISL_443649_2020-04-17)
Align target 91 (hCoV-19_England_SHEF-CD430_2020_EPI_ISL_432545_2020-04-05)
Align target 92 (hCoV-19_USA_TX-HMH0295_2020_EPI_ISL_434920_2020-03-27)
Align target 93 (hCoV-19_USA_WA-S302_2020_EPI_ISL_430156)
Align target 94 (hCoV-19_England_CAMB-74BAC_2020_EPI_ISL_425352)
Align target 95 (hCoV-19_France_HF2601_2020_EPI_ISL_418239)
Align target 96 (hCoV-19_Wales_PHWC-25BC8_2020_EPI_ISL_422114)
Align target 97 (hCoV-19_Germany_BAV-MVP0028_2020_EPI_ISL_437227_2020-04-13)
Align target 98 (hCoV-19_USA_WA-UW133_2020_EPI_ISL_416671)
Align target 99 (hCoV-19_USA_NC_200264_2020_EPI_ISL_454809_2020-04)
Computing global alignment... done.
