Align target 0 (hCoV-19_England_LIVE-9F1C7_2020_EPI_ISL_453435_2020-05-02)
Align target 1 (hCoV-19_England_20116025603_2020_EPI_ISL_418670)
Align target 2 (hCoV-19_Netherlands_NA_289_2020_EPI_ISL_422598)
Align target 3 (hCoV-19_Netherlands_NA_580_2020_EPI_ISL_460744_2020)
Align target 4 (hCoV-19_England_BRIS-1292EC_2020_EPI_ISL_458785_2020-04-19)
Align target 5 (hCoV-19_Spain_Valencia1_2020_EPI_ISL_414495)
Align target 6 (hCoV-19_Wales_PHWC-3472C_2020_EPI_ISL_446966_2020-04-19)
Align target 7 (hCoV-19_Canada_BC_27279444_2020_EPI_ISL_463263_2020-03)
Align target 8 (hCoV-19_England_CAMB-76D0E_2020_EPI_ISL_438479_2020-03-30)
Align target 9 (hCoV-19_England_CAMB-741B9_2020_EPI_ISL_440317_2020-03-18)
Align target 10 (hCoV-19_Vietnam_HCMC-35018_2020_EPI_ISL_450742_2020-03-25)
Align target 11 (hCoV-19_Senegal_139_2020_EPI_ISL_418217)
Align target 12 (hCoV-19_England_NOTT-10FB78_2020_EPI_ISL_432692_2020-04-07)
Align target 13 (hCoV-19_Netherlands_NA_522_2020_EPI_ISL_460695_2020-03-22)
Align target 14 (hCoV-19_Netherlands_ZuidHolland_112_2020_EPI_ISL_455301_2020-04-07)
Align target 15 (hCoV-19_England_NORT-2895D1_2020_EPI_ISL_458593_2020-03-30)
Align target 16 (hCoV-19_USA_WA-S355_2020_EPI_ISL_434115_2020-03-25)
Align target 17 (hCoV-19_England_CAMB-1B2655_2020_EPI_ISL_456701_2020-05-18)
Align target 18 (hCoV-19_England_20144023404_2020_EPI_ISL_423526)
Align target 19 (hCoV-19_England_LOND-D4CE3_2020_EPI_ISL_449677_2020-04-15)
Align target 20 (hCoV-19_Shangrao_JX1176_2020_EPI_ISL_421251)
Align target 21 (hCoV-19_USA_UT-02245_2020_EPI_ISL_436936_2020-04-15)
Align target 22 (hCoV-19_England_CAMB-77347_2020_EPI_ISL_439412_2020-03-31)
Align target 23 (hCoV-19_England_20152054104_2020_EPI_ISL_466235_2020-04-06)
Align target 24 (hCoV-19_Australia_VIC218_2020_EPI_ISL_419913)
Align target 25 (hCoV-19_Scotland_CVR753_2020_EPI_ISL_439102_2020-03-26)
Align target 26 (hCoV-19_England_OXON-AD876_2020_EPI_ISL_448600_2020)
Align target 27 (hCoV-19_Argentina_PAIS_A023_2020_EPI_ISL_430814)
Align target 28 (hCoV-19_India_1100_2020_EPI_ISL_421664)
Align target 29 (hCoV-19_England_CAMB-84875_2020_EPI_ISL_440554_2020-03-04)
Align target 30 (hCoV-19_USA_CA-CZB-1028_2020_EPI_ISL_436669_2020-04-13)
Align target 31 (hCoV-19_Netherlands_NA_423_2020_EPI_ISL_455225_2020)
Align target 32 (hCoV-19_USA_MN-MDH-1054_2020_EPI_ISL_462899_2020-05-14)
Align target 33 (hCoV-19_USA_WA-UW-1666_2020_EPI_ISL_424196)
Align target 34 (hCoV-19_Scotland_CVR159_2020_EPI_ISL_425698)
Align target 35 (hCoV-19_Scotland_CVR3284_2020_EPI_ISL_456777_2020-05-01)
Align target 36 (hCoV-19_Russia_StPetersburg-RII7553S_2020_EPI_ISL_450258_2020-04-21)
Align target 37 (hCoV-19_USA_FL-BPHL-0091_2020_EPI_ISL_445034_2020-04-28)
Align target 38 (hCoV-19_Brazil_RJ-1943_2020_EPI_ISL_456094_2020-04-13)
Align target 39 (hCoV-19_USA_LA-SR0268_2020_EPI_ISL_445123_2020-04-01)
Align target 40 (hCoV-19_India_NGC-CDFD-06_2020_EPI_ISL_466844_2020-05-12)
Align target 41 (hCoV-19_Scotland_EDB3657_2020_EPI_ISL_439308_2020-04-28)
Align target 42 (hCoV-19_USA_WA-S465_2020_EPI_ISL_434225_2020-04-01)
Align target 43 (hCoV-19_England_CAMB-7B862_2020_EPI_ISL_441598_2020-04-04)
Align target 44 (hCoV-19_Scotland_EDB4842_2020_EPI_ISL_453166_2020-04-01)
Align target 45 (hCoV-19_England_CAMB-7E146_2020_EPI_ISL_434044_2020-04-16)
Align target 46 (hCoV-19_USA_NJ-NYUMC625_2020_EPI_ISL_444742_2020-04-02)
Align target 47 (hCoV-19_USA_NE-11363_2020_EPI_ISL_466662_2020-05-04)
Align target 48 (hCoV-19_Netherlands_Zeeland_29_2020_EPI_ISL_461267_2020-04-24)
Align target 49 (hCoV-19_England_CAMB-741AA_2020_EPI_ISL_440364_2020-03-20)
Align target 50 (hCoV-19_Scotland_CVR2474_2020_EPI_ISL_453053_2020-04-15)
Align target 51 (hCoV-19_New_Zealand_20VR1016_2020_EPI_ISL_456182_2020-03-20)
Align target 52 (hCoV-19_Thailand_Bangkok-0043_2020_EPI_ISL_429179)
Align target 53 (hCoV-19_New_Zealand_20VR1772_2020_EPI_ISL_456243_2020-03-26)
Align target 54 (hCoV-19_England_CAMB-1ABFDC_2020_EPI_ISL_444357_2020-04-27)
Align target 55 (hCoV-19_Germany_BAV-MVP0075_2020_EPI_ISL_437270_2020-03-29)
Align target 56 (hCoV-19_USA_MA-QDX-149_2020_EPI_ISL_467854_2020-03-14)
Align target 57 (hCoV-19_Canada_QGLO-024_2020__EPI_ISL_459880_2020-03-28)
Align target 58 (hCoV-19_Northern_Ireland_NIRE-101F7A_2020_EPI_ISL_441360_2020-03-23)
Align target 59 (hCoV-19_USA_WA-UW-525_2020_EPI_ISL_430878_2020-03-11)
Align target 60 (hCoV-19_Wales_PHWC-2A0A6_2020_EPI_ISL_432398_2020-04-04)
Align target 61 (hCoV-19_Singapore_101_2020_EPI_ISL_443193_2020-03-16)
Align target 62 (hCoV-19_France_IDF2848_2020_EPI_ISL_420046)
Align target 63 (hCoV-19_Wales_PHWC-2514E_2020_EPI_ISL_420972)
Align target 64 (hCoV-19_Netherlands_NA_313_2020_EPI_ISL_422622)
Align target 65 (hCoV-19_England_CAMB-71CF7_2020_EPI_ISL_439623_2020-03-30)
Align target 66 (hCoV-19_England_CAMB-76409_2020_EPI_ISL_438440_2020-03-30)
Align target 67 (hCoV-19_England_20120106004_2020_EPI_ISL_465727_2020-03-15)
Align target 68 (hCoV-19_USA_TX-HMH0124_2020_EPI_ISL_434824_2020-03-20)
Align target 69 (hCoV-19_USA_WY-WYPHL-00087_2020_EPI_ISL_462978_2020-03-29)
Align target 70 (hCoV-19_England_LOND-D3DD2_2020_EPI_ISL_449655_2020-04-04)
Align target 71 (hCoV-19_USA_VA-DCLS-0142_2020_EPI_ISL_437781_2020-04-17)
Align target 72 (hCoV-19_England_OXON-AC68C_2020_EPI_ISL_448473_2020-04-07)
Align target 73 (hCoV-19_USA_WA-S149_2020_EPI_ISL_430186)
Align target 74 (hCoV-19_Spain_COV001964_2020_EPI_ISL_452417_2020-03-14)
Align target 75 (hCoV-19_England_CAMB-1AF600_2020_EPI_ISL_448086_2020-05-06)
Align target 76 (hCoV-19_USA_LA-SR0164_2020_EPI_ISL_435467_2020-03-31)
Align target 77 (hCoV-19_England_LIVE-9BF67_2020_EPI_ISL_449492_2020-03-24)
Align target 78 (hCoV-19_England_BRIS-124F17_2020_EPI_ISL_443747_2020-03-26)
Align target 79 (hCoV-19_USA_WI-71_2020_EPI_ISL_421329)
Align target 80 (hCoV-19_England_SHEF-CF340_2020_EPI_ISL_432588_2020-03-28)
Align target 81 (hCoV-19_Wales_PHWC-2BB1D_2020_EPI_ISL_445809_2020-03-28)
Align target 82 (hCoV-19_England_CAMB-745AE_2020_EPI_ISL_425310)
Align target 83 (hCoV-19_USA_WI-UW-331_2020_EPI_ISL_436625_2020-04-26)
Align target 84 (hCoV-19_USA_SC_3520_2020_EPI_ISL_424902)
Align target 85 (hCoV-19_England_LIVE-9A029_2020_EPI_ISL_439838_2020-04-14)
Align target 86 (hCoV-19_England_LIVE-9E80F_2020_EPI_ISL_453335_2020-04-12)
Align target 87 (hCoV-19_England_BRIS-12340A_2020_EPI_ISL_442701_2020-04-05)
Align target 88 (hCoV-19_England_CAMB-812A7_2020_EPI_ISL_442876_2020-04-11)
Align target 89 (hCoV-19_England_CAMB-8416B_2020_EPI_ISL_438742_2020-04-25)
Align target 90 (hCoV-19_England_SHEF-C2AA2_2020_EPI_ISL_441933_2020-04-08)
Align target 91 (hCoV-19_USA_WA-UW59_2020_EPI_ISL_415624)
Align target 92 (hCoV-19_England_CAMB-77A24_2020_EPI_ISL_440842_2020-04-01)
Align target 93 (hCoV-19_England_CAMB-79D29_2020_EPI_ISL_441298_2020-04-02)
Align target 94 (hCoV-19_England_NOTT-110C9F_2020_EPI_ISL_448401_2020-05-01)
Align target 95 (hCoV-19_USA_WI-134_2020_EPI_ISL_427441)
Align target 96 (hCoV-19_England_SHEF-C07DA_2020_EPI_ISL_420156)
Align target 97 (hCoV-19_India_NCDC-3162_2020_EPI_ISL_436423_2020-04-05)
Align target 98 (hCoV-19_USA_WI-28_2020_EPI_ISL_421286)
Align target 99 (hCoV-19_India_GBRC123_2020_EPI_ISL_455020_2020-05-02)
Computing global alignment... done.
