Align target 0 (hCoV-19_USA_NY-PV08462_2020_EPI_ISL_421408)
Align target 1 (hCoV-19_England_CAMB-1B15C2_2020_EPI_ISL_458517_2020-05-06)
Align target 2 (hCoV-19_Denmark_ALAB-SSI461_2020_EPI_ISL_429542)
Align target 3 (hCoV-19_England_NOTT-10DF41_2020_EPI_ISL_425472)
Align target 4 (hCoV-19_USA_IL-NM0109_2020_EPI_ISL_444594_2020-03-20)
Align target 5 (hCoV-19_Portugal_PT0364_2020_EPI_ISL_454080_2020-03-19)
Align target 6 (hCoV-19_Wales_PHWC-31279_2020_EPI_ISL_446427_2020-04-10)
Align target 7 (hCoV-19_England_CAMB-7609C_2020_EPI_ISL_438405_2020-03-30)
Align target 8 (hCoV-19_England_20189158704_2020_EPI_ISL_465559_2020-05-02)
Align target 9 (hCoV-19_Scotland_CVR2734_2020_EPI_ISL_453073_2020-04-16)
Align target 10 (hCoV-19_DRC_2384_2020_EPI_ISL_437196_2020-04-14)
Align target 11 (hCoV-19_USA_NY-NYUMC36_2020_EPI_ISL_419697)
Align target 12 (hCoV-19_Wales_PHWC-2EBFC_2020_EPI_ISL_446126_2020-04-06)
Align target 13 (hCoV-19_Romania_284468_2020_EPI_ISL_455479_2020-05-14)
Align target 14 (hCoV-19_USA_VA-DCLS-0087_2020_EPI_ISL_429984)
Align target 15 (hCoV-19_Egypt_CUNCI-HGC009_2020_EPI_ISL_468053_2020-05-02)
Align target 16 (hCoV-19_USA_NY-NYUMC451_2020_EPI_ISL_435518_2020-04-20)
Align target 17 (hCoV-19_Northern_Ireland_NIRE-FADC6_2020_EPI_ISL_448920_2020-03-26)
Align target 18 (hCoV-19_England_20144063504_2020_EPI_ISL_423553)
Align target 19 (hCoV-19_England_SHEF-D0959_2020_EPI_ISL_462075_2020-04-18)
Align target 20 (hCoV-19_Netherlands_NoordHolland_10043_2020_EPI_ISL_454792_2020-03-27)
Align target 21 (hCoV-19_Scotland_EDB183_2020_EPI_ISL_425929)
Align target 22 (hCoV-19_USA_UT-03950_2020_EPI_ISL_454728_2020-04-17)
Align target 23 (hCoV-19_USA_WA-S134_2020_EPI_ISL_430171)
Align target 24 (hCoV-19_USA_LA-BIE-051_2020_EPI_ISL_455609_2020-04-06)
Align target 25 (hCoV-19_Wales_PHWC-3190B_2020_EPI_ISL_446503_2020-04-11)
Align target 26 (hCoV-19_Netherlands_Limburg_66_2020_EPI_ISL_461051_2020)
Align target 27 (hCoV-19_England_CAMB-1B004A_2020_EPI_ISL_448101_2020-05-07)
Align target 28 (hCoV-19_Belgium_ULG-10068_2020_EPI_ISL_424636)
Align target 29 (hCoV-19_England_20140002504_2020_EPI_ISL_465869_2020-03-26)
Align target 30 (hCoV-19_England_CAMB-73E68_2020_EPI_ISL_440353_2020-03-18)
Align target 31 (hCoV-19_England_SHEF-C69CF_2020_EPI_ISL_432827_2020-04-03)
Align target 32 (hCoV-19_USA_NY-NYUMC745_2020_EPI_ISL_451460_2020-03-25)
Align target 33 (hCoV-19_England_NORW-E6E24_2020_EPI_ISL_448982_2020-04-09)
Align target 34 (hCoV-19_USA_CA-CZBRR057IX00084_2020_EPI_ISL_428998)
Align target 35 (hCoV-19_USA_WI-113_2020_EPI_ISL_425170)
Align target 36 (hCoV-19_Netherlands_ZuidHolland_138_2020_EPI_ISL_461311_2020-05-06)
Align target 37 (hCoV-19_Scotland_EDB1821_2020_EPI_ISL_433143_2020-04-16)
Align target 38 (hCoV-19_USA_NY-WCMP11E04P_2020_EPI_ISL_427592)
Align target 39 (hCoV-19_Netherlands_Gelderland_117_2020_EPI_ISL_460878_2020-05-22)
Align target 40 (hCoV-19_England_20152067804_2020_EPI_ISL_466240_2020-04-05)
Align target 41 (hCoV-19_England_20132067304_2020_EPI_ISL_423793)
Align target 42 (hCoV-19_Brazil_RJ-2000_2020_EPI_ISL_456098_2020-04-13)
Align target 43 (hCoV-19_Australia_NSW35_2020_EPI_ISL_417393)
Align target 44 (hCoV-19_Australia_NSW305_2020_EPI_ISL_451569_2020-03-27)
Align target 45 (hCoV-19_England_CAMB-8382B_2020_EPI_ISL_443568_2020-04-14)
Align target 46 (hCoV-19_USA_WA-S1170_2020_EPI_ISL_463660_2020-05-04)
Align target 47 (hCoV-19_Shanghai_SH0035_2020_EPI_ISL_416344)
Align target 48 (hCoV-19_Wales_PHWC-27BB7_2020_EPI_ISL_432310_2020-04-01)
Align target 49 (hCoV-19_Singapore_91_2020_EPI_ISL_435696_2020-04-20)
Align target 50 (hCoV-19_USA_UT-00077_2020_EPI_ISL_430028)
Align target 51 (hCoV-19_England_OXON-AE6E4_2020_EPI_ISL_448712_2020)
Align target 52 (hCoV-19_Scotland_EDB3500_2020_EPI_ISL_439273_2020-04-13)
Align target 53 (hCoV-19_Portugal_PT0456_2020_EPI_ISL_454180_2020-04-18)
Align target 54 (hCoV-19_Spain_Valencia290_2020_EPI_ISL_436385_2020-03-17)
Align target 55 (hCoV-19_Luxembourg_LNS6603085_2020_EPI_ISL_419593)
Align target 56 (hCoV-19_Russia_StPetersburg-RII4988S_2020_EPI_ISL_430083)
Align target 57 (hCoV-19_Hangzhou_HZCDC0167_2020_EPI_ISL_421223)
Align target 58 (hCoV-19_England_201180387_2020_EPI_ISL_464905_2020-03-11)
Align target 59 (hCoV-19_Wales_PHWC-347C2_2020_EPI_ISL_446975_2020-04-18)
Align target 60 (hCoV-19_England_20134016902_2020_EPI_ISL_423092)
Align target 61 (hCoV-19_Scotland_EDB085_2020_EPI_ISL_425877)
Align target 62 (hCoV-19_Netherlands_NA_286_2020_EPI_ISL_422595)
Align target 63 (hCoV-19_USA_WA-S857_2020_EPI_ISL_463347_2020-04-24)
Align target 64 (hCoV-19_England_SHEF-D1545_2020_EPI_ISL_457682_2020-03-31)
Align target 65 (hCoV-19_Belgium_SC-0331378_2020_EPI_ISL_462232_2020-03-31)
Align target 66 (hCoV-19_England_CAMB-78B11_2020_EPI_ISL_441808_2020-04-03)
Align target 67 (hCoV-19_England_20124030802_2020_EPI_ISL_418708)
Align target 68 (hCoV-19_England_SHEF-D075F_2020_EPI_ISL_457674_2020-05-01)
Align target 69 (hCoV-19_Iceland_309_2020_EPI_ISL_417638)
Align target 70 (hCoV-19_England_CAMB-76612_2020_EPI_ISL_438357_2020-03-29)
Align target 71 (hCoV-19_England_CAMB-79CB3_2020_EPI_ISL_441301_2020-04-02)
Align target 72 (hCoV-19_England_201360049_2020_EPI_ISL_425023)
Align target 73 (hCoV-19_USA_WA-S938_2020_EPI_ISL_463428_2020-04-23)
Align target 74 (hCoV-19_England_20206140304_2020_EPI_ISL_465668_2020-05-14)
Align target 75 (hCoV-19_Wales_PHWC-2B843_2020_EPI_ISL_445769_2020-04-10)
Align target 76 (hCoV-19_Spain_Valencia206_2020_EPI_ISL_436301_2020-03-17)
Align target 77 (hCoV-19_Portugal_PT0075_2020_EPI_ISL_421478)
Align target 78 (hCoV-19_Colombia_INS-80705_2020_EPI_ISL_456124_2020-03-17)
Align target 79 (hCoV-19_England_CAMB-766C7_2020_EPI_ISL_438466_2020-03-30)
Align target 80 (hCoV-19_Netherlands_NA_159_2020_EPI_ISL_422694)
Align target 81 (hCoV-19_Scotland_GCVR-17117F_2020_EPI_ISL_459565_2020-03-27)
Align target 82 (hCoV-19_Scotland_CVR1305_2020_EPI_ISL_433534_2020-03-30)
Align target 83 (hCoV-19_India_1073_2020_EPI_ISL_421662)
Align target 84 (hCoV-19_Wales_PHWC-2A7B0_2020_EPI_ISL_445618_2020-04-07)
Align target 85 (hCoV-19_England_CAMB-77444_2020_EPI_ISL_438542_2020-04-01)
Align target 86 (hCoV-19_England_CAMB-72EB4_2020_EPI_ISL_440080_2020-03-21)
Align target 87 (hCoV-19_England_LIVE-9A979_2020_EPI_ISL_449374_2020-03-28)
Align target 88 (hCoV-19_Netherlands_NoordBrabant_155_2020_EPI_ISL_461190_2020)
Align target 89 (hCoV-19_Australia_NSW546_2020_EPI_ISL_455085_2020-04-12)
Align target 90 (hCoV-19_Canada_QGLO-037_2020__EPI_ISL_459888_2020-03-30)
Align target 91 (hCoV-19_England_SHEF-C7700_2020_EPI_ISL_432845_2020-04-02)
Align target 92 (hCoV-19_Oman_RESP-20-4252_2020_EPI_ISL_457989_2020-03-21)
Align target 93 (hCoV-19_Spain_COV001393_2020_EPI_ISL_452508_2020-03-17)
Align target 94 (hCoV-19_England_CAMB-729FF_2020_EPI_ISL_439558_2020-03-22)
Align target 95 (hCoV-19_Scotland_CVR3211_2020_EPI_ISL_449230_2020-04-16)
Align target 96 (hCoV-19_England_BRIS-124928_2020_EPI_ISL_443901_2020-03-25)
Align target 97 (hCoV-19_USA_VI-CDC-4022_2020_EPI_ISL_454643_2020-04-17)
Align target 98 (hCoV-19_Singapore_261_2020_EPI_ISL_462379_2020-04-09)
Align target 99 (hCoV-19_USA_CA-CZB-1271_2020_EPI_ISL_454608_2020-03-19)
Computing global alignment... done.
