FastTree Version 2.1.11 Double precision (No SSE3)
Alignment: standard input
Nucleotide distances: Jukes-Cantor Joins: balanced Support: SH-like 1000
Search: Normal +NNI +SPR (2 rounds range 10) +ML-NNI opt-each=1
TopHits: 1.00*sqrtN close=default refresh=0.80
ML Model: Generalized Time-Reversible, CAT approximation with 20 rate categories
Ignored unknown character h (seen 1 times)
Ignored unknown character k (seen 105 times)
Ignored unknown character m (seen 153 times)
Ignored unknown character n (seen 161 times)
Ignored unknown character r (seen 871 times)
Ignored unknown character s (seen 41 times)
Ignored unknown character v (seen 2 times)
Ignored unknown character w (seen 90 times)
Ignored unknown character y (seen 413 times)
      1.95 seconds: Top hits for    182 of    500 seqs (at seed    100)
      3.27 seconds: Top hits for    263 of    500 seqs (at seed    200)
      4.72 seconds: Top hits for    340 of    500 seqs (at seed    300)
      6.13 seconds: Top hits for    419 of    500 seqs (at seed    400)
      7.58 seconds: Checking top hits for      1 of    500 seqs
     10.46 seconds: Joined    100 of    497
     13.37 seconds: Joined    200 of    497
     15.83 seconds: Joined    300 of    497
     17.90 seconds: Joined    400 of    497
Initial topology in 20.24 seconds
Refining topology: 36 rounds ME-NNIs, 2 rounds ME-SPRs, 18 rounds ML-NNIs
     20.24 seconds: ME NNI round 1 of 36, 1 of 498 splits
     20.50 seconds: ME NNI round 1 of 36, 101 of 498 splits, 10 changes (max delta 0.001)
     20.78 seconds: ME NNI round 1 of 36, 201 of 498 splits, 32 changes (max delta 0.002)
     21.02 seconds: ME NNI round 1 of 36, 301 of 498 splits, 64 changes (max delta 0.008)
     21.26 seconds: ME NNI round 1 of 36, 401 of 498 splits, 89 changes (max delta 0.008)
     21.48 seconds: ME NNI round 2 of 36, 1 of 498 splits
     21.74 seconds: ME NNI round 2 of 36, 101 of 498 splits, 7 changes (max delta 0.002)
     21.98 seconds: ME NNI round 2 of 36, 201 of 498 splits, 18 changes (max delta 0.002)
     22.23 seconds: ME NNI round 2 of 36, 301 of 498 splits, 32 changes (max delta 0.011)
     22.46 seconds: ME NNI round 2 of 36, 401 of 498 splits, 44 changes (max delta 0.011)
     22.68 seconds: ME NNI round 3 of 36, 1 of 498 splits
     22.95 seconds: ME NNI round 3 of 36, 101 of 498 splits, 16 changes (max delta 0.002)
     23.18 seconds: ME NNI round 3 of 36, 201 of 498 splits, 28 changes (max delta 0.002)
     23.43 seconds: ME NNI round 3 of 36, 301 of 498 splits, 39 changes (max delta 0.002)
     23.56 seconds: ME NNI round 4 of 36, 1 of 498 splits
     23.83 seconds: ME NNI round 4 of 36, 101 of 498 splits, 15 changes (max delta 0.003)
     24.07 seconds: ME NNI round 4 of 36, 201 of 498 splits, 20 changes (max delta 0.003)
     24.42 seconds: ME NNI round 5 of 36, 101 of 498 splits, 7 changes (max delta 0.001)
     24.63 seconds: ME NNI round 6 of 36, 1 of 498 splits
     24.90 seconds: ME NNI round 6 of 36, 101 of 498 splits, 5 changes (max delta 0.002)
     25.22 seconds: ME NNI round 8 of 36, 1 of 498 splits
     25.42 seconds: ME NNI round 9 of 36, 1 of 498 splits
     25.55 seconds: SPR round   1 of   2, 1 of 998 nodes
     29.82 seconds: SPR round   1 of   2, 101 of 998 nodes
     34.17 seconds: SPR round   1 of   2, 201 of 998 nodes
     39.26 seconds: SPR round   1 of   2, 301 of 998 nodes
     43.83 seconds: SPR round   1 of   2, 401 of 998 nodes
     48.03 seconds: SPR round   1 of   2, 501 of 998 nodes
     52.55 seconds: SPR round   1 of   2, 601 of 998 nodes
     56.61 seconds: SPR round   1 of   2, 701 of 998 nodes
     61.64 seconds: SPR round   1 of   2, 801 of 998 nodes
     66.36 seconds: SPR round   1 of   2, 901 of 998 nodes
     71.01 seconds: ME NNI round 13 of 36, 1 of 498 splits
     71.25 seconds: ME NNI round 13 of 36, 101 of 498 splits, 1 changes (max delta 0.000)
     71.51 seconds: ME NNI round 13 of 36, 201 of 498 splits, 7 changes (max delta 0.001)
     71.76 seconds: ME NNI round 13 of 36, 301 of 498 splits, 7 changes (max delta 0.001)
     71.98 seconds: ME NNI round 13 of 36, 401 of 498 splits, 8 changes (max delta 0.001)
     72.20 seconds: ME NNI round 14 of 36, 1 of 498 splits
     72.43 seconds: ME NNI round 14 of 36, 101 of 498 splits, 1 changes (max delta 0.000)
     72.68 seconds: ME NNI round 14 of 36, 201 of 498 splits, 1 changes (max delta 0.000)
     72.91 seconds: ME NNI round 14 of 36, 301 of 498 splits, 2 changes (max delta 0.001)
     73.14 seconds: ME NNI round 14 of 36, 401 of 498 splits, 2 changes (max delta 0.001)
     73.35 seconds: ME NNI round 15 of 36, 1 of 498 splits
     73.50 seconds: ME NNI round 16 of 36, 1 of 498 splits
     73.62 seconds: SPR round   2 of   2, 1 of 998 nodes
     77.86 seconds: SPR round   2 of   2, 101 of 998 nodes
     82.15 seconds: SPR round   2 of   2, 201 of 998 nodes
     86.84 seconds: SPR round   2 of   2, 301 of 998 nodes
     91.03 seconds: SPR round   2 of   2, 401 of 998 nodes
     95.24 seconds: SPR round   2 of   2, 501 of 998 nodes
     99.44 seconds: SPR round   2 of   2, 601 of 998 nodes
    103.65 seconds: SPR round   2 of   2, 701 of 998 nodes
    107.96 seconds: SPR round   2 of   2, 801 of 998 nodes
    112.62 seconds: SPR round   2 of   2, 901 of 998 nodes
    117.30 seconds: ME NNI round 25 of 36, 1 of 498 splits
    117.54 seconds: ME NNI round 25 of 36, 101 of 498 splits, 2 changes (max delta 0.000)
    117.78 seconds: ME NNI round 25 of 36, 201 of 498 splits, 4 changes (max delta 0.000)
    118.02 seconds: ME NNI round 25 of 36, 301 of 498 splits, 6 changes (max delta 0.002)
    118.24 seconds: ME NNI round 25 of 36, 401 of 498 splits, 6 changes (max delta 0.002)
    118.45 seconds: ME NNI round 26 of 36, 1 of 498 splits
    118.69 seconds: ME NNI round 26 of 36, 101 of 498 splits, 0 changes
    118.94 seconds: ME NNI round 26 of 36, 201 of 498 splits, 6 changes (max delta 0.002)
    119.19 seconds: ME NNI round 26 of 36, 301 of 498 splits, 8 changes (max delta 0.002)
    119.41 seconds: ME NNI round 26 of 36, 401 of 498 splits, 8 changes (max delta 0.002)
    119.63 seconds: ME NNI round 27 of 36, 1 of 498 splits
    119.84 seconds: ME NNI round 28 of 36, 1 of 498 splits
    120.02 seconds: ME NNI round 29 of 36, 1 of 498 splits
    120.20 seconds: ME NNI round 30 of 36, 1 of 498 splits
Total branch-length 21.985 after 121.77 sec
    121.98 seconds: ML Lengths 1 of 498 splits
    124.43 seconds: ML Lengths 101 of 498 splits
    126.93 seconds: ML Lengths 201 of 498 splits
    129.36 seconds: ML Lengths 301 of 498 splits
    131.82 seconds: ML Lengths 401 of 498 splits
    134.23 seconds: ML NNI round 1 of 18, 1 of 498 splits
    141.27 seconds: ML NNI round 1 of 18, 101 of 498 splits, 19 changes (max delta 31.294)
    148.57 seconds: ML NNI round 1 of 18, 201 of 498 splits, 42 changes (max delta 34.460)
    155.99 seconds: ML NNI round 1 of 18, 301 of 498 splits, 66 changes (max delta 63.448)
    163.18 seconds: ML NNI round 1 of 18, 401 of 498 splits, 90 changes (max delta 63.448)
ML-NNI round 1: LogLk = -1190818.761 NNIs 116 max delta 63.45 Time 170.55
    170.56 seconds: Optimizing GTR model, step 1 of 12
    177.21 seconds: Optimizing GTR model, step 2 of 12
    185.02 seconds: Optimizing GTR model, step 3 of 12
    194.73 seconds: Optimizing GTR model, step 4 of 12
    204.31 seconds: Optimizing GTR model, step 5 of 12
    212.05 seconds: Optimizing GTR model, step 6 of 12
    220.48 seconds: Optimizing GTR model, step 7 of 12
    226.43 seconds: Optimizing GTR model, step 8 of 12
    232.41 seconds: Optimizing GTR model, step 9 of 12
    237.75 seconds: Optimizing GTR model, step 10 of 12
    243.11 seconds: Optimizing GTR model, step 11 of 12
    248.48 seconds: Optimizing GTR model, step 12 of 12
GTR Frequencies: 0.3634 0.1759 0.2389 0.2218
GTR rates(ac ag at cg ct gt) 1.8697 4.3442 0.9502 0.8956 5.2292 1.0000
    254.28 seconds: ML Lengths 1 of 498 splits
    257.11 seconds: ML Lengths 101 of 498 splits
    259.92 seconds: ML Lengths 201 of 498 splits
    262.72 seconds: ML Lengths 301 of 498 splits
    265.56 seconds: ML Lengths 401 of 498 splits
    268.98 seconds: Site likelihoods with rate category 1 of 20
    269.63 seconds: Site likelihoods with rate category 2 of 20
    270.26 seconds: Site likelihoods with rate category 3 of 20
    270.90 seconds: Site likelihoods with rate category 4 of 20
    271.54 seconds: Site likelihoods with rate category 5 of 20
    272.18 seconds: Site likelihoods with rate category 6 of 20
    272.84 seconds: Site likelihoods with rate category 7 of 20
    273.49 seconds: Site likelihoods with rate category 8 of 20
    274.12 seconds: Site likelihoods with rate category 9 of 20
    274.75 seconds: Site likelihoods with rate category 10 of 20
    275.38 seconds: Site likelihoods with rate category 11 of 20
    276.04 seconds: Site likelihoods with rate category 12 of 20
    276.69 seconds: Site likelihoods with rate category 13 of 20
    277.32 seconds: Site likelihoods with rate category 14 of 20
    277.93 seconds: Site likelihoods with rate category 15 of 20
    278.58 seconds: Site likelihoods with rate category 16 of 20
    279.20 seconds: Site likelihoods with rate category 17 of 20
    279.80 seconds: Site likelihoods with rate category 18 of 20
    280.42 seconds: Site likelihoods with rate category 19 of 20
    281.02 seconds: Site likelihoods with rate category 20 of 20
Switched to using 20 rate categories (CAT approximation)
Rate categories were divided by 1.011 so that average rate = 1.0
CAT-based log-likelihoods may not be comparable across runs
    281.99 seconds: ML NNI round 2 of 18, 1 of 498 splits
    288.19 seconds: ML NNI round 2 of 18, 101 of 498 splits, 22 changes (max delta 10.967)
    294.01 seconds: ML NNI round 2 of 18, 201 of 498 splits, 43 changes (max delta 18.996)
    300.84 seconds: ML NNI round 2 of 18, 301 of 498 splits, 57 changes (max delta 18.996)
    308.56 seconds: ML NNI round 2 of 18, 401 of 498 splits, 80 changes (max delta 18.996)
ML-NNI round 2: LogLk = -943965.439 NNIs 98 max delta 19.00 Time 315.90
    315.89 seconds: ML NNI round 3 of 18, 1 of 498 splits
    321.50 seconds: ML NNI round 3 of 18, 101 of 498 splits, 12 changes (max delta 13.250)
    326.69 seconds: ML NNI round 3 of 18, 201 of 498 splits, 19 changes (max delta 30.406)
    331.57 seconds: ML NNI round 3 of 18, 301 of 498 splits, 28 changes (max delta 30.406)
    338.25 seconds: ML NNI round 3 of 18, 401 of 498 splits, 36 changes (max delta 30.406)
ML-NNI round 3: LogLk = -943703.766 NNIs 38 max delta 30.41 Time 339.86
    339.86 seconds: ML NNI round 4 of 18, 1 of 498 splits
    343.67 seconds: ML NNI round 4 of 18, 101 of 498 splits, 6 changes (max delta 8.268)
    346.18 seconds: ML NNI round 4 of 18, 201 of 498 splits, 7 changes (max delta 8.290)
    350.82 seconds: ML NNI round 4 of 18, 301 of 498 splits, 10 changes (max delta 17.571)
ML-NNI round 4: LogLk = -943604.406 NNIs 11 max delta 17.57 Time 352.55
    352.54 seconds: ML NNI round 5 of 18, 1 of 498 splits
    355.80 seconds: ML NNI round 5 of 18, 101 of 498 splits, 3 changes (max delta 0.939)
ML-NNI round 5: LogLk = -943589.181 NNIs 3 max delta 0.94 Time 357.60
    357.60 seconds: ML NNI round 6 of 18, 1 of 498 splits
ML-NNI round 6: LogLk = -943583.574 NNIs 1 max delta 5.44 Time 359.07
    359.06 seconds: ML NNI round 7 of 18, 1 of 498 splits
ML-NNI round 7: LogLk = -943583.557 NNIs 0 max delta 0.00 Time 359.64
Turning off heuristics for final round of ML NNIs (converged)
    359.64 seconds: ML NNI round 8 of 18, 1 of 498 splits
    368.88 seconds: ML NNI round 8 of 18, 101 of 498 splits, 5 changes (max delta 1.399)
    377.43 seconds: ML NNI round 8 of 18, 201 of 498 splits, 8 changes (max delta 13.964)
    384.67 seconds: ML NNI round 8 of 18, 301 of 498 splits, 11 changes (max delta 13.964)
    391.90 seconds: ML NNI round 8 of 18, 401 of 498 splits, 15 changes (max delta 13.964)
ML-NNI round 8: LogLk = -943100.124 NNIs 25 max delta 13.96 Time 399.15 (final)
    399.14 seconds: ML Lengths 1 of 498 splits
    401.19 seconds: ML Lengths 101 of 498 splits
    403.50 seconds: ML Lengths 201 of 498 splits
    405.92 seconds: ML Lengths 301 of 498 splits
    407.70 seconds: ML Lengths 401 of 498 splits
Optimize all lengths: LogLk = -943095.647 Time 410.23
    424.01 seconds: ML split tests for    100 of    497 internal splits
    435.35 seconds: ML split tests for    200 of    497 internal splits
    446.27 seconds: ML split tests for    300 of    497 internal splits
    457.31 seconds: ML split tests for    400 of    497 internal splits
    468.10 seconds: Site likelihoods with rate category 1 of 20
    468.52 seconds: Site likelihoods with rate category 2 of 20
    468.98 seconds: Site likelihoods with rate category 3 of 20
    469.35 seconds: Site likelihoods with rate category 4 of 20
    469.77 seconds: Site likelihoods with rate category 5 of 20
    470.21 seconds: Site likelihoods with rate category 6 of 20
    470.65 seconds: Site likelihoods with rate category 7 of 20
    471.07 seconds: Site likelihoods with rate category 8 of 20
    471.55 seconds: Site likelihoods with rate category 9 of 20
    471.99 seconds: Site likelihoods with rate category 10 of 20
    472.38 seconds: Site likelihoods with rate category 11 of 20
    472.76 seconds: Site likelihoods with rate category 12 of 20
    473.21 seconds: Site likelihoods with rate category 13 of 20
    473.68 seconds: Site likelihoods with rate category 14 of 20
    474.17 seconds: Site likelihoods with rate category 15 of 20
    474.70 seconds: Site likelihoods with rate category 16 of 20
    475.08 seconds: Site likelihoods with rate category 17 of 20
    475.47 seconds: Site likelihoods with rate category 18 of 20
    475.85 seconds: Site likelihoods with rate category 19 of 20
    476.22 seconds: Site likelihoods with rate category 20 of 20
    476.52 seconds: Optimizing alpha round 1
    476.86 seconds: Optimizing alpha round 2
    477.01 seconds: Optimizing alpha round 3
    477.18 seconds: Optimizing alpha round 4
Gamma(20) LogLk = -956821.354 alpha = 0.294 rescaling lengths by 1.717
Total time: 477.32 seconds Unique: 500/500 Bad splits: 6/497 Worst delta-LogLk 6.615
