FastTree Version 2.1.11 Double precision (No SSE3)
Alignment: standard input
Nucleotide distances: Jukes-Cantor Joins: balanced Support: SH-like 1000
Search: Normal +NNI +SPR (2 rounds range 10) +ML-NNI opt-each=1
TopHits: 1.00*sqrtN close=default refresh=0.80
ML Model: Generalized Time-Reversible, CAT approximation with 20 rate categories
Ignored unknown character D (seen 7 times)
Ignored unknown character H (seen 2 times)
Ignored unknown character K (seen 114 times)
Ignored unknown character M (seen 144 times)
Ignored unknown character R (seen 830 times)
Ignored unknown character S (seen 37 times)
Ignored unknown character V (seen 2 times)
Ignored unknown character W (seen 120 times)
Ignored unknown character X (seen 69 times)
Ignored unknown character Y (seen 382 times)
      1.24 seconds: Top hits for    171 of    500 seqs (at seed    100)
      3.30 seconds: Top hits for    356 of    500 seqs (at seed    300)
      4.10 seconds: Top hits for    419 of    500 seqs (at seed    400)
      7.33 seconds: Joined    100 of    497
      9.80 seconds: Joined    200 of    497
     11.60 seconds: Joined    300 of    497
     13.42 seconds: Joined    400 of    497
Initial topology in 15.37 seconds
Refining topology: 36 rounds ME-NNIs, 2 rounds ME-SPRs, 18 rounds ML-NNIs
     15.36 seconds: ME NNI round 1 of 36, 1 of 498 splits
     15.56 seconds: ME NNI round 1 of 36, 101 of 498 splits, 14 changes (max delta 0.003)
     15.76 seconds: ME NNI round 1 of 36, 201 of 498 splits, 39 changes (max delta 0.004)
     15.95 seconds: ME NNI round 1 of 36, 301 of 498 splits, 72 changes (max delta 0.004)
     16.13 seconds: ME NNI round 1 of 36, 401 of 498 splits, 88 changes (max delta 0.005)
     16.31 seconds: ME NNI round 2 of 36, 1 of 498 splits
     16.48 seconds: ME NNI round 2 of 36, 101 of 498 splits, 3 changes (max delta 0.001)
     16.66 seconds: ME NNI round 2 of 36, 201 of 498 splits, 16 changes (max delta 0.003)
     16.84 seconds: ME NNI round 2 of 36, 301 of 498 splits, 34 changes (max delta 0.003)
     17.02 seconds: ME NNI round 2 of 36, 401 of 498 splits, 43 changes (max delta 0.004)
     17.18 seconds: ME NNI round 3 of 36, 1 of 498 splits
     17.38 seconds: ME NNI round 3 of 36, 101 of 498 splits, 1 changes (max delta 0.000)
     17.56 seconds: ME NNI round 3 of 36, 201 of 498 splits, 11 changes (max delta 0.001)
     17.75 seconds: ME NNI round 3 of 36, 301 of 498 splits, 21 changes (max delta 0.002)
     17.85 seconds: ME NNI round 4 of 36, 1 of 498 splits
     18.06 seconds: ME NNI round 4 of 36, 101 of 498 splits, 8 changes (max delta 0.001)
     18.24 seconds: ME NNI round 4 of 36, 201 of 498 splits, 13 changes (max delta 0.002)
     18.50 seconds: ME NNI round 5 of 36, 101 of 498 splits, 16 changes (max delta 0.002)
     18.75 seconds: ME NNI round 7 of 36, 1 of 498 splits
     18.94 seconds: ME NNI round 8 of 36, 1 of 498 splits
     19.14 seconds: ME NNI round 9 of 36, 1 of 498 splits
     19.33 seconds: ME NNI round 10 of 36, 1 of 498 splits
     19.54 seconds: ME NNI round 11 of 36, 1 of 498 splits
     19.75 seconds: ME NNI round 12 of 36, 1 of 498 splits
     19.94 seconds: SPR round   1 of   2, 1 of 998 nodes
     23.16 seconds: SPR round   1 of   2, 101 of 998 nodes
     26.53 seconds: SPR round   1 of   2, 201 of 998 nodes
     29.59 seconds: SPR round   1 of   2, 301 of 998 nodes
     32.75 seconds: SPR round   1 of   2, 401 of 998 nodes
     36.31 seconds: SPR round   1 of   2, 501 of 998 nodes
     39.73 seconds: SPR round   1 of   2, 601 of 998 nodes
     43.01 seconds: SPR round   1 of   2, 701 of 998 nodes
     46.16 seconds: SPR round   1 of   2, 801 of 998 nodes
     50.10 seconds: SPR round   1 of   2, 901 of 998 nodes
     53.44 seconds: ME NNI round 13 of 36, 1 of 498 splits
     53.61 seconds: ME NNI round 13 of 36, 101 of 498 splits, 0 changes
     53.78 seconds: ME NNI round 13 of 36, 201 of 498 splits, 1 changes (max delta 0.000)
     53.95 seconds: ME NNI round 13 of 36, 301 of 498 splits, 5 changes (max delta 0.000)
     54.11 seconds: ME NNI round 13 of 36, 401 of 498 splits, 7 changes (max delta 0.000)
     54.27 seconds: ME NNI round 14 of 36, 1 of 498 splits
     54.44 seconds: ME NNI round 14 of 36, 101 of 498 splits, 0 changes
     54.61 seconds: ME NNI round 14 of 36, 201 of 498 splits, 0 changes
     54.78 seconds: ME NNI round 14 of 36, 301 of 498 splits, 0 changes
     54.94 seconds: ME NNI round 14 of 36, 401 of 498 splits, 0 changes
     55.10 seconds: SPR round   2 of   2, 1 of 998 nodes
     58.37 seconds: SPR round   2 of   2, 101 of 998 nodes
     61.55 seconds: SPR round   2 of   2, 201 of 998 nodes
     64.60 seconds: SPR round   2 of   2, 301 of 998 nodes
     67.78 seconds: SPR round   2 of   2, 401 of 998 nodes
     70.86 seconds: SPR round   2 of   2, 501 of 998 nodes
     74.03 seconds: SPR round   2 of   2, 601 of 998 nodes
     77.17 seconds: SPR round   2 of   2, 701 of 998 nodes
     80.43 seconds: SPR round   2 of   2, 801 of 998 nodes
     83.94 seconds: SPR round   2 of   2, 901 of 998 nodes
     87.35 seconds: ME NNI round 25 of 36, 1 of 498 splits
     87.52 seconds: ME NNI round 25 of 36, 101 of 498 splits, 0 changes
     87.69 seconds: ME NNI round 25 of 36, 201 of 498 splits, 1 changes (max delta 0.002)
     87.86 seconds: ME NNI round 25 of 36, 301 of 498 splits, 3 changes (max delta 0.002)
     88.02 seconds: ME NNI round 25 of 36, 401 of 498 splits, 3 changes (max delta 0.002)
     88.19 seconds: ME NNI round 26 of 36, 1 of 498 splits
     88.36 seconds: ME NNI round 26 of 36, 101 of 498 splits, 0 changes
     88.53 seconds: ME NNI round 26 of 36, 201 of 498 splits, 0 changes
     88.70 seconds: ME NNI round 26 of 36, 301 of 498 splits, 1 changes (max delta 0.000)
     88.86 seconds: ME NNI round 26 of 36, 401 of 498 splits, 1 changes (max delta 0.000)
     89.02 seconds: ME NNI round 27 of 36, 1 of 498 splits
Total branch-length 21.628 after 90.10 sec
     90.25 seconds: ML Lengths 1 of 498 splits
     91.86 seconds: ML Lengths 101 of 498 splits
     93.36 seconds: ML Lengths 201 of 498 splits
     94.83 seconds: ML Lengths 301 of 498 splits
     96.30 seconds: ML Lengths 401 of 498 splits
     97.82 seconds: ML NNI round 1 of 18, 1 of 498 splits
    102.51 seconds: ML NNI round 1 of 18, 101 of 498 splits, 14 changes (max delta 47.322)
    107.00 seconds: ML NNI round 1 of 18, 201 of 498 splits, 30 changes (max delta 47.322)
    111.64 seconds: ML NNI round 1 of 18, 301 of 498 splits, 53 changes (max delta 47.322)
    116.13 seconds: ML NNI round 1 of 18, 401 of 498 splits, 79 changes (max delta 56.744)
ML-NNI round 1: LogLk = -1133460.687 NNIs 111 max delta 56.74 Time 121.27
    121.27 seconds: Optimizing GTR model, step 1 of 12
    127.00 seconds: Optimizing GTR model, step 2 of 12
    133.90 seconds: Optimizing GTR model, step 3 of 12
    141.16 seconds: Optimizing GTR model, step 4 of 12
    148.34 seconds: Optimizing GTR model, step 5 of 12
    154.41 seconds: Optimizing GTR model, step 6 of 12
    161.14 seconds: Optimizing GTR model, step 7 of 12
    166.07 seconds: Optimizing GTR model, step 8 of 12
    170.95 seconds: Optimizing GTR model, step 9 of 12
    174.55 seconds: Optimizing GTR model, step 10 of 12
    177.87 seconds: Optimizing GTR model, step 11 of 12
    181.25 seconds: Optimizing GTR model, step 12 of 12
GTR Frequencies: 0.3637 0.1754 0.2389 0.2219
GTR rates(ac ag at cg ct gt) 1.8040 4.2122 0.9423 0.9733 5.2356 1.0000
    185.23 seconds: ML Lengths 1 of 498 splits
    186.44 seconds: ML Lengths 101 of 498 splits
    187.88 seconds: ML Lengths 201 of 498 splits
    189.49 seconds: ML Lengths 301 of 498 splits
    190.75 seconds: ML Lengths 401 of 498 splits
    192.39 seconds: Site likelihoods with rate category 1 of 20
    192.78 seconds: Site likelihoods with rate category 2 of 20
    193.28 seconds: Site likelihoods with rate category 3 of 20
    193.70 seconds: Site likelihoods with rate category 4 of 20
    194.02 seconds: Site likelihoods with rate category 5 of 20
    194.36 seconds: Site likelihoods with rate category 6 of 20
    194.91 seconds: Site likelihoods with rate category 7 of 20
    195.31 seconds: Site likelihoods with rate category 8 of 20
    195.75 seconds: Site likelihoods with rate category 9 of 20
    196.14 seconds: Site likelihoods with rate category 10 of 20
    196.52 seconds: Site likelihoods with rate category 11 of 20
    196.92 seconds: Site likelihoods with rate category 12 of 20
    197.26 seconds: Site likelihoods with rate category 13 of 20
    197.61 seconds: Site likelihoods with rate category 14 of 20
    198.01 seconds: Site likelihoods with rate category 15 of 20
    198.39 seconds: Site likelihoods with rate category 16 of 20
    198.77 seconds: Site likelihoods with rate category 17 of 20
    199.10 seconds: Site likelihoods with rate category 18 of 20
    199.44 seconds: Site likelihoods with rate category 19 of 20
    199.89 seconds: Site likelihoods with rate category 20 of 20
Switched to using 20 rate categories (CAT approximation)
Rate categories were divided by 1.043 so that average rate = 1.0
CAT-based log-likelihoods may not be comparable across runs
    200.63 seconds: ML NNI round 2 of 18, 1 of 498 splits
    203.93 seconds: ML NNI round 2 of 18, 101 of 498 splits, 16 changes (max delta 6.819)
    206.17 seconds: ML NNI round 2 of 18, 201 of 498 splits, 26 changes (max delta 14.290)
    209.90 seconds: ML NNI round 2 of 18, 301 of 498 splits, 49 changes (max delta 22.835)
    212.36 seconds: ML NNI round 2 of 18, 401 of 498 splits, 64 changes (max delta 22.835)
ML-NNI round 2: LogLk = -902120.257 NNIs 82 max delta 22.84 Time 215.91
    215.90 seconds: ML NNI round 3 of 18, 1 of 498 splits
    219.03 seconds: ML NNI round 3 of 18, 101 of 498 splits, 11 changes (max delta 3.694)
    221.12 seconds: ML NNI round 3 of 18, 201 of 498 splits, 17 changes (max delta 8.051)
    223.33 seconds: ML NNI round 3 of 18, 301 of 498 splits, 21 changes (max delta 10.963)
ML-NNI round 3: LogLk = -901928.629 NNIs 25 max delta 10.96 Time 225.27
    225.27 seconds: ML NNI round 4 of 18, 1 of 498 splits
    227.05 seconds: ML NNI round 4 of 18, 101 of 498 splits, 7 changes (max delta 6.917)
    228.65 seconds: ML NNI round 4 of 18, 201 of 498 splits, 9 changes (max delta 6.917)
ML-NNI round 4: LogLk = -901886.532 NNIs 12 max delta 9.39 Time 229.78
    229.78 seconds: ML NNI round 5 of 18, 1 of 498 splits
    231.46 seconds: ML NNI round 5 of 18, 101 of 498 splits, 4 changes (max delta 3.934)
ML-NNI round 5: LogLk = -901821.919 NNIs 10 max delta 9.68 Time 232.55
ML-NNI round 6: LogLk = -901815.673 NNIs 5 max delta 2.88 Time 234.70
    234.70 seconds: ML NNI round 7 of 18, 1 of 498 splits
ML-NNI round 7: LogLk = -901811.911 NNIs 3 max delta 3.35 Time 236.24
    236.24 seconds: ML NNI round 8 of 18, 1 of 498 splits
ML-NNI round 8: LogLk = -901811.797 NNIs 0 max delta 0.00 Time 237.18
Turning off heuristics for final round of ML NNIs (converged)
    237.18 seconds: ML NNI round 9 of 18, 1 of 498 splits
    241.59 seconds: ML NNI round 9 of 18, 101 of 498 splits, 2 changes (max delta 5.434)
    245.91 seconds: ML NNI round 9 of 18, 201 of 498 splits, 6 changes (max delta 5.434)
    250.05 seconds: ML NNI round 9 of 18, 301 of 498 splits, 12 changes (max delta 10.302)
    253.88 seconds: ML NNI round 9 of 18, 401 of 498 splits, 15 changes (max delta 10.302)
ML-NNI round 9: LogLk = -901256.075 NNIs 25 max delta 10.30 Time 258.05 (final)
    258.04 seconds: ML Lengths 1 of 498 splits
    259.01 seconds: ML Lengths 101 of 498 splits
    260.96 seconds: ML Lengths 301 of 498 splits
Optimize all lengths: LogLk = -901252.870 Time 263.09
    268.37 seconds: ML split tests for    100 of    497 internal splits
    273.33 seconds: ML split tests for    200 of    497 internal splits
    278.15 seconds: ML split tests for    300 of    497 internal splits
    283.47 seconds: ML split tests for    400 of    497 internal splits
    288.62 seconds: Site likelihoods with rate category 1 of 20
    288.93 seconds: Site likelihoods with rate category 2 of 20
    289.24 seconds: Site likelihoods with rate category 3 of 20
    289.56 seconds: Site likelihoods with rate category 4 of 20
    289.92 seconds: Site likelihoods with rate category 5 of 20
    290.22 seconds: Site likelihoods with rate category 6 of 20
    290.57 seconds: Site likelihoods with rate category 7 of 20
    290.93 seconds: Site likelihoods with rate category 8 of 20
    291.26 seconds: Site likelihoods with rate category 9 of 20
    291.64 seconds: Site likelihoods with rate category 10 of 20
    291.98 seconds: Site likelihoods with rate category 11 of 20
    292.29 seconds: Site likelihoods with rate category 12 of 20
    292.62 seconds: Site likelihoods with rate category 13 of 20
    293.04 seconds: Site likelihoods with rate category 14 of 20
    293.41 seconds: Site likelihoods with rate category 15 of 20
    293.72 seconds: Site likelihoods with rate category 16 of 20
    294.09 seconds: Site likelihoods with rate category 17 of 20
    294.49 seconds: Site likelihoods with rate category 18 of 20
    294.80 seconds: Site likelihoods with rate category 19 of 20
    295.14 seconds: Site likelihoods with rate category 20 of 20
    295.49 seconds: Optimizing alpha round 1
    295.63 seconds: Optimizing alpha round 2
Gamma(20) LogLk = -915103.716 alpha = 0.293 rescaling lengths by 1.044
Total time: 295.72 seconds Unique: 500/500 Bad splits: 4/497 Worst delta-LogLk 3.341
