FastTree Version 2.1.11 Double precision (No SSE3)
Alignment: standard input
Nucleotide distances: Jukes-Cantor Joins: balanced Support: SH-like 1000
Search: Normal +NNI +SPR (2 rounds range 10) +ML-NNI opt-each=1
TopHits: 1.00*sqrtN close=default refresh=0.80
ML Model: Generalized Time-Reversible, CAT approximation with 20 rate categories
Ignored unknown character B (seen 1 times)
Ignored unknown character H (seen 2 times)
Ignored unknown character K (seen 96 times)
Ignored unknown character M (seen 165 times)
Ignored unknown character R (seen 954 times)
Ignored unknown character S (seen 44 times)
Ignored unknown character V (seen 2 times)
Ignored unknown character W (seen 114 times)
Ignored unknown character X (seen 115 times)
Ignored unknown character Y (seen 457 times)
      1.46 seconds: Top hits for    210 of    500 seqs (at seed    100)
      3.47 seconds: Top hits for    357 of    500 seqs (at seed    300)
      4.39 seconds: Top hits for    426 of    500 seqs (at seed    400)
      8.36 seconds: Joined    100 of    497
     11.85 seconds: Joined    200 of    497
     14.36 seconds: Joined    300 of    497
     16.51 seconds: Joined    400 of    497
Initial topology in 18.87 seconds
Refining topology: 36 rounds ME-NNIs, 2 rounds ME-SPRs, 18 rounds ML-NNIs
     18.87 seconds: ME NNI round 1 of 36, 1 of 498 splits
     19.12 seconds: ME NNI round 1 of 36, 101 of 498 splits, 18 changes (max delta 0.005)
     19.36 seconds: ME NNI round 1 of 36, 201 of 498 splits, 44 changes (max delta 0.005)
     19.59 seconds: ME NNI round 1 of 36, 301 of 498 splits, 70 changes (max delta 0.010)
     19.82 seconds: ME NNI round 1 of 36, 401 of 498 splits, 88 changes (max delta 0.010)
     20.03 seconds: ME NNI round 2 of 36, 1 of 498 splits
     20.25 seconds: ME NNI round 2 of 36, 101 of 498 splits, 4 changes (max delta 0.001)
     20.50 seconds: ME NNI round 2 of 36, 201 of 498 splits, 30 changes (max delta 0.003)
     20.74 seconds: ME NNI round 2 of 36, 301 of 498 splits, 51 changes (max delta 0.010)
     20.97 seconds: ME NNI round 2 of 36, 401 of 498 splits, 65 changes (max delta 0.010)
     21.17 seconds: ME NNI round 3 of 36, 1 of 498 splits
     21.41 seconds: ME NNI round 3 of 36, 101 of 498 splits, 16 changes (max delta 0.005)
     21.63 seconds: ME NNI round 3 of 36, 201 of 498 splits, 26 changes (max delta 0.005)
     21.86 seconds: ME NNI round 3 of 36, 301 of 498 splits, 36 changes (max delta 0.005)
     21.98 seconds: ME NNI round 4 of 36, 1 of 498 splits
     22.23 seconds: ME NNI round 4 of 36, 101 of 498 splits, 17 changes (max delta 0.002)
     22.47 seconds: ME NNI round 4 of 36, 201 of 498 splits, 26 changes (max delta 0.002)
     22.60 seconds: ME NNI round 5 of 36, 1 of 498 splits
     22.86 seconds: ME NNI round 5 of 36, 101 of 498 splits, 12 changes (max delta 0.005)
     23.09 seconds: ME NNI round 5 of 36, 201 of 498 splits, 19 changes (max delta 0.005)
     23.36 seconds: ME NNI round 6 of 36, 101 of 498 splits, 7 changes (max delta 0.004)
     23.48 seconds: ME NNI round 7 of 36, 1 of 498 splits
     23.73 seconds: ME NNI round 7 of 36, 101 of 498 splits, 8 changes (max delta 0.005)
     23.96 seconds: ME NNI round 9 of 36, 1 of 498 splits
     24.14 seconds: ME NNI round 10 of 36, 1 of 498 splits
     24.28 seconds: SPR round   1 of   2, 1 of 998 nodes
     28.00 seconds: SPR round   1 of   2, 101 of 998 nodes
     32.09 seconds: SPR round   1 of   2, 201 of 998 nodes
     36.16 seconds: SPR round   1 of   2, 301 of 998 nodes
     40.53 seconds: SPR round   1 of   2, 401 of 998 nodes
     43.98 seconds: SPR round   1 of   2, 501 of 998 nodes
     48.40 seconds: SPR round   1 of   2, 601 of 998 nodes
     52.34 seconds: SPR round   1 of   2, 701 of 998 nodes
     56.07 seconds: SPR round   1 of   2, 801 of 998 nodes
     61.19 seconds: SPR round   1 of   2, 901 of 998 nodes
     65.60 seconds: ME NNI round 13 of 36, 1 of 498 splits
     65.81 seconds: ME NNI round 13 of 36, 101 of 498 splits, 1 changes (max delta 0.000)
     66.03 seconds: ME NNI round 13 of 36, 201 of 498 splits, 4 changes (max delta 0.000)
     66.26 seconds: ME NNI round 13 of 36, 301 of 498 splits, 4 changes (max delta 0.000)
     66.48 seconds: ME NNI round 13 of 36, 401 of 498 splits, 7 changes (max delta 0.001)
     66.69 seconds: ME NNI round 14 of 36, 1 of 498 splits
     66.91 seconds: ME NNI round 14 of 36, 101 of 498 splits, 0 changes
     67.13 seconds: ME NNI round 14 of 36, 201 of 498 splits, 1 changes (max delta 0.000)
     67.36 seconds: ME NNI round 14 of 36, 301 of 498 splits, 1 changes (max delta 0.000)
     67.59 seconds: ME NNI round 14 of 36, 401 of 498 splits, 2 changes (max delta 0.000)
     67.79 seconds: ME NNI round 15 of 36, 1 of 498 splits
     67.97 seconds: SPR round   2 of   2, 1 of 998 nodes
     72.06 seconds: SPR round   2 of   2, 101 of 998 nodes
     76.51 seconds: SPR round   2 of   2, 201 of 998 nodes
     80.43 seconds: SPR round   2 of   2, 301 of 998 nodes
     84.54 seconds: SPR round   2 of   2, 401 of 998 nodes
     88.47 seconds: SPR round   2 of   2, 501 of 998 nodes
     91.95 seconds: SPR round   2 of   2, 601 of 998 nodes
     96.52 seconds: SPR round   2 of   2, 701 of 998 nodes
    100.32 seconds: SPR round   2 of   2, 801 of 998 nodes
    104.54 seconds: SPR round   2 of   2, 901 of 998 nodes
    108.78 seconds: ME NNI round 25 of 36, 1 of 498 splits
    108.99 seconds: ME NNI round 25 of 36, 101 of 498 splits, 0 changes
    109.22 seconds: ME NNI round 25 of 36, 201 of 498 splits, 0 changes
    109.43 seconds: ME NNI round 25 of 36, 301 of 498 splits, 2 changes (max delta 0.001)
    109.65 seconds: ME NNI round 25 of 36, 401 of 498 splits, 2 changes (max delta 0.001)
    109.85 seconds: ME NNI round 26 of 36, 1 of 498 splits
    110.07 seconds: ME NNI round 26 of 36, 101 of 498 splits, 0 changes
    110.29 seconds: ME NNI round 26 of 36, 201 of 498 splits, 0 changes
    110.51 seconds: ME NNI round 26 of 36, 301 of 498 splits, 1 changes (max delta 0.001)
    110.72 seconds: ME NNI round 26 of 36, 401 of 498 splits, 1 changes (max delta 0.001)
    110.93 seconds: ME NNI round 27 of 36, 1 of 498 splits
    111.05 seconds: ME NNI round 28 of 36, 1 of 498 splits
Total branch-length 23.449 after 112.53 sec
    112.74 seconds: ML Lengths 1 of 498 splits
    114.96 seconds: ML Lengths 101 of 498 splits
    117.20 seconds: ML Lengths 201 of 498 splits
    119.49 seconds: ML Lengths 301 of 498 splits
    121.81 seconds: ML Lengths 401 of 498 splits
    124.06 seconds: ML NNI round 1 of 18, 1 of 498 splits
    130.70 seconds: ML NNI round 1 of 18, 101 of 498 splits, 27 changes (max delta 53.359)
    137.17 seconds: ML NNI round 1 of 18, 201 of 498 splits, 50 changes (max delta 53.359)
    144.05 seconds: ML NNI round 1 of 18, 301 of 498 splits, 73 changes (max delta 53.359)
    150.45 seconds: ML NNI round 1 of 18, 401 of 498 splits, 96 changes (max delta 53.359)
ML-NNI round 1: LogLk = -1249660.697 NNIs 126 max delta 53.36 Time 157.00
    157.00 seconds: Optimizing GTR model, step 1 of 12
    162.73 seconds: Optimizing GTR model, step 2 of 12
    171.15 seconds: Optimizing GTR model, step 3 of 12
    178.95 seconds: Optimizing GTR model, step 4 of 12
    187.67 seconds: Optimizing GTR model, step 5 of 12
    196.02 seconds: Optimizing GTR model, step 6 of 12
    204.27 seconds: Optimizing GTR model, step 7 of 12
    209.56 seconds: Optimizing GTR model, step 8 of 12
    215.53 seconds: Optimizing GTR model, step 9 of 12
    221.46 seconds: Optimizing GTR model, step 10 of 12
    226.81 seconds: Optimizing GTR model, step 11 of 12
    232.20 seconds: Optimizing GTR model, step 12 of 12
GTR Frequencies: 0.3635 0.1759 0.2390 0.2217
GTR rates(ac ag at cg ct gt) 1.8425 3.9694 0.9860 0.9736 4.7408 1.0000
    238.02 seconds: ML Lengths 1 of 498 splits
    240.47 seconds: ML Lengths 101 of 498 splits
    242.91 seconds: ML Lengths 201 of 498 splits
    245.32 seconds: ML Lengths 301 of 498 splits
    247.78 seconds: ML Lengths 401 of 498 splits
    250.79 seconds: Site likelihoods with rate category 1 of 20
    251.40 seconds: Site likelihoods with rate category 2 of 20
    252.02 seconds: Site likelihoods with rate category 3 of 20
    252.64 seconds: Site likelihoods with rate category 4 of 20
    253.26 seconds: Site likelihoods with rate category 5 of 20
    253.92 seconds: Site likelihoods with rate category 6 of 20
    254.54 seconds: Site likelihoods with rate category 7 of 20
    255.17 seconds: Site likelihoods with rate category 8 of 20
    255.79 seconds: Site likelihoods with rate category 9 of 20
    256.41 seconds: Site likelihoods with rate category 10 of 20
    257.07 seconds: Site likelihoods with rate category 11 of 20
    257.69 seconds: Site likelihoods with rate category 12 of 20
    258.31 seconds: Site likelihoods with rate category 13 of 20
    258.92 seconds: Site likelihoods with rate category 14 of 20
    259.58 seconds: Site likelihoods with rate category 15 of 20
    260.21 seconds: Site likelihoods with rate category 16 of 20
    260.84 seconds: Site likelihoods with rate category 17 of 20
    261.45 seconds: Site likelihoods with rate category 18 of 20
    262.07 seconds: Site likelihoods with rate category 19 of 20
    262.72 seconds: Site likelihoods with rate category 20 of 20
Switched to using 20 rate categories (CAT approximation)
Rate categories were divided by 1.028 so that average rate = 1.0
CAT-based log-likelihoods may not be comparable across runs
    263.66 seconds: ML NNI round 2 of 18, 1 of 498 splits
    271.15 seconds: ML NNI round 2 of 18, 101 of 498 splits, 23 changes (max delta 11.445)
    276.89 seconds: ML NNI round 2 of 18, 201 of 498 splits, 38 changes (max delta 11.445)
    281.81 seconds: ML NNI round 2 of 18, 301 of 498 splits, 47 changes (max delta 14.166)
    287.65 seconds: ML NNI round 2 of 18, 401 of 498 splits, 61 changes (max delta 14.166)
ML-NNI round 2: LogLk = -991861.373 NNIs 87 max delta 15.44 Time 294.85
    294.84 seconds: ML NNI round 3 of 18, 1 of 498 splits
    301.21 seconds: ML NNI round 3 of 18, 101 of 498 splits, 9 changes (max delta 5.281)
    306.54 seconds: ML NNI round 3 of 18, 201 of 498 splits, 18 changes (max delta 7.773)
    310.38 seconds: ML NNI round 3 of 18, 301 of 498 splits, 25 changes (max delta 7.773)
    314.19 seconds: ML NNI round 3 of 18, 401 of 498 splits, 29 changes (max delta 7.773)
ML-NNI round 3: LogLk = -991611.773 NNIs 32 max delta 7.77 Time 316.33
    316.32 seconds: ML NNI round 4 of 18, 1 of 498 splits
    320.59 seconds: ML NNI round 4 of 18, 101 of 498 splits, 3 changes (max delta 1.934)
    323.16 seconds: ML NNI round 4 of 18, 201 of 498 splits, 9 changes (max delta 17.543)
    326.42 seconds: ML NNI round 4 of 18, 301 of 498 splits, 13 changes (max delta 17.543)
ML-NNI round 4: LogLk = -991477.767 NNIs 15 max delta 17.54 Time 327.25
    327.24 seconds: ML NNI round 5 of 18, 1 of 498 splits
    329.98 seconds: ML NNI round 5 of 18, 101 of 498 splits, 4 changes (max delta 15.029)
ML-NNI round 5: LogLk = -991438.686 NNIs 7 max delta 15.03 Time 332.81
    332.80 seconds: ML NNI round 6 of 18, 1 of 498 splits
ML-NNI round 6: LogLk = -991286.361 NNIs 4 max delta 130.83 Time 335.77
    335.76 seconds: ML NNI round 7 of 18, 1 of 498 splits
ML-NNI round 7: LogLk = -991264.526 NNIs 1 max delta 12.65 Time 337.36
    337.36 seconds: ML NNI round 8 of 18, 1 of 498 splits
ML-NNI round 8: LogLk = -991245.604 NNIs 2 max delta 14.25 Time 338.19
    338.18 seconds: ML NNI round 9 of 18, 1 of 498 splits
ML-NNI round 9: LogLk = -991194.138 NNIs 3 max delta 18.15 Time 339.22
ML-NNI round 10: LogLk = -991193.421 NNIs 0 max delta 0.00 Time 340.12
Turning off heuristics for final round of ML NNIs (converged)
    340.11 seconds: ML NNI round 11 of 18, 1 of 498 splits
    349.15 seconds: ML NNI round 11 of 18, 101 of 498 splits, 5 changes (max delta 11.369)
    357.43 seconds: ML NNI round 11 of 18, 201 of 498 splits, 12 changes (max delta 27.094)
    365.71 seconds: ML NNI round 11 of 18, 301 of 498 splits, 19 changes (max delta 27.094)
    374.40 seconds: ML NNI round 11 of 18, 401 of 498 splits, 24 changes (max delta 27.094)
ML-NNI round 11: LogLk = -990564.071 NNIs 30 max delta 27.09 Time 383.06 (final)
    383.06 seconds: ML Lengths 1 of 498 splits
    385.21 seconds: ML Lengths 101 of 498 splits
    387.35 seconds: ML Lengths 201 of 498 splits
    389.45 seconds: ML Lengths 301 of 498 splits
    391.56 seconds: ML Lengths 401 of 498 splits
Optimize all lengths: LogLk = -990559.185 Time 393.78
    404.95 seconds: ML split tests for    100 of    497 internal splits
    415.14 seconds: ML split tests for    200 of    497 internal splits
    424.77 seconds: ML split tests for    300 of    497 internal splits
    435.00 seconds: ML split tests for    400 of    497 internal splits
    445.47 seconds: Site likelihoods with rate category 1 of 20
    445.95 seconds: Site likelihoods with rate category 2 of 20
    446.44 seconds: Site likelihoods with rate category 3 of 20
    447.00 seconds: Site likelihoods with rate category 4 of 20
    447.56 seconds: Site likelihoods with rate category 5 of 20
    448.14 seconds: Site likelihoods with rate category 6 of 20
    448.66 seconds: Site likelihoods with rate category 7 of 20
    449.10 seconds: Site likelihoods with rate category 8 of 20
    449.58 seconds: Site likelihoods with rate category 9 of 20
    450.18 seconds: Site likelihoods with rate category 10 of 20
    450.75 seconds: Site likelihoods with rate category 11 of 20
    451.23 seconds: Site likelihoods with rate category 12 of 20
    451.81 seconds: Site likelihoods with rate category 13 of 20
    452.38 seconds: Site likelihoods with rate category 14 of 20
    452.95 seconds: Site likelihoods with rate category 15 of 20
    453.53 seconds: Site likelihoods with rate category 16 of 20
    454.11 seconds: Site likelihoods with rate category 17 of 20
    454.71 seconds: Site likelihoods with rate category 18 of 20
    455.28 seconds: Site likelihoods with rate category 19 of 20
    455.76 seconds: Site likelihoods with rate category 20 of 20
    456.19 seconds: Optimizing alpha round 1
    456.59 seconds: Optimizing alpha round 2
    456.84 seconds: Optimizing alpha round 3
Gamma(20) LogLk = -1004961.347 alpha = 0.292 rescaling lengths by 1.494
Total time: 457.07 seconds Unique: 500/500 Bad splits: 11/497 Worst delta-LogLk 12.487
