FastTree Version 2.1.11 Double precision (No SSE3)
Alignment: standard input
Nucleotide distances: Jukes-Cantor Joins: balanced Support: SH-like 1000
Search: Normal +NNI +SPR (2 rounds range 10) +ML-NNI opt-each=1
TopHits: 1.00*sqrtN close=default refresh=0.80
ML Model: Generalized Time-Reversible, CAT approximation with 20 rate categories
Ignored unknown character H (seen 1 times)
Ignored unknown character K (seen 105 times)
Ignored unknown character M (seen 153 times)
Ignored unknown character R (seen 871 times)
Ignored unknown character S (seen 41 times)
Ignored unknown character V (seen 2 times)
Ignored unknown character W (seen 90 times)
Ignored unknown character X (seen 161 times)
Ignored unknown character Y (seen 413 times)
      1.63 seconds: Top hits for    171 of    500 seqs (at seed    100)
      3.93 seconds: Top hits for    339 of    500 seqs (at seed    300)
      5.08 seconds: Top hits for    416 of    500 seqs (at seed    400)
      6.31 seconds: Checking top hits for      1 of    500 seqs
      8.88 seconds: Joined    100 of    497
     11.95 seconds: Joined    200 of    497
     14.34 seconds: Joined    300 of    497
     16.60 seconds: Joined    400 of    497
Initial topology in 18.98 seconds
Refining topology: 36 rounds ME-NNIs, 2 rounds ME-SPRs, 18 rounds ML-NNIs
     18.98 seconds: ME NNI round 1 of 36, 1 of 498 splits
     19.20 seconds: ME NNI round 1 of 36, 101 of 498 splits, 9 changes (max delta 0.001)
     19.47 seconds: ME NNI round 1 of 36, 201 of 498 splits, 30 changes (max delta 0.007)
     19.71 seconds: ME NNI round 1 of 36, 301 of 498 splits, 56 changes (max delta 0.007)
     19.95 seconds: ME NNI round 1 of 36, 401 of 498 splits, 91 changes (max delta 0.007)
     20.18 seconds: ME NNI round 2 of 36, 1 of 498 splits
     20.39 seconds: ME NNI round 2 of 36, 101 of 498 splits, 3 changes (max delta 0.000)
     20.63 seconds: ME NNI round 2 of 36, 201 of 498 splits, 21 changes (max delta 0.003)
     20.87 seconds: ME NNI round 2 of 36, 301 of 498 splits, 33 changes (max delta 0.003)
     21.09 seconds: ME NNI round 2 of 36, 401 of 498 splits, 53 changes (max delta 0.003)
     21.31 seconds: ME NNI round 3 of 36, 1 of 498 splits
     21.55 seconds: ME NNI round 3 of 36, 101 of 498 splits, 6 changes (max delta 0.001)
     21.78 seconds: ME NNI round 3 of 36, 201 of 498 splits, 11 changes (max delta 0.002)
     22.02 seconds: ME NNI round 3 of 36, 301 of 498 splits, 25 changes (max delta 0.002)
     22.21 seconds: ME NNI round 4 of 36, 1 of 498 splits
     22.47 seconds: ME NNI round 4 of 36, 101 of 498 splits, 8 changes (max delta 0.002)
     22.71 seconds: ME NNI round 4 of 36, 201 of 498 splits, 19 changes (max delta 0.002)
     22.86 seconds: ME NNI round 5 of 36, 1 of 498 splits
     23.10 seconds: ME NNI round 5 of 36, 101 of 498 splits, 5 changes (max delta 0.001)
     23.28 seconds: ME NNI round 6 of 36, 1 of 498 splits
     23.54 seconds: ME NNI round 6 of 36, 101 of 498 splits, 4 changes (max delta 0.001)
     23.87 seconds: ME NNI round 8 of 36, 1 of 498 splits
     24.04 seconds: ME NNI round 9 of 36, 1 of 498 splits
     24.20 seconds: ME NNI round 10 of 36, 1 of 498 splits
     24.34 seconds: SPR round   1 of   2, 1 of 998 nodes
     28.66 seconds: SPR round   1 of   2, 101 of 998 nodes
     32.82 seconds: SPR round   1 of   2, 201 of 998 nodes
     36.60 seconds: SPR round   1 of   2, 301 of 998 nodes
     40.69 seconds: SPR round   1 of   2, 401 of 998 nodes
     44.27 seconds: SPR round   1 of   2, 501 of 998 nodes
     47.94 seconds: SPR round   1 of   2, 601 of 998 nodes
     52.39 seconds: SPR round   1 of   2, 701 of 998 nodes
     56.73 seconds: SPR round   1 of   2, 801 of 998 nodes
     61.46 seconds: SPR round   1 of   2, 901 of 998 nodes
     65.27 seconds: ME NNI round 13 of 36, 1 of 498 splits
     65.48 seconds: ME NNI round 13 of 36, 101 of 498 splits, 2 changes (max delta 0.000)
     65.72 seconds: ME NNI round 13 of 36, 201 of 498 splits, 5 changes (max delta 0.001)
     65.95 seconds: ME NNI round 13 of 36, 301 of 498 splits, 8 changes (max delta 0.001)
     66.16 seconds: ME NNI round 13 of 36, 401 of 498 splits, 12 changes (max delta 0.001)
     66.35 seconds: ME NNI round 14 of 36, 1 of 498 splits
     66.56 seconds: ME NNI round 14 of 36, 101 of 498 splits, 1 changes (max delta 0.000)
     66.78 seconds: ME NNI round 14 of 36, 201 of 498 splits, 3 changes (max delta 0.000)
     67.02 seconds: ME NNI round 14 of 36, 301 of 498 splits, 7 changes (max delta 0.001)
     67.24 seconds: ME NNI round 14 of 36, 401 of 498 splits, 9 changes (max delta 0.001)
     67.45 seconds: ME NNI round 15 of 36, 1 of 498 splits
     67.71 seconds: ME NNI round 15 of 36, 101 of 498 splits, 4 changes (max delta 0.001)
     68.07 seconds: ME NNI round 16 of 36, 101 of 498 splits, 1 changes (max delta 0.000)
     68.23 seconds: SPR round   2 of   2, 1 of 998 nodes
     71.87 seconds: SPR round   2 of   2, 101 of 998 nodes
     76.37 seconds: SPR round   2 of   2, 201 of 998 nodes
     80.42 seconds: SPR round   2 of   2, 301 of 998 nodes
     84.53 seconds: SPR round   2 of   2, 401 of 998 nodes
     88.26 seconds: SPR round   2 of   2, 501 of 998 nodes
     91.93 seconds: SPR round   2 of   2, 601 of 998 nodes
     96.13 seconds: SPR round   2 of   2, 701 of 998 nodes
     99.86 seconds: SPR round   2 of   2, 801 of 998 nodes
    103.82 seconds: SPR round   2 of   2, 901 of 998 nodes
    108.66 seconds: ME NNI round 25 of 36, 1 of 498 splits
    108.88 seconds: ME NNI round 25 of 36, 101 of 498 splits, 0 changes
    109.10 seconds: ME NNI round 25 of 36, 201 of 498 splits, 0 changes
    109.31 seconds: ME NNI round 25 of 36, 301 of 498 splits, 1 changes (max delta 0.000)
    109.52 seconds: ME NNI round 25 of 36, 401 of 498 splits, 1 changes (max delta 0.000)
    109.71 seconds: ME NNI round 26 of 36, 1 of 498 splits
    109.92 seconds: ME NNI round 26 of 36, 101 of 498 splits, 0 changes
    110.15 seconds: ME NNI round 26 of 36, 201 of 498 splits, 0 changes
    110.37 seconds: ME NNI round 26 of 36, 301 of 498 splits, 0 changes
    110.60 seconds: ME NNI round 26 of 36, 401 of 498 splits, 0 changes
Total branch-length 23.424 after 112.07 sec
    112.28 seconds: ML Lengths 1 of 498 splits
    114.53 seconds: ML Lengths 101 of 498 splits
    116.78 seconds: ML Lengths 201 of 498 splits
    119.04 seconds: ML Lengths 301 of 498 splits
    121.36 seconds: ML Lengths 401 of 498 splits
    123.60 seconds: ML NNI round 1 of 18, 1 of 498 splits
    130.17 seconds: ML NNI round 1 of 18, 101 of 498 splits, 21 changes (max delta 31.376)
    136.39 seconds: ML NNI round 1 of 18, 201 of 498 splits, 37 changes (max delta 44.502)
    143.28 seconds: ML NNI round 1 of 18, 301 of 498 splits, 66 changes (max delta 94.563)
    150.34 seconds: ML NNI round 1 of 18, 401 of 498 splits, 99 changes (max delta 94.563)
ML-NNI round 1: LogLk = -1252249.021 NNIs 127 max delta 94.56 Time 157.01
    157.01 seconds: Optimizing GTR model, step 1 of 12
    163.18 seconds: Optimizing GTR model, step 2 of 12
    172.16 seconds: Optimizing GTR model, step 3 of 12
    180.50 seconds: Optimizing GTR model, step 4 of 12
    189.54 seconds: Optimizing GTR model, step 5 of 12
    197.96 seconds: Optimizing GTR model, step 6 of 12
    206.24 seconds: Optimizing GTR model, step 7 of 12
    211.51 seconds: Optimizing GTR model, step 8 of 12
    217.37 seconds: Optimizing GTR model, step 9 of 12
    223.15 seconds: Optimizing GTR model, step 10 of 12
    228.37 seconds: Optimizing GTR model, step 11 of 12
    233.60 seconds: Optimizing GTR model, step 12 of 12
GTR Frequencies: 0.3634 0.1759 0.2389 0.2218
GTR rates(ac ag at cg ct gt) 1.8429 3.9467 0.9859 0.9653 4.7004 1.0000
    239.22 seconds: ML Lengths 1 of 498 splits
    241.64 seconds: ML Lengths 101 of 498 splits
    244.05 seconds: ML Lengths 201 of 498 splits
    246.46 seconds: ML Lengths 301 of 498 splits
    248.79 seconds: ML Lengths 401 of 498 splits
    251.63 seconds: Site likelihoods with rate category 1 of 20
    252.22 seconds: Site likelihoods with rate category 2 of 20
    252.85 seconds: Site likelihoods with rate category 3 of 20
    253.51 seconds: Site likelihoods with rate category 4 of 20
    254.13 seconds: Site likelihoods with rate category 5 of 20
    254.75 seconds: Site likelihoods with rate category 6 of 20
    255.34 seconds: Site likelihoods with rate category 7 of 20
    255.99 seconds: Site likelihoods with rate category 8 of 20
    256.63 seconds: Site likelihoods with rate category 9 of 20
    257.26 seconds: Site likelihoods with rate category 10 of 20
    257.84 seconds: Site likelihoods with rate category 11 of 20
    258.47 seconds: Site likelihoods with rate category 12 of 20
    259.12 seconds: Site likelihoods with rate category 13 of 20
    259.74 seconds: Site likelihoods with rate category 14 of 20
    260.33 seconds: Site likelihoods with rate category 15 of 20
    260.96 seconds: Site likelihoods with rate category 16 of 20
    261.59 seconds: Site likelihoods with rate category 17 of 20
    262.25 seconds: Site likelihoods with rate category 18 of 20
    262.83 seconds: Site likelihoods with rate category 19 of 20
    263.47 seconds: Site likelihoods with rate category 20 of 20
Switched to using 20 rate categories (CAT approximation)
Rate categories were divided by 1.029 so that average rate = 1.0
CAT-based log-likelihoods may not be comparable across runs
    264.42 seconds: ML NNI round 2 of 18, 1 of 498 splits
    272.04 seconds: ML NNI round 2 of 18, 101 of 498 splits, 25 changes (max delta 13.878)
    277.74 seconds: ML NNI round 2 of 18, 201 of 498 splits, 40 changes (max delta 13.878)
    282.82 seconds: ML NNI round 2 of 18, 301 of 498 splits, 54 changes (max delta 23.314)
    289.32 seconds: ML NNI round 2 of 18, 401 of 498 splits, 73 changes (max delta 39.253)
ML-NNI round 2: LogLk = -993314.413 NNIs 95 max delta 39.25 Time 294.70
    294.70 seconds: ML NNI round 3 of 18, 1 of 498 splits
    299.36 seconds: ML NNI round 3 of 18, 101 of 498 splits, 10 changes (max delta 6.881)
    302.52 seconds: ML NNI round 3 of 18, 201 of 498 splits, 17 changes (max delta 10.298)
    306.92 seconds: ML NNI round 3 of 18, 301 of 498 splits, 27 changes (max delta 11.572)
    311.63 seconds: ML NNI round 3 of 18, 401 of 498 splits, 35 changes (max delta 14.176)
ML-NNI round 3: LogLk = -992939.098 NNIs 35 max delta 14.18 Time 312.88
    312.87 seconds: ML NNI round 4 of 18, 1 of 498 splits
    317.13 seconds: ML NNI round 4 of 18, 101 of 498 splits, 5 changes (max delta 3.798)
    319.72 seconds: ML NNI round 4 of 18, 201 of 498 splits, 7 changes (max delta 6.926)
    322.43 seconds: ML NNI round 4 of 18, 301 of 498 splits, 12 changes (max delta 6.926)
ML-NNI round 4: LogLk = -992877.546 NNIs 12 max delta 6.93 Time 323.23
    323.23 seconds: ML NNI round 5 of 18, 1 of 498 splits
    325.72 seconds: ML NNI round 5 of 18, 101 of 498 splits, 1 changes (max delta 0.068)
ML-NNI round 5: LogLk = -992864.261 NNIs 2 max delta 8.70 Time 327.18
    327.17 seconds: ML NNI round 6 of 18, 1 of 498 splits
ML-NNI round 6: LogLk = -992863.941 NNIs 0 max delta 0.00 Time 328.44
Turning off heuristics for final round of ML NNIs (converged)
    328.43 seconds: ML NNI round 7 of 18, 1 of 498 splits
    335.24 seconds: ML NNI round 7 of 18, 101 of 498 splits, 1 changes (max delta 3.131)
    342.78 seconds: ML NNI round 7 of 18, 201 of 498 splits, 12 changes (max delta 17.868)
    350.40 seconds: ML NNI round 7 of 18, 301 of 498 splits, 16 changes (max delta 17.868)
    357.85 seconds: ML NNI round 7 of 18, 401 of 498 splits, 23 changes (max delta 17.868)
ML-NNI round 7: LogLk = -992162.552 NNIs 26 max delta 17.87 Time 366.09 (final)
    366.08 seconds: ML Lengths 1 of 498 splits
    367.71 seconds: ML Lengths 101 of 498 splits
    369.44 seconds: ML Lengths 201 of 498 splits
    371.42 seconds: ML Lengths 301 of 498 splits
    373.61 seconds: ML Lengths 401 of 498 splits
Optimize all lengths: LogLk = -992158.010 Time 375.83
    385.97 seconds: ML split tests for    100 of    497 internal splits
    394.72 seconds: ML split tests for    200 of    497 internal splits
    403.52 seconds: ML split tests for    300 of    497 internal splits
    412.51 seconds: ML split tests for    400 of    497 internal splits
    421.78 seconds: Site likelihoods with rate category 1 of 20
    422.37 seconds: Site likelihoods with rate category 2 of 20
    422.92 seconds: Site likelihoods with rate category 3 of 20
    423.40 seconds: Site likelihoods with rate category 4 of 20
    423.83 seconds: Site likelihoods with rate category 5 of 20
    424.21 seconds: Site likelihoods with rate category 6 of 20
    424.65 seconds: Site likelihoods with rate category 7 of 20
    425.10 seconds: Site likelihoods with rate category 8 of 20
    425.55 seconds: Site likelihoods with rate category 9 of 20
    426.09 seconds: Site likelihoods with rate category 10 of 20
    426.59 seconds: Site likelihoods with rate category 11 of 20
    427.11 seconds: Site likelihoods with rate category 12 of 20
    427.69 seconds: Site likelihoods with rate category 13 of 20
    428.22 seconds: Site likelihoods with rate category 14 of 20
    428.68 seconds: Site likelihoods with rate category 15 of 20
    429.20 seconds: Site likelihoods with rate category 16 of 20
    429.77 seconds: Site likelihoods with rate category 17 of 20
    430.26 seconds: Site likelihoods with rate category 18 of 20
    430.83 seconds: Site likelihoods with rate category 19 of 20
    431.40 seconds: Site likelihoods with rate category 20 of 20
    431.74 seconds: Optimizing alpha round 1
    432.02 seconds: Optimizing alpha round 2
    432.16 seconds: Optimizing alpha round 3
Gamma(20) LogLk = -1006634.254 alpha = 0.293 rescaling lengths by 1.506
Total time: 432.38 seconds Unique: 500/500 Bad splits: 8/497 Worst delta-LogLk 21.856
