Align target 0 (hCoV-19_USA_VA-DCLS-0151_2020_EPI_ISL_437784_2020-04-17)
Align target 1 (hCoV-19_Wales_PHWC-282A2_2020_EPI_ISL_432126_2020-03-26)
Align target 2 (hCoV-19_England_CAMB-73E95_2020_EPI_ISL_440341_2020-03-18)
Align target 3 (hCoV-19_England_BRIS-1286B4_2020_EPI_ISL_458888_2020-04-14)
Align target 4 (hCoV-19_Spain_Valencia573_2020_EPI_ISL_447504_2020-03-27)
Align target 5 (hCoV-19_USA_NC_200247_2020_EPI_ISL_454804_2020-04)
Align target 6 (hCoV-19_Australia_NT04_2020_EPI_ISL_419833)
Align target 7 (hCoV-19_England_20172002804_2020_EPI_ISL_465323_2020-04-18)
Align target 8 (hCoV-19_England_CAMB-7EBDF_2020_EPI_ISL_442971_2020-04-07)
Align target 9 (hCoV-19_USA_TX-HMH0135_2020_EPI_ISL_434835_2020-03-21)
Align target 10 (hCoV-19_Portugal_PT0365_2020_EPI_ISL_454081_2020-03-19)
Align target 11 (hCoV-19_Guangzhou_GZMU0081_2020_EPI_ISL_457692_2020-02-14)
Align target 12 (hCoV-19_USA_WY-WYPHL-00080_2020_EPI_ISL_462972_2020-03-27)
Align target 13 (hCoV-19_England_NORT-289665_2020_EPI_ISL_458706_2020-03-31)
Align target 14 (hCoV-19_Portugal_PT0166_2020_EPI_ISL_453882_2020-03-28)
Align target 15 (hCoV-19_Spain_COV002727_2020_EPI_ISL_467276_2020-04-15)
Align target 16 (hCoV-19_Wales_PHWC-26602_2020_EPI_ISL_422278)
Align target 17 (hCoV-19_Wales_PHWC-243EF_2020_EPI_ISL_419407)
Align target 18 (hCoV-19_Egypt_NRC-01_2020_EPI_ISL_430820)
Align target 19 (hCoV-19_Wales_PHWC-2BE9C_2020_EPI_ISL_445861_2020-04-10)
Align target 20 (hCoV-19_England_20122025904_2020_EPI_ISL_465745_2020-03-17)
Align target 21 (hCoV-19_Wales_PHWC-248A4_2020_EPI_ISL_419452)
Align target 22 (hCoV-19_Senegal_640_2020_EPI_ISL_420079)
Align target 23 (hCoV-19_Australia_VIC207_2020_EPI_ISL_419902)
Align target 24 (hCoV-19_USA_WA-UW-1666_2020_EPI_ISL_424196)
Align target 25 (hCoV-19_Denmark_ALAB-SSI-810_2020_EPI_ISL_444919_2020-03-29)
Align target 26 (hCoV-19_USA_UNKNOWN-UW-3982_2020_EPI_ISL_437803_2020-03-29)
Align target 27 (hCoV-19_DK_ALAB-SSI-817_2020_EPI_ISL_437674_2020-03-28)
Align target 28 (hCoV-19_USA_VA-DCLS-0310_2020_EPI_ISL_463113_2020-05-18)
Align target 29 (hCoV-19_England_CAMB-7F0A2_2020_EPI_ISL_442825_2020-04-07)
Align target 30 (hCoV-19_Australia_NSW209_2020_EPI_ISL_427755)
Align target 31 (hCoV-19_England_CAMB-79A5F_2020_EPI_ISL_433816_2020-03-27)
Align target 32 (hCoV-19_USA_NY-NYUMC171_2020_EPI_ISL_426626)
Align target 33 (hCoV-19_Austria_CeMM0147_2020_EPI_ISL_437995_2020-02-28)
Align target 34 (hCoV-19_Switzerland_120025_2020_EPI_ISL_468220_2020-04-17)
Align target 35 (hCoV-19_England_CAMB-735CD_2020_EPI_ISL_440073_2020-03-20)
Align target 36 (hCoV-19_Luxembourg_LNS3770609_2020_EPI_ISL_421747)
Align target 37 (hCoV-19_USA_NY-PV09097_2020_EPI_ISL_421631)
Align target 38 (hCoV-19_Spain_Valencia217_2020_EPI_ISL_436312_2020-03-28)
Align target 39 (hCoV-19_Netherlands_ZuidHolland_20_2020_EPI_ISL_414562)
Align target 40 (hCoV-19_USA_WA-S594_2020_EPI_ISL_438147_2020-04-12)
Align target 41 (hCoV-19_England_CAMB-80E95_2020_EPI_ISL_444439_2020-04-16)
Align target 42 (hCoV-19_USA_MI-MDHHS-SC20545_2020_EPI_ISL_460593_2020-04-06)
Align target 43 (hCoV-19_Switzerland_120238_2020_EPI_ISL_468299_2020-05-01)
Align target 44 (hCoV-19_USA_NY-QDX-125_2020_EPI_ISL_467885_2020-03-16)
Align target 45 (hCoV-19_Scotland_EDB4676_2020_EPI_ISL_453132_2020-05-08)
Align target 46 (hCoV-19_Spain_Madrid_H8_37_2020_EPI_ISL_418182)
hCoV-19_Spain_Madrid_H8_37_2020_EPI_ISL_418182: Frameshift error (scores nt: 148548; codon: 147232)
Align target 47 (hCoV-19_England_CAMB-1AD20E_2020_EPI_ISL_447979_2020-04-30)
Align target 48 (hCoV-19_Wales_PHWC-2A2A0_2020_EPI_ISL_445547_2020-04-06)
Align target 49 (hCoV-19_USA_LA-EVTL135_2020_EPI_ISL_451296_2020-05-09)
Align target 50 (hCoV-19_England_CAMB-76AE9_2020_EPI_ISL_438465_2020-03-30)
Align target 51 (hCoV-19_USA_WA-S938_2020_EPI_ISL_463428_2020-04-23)
Align target 52 (hCoV-19_England_CAMB-7B38F_2020_EPI_ISL_433947_2020-04-12)
Align target 53 (hCoV-19_USA_WI-UW-268_2020_EPI_ISL_434614_2020-04-06)
Align target 54 (hCoV-19_New_Zealand_20VR1297_2020_EPI_ISL_456213_2020-03-20)
Align target 55 (hCoV-19_Kenya_D5_2020_EPI_ISL_457999_2020-05-22)
Align target 56 (hCoV-19_Scotland_CVR1159_2020_EPI_ISL_433521_2020-03-29)
Align target 57 (hCoV-19_England_20148026504_2020_EPI_ISL_422008)
Align target 58 (hCoV-19_Wales_PHWC-33B03_2020_EPI_ISL_446787_2020-04-18)
Align target 59 (hCoV-19_USA_CA-CZB-1109_2020_EPI_ISL_444067_2020-04-30)
Align target 60 (hCoV-19_Thailand_Bangkok-CONI-0097_2020_EPI_ISL_458026_2020-04-02)
Align target 61 (hCoV-19_Sweden_20-08147_2020_EPI_ISL_430849)
Align target 62 (hCoV-19_USA_SEARCH-0076-NBG_2020_EPI_ISL_434530_2020-03-31)
Align target 63 (hCoV-19_Sweden_20-05847_2020_EPI_ISL_434648_2020-03-16)
Align target 64 (hCoV-19_USA_IL-NM073_2020_EPI_ISL_444568_2020-03-17)
Align target 65 (hCoV-19_Australia_VIC1239_2020_EPI_ISL_430526)
Align target 66 (hCoV-19_England_20166001004_2020_EPI_ISL_466499_2020-04-15)
Align target 67 (hCoV-19_Denmark_ALAB-HH-153_2020_EPI_ISL_452028_2020-03-19)
Align target 68 (hCoV-19_England_20109097906_2020_EPI_ISL_417294)
Align target 69 (hCoV-19_England_20164083004_2020_EPI_ISL_466486_2020-04-14)
Align target 70 (hCoV-19_England_CAMB-7A890_2020_EPI_ISL_441172_2020-04-02)
Align target 71 (hCoV-19_England_20134082104_2020_EPI_ISL_423183)
Align target 72 (hCoV-19_USA_WA-S492_2020_EPI_ISL_434252_2020-03-26)
Align target 73 (hCoV-19_USA_VA-DCLS-0390_2020_EPI_ISL_467787_2020-04-18)
Align target 74 (hCoV-19_England_NORW-EBBA0_2020_EPI_ISL_457485_2020-05-05)
Align target 75 (hCoV-19_USA_WA-S438_2020_EPI_ISL_434198_2020-04-01)
Align target 76 (hCoV-19_USA_LA-SR0210_2020_EPI_ISL_437545_2020-03-29)
Align target 77 (hCoV-19_England_NOTT-10F923_2020_EPI_ISL_433061_2020-04-05)
Align target 78 (hCoV-19_Scotland_CVR1498_2020_EPI_ISL_433602_2020-04-02)
Align target 79 (hCoV-19_Belgium_ITM_C298_2020_EPI_ISL_434380_2020-04-04)
Align target 80 (hCoV-19_Spain_COV003687_2020_EPI_ISL_467186_2020-04-02)
Align target 81 (hCoV-19_England_LIVE-99AA4_2020_EPI_ISL_439793_2020-04-12)
Align target 82 (hCoV-19_Canada_ON_PHL3380_2020_EPI_ISL_418350)
Align target 83 (hCoV-19_USA_AZ-TGEN-TG268289_2020_EPI_ISL_426505)
Align target 84 (hCoV-19_Italy_INMI2-N_2020_EPI_ISL_451302_2020-01-30)
Align target 85 (hCoV-19_USA_VA-DCLS-0212_2020_EPI_ISL_437427_2020-04-04)
Align target 86 (hCoV-19_USA_AZ-TGEN-TG269358_2020_EPI_ISL_426523)
Align target 87 (hCoV-19_Russia_StPetersburg-RII6846V_2020_EPI_ISL_450245_2020-04-15)
Align target 88 (hCoV-19_England_CAMB-77D3A_2020_EPI_ISL_441842_2020-04-01)
Align target 89 (hCoV-19_Wales_PHWC-2D38C_2020_EPI_ISL_445978_2020-04-04)
Align target 90 (hCoV-19_Wales_PHWC-2D304_2020_EPI_ISL_445970_2020-04-04)
Align target 91 (hCoV-19_England_CAMB-84AAC_2020_EPI_ISL_440545_2020-03-10)
Align target 92 (hCoV-19_England_BRIS-12AF6C_2020_EPI_ISL_458513_2020-05-01)
Align target 93 (hCoV-19_Scotland_EDB091_2020_EPI_ISL_425882)
Align target 94 (hCoV-19_USA_PA_2887_2020_EPI_ISL_426434)
Align target 95 (hCoV-19_Wales_PHWC-2B737_2020_EPI_ISL_445754_2020-04-13)
Align target 96 (hCoV-19_England_NOTT-10F7A1_2020_EPI_ISL_433050_2020-04-04)
Align target 97 (hCoV-19_Scotland_EDB1660_2020_EPI_ISL_433109_2020-04-14)
Align target 98 (hCoV-19_England_NORW-E7E9C_2020_EPI_ISL_449093_2020-05-06)
Align target 99 (hCoV-19_Australia_VIC590_2020_EPI_ISL_426847)
Align target 100 (hCoV-19_Scotland_EDB2077_2020_EPI_ISL_433176_2020-04-19)
Align target 101 (hCoV-19_England_20162000904_2020_EPI_ISL_466381_2020-04-13)
Align target 102 (hCoV-19_Belgium_PC-0325182_2020_EPI_ISL_420439)
Align target 103 (hCoV-19_USA_NY-NYUMC119_2020_EPI_ISL_421731)
Align target 104 (hCoV-19_USA_NC_200271_2020_EPI_ISL_454810_2020-04)
Align target 105 (hCoV-19_Uruguay_UY-NYUMC845_2020_EPI_ISL_457941_2020-03-17)
Align target 106 (hCoV-19_England_CAMB-71EF1_2020_EPI_ISL_439923_2020-03-29)
Align target 107 (hCoV-19_England_20139005304_2020_EPI_ISL_421856)
Align target 108 (hCoV-19_USA_MI-MDHHS-SC20591_2020_EPI_ISL_462673_2020-04-30)
Align target 109 (hCoV-19_Scotland_CVR2411_2020_EPI_ISL_438902_2020-04-14)
Align target 110 (hCoV-19_Belgium_ULG-9558_2020_EPI_ISL_418645)
Align target 111 (hCoV-19_Thailand_Bangkok-CONI-0148_2020_EPI_ISL_455942_2020-03-15)
Align target 112 (hCoV-19_USA_MA-MGH-00305_2020_EPI_ISL_460432_2020-04-01)
Align target 113 (hCoV-19_England_CAMB-83C4D_2020_EPI_ISL_443374_2020-04-16)
Align target 114 (hCoV-19_Shangrao_JX1215_2020_EPI_ISL_421257)
Align target 115 (hCoV-19_England_CAMB-7B49B_2020_EPI_ISL_433962_2020-04-12)
Align target 116 (hCoV-19_England_CAMB-7F37C_2020_EPI_ISL_442843_2020-04-08)
Align target 117 (hCoV-19_Norway_2065_2020_EPI_ISL_420149)
Align target 118 (hCoV-19_Wales_PHWC-31D0F_2020_EPI_ISL_446556_2020-04-12)
Align target 119 (hCoV-19_Spain_COV001325_2020_EPI_ISL_452548_2020-03-23)
Align target 120 (hCoV-19_USA_NY-QDX-19_2020_EPI_ISL_467897_2020-03-16)
Align target 121 (hCoV-19_England_SHEF-C3CF6_2020_EPI_ISL_432781_2020-04-02)
Align target 122 (hCoV-19_USA_WA-UW-1722_2020_EPI_ISL_424234)
Align target 123 (hCoV-19_Switzerland_100819_2020_EPI_ISL_451768_2020-03-26)
Align target 124 (hCoV-19_USA_LA-EVTL051_2020_EPI_ISL_451212_2020-04-23)
Align target 125 (hCoV-19_Australia_VIC606_2020_EPI_ISL_426861)
Align target 126 (hCoV-19_England_20118143704_2020_EPI_ISL_464973_2020-03-12)
Align target 127 (hCoV-19_Bangladesh_BCSIR-NILMRC_052_2020_EPI_ISL_466627_2020-06-01)
Align target 128 (hCoV-19_Wales_PHWC-2BF02_2020_EPI_ISL_445868_2020-04-08)
Align target 129 (hCoV-19_England_20136097302_2020_EPI_ISL_420653)
Align target 130 (hCoV-19_Poland_Pom2_2020_EPI_ISL_450746_2020-05-08)
Align target 131 (hCoV-19_England_CAMB-8125C_2020_EPI_ISL_442948_2020-04-11)
Align target 132 (hCoV-19_England_SHEF-D1A82_2020_EPI_ISL_442496_2020-04-20)
Align target 133 (hCoV-19_USA_LA-EVTL050_2020_EPI_ISL_451211_2020-05-07)
Align target 134 (hCoV-19_USA_LA-EVTL148_2020_EPI_ISL_455991_2020-03-26)
Align target 135 (hCoV-19_England_NOTT-110F69_2020_EPI_ISL_448440_2020-04-22)
Align target 136 (hCoV-19_England_20139021604_2020_EPI_ISL_421882)
Align target 137 (hCoV-19_Australia_VIC370_2020_EPI_ISL_426678)
Align target 138 (hCoV-19_Spain_COV000911_2020_EPI_ISL_452656_2020-03-26)
Align target 139 (hCoV-19_USA_WA-S926_2020_EPI_ISL_463416_2020-04-22)
Align target 140 (hCoV-19_USA_NY-SURV0982_2020_EPI_ISL_436077_2020-03-19)
Align target 141 (hCoV-19_England_SHEF-C05C1_2020_EPI_ISL_420282)
Align target 142 (hCoV-19_USA_CA-CZB-1051_2020_EPI_ISL_437051_2020-04-06)
Align target 143 (hCoV-19_France_IDF5850_2020_EPI_ISL_443297_2020-03-26)
Align target 144 (hCoV-19_Scotland_GCVR-17044A_2020_EPI_ISL_459526_2020-03-23)
Align target 145 (hCoV-19_England_CAMB-7B668_2020_EPI_ISL_441208_2020-04-04)
Align target 146 (hCoV-19_SouthKorea_KUMC06_2020_EPI_ISL_413516)
Align target 147 (hCoV-19_Netherlands_NA_602_2020_EPI_ISL_460765_2020-03-25)
Align target 148 (hCoV-19_Scotland_GCVR-173E2B_2020_EPI_ISL_459131_2020-04-05)
Align target 149 (hCoV-19_England_20146005304_2020_EPI_ISL_421968)
Align target 150 (hCoV-19_USA_WA-UW194_2020_EPI_ISL_417343)
Align target 151 (hCoV-19_England_20120037404_2020_EPI_ISL_465161_2020-03-15)
Align target 152 (hCoV-19_Scotland_CVR3205_2020_EPI_ISL_449224_2020-04-15)
Align target 153 (hCoV-19_Australia_NSW291_2020_EPI_ISL_451555_2020-04-03)
Align target 154 (hCoV-19_Australia_VIC1634_2020_EPI_ISL_456539_2020-05-03)
Align target 155 (hCoV-19_USA_VI-CDC-1999_2020_EPI_ISL_436045_2020-03-21)
Align target 156 (hCoV-19_USA_MA-MGH-00232_2020_EPI_ISL_460370_2020-04-06)
Align target 157 (hCoV-19_Brazil_RJ-2812_2020_EPI_ISL_467366_2020-04-27)
Align target 158 (hCoV-19_Hangzhou_ZJU-01_2020_EPI_ISL_415709)
Align target 159 (hCoV-19_England_NORW-EBC25_2020_EPI_ISL_457491_2020-05-07)
Align target 160 (hCoV-19_England_CAMB-1AC06F_2020_EPI_ISL_444365_2020-04-28)
Align target 161 (hCoV-19_England_PORT-2CF3F3_2020_EPI_ISL_453677_2020-04-28)
Align target 162 (hCoV-19_NewZealand_CoV001_2020_EPI_ISL_417211)
Align target 163 (hCoV-19_England_BRIS-124867_2020_EPI_ISL_444009_2020-03-25)
Align target 164 (hCoV-19_USA_UT-00100_2020_EPI_ISL_430038)
Align target 165 (hCoV-19_England_CAMB-7B440_2020_EPI_ISL_433958_2020-04-13)
Align target 166 (hCoV-19_USA_WA-S1028_2020_EPI_ISL_463518_2020-05-02)
Align target 167 (hCoV-19_England_20129122404_2020_EPI_ISL_424099)
Align target 168 (hCoV-19_Belgium_PJM-0325166_2020_EPI_ISL_420423)
Align target 169 (hCoV-19_Spain_COV003680_2020_EPI_ISL_467192_2020-04-02)
Align target 170 (hCoV-19_Scotland_CVR74_2020_EPI_ISL_425804)
Align target 171 (hCoV-19_England_CAMB-82AAE_2020_EPI_ISL_438655_2020)
Align target 172 (hCoV-19_Scotland_EDB4752_2020_EPI_ISL_453147_2020-05-07)
Align target 173 (hCoV-19_Netherlands_ZuidHolland_26_2020_EPI_ISL_415530)
Align target 174 (hCoV-19_England_CAMB-76B22_2020_EPI_ISL_438296_2020-03-29)
Align target 175 (hCoV-19_England_NORW-E8A88_2020_EPI_ISL_448271_2020)
Align target 176 (hCoV-19_England_NORW-E8B58_2020_EPI_ISL_448282_2020-04-13)
Align target 177 (hCoV-19_Australia_VIC1432_2020_EPI_ISL_456439_2020-04-17)
Align target 178 (hCoV-19_Australia_SAP220_2020_EPI_ISL_467995_2020-03-15)
Align target 179 (hCoV-19_Zhejiang_WZ-02_2020_EPI_ISL_404228)
Align target 180 (hCoV-19_Germany_BAV-MVP0058_2020_EPI_ISL_437257_2020-03-20)
Align target 181 (hCoV-19_USA_IN-Lilly-IPB0170-4bc21_2020_EPI_ISL_421281)
Align target 182 (hCoV-19_England_20118054004_2020_EPI_ISL_464926_2020-03-12)
Align target 183 (hCoV-19_England_20134016002_2020_EPI_ISL_420514)
Align target 184 (hCoV-19_England_NORW-EA92F_2020_EPI_ISL_461874_2020-05-20)
Align target 185 (hCoV-19_England_20119002204_2020_EPI_ISL_465008_2020-03-14)
Align target 186 (hCoV-19_USA_WA-S347_2020_EPI_ISL_434107_2020-04-01)
Align target 187 (hCoV-19_England_CAMB-7DB67_2020_EPI_ISL_441742_2020-04-07)
Align target 188 (hCoV-19_Scotland_CVR3494_2020_EPI_ISL_456881_2020-04-13)
Align target 189 (hCoV-19_Wales_PHW38_2020_EPI_ISL_415538)
Align target 190 (hCoV-19_Wales_PHWC-3123D_2020_EPI_ISL_446424_2020-04-10)
Align target 191 (hCoV-19_Austria_CeMM0038_2020_EPI_ISL_437927_2020-03-09)
Align target 192 (hCoV-19_Wales_PHWC-2A54D_2020_EPI_ISL_445582_2020-04-07)
Align target 193 (hCoV-19_England_CAMB-72467_2020_EPI_ISL_439621_2020-03-24)
Align target 194 (hCoV-19_Russia_Krasnodar-63401_2020_EPI_ISL_428867)
Align target 195 (hCoV-19_Estonia_ChVir1985_2020_EPI_ISL_420067)
Align target 196 (hCoV-19_England_20144063304_2020_EPI_ISL_466004_2020-03-31)
Align target 197 (hCoV-19_Scotland_GCVR-1709B4_2020_EPI_ISL_459660_2020-03-25)
Align target 198 (hCoV-19_Switzerland_100836_2020_EPI_ISL_451784_2020-03-25)
Align target 199 (hCoV-19_Portugal_PT0053_2020_EPI_ISL_421456)
Computing global alignment... done.
