Align target 0 (hCoV-19_USA_WA-UW125_2020_EPI_ISL_416663)
Align target 1 (hCoV-19_USA_WA-UW261_2020_EPI_ISL_418046)
Align target 2 (hCoV-19_USA_UT-01892_2020_EPI_ISL_454717_2020-04-13)
Align target 3 (hCoV-19_USA_WI-UW-273_2020_EPI_ISL_436567_2020-03-31)
Align target 4 (hCoV-19_England_201390485_2020_EPI_ISL_465846_2020-03-28)
Align target 5 (hCoV-19_England_20169036204_2020_EPI_ISL_465241_2020-04-19)
Align target 6 (hCoV-19_England_SHEF-CC0C4_2020_EPI_ISL_432521_2020-03-21)
Align target 7 (hCoV-19_New_Zealand_20VR0993_2020_EPI_ISL_456176_2020-03-16)
Align target 8 (hCoV-19_Iceland_593_2020_EPI_ISL_424613)
Align target 9 (hCoV-19_England_BRIS-12699F_2020_EPI_ISL_459034_2020-04-09)
Align target 10 (hCoV-19_Denmark_ALAB-HH66_2020_EPI_ISL_429312)
Align target 11 (hCoV-19_England_20178043904_2020_EPI_ISL_465420_2020-04-20)
Align target 12 (hCoV-19_England_CAMB-7B3BC_2020_EPI_ISL_433949_2020-04-12)
Align target 13 (hCoV-19_England_LOND-D5FF8_2020_EPI_ISL_444269_2020-04-20)
Align target 14 (hCoV-19_England_NOTT-110C35_2020_EPI_ISL_448396_2020-05-01)
Align target 15 (hCoV-19_USA_NY-QDX-112_2020_EPI_ISL_467884_2020-03-15)
Align target 16 (hCoV-19_Turkey_HSGM-439_2020_EPI_ISL_437307_2020-03-25)
Align target 17 (hCoV-19_Scotland_CVR3116_2020_EPI_ISL_461688_2020-04-25)
Align target 18 (hCoV-19_Canada_QGLO-016_2020_EPI_ISL_459873_2020-03-26)
Align target 19 (hCoV-19_England_BRIS-1255E7_2020_EPI_ISL_443804_2020-03-28)
Align target 20 (hCoV-19_England_20119018404_2020_EPI_ISL_465032_2020-03-11)
Align target 21 (hCoV-19_USA_NY-NYUMC666_2020_EPI_ISL_444783_2020-03-18)
Align target 22 (hCoV-19_USA_MA-MGH-00443_2020_EPI_ISL_460321_2020-03-07)
Align target 23 (hCoV-19_Spain_COV001443_2020_EPI_ISL_467115_2020-03-17)
Align target 24 (hCoV-19_Denmark_ALAB-SSI507_2020_EPI_ISL_429575)
Align target 25 (hCoV-19_USA_CT-UW-4348_2020_EPI_ISL_430946_2020-03-30)
Align target 26 (hCoV-19_Scotland_EDB1581_2020_EPI_ISL_433086_2020-04-14)
Align target 27 (hCoV-19_USA_NY-SURV0495_2020_EPI_ISL_436070_2020-03-13)
Align target 28 (hCoV-19_England_CAMB-7F2E8_2020_EPI_ISL_442967_2020-04-08)
Align target 29 (hCoV-19_England_CAMB-7E2AD_2020_EPI_ISL_434060_2020-04-17)
Align target 30 (hCoV-19_Iceland_415_2020_EPI_ISL_424439)
Align target 31 (hCoV-19_England_CAMB-8277A_2020_EPI_ISL_443637_2020-04-13)
Align target 32 (hCoV-19_Guangdong_GDFS2020127-P0026_2020_EPI_ISL_413874)
Align target 33 (hCoV-19_Wales_PHWC-28F05_2020_EPI_ISL_431964_2020-04-02)
Align target 34 (hCoV-19_Iceland_511_2020_EPI_ISL_424533)
Align target 35 (hCoV-19_England_20130023803_2020_EPI_ISL_420491)
Align target 36 (hCoV-19_Shanghai_SH0059_2020_EPI_ISL_416366)
Align target 37 (hCoV-19_USA_WA-S1007_2020_EPI_ISL_463497_2020-04-30)
Align target 38 (hCoV-19_England_CAMB-1B2C71_2020_EPI_ISL_456716_2020-05-19)
Align target 39 (hCoV-19_England_OXON-AEF07_2020_EPI_ISL_448795_2020-04-08)
Align target 40 (hCoV-19_Australia_VIC611_2020_EPI_ISL_426865)
Align target 41 (hCoV-19_England_CAMB-78D48_2020_EPI_ISL_441336_2020-04-03)
Align target 42 (hCoV-19_Scotland_EDB1173_2020_EPI_ISL_433423_2020-04-08)
Align target 43 (hCoV-19_England_NORT-291EBD_2020_EPI_ISL_457318_2020-05-06)
Align target 44 (hCoV-19_Scotland_GCVR-172BF8_2020_EPI_ISL_459141_2020-04-06)
Align target 45 (hCoV-19_USA_CT-UW-5038_2020_EPI_ISL_429641)
Align target 46 (hCoV-19_England_CAMB-72E5A_2020_EPI_ISL_440075_2020-03-23)
Align target 47 (hCoV-19_England_CAMB-7709B_2020_EPI_ISL_425459)
Align target 48 (hCoV-19_USA_NY-PV09341_2020_EPI_ISL_450029_2020-03-24)
Align target 49 (hCoV-19_England_20139058604_2020_EPI_ISL_420726)
Align target 50 (hCoV-19_Spain_Valencia197_2020_EPI_ISL_436292_2020-03-13)
Align target 51 (hCoV-19_USA_PA-MGSC55-05_2020_EPI_ISL_436502_2020-03)
Align target 52 (hCoV-19_England_CAMB-740F8_2020_EPI_ISL_440305_2020-03-19)
Align target 53 (hCoV-19_USA_CT-UW-6592_2020_EPI_ISL_461416_2020-04-03)
Align target 54 (hCoV-19_England_CAMB-79A04_2020_EPI_ISL_433813_2020-03-26)
Align target 55 (hCoV-19_USA_WA-UW353_2020_EPI_ISL_418920)
Align target 56 (hCoV-19_Spain_COV001455_2020_EPI_ISL_467145_2020-03-17)
Align target 57 (hCoV-19_Iceland_170_2020_EPI_ISL_417548)
Align target 58 (hCoV-19_Australia_VIC447_2020_EPI_ISL_426743)
Align target 59 (hCoV-19_USA_VA-DCLS-0335_2020_EPI_ISL_467937_2020-05-06)
Align target 60 (hCoV-19_USA_CA-SCCPHD-UC175_2020_EPI_ISL_435654_2020-03-13)
Align target 61 (hCoV-19_England_20126035502_2020_EPI_ISL_418764)
Align target 62 (hCoV-19_USA_MN-MDH-290_2020_EPI_ISL_450759_2020-03-30)
Align target 63 (hCoV-19_India_S29_2020_EPI_ISL_455658_2020-04-30)
Align target 64 (hCoV-19_USA_WA-S1086_2020_EPI_ISL_463576_2020-04-29)
Align target 65 (hCoV-19_England_SHEF-C6C11_2020_EPI_ISL_432828_2020-03-30)
Align target 66 (hCoV-19_England_20138018504_2020_EPI_ISL_423290)
Align target 67 (hCoV-19_USA_NY-NYUMC556_2020_EPI_ISL_444673_2020-03-31)
Align target 68 (hCoV-19_England_20124094506_2020_EPI_ISL_423858)
Align target 69 (hCoV-19_Denmark_ALAB-SSI201_2020_EPI_ISL_429399)
Align target 70 (hCoV-19_Canada_ON-UHTC_0005_2020_EPI_ISL_464043_2020-03-24)
Align target 71 (hCoV-19_Russia_StPetersburg-RII7553S_2020_EPI_ISL_450258_2020-04-21)
Align target 72 (hCoV-19_Portugal_PT0157_2020_EPI_ISL_453873_2020-03-27)
Align target 73 (hCoV-19_England_CAMB-7E146_2020_EPI_ISL_434044_2020-04-16)
Align target 74 (hCoV-19_USA_SEARCH-0007-SAN_2020_EPI_ISL_429990)
Align target 75 (hCoV-19_Wales_PHWC-26A33_2020_EPI_ISL_422211)
Align target 76 (hCoV-19_Northern_Ireland_NIRE-FB1D8_2020_EPI_ISL_448947_2020-03-24)
Align target 77 (hCoV-19_England_CAMB-1AECC3_2020_EPI_ISL_448070_2020-05-06)
Align target 78 (hCoV-19_Belgium_VT-0325143_2020_EPI_ISL_420400)
Align target 79 (hCoV-19_SouthAfrica_Tygerberg_13_2020_EPI_ISL_464124_2020-04-08)
Align target 80 (hCoV-19_England_OXON-ACEEE_2020_EPI_ISL_448546_2020-04-05)
Align target 81 (hCoV-19_Iceland_425_2020_EPI_ISL_424449)
Align target 82 (hCoV-19_Poland_Sla1_2020_EPI_ISL_451655_2020-05-05)
Align target 83 (hCoV-19_Tianmen_HBCDC-HB-07_2020_EPI_ISL_412983)
Align target 84 (hCoV-19_Australia_NSW248_2020_EPI_ISL_451513_2020-03-29)
Align target 85 (hCoV-19_India_MaxCov0032_CSIR-IGIB_2020_EPI_ISL_459934_2020-05-05)
Align target 86 (hCoV-19_Belgium_VME-0327346_2020_EPI_ISL_462200_2020-03-27)
Align target 87 (hCoV-19_England_CAMB-750BB_2020_EPI_ISL_440391_2020-03-17)
Align target 88 (hCoV-19_England_LOND-D5E82_2020_EPI_ISL_444253_2020-04-19)
Align target 89 (hCoV-19_England_CAMB-814DE_2020_EPI_ISL_443068_2020-04-10)
Align target 90 (hCoV-19_England_20146063404_2020_EPI_ISL_421992)
Align target 91 (hCoV-19_England_CAMB-76849_2020_EPI_ISL_438269_2020-03-30)
Align target 92 (hCoV-19_England_NORT-289CBE_2020_EPI_ISL_453515_2020-04-04)
Align target 93 (hCoV-19_Germany_BAV-MVP0247_2020_EPI_ISL_466902_2020-04-30)
Align target 94 (hCoV-19_England_CAMB-74C4F_2020_EPI_ISL_425360)
Align target 95 (hCoV-19_USA_WI-GMF-00928_2020_EPI_ISL_426161)
Align target 96 (hCoV-19_Wales_PHW05_2020_EPI_ISL_414488)
Align target 97 (hCoV-19_Brazil_RJ-2000_2020_EPI_ISL_456098_2020-04-13)
Align target 98 (hCoV-19_England_CAMB-745DB_2020_EPI_ISL_425313)
Align target 99 (hCoV-19_Israel_990059203_2020_EPI_ISL_447279_2020-03-25)
Align target 100 (hCoV-19_England_NORW-E748B_2020_EPI_ISL_449038_2020-05-04)
Align target 101 (hCoV-19_New_Zealand_20VR2659_2020_EPI_ISL_456388_2020-04-25)
Align target 102 (hCoV-19_England_NORW-E9E7C_2020_EPI_ISL_448375_2020-05-01)
Align target 103 (hCoV-19_USA_MN-MDH-1000_2020_EPI_ISL_462845_2020-04-30)
Align target 104 (hCoV-19_Scotland_GCVR-1703C5_2020_EPI_ISL_459523_2020-03-23)
Align target 105 (hCoV-19_England_201390233_2020_EPI_ISL_465840_2020-03-27)
Align target 106 (hCoV-19_USA_UT-00289_2020_EPI_ISL_420809)
Align target 107 (hCoV-19_Belgium_KA-03042_2020_EPI_ISL_417424)
Align target 108 (hCoV-19_USA_VA-DCLS-0282_2020_EPI_ISL_452851_2020-04-21)
Align target 109 (hCoV-19_England_NOTT-10E1D1_2020_EPI_ISL_425509)
Align target 110 (hCoV-19_England_20206140504_2020_EPI_ISL_465669_2020-05-14)
Align target 111 (hCoV-19_Scotland_GCVR-170A2A_2020_EPI_ISL_459537_2020-03-25)
Align target 112 (hCoV-19_Portugal_PT0476_2020_EPI_ISL_454200_2020-04-24)
Align target 113 (hCoV-19_England_20156049704_2020_EPI_ISL_466335_2020-04-07)
Align target 114 (hCoV-19_USA_NY-NYUMC243_2020_EPI_ISL_428757)
Align target 115 (hCoV-19_England_EXET-135854_2020_EPI_ISL_457107_2020-04-15)
Align target 116 (hCoV-19_France_OCC-6_2020_EPI_ISL_434621_2020-03)
Align target 117 (hCoV-19_Australia_VIC401_2020_EPI_ISL_426704)
Align target 118 (hCoV-19_Netherlands_Gelderland_45_2020_EPI_ISL_460945_2020-05-04)
Align target 119 (hCoV-19_Australia_VIC691_2020_EPI_ISL_426983)
Align target 120 (hCoV-19_Australia_VIC879_2020_EPI_ISL_427134)
Align target 121 (hCoV-19_Netherlands_Overijssel_33_2020_EPI_ISL_461225_2020-04-28)
Align target 122 (hCoV-19_Scotland_EDB3532_2020_EPI_ISL_439281_2020-04-13)
Align target 123 (hCoV-19_USA_NY-NYUMC21_2020_EPI_ISL_418254)
Align target 124 (hCoV-19_Northern_Ireland_NIRE-FB3D2_2020_EPI_ISL_441417_2020-03-20)
Align target 125 (hCoV-19_England_201420081_2020_EPI_ISL_465912_2020-03-30)
Align target 126 (hCoV-19_USA_NY-PV09374_2020_EPI_ISL_450058_2020-03-19)
Align target 127 (hCoV-19_Switzerland_101175_2020_EPI_ISL_451838_2020-03-31)
Align target 128 (hCoV-19_England_CAMB-7A46F_2020_EPI_ISL_440593_2020-04-02)
Align target 129 (hCoV-19_England_CAMB-795B8_2020_EPI_ISL_441119_2020-04-03)
Align target 130 (hCoV-19_USA_FL-BPHL-0119_2020_EPI_ISL_450853_2020-04-10)
Align target 131 (hCoV-19_Netherlands_Friesland_45_2020_EPI_ISL_460860_2020-05-03)
Align target 132 (hCoV-19_England_LOND-D5B5E_2020_EPI_ISL_444236_2020-04-18)
Align target 133 (hCoV-19_India_NGC-CDFD-30_2020_EPI_ISL_466868_2020-05-30)
Align target 134 (hCoV-19_USA_CA-CZB-1212_2020_EPI_ISL_450461_2020-03-25)
Align target 135 (hCoV-19_England_CAMB-844BD_2020_EPI_ISL_443589_2020-04-17)
Align target 136 (hCoV-19_Netherlands_NoordBrabant_155_2020_EPI_ISL_461190_2020)
Align target 137 (hCoV-19_England_20146005604_2020_EPI_ISL_466016_2020-04-01)
Align target 138 (hCoV-19_Denmark_ALAB-SSI273_2020_EPI_ISL_429434)
Align target 139 (hCoV-19_England_CAMB-78A9C_2020_EPI_ISL_433811_2020-04-06)
Align target 140 (hCoV-19_England_20162001904_2020_EPI_ISL_466383_2020-04-13)
Align target 141 (hCoV-19_Sweden_20-08715_2020_EPI_ISL_450836_2020-04-02)
Align target 142 (hCoV-19_Scotland_CVR1528_2020_EPI_ISL_438835_2020-04-03)
Align target 143 (hCoV-19_Canada_BC_21467217_2020_EPI_ISL_462817_2020-03)
Align target 144 (hCoV-19_England_20138083904_2020_EPI_ISL_423327)
Align target 145 (hCoV-19_Chile_Santiago_41_2020_EPI_ISL_445320_2020-03-17)
Align target 146 (hCoV-19_USA_WA-S152_2020_EPI_ISL_430189)
Align target 147 (hCoV-19_Canada_BC_03055797_2020_EPI_ISL_466734_2020-04)
Align target 148 (hCoV-19_USA_CA-SR0188_2020_EPI_ISL_437592_2020-03-28)
Align target 149 (hCoV-19_Italy_TE12759_2020_EPI_ISL_435147_2020-04-08)
Align target 150 (hCoV-19_USA_NJ-NYUMC452_2020_EPI_ISL_435519_2020-04-20)
Align target 151 (hCoV-19_England_CAMB-75CB7_2020_EPI_ISL_438430_2020-03-30)
Align target 152 (hCoV-19_England_CAMB-84031_2020_EPI_ISL_438726_2020-04-26)
Align target 153 (hCoV-19_Belgium_PBT-0330365_2020_EPI_ISL_462219_2020-03-30)
Align target 154 (hCoV-19_India_GBRC160b_2020_EPI_ISL_461492_2020-05-27)
Align target 155 (hCoV-19_USA_LA-EVTL105_2020_EPI_ISL_451266_2020-05-07)
Align target 156 (hCoV-19_Scotland_CVR1447_2020_EPI_ISL_438814_2020-04-01)
Align target 157 (hCoV-19_USA_SC_6370_2020_EPI_ISL_424888)
Align target 158 (hCoV-19_USA_UT-01573_2020_EPI_ISL_449822_2020-04-07)
Align target 159 (hCoV-19_England_CAMB-7C764_2020_EPI_ISL_442173_2020-04-05)
Align target 160 (hCoV-19_Wales_PHWC-321D5_2020_EPI_ISL_446617_2020-04-14)
Align target 161 (hCoV-19_USA_WA-S151_2020_EPI_ISL_430188)
Align target 162 (hCoV-19_England_SHEF-C8C4C_2020_EPI_ISL_453732_2020-04-22)
Align target 163 (hCoV-19_USA_WI-123_2020_EPI_ISL_427430)
Align target 164 (hCoV-19_England_20132066904_2020_EPI_ISL_423792)
Align target 165 (hCoV-19_Sweden_20-50136_2020_EPI_ISL_454882_2020-03-04)
Align target 166 (hCoV-19_Scotland_CVR1993_2020_EPI_ISL_433271_2020-04-09)
Align target 167 (hCoV-19_England_CAMB-82288_2020_EPI_ISL_443640_2020-04-13)
Align target 168 (hCoV-19_England_LIVE-99EA8_2020_EPI_ISL_439823_2020-04-14)
Align target 169 (hCoV-19_France_HF1995_2020_EPI_ISL_414638)
Align target 170 (hCoV-19_USA_CruiseA-9_2020_EPI_ISL_413614)
Align target 171 (hCoV-19_USA_MA-MGH-00042_2020_EPI_ISL_460105_2020-03-25)
Align target 172 (hCoV-19_Wales_PHWC-2B852_2020_EPI_ISL_445770_2020-04-08)
Align target 173 (hCoV-19_England_CAMB-74F64_2020_EPI_ISL_440431_2020-03-17)
Align target 174 (hCoV-19_Estonia_ChVir4305_2020_EPI_ISL_457738_2020-03)
Align target 175 (hCoV-19_Scotland_GCVR-170CCA_2020_EPI_ISL_459654_2020-03-24)
Align target 176 (hCoV-19_England_NOTT-110655_2020_EPI_ISL_441541_2020-04-17)
Align target 177 (hCoV-19_Israel_2047145_2020_EPI_ISL_447396_2020-03-26)
Align target 178 (hCoV-19_England_NORW-E8CFB_2020_EPI_ISL_448302_2020)
Align target 179 (hCoV-19_USA_UNKNOWN-UW-1791_2020_EPI_ISL_424249)
Align target 180 (hCoV-19_Wales_PHWC-31C5D_2020_EPI_ISL_446549_2020-04-13)
Align target 181 (hCoV-19_Netherlands_Utrecht_10019_2020_EPI_ISL_454768_2020)
Align target 182 (hCoV-19_Denmark_ALAB-SSI-670_2020_EPI_ISL_437030_2020-03-26)
Align target 183 (hCoV-19_Portugal_PT0265_2020_EPI_ISL_453979_2020-04-04)
Align target 184 (hCoV-19_Singapore_101_2020_EPI_ISL_443193_2020-03-16)
Align target 185 (hCoV-19_England_CAMB-7B880_2020_EPI_ISL_442287_2020-04-04)
Align target 186 (hCoV-19_DRC_3451_2020_EPI_ISL_447598_2020-04-22)
Align target 187 (hCoV-19_USA_PA-MGSC38-05_2020_EPI_ISL_436486_2020-03)
Align target 188 (hCoV-19_England_CAMB-7C1DF_2020_EPI_ISL_434008_2020-04-15)
Align target 189 (hCoV-19_England_20134018004_2020_EPI_ISL_423097)
Align target 190 (hCoV-19_Wales_PHWC-2EA2C_2020_EPI_ISL_446101_2020-04-07)
Align target 191 (hCoV-19_Netherlands_NA_266_2020_EPI_ISL_422577)
Align target 192 (hCoV-19_USA_MI-MDHHS-SC20534_2020_EPI_ISL_460582_2020-05-14)
Align target 193 (hCoV-19_England_NOTT-111B64_2020_EPI_ISL_461965_2020-06-02)
Align target 194 (hCoV-19_Netherlands_Leiden-0002_2020_EPI_ISL_454416_2020-03-09)
Align target 195 (hCoV-19_England_BRIS-12A0B4_2020_EPI_ISL_458398_2020-04-16)
Align target 196 (hCoV-19_Spain_COV001420_2020_EPI_ISL_452481_2020-03-21)
Align target 197 (hCoV-19_USA_DC-HP00052_2020_EPI_ISL_457796_2020-03-07)
Align target 198 (hCoV-19_Austria_CeMM0100_2020_EPI_ISL_437961_2020-03-20)
Align target 199 (hCoV-19_England_CAMB-84356_2020_EPI_ISL_443614_2020-04-16)
Computing global alignment... done.
