Align target 0 (hCoV-19_Netherlands_NA_167_2020_EPI_ISL_422702)
Align target 1 (hCoV-19_England_BRIS-1234BF_2020_EPI_ISL_442710_2020-04-06)
Align target 2 (hCoV-19_Czech_Republic_IAB_1_2020_EPI_ISL_426883)
Align target 3 (hCoV-19_Thailand_Bangkok-0089_2020_EPI_ISL_447029_2020-04-07)
Align target 4 (hCoV-19_England_NOTT-10EF31_2020_EPI_ISL_432944_2020-03-30)
Align target 5 (hCoV-19_USA_NY-PV09323_2020_EPI_ISL_450012_2020-03-18)
Align target 6 (hCoV-19_England_20129037204_2020_EPI_ISL_424037)
Align target 7 (hCoV-19_England_NORW-EAF69_2020_EPI_ISL_457397_2020-04-30)
Align target 8 (hCoV-19_USA_NY-NYUMC505_2020_EPI_ISL_444622_2020-03-30)
Align target 9 (hCoV-19_England_CAMB-7B194_2020_EPI_ISL_433926_2020-04-10)
Align target 10 (hCoV-19_England_LIVE-992F7_2020_EPI_ISL_439712_2020-04-08)
Align target 11 (hCoV-19_Netherlands_ZuidHolland_179_2020_EPI_ISL_461351_2020-04-22)
Align target 12 (hCoV-19_England_CAMB-824BF_2020_EPI_ISL_443555_2020-04-14)
Align target 13 (hCoV-19_England_BRIS-125CD3_2020_EPI_ISL_443791_2020-03-31)
Align target 14 (hCoV-19_USA_NY-PV09340_2020_EPI_ISL_450028_2020-03-24)
Align target 15 (hCoV-19_Romania_285388_2020_EPI_ISL_455476_2020-05-17)
Align target 16 (hCoV-19_England_NOTT-11142D_2020_EPI_ISL_453663_2020-05-17)
Align target 17 (hCoV-19_Sweden_20-07860_2020_EPI_ISL_450821_2020-04-23)
Align target 18 (hCoV-19_Turkey_IMU-SP-01_2020_EPI_ISL_460618_2020-04-15)
Align target 19 (hCoV-19_Australia_SAP229_2020_EPI_ISL_468008_2020-03-30)
Align target 20 (hCoV-19_Scotland_EDB2638_2020_EPI_ISL_439248_2020-04-25)
Align target 21 (hCoV-19_Canada_BC_21927217_2020_EPI_ISL_462819_2020-03)
Align target 22 (hCoV-19_Spain_COV001322_2020_EPI_ISL_452551_2020-03-23)
Align target 23 (hCoV-19_Belgium_DJS-0330307_2020_EPI_ISL_462161_2020-03-30)
Align target 24 (hCoV-19_England_OXON-AE1B6_2020_EPI_ISL_448670_2020)
Align target 25 (hCoV-19_USA_MD-MDHP082_2020_EPI_ISL_438238_2020-03-08)
Align target 26 (hCoV-19_England_BRIS-126E09_2020_EPI_ISL_458937_2020-04-09)
Align target 27 (hCoV-19_Fuyang_FY002_2020_EPI_ISL_424352)
Align target 28 (hCoV-19_England_SHEF-D3482_2020_EPI_ISL_442521_2020-03-24)
Align target 29 (hCoV-19_England_LOND-D5444_2020_EPI_ISL_444221_2020-04-15)
Align target 30 (hCoV-19_England_SHEF-CA10F_2020_EPI_ISL_457639_2020-04-17)
Align target 31 (hCoV-19_England_NORW-E6E24_2020_EPI_ISL_448982_2020-04-09)
Align target 32 (hCoV-19_Scotland_CVR77_2020_EPI_ISL_425807)
Align target 33 (hCoV-19_England_CAMB-77CC4_2020_EPI_ISL_440845_2020-04-01)
Align target 34 (hCoV-19_Netherlands_Gelderland_75_2020_EPI_ISL_460974_2020-05-18)
Align target 35 (hCoV-19_Scotland_EDB110_2020_EPI_ISL_425898)
Align target 36 (hCoV-19_DRC_3688_2020_EPI_ISL_447237_2020-04-24)
Align target 37 (hCoV-19_Iceland_233_2020_EPI_ISL_417561)
Align target 38 (hCoV-19_Australia_VIC895_2020_EPI_ISL_427147)
Align target 39 (hCoV-19_Scotland_GCVR-171072_2020_EPI_ISL_459670_2020-03-27)
Align target 40 (hCoV-19_India_NGC-CDFD-26_2020_EPI_ISL_466864_2020-05-30)
Align target 41 (hCoV-19_Belgium_DBWC-0325340_2020_EPI_ISL_462194_2020-03-25)
Align target 42 (hCoV-19_Switzerland_100814_2020_EPI_ISL_451764_2020-03-26)
Align target 43 (hCoV-19_England_BIRM-5FF14_2020_EPI_ISL_461537_2020)
Align target 44 (hCoV-19_USA_MA-MGH-00433_2020_EPI_ISL_460158_2020-03-07)
Align target 45 (hCoV-19_Japan_Donner9_2020_EPI_ISL_438954_2020-04-03)
Align target 46 (hCoV-19_England_LOND-D36F5_2020_EPI_ISL_440976_2020-03-31)
Align target 47 (hCoV-19_England_20138081004_2020_EPI_ISL_421833)
Align target 48 (hCoV-19_USA_MA-MGH-00420_2020_EPI_ISL_460245_2020-03-07)
Align target 49 (hCoV-19_England_20146006604_2020_EPI_ISL_421970)
Align target 50 (hCoV-19_England_LOND-D3516_2020_EPI_ISL_440951_2020-03-27)
Align target 51 (hCoV-19_Wales_PHWC-2EC17_2020_EPI_ISL_446128_2020-04-07)
Align target 52 (hCoV-19_Denmark_ALAB-SSI-672_2020_EPI_ISL_437032_2020-03-27)
Align target 53 (hCoV-19_England_20168042704_2020_EPI_ISL_466622_2020-04-17)
Align target 54 (hCoV-19_England_CAMB-7D587_2020_EPI_ISL_441782_2020-04-07)
Align target 55 (hCoV-19_USA_WA-UW-4281_2020_EPI_ISL_427252)
Align target 56 (hCoV-19_England_CAMB-82C8A_2020_EPI_ISL_438676_2020-04-22)
Align target 57 (hCoV-19_England_CAMB-1B0BD0_2020_EPI_ISL_452950_2020)
Align target 58 (hCoV-19_Wales_PHWC-2AD54_2020_EPI_ISL_445698_2020-04-05)
Align target 59 (hCoV-19_Canada_BC_02472119_2020_EPI_ISL_466722_2020-04)
Align target 60 (hCoV-19_USA_WA-S226_2020_EPI_ISL_430264)
Align target 61 (hCoV-19_England_OXON-AE9CD_2020_EPI_ISL_448743_2020)
Align target 62 (hCoV-19_England_BRIS-1269CC_2020_EPI_ISL_458914_2020-04-08)
Align target 63 (hCoV-19_England_201160756_2020_EPI_ISL_464803_2020-03-11)
Align target 64 (hCoV-19_England_NORW-E98F6_2020_EPI_ISL_448343_2020-04-23)
Align target 65 (hCoV-19_USA_IN-Lilly-IPB0170-4bc20_2020_EPI_ISL_421279)
Align target 66 (hCoV-19_England_SHEF-C3E5A_2020_EPI_ISL_441954_2020-04-10)
Align target 67 (hCoV-19_USA_UT-01436_2020_EPI_ISL_436916_2020-04-10)
Align target 68 (hCoV-19_USA_WA_0434_2020_EPI_ISL_426442)
Align target 69 (hCoV-19_England_20132080104_2020_EPI_ISL_423804)
Align target 70 (hCoV-19_Australia_VIC151_2020_EPI_ISL_419848)
Align target 71 (hCoV-19_Portugal_PT0034_2020_EPI_ISL_418019)
Align target 72 (hCoV-19_Australia_VIC347_2020_EPI_ISL_426656)
Align target 73 (hCoV-19_Scotland_EDB4738_2020_EPI_ISL_453141_2020-05-10)
Align target 74 (hCoV-19_England_CAMB-7C782_2020_EPI_ISL_442103_2020-04-05)
Align target 75 (hCoV-19_Netherlands_Gelderland_108_2020_EPI_ISL_460869_2020-05-22)
Align target 76 (hCoV-19_England_CAMB-7B02E_2020_EPI_ISL_433907_2020-04-11)
Align target 77 (hCoV-19_Belgium_VRMJ-0401372_2020_EPI_ISL_462226_2020-04-01)
Align target 78 (hCoV-19_South_Africa_KRISP-0067_2020_EPI_ISL_467451_2020-04-03)
Align target 79 (hCoV-19_England_OXON-AE374_2020_EPI_ISL_448685_2020)
Align target 80 (hCoV-19_Russia_StPetersburg-RII7557S_2020_EPI_ISL_450260_2020-04-21)
Align target 81 (hCoV-19_Wales_PHWC-2C745_2020_EPI_ISL_445904_2020-03-31)
Align target 82 (hCoV-19_Wales_PHWC-27A32_2020_EPI_ISL_432217_2020-04-01)
Align target 83 (hCoV-19_Chile_Rancagua_3_2020_EPI_ISL_445275_2020-03-15)
Align target 84 (hCoV-19_Netherlands_NA_677_2020_EPI_ISL_461112_2020)
Align target 85 (hCoV-19_India_ILSCV14262_2020_EPI_ISL_463029_2020-05-11)
Align target 86 (hCoV-19_England_CAMB-81C4F_2020_EPI_ISL_443071_2020-04-12)
Align target 87 (hCoV-19_England_20138020504_2020_EPI_ISL_423298)
Align target 88 (hCoV-19_Canada_QC-AL2_2020_EPI_ISL_450647_2020-04-08)
Align target 89 (hCoV-19_USA_MI-MDHHS-SC20214_2020_EPI_ISL_447185_2020-04-22)
Align target 90 (hCoV-19_USA_CA-QDX-156_2020_EPI_ISL_467818_2020-03-16)
Align target 91 (hCoV-19_Netherlands_Gelderland_33_2020_EPI_ISL_460933_2020-04-10)
Align target 92 (hCoV-19_France_ARA11950_2020_EPI_ISL_419172)
Align target 93 (hCoV-19_England_SHEF-D3051_2020_EPI_ISL_442517_2020-04-09)
Align target 94 (hCoV-19_USA_NY-NYUMC191_2020_EPI_ISL_427486)
Align target 95 (hCoV-19_Spain_COV003648_2020_EPI_ISL_467228_2020-04-01)
Align target 96 (hCoV-19_Denmark_ALAB-SSI-588_2020_EPI_ISL_436983_2020-03-28)
Align target 97 (hCoV-19_Belgium_ITM_C053_2020_EPI_ISL_434372_2020-03-26)
Align target 98 (hCoV-19_USA_NY-NYUMC743_2020_EPI_ISL_451458_2020-03-26)
Align target 99 (hCoV-19_Greece_209_33926_2020_EPI_ISL_437879_2020-03-14)
Align target 100 (hCoV-19_USA_WI-217_2020_EPI_ISL_428313)
Align target 101 (hCoV-19_Switzerland_110430_2020_EPI_ISL_451859_2020-04-07)
Align target 102 (hCoV-19_USA_NY-NYUMC179_2020_EPI_ISL_427475)
Align target 103 (hCoV-19_Timor-Leste_TL16_2020_EPI_ISL_456604_2020-04-12)
Align target 104 (hCoV-19_England_SHEF-D16E8_2020_EPI_ISL_462079_2020-04-17)
Align target 105 (hCoV-19_England_CAMB-753D0_2020_EPI_ISL_440381_2020-03-14)
Align target 106 (hCoV-19_USA_MI-MDHHS-SC20490_2020_EPI_ISL_460029_2020-03-30)
Align target 107 (hCoV-19_Canada_BC_03907778_2020_EPI_ISL_466755_2020-04)
Align target 108 (hCoV-19_USA_WA-UW315_2020_EPI_ISL_418882)
Align target 109 (hCoV-19_USA_TX-HMH0128_2020_EPI_ISL_434828_2020-03-21)
Align target 110 (hCoV-19_Wales_PHWC-28406_2020_EPI_ISL_431925_2020-03-27)
Align target 111 (hCoV-19_England_SHEF-CC6E0_2020_EPI_ISL_457654_2020-04-16)
Align target 112 (hCoV-19_Australia_NSW38_2020_EPI_ISL_417396)
Align target 113 (hCoV-19_USA_UT-00034_2020_EPI_ISL_417977)
Align target 114 (hCoV-19_Wales_PHWC-28A13_2020_EPI_ISL_445387_2020-04-01)
Align target 115 (hCoV-19_Canada_BC_7553799_2020_EPI_ISL_418846)
Align target 116 (hCoV-19_England_CAMB-83AAD_2020_EPI_ISL_443338_2020-04-15)
Align target 117 (hCoV-19_England_OXON-AC543_2020_EPI_ISL_448459_2020-04-07)
Align target 118 (hCoV-19_Chile_Santiago-25669_2020_EPI_ISL_459862_2020-03-17)
Align target 119 (hCoV-19_JOR_SEARCH-0057-JOR_2020_EPI_ISL_430015)
Align target 120 (hCoV-19_Portugal_PT0039_2020_EPI_ISL_418024)
Align target 121 (hCoV-19_Canada_QC_AA3_2020_EPI_ISL_444495_2020-04-05)
Align target 122 (hCoV-19_England_20106004902_2020_EPI_ISL_417241)
Align target 123 (hCoV-19_England_20156040904_2020_EPI_ISL_466309_2020-04-08)
Align target 124 (hCoV-19_England_CAMB-7CCA1_2020_EPI_ISL_441548_2020-04-06)
Align target 125 (hCoV-19_Scotland_CVR57_2020_EPI_ISL_425787)
Align target 126 (hCoV-19_USA_NY-NYUMC908_2020_EPI_ISL_467401_2020-04-30)
Align target 127 (hCoV-19_Turkey_HSGM-1444_2020_EPI_ISL_437318_2020-03-19)
Align target 128 (hCoV-19_Luxembourg_LNS9324837_2020_EPI_ISL_419602)
Align target 129 (hCoV-19_England_CAMB-7BD54_2020_EPI_ISL_442122_2020-04-05)
Align target 130 (hCoV-19_Denmark_ALAB-SSI-691_2020_EPI_ISL_437041_2020-03-27)
Align target 131 (hCoV-19_England_20156036804_2020_EPI_ISL_466308_2020-04-08)
Align target 132 (hCoV-19_USA_WA-UW-6483_2020_EPI_ISL_437842_2020-04-04)
Align target 133 (hCoV-19_England_BRIS-1260C7_2020_EPI_ISL_459093_2020-04-09)
Align target 134 (hCoV-19_England_LOND-D36C8_2020_EPI_ISL_440974_2020-03-31)
Align target 135 (hCoV-19_England_SHEF-C5A81_2020_EPI_ISL_441981_2020-03-26)
Align target 136 (hCoV-19_Spain_COV001922_2020_EPI_ISL_452452_2020-03-07)
Align target 137 (hCoV-19_USA_NY-NYUMC276_2020_EPI_ISL_428790)
Align target 138 (hCoV-19_Wales_PHWC-33ECE_2020_EPI_ISL_446837_2020-04-15)
Align target 139 (hCoV-19_USA_WA-UW302_2020_EPI_ISL_418870)
Align target 140 (hCoV-19_England_20118160304_2020_EPI_ISL_464988_2020-03-13)
Align target 141 (hCoV-19_Russia_StPetersburg-RII6055S_2020_EPI_ISL_430105)
Align target 142 (hCoV-19_Wales_PHWC-245BC_2020_EPI_ISL_419431)
Align target 143 (hCoV-19_Germany_BAV-MVP0246_2020_EPI_ISL_466901_2020-04-30)
Align target 144 (hCoV-19_Vietnam_OUCRU0299_2020_EPI_ISL_435308_2020-03-09)
Align target 145 (hCoV-19_Belgium_ULG-10061_2020_EPI_ISL_424662)
Align target 146 (hCoV-19_England_20144011404_2020_EPI_ISL_465977_2020-03-30)
Align target 147 (hCoV-19_Iceland_565_2020_EPI_ISL_424585)
Align target 148 (hCoV-19_Scotland_CVR261_2020_EPI_ISL_433277_2020-03-20)
Align target 149 (hCoV-19_Wales_PHWC-293EA_2020_EPI_ISL_445516_2020-04-02)
Align target 150 (hCoV-19_Portugal_PT0596_2020_EPI_ISL_454319_2020-03-28)
Align target 151 (hCoV-19_Spain_COV001544_2020_EPI_ISL_467182_2020-03-16)
Align target 152 (hCoV-19_Singapore_25_2020_EPI_ISL_420102)
Align target 153 (hCoV-19_England_20186003304_2020_EPI_ISL_465462_2020-04-29)
Align target 154 (hCoV-19_England_SHEF-C8374_2020_EPI_ISL_432862_2020-03-23)
Align target 155 (hCoV-19_USA_WA-S195_2020_EPI_ISL_430233)
Align target 156 (hCoV-19_USA_WI-250_2020_EPI_ISL_428724)
Align target 157 (hCoV-19_England_CAMB-7318D_2020_EPI_ISL_440283_2020-03-22)
Align target 158 (hCoV-19_England_CAMB-82FBE_2020_EPI_ISL_443381_2020-04-12)
Align target 159 (hCoV-19_England_201141063_2020_EPI_ISL_464743_2020-03-10)
Align target 160 (hCoV-19_USA_WA-S619_2020_EPI_ISL_438172_2020-04-26)
Align target 161 (hCoV-19_England_20134021804_2020_EPI_ISL_423117)
Align target 162 (hCoV-19_England_EXET-1368EA_2020_EPI_ISL_457239_2020-04-26)
Align target 163 (hCoV-19_England_20144003704_2020_EPI_ISL_423482)
Align target 164 (hCoV-19_England_SHEF-CCA6C_2020_EPI_ISL_442420_2020-04-20)
Align target 165 (hCoV-19_Canada_BC_26656159_2020_EPI_ISL_463252_2020-03)
Align target 166 (hCoV-19_JOR_SEARCH-0049-JOR_2020_EPI_ISL_430007)
Align target 167 (hCoV-19_Netherlands_NA_176_2020_EPI_ISL_422711)
Align target 168 (hCoV-19_USA_OR-OHSU-0065_2020_EPI_ISL_468090_2020-04-22)
Align target 169 (hCoV-19_England_CAMB-1AE6C5_2020_EPI_ISL_459432_2020-04-29)
Align target 170 (hCoV-19_Denmark_ALAB-SSI383_2020_EPI_ISL_429483)
Align target 171 (hCoV-19_England_20129015404_2020_EPI_ISL_423998)
Align target 172 (hCoV-19_USA_WA-UW-4545_2020_EPI_ISL_460621_2020-03-29)
Align target 173 (hCoV-19_England_CAMB-7EA2D_2020_EPI_ISL_442599_2020-04-07)
Align target 174 (hCoV-19_England_CAMB-7A292_2020_EPI_ISL_441304_2020-04-01)
Align target 175 (hCoV-19_USA_VA-DCLS-0227_2020_EPI_ISL_452804_2020-04-03)
Align target 176 (hCoV-19_England_SHEF-CB669_2020_EPI_ISL_432511_2020-04-04)
Align target 177 (hCoV-19_England_LIVE-9C4EF_2020_EPI_ISL_449544_2020-03-23)
Align target 178 (hCoV-19_Wales_PHWC-29D73_2020_EPI_ISL_432248_2020-04-05)
Align target 179 (hCoV-19_Wales_PHWC-2D2AD_2020_EPI_ISL_445965_2020-04-04)
Align target 180 (hCoV-19_England_20142022204_2020_EPI_ISL_465932_2020-03-29)
Align target 181 (hCoV-19_England_NORT-289841_2020_EPI_ISL_458589_2020-04-01)
Align target 182 (hCoV-19_Denmark_ALAB-SSI-688_2020_EPI_ISL_437038_2020-03-27)
Align target 183 (hCoV-19_USA_VA-DCLS-0002_2020_EPI_ISL_418956)
Align target 184 (hCoV-19_England_CAMB-1AB76B_2020_EPI_ISL_444330_2020-04-28)
Align target 185 (hCoV-19_Russia_StPetersburg-RII7896S_2020_EPI_ISL_450267_2020-04-21)
Align target 186 (hCoV-19_England_LIVE-9D6AC_2020_EPI_ISL_453224_2020-04-10)
Align target 187 (hCoV-19_England_20129062604_2020_EPI_ISL_424059)
Align target 188 (hCoV-19_Scotland_GCVR-173B9D_2020_EPI_ISL_459099_2020-04-06)
Align target 189 (hCoV-19_Spain_Valencia100_2020_EPI_ISL_436195_2020-03-14)
Align target 190 (hCoV-19_Switzerland_42169171_2020_EPI_ISL_418271)
Align target 191 (hCoV-19_Spain_COV001473_2020_EPI_ISL_467118_2020-03-18)
Align target 192 (hCoV-19_South_Africa_KRISP-0148_2020_EPI_ISL_467498_2020-05-30)
Align target 193 (hCoV-19_Wales_PHWC-32B5F_2020_EPI_ISL_446655_2020-04-14)
Align target 194 (hCoV-19_Denmark_ALAB-SSI-636_2020_EPI_ISL_437012_2020-03-26)
Align target 195 (hCoV-19_Wales_PHWC-2BEBA_2020_EPI_ISL_445863_2020-04-10)
Align target 196 (hCoV-19_USA_WA-UW68_2020_EPI_ISL_415596)
Align target 197 (hCoV-19_Australia_NSW34_2020_EPI_ISL_427655)
Align target 198 (hCoV-19_England_CAMB-76C89_2020_EPI_ISL_438306_2020-03-30)
Align target 199 (hCoV-19_New_Zealand_20VR2015_2020_EPI_ISL_456334_2020-04-01)
Computing global alignment... done.
