Align target 0 (hCoV-19_England_BRIS-1217B8_2020_EPI_ISL_440135_2020-03-04)
Align target 1 (hCoV-19_Wales_PHWC-2847F_2020_EPI_ISL_432093_2020-03-31)
Align target 2 (hCoV-19_USA_NM-UNM-00042_2020_EPI_ISL_467623_2020-03-18)
Align target 3 (hCoV-19_Colombia_INS-79253_2020_EPI_ISL_456117_2020-03-10)
Align target 4 (hCoV-19_USA_WA-UW351_2020_EPI_ISL_418918)
Align target 5 (hCoV-19_USA_WA-S1026_2020_EPI_ISL_463516_2020-04-30)
Align target 6 (hCoV-19_England_LIVE-9C458_2020_EPI_ISL_449538_2020-03-30)
Align target 7 (hCoV-19_Colombia_GVI-97760_2020_EPI_ISL_447801_2020-04-04)
Align target 8 (hCoV-19_Scotland_CVR3492_2020_EPI_ISL_456880_2020-04-19)
Align target 9 (hCoV-19_USA_MI-MDHHS-SC20069_2020_EPI_ISL_437156_2020-03-23)
Align target 10 (hCoV-19_Wales_PHWC-29DA0_2020_EPI_ISL_431920_2020-04-04)
Align target 11 (hCoV-19_France_40005BH_2020_EPI_ISL_447658_2020-03)
Align target 12 (hCoV-19_USA_CA-QDX-21_2020_EPI_ISL_467825_2020-03-15)
Align target 13 (hCoV-19_Brazil_RJ-2676_2020_EPI_ISL_467354_2020-04-24)
Align target 14 (hCoV-19_England_CAMB-1AE1D3_2020_EPI_ISL_459493_2020-04-27)
Align target 15 (hCoV-19_Iran_KHGRC-2-2162_2020_EPI_ISL_442044_2020-03-26)
Align target 16 (hCoV-19_USA_MA-MGH-00044_2020_EPI_ISL_460218_2020-03-25)
Align target 17 (hCoV-19_England_CAMB-83C01_2020_EPI_ISL_443326_2020-04-15)
Align target 18 (hCoV-19_Wales_PHWC-2B3AC_2020_EPI_ISL_445701_2020-04-12)
Align target 19 (hCoV-19_Scotland_CVR2880_2020_EPI_ISL_448202_2020-04-21)
Align target 20 (hCoV-19_Denmark_ALAB-SSI142_2020_EPI_ISL_429360)
Align target 21 (hCoV-19_USA_MI-MDHHS-SC20643_2020_EPI_ISL_462725_2020-04-24)
Align target 22 (hCoV-19_Australia_VIC779_2020_EPI_ISL_427054)
Align target 23 (hCoV-19_England_CAMB-75DA5_2020_EPI_ISL_438351_2020-03-29)
Align target 24 (hCoV-19_Beijing_DT-BJ04_2020_EPI_ISL_452364_2020-02-05)
Align target 25 (hCoV-19_France_OCC-7_2020_EPI_ISL_434622_2020-03)
Align target 26 (hCoV-19_England_NORW-E7782_2020_EPI_ISL_449069_2020-05-04)
Align target 27 (hCoV-19_Wales_PHWC-2A6B3_2020_EPI_ISL_445605_2020-04-07)
Align target 28 (hCoV-19_England_BRIS-12961D_2020_EPI_ISL_458908_2020-04-20)
Align target 29 (hCoV-19_Scotland_EDB4157_2020_EPI_ISL_456925_2020-04-18)
Align target 30 (hCoV-19_Russia_CRIE145922_2020_EPI_ISL_460604_2020-03-29)
Align target 31 (hCoV-19_England_CAMB-7B2A0_2020_EPI_ISL_433936_2020-04-10)
Align target 32 (hCoV-19_USA_WI-157_2020_EPI_ISL_428253)
Align target 33 (hCoV-19_Spain_COV000918_2020_EPI_ISL_452651_2020-03-27)
Align target 34 (hCoV-19_England_20144013704_2020_EPI_ISL_423508)
Align target 35 (hCoV-19_USA_UNKNOWN-UW-5622_2020_EPI_ISL_461438_2020-04-08)
Align target 36 (hCoV-19_USA_WA-S147_2020_EPI_ISL_430184)
Align target 37 (hCoV-19_Uruguay_UY-NYUMC872_2020_EPI_ISL_457968_2020-04-11)
Align target 38 (hCoV-19_USA_NY-NYUMC291_2020_EPI_ISL_428805)
Align target 39 (hCoV-19_England_EXET-135F04_2020_EPI_ISL_457180_2020-04-06)
Align target 40 (hCoV-19_Netherlands_NA_438_2020_EPI_ISL_455240_2020-04-09)
Align target 41 (hCoV-19_England_SHEF-C493A_2020_EPI_ISL_432792_2020-04-01)
Align target 42 (hCoV-19_USA_VA-DCLS-0042_2020_EPI_ISL_420023)
Align target 43 (hCoV-19_Wales_PHWC-2C97C_2020_EPI_ISL_445927_2020-03-31)
Align target 44 (hCoV-19_England_NORW-E73F7_2020_EPI_ISL_449033_2020-05-03)
Align target 45 (hCoV-19_Brazil_RJ0115_2020_EPI_ISL_417953)
Align target 46 (hCoV-19_England_20136103404_2020_EPI_ISL_465826_2020-03-26)
Align target 47 (hCoV-19_England_SHEF-C12E7_2020_EPI_ISL_441908_2020-04-10)
Align target 48 (hCoV-19_Finland_13M60_2020_EPI_ISL_418393)
Align target 49 (hCoV-19_Scotland_EDB021_2020_EPI_ISL_425827)
Align target 50 (hCoV-19_Luxembourg_LNS6783622_2020_EPI_ISL_429734)
Align target 51 (hCoV-19_England_CAMB-7806D_2020_EPI_ISL_441103_2020-04-01)
Align target 52 (hCoV-19_England_20130092004_2020_EPI_ISL_423678)
Align target 53 (hCoV-19_USA_WA-S648_2020_EPI_ISL_438201_2020-04-19)
Align target 54 (hCoV-19_England_CAMB-7DC91_2020_EPI_ISL_441715_2020-04-05)
Align target 55 (hCoV-19_England_CAMB-83BB9_2020_EPI_ISL_443344_2020-04-16)
Align target 56 (hCoV-19_England_LOND-D3BD8_2020_EPI_ISL_449638_2020-04-04)
Align target 57 (hCoV-19_Iceland_458_2020_EPI_ISL_424481)
Align target 58 (hCoV-19_England_LIVE-99190_2020_EPI_ISL_439694_2020-04-08)
Align target 59 (hCoV-19_Israel_13075788_2020_EPI_ISL_447446_2020-03-30)
Align target 60 (hCoV-19_England_OXON-AEE55_2020_EPI_ISL_448788_2020-04-08)
Align target 61 (hCoV-19_India_NIV-QC-799_2020_EPI_ISL_454569_2020-04-26)
Align target 62 (hCoV-19_Iceland_336_2020_EPI_ISL_417665)
Align target 63 (hCoV-19_Spain_ACoruna_010_2020_EPI_ISL_468340_2020-04-22)
Align target 64 (hCoV-19_England_BRIS-124B13_2020_EPI_ISL_444021_2020-03-26)
Align target 65 (hCoV-19_England_CAMB-777F0_2020_EPI_ISL_438514_2020-04-01)
Align target 66 (hCoV-19_England_LIVE-9C018_2020_EPI_ISL_449502_2020-03-23)
Align target 67 (hCoV-19_USA_WI-UW-340_2020_EPI_ISL_436634_2020-04-01)
Align target 68 (hCoV-19_Shanghai_SH0091_2020_EPI_ISL_416388)
Align target 69 (hCoV-19_England_CAMB-75EB1_2020_EPI_ISL_438471_2020-03-29)
Align target 70 (hCoV-19_Iceland_250_2020_EPI_ISL_417578)
Align target 71 (hCoV-19_Korea_BA-ACH_2604_2020_EPI_ISL_420799)
Align target 72 (hCoV-19_South_Africa_KRISP-0024_2020_EPI_ISL_467436_2020-04-01)
Align target 73 (hCoV-19_England_20109006504_2020_EPI_ISL_464524_2020-03-05)
Align target 74 (hCoV-19_England_20149003304_2020_EPI_ISL_466092_2020-04-03)
Align target 75 (hCoV-19_USA_FL-BPHL-032_2020_EPI_ISL_436536_2020-04-16)
Align target 76 (hCoV-19_Sweden_20-51474_2020_EPI_ISL_455111_2020-05-14)
Align target 77 (hCoV-19_Costa_Rica_0001_2020_EPI_ISL_434533_2020-03-16)
Align target 78 (hCoV-19_Spain_COV001570_2020_EPI_ISL_467141_2020-03-13)
Align target 79 (hCoV-19_USA_MA-MGH-00558_2020_EPI_ISL_460387_2020-03-22)
Align target 80 (hCoV-19_Netherlands_NA_166_2020_EPI_ISL_422701)
Align target 81 (hCoV-19_Greece_149_2020_EPI_ISL_434471_2020-03-11)
Align target 82 (hCoV-19_England_CAMB-7231F_2020_EPI_ISL_439564_2020-03-27)
Align target 83 (hCoV-19_USA_NY-PV09092_2020_EPI_ISL_421630)
Align target 84 (hCoV-19_England_CAMB-77E19_2020_EPI_ISL_438253_2020-04-04)
Align target 85 (hCoV-19_Germany_BAV-MVP0187_2020_EPI_ISL_466880_2020-04-13)
Align target 86 (hCoV-19_Scotland_EDB763_2020_EPI_ISL_457016_2020-04-02)
Align target 87 (hCoV-19_Wales_PHWC-2AF5E_2020_EPI_ISL_432213_2020-04-07)
Align target 88 (hCoV-19_Thailand_Bangkok_2504_2020_EPI_ISL_455608_2020-03-14)
Align target 89 (hCoV-19_France_B2330_2020_EPI_ISL_416502)
Align target 90 (hCoV-19_England_20166056604_2020_EPI_ISL_466554_2020-04-14)
Align target 91 (hCoV-19_Spain_Valencia237_2020_EPI_ISL_436332_2020-03-24)
Align target 92 (hCoV-19_Scotland_EDB1629_2020_EPI_ISL_433093_2020-04-14)
Align target 93 (hCoV-19_Poland_1105973_2020_EPI_ISL_428234)
Align target 94 (hCoV-19_Netherlands_NA_333_2020_EPI_ISL_455138_2020-04-03)
Align target 95 (hCoV-19_Canada_BC_24245374_2020_EPI_ISL_463205_2020-03)
Align target 96 (hCoV-19_England_CAMB-77FE9_2020_EPI_ISL_441229_2020-04-01)
Align target 97 (hCoV-19_Australia_VIC141_2020_EPI_ISL_419838)
Align target 98 (hCoV-19_England_OXON-AEA15_2020_EPI_ISL_448747_2020)
Align target 99 (hCoV-19_England_20119033404_2020_EPI_ISL_465048_2020-03-14)
Align target 100 (hCoV-19_England_SHEF-C1CE9_2020_EPI_ISL_432735_2020-03-19)
Align target 101 (hCoV-19_Finland_13M77_2020_EPI_ISL_418397)
Align target 102 (hCoV-19_Northern_Ireland_NIRE-101F98_2020_EPI_ISL_453481_2020-03-23)
Align target 103 (hCoV-19_England_NORW-E8BFE_2020_EPI_ISL_448290_2020-04-14)
Align target 104 (hCoV-19_Wales_PHWC-278FC_2020_EPI_ISL_432057_2020-04-01)
Align target 105 (hCoV-19_England_CAMB-8456F_2020_EPI_ISL_443660_2020-04-16)
Align target 106 (hCoV-19_Wales_PHWC-33BE5_2020_EPI_ISL_446800_2020-04-14)
Align target 107 (hCoV-19_Australia_VPRL006_2020_EPI_ISL_455598_2020-04-01)
Align target 108 (hCoV-19_England_NORW-E7324_2020_EPI_ISL_449024_2020-04-08)
Align target 109 (hCoV-19_Sweden_20-06468_2020_EPI_ISL_434655_2020-03-25)
Align target 110 (hCoV-19_England_LIVE-9BAA2_2020_EPI_ISL_440898_2020-04-22)
Align target 111 (hCoV-19_Beijing_DT-travelDE01_2020_EPI_ISL_452329_2020-03-13)
Align target 112 (hCoV-19_Canada_ON-UHTC_0004_2020_EPI_ISL_464051_2020-03-18)
Align target 113 (hCoV-19_England_SHEF-C2459_2020_EPI_ISL_462005_2020-05-20)
Align target 114 (hCoV-19_USA_FL-BPHL-0103_2020_EPI_ISL_445045_2020-04-28)
Align target 115 (hCoV-19_Wales_PHWC-24C3F_2020_EPI_ISL_420932)
Align target 116 (hCoV-19_Germany_BAV-MVP0061_2020_EPI_ISL_437260_2020-03-22)
Align target 117 (hCoV-19_Wales_PHWC-2E242_2020_EPI_ISL_446076_2020-04-07)
Align target 118 (hCoV-19_England_NOTT-10EF40_2020_EPI_ISL_432945_2020-03-30)
Align target 119 (hCoV-19_England_201161147_2020_EPI_ISL_464813_2020-03-11)
Align target 120 (hCoV-19_England_20138026604_2020_EPI_ISL_423314)
Align target 121 (hCoV-19_USA_VA-DCLS-0375_2020_EPI_ISL_463131_2020-05-11)
Align target 122 (hCoV-19_Scotland_EDB5159_2020_EPI_ISL_456981_2020-05-17)
Align target 123 (hCoV-19_England_EXET-1359D9_2020_EPI_ISL_457123_2020-04-10)
Align target 124 (hCoV-19_Thailand_Bangkok-CONI-0144_2020_EPI_ISL_455938_2020-03-15)
Align target 125 (hCoV-19_USA_CA-SCCPHD-UC123_2020_EPI_ISL_435602_2020-03-04)
Align target 126 (hCoV-19_Netherlands_NoordBrabant_73_2020_EPI_ISL_422869)
Align target 127 (hCoV-19_England_CAMB-7E02B_2020_EPI_ISL_442219_2020-04-07)
Align target 128 (hCoV-19_England_CAMB-8159F_2020_EPI_ISL_442525_2020-04-10)
Align target 129 (hCoV-19_England_NORT-289058_2020_EPI_ISL_458690_2020-03-26)
Align target 130 (hCoV-19_Israel_2046434_2020_EPI_ISL_447404_2020-04-01)
Align target 131 (hCoV-19_Netherlands_NA_383_2020_EPI_ISL_455185_2020)
Align target 132 (hCoV-19_Scotland_CVR1817_2020_EPI_ISL_433659_2020-04-07)
Align target 133 (hCoV-19_England_NORW-E838D_2020_EPI_ISL_449143_2020-04-08)
Align target 134 (hCoV-19_Portugal_PT0507_2020_EPI_ISL_454231_2020-03-19)
Align target 135 (hCoV-19_Spain_COV001414_2020_EPI_ISL_452487_2020-03-21)
Align target 136 (hCoV-19_England_20192009801_2020_EPI_ISL_465596_2020-05-04)
Align target 137 (hCoV-19_England_NOTT-1107CB_2020_EPI_ISL_441859_2020-04-20)
Align target 138 (hCoV-19_England_20129176104_2020_EPI_ISL_424156)
Align target 139 (hCoV-19_England_CAMB-77541_2020_EPI_ISL_438520_2020-04-01)
Align target 140 (hCoV-19_USA_CT-UW-6385_2020_EPI_ISL_430973_2020-04-01)
Align target 141 (hCoV-19_USA_CT-Yale-017_2020_EPI_ISL_419520)
Align target 142 (hCoV-19_USA_WA-UW-1846_2020_EPI_ISL_424288)
Align target 143 (hCoV-19_England_LIVE-9F3C1_2020_EPI_ISL_453453_2020-05-02)
Align target 144 (hCoV-19_DRC_3089_2020_EPI_ISL_437358_2020-04-19)
Align target 145 (hCoV-19_Greece_223_34904_2020_EPI_ISL_437889_2020-03-17)
Align target 146 (hCoV-19_Wuhan_HB-WH3-182_2020_EPI_ISL_454943_2020-03-02)
Align target 147 (hCoV-19_England_NORW-EC4E0_2020_EPI_ISL_457530_2020-05-10)
Align target 148 (hCoV-19_England_BRIS-12AD17_2020_EPI_ISL_458493_2020-05-01)
Align target 149 (hCoV-19_England_CAMB-83FDB_2020_EPI_ISL_438720_2020-04-25)
Align target 150 (hCoV-19_Netherlands_NA_498_2020_EPI_ISL_460671_2020-03-26)
Align target 151 (hCoV-19_Vietnam_VNHN_3096_2020_EPI_ISL_455702_2020-03-27)
Align target 152 (hCoV-19_England_201180389_2020_EPI_ISL_464906_2020-03-11)
Align target 153 (hCoV-19_England_CAMB-8366D_2020_EPI_ISL_443384_2020-04-14)
Align target 154 (hCoV-19_Japan_P3-1_2020_EPI_ISL_419299)
Align target 155 (hCoV-19_Scotland_EDB3865_2020_EPI_ISL_439345_2020-04-30)
Align target 156 (hCoV-19_England_CAMB-1B40CE_2020_EPI_ISL_461588_2020-05-28)
Align target 157 (hCoV-19_England_CAMB-7E094_2020_EPI_ISL_442125_2020-04-06)
Align target 158 (hCoV-19_Spain_Valencia150_2020_EPI_ISL_436245_2020-03-19)
Align target 159 (hCoV-19_USA_WA-UW-2009_2020_EPI_ISL_424340)
Align target 160 (hCoV-19_USA_ID-UW-3892_2020_EPI_ISL_427167)
Align target 161 (hCoV-19_Australia_NSW355_2020_EPI_ISL_451616_2020-04-17)
Align target 162 (hCoV-19_England_LIVE-9C230_2020_EPI_ISL_449522_2020-04-01)
Align target 163 (hCoV-19_USA_VA-DCLS-0001_2020_EPI_ISL_418864)
Align target 164 (hCoV-19_Scotland_EDB031_2020_EPI_ISL_425837)
Align target 165 (hCoV-19_mouse_Harbin_HRB-26m_2020_EPI_ISL_459910_2020-04-19)
Align target 166 (hCoV-19_England_SHEF-BFF21_2020_EPI_ISL_418309)
Align target 167 (hCoV-19_USA_WA-S381_2020_EPI_ISL_434141_2020-03-29)
Align target 168 (hCoV-19_USA_UT-00290_2020_EPI_ISL_420810)
Align target 169 (hCoV-19_USA_WA-S909_2020_EPI_ISL_463399_2020-04-27)
Align target 170 (hCoV-19_Spain_COV001908_2020_EPI_ISL_467067_2020-03-16)
Align target 171 (hCoV-19_Australia_NSW494_2020_EPI_ISL_455034_2020-04-11)
Align target 172 (hCoV-19_Wales_PHWC-26356_2020_EPI_ISL_422342)
Align target 173 (hCoV-19_England_LIVE-9901B_2020_EPI_ISL_439684_2020-04-07)
Align target 174 (hCoV-19_USA_CT-Yale-073_2020_EPI_ISL_428401)
Align target 175 (hCoV-19_England_CAMB-757E3_2020_EPI_ISL_440450_2020-03-12)
Align target 176 (hCoV-19_USA_UT-00067_2020_EPI_ISL_430020)
Align target 177 (hCoV-19_Wuhan_HB-WH2-169_2020_EPI_ISL_454935_2020-02-11)
Align target 178 (hCoV-19_Wales_PHWC-29FC8_2020_EPI_ISL_432313_2020-04-03)
Align target 179 (hCoV-19_England_CAMB-7C05A_2020_EPI_ISL_433984_2020)
Align target 180 (hCoV-19_England_CAMB-1B2048_2020_EPI_ISL_453001_2020-05-17)
Align target 181 (hCoV-19_Wales_PHWC-34908_2020_EPI_ISL_446993_2020-04-19)
Align target 182 (hCoV-19_USA_WA-S29_2020_EPI_ISL_417082)
Align target 183 (hCoV-19_England_SHEF-C092F_2020_EPI_ISL_420176)
Align target 184 (hCoV-19_Belgium_ULG-10155_2020_EPI_ISL_447151_2020-4-18)
Align target 185 (hCoV-19_Beijing_BJ252_2020_EPI_ISL_430736)
Align target 186 (hCoV-19_England_CAMB-7C1DF_2020_EPI_ISL_434008_2020-04-15)
Align target 187 (hCoV-19_England_CAMB-74E67_2020_EPI_ISL_425380)
Align target 188 (hCoV-19_USA_NY-PV09198_2020_EPI_ISL_422553)
Align target 189 (hCoV-19_Wales_PHWC-30BAC_2020_EPI_ISL_446331_2020-04-09)
Align target 190 (hCoV-19_Wales_PHWC-309FD_2020_EPI_ISL_446305_2020-04-09)
Align target 191 (hCoV-19_Scotland_EDB420_2020_EPI_ISL_426005)
Align target 192 (hCoV-19_England_BRIS-125C3D_2020_EPI_ISL_443765_2020-03-30)
Align target 193 (hCoV-19_England_CAMB-78D39_2020_EPI_ISL_441216_2020-04-02)
Align target 194 (hCoV-19_England_CAMB-7A04D_2020_EPI_ISL_441337_2020-04-02)
Align target 195 (hCoV-19_England_20132026904_2020_EPI_ISL_423761)
Align target 196 (hCoV-19_USA_WA-UW-2235_2020_EPI_ISL_426123)
Align target 197 (hCoV-19_USA_VA-DCLS-0138_2020_EPI_ISL_437777_2020-04-16)
Align target 198 (hCoV-19_England_20149053704_2020_EPI_ISL_466211_2020-04-04)
Align target 199 (hCoV-19_Spain_COV000864_2020_EPI_ISL_452691_2020-03-25)
Computing global alignment... done.
