Align target 0 (hCoV-19_USA_TX-HMH0114_2020_EPI_ISL_434816_2020-03-20)
Align target 1 (hCoV-19_USA_AK-PHL283_2020_EPI_ISL_437518_2020-04-26)
Align target 2 (hCoV-19_Wales_PHWC-28B7A_2020_EPI_ISL_445409_2020-04-03)
Align target 3 (hCoV-19_England_CAMB-75CC6_2020_EPI_ISL_438481_2020-03-28)
Align target 4 (hCoV-19_Italy_TE5052_2020_EPI_ISL_418261)
Align target 5 (hCoV-19_Denmark_ALAB-HH89_2020_EPI_ISL_429329)
Align target 6 (hCoV-19_USA_MI-MDHHS-SC20526_2020_EPI_ISL_460574_2020-05-15)
Align target 7 (hCoV-19_England_CAMB-78355_2020_EPI_ISL_433721_2020-04-05)
Align target 8 (hCoV-19_England_CAMB-783EC_2020_EPI_ISL_433729_2020-04-05)
Align target 9 (hCoV-19_England_CAMB-84338_2020_EPI_ISL_443623_2020-04-16)
Align target 10 (hCoV-19_Austria_CeMM0240_2020_EPI_ISL_438070_2020-03-20)
Align target 11 (hCoV-19_USA_MA-MGH-00443_2020_EPI_ISL_460321_2020-03-07)
Align target 12 (hCoV-19_USA_NY-WCMP10F06P_2020_EPI_ISL_427573)
Align target 13 (hCoV-19_England_CAMB-739D0_2020_EPI_ISL_425263)
Align target 14 (hCoV-19_England_CAMB-76603_2020_EPI_ISL_439419_2020-03-30)
Align target 15 (hCoV-19_USA_WA-UW237_2020_EPI_ISL_417451)
Align target 16 (hCoV-19_Scotland_EDB300_2020_EPI_ISL_425967)
Align target 17 (hCoV-19_England_CAMB-1B3232_2020_EPI_ISL_456754_2020-05-21)
Align target 18 (hCoV-19_Scotland_CVR1345_2020_EPI_ISL_433548_2020-03-31)
Align target 19 (hCoV-19_England_BRIS-122605_2020_EPI_ISL_440788_2020-04-04)
Align target 20 (hCoV-19_Kenya_P2717_2020_EPI_ISL_457889_2020-04)
Align target 21 (hCoV-19_Denmark_ALAB-HH-123_2020_EPI_ISL_452004_2020-03-11)
Align target 22 (hCoV-19_Germany_HH-1_2020_EPI_ISL_450413_2020-03-19)
Align target 23 (hCoV-19_Scotland_EDB4395_2020_EPI_ISL_449308_2020-05-04)
Align target 24 (hCoV-19_Netherlands_NA_253_2020_EPI_ISL_422787)
Align target 25 (hCoV-19_Switzerland_120194_2020_EPI_ISL_468268_2020-04-27)
Align target 26 (hCoV-19_Spain_COV000874_2020_EPI_ISL_452683_2020-03-25)
Align target 27 (hCoV-19_Netherlands_NA_414_2020_EPI_ISL_455216_2020-03-24)
Align target 28 (hCoV-19_USA_VA-DCLS-0055_2020_EPI_ISL_426463)
Align target 29 (hCoV-19_Scotland_GCVR-170064_2020_EPI_ISL_459541_2020-03-24)
Align target 30 (hCoV-19_England_CAMB-7B3CB_2020_EPI_ISL_433950_2020-04-12)
Align target 31 (hCoV-19_England_OXON-AE81B_2020_EPI_ISL_448724_2020)
Align target 32 (hCoV-19_England_20140070004_2020_EPI_ISL_423405)
Align target 33 (hCoV-19_England_LIVE-9EE49_2020_EPI_ISL_453401_2020-04-06)
Align target 34 (hCoV-19_USA_SC_3569_2020_EPI_ISL_424841)
Align target 35 (hCoV-19_Australia_VIC607_2020_EPI_ISL_426862)
Align target 36 (hCoV-19_England_EXET-1356B4_2020_EPI_ISL_457086_2020-04-12)
Align target 37 (hCoV-19_Scotland_CVR2501_2020_EPI_ISL_438917_2020-04-14)
Align target 38 (hCoV-19_England_NORT-28A0FD_2020_EPI_ISL_453524_2020-04-08)
Align target 39 (hCoV-19_England_CAMB-72722_2020_EPI_ISL_439645_2020-03-23)
Align target 40 (hCoV-19_USA_MA-MGH-00195_2020_EPI_ISL_460203_2020-03-26)
Align target 41 (hCoV-19_USA_WA-S998_2020_EPI_ISL_463488_2020-04-28)
Align target 42 (hCoV-19_England_20188154204_2020_EPI_ISL_465522_2020-04-29)
Align target 43 (hCoV-19_England_LIVE-9CD02_2020_EPI_ISL_440943_2020-04-23)
Align target 44 (hCoV-19_Netherlands_NA_539_2020_EPI_ISL_460712_2020)
Align target 45 (hCoV-19_India_NGC-CDFD-25_2020_EPI_ISL_466863_2020-05-30)
Align target 46 (hCoV-19_Netherlands_NA_666_2020_EPI_ISL_461101_2020-02-29)
Align target 47 (hCoV-19_Denmark_ALAB-SSI-766_2020_EPI_ISL_452102_2020-03-19)
Align target 48 (hCoV-19_England_CAMB-7A4AB_2020_EPI_ISL_440571_2020-04-02)
Align target 49 (hCoV-19_USA_CT-Yale-094_2020_EPI_ISL_428397)
Align target 50 (hCoV-19_Scotland_EDB773_2020_EPI_ISL_433240_2020-04-03)
Align target 51 (hCoV-19_Portugal_PT0419_2020_EPI_ISL_454143_2020-03-25)
Align target 52 (hCoV-19_Spain_Valencia124_2020_EPI_ISL_436219_2020-03-14)
Align target 53 (hCoV-19_Saudi_Arabia_KAUST-MADINAH269_2020_EPI_ISL_437751_2020-04-20)
Align target 54 (hCoV-19_England_201360215_2020_EPI_ISL_423246)
Align target 55 (hCoV-19_England_OXON-ADD95_2020_EPI_ISL_448635_2020)
Align target 56 (hCoV-19_England_LIVE-9A153_2020_EPI_ISL_439852_2020-04-17)
Align target 57 (hCoV-19_England_20139004204_2020_EPI_ISL_421854)
Align target 58 (hCoV-19_USA_LA-EVTL139_2020_EPI_ISL_455982_2020-03-28)
Align target 59 (hCoV-19_Netherlands_Friesland_9_2020_EPI_ISL_422573)
Align target 60 (hCoV-19_Netherlands_NA_46_2020_EPI_ISL_422807)
Align target 61 (hCoV-19_Portugal_PT0563_2020_EPI_ISL_454286_2020-05-02)
Align target 62 (hCoV-19_Austria_CeMM0166_2020_EPI_ISL_438011_2020-03-06)
Align target 63 (hCoV-19_Netherlands_NoordBrabant_44_2020_EPI_ISL_415501)
Align target 64 (hCoV-19_England_BRIS-121EC2_2020_EPI_ISL_439986_2020-03-19)
Align target 65 (hCoV-19_Wuhan_HB-WH2-169_2020_EPI_ISL_454935_2020-02-11)
Align target 66 (hCoV-19_Netherlands_Limburg_61_2020_EPI_ISL_461047_2020-04-25)
Align target 67 (hCoV-19_USA_LA-SR0293_2020_EPI_ISL_445148_2020-04-07)
Align target 68 (hCoV-19_Spain_Valencia542_2020_EPI_ISL_447487_2020-03-29)
Align target 69 (hCoV-19_USA_WA-S631_2020_EPI_ISL_438184_2020-04-17)
Align target 70 (hCoV-19_Spain_Madrid_H12_23_2020_EPI_ISL_428686)
Align target 71 (hCoV-19_Spain_COV001117_2020_EPI_ISL_452584_2020-03-28)
Align target 72 (hCoV-19_Belgium_MI-0407274_2020_EPI_ISL_464068_2020-04-07)
Align target 73 (hCoV-19_Australia_VIC1738_2020_EPI_ISL_456635_2020-05-02)
Align target 74 (hCoV-19_Scotland_CVR2156_2020_EPI_ISL_456760_2020-04-10)
Align target 75 (hCoV-19_Netherlands_NA_103_2020_EPI_ISL_422652)
Align target 76 (hCoV-19_Wales_PHWC-28891_2020_EPI_ISL_432349_2020-03-31)
Align target 77 (hCoV-19_Austria_CeMM0011_2020_EPI_ISL_419664)
Align target 78 (hCoV-19_England_NOTT-10F905_2020_EPI_ISL_433059_2020-04-04)
Align target 79 (hCoV-19_England_NORW-EB38A_2020_EPI_ISL_457424_2020-05-03)
Align target 80 (hCoV-19_England_CAMB-1AA562_2020_EPI_ISL_443457_2020-04-17)
Align target 81 (hCoV-19_Denmark_ALAB-SSI-765_2020_EPI_ISL_444894_2020-03-20)
Align target 82 (hCoV-19_New_Zealand_20VR2088_2020_EPI_ISL_456371_2020-04-12)
Align target 83 (hCoV-19_England_20110015106_2020_EPI_ISL_417306)
Align target 84 (hCoV-19_England_NORW-EAFC3_2020_EPI_ISL_457402_2020-04-29)
Align target 85 (hCoV-19_Australia_VIC488_2020_EPI_ISL_426919)
Align target 86 (hCoV-19_Wales_PHWC-2712E_2020_EPI_ISL_422197)
Align target 87 (hCoV-19_England_LOND-D5A06_2020_EPI_ISL_457290_2020-04-17)
Align target 88 (hCoV-19_England_CAMB-7A99D_2020_EPI_ISL_441344_2020-04-02)
Align target 89 (hCoV-19_Spain_COV001077_2020_EPI_ISL_452607_2020-03-26)
Align target 90 (hCoV-19_Spain_Valencia231_2020_EPI_ISL_436326_2020-03-26)
Align target 91 (hCoV-19_Australia_VIC173_2020_EPI_ISL_419870)
Align target 92 (hCoV-19_USA_NY-NYUMC1_2020_EPI_ISL_414639)
Align target 93 (hCoV-19_USA_WA_0797_2020_EPI_ISL_426453)
Align target 94 (hCoV-19_USA_VA-DCLS-0287_2020_EPI_ISL_452856_2020-04-21)
Align target 95 (hCoV-19_Spain_LaRioja201572_2020_EPI_ISL_455342_2020-03-03)
Align target 96 (hCoV-19_USA_CA-SCCPHD-UC115_2020_EPI_ISL_435594_2020-03-04)
Align target 97 (hCoV-19_Australia_VIC1593_2020_EPI_ISL_456513_2020-05-11)
Align target 98 (hCoV-19_Spain_Valencia221_2020_EPI_ISL_436316_2020-03-23)
Align target 99 (hCoV-19_England_BRIS-121D5C_2020_EPI_ISL_439984_2020-03-20)
Align target 100 (hCoV-19_USA_TX-HMH0291_2020_EPI_ISL_434917_2020-03-27)
Align target 101 (hCoV-19_India_GBRC47_2020_EPI_ISL_444478_2020-04-30)
Align target 102 (hCoV-19_England_CAMB-837F1_2020_EPI_ISL_443573_2020-04-14)
Align target 103 (hCoV-19_England_LIVE-993C7_2020_EPI_ISL_439716_2020-04-08)
Align target 104 (hCoV-19_Australia_VIC744_2020_EPI_ISL_427022)
Align target 105 (hCoV-19_Thailand_Bangkok_168_2020_EPI_ISL_450196_2020-01-23)
Align target 106 (hCoV-19_Iceland_421_2020_EPI_ISL_424445)
Align target 107 (hCoV-19_Wales_PHWC-2ACFD_2020_EPI_ISL_445693_2020-04-05)
Align target 108 (hCoV-19_Australia_VIC828_2020_EPI_ISL_427096)
Align target 109 (hCoV-19_Spain_Valencia304_2020_EPI_ISL_436399_2020-03-22)
Align target 110 (hCoV-19_Australia_VIC978_2020_EPI_ISL_430542)
Align target 111 (hCoV-19_England_20156042004_2020_EPI_ISL_466313_2020-04-08)
Align target 112 (hCoV-19_Morocco_6892_2020_EPI_ISL_459970_2020-03-17)
Align target 113 (hCoV-19_England_BRIS-1268B0_2020_EPI_ISL_459067_2020-04-09)
Align target 114 (hCoV-19_Wales_PHWC-316F5_2020_EPI_ISL_446476_2020-04-12)
Align target 115 (hCoV-19_England_20142130504_2020_EPI_ISL_423468)
Align target 116 (hCoV-19_England_20109023604_2020_EPI_ISL_464548_2020-03-05)
Align target 117 (hCoV-19_England_NORT-288DF8_2020_EPI_ISL_453489_2020-03-23)
Align target 118 (hCoV-19_Sichuan_SC-WCH4-287_2020_EPI_ISL_451389_2020-01-30)
Align target 119 (hCoV-19_USA_AZ-TG271868_2020_EPI_ISL_427272)
Align target 120 (hCoV-19_Timor-Leste_TL23_2020_EPI_ISL_456611_2020-04-18)
Align target 121 (hCoV-19_USA_VA-DCLS-0233_2020_EPI_ISL_452810_2020-04-04)
Align target 122 (hCoV-19_Poland_PL_P13_2020_EPI_ISL_451974_2020-04-03)
Align target 123 (hCoV-19_England_CAMB-7FB83_2020_EPI_ISL_433484_2020-04-17)
Align target 124 (hCoV-19_England_OXON-AE110_2020_EPI_ISL_448664_2020)
Align target 125 (hCoV-19_India_GBRC22_2020_EPI_ISL_437451_2020-04-26)
Align target 126 (hCoV-19_India_GBRC71_2020_EPI_ISL_447048_2020-04-27)
Align target 127 (hCoV-19_Singapore_16_2020_EPI_ISL_418997)
hCoV-19_Singapore_16_2020_EPI_ISL_418997: Frameshift error (scores nt: 145407; codon: 136814)
Align target 128 (hCoV-19_England_NOTT-11191F_2020_EPI_ISL_461941_2020-05-28)
Align target 129 (hCoV-19_England_20139062204_2020_EPI_ISL_420739)
Align target 130 (hCoV-19_USA_MI-MDHHS-SC20482_2020_EPI_ISL_460021_2020-03-31)
Align target 131 (hCoV-19_England_NORW-EBC70_2020_EPI_ISL_457495_2020-05-05)
Align target 132 (hCoV-19_England_20124095702_2020_EPI_ISL_418730)
Align target 133 (hCoV-19_Shanghai_SH0104_2020_EPI_ISL_416395)
Align target 134 (hCoV-19_Canada_BC_24232310_2020_EPI_ISL_463201_2020-03)
Align target 135 (hCoV-19_United_Arab_Emirates_L2409_2020_EPI_ISL_435131_2020-02-25)
Align target 136 (hCoV-19_Japan_DP0568_2020_EPI_ISL_416609)
Align target 137 (hCoV-19_England_CAMB-722C7_2020_EPI_ISL_439557_2020-03-28)
Align target 138 (hCoV-19_England_LIVE-9D85B_2020_EPI_ISL_453238_2020-04-15)
Align target 139 (hCoV-19_Netherlands_NA_157_2020_EPI_ISL_422692)
Align target 140 (hCoV-19_England_SHEF-C0145_2020_EPI_ISL_420230)
Align target 141 (hCoV-19_Switzerland_GE1184_2020_EPI_ISL_429207)
Align target 142 (hCoV-19_England_20149012504_2020_EPI_ISL_466153_2020-04-02)
Align target 143 (hCoV-19_Portugal_PT0190_2020_EPI_ISL_453906_2020-03-29)
Align target 144 (hCoV-19_England_20182026804_2020_EPI_ISL_465451_2020-04-27)
Align target 145 (hCoV-19_Spain_COV002754_2020_EPI_ISL_467288_2020-04-13)
Align target 146 (hCoV-19_England_BRIS-125BC7_2020_EPI_ISL_443792_2020-03-29)
Align target 147 (hCoV-19_England_CAMB-7509D_2020_EPI_ISL_440393_2020-03-17)
Align target 148 (hCoV-19_England_CAMB-7B8DB_2020_EPI_ISL_442117_2020-04-05)
Align target 149 (hCoV-19_England_CAMB-82E66_2020_EPI_ISL_443346_2020-04-14)
Align target 150 (hCoV-19_India_CCMB_J045_2020_EPI_ISL_447847_2020-03-31)
Align target 151 (hCoV-19_Australia_NSW285_2020_EPI_ISL_451549_2020-04-01)
Align target 152 (hCoV-19_England_CAMB-1AD71E_2020_EPI_ISL_448000_2020-05-01)
Align target 153 (hCoV-19_Spain_COV003662_2020_EPI_ISL_467206_2020-04-01)
Align target 154 (hCoV-19_USA_WA-UW-600_2020_EPI_ISL_430893_2020-03-12)
Align target 155 (hCoV-19_Belgium_Rega-0328207_2020_EPI_ISL_458177_2020-03-28)
Align target 156 (hCoV-19_England_SHEF-C5F19_2020_EPI_ISL_441984_2020-03-24)
Align target 157 (hCoV-19_England_20139063504_2020_EPI_ISL_420745)
Align target 158 (hCoV-19_England_CAMB-77B8B_2020_EPI_ISL_439453_2020-04-01)
Align target 159 (hCoV-19_England_OXON-AD1B7_2020_EPI_ISL_448568_2020)
Align target 160 (hCoV-19_England_CAMB-74CD6_2020_EPI_ISL_425365)
Align target 161 (hCoV-19_England_CAMB-7A001_2020_EPI_ISL_440573_2020-04-03)
Align target 162 (hCoV-19_USA_WA-S1021_2020_EPI_ISL_463511_2020-04-30)
Align target 163 (hCoV-19_England_BRIS-12621C_2020_EPI_ISL_459029_2020-04-09)
Align target 164 (hCoV-19_England_201080034_2020_EPI_ISL_464436_2020-03-06)
Align target 165 (hCoV-19_Wuhan_HB-WH5-233_2020_EPI_ISL_454976_2020-03-04)
Align target 166 (hCoV-19_England_20206138804_2020_EPI_ISL_465663_2020-05-14)
Align target 167 (hCoV-19_Belgium_FFJ-0324124_2020_EPI_ISL_420381)
Align target 168 (hCoV-19_USA_AZ-TGEN-TG270152_2020_EPI_ISL_426532)
Align target 169 (hCoV-19_England_SHEF-CB951_2020_EPI_ISL_442394_2020-04-12)
Align target 170 (hCoV-19_USA_CA-CZB-1276_2020_EPI_ISL_454613_2020-04-16)
Align target 171 (hCoV-19_Wales_PHWC-27249_2020_EPI_ISL_432384_2020-03-30)
Align target 172 (hCoV-19_USA_WA-UW248_2020_EPI_ISL_418033)
Align target 173 (hCoV-19_England_CAMB-7C412_2020_EPI_ISL_441584_2020-04-04)
Align target 174 (hCoV-19_England_NORW-EB50C_2020_EPI_ISL_457439_2020-05-01)
Align target 175 (hCoV-19_USA_PA-MGSC56-05_2020_EPI_ISL_436503_2020-03)
Align target 176 (hCoV-19_England_BRIS-124C2F_2020_EPI_ISL_443890_2020-03-25)
Align target 177 (hCoV-19_Wales_PHWC-272D0_2020_EPI_ISL_432034_2020-03-30)
Align target 178 (hCoV-19_England_SHEF-CB98E_2020_EPI_ISL_442395_2020-03-30)
Align target 179 (hCoV-19_Singapore_126_2020_EPI_ISL_443218_2020-03-20)
Align target 180 (hCoV-19_England_20134078604_2020_EPI_ISL_423175)
Align target 181 (hCoV-19_Spain_COV003712_2020_EPI_ISL_467220_2020-04-02)
Align target 182 (hCoV-19_Spain_COV001887_2020_EPI_ISL_452461_2020-03-12)
Align target 183 (hCoV-19_England_20169015304_2020_EPI_ISL_465199_2020-04-17)
Align target 184 (hCoV-19_England_20130087904_2020_EPI_ISL_423675)
Align target 185 (hCoV-19_USA_WA-S1179_2020_EPI_ISL_463669_2020-05-06)
Align target 186 (hCoV-19_Netherlands_Utrecht_24_2020_EPI_ISL_455292_2020-03-12)
Align target 187 (hCoV-19_Japan_Donner17_2020_EPI_ISL_438961_2020-03-25)
Align target 188 (hCoV-19_England_NORW-E9EB8_2020_EPI_ISL_448378_2020-05-03)
Align target 189 (hCoV-19_England_BRIS-12A685_2020_EPI_ISL_458469_2020-04-30)
Align target 190 (hCoV-19_Sweden_20-50260_2020_EPI_ISL_454896_2020-03-07)
Align target 191 (hCoV-19_USA_WY-WYPHL-00088_2020_EPI_ISL_462979_2020-03-30)
Align target 192 (hCoV-19_Vietnam_VNHN_1072_2020_EPI_ISL_455717_2020-03-17)
Align target 193 (hCoV-19_England_20170032104_2020_EPI_ISL_465277_2020-04-09)
Align target 194 (hCoV-19_Netherlands_NA_169_2020_EPI_ISL_422704)
Align target 195 (hCoV-19_England_CAMB-78531_2020_EPI_ISL_433745_2020-04-05)
Align target 196 (hCoV-19_Netherlands_Limburg_8_2020_EPI_ISL_422647)
Align target 197 (hCoV-19_England_SHEF-C707E_2020_EPI_ISL_457616_2020-05-03)
Align target 198 (hCoV-19_USA_GA_2343_2020_EPI_ISL_424864)
Align target 199 (hCoV-19_Singapore_58_2020_EPI_ISL_428837)
Computing global alignment... done.
