Align target 0 (hCoV-19_England_20124034102_2020_EPI_ISL_418710)
Align target 1 (hCoV-19_England_NORW-EAA77_2020_EPI_ISL_457350_2020-05-11)
Align target 2 (hCoV-19_Portugal_PT0453_2020_EPI_ISL_454177_2020-04-04)
Align target 3 (hCoV-19_England_CAMB-72D20_2020_EPI_ISL_440120_2020-03-22)
Align target 4 (hCoV-19_Belgium_Rega-0331264_2020_EPI_ISL_458234_2020-03-31)
Align target 5 (hCoV-19_USA_LA-SR0265_2020_EPI_ISL_445120_2020-04-02)
Align target 6 (hCoV-19_England_CAMB-763EE_2020_EPI_ISL_438354_2020-03-30)
Align target 7 (hCoV-19_Scotland_CVR2274_2020_EPI_ISL_453040_2020-04-12)
Align target 8 (hCoV-19_England_CAMB-7BB2D_2020_EPI_ISL_442268_2020-04-03)
Align target 9 (hCoV-19_England_BRIS-13113F_2020_EPI_ISL_467707_2020-05-25)
Align target 10 (hCoV-19_Canada_ON-UHTC_0015_2020_EPI_ISL_464053_2020-03-28)
Align target 11 (hCoV-19_England_NORW-EB223_2020_EPI_ISL_461890_2020-05-03)
Align target 12 (hCoV-19_England_CAMB-729A4_2020_EPI_ISL_439568_2020-03-23)
Align target 13 (hCoV-19_USA_CT-Yale-208_2020_EPI_ISL_463146_2020-03-30)
Align target 14 (hCoV-19_England_SHEF-C1C25_2020_EPI_ISL_457588_2020-05-02)
Align target 15 (hCoV-19_England_BRIS-126AF6_2020_EPI_ISL_458984_2020-04-09)
Align target 16 (hCoV-19_USA_MA-MGH-00473_2020_EPI_ISL_460201_2020-04-04)
Align target 17 (hCoV-19_England_20169036204_2020_EPI_ISL_465241_2020-04-19)
Align target 18 (hCoV-19_Spain_COV000893_2020_EPI_ISL_452670_2020-03-26)
Align target 19 (hCoV-19_England_20131104704_2020_EPI_ISL_423698)
Align target 20 (hCoV-19_England_BRIS-12A834_2020_EPI_ISL_458474_2020-04-29)
Align target 21 (hCoV-19_Germany_BAV-MVP0035_2020_EPI_ISL_437234_2020-03-15)
Align target 22 (hCoV-19_England_BRIS-129149_2020_EPI_ISL_458733_2020-04-18)
Align target 23 (hCoV-19_Singapore_125_2020_EPI_ISL_443217_2020-03-21)
Align target 24 (hCoV-19_England_CAMB-726DA_2020_EPI_ISL_439613_2020-03-23)
Align target 25 (hCoV-19_England_SHEF-CCFB8_2020_EPI_ISL_457658_2020-03-25)
Align target 26 (hCoV-19_USA_OR-UW-1851_2020_EPI_ISL_424285)
Align target 27 (hCoV-19_Switzerland_120244_2020_EPI_ISL_468303_2020-05-04)
Align target 28 (hCoV-19_Czech_Republic_IAB_18_2020_EPI_ISL_426893)
Align target 29 (hCoV-19_Luxembourg_LNS9984061_2020_EPI_ISL_429724)
Align target 30 (hCoV-19_USA_LA-SR0270_2020_EPI_ISL_445125_2020-04-01)
Align target 31 (hCoV-19_England_LOND-D37E3_2020_EPI_ISL_440989_2020-03-31)
Align target 32 (hCoV-19_USA_IL-NM0112_2020_EPI_ISL_444596_2020-03-20)
Align target 33 (hCoV-19_Australia_VIC193_2020_EPI_ISL_419889)
Align target 34 (hCoV-19_England_NORT-289146_2020_EPI_ISL_453498_2020-03-27)
Align target 35 (hCoV-19_England_SHEF-C04F1_2020_EPI_ISL_420269)
Align target 36 (hCoV-19_England_20134003404_2020_EPI_ISL_423059)
Align target 37 (hCoV-19_Ireland_21023_2020_EPI_ISL_418516)
Align target 38 (hCoV-19_USA_WY-WYPHL-00087_2020_EPI_ISL_462978_2020-03-29)
Align target 39 (hCoV-19_Wales_PHW12_2020_EPI_ISL_415536)
Align target 40 (hCoV-19_Scotland_GCVR-1703D4_2020_EPI_ISL_459711_2020-03-24)
Align target 41 (hCoV-19_England_20182026804_2020_EPI_ISL_465451_2020-04-27)
Align target 42 (hCoV-19_Northern_Ireland_NIRE-FA68F_2020_EPI_ISL_459329_2020-04-06)
Align target 43 (hCoV-19_England_CAMB-1AC06F_2020_EPI_ISL_444365_2020-04-28)
Align target 44 (hCoV-19_England_20186006004_2020_EPI_ISL_465465_2020-04-29)
Align target 45 (hCoV-19_Wales_PHWC-23E94_2020_EPI_ISL_418123)
Align target 46 (hCoV-19_USA_WA-S2_2020_EPI_ISL_413456)
Align target 47 (hCoV-19_Netherlands_ZuidHolland_38_2020_EPI_ISL_422910)
Align target 48 (hCoV-19_India_GBRC5_2020_EPI_ISL_435052_2020-04-13)
Align target 49 (hCoV-19_Singapore_260_2020_EPI_ISL_462378_2020-04-06)
Align target 50 (hCoV-19_England_20109097506_2020_EPI_ISL_417293)
Align target 51 (hCoV-19_England_CAMB-77E46_2020_EPI_ISL_441312_2020-04-01)
Align target 52 (hCoV-19_Wales_PHWC-23966_2020_EPI_ISL_418083)
Align target 53 (hCoV-19_Belgium_ULG-10024_2020_EPI_ISL_421198)
Align target 54 (hCoV-19_USA_WA-UW48_2020_EPI_ISL_415613)
Align target 55 (hCoV-19_Australia_VIC91_2020_EPI_ISL_419804)
Align target 56 (hCoV-19_South_Africa_KRISP-0058_2020_EPI_ISL_467447_2020-04-04)
Align target 57 (hCoV-19_England_CAMB-727AA_2020_EPI_ISL_439925_2020-03-23)
Align target 58 (hCoV-19_England_SHEF-C0400_2020_EPI_ISL_420188)
Align target 59 (hCoV-19_USA_NY-NYUMC646_2020_EPI_ISL_444763_2020-04-03)
Align target 60 (hCoV-19_England_NORW-E8DF8_2020_EPI_ISL_453558_2020-04-26)
Align target 61 (hCoV-19_Sichuan_SC-PHCC2-046_2020_EPI_ISL_451366_2020-01-29)
Align target 62 (hCoV-19_Portugal_PT0391a_2020_EPI_ISL_454110_2020-04-14)
Align target 63 (hCoV-19_Portugal_PT0169_2020_EPI_ISL_453885_2020-03-28)
Align target 64 (hCoV-19_USA_LA-EVTL017_2020_EPI_ISL_435555_2020-04-24)
Align target 65 (hCoV-19_England_SHEF-C31E8_2020_EPI_ISL_441937_2020-03-25)
Align target 66 (hCoV-19_Luxembourg_LNS6277439_2020_EPI_ISL_429762)
Align target 67 (hCoV-19_Canada_ON_PHL5757_2020_EPI_ISL_418359)
Align target 68 (hCoV-19_Netherlands_ZuidHolland_52_2020_EPI_ISL_422920)
Align target 69 (hCoV-19_Wales_PHWC-2E303_2020_EPI_ISL_446087_2020-04-16)
Align target 70 (hCoV-19_England_CAMB-71DB8_2020_EPI_ISL_438458_2020-03-30)
Align target 71 (hCoV-19_England_CAMB-83779_2020_EPI_ISL_443643_2020-04-15)
Align target 72 (hCoV-19_Wales_PHWC-33CD3_2020_EPI_ISL_446811_2020-04-18)
Align target 73 (hCoV-19_Wales_PHWC-23F64_2020_EPI_ISL_418131)
Align target 74 (hCoV-19_England_SHEF-CD403_2020_EPI_ISL_442428_2020-03-24)
Align target 75 (hCoV-19_USA_TX-HMH0185_2020_EPI_ISL_434863_2020-03-23)
Align target 76 (hCoV-19_Scotland_EDB055_2020_EPI_ISL_425859)
Align target 77 (hCoV-19_Colombia_GUR-1215_2020_EPI_ISL_447754_2020-03-31)
Align target 78 (hCoV-19_Austria_CeMM0020_2020_EPI_ISL_419673)
Align target 79 (hCoV-19_England_CAMB-75956_2020_EPI_ISL_438483_2020-03-31)
Align target 80 (hCoV-19_Belgium_Rega-0329231_2020_EPI_ISL_458201_2020-03-29)
Align target 81 (hCoV-19_Switzerland_GE4807_2020_EPI_ISL_429215)
Align target 82 (hCoV-19_England_BRIS-12A649_2020_EPI_ISL_458334_2020-05-01)
Align target 83 (hCoV-19_Scotland_EDB5102_2020_EPI_ISL_456972_2020-03-30)
Align target 84 (hCoV-19_South_Africa_KRISP-0021_2020_EPI_ISL_467435_2020-04-02)
Align target 85 (hCoV-19_Scotland_GCVR-173DC4_2020_EPI_ISL_459102_2020-04-06)
Align target 86 (hCoV-19_England_SHEF-C0682_2020_EPI_ISL_420232)
Align target 87 (hCoV-19_Beijing_DT-WH03_2020_EPI_ISL_452362_2020-02-01)
Align target 88 (hCoV-19_England_SHEF-C60BB_2020_EPI_ISL_441986_2020-04-13)
Align target 89 (hCoV-19_England_NORW-E9155_2020_EPI_ISL_453581_2020-04-27)
Align target 90 (hCoV-19_India_ILSCV24694_2020_EPI_ISL_463087_2020-05-18)
Align target 91 (hCoV-19_England_CAMB-72388_2020_EPI_ISL_439908_2020-03-23)
Align target 92 (hCoV-19_Denmark_ALAB-SSI-674_2020_EPI_ISL_437034_2020-03-15)
Align target 93 (hCoV-19_England_NORW-EB399_2020_EPI_ISL_457425_2020-04-30)
Align target 94 (hCoV-19_Netherlands_NA_474_2020_EPI_ISL_455276_2020-04-14)
Align target 95 (hCoV-19_England_LOND-D3D69_2020_EPI_ISL_449648_2020-04-04)
Align target 96 (hCoV-19_Scotland_GCVR-170B81_2020_EPI_ISL_459569_2020-03-25)
Align target 97 (hCoV-19_England_CAMB-7C193_2020_EPI_ISL_434004_2020-04-14)
Align target 98 (hCoV-19_Spain_Canarias201811_2020_EPI_ISL_455325_2020-03-05)
Align target 99 (hCoV-19_Netherlands_Gelderland_76_2020_EPI_ISL_460975_2020-05-19)
Align target 100 (hCoV-19_USA_MDH-9483_2020_EPI_ISL_454435_2020-03-16)
Align target 101 (hCoV-19_Denmark_SSI-101_2020_EPI_ISL_415646)
Align target 102 (hCoV-19_Wales_PHWC-330D7_2020_EPI_ISL_446736_2020-04-14)
Align target 103 (hCoV-19_India_ILSCV15546_2020_EPI_ISL_463035_2020-05-11)
Align target 104 (hCoV-19_Wales_PHWC-2F33F_2020_EPI_ISL_446235_2020-04-06)
Align target 105 (hCoV-19_Saudi_Arabia_KAUST-MAKKAH233_2020_EPI_ISL_437729_2020-04-16)
Align target 106 (hCoV-19_USA_NY-NYUMC669_2020_EPI_ISL_444786_2020-03-17)
Align target 107 (hCoV-19_England_BRIS-122553_2020_EPI_ISL_440643_2020-04-04)
Align target 108 (hCoV-19_USA_NY-SURV0171_2020_EPI_ISL_436055_2020-03-09)
Align target 109 (hCoV-19_Scotland_EDB5469_2020_EPI_ISL_461744_2020-04-25)
Align target 110 (hCoV-19_Canada_QC_AB6_2020_EPI_ISL_444503_2020-04-06)
Align target 111 (hCoV-19_England_NORW-EC8B7_2020_EPI_ISL_457569_2020-05-17)
Align target 112 (hCoV-19_Australia_SAP297_2020_EPI_ISL_468025_2020-04-07)
Align target 113 (hCoV-19_Belgium_BT-0407271_2020_EPI_ISL_464065_2020-04-07)
Align target 114 (hCoV-19_USA_WA-S405_2020_EPI_ISL_434165_2020-03-25)
Align target 115 (hCoV-19_India_1093_2020_EPI_ISL_421663)
Align target 116 (hCoV-19_England_20164072304_2020_EPI_ISL_466474_2020-04-09)
Align target 117 (hCoV-19_India_ILSCV27412_2020_EPI_ISL_463091_2020-05-21)
Align target 118 (hCoV-19_France_ARA10170_2020_EPI_ISL_418420)
Align target 119 (hCoV-19_Scotland_EDB283_2020_EPI_ISL_425963)
Align target 120 (hCoV-19_Netherlands_NA_641_2020_EPI_ISL_461076_2020-03-31)
Align target 121 (hCoV-19_England_EXET-1363CB_2020_EPI_ISL_457224_2020-04-10)
Align target 122 (hCoV-19_USA_CA-CZB-1051_2020_EPI_ISL_437051_2020-04-06)
Align target 123 (hCoV-19_Northern_Ireland_NIRE-FAE1E_2020_EPI_ISL_448925_2020-03-26)
Align target 124 (hCoV-19_England_20174033404_2020_EPI_ISL_465394_2020-04-21)
Align target 125 (hCoV-19_Scotland_EDB004_2020_EPI_ISL_415629)
Align target 126 (hCoV-19_Greece_223_34904_2020_EPI_ISL_437889_2020-03-17)
Align target 127 (hCoV-19_India_CCMB_L1021_2020_EPI_ISL_458046_2020-05-11)
Align target 128 (hCoV-19_Scotland_EDB5251_2020_EPI_ISL_456996_2020-05-21)
Align target 129 (hCoV-19_England_BRIS-12948C_2020_EPI_ISL_458815_2020-04-19)
Align target 130 (hCoV-19_England_CAMB-7A4F6_2020_EPI_ISL_441235_2020-04-01)
Align target 131 (hCoV-19_England_CAMB-81580_2020_EPI_ISL_442961_2020-04-12)
Align target 132 (hCoV-19_England_CAMB-76A9E_2020_EPI_ISL_438485_2020-03-29)
Align target 133 (hCoV-19_Netherlands_NA_443_2020_EPI_ISL_455245_2020-04-10)
Align target 134 (hCoV-19_Netherlands_ZuidHolland_71_2020_EPI_ISL_422939)
Align target 135 (hCoV-19_Wales_PHWC-29C1C_2020_EPI_ISL_431911_2020-04-05)
Align target 136 (hCoV-19_Belgium_MA-0406273_2020_EPI_ISL_464067_2020-04-06)
Align target 137 (hCoV-19_England_CAMB-7E94E_2020_EPI_ISL_443074_2020-04-08)
Align target 138 (hCoV-19_England_BRIS-12559C_2020_EPI_ISL_443881_2020-03-28)
Align target 139 (hCoV-19_Shanghai_SH0054_2020_EPI_ISL_416362)
Align target 140 (hCoV-19_Scotland_CVR1414_2020_EPI_ISL_433576_2020-04-02)
Align target 141 (hCoV-19_England_CAMB-809FE_2020_EPI_ISL_442851_2020-04-09)
Align target 142 (hCoV-19_USA_UN-UW-581_2020_EPI_ISL_430890_2020-03-12)
Align target 143 (hCoV-19_Northern_Ireland_NIRE-1023C8_2020_EPI_ISL_441409_2020-03-18)
Align target 144 (hCoV-19_Scotland_CVR2919_2020_EPI_ISL_438997_2020-04-22)
Align target 145 (hCoV-19_Australia_VIC865_2020_EPI_ISL_450215_2020-04-05)
Align target 146 (hCoV-19_Australia_VIC1604_2020_EPI_ISL_456516_2020-05-10)
Align target 147 (hCoV-19_USA_LA-SR0157_2020_EPI_ISL_435460_2020-04-02)
Align target 148 (hCoV-19_France_B5434_2020_EPI_ISL_443279_2020-04-01)
Align target 149 (hCoV-19_England_CAMB-8376A_2020_EPI_ISL_443477_2020-04-15)
Align target 150 (hCoV-19_Spain_Valencia159_2020_EPI_ISL_436254_2020-03-19)
Align target 151 (hCoV-19_Switzerland_120014_2020_EPI_ISL_468213_2020-04-17)
Align target 152 (hCoV-19_England_BIRM-5F4CA_2020_EPI_ISL_461507_2020)
Align target 153 (hCoV-19_England_CAMB-7FB47_2020_EPI_ISL_433480_2020-04-17)
Align target 154 (hCoV-19_England_NORW-E8A5B_2020_EPI_ISL_448268_2020-04-15)
Align target 155 (hCoV-19_Denmark_ALAB-HH-263_2020_EPI_ISL_452094_2020-04-14)
Align target 156 (hCoV-19_Wales_PHWC-31419_2020_EPI_ISL_446444_2020-04-13)
Align target 157 (hCoV-19_England_20140039304_2020_EPI_ISL_420755)
Align target 158 (hCoV-19_England_NORW-EA8D7_2020_EPI_ISL_461872_2020-05-17)
Align target 159 (hCoV-19_Scotland_CVR268_2020_EPI_ISL_425755)
Align target 160 (hCoV-19_USA_NM-UNM-00085_2020_EPI_ISL_467632_2020-04-01)
Align target 161 (hCoV-19_England_NOTT-10FF30_2020_EPI_ISL_441455_2020-04-09)
Align target 162 (hCoV-19_Wales_PHWC-2BE14_2020_EPI_ISL_445853_2020-04-09)
Align target 163 (hCoV-19_USA_WA-UW96_2020_EPI_ISL_416452)
Align target 164 (hCoV-19_England_LIVE-9ED1F_2020_EPI_ISL_453387_2020-04-05)
Align target 165 (hCoV-19_USA_WA-UW313_2020_EPI_ISL_418880)
Align target 166 (hCoV-19_England_LOND-D4612_2020_EPI_ISL_444142_2020-04-08)
Align target 167 (hCoV-19_Thailand_NIH-2720_2020_EPI_ISL_434705_2020-03-16)
Align target 168 (hCoV-19_England_SHEF-D0EF0_2020_EPI_ISL_442483_2020-04-02)
Align target 169 (hCoV-19_Wales_PHW2_2020_EPI_ISL_413556)
Align target 170 (hCoV-19_Denmark_ALAB-HH-183_2020_EPI_ISL_452049_2020-04-14)
Align target 171 (hCoV-19_England_BRIS-128C67_2020_EPI_ISL_458868_2020-04-15)
Align target 172 (hCoV-19_England_CAMB-756C8_2020_EPI_ISL_440426_2020-03-14)
Align target 173 (hCoV-19_England_CAMB-1B3A3A_2020_EPI_ISL_461568_2020-05-27)
Align target 174 (hCoV-19_Scotland_CVR2106_2020_EPI_ISL_448144_2020-04-10)
Align target 175 (hCoV-19_England_SHEF-CF191_2020_EPI_ISL_432584_2020-04-01)
Align target 176 (hCoV-19_USA_WA-UW327_2020_EPI_ISL_418894)
Align target 177 (hCoV-19_Wales_PHWC-2BAB6_2020_EPI_ISL_445804_2020-03-28)
Align target 178 (hCoV-19_Wales_PHWC-30DF1_2020_EPI_ISL_446362_2020-04-09)
Align target 179 (hCoV-19_England_LIVE-9C0BE_2020_EPI_ISL_449507_2020-04-01)
Align target 180 (hCoV-19_Iceland_2_2020_EPI_ISL_417552)
Align target 181 (hCoV-19_England_20119047104_2020_EPI_ISL_465068_2020-03-13)
Align target 182 (hCoV-19_England_BRIS-121F65_2020_EPI_ISL_440037_2020-03-18)
Align target 183 (hCoV-19_England_SHEF-CCF4F_2020_EPI_ISL_432537_2020-03-20)
Align target 184 (hCoV-19_Scotland_CVR2261_2020_EPI_ISL_453036_2020-04-12)
Align target 185 (hCoV-19_Spain_COV001470_2020_EPI_ISL_467155_2020-03-17)
Align target 186 (hCoV-19_Netherlands_Zeeland_6_2020_EPI_ISL_461288_2020-04-02)
Align target 187 (hCoV-19_England_CAMB-7757E_2020_EPI_ISL_438513_2020-03-30)
Align target 188 (hCoV-19_Scotland_EDB991_2020_EPI_ISL_432896_2020-04-06)
Align target 189 (hCoV-19_England_LIVE-9B28C_2020_EPI_ISL_449426_2020-03-26)
Align target 190 (hCoV-19_India_CCMB_J206_2020_EPI_ISL_447569_2020-04-01)
Align target 191 (hCoV-19_Iceland_28_2020_EPI_ISL_417767)
Align target 192 (hCoV-19_England_CAMB-1AE2B2_2020_EPI_ISL_459424_2020-04-27)
Align target 193 (hCoV-19_Belgium_Rega-0328199_2020_EPI_ISL_458169_2020-03-28)
Align target 194 (hCoV-19_Australia_VIC961_2020_EPI_ISL_430654)
Align target 195 (hCoV-19_Iceland_313_2020_EPI_ISL_417642)
Align target 196 (hCoV-19_England_CAMB-7AECB_2020_EPI_ISL_433889_2020-04-10)
Align target 197 (hCoV-19_Scotland_EDB1831_2020_EPI_ISL_433151_2020-04-16)
Align target 198 (hCoV-19_USA_WI-168_2020_EPI_ISL_428264)
Align target 199 (hCoV-19_Scotland_CVR1919_2020_EPI_ISL_438855_2020-04-07)
Computing global alignment... done.
