Align target 0 (hCoV-19_India_781_2020_EPI_ISL_420553)
Align target 1 (hCoV-19_England_20166006204_2020_EPI_ISL_466512_2020-04-15)
Align target 2 (hCoV-19_USA_MI-MDHHS-SC20480_2020_EPI_ISL_460019_2020-03-30)
Align target 3 (hCoV-19_England_CAMB-844CC_2020_EPI_ISL_443534_2020-04-16)
Align target 4 (hCoV-19_Sweden_20-08320_2020_EPI_ISL_429126)
Align target 5 (hCoV-19_Finland_13M27_2020_EPI_ISL_418387)
Align target 6 (hCoV-19_Scotland_EDB2561_2020_EPI_ISL_439230_2020-04-24)
Align target 7 (hCoV-19_Iceland_296_2020_EPI_ISL_417625)
Align target 8 (hCoV-19_India_S3_2020_EPI_ISL_430464)
Align target 9 (hCoV-19_Romania_284168_2020_EPI_ISL_455472_2020-05-13)
Align target 10 (hCoV-19_USA_WY-WYPHL007_2020_EPI_ISL_421544)
Align target 11 (hCoV-19_Spain_COV003655_2020_EPI_ISL_467214_2020-04-01)
Align target 12 (hCoV-19_England_BRIS-12607C_2020_EPI_ISL_458986_2020-04-09)
Align target 13 (hCoV-19_Australia_VIC315_2020_EPI_ISL_420006)
Align target 14 (hCoV-19_New_Zealand_20VR3040_2020_EPI_ISL_456401_2020-04-25)
Align target 15 (hCoV-19_USA_MN-MDH-321_2020_EPI_ISL_450779_2020-03-30)
Align target 16 (hCoV-19_England_NOTT-110A2C_2020_EPI_ISL_441887_2020-04-30)
Align target 17 (hCoV-19_USA_NY-PV09442_2020_EPI_ISL_450119_2020-03-08)
hCoV-19_USA_NY-PV09442_2020_EPI_ISL_450119_2020-03-08: Frameshift error (scores nt: 148235; codon: 133427)
Align target 18 (hCoV-19_England_CAMB-1B3029_2020_EPI_ISL_456747_2020-05-21)
Align target 19 (hCoV-19_Italy_INMI9_2020_EPI_ISL_424343)
Align target 20 (hCoV-19_Belgium_rega-0423301_2020_EPI_ISL_462155_2020-04-23)
Align target 21 (hCoV-19_England_SHEF-D275D_2020_EPI_ISL_432654_2020-04-01)
Align target 22 (hCoV-19_England_LIVE-99FF0_2020_EPI_ISL_439836_2020-04-14)
Align target 23 (hCoV-19_England_CAMB-7A001_2020_EPI_ISL_440573_2020-04-03)
Align target 24 (hCoV-19_England_20140071104_2020_EPI_ISL_423411)
Align target 25 (hCoV-19_USA_TX-HMH037_2020_EPI_ISL_434746_2020-03-08)
Align target 26 (hCoV-19_Thailand_Bangkok-0040_2020_EPI_ISL_429176)
Align target 27 (hCoV-19_USA_UT-00349_2020_EPI_ISL_420822)
Align target 28 (hCoV-19_England_LIVE-997DA_2020_EPI_ISL_439761_2020-04-09)
Align target 29 (hCoV-19_Wales_PHWC-26471_2020_EPI_ISL_422360)
Align target 30 (hCoV-19_USA_WI-GMF-01602_2020_EPI_ISL_435400_2020-04-23)
Align target 31 (hCoV-19_Belgium_UGent-31_2020_EPI_ISL_434349_2020-03-26)
Align target 32 (hCoV-19_USA_NY-WCMP12G01P_2020_EPI_ISL_427613)
Align target 33 (hCoV-19_England_20132002304_2020_EPI_ISL_423709)
Align target 34 (hCoV-19_Wales_PHWC-289F8_2020_EPI_ISL_445385_2020-04-01)
Align target 35 (hCoV-19_Switzerland_100073_2020_EPI_ISL_466995_2020-03-12)
Align target 36 (hCoV-19_England_BRIS-12A676_2020_EPI_ISL_458300_2020-05-01)
Align target 37 (hCoV-19_Hangzhou_HZ638_2020_EPI_ISL_418515)
Align target 38 (hCoV-19_England_EXET-13603D_2020_EPI_ISL_457190_2020-04-18)
Align target 39 (hCoV-19_England_EXET-1357C0_2020_EPI_ISL_457099_2020-03-23)
Align target 40 (hCoV-19_Scotland_GCVR-172B8F_2020_EPI_ISL_459156_2020-04-06)
Align target 41 (hCoV-19_USA_NY-PV08402_2020_EPI_ISL_421370)
Align target 42 (hCoV-19_Israel_2099421_2020_EPI_ISL_447353_2020-04-02)
Align target 43 (hCoV-19_England_NORT-28947A_2020_EPI_ISL_458609_2020-03-29)
Align target 44 (hCoV-19_Slovakia_SK-BMC6_2020_EPI_ISL_417880)
Align target 45 (hCoV-19_Spain_Valencia58_2020_EPI_ISL_425182)
Align target 46 (hCoV-19_Wales_PHWC-2859A_2020_EPI_ISL_432397_2020-03-30)
Align target 47 (hCoV-19_Canada_QC_BD5_2020_EPI_ISL_463969_2020-04-13)
Align target 48 (hCoV-19_USA_MI-MDHHS-SC20304_2020_EPI_ISL_447101_2020-03-16)
Align target 49 (hCoV-19_England_EXET-136AC6_2020_EPI_ISL_457247_2020-05-13)
Align target 50 (hCoV-19_USA_WA-S301_2020_EPI_ISL_430155)
Align target 51 (hCoV-19_Spain_COV000893_2020_EPI_ISL_452670_2020-03-26)
Align target 52 (hCoV-19_Hong_Kong_HKU-907b_2020_EPI_ISL_434568_2020-01-29)
Align target 53 (hCoV-19_USA_NC_200290_2020_EPI_ISL_454813_2020-04)
Align target 54 (hCoV-19_USA_LA-EVTL159_2020_EPI_ISL_456002_2020-04-01)
Align target 55 (hCoV-19_Russia_StPetersburg-RII6039S_2020_EPI_ISL_430102)
Align target 56 (hCoV-19_Denmark_ALAB-HH96_2020_EPI_ISL_429332)
Align target 57 (hCoV-19_USA_MI-MDHHS-SC20251_2020_EPI_ISL_447221_2020-03-19)
Align target 58 (hCoV-19_India_GBRC90_2020_EPI_ISL_447552_2020-05-02)
Align target 59 (hCoV-19_USA_WI-UW-362_2020_EPI_ISL_450716_2020-04-17)
Align target 60 (hCoV-19_USA_NY-NYUMC37_2020_EPI_ISL_419698)
Align target 61 (hCoV-19_Australia_VIC352_2020_EPI_ISL_426660)
Align target 62 (hCoV-19_England_CAMB-784CB_2020_EPI_ISL_433741_2020-03-26)
Align target 63 (hCoV-19_England_LIVE-9E711_2020_EPI_ISL_453325_2020-04-10)
Align target 64 (hCoV-19_England_20166072904_2020_EPI_ISL_466586_2020-04-15)
Align target 65 (hCoV-19_USA_WA-S924_2020_EPI_ISL_463414_2020-04-26)
Align target 66 (hCoV-19_Australia_NSW04_2020_EPI_ISL_417030)
Align target 67 (hCoV-19_Belgium_Rega-0329235_2020_EPI_ISL_458205_2020-03-29)
Align target 68 (hCoV-19_England_201160004_2020_EPI_ISL_464772_2020-03-09)
Align target 69 (hCoV-19_Italy_TE5541_2020_EPI_ISL_436719_2020-03-20)
Align target 70 (hCoV-19_Wales_PHWC-25560_2020_EPI_ISL_421005)
Align target 71 (hCoV-19_England_20152047704_2020_EPI_ISL_466234_2020-04-03)
Align target 72 (hCoV-19_USA_WA-S1206_2020_EPI_ISL_463696_2020-05-06)
Align target 73 (hCoV-19_Denmark_ALAB-SSI-840_2020_EPI_ISL_444933_2020-03-29)
Align target 74 (hCoV-19_Netherlands_Hardinxveld_Giessendam_1364806_2020_EPI_ISL_413573)
Align target 75 (hCoV-19_England_LIVE-99EE4_2020_EPI_ISL_439827_2020-04-15)
Align target 76 (hCoV-19_Sweden_20-04631_2020_EPI_ISL_430847)
Align target 77 (hCoV-19_Australia_VIC1372_2020_EPI_ISL_456414_2020-04-14)
Align target 78 (hCoV-19_India_RMRC27_2020_EPI_ISL_455776_2020-04-04)
Align target 79 (hCoV-19_Scotland_EDB2377_2020_EPI_ISL_439195_2020-04-22)
Align target 80 (hCoV-19_Denmark_ALAB-SSI-761_2020_EPI_ISL_444892_2020-03-14)
Align target 81 (hCoV-19_England_BRIS-122F64_2020_EPI_ISL_440809_2020-04-01)
Align target 82 (hCoV-19_Australia_VIC999_2020_EPI_ISL_430483)
hCoV-19_Australia_VIC999_2020_EPI_ISL_430483: Frameshift error (scores nt: 147447; codon: 125993)
Align target 83 (hCoV-19_Netherlands_NA_473_2020_EPI_ISL_455275_2020-04-14)
Align target 84 (hCoV-19_USA_NY-NYUMC365_2020_EPI_ISL_430392)
Align target 85 (hCoV-19_Spain_COV001880_2020_EPI_ISL_452466_2020-03-11)
Align target 86 (hCoV-19_Australia_NSW253_2020_EPI_ISL_451518_2020-03-19)
Align target 87 (hCoV-19_Scotland_CVR683_2020_EPI_ISL_433325_2020-03-26)
Align target 88 (hCoV-19_England_20149022304_2020_EPI_ISL_466167_2020-04-03)
Align target 89 (hCoV-19_England_201100065_2020_EPI_ISL_464641_2020-03-07)
Align target 90 (hCoV-19_England_201640253_2020_EPI_ISL_466453_2020-04-14)
Align target 91 (hCoV-19_England_CAMB-8456F_2020_EPI_ISL_443660_2020-04-16)
Align target 92 (hCoV-19_USA_UT-00502_2020_EPI_ISL_430052)
Align target 93 (hCoV-19_Northern_Ireland_NIRE-FC9B1_2020_EPI_ISL_459369_2020-04-21)
Align target 94 (hCoV-19_France_ARA12250_2020_EPI_ISL_419182)
Align target 95 (hCoV-19_England_CAMB-7C5F1_2020_EPI_ISL_441619_2020-04-04)
Align target 96 (hCoV-19_Iceland_516_2020_EPI_ISL_424538)
Align target 97 (hCoV-19_USA_CA-CZBRR057IX00158_2020_EPI_ISL_429044)
Align target 98 (hCoV-19_Canada_ON-UHTC_0010_2020_EPI_ISL_464052_2020-03-26)
Align target 99 (hCoV-19_England_20169011604_2020_EPI_ISL_465191_2020-04-17)
Align target 100 (hCoV-19_USA_LA-EVTL151_2020_EPI_ISL_455994_2020-04-01)
Align target 101 (hCoV-19_England_20139039504_2020_EPI_ISL_420673)
Align target 102 (hCoV-19_England_20118050304_2020_EPI_ISL_464920_2020-03-11)
Align target 103 (hCoV-19_Denmark_ALAB-HH25_2020_EPI_ISL_429283)
Align target 104 (hCoV-19_Wales_PHWC-2F44B_2020_EPI_ISL_446252_2020-04-08)
Align target 105 (hCoV-19_Wales_PHWC-346E3_2020_EPI_ISL_446962_2020-04-20)
Align target 106 (hCoV-19_England_CAMB-79E62_2020_EPI_ISL_440606_2020-04-02)
Align target 107 (hCoV-19_England_NOTT-111900_2020_EPI_ISL_461940_2020-05-28)
Align target 108 (hCoV-19_Portugal_PT0486_2020_EPI_ISL_454210_2020-03-30)
Align target 109 (hCoV-19_England_SHEF-C042E_2020_EPI_ISL_420179)
Align target 110 (hCoV-19_USA_UT-03477_2020_EPI_ISL_450543_2020-03-30)
Align target 111 (hCoV-19_Oman_205030448_2020_EPI_ISL_458121_2020-04-20)
Align target 112 (hCoV-19_Australia_VIC386_2020_EPI_ISL_426693)
Align target 113 (hCoV-19_USA_WA-UW-517_2020_EPI_ISL_430867_2020-03-11)
Align target 114 (hCoV-19_USA_NY-PV08443_2020_EPI_ISL_421394)
Align target 115 (hCoV-19_Wales_PHWC-344CB_2020_EPI_ISL_446930_2020-04-16)
Align target 116 (hCoV-19_England_OXON-AD0F6_2020_EPI_ISL_448563_2020)
Align target 117 (hCoV-19_Wales_PHWC-29186_2020_EPI_ISL_445490_2020-04-03)
Align target 118 (hCoV-19_USA_MI-MDHHS-SC20284_2020_EPI_ISL_447082_2020-04-06)
Align target 119 (hCoV-19_USA_WA-S499_2020_EPI_ISL_434259_2020-03-31)
Align target 120 (hCoV-19_Wales_PHWC-28785_2020_EPI_ISL_431990_2020-03-31)
Align target 121 (hCoV-19_England_SHEF-CB2A1_2020_EPI_ISL_453741_2020-04-22)
Align target 122 (hCoV-19_Scotland_EDB4839_2020_EPI_ISL_453164_2020-04-01)
Align target 123 (hCoV-19_England_NORW-E85E1_2020_EPI_ISL_449165_2020-04-19)
Align target 124 (hCoV-19_France_HF1989_2020_EPI_ISL_414636)
Align target 125 (hCoV-19_England_CAMB-75D2D_2020_EPI_ISL_438423_2020-03-29)
Align target 126 (hCoV-19_Scotland_EDB149_2020_EPI_ISL_425917)
Align target 127 (hCoV-19_Switzerland_100113_2020_EPI_ISL_451697_2020-03-16)
Align target 128 (hCoV-19_Singapore_325_2020_EPI_ISL_462089_2020-03-25)
Align target 129 (hCoV-19_Wales_PHWC-26C00_2020_EPI_ISL_422103)
Align target 130 (hCoV-19_Belgium_ULG-8808_2020_EPI_ISL_418644)
Align target 131 (hCoV-19_USA_WA-S158_2020_EPI_ISL_430196)
Align target 132 (hCoV-19_Scotland_CVR2221_2020_EPI_ISL_448164_2020-04-12)
Align target 133 (hCoV-19_USA_MI-MDHHS-SC20388_2020_EPI_ISL_450599_2020-03-27)
Align target 134 (hCoV-19_Belgium_DC-0326350_2020_EPI_ISL_462204_2020-03-26)
Align target 135 (hCoV-19_USA_WA-UW-1436_2020_EPI_ISL_424183)
Align target 136 (hCoV-19_Northern_Ireland_NIRE-1020C1_2020_EPI_ISL_441378_2020-03-21)
Align target 137 (hCoV-19_Austria_CeMM0167_2020_EPI_ISL_438012_2020-03-06)
Align target 138 (hCoV-19_England_BRIS-122C21_2020_EPI_ISL_440730_2020-04-02)
Align target 139 (hCoV-19_Spain_Canarias201811_2020_EPI_ISL_455325_2020-03-05)
Align target 140 (hCoV-19_Spain_COV000932_2020_EPI_ISL_452640_2020-03-27)
Align target 141 (hCoV-19_USA_WA-S215_2020_EPI_ISL_430253)
Align target 142 (hCoV-19_Wales_PHWC-293EA_2020_EPI_ISL_445516_2020-04-02)
Align target 143 (hCoV-19_Luxembourg_LNS4757989_2020_EPI_ISL_434498_2020-04-15)
Align target 144 (hCoV-19_England_CAMB-84787_2020_EPI_ISL_440506_2020-03-01)
Align target 145 (hCoV-19_Chile_Temuco_2_2020_EPI_ISL_445279_2020-03-16)
Align target 146 (hCoV-19_Austria_CeMM0058_2020_EPI_ISL_437938_2020-04-03)
Align target 147 (hCoV-19_Scotland_EDB3603_2020_EPI_ISL_439298_2020-04-27)
Align target 148 (hCoV-19_Australia_NSW235_2020_EPI_ISL_451501_2020-03-26)
Align target 149 (hCoV-19_Finland_13M79_2020_EPI_ISL_418398)
Align target 150 (hCoV-19_England_20169037604_2020_EPI_ISL_465246_2020-04-14)
Align target 151 (hCoV-19_USA_WA-UW154_2020_EPI_ISL_416692)
Align target 152 (hCoV-19_Denmark_SSI-101_2020_EPI_ISL_415646)
Align target 153 (hCoV-19_USA_TX-HMH0138_2020_EPI_ISL_434838_2020-03-21)
Align target 154 (hCoV-19_USA_WA-UW-4404_2020_EPI_ISL_426135)
Align target 155 (hCoV-19_France_50001AR_2020_EPI_ISL_447698_2020-03)
Align target 156 (hCoV-19_England_20146062504_2020_EPI_ISL_421989)
Align target 157 (hCoV-19_Spain_Valencia313_2020_EPI_ISL_436408_2020-03-25)
Align target 158 (hCoV-19_Wales_PHWC-2AA7B_2020_EPI_ISL_445658_2020-04-07)
Align target 159 (hCoV-19_England_20149008004_2020_EPI_ISL_466132_2020-04-01)
Align target 160 (hCoV-19_Wales_PHWC-27ECD_2020_EPI_ISL_432138_2020-03-24)
Align target 161 (hCoV-19_England_SHEF-D0EC3_2020_EPI_ISL_442482_2020-03-26)
Align target 162 (hCoV-19_Czech_Republic_IAB_21_2020_EPI_ISL_426895)
Align target 163 (hCoV-19_Sweden_20-07298_2020_EPI_ISL_434667_2020-04-14)
Align target 164 (hCoV-19_USA_CT-Yale-121_2020_EPI_ISL_431085_2020-04-11)
Align target 165 (hCoV-19_South_Africa_KRISP-0172_2020_EPI_ISL_467522_2020-06-02)
Align target 166 (hCoV-19_Wales_PHWC-2DDAC_2020_EPI_ISL_446024_2020-04-14)
hCoV-19_Wales_PHWC-2DDAC_2020_EPI_ISL_446024_2020-04-14: Frameshift error (scores nt: 147880; codon: 147401)
Align target 167 (hCoV-19_Portugal_PT0136_2020_EPI_ISL_453852_2020-03-26)
Align target 168 (hCoV-19_Netherlands_NA_337_2020_EPI_ISL_455142_2020-04-04)
Align target 169 (hCoV-19_USA_IL-UW-365_2020_EPI_ISL_450719_2020-04-15)
Align target 170 (hCoV-19_England_20138014402_2020_EPI_ISL_420522)
Align target 171 (hCoV-19_India_NCDC-3394_2020_EPI_ISL_436435_2020-04-09)
Align target 172 (hCoV-19_England_20144022504_2020_EPI_ISL_423520)
Align target 173 (hCoV-19_England_CAMB-7DC64_2020_EPI_ISL_441639_2020-04-06)
Align target 174 (hCoV-19_Russia_Khabarovsk-88201_2020_EPI_ISL_428910)
Align target 175 (hCoV-19_Finland_13M69_2020_EPI_ISL_418396)
Align target 176 (hCoV-19_Scotland_CVR1432_2020_EPI_ISL_433584_2020-04-01)
Align target 177 (hCoV-19_England_CAMB-83CE3_2020_EPI_ISL_443372_2020-04-16)
Align target 178 (hCoV-19_Spain_COV000778_2020_EPI_ISL_452727_2020-03-09)
Align target 179 (hCoV-19_USA_VA-DCLS-0182_2020_EPI_ISL_437398_2020-03-28)
Align target 180 (hCoV-19_Chile_Santiago_79_2020_EPI_ISL_445376_2020-04-04)
Align target 181 (hCoV-19_England_CAMB-72F1B_2020_EPI_ISL_440069_2020-03-23)
Align target 182 (hCoV-19_Norway_1694_2020_EPI_ISL_420136)
Align target 183 (hCoV-19_South_Africa_KRISP-0080_2020_EPI_ISL_467454_2020-04-01)
Align target 184 (hCoV-19_Scotland_CVR3457_2020_EPI_ISL_456860_2020-05-10)
Align target 185 (hCoV-19_Spain_Madrid201105_2020_EPI_ISL_418251)
Align target 186 (hCoV-19_England_SHEF-C05FE_2020_EPI_ISL_420243)
Align target 187 (hCoV-19_Wales_PHWC-2B852_2020_EPI_ISL_445770_2020-04-08)
Align target 188 (hCoV-19_England_SHEF-CDC29_2020_EPI_ISL_457661_2020-04-17)
Align target 189 (hCoV-19_Wales_PHWC-26101_2020_EPI_ISL_422347)
Align target 190 (hCoV-19_Australia_NSW204_2020_EPI_ISL_427792)
Align target 191 (hCoV-19_Scotland_EDB3895_2020_EPI_ISL_439359_2020-05-01)
Align target 192 (hCoV-19_Netherlands_NA_51_2020_EPI_ISL_422812)
Align target 193 (hCoV-19_USA_NH_0004_2020_EPI_ISL_420791)
Align target 194 (hCoV-19_Australia_VIC1121_2020_EPI_ISL_430595)
Align target 195 (hCoV-19_Spain_Valencia255_2020_EPI_ISL_436350_2020-03-26)
Align target 196 (hCoV-19_USA_WA-UW297_2020_EPI_ISL_418082)
Align target 197 (hCoV-19_Australia_VIC40_2020_EPI_ISL_419758)
Align target 198 (hCoV-19_Indonesia_EJ-ITD3590NT_2020_EPI_ISL_437188_2020-04-14)
Align target 199 (hCoV-19_USA_NY-SURV0444_2020_EPI_ISL_436067_2020-03-09)
Computing global alignment... done.
