Align target 0 (hCoV-19_Scotland_CVR2557_2020_EPI_ISL_453060_2020-04-15)
Align target 1 (hCoV-19_England_20129038404_2020_EPI_ISL_424041)
Align target 2 (hCoV-19_Uruguay_UY-NYUMC874_2020_EPI_ISL_457970_2020-04-14)
Align target 3 (hCoV-19_England_BRIS-12573C_2020_EPI_ISL_443779_2020-03-28)
Align target 4 (hCoV-19_Scotland_CVR3010_2020_EPI_ISL_461619_2020-04-23)
Align target 5 (hCoV-19_USA_CA-CZB-1067_2020_EPI_ISL_437067_2020-04-16)
Align target 6 (hCoV-19_Scotland_EDB4565_2020_EPI_ISL_461730_2020-05-07)
Align target 7 (hCoV-19_USA_WA-UW-4413_2020_EPI_ISL_430951_2020-03-31)
Align target 8 (hCoV-19_England_SHEF-C0FB4_2020_EPI_ISL_432720_2020-03-30)
Align target 9 (hCoV-19_USA_NY-NYUMC447_2020_EPI_ISL_435514_2020-04-15)
Align target 10 (hCoV-19_Spain_Valencia192_2020_EPI_ISL_436287_2020-03-24)
Align target 11 (hCoV-19_USA_CT-Yale-342_2020_EPI_ISL_452147_2020-04-29)
Align target 12 (hCoV-19_USA_LA-EVTL084_2020_EPI_ISL_451245_2020-05-06)
Align target 13 (hCoV-19_USA_CA-CZB-1065_2020_EPI_ISL_437065_2020-04-13)
Align target 14 (hCoV-19_England_NORW-E9261_2020_EPI_ISL_453586_2020-04-27)
Align target 15 (hCoV-19_England_CAMB-1B1568_2020_EPI_ISL_458560_2020-05-08)
Align target 16 (hCoV-19_Belgium_ULG-3665_2020_EPI_ISL_417009)
Align target 17 (hCoV-19_Australia_NSW359_2020_EPI_ISL_451620_2020-04-14)
Align target 18 (hCoV-19_England_SHEF-BFD81_2020_EPI_ISL_418288)
Align target 19 (hCoV-19_Scotland_EDB245_2020_EPI_ISL_425953)
Align target 20 (hCoV-19_Australia_VIC899_2020_EPI_ISL_427149)
Align target 21 (hCoV-19_England_CAMB-84FBC_2020_EPI_ISL_440443_2020-03-13)
Align target 22 (hCoV-19_Scotland_EDB1610_2020_EPI_ISL_433090_2020-04-14)
Align target 23 (hCoV-19_Australia_VIC601_2020_EPI_ISL_426857)
Align target 24 (hCoV-19_USA_MI-MDHHS-SC20355_2020_EPI_ISL_450634_2020-03-30)
Align target 25 (hCoV-19_Wales_PHWC-26D2B_2020_EPI_ISL_422146)
Align target 26 (hCoV-19_USA_WA-S1187_2020_EPI_ISL_463677_2020-05-06)
Align target 27 (hCoV-19_USA_CA-CDPH-UC1_2020_EPI_ISL_413557)
Align target 28 (hCoV-19_USA_WA-UW-4612_2020_EPI_ISL_429614)
Align target 29 (hCoV-19_New_Zealand_20VR1862_2020_EPI_ISL_456288_2020-03-30)
Align target 30 (hCoV-19_India_GBRC80_2020_EPI_ISL_455015_2020-04-28)
Align target 31 (hCoV-19_England_SHEF-C3959_2020_EPI_ISL_432778_2020-04-02)
Align target 32 (hCoV-19_Scotland_GCVR-173BBB_2020_EPI_ISL_459120_2020-04-06)
Align target 33 (hCoV-19_USA_NY-NYUMC495_2020_EPI_ISL_436743_2020-03-18)
Align target 34 (hCoV-19_USA_MI-MDHHS-SC20099_2020_EPI_ISL_437186_2020-03-30)
Align target 35 (hCoV-19_England_CAMB-731BA_2020_EPI_ISL_440265_2020-03-22)
Align target 36 (hCoV-19_England_BRIS-122CA9_2020_EPI_ISL_440703_2020-04-01)
Align target 37 (hCoV-19_USA_WA-S820_2020_EPI_ISL_449990_2020-04-15)
Align target 38 (hCoV-19_USA_CA2_2020_EPI_ISL_406036)
Align target 39 (hCoV-19_Scotland_CVR213_2020_EPI_ISL_425742)
Align target 40 (hCoV-19_Egypt_CUNCI-HGC009_2020_EPI_ISL_468053_2020-05-02)
Align target 41 (hCoV-19_England_20142016704_2020_EPI_ISL_423437)
Align target 42 (hCoV-19_England_20142005704_2020_EPI_ISL_465905_2020-03-30)
Align target 43 (hCoV-19_USA_WA-UW-1422_2020_EPI_ISL_424184)
Align target 44 (hCoV-19_USA_OR-OHSU-0080_2020_EPI_ISL_468097_2020-04-24)
Align target 45 (hCoV-19_USA_AK-PHL087_2020_EPI_ISL_437873_2020-03-31)
Align target 46 (hCoV-19_Iceland_459_2020_EPI_ISL_424482)
Align target 47 (hCoV-19_England_SHEF-CACC2_2020_EPI_ISL_432498_2020-03-30)
Align target 48 (hCoV-19_New_Zealand_20VR2019_2020_EPI_ISL_456336_2020-04-01)
Align target 49 (hCoV-19_Netherlands_Limburg_6_2020_EPI_ISL_414427)
Align target 50 (hCoV-19_England_201141047_2020_EPI_ISL_464742_2020-03-10)
Align target 51 (hCoV-19_England_OXON-ACFAF_2020_EPI_ISL_448549_2020-04-07)
Align target 52 (hCoV-19_Wales_PHWC-3166E_2020_EPI_ISL_446468_2020-04-12)
Align target 53 (hCoV-19_Wales_PHWC-24297_2020_EPI_ISL_418160)
Align target 54 (hCoV-19_England_BRIS-12230E_2020_EPI_ISL_439959_2020-03-23)
Align target 55 (hCoV-19_Iceland_211_2020_EPI_ISL_417763)
Align target 56 (hCoV-19_Wales_PHWC-31A71_2020_EPI_ISL_446521_2020-04-12)
Align target 57 (hCoV-19_India_ILSCV19346_2020_EPI_ISL_463070_2020-05-14)
Align target 58 (hCoV-19_England_20139010604_2020_EPI_ISL_421873)
Align target 59 (hCoV-19_Australia_VIC1465_2020_EPI_ISL_456447_2020-04-22)
Align target 60 (hCoV-19_Ghana_1565_S13_2020_EPI_ISL_422404)
Align target 61 (hCoV-19_Kazakhstan_NCB-2_2020__EPI_ISL_435046_2020-03-01)
Align target 62 (hCoV-19_Spain_Valencia316_2020_EPI_ISL_436411_2020-03-26)
Align target 63 (hCoV-19_England_LOND-D474C_2020_EPI_ISL_444149_2020-04-09)
Align target 64 (hCoV-19_England_20120019704_2020_EPI_ISL_465157_2020-03-16)
Align target 65 (hCoV-19_England_LOND-D3895_2020_EPI_ISL_441000_2020-04-02)
Align target 66 (hCoV-19_England_20150041004_2020_EPI_ISL_466231_2020-04-06)
Align target 67 (hCoV-19_Denmark_ALAB-HH-174_2020_EPI_ISL_452043_2020-04-14)
Align target 68 (hCoV-19_Brazil_RJ-2195_2020_EPI_ISL_467348_2020-04-17)
Align target 69 (hCoV-19_Scotland_CVR3020_2020_EPI_ISL_439010_2020-04-24)
Align target 70 (hCoV-19_England_CAMB-725FB_2020_EPI_ISL_439628_2020-03-24)
Align target 71 (hCoV-19_USA_CA-CZBRR057IX00071_2020_EPI_ISL_428991)
Align target 72 (hCoV-19_England_SHEF-CB317_2020_EPI_ISL_432505_2020-03-31)
Align target 73 (hCoV-19_Singapore_249_2020_EPI_ISL_462367_2020-03-21)
Align target 74 (hCoV-19_Wuhan_WHUH003_2020_EPI_ISL_449478_2020-01-22)
Align target 75 (hCoV-19_Netherlands_NA_409_2020_EPI_ISL_455211_2020-03-21)
Align target 76 (hCoV-19_Switzerland_110444_2020_EPI_ISL_451867_2020-04-07)
Align target 77 (hCoV-19_England_20142094201_2020_EPI_ISL_465949_2020-03-30)
Align target 78 (hCoV-19_NewZealand_20VR0275_2020_EPI_ISL_416538)
Align target 79 (hCoV-19_England_20109003104_2020_EPI_ISL_464510_2020-03-04)
Align target 80 (hCoV-19_New_Zealand_20VR2093_2020_EPI_ISL_456374_2020-04-10)
Align target 81 (hCoV-19_England_LIVE-9DB16_2020_EPI_ISL_449616_2020-04-29)
Align target 82 (hCoV-19_Canada_ON_PHL5756_2020_EPI_ISL_418358)
Align target 83 (hCoV-19_Chile_Santiago_77_2020_EPI_ISL_445374_2020-04-04)
Align target 84 (hCoV-19_Chile_Santiago_66_2020_EPI_ISL_445362_2020-03-17)
Align target 85 (hCoV-19_Chile_Santiago_80_2020_EPI_ISL_445377_2020-04-05)
Align target 86 (hCoV-19_Netherlands_Overijssel_2_2020_EPI_ISL_414460)
Align target 87 (hCoV-19_England_20149008904_2020_EPI_ISL_466141_2020-03-30)
Align target 88 (hCoV-19_Oman_205033391_2020_EPI_ISL_458124_2020-05-03)
Align target 89 (hCoV-19_England_CAMB-7514F_2020_EPI_ISL_440432_2020-03-17)
Align target 90 (hCoV-19_Singapore_158_2020_EPI_ISL_462276_2020-04-15)
Align target 91 (hCov-19_Bangladesh_DU_50758_EPI_ISL_450840_2020-05-06)
Align target 92 (hCoV-19_Scotland_CVR142_2020_EPI_ISL_425686)
Align target 93 (hCoV-19_Wales_PHWC-2480E_2020_EPI_ISL_419449)
Align target 94 (hCoV-19_Canada_BC_05941876_2020_EPI_ISL_466793_2020-04)
Align target 95 (hCoV-19_USA_LA-EVTL154_2020_EPI_ISL_455997_2020-04-01)
Align target 96 (hCoV-19_USA_MI-MDHHS-SC20122_2020_EPI_ISL_436801_2020-03-10)
Align target 97 (hCoV-19_Belgium_UMF-03025_2020_EPI_ISL_416472)
Align target 98 (hCoV-19_Wales_PHWC-28785_2020_EPI_ISL_431990_2020-03-31)
Align target 99 (hCoV-19_England_NOTT-10E0D4_2020_EPI_ISL_425496)
Align target 100 (hCoV-19_USA_WA-S657_2020_EPI_ISL_438210_2020-04-21)
Align target 101 (hCoV-19_England_CAMB-83CE3_2020_EPI_ISL_443372_2020-04-16)
Align target 102 (hCoV-19_Hangzhou_HZ91_2020_EPI_ISL_418507)
Align target 103 (hCoV-19_England_CAMB-77D76_2020_EPI_ISL_440824_2020-04-01)
Align target 104 (hCoV-19_England_LIVE-9F060_2020_EPI_ISL_453423_2020-04-15)
Align target 105 (hCoV-19_USA_UT-00084_2020_EPI_ISL_430033)
Align target 106 (hCoV-19_Australia_NSW278_2020_EPI_ISL_451542_2020-03-27)
Align target 107 (hCoV-19_Singapore_285_2020_EPI_ISL_462403_2020-04-14)
Align target 108 (hCoV-19_Finland_13M69_2020_EPI_ISL_418396)
Align target 109 (hCoV-19_England_NOTT-1110B0_2020_EPI_ISL_453626_2020-05-04)
Align target 110 (hCoV-19_England_CAMB-82D69_2020_EPI_ISL_443672_2020-04-14)
Align target 111 (hCoV-19_Spain_Gandia618_2020_EPI_ISL_455724_2020-03-31)
Align target 112 (hCoV-19_Portugal_PT0086_2020_EPI_ISL_421489)
Align target 113 (hCoV-19_England_CAMB-7A371_2020_EPI_ISL_441320_2020-04-02)
Align target 114 (hCoV-19_England_NORW-E947A_2020_EPI_ISL_453597_2020-04-22)
Align target 115 (hCoV-19_France_HF3534_2020_EPI_ISL_428353)
Align target 116 (hCoV-19_USA_ID-UW-4354_2020_EPI_ISL_430947_2020-03-27)
Align target 117 (hCoV-19_Netherlands_NA_311_2020_EPI_ISL_422620)
Align target 118 (hCoV-19_England_NORW-E7685_2020_EPI_ISL_449061_2020-05-04)
Align target 119 (hCoV-19_Spain_COV001594_2020_EPI_ISL_467142_2020-03-13)
Align target 120 (hCoV-19_England_CAMB-7F1AF_2020_EPI_ISL_442831_2020-04-08)
Align target 121 (hCoV-19_USA_NY-NYUMC75_2020_EPI_ISL_420591)
Align target 122 (hCoV-19_England_NOTT-10ECEF_2020_EPI_ISL_432913_2020-03-28)
Align target 123 (hCoV-19_England_LOND-D4779_2020_EPI_ISL_444151_2020-04-09)
Align target 124 (hCoV-19_England_LIVE-9BDC7_2020_EPI_ISL_440919_2020-04-19)
Align target 125 (hCoV-19_England_20169042104_2020_EPI_ISL_465252_2020-04-18)
Align target 126 (hCoV-19_USA_NY-NYUMC720_2020_EPI_ISL_451435_2020-03-20)
Align target 127 (hCoV-19_Switzerland_120031_2020_EPI_ISL_468223_2020-04-18)
Align target 128 (hCoV-19_USA_CT-Yale-232_2020_EPI_ISL_463165_2020-03-31)
Align target 129 (hCoV-19_Netherlands_NoordHolland_21_2020_EPI_ISL_461211_2020-04-24)
Align target 130 (hCoV-19_USA_VA-DCLS-0399_2020_EPI_ISL_467794_2020-04-21)
Align target 131 (hCoV-19_England_NORW-E81ED_2020_EPI_ISL_449122_2020-04-11)
Align target 132 (hCoV-19_England_20130063204_2020_EPI_ISL_423645)
Align target 133 (hCoV-19_Senegal_136_2020_EPI_ISL_418216)
Align target 134 (hCoV-19_Italy_TE5545_2020_EPI_ISL_436721_2020-03-20)
Align target 135 (hCoV-19_England_20139060804_2020_EPI_ISL_420734)
Align target 136 (hCoV-19_Spain_COV003686_2020_EPI_ISL_467203_2020-04-02)
Align target 137 (hCoV-19_England_CAMB-1B2330_2020_EPI_ISL_456678_2020-05-18)
Align target 138 (hCoV-19_USA_LA-SR0153_2020_EPI_ISL_435456_2020-04-02)
Align target 139 (hCoV-19_Scotland_GCVR-170FD0_2020_EPI_ISL_459552_2020-03-27)
Align target 140 (hCoV-19_England_201120459_2020_EPI_ISL_464676_2020-03-10)
Align target 141 (hCoV-19_USA_NY-NYUMC835_2020_EPI_ISL_456108_2020-04-17)
Align target 142 (hCoV-19_England_20132081104_2020_EPI_ISL_423809)
Align target 143 (hCoV-19_England_SHEF-D0625_2020_EPI_ISL_442471_2020-04-10)
Align target 144 (hCoV-19_England_201041493_2020_EPI_ISL_464350_2020-03-04)
Align target 145 (hCoV-19_England_NORW-EB5C0_2020_EPI_ISL_457445_2020-05-01)
Align target 146 (hCoV-19_India_ILSCV21602_2020_EPI_ISL_463084_2020-05-16)
Align target 147 (hCoV-19_USA_CA-CZB-RR057IX00088_2020_EPI_ISL_430791)
Align target 148 (hCoV-19_England_20144004904_2020_EPI_ISL_423489)
Align target 149 (hCoV-19_England_LIVE-9CA38_2020_EPI_ISL_440931_2020-04-23)
Align target 150 (hCoV-19_USA_MD-HP00055_2020_EPI_ISL_457798_2020-03-20)
Align target 151 (hCoV-19_England_OXON-ADD1D_2020_EPI_ISL_448631_2020)
Align target 152 (hCoV-19_England_20109038504_2020_EPI_ISL_464554_2020-03-06)
Align target 153 (hCoV-19_England_20168000904_2020_EPI_ISL_466590_2020-04-17)
Align target 154 (hCoV-19_Scotland_GCVR-1705A1_2020_EPI_ISL_459519_2020-03-25)
Align target 155 (hCoV-19_Spain_Madrid201442_2020_EPI_ISL_417010)
Align target 156 (hCoV-19_Switzerland_GE3650_2020_EPI_ISL_429209)
Align target 157 (hCoV-19_Scotland_CVR3162_2020_EPI_ISL_449196_2020-04-22)
Align target 158 (hCoV-19_Australia_VIC1406_2020_EPI_ISL_456423_2020-04-16)
Align target 159 (hCoV-19_USA_UT-01578_2020_EPI_ISL_449824_2020-04-07)
Align target 160 (hCoV-19_England_CAMB-7CD08_2020_EPI_ISL_442215_2020-04-05)
Align target 161 (hCoV-19_England_NORW-EBDB9_2020_EPI_ISL_457509_2020-05-08)
Align target 162 (hCoV-19_Northern_Ireland_NIRE-1021EC_2020_EPI_ISL_441391_2020-03-14)
Align target 163 (hCoV-19_England_LIVE-99ED5_2020_EPI_ISL_439826_2020-04-15)
Align target 164 (hCoV-19_Scotland_EDB1640_2020_EPI_ISL_433099_2020-04-14)
Align target 165 (hCoV-19_USA_MDH-8367_2020_EPI_ISL_454432_2020-03-13)
Align target 166 (hCoV-19_USA_FL-BPHL-0133_2020_EPI_ISL_450867_2020-04-11)
Align target 167 (hCoV-19_USA_MA-MGH-00274_2020_EPI_ISL_460144_2020-04-01)
Align target 168 (hCoV-19_England_CAMB-73C9B_2020_EPI_ISL_433682_2020-04-02)
Align target 169 (hCoV-19_Scotland_EDB162_2020_EPI_ISL_425924)
Align target 170 (hCoV-19_England_CAMB-796F1_2020_EPI_ISL_441215_2020-04-04)
Align target 171 (hCoV-19_England_CAMB-1B251C_2020_EPI_ISL_456689_2020)
Align target 172 (hCoV-19_Switzerland_42176229_2020_EPI_ISL_418282)
Align target 173 (hCoV-19_USA_NY-PV09090_2020_EPI_ISL_421629)
Align target 174 (hCoV-19_England_BRIS-12A5B5_2020_EPI_ISL_458408_2020-05-01)
Align target 175 (hCoV-19_Singapore_256_2020_EPI_ISL_462374_2020-04-08)
Align target 176 (hCoV-19_England_CAMB-7958B_2020_EPI_ISL_441074_2020-04-03)
Align target 177 (hCoV-19_USA_WA-S138_2020_EPI_ISL_430175)
Align target 178 (hCoV-19_Wales_PHWC-2A9E7_2020_EPI_ISL_445649_2020-04-08)
Align target 179 (hCoV-19_Belgium_ITM_C262_2020_EPI_ISL_434369_2020-04-02)
Align target 180 (hCoV-19_Saudi_Arabia_KAUST-Madinah27_2020_EPI_ISL_443169_2020-03-29)
Align target 181 (hCoV-19_Wales_PHWC-33B9A_2020_EPI_ISL_446796_2020-04-20)
Align target 182 (hCoV-19_Singapore_191_2020_EPI_ISL_462309_2020-04-20)
Align target 183 (hCoV-19_England_BRIS-12A49A_2020_EPI_ISL_458495_2020-04-30)
Align target 184 (hCoV-19_England_SHEF-CDF5D_2020_EPI_ISL_432559_2020-04-02)
Align target 185 (hCoV-19_Spain_COV000691_2020_EPI_ISL_452773_2020-03-06)
Align target 186 (hCoV-19_Canada_BC_27121841_2020_EPI_ISL_463260_2020-03)
Align target 187 (hCoV-19_Costa_Rica_0001_2020_EPI_ISL_434533_2020-03-16)
Align target 188 (hCoV-19_England_201090677_2020_EPI_ISL_464595_2020-03-06)
Align target 189 (hCoV-19_England_20156033304_2020_EPI_ISL_466298_2020-04-08)
Align target 190 (hCoV-19_Korea_KCDC2003_2020_EPI_ISL_426163)
Align target 191 (hCoV-19_England_20136085404_2020_EPI_ISL_420636)
Align target 192 (hCoV-19_Germany_FrankfurtFFM5_2020_EPI_ISL_452221_2020-03-02)
Align target 193 (hCoV-19_Wales_PHWC-2E97A_2020_EPI_ISL_446092_2020-04-07)
Align target 194 (hCoV-19_Scotland_EDB1005_2020_EPI_ISL_433375_2020-04-06)
Align target 195 (hCoV-19_USA_MI-MDHHS-SC20108_2020_EPI_ISL_436837_2020-03-23)
Align target 196 (hCoV-19_England_LIVE-9B76F_2020_EPI_ISL_440874_2020-04-22)
Align target 197 (hCoV-19_England_SHEF-C6B7E_2020_EPI_ISL_448860_2020-04-17)
Align target 198 (hCoV-19_Austria_CeMM0002_2020_EPI_ISL_419655)
Align target 199 (hCoV-19_Portugal_PT0192_2020_EPI_ISL_453908_2020-03-29)
Computing global alignment... done.
