Align target 0 (hCoV-19_Australia_VIC403_2020_EPI_ISL_426706)
Align target 1 (hCoV-19_USA_NY-Wadsworth-16480-01_2020_EPI_ISL_426317)
Align target 2 (hCoV-19_USA_CT-Yale-068_2020_EPI_ISL_428386)
Align target 3 (hCoV-19_England_201620530_2020_EPI_ISL_466424_2020-04-09)
Align target 4 (hCoV-19_USA_WA-S169_2020_EPI_ISL_430207)
Align target 5 (hCoV-19_Taiwan_NTU13_2020_EPI_ISL_422415)
Align target 6 (hCoV-19_England_LIVE-9BF1C_2020_EPI_ISL_449489_2020-03-26)
Align target 7 (hCoV-19_Iceland_33_2020_EPI_ISL_417702)
Align target 8 (hCoV-19_England_BRIS-126D57_2020_EPI_ISL_459040_2020-04-08)
Align target 9 (hCoV-19_England_20120007504_2020_EPI_ISL_465145_2020-03-15)
Align target 10 (hCoV-19_Australia_NSW61_2020_EPI_ISL_417411)
Align target 11 (hCoV-19_USA_CA-SR0368_2020_EPI_ISL_458251_2020-04-15)
Align target 12 (hCoV-19_Northern_Ireland_NIRE-1021BF_2020_EPI_ISL_441388_2020-03-14)
Align target 13 (hCoV-19_Netherlands_Gelderland_19_2020_EPI_ISL_460655_2020-03-18)
Align target 14 (hCoV-19_USA_MI-MDHHS-SC20130_2020_EPI_ISL_436815_2020-03-14)
Align target 15 (hCoV-19_Northern_Ireland_NIRE-102331_2020_EPI_ISL_453484_2020-03-22)
Align target 16 (hCoV-19_Romania_Bucuresti-4322_2020_EPI_ISL_468136_2020-03-22)
Align target 17 (hCoV-19_Scotland_CVR11_2020_EPI_ISL_425655)
Align target 18 (hCoV-19_England_BRIS-121E4A_2020_EPI_ISL_440070_2020-03-19)
Align target 19 (hCoV-19_Luxembourg_LNS0972189_2020_EPI_ISL_434487_2020-04-13)
Align target 20 (hCoV-19_England_OXON-ADBD7_2020_EPI_ISL_448621_2020)
Align target 21 (hCoV-19_England_20142016604_2020_EPI_ISL_465923_2020-03-30)
Align target 22 (hCoV-19_Iceland_152_2020_EPI_ISL_417745)
Align target 23 (hCoV-19_England_CAMB-7B9AB_2020_EPI_ISL_441612_2020-04-05)
Align target 24 (hCoV-19_England_OXON-AEA15_2020_EPI_ISL_448747_2020)
Align target 25 (hCoV-19_Scotland_CVR1576_2020_EPI_ISL_433623_2020-04-05)
Align target 26 (hCoV-19_England_CAMB-7567D_2020_EPI_ISL_425420)
Align target 27 (hCoV-19_Saudi_Arabia_KAUST-MADINAH261_2020_EPI_ISL_437744_2020-04-20)
Align target 28 (hCoV-19_England_20186075104_2020_EPI_ISL_465472_2020-04-30)
Align target 29 (hCoV-19_Sweden_20-08121_2020_EPI_ISL_454491_2020-03-09)
Align target 30 (hCoV-19_USA_CruiseA-11_2020_EPI_ISL_413616)
Align target 31 (hCoV-19_Thailand_Bangkok_269_2020_EPI_ISL_447915_2020-01-26)
Align target 32 (hCoV-19_England_20119040406_2020_EPI_ISL_465057_2020-03-13)
Align target 33 (hCoV-19_England_CAMB-72DA8_2020_EPI_ISL_439955_2020-03-23)
Align target 34 (hCoV-19_Wales_PHWC-26FDA_2020_EPI_ISL_422171)
Align target 35 (hCoV-19_England_CAMB-73A37_2020_EPI_ISL_425269)
Align target 36 (hCoV-19_Wales_PHWC-324FA_2020_EPI_ISL_446653_2020-04-13)
Align target 37 (hCoV-19_USA_NY-SURV0183_2020_EPI_ISL_436057_2020-03-17)
Align target 38 (hCoV-19_England_CAMB-7BC48_2020_EPI_ISL_442099_2020-04-05)
Align target 39 (hCoV-19_Russia_StPetersburg-RII8373S_2020_EPI_ISL_450275_2020-04-22)
Align target 40 (hCoV-19_Romania_Bucuresti-14545_2020_EPI_ISL_468153_2020)
Align target 41 (hCoV-19_Australia_NSW58_2020_EPI_ISL_417410)
Align target 42 (hCoV-19_Bosnia-and-Herzegovina_ChVir7347_2020_EPI_ISL_462454_2020-03-20)
Align target 43 (hCoV-19_Australia_NSW516_2020_EPI_ISL_455056_2020-04-14)
Align target 44 (hCoV-19_England_20154082604_2020_EPI_ISL_466269_2020-04-06)
Align target 45 (hCoV-19_Scotland_CVR319_2020_EPI_ISL_439049_2020-03-21)
Align target 46 (hCoV-19_South_Africa_KRISP-0162_2020_EPI_ISL_467512_2020-06-01)
Align target 47 (hCoV-19_England_CAMB-726E9_2020_EPI_ISL_439879_2020-03-23)
Align target 48 (hCoV-19_Singapore_183_2020_EPI_ISL_462301_2020-03-21)
Align target 49 (hCoV-19_Iceland_55_2020_EPI_ISL_417687)
Align target 50 (hCoV-19_Denmark_ALAB-HH-238_2020_EPI_ISL_452079_2020-03-28)
Align target 51 (hCoV-19_Portugal_PT0019_2020_EPI_ISL_418004)
Align target 52 (hCoV-19_England_NOTT-10E72A_2020_EPI_ISL_425585)
Align target 53 (hCoV-19_Belgium_SC-0331378_2020_EPI_ISL_462232_2020-03-31)
Align target 54 (hCoV-19_England_CAMB-830AB_2020_EPI_ISL_443402_2020-04-14)
Align target 55 (hCoV-19_USA_MN-MDH-374_2020_EPI_ISL_437366_2020-04-06)
Align target 56 (hCoV-19_England_20149044204_2020_EPI_ISL_466197_2020-04-03)
Align target 57 (hCoV-19_England_CAMB-7A089_2020_EPI_ISL_441277_2020-04-02)
Align target 58 (hCoV-19_USA_NY-NYUMC74_2020_EPI_ISL_420590)
Align target 59 (hCoV-19_Belgium_JK-0305110_2020_EPI_ISL_420367)
Align target 60 (hCoV-19_Wales_PHWC-340B8_2020_EPI_ISL_446867_2020-04-20)
Align target 61 (hCoV-19_England_20129035404_2020_EPI_ISL_424029)
Align target 62 (hCoV-19_Scotland_EDB383_2020_EPI_ISL_425990)
Align target 63 (hCoV-19_England_CAMB-1AD602_2020_EPI_ISL_447990_2020-04-30)
Align target 64 (hCoV-19_USA_WA-S797_2020_EPI_ISL_449967_2020-04-16)
Align target 65 (hCoV-19_Australia_VIC880_2020_EPI_ISL_450216_2020-04-06)
Align target 66 (hCoV-19_Scotland_EDB561_2020_EPI_ISL_426020)
Align target 67 (hCoV-19_Netherlands_NA_592_2020_EPI_ISL_455289_2020-04-09)
Align target 68 (hCoV-19_Japan_TKY9588_2020_EPI_ISL_462439_2020-04)
Align target 69 (hCoV-19_England_NOTT-11128D_2020_EPI_ISL_453639_2020-04-23)
Align target 70 (hCoV-19_England_SHEF-C09F2_2020_EPI_ISL_441899_2020-04-12)
Align target 71 (hCoV-19_England_CAMB-758E0_2020_EPI_ISL_440361_2020-03-19)
Align target 72 (hCoV-19_Chile_Punta_Arenas_12_2020_EPI_ISL_445293_2020-03-20)
Align target 73 (hCoV-19_Oman_RESP-20-2857_2020_EPI_ISL_457978_2020-03-18)
Align target 74 (hCoV-19_USA_WA-S745_2020_EPI_ISL_449915_2020-04-13)
Align target 75 (hCoV-19_Guangzhou_GZMU0059_2020_EPI_ISL_429102)
Align target 76 (hCoV-19_Portugal_PT0309_2020_EPI_ISL_454025_2020-03-14)
Align target 77 (hCoV-19_Spain_COV002727_2020_EPI_ISL_467276_2020-04-15)
Align target 78 (hCoV-19_England_BRIS-1227B7_2020_EPI_ISL_440652_2020-04-04)
Align target 79 (hCoV-19_Portugal_PT0104_2020_EPI_ISL_453820_2020-03-21)
Align target 80 (hCoV-19_England_CAMB-1B0077_2020_EPI_ISL_448104_2020-05-04)
Align target 81 (hCoV-19_Wales_PHWC-31C4E_2020_EPI_ISL_446548_2020-04-14)
Align target 82 (hCoV-19_England_BRIS-1233B2_2020_EPI_ISL_442698_2020-04-06)
Align target 83 (hCoV-19_Scotland_EDB4455_2020_EPI_ISL_461712_2020-05-05)
Align target 84 (hCoV-19_USA_PA-MGEL137_2020_EPI_ISL_454401_2020-04-05)
Align target 85 (hCoV-19_Scotland_EDB106_2020_EPI_ISL_425894)
Align target 86 (hCoV-19_Spain_CastillaLaMancha201328_2020_EPI_ISL_418245)
Align target 87 (hCoV-19_USA_CT-Yale-153_2020_EPI_ISL_452144_2020-04-29)
Align target 88 (hCoV-19_India_NIV-11855_2020_EPI_ISL_452198_2020-04-20)
Align target 89 (hCoV-19_England_NORW-EAEA8_2020_EPI_ISL_457389_2020-04-30)
Align target 90 (hCoV-19_India_ILSCV18539_2020_EPI_ISL_463062_2020-05-13)
Align target 91 (hCoV-19_USA_NY-PV09125_2020_EPI_ISL_422499)
Align target 92 (hCoV-19_USA_VA-DCLS-0095_2020_EPI_ISL_434590_2020-04-09)
Align target 93 (hCoV-19_England_CAMB-7F36D_2020_EPI_ISL_442919_2020-04-08)
Align target 94 (hCoV-19_Wales_PHWC-2A343_2020_EPI_ISL_445556_2020-04-05)
Align target 95 (hCoV-19_England_CAMB-7EFE2_2020_EPI_ISL_442908_2020-04-07)
Align target 96 (hCoV-19_England_20139063504_2020_EPI_ISL_420745)
Align target 97 (hCoV-19_Canada_BC_11184415_2020_EPI_ISL_467320_2020-04)
Align target 98 (hCoV-19_England_OXON-ACBBA_2020_EPI_ISL_448516_2020-04-04)
Align target 99 (hCoV-19_Wales_PHWC-25EDE_2020_EPI_ISL_422317)
Align target 100 (hCoV-19_Wales_PHWC-340D6_2020_EPI_ISL_446869_2020-04-19)
Align target 101 (hCoV-19_Northern_Ireland_NIRE-FBEA4_2020_EPI_ISL_459386_2020-04-10)
Align target 102 (hCoV-19_Scotland_CVR2817_2020_EPI_ISL_448195_2020-04-21)
Align target 103 (hCoV-19_Italy_VR_20COV23-50_2020_EPI_ISL_452185_2020-03-26)
Align target 104 (hCoV-19_USA_WI-211_2020_EPI_ISL_428307)
Align target 105 (hCoV-19_Kazakhstan_26827_2020_EPI_ISL_454516_2020-04-26)
Align target 106 (hCoV-19_USA_NY-NYUMC652_2020_EPI_ISL_444769_2020-04-06)
Align target 107 (hCoV-19_Netherlands_NA_589_2020_EPI_ISL_460753_2020-04-05)
Align target 108 (hCoV-19_Wuhan_HBCDC-HB-03_2019_EPI_ISL_412899)
Align target 109 (hCoV-19_Taiwan_CGMH-CGU-19_2020_EPI_ISL_424975)
Align target 110 (hCoV-19_New_Zealand_20VR0994_2020_EPI_ISL_456177_2020-03-17)
Align target 111 (hCoV-19_Luxembourg_LNS3212178_2020_EPI_ISL_429728)
Align target 112 (hCoV-19_Wales_PHWC-25964_2020_EPI_ISL_422358)
Align target 113 (hCoV-19_Australia_VPRL009_2020_EPI_ISL_455601_2020-04-01)
Align target 114 (hCoV-19_Luxembourg_LNS9324837_2020_EPI_ISL_419602)
Align target 115 (hCoV-19_Portugal_PT0269_2020_EPI_ISL_453983_2020-04-04)
Align target 116 (hCoV-19_England_20126036102_2020_EPI_ISL_418766)
Align target 117 (hCoV-19_Scotland_EDB1447_2020_EPI_ISL_433450_2020-04-13)
Align target 118 (hCoV-19_India_NCDC-02252_2020_EPI_ISL_435097_2020-03-28)
Align target 119 (hCoV-19_Australia_VIC983_2020_EPI_ISL_430545)
Align target 120 (hCoV-19_USA_WA-NH20_2020_EPI_ISL_418787)
Align target 121 (hCoV-19_England_201090386_2020_EPI_ISL_464555_2020-03-06)
Align target 122 (hCoV-19_USA_MN60-MDH60_2020_EPI_ISL_419388)
Align target 123 (hCoV-19_Australia_VIC1161_2020_EPI_ISL_430615)
Align target 124 (hCoV-19_USA_MN67-MDH67_2020_EPI_ISL_419395)
Align target 125 (hCoV-19_Belgium_ULG-10099_2020_EPI_ISL_427350)
Align target 126 (hCoV-19_USA_NY-NYUMC133_2020_EPI_ISL_424940)
Align target 127 (hCoV-19_England_LIVE-9EBAC_2020_EPI_ISL_453373_2020-04-04)
Align target 128 (hCoV-19_England_20146061104_2020_EPI_ISL_466045_2020-04-01)
Align target 129 (hCoV-19_England_CAMB-7D068_2020_EPI_ISL_442206_2020-04-06)
Align target 130 (hCoV-19_USA_CA-CZB-1229_2020_EPI_ISL_450478_2020-04-03)
Align target 131 (hCoV-19_England_CAMB-72F93_2020_EPI_ISL_440263_2020-03-22)
Align target 132 (hCoV-19_USA_CA-CZB-1223_2020_EPI_ISL_450472_2020-04-04)
Align target 133 (hCoV-19_Spain_COV000892_2020_EPI_ISL_452671_2020-03-26)
Align target 134 (hCoV-19_England_20142016204_2020_EPI_ISL_423435)
Align target 135 (hCoV-19_England_CAMB-7F7BC_2020_EPI_ISL_443021_2020-04-08)
Align target 136 (hCoV-19_England_201161565_2020_EPI_ISL_464859_2020-03-11)
Align target 137 (hCoV-19_Denmark_ALAB-HH-173_2020_EPI_ISL_452042_2020-04-14)
Align target 138 (hCoV-19_USA_NY-NYUMC923_2020_EPI_ISL_467416_2020-03-18)
Align target 139 (hCoV-19_USA_MN-MDH-1007_2020_EPI_ISL_462852_2020-04-30)
Align target 140 (hCoV-19_England_BRIS-1239ED_2020_EPI_ISL_442712_2020-04-07)
Align target 141 (hCoV-19_Spain_COV001533_2020_EPI_ISL_467099_2020-03-16)
Align target 142 (hCoV-19_England_SHEF-C8A33_2020_EPI_ISL_457633_2020-05-01)
Align target 143 (hCoV-19_England_CAMB-72027_2020_EPI_ISL_439935_2020-03-28)
Align target 144 (hCoV-19_Netherlands_NA_558_2020_EPI_ISL_460724_2020-04-11)
Align target 145 (hCoV-19_England_20139026304_2020_EPI_ISL_421898)
Align target 146 (hCoV-19_Canada_QC_AT9_2020_EPI_ISL_463944_2020-04-05)
Align target 147 (hCoV-19_Switzerland_100098_2020_EPI_ISL_451690_2020-03-13)
Align target 148 (hCoV-19_USA_NE-11564_2020_EPI_ISL_467298_2020-05-05)
Align target 149 (hCoV-19_Netherlands_NA_154_2020_EPI_ISL_422689)
Align target 150 (hCoV-19_France_Lyon_06573_2020_EPI_ISL_417335)
Align target 151 (hCoV-19_Netherlands_NA_615_2020_EPI_ISL_460778_2020-03-16)
Align target 152 (hCoV-19_England_CAMB-7EC90_2020_EPI_ISL_442888_2020-04-07)
Align target 153 (hCoV-19_Belgium_Rega-0329237_2020_EPI_ISL_458207_2020-03-29)
Align target 154 (hCoV-19_USA_NM-UNM-00007_2020_EPI_ISL_467590_2020-03-14)
Align target 155 (hCoV-19_Congo_521_2020_EPI_ISL_420854)
Align target 156 (hCoV-19_England_20199024804_2020_EPI_ISL_465642_2020-05-09)
Align target 157 (hCoV-19_Belgium_Rega-0328193_2020_EPI_ISL_458163_2020-03-28)
Align target 158 (hCoV-19_England_CAMB-7D2F9_2020_EPI_ISL_442263_2020-04-05)
Align target 159 (hCoV-19_Vietnam_VNHN_1099_2020_EPI_ISL_455695_2020-03-18)
Align target 160 (hCoV-19_England_BIRM-5FEDB_2020_EPI_ISL_461534_2020)
Align target 161 (hCoV-19_USA_CT-UW-6603_2020_EPI_ISL_461420_2020-04-03)
Align target 162 (hCoV-19_Brazil_CV32_2020_EPI_ISL_429688)
Align target 163 (hCoV-19_Spain_Barcelona_VH9758_2020_EPI_ISL_458132_2020-03-26)
Align target 164 (hCoV-19_England_CAMB-7D6FD_2020_EPI_ISL_441672_2020-04-06)
Align target 165 (hCoV-19_Australia_SAP243_2020_EPI_ISL_468015_2020-03-25)
Align target 166 (hCoV-19_Scotland_CVR2985_2020_EPI_ISL_449178_2020-04-23)
Align target 167 (hCoV-19_Spain_COV000756_2020_EPI_ISL_452734_2020-03-06)
Align target 168 (hCoV-19_USA_WA-S1006_2020_EPI_ISL_463496_2020-04-27)
Align target 169 (hCoV-19_USA_WA-S865_2020_EPI_ISL_463355_2020-04-22)
Align target 170 (hCoV-19_USA_ID-UW-2134_2020_EPI_ISL_426058)
Align target 171 (hCoV-19_Spain_COV000845_2020_EPI_ISL_452702_2020-03-11)
Align target 172 (hCoV-19_Shanghai_SH0106_2020_EPI_ISL_416396)
Align target 173 (hCoV-19_Turkey_IMU-SP-02_2020_EPI_ISL_460617_2020-04-16)
Align target 174 (hCoV-19_Oman_205033013_2020_EPI_ISL_458116_2020-05-01)
Align target 175 (hCoV-19_England_OXON-AE15C_2020_EPI_ISL_448666_2020)
Align target 176 (hCoV-19_Singapore_1_2020_EPI_ISL_406973)
Align target 177 (hCoV-19_England_20134024504_2020_EPI_ISL_423128)
Align target 178 (hCoV-19_USA_NY-NYUMC798_2020_EPI_ISL_456034_2020-03-27)
Align target 179 (hCoV-19_USA_WA-UW-6213_2020_EPI_ISL_430956_2020-04-01)
Align target 180 (hCoV-19_Singapore_20_2020_EPI_ISL_418993)
Align target 181 (hCoV-19_USA_MA_8933_2020_EPI_ISL_424909)
Align target 182 (hCoV-19_Canada_BC_7493713_2020_EPI_ISL_418844)
Align target 183 (hCoV-19_England_CAMB-76C10_2020_EPI_ISL_439398_2020-03-30)
Align target 184 (hCoV-19_USA_WA-S1099_2020_EPI_ISL_463589_2020-05-03)
Align target 185 (hCoV-19_USA_TX-HMH025_2020_EPI_ISL_434734_2020-03-13)
Align target 186 (hCoV-19_USA_MN-MDH-288_2020_EPI_ISL_450757_2020-03-31)
Align target 187 (hCoV-19_Australia_VIC26_2020_EPI_ISL_419745)
Align target 188 (hCoV-19_Scotland_CVR2284_2020_EPI_ISL_448175_2020-04-13)
Align target 189 (hCoV-19_India_RMRC27_2020_EPI_ISL_455776_2020-04-04)
Align target 190 (hCoV-19_Portugal_PT0349_2020_EPI_ISL_454065_2020-03-18)
Align target 191 (hCoV-19_USA_UT-01595_2020_EPI_ISL_449833_2020-04-06)
Align target 192 (hCoV-19_USA_NY-NYUMC615_2020_EPI_ISL_444732_2020-04-02)
Align target 193 (hCoV-19_Kenya_P572_2020_EPI_ISL_457915_2020-04)
Align target 194 (hCoV-19_USA_GA-EHC-083E_2020_EPI_ISL_454690_2020-03-09)
Align target 195 (hCoV-19_USA_WA13-UW9_2020_EPI_ISL_413601)
Align target 196 (hCoV-19_USA_TX-HMH0431_2020_EPI_ISL_435014_2020-04-02)
Align target 197 (hCoV-19_Austria_CeMM0296_2020_EPI_ISL_438119_2020-03-27)
Align target 198 (hCoV-19_Spain_COV000947_2020_EPI_ISL_452626_2020-03-28)
Align target 199 (hCoV-19_Netherlands_NA_356_2020_EPI_ISL_455160_2020-04-07)
Computing global alignment... done.
