FastTree Version 2.1.11 Double precision (No SSE3)
Alignment: standard input
Nucleotide distances: Jukes-Cantor Joins: balanced Support: SH-like 1000
Search: Normal +NNI +SPR (2 rounds range 10) +ML-NNI opt-each=1
TopHits: 1.00*sqrtN close=default refresh=0.80
ML Model: Generalized Time-Reversible, CAT approximation with 20 rate categories
Ignored unknown character b (seen 3 times)
Ignored unknown character d (seen 3 times)
Ignored unknown character h (seen 7 times)
Ignored unknown character k (seen 200 times)
Ignored unknown character m (seen 284 times)
Ignored unknown character n (seen 206 times)
Ignored unknown character r (seen 1684 times)
Ignored unknown character s (seen 91 times)
Ignored unknown character v (seen 6 times)
Ignored unknown character w (seen 178 times)
Ignored unknown character y (seen 722 times)
      6.70 seconds: Top hits for    250 of   1000 seqs (at seed    100)
      9.90 seconds: Top hits for    391 of   1000 seqs (at seed    200)
     12.82 seconds: Top hits for    467 of   1000 seqs (at seed    300)
     15.44 seconds: Top hits for    550 of   1000 seqs (at seed    400)
     17.89 seconds: Top hits for    624 of   1000 seqs (at seed    500)
     20.58 seconds: Top hits for    703 of   1000 seqs (at seed    600)
     23.27 seconds: Top hits for    785 of   1000 seqs (at seed    700)
     25.85 seconds: Top hits for    854 of   1000 seqs (at seed    800)
     28.85 seconds: Top hits for    937 of   1000 seqs (at seed    900)
     31.05 seconds: Checking top hits for      1 of   1000 seqs
     36.96 seconds: Joined    100 of    997
     40.82 seconds: Joined    200 of    997
     44.62 seconds: Joined    300 of    997
     49.92 seconds: Joined    400 of    997
     55.00 seconds: Joined    500 of    997
     57.81 seconds: Joined    600 of    997
     61.13 seconds: Joined    700 of    997
     64.17 seconds: Joined    800 of    997
     68.85 seconds: Joined    900 of    997
Initial topology in 72.23 seconds
Refining topology: 40 rounds ME-NNIs, 2 rounds ME-SPRs, 20 rounds ML-NNIs
     72.23 seconds: ME NNI round 1 of 40, 1 of 998 splits
     72.48 seconds: ME NNI round 1 of 40, 101 of 998 splits, 9 changes (max delta 0.001)
     72.76 seconds: ME NNI round 1 of 40, 201 of 998 splits, 22 changes (max delta 0.002)
     73.00 seconds: ME NNI round 1 of 40, 301 of 998 splits, 29 changes (max delta 0.002)
     73.26 seconds: ME NNI round 1 of 40, 401 of 998 splits, 44 changes (max delta 0.003)
     73.54 seconds: ME NNI round 1 of 40, 501 of 998 splits, 76 changes (max delta 0.008)
     73.83 seconds: ME NNI round 1 of 40, 601 of 998 splits, 99 changes (max delta 0.008)
     74.09 seconds: ME NNI round 1 of 40, 701 of 998 splits, 129 changes (max delta 0.008)
     74.37 seconds: ME NNI round 1 of 40, 801 of 998 splits, 165 changes (max delta 0.008)
     74.62 seconds: ME NNI round 1 of 40, 901 of 998 splits, 191 changes (max delta 0.008)
     74.87 seconds: ME NNI round 2 of 40, 1 of 998 splits
     75.13 seconds: ME NNI round 2 of 40, 101 of 998 splits, 9 changes (max delta 0.001)
     75.38 seconds: ME NNI round 2 of 40, 201 of 998 splits, 11 changes (max delta 0.001)
     75.66 seconds: ME NNI round 2 of 40, 301 of 998 splits, 32 changes (max delta 0.004)
     75.92 seconds: ME NNI round 2 of 40, 401 of 998 splits, 49 changes (max delta 0.004)
     76.19 seconds: ME NNI round 2 of 40, 501 of 998 splits, 74 changes (max delta 0.004)
     76.46 seconds: ME NNI round 2 of 40, 601 of 998 splits, 94 changes (max delta 0.004)
     76.73 seconds: ME NNI round 2 of 40, 701 of 998 splits, 122 changes (max delta 0.005)
     76.98 seconds: ME NNI round 2 of 40, 801 of 998 splits, 131 changes (max delta 0.005)
     77.23 seconds: ME NNI round 2 of 40, 901 of 998 splits, 133 changes (max delta 0.005)
     77.45 seconds: ME NNI round 3 of 40, 1 of 998 splits
     77.75 seconds: ME NNI round 3 of 40, 101 of 998 splits, 9 changes (max delta 0.008)
     78.01 seconds: ME NNI round 3 of 40, 201 of 998 splits, 19 changes (max delta 0.008)
     78.27 seconds: ME NNI round 3 of 40, 301 of 998 splits, 34 changes (max delta 0.008)
     78.52 seconds: ME NNI round 3 of 40, 401 of 998 splits, 46 changes (max delta 0.008)
     78.79 seconds: ME NNI round 3 of 40, 501 of 998 splits, 60 changes (max delta 0.008)
     79.05 seconds: ME NNI round 3 of 40, 601 of 998 splits, 66 changes (max delta 0.008)
     79.21 seconds: ME NNI round 4 of 40, 1 of 998 splits
     79.50 seconds: ME NNI round 4 of 40, 101 of 998 splits, 13 changes (max delta 0.003)
     79.77 seconds: ME NNI round 4 of 40, 201 of 998 splits, 27 changes (max delta 0.003)
     80.03 seconds: ME NNI round 4 of 40, 301 of 998 splits, 35 changes (max delta 0.003)
     80.28 seconds: ME NNI round 4 of 40, 401 of 998 splits, 41 changes (max delta 0.003)
     80.54 seconds: ME NNI round 5 of 40, 1 of 998 splits
     80.84 seconds: ME NNI round 5 of 40, 101 of 998 splits, 12 changes (max delta 0.003)
     81.12 seconds: ME NNI round 5 of 40, 201 of 998 splits, 24 changes (max delta 0.003)
     81.38 seconds: ME NNI round 5 of 40, 301 of 998 splits, 32 changes (max delta 0.003)
     81.51 seconds: ME NNI round 6 of 40, 1 of 998 splits
     81.81 seconds: ME NNI round 6 of 40, 101 of 998 splits, 12 changes (max delta 0.003)
     82.07 seconds: ME NNI round 6 of 40, 201 of 998 splits, 21 changes (max delta 0.003)
     82.31 seconds: ME NNI round 7 of 40, 1 of 998 splits
     82.62 seconds: ME NNI round 7 of 40, 101 of 998 splits, 18 changes (max delta 0.001)
     82.91 seconds: ME NNI round 7 of 40, 201 of 998 splits, 24 changes (max delta 0.001)
     83.03 seconds: ME NNI round 8 of 40, 1 of 998 splits
     83.35 seconds: ME NNI round 8 of 40, 101 of 998 splits, 17 changes (max delta 0.002)
     83.54 seconds: ME NNI round 9 of 40, 1 of 998 splits
     83.84 seconds: ME NNI round 9 of 40, 101 of 998 splits, 9 changes (max delta 0.001)
     83.99 seconds: ME NNI round 10 of 40, 1 of 998 splits
     84.30 seconds: ME NNI round 10 of 40, 101 of 998 splits, 10 changes (max delta 0.001)
     84.64 seconds: ME NNI round 11 of 40, 101 of 998 splits, 5 changes (max delta 0.000)
     84.94 seconds: ME NNI round 13 of 40, 1 of 998 splits
     85.16 seconds: SPR round   1 of   2, 1 of 1998 nodes
     90.17 seconds: SPR round   1 of   2, 101 of 1998 nodes
     95.06 seconds: SPR round   1 of   2, 201 of 1998 nodes
     99.57 seconds: SPR round   1 of   2, 301 of 1998 nodes
    103.58 seconds: SPR round   1 of   2, 401 of 1998 nodes
    108.80 seconds: SPR round   1 of   2, 501 of 1998 nodes
    114.43 seconds: SPR round   1 of   2, 601 of 1998 nodes
    119.27 seconds: SPR round   1 of   2, 701 of 1998 nodes
    124.10 seconds: SPR round   1 of   2, 801 of 1998 nodes
    129.61 seconds: SPR round   1 of   2, 901 of 1998 nodes
    134.17 seconds: SPR round   1 of   2, 1001 of 1998 nodes
    138.14 seconds: SPR round   1 of   2, 1101 of 1998 nodes
    142.88 seconds: SPR round   1 of   2, 1201 of 1998 nodes
    147.62 seconds: SPR round   1 of   2, 1301 of 1998 nodes
    152.72 seconds: SPR round   1 of   2, 1401 of 1998 nodes
    158.02 seconds: SPR round   1 of   2, 1501 of 1998 nodes
    163.00 seconds: SPR round   1 of   2, 1601 of 1998 nodes
    167.59 seconds: SPR round   1 of   2, 1701 of 1998 nodes
    174.09 seconds: SPR round   1 of   2, 1801 of 1998 nodes
    178.95 seconds: SPR round   1 of   2, 1901 of 1998 nodes
    183.66 seconds: ME NNI round 14 of 40, 1 of 998 splits
    183.90 seconds: ME NNI round 14 of 40, 101 of 998 splits, 2 changes (max delta 0.000)
    184.16 seconds: ME NNI round 14 of 40, 201 of 998 splits, 3 changes (max delta 0.000)
    184.41 seconds: ME NNI round 14 of 40, 301 of 998 splits, 4 changes (max delta 0.000)
    184.65 seconds: ME NNI round 14 of 40, 401 of 998 splits, 6 changes (max delta 0.000)
    184.93 seconds: ME NNI round 14 of 40, 501 of 998 splits, 6 changes (max delta 0.000)
    185.18 seconds: ME NNI round 14 of 40, 601 of 998 splits, 15 changes (max delta 0.003)
    185.43 seconds: ME NNI round 14 of 40, 701 of 998 splits, 21 changes (max delta 0.003)
    185.69 seconds: ME NNI round 14 of 40, 801 of 998 splits, 23 changes (max delta 0.003)
    185.94 seconds: ME NNI round 14 of 40, 901 of 998 splits, 29 changes (max delta 0.003)
    186.19 seconds: ME NNI round 15 of 40, 1 of 998 splits
    186.42 seconds: ME NNI round 15 of 40, 101 of 998 splits, 0 changes
    186.67 seconds: ME NNI round 15 of 40, 201 of 998 splits, 0 changes
    186.91 seconds: ME NNI round 15 of 40, 301 of 998 splits, 0 changes
    187.17 seconds: ME NNI round 15 of 40, 401 of 998 splits, 1 changes (max delta 0.000)
    187.44 seconds: ME NNI round 15 of 40, 501 of 998 splits, 2 changes (max delta 0.000)
    187.69 seconds: ME NNI round 15 of 40, 601 of 998 splits, 3 changes (max delta 0.001)
    187.93 seconds: ME NNI round 15 of 40, 701 of 998 splits, 8 changes (max delta 0.001)
    188.19 seconds: ME NNI round 15 of 40, 801 of 998 splits, 11 changes (max delta 0.001)
    188.45 seconds: ME NNI round 15 of 40, 901 of 998 splits, 13 changes (max delta 0.001)
    188.68 seconds: ME NNI round 16 of 40, 1 of 998 splits
    189.00 seconds: ME NNI round 16 of 40, 101 of 998 splits, 7 changes (max delta 0.001)
    189.27 seconds: ME NNI round 16 of 40, 201 of 998 splits, 10 changes (max delta 0.001)
    189.60 seconds: ME NNI round 17 of 40, 101 of 998 splits, 7 changes (max delta 0.001)
    190.02 seconds: ME NNI round 18 of 40, 101 of 998 splits, 6 changes (max delta 0.001)
    190.43 seconds: ME NNI round 19 of 40, 101 of 998 splits, 2 changes (max delta 0.001)
    190.69 seconds: SPR round   2 of   2, 1 of 1998 nodes
    195.90 seconds: SPR round   2 of   2, 101 of 1998 nodes
    200.63 seconds: SPR round   2 of   2, 201 of 1998 nodes
    206.02 seconds: SPR round   2 of   2, 301 of 1998 nodes
    211.65 seconds: SPR round   2 of   2, 401 of 1998 nodes
    216.59 seconds: SPR round   2 of   2, 501 of 1998 nodes
    221.52 seconds: SPR round   2 of   2, 601 of 1998 nodes
    225.93 seconds: SPR round   2 of   2, 701 of 1998 nodes
    230.42 seconds: SPR round   2 of   2, 801 of 1998 nodes
    235.64 seconds: SPR round   2 of   2, 901 of 1998 nodes
    240.65 seconds: SPR round   2 of   2, 1001 of 1998 nodes
    245.85 seconds: SPR round   2 of   2, 1101 of 1998 nodes
    250.27 seconds: SPR round   2 of   2, 1201 of 1998 nodes
    255.12 seconds: SPR round   2 of   2, 1301 of 1998 nodes
    258.94 seconds: SPR round   2 of   2, 1401 of 1998 nodes
    264.37 seconds: SPR round   2 of   2, 1501 of 1998 nodes
    269.83 seconds: SPR round   2 of   2, 1601 of 1998 nodes
    275.08 seconds: SPR round   2 of   2, 1701 of 1998 nodes
    279.62 seconds: SPR round   2 of   2, 1801 of 1998 nodes
    285.71 seconds: SPR round   2 of   2, 1901 of 1998 nodes
    291.40 seconds: ME NNI round 27 of 40, 1 of 998 splits
    291.65 seconds: ME NNI round 27 of 40, 101 of 998 splits, 2 changes (max delta 0.001)
    291.91 seconds: ME NNI round 27 of 40, 201 of 998 splits, 2 changes (max delta 0.001)
    292.19 seconds: ME NNI round 27 of 40, 301 of 998 splits, 2 changes (max delta 0.001)
    292.45 seconds: ME NNI round 27 of 40, 401 of 998 splits, 4 changes (max delta 0.001)
    292.71 seconds: ME NNI round 27 of 40, 501 of 998 splits, 6 changes (max delta 0.001)
    292.98 seconds: ME NNI round 27 of 40, 601 of 998 splits, 8 changes (max delta 0.001)
    293.23 seconds: ME NNI round 27 of 40, 701 of 998 splits, 9 changes (max delta 0.001)
    293.50 seconds: ME NNI round 27 of 40, 801 of 998 splits, 10 changes (max delta 0.001)
    293.77 seconds: ME NNI round 27 of 40, 901 of 998 splits, 13 changes (max delta 0.001)
    294.02 seconds: ME NNI round 28 of 40, 1 of 998 splits
    294.28 seconds: ME NNI round 28 of 40, 101 of 998 splits, 0 changes
    294.54 seconds: ME NNI round 28 of 40, 201 of 998 splits, 0 changes
    294.82 seconds: ME NNI round 28 of 40, 301 of 998 splits, 0 changes
    295.07 seconds: ME NNI round 28 of 40, 401 of 998 splits, 1 changes (max delta 0.000)
    295.32 seconds: ME NNI round 28 of 40, 501 of 998 splits, 2 changes (max delta 0.000)
    295.58 seconds: ME NNI round 28 of 40, 601 of 998 splits, 2 changes (max delta 0.000)
    295.84 seconds: ME NNI round 28 of 40, 701 of 998 splits, 2 changes (max delta 0.000)
    296.10 seconds: ME NNI round 28 of 40, 801 of 998 splits, 2 changes (max delta 0.000)
    296.36 seconds: ME NNI round 28 of 40, 901 of 998 splits, 3 changes (max delta 0.000)
    296.61 seconds: ME NNI round 29 of 40, 1 of 998 splits
    296.94 seconds: ME NNI round 29 of 40, 101 of 998 splits, 1 changes (max delta 0.000)
    297.06 seconds: ME NNI round 30 of 40, 1 of 998 splits
Total branch-length 42.418 after 300.40 sec
    300.91 seconds: ML Lengths 1 of 998 splits
    303.79 seconds: ML Lengths 101 of 998 splits
    306.70 seconds: ML Lengths 201 of 998 splits
    309.59 seconds: ML Lengths 301 of 998 splits
    312.48 seconds: ML Lengths 401 of 998 splits
    315.41 seconds: ML Lengths 501 of 998 splits
    318.27 seconds: ML Lengths 601 of 998 splits
    321.22 seconds: ML Lengths 701 of 998 splits
    324.17 seconds: ML Lengths 801 of 998 splits
    327.09 seconds: ML Lengths 901 of 998 splits
    330.00 seconds: ML NNI round 1 of 20, 1 of 998 splits
    338.39 seconds: ML NNI round 1 of 20, 101 of 998 splits, 25 changes (max delta 64.749)
    347.27 seconds: ML NNI round 1 of 20, 201 of 998 splits, 49 changes (max delta 64.749)
    355.90 seconds: ML NNI round 1 of 20, 301 of 998 splits, 75 changes (max delta 64.749)
    364.35 seconds: ML NNI round 1 of 20, 401 of 998 splits, 99 changes (max delta 64.749)
    373.43 seconds: ML NNI round 1 of 20, 501 of 998 splits, 127 changes (max delta 64.749)
    382.24 seconds: ML NNI round 1 of 20, 601 of 998 splits, 146 changes (max delta 64.749)
    391.06 seconds: ML NNI round 1 of 20, 701 of 998 splits, 174 changes (max delta 64.749)
    400.10 seconds: ML NNI round 1 of 20, 801 of 998 splits, 204 changes (max delta 64.749)
    408.63 seconds: ML NNI round 1 of 20, 901 of 998 splits, 221 changes (max delta 64.749)
ML-NNI round 1: LogLk = -2292688.581 NNIs 253 max delta 161.41 Time 417.92
    417.95 seconds: Optimizing GTR model, step 1 of 12
    434.10 seconds: Optimizing GTR model, step 2 of 12
    452.02 seconds: Optimizing GTR model, step 3 of 12
    473.66 seconds: Optimizing GTR model, step 4 of 12
    493.77 seconds: Optimizing GTR model, step 5 of 12
    510.97 seconds: Optimizing GTR model, step 6 of 12
    529.02 seconds: Optimizing GTR model, step 7 of 12
    542.05 seconds: Optimizing GTR model, step 8 of 12
    555.51 seconds: Optimizing GTR model, step 9 of 12
    567.22 seconds: Optimizing GTR model, step 10 of 12
    578.59 seconds: Optimizing GTR model, step 11 of 12
    589.91 seconds: Optimizing GTR model, step 12 of 12
GTR Frequencies: 0.3633 0.1759 0.2390 0.2218
GTR rates(ac ag at cg ct gt) 1.8785 4.3848 0.9553 0.9162 5.2393 1.0000
    602.22 seconds: ML Lengths 1 of 998 splits
    605.49 seconds: ML Lengths 101 of 998 splits
    608.82 seconds: ML Lengths 201 of 998 splits
    612.16 seconds: ML Lengths 301 of 998 splits
    615.47 seconds: ML Lengths 401 of 998 splits
    618.75 seconds: ML Lengths 501 of 998 splits
    621.99 seconds: ML Lengths 601 of 998 splits
    625.26 seconds: ML Lengths 701 of 998 splits
    628.51 seconds: ML Lengths 801 of 998 splits
    631.85 seconds: ML Lengths 901 of 998 splits
    636.40 seconds: Site likelihoods with rate category 1 of 20
    637.71 seconds: Site likelihoods with rate category 2 of 20
    639.05 seconds: Site likelihoods with rate category 3 of 20
    640.37 seconds: Site likelihoods with rate category 4 of 20
    641.68 seconds: Site likelihoods with rate category 5 of 20
    643.05 seconds: Site likelihoods with rate category 6 of 20
    644.36 seconds: Site likelihoods with rate category 7 of 20
    645.72 seconds: Site likelihoods with rate category 8 of 20
    647.04 seconds: Site likelihoods with rate category 9 of 20
    648.37 seconds: Site likelihoods with rate category 10 of 20
    649.69 seconds: Site likelihoods with rate category 11 of 20
    651.03 seconds: Site likelihoods with rate category 12 of 20
    652.36 seconds: Site likelihoods with rate category 13 of 20
    653.69 seconds: Site likelihoods with rate category 14 of 20
    655.06 seconds: Site likelihoods with rate category 15 of 20
    656.38 seconds: Site likelihoods with rate category 16 of 20
    657.74 seconds: Site likelihoods with rate category 17 of 20
    659.06 seconds: Site likelihoods with rate category 18 of 20
    660.40 seconds: Site likelihoods with rate category 19 of 20
    661.73 seconds: Site likelihoods with rate category 20 of 20
Switched to using 20 rate categories (CAT approximation)
Rate categories were divided by 1.048 so that average rate = 1.0
CAT-based log-likelihoods may not be comparable across runs
    663.68 seconds: ML NNI round 2 of 20, 1 of 998 splits
    673.38 seconds: ML NNI round 2 of 20, 101 of 998 splits, 21 changes (max delta 11.973)
    681.46 seconds: ML NNI round 2 of 20, 201 of 998 splits, 35 changes (max delta 17.304)
    690.07 seconds: ML NNI round 2 of 20, 301 of 998 splits, 51 changes (max delta 22.062)
    697.65 seconds: ML NNI round 2 of 20, 401 of 998 splits, 65 changes (max delta 22.062)
    706.41 seconds: ML NNI round 2 of 20, 501 of 998 splits, 82 changes (max delta 22.062)
    715.34 seconds: ML NNI round 2 of 20, 601 of 998 splits, 105 changes (max delta 28.922)
    721.40 seconds: ML NNI round 2 of 20, 701 of 998 splits, 116 changes (max delta 28.922)
    729.80 seconds: ML NNI round 2 of 20, 801 of 998 splits, 133 changes (max delta 28.922)
    737.52 seconds: ML NNI round 2 of 20, 901 of 998 splits, 145 changes (max delta 28.922)
ML-NNI round 2: LogLk = -1819691.944 NNIs 165 max delta 28.92 Time 746.47
    746.47 seconds: ML NNI round 3 of 20, 1 of 998 splits
    754.91 seconds: ML NNI round 3 of 20, 101 of 998 splits, 11 changes (max delta 13.253)
    762.02 seconds: ML NNI round 3 of 20, 201 of 998 splits, 16 changes (max delta 13.253)
    768.79 seconds: ML NNI round 3 of 20, 301 of 998 splits, 25 changes (max delta 13.253)
    775.31 seconds: ML NNI round 3 of 20, 401 of 998 splits, 37 changes (max delta 27.608)
    781.85 seconds: ML NNI round 3 of 20, 501 of 998 splits, 44 changes (max delta 27.608)
    787.91 seconds: ML NNI round 3 of 20, 601 of 998 splits, 56 changes (max delta 27.608)
    793.30 seconds: ML NNI round 3 of 20, 701 of 998 splits, 61 changes (max delta 27.608)
ML-NNI round 3: LogLk = -1819166.894 NNIs 70 max delta 27.61 Time 800.60
    800.60 seconds: ML NNI round 4 of 20, 1 of 998 splits
    807.04 seconds: ML NNI round 4 of 20, 101 of 998 splits, 6 changes (max delta 10.845)
    812.35 seconds: ML NNI round 4 of 20, 201 of 998 splits, 12 changes (max delta 10.845)
    817.77 seconds: ML NNI round 4 of 20, 301 of 998 splits, 17 changes (max delta 13.616)
    821.94 seconds: ML NNI round 4 of 20, 401 of 998 splits, 20 changes (max delta 13.616)
    824.95 seconds: ML NNI round 4 of 20, 501 of 998 splits, 23 changes (max delta 13.616)
    830.94 seconds: ML NNI round 4 of 20, 601 of 998 splits, 27 changes (max delta 13.616)
ML-NNI round 4: LogLk = -1818974.026 NNIs 30 max delta 13.62 Time 832.83
    832.82 seconds: ML NNI round 5 of 20, 1 of 998 splits
    837.65 seconds: ML NNI round 5 of 20, 101 of 998 splits, 2 changes (max delta 6.777)
    842.80 seconds: ML NNI round 5 of 20, 201 of 998 splits, 6 changes (max delta 11.298)
    845.45 seconds: ML NNI round 5 of 20, 301 of 998 splits, 8 changes (max delta 17.226)
ML-NNI round 5: LogLk = -1818888.955 NNIs 11 max delta 17.23 Time 849.30
    849.30 seconds: ML NNI round 6 of 20, 1 of 998 splits
    852.82 seconds: ML NNI round 6 of 20, 101 of 998 splits, 3 changes (max delta 1.873)
    855.62 seconds: ML NNI round 6 of 20, 201 of 998 splits, 5 changes (max delta 5.055)
ML-NNI round 6: LogLk = -1818873.490 NNIs 5 max delta 5.05 Time 857.09
    857.09 seconds: ML NNI round 7 of 20, 1 of 998 splits
ML-NNI round 7: LogLk = -1818835.475 NNIs 6 max delta 10.52 Time 861.89
    861.88 seconds: ML NNI round 8 of 20, 1 of 998 splits
ML-NNI round 8: LogLk = -1818831.834 NNIs 2 max delta 1.71 Time 865.35
    865.34 seconds: ML NNI round 9 of 20, 1 of 998 splits
ML-NNI round 9: LogLk = -1818817.573 NNIs 5 max delta 8.74 Time 867.63
    867.62 seconds: ML NNI round 10 of 20, 1 of 998 splits
ML-NNI round 10: LogLk = -1818792.732 NNIs 3 max delta 8.35 Time 870.12
    870.12 seconds: ML NNI round 11 of 20, 1 of 998 splits
ML-NNI round 11: LogLk = -1818773.869 NNIs 0 max delta 0.00 Time 872.03
Turning off heuristics for final round of ML NNIs (converged)
    872.03 seconds: ML NNI round 12 of 20, 1 of 998 splits
    884.92 seconds: ML NNI round 12 of 20, 101 of 998 splits, 11 changes (max delta 10.875)
    897.24 seconds: ML NNI round 12 of 20, 201 of 998 splits, 15 changes (max delta 13.519)
    909.30 seconds: ML NNI round 12 of 20, 301 of 998 splits, 18 changes (max delta 13.519)
    920.43 seconds: ML NNI round 12 of 20, 401 of 998 splits, 24 changes (max delta 13.519)
    931.56 seconds: ML NNI round 12 of 20, 501 of 998 splits, 26 changes (max delta 13.519)
    942.98 seconds: ML NNI round 12 of 20, 601 of 998 splits, 30 changes (max delta 13.519)
    954.61 seconds: ML NNI round 12 of 20, 701 of 998 splits, 46 changes (max delta 31.602)
    966.34 seconds: ML NNI round 12 of 20, 801 of 998 splits, 55 changes (max delta 31.602)
    978.79 seconds: ML NNI round 12 of 20, 901 of 998 splits, 71 changes (max delta 31.602)
ML-NNI round 12: LogLk = -1817210.230 NNIs 80 max delta 31.60 Time 991.12 (final)
    991.11 seconds: ML Lengths 1 of 998 splits
    994.09 seconds: ML Lengths 101 of 998 splits
    997.04 seconds: ML Lengths 201 of 998 splits
    999.95 seconds: ML Lengths 301 of 998 splits
   1002.90 seconds: ML Lengths 401 of 998 splits
   1005.84 seconds: ML Lengths 501 of 998 splits
   1008.75 seconds: ML Lengths 601 of 998 splits
   1011.72 seconds: ML Lengths 701 of 998 splits
   1014.65 seconds: ML Lengths 801 of 998 splits
   1017.63 seconds: ML Lengths 901 of 998 splits
Optimize all lengths: LogLk = -1817197.984 Time 1020.82
   1038.17 seconds: ML split tests for    100 of    997 internal splits
   1055.19 seconds: ML split tests for    200 of    997 internal splits
   1072.24 seconds: ML split tests for    300 of    997 internal splits
   1088.71 seconds: ML split tests for    400 of    997 internal splits
   1105.18 seconds: ML split tests for    500 of    997 internal splits
   1121.53 seconds: ML split tests for    600 of    997 internal splits
   1137.96 seconds: ML split tests for    700 of    997 internal splits
   1154.49 seconds: ML split tests for    800 of    997 internal splits
   1171.32 seconds: ML split tests for    900 of    997 internal splits
   1189.22 seconds: Site likelihoods with rate category 1 of 20
   1190.54 seconds: Site likelihoods with rate category 2 of 20
   1191.87 seconds: Site likelihoods with rate category 3 of 20
   1193.19 seconds: Site likelihoods with rate category 4 of 20
   1194.51 seconds: Site likelihoods with rate category 5 of 20
   1195.82 seconds: Site likelihoods with rate category 6 of 20
   1197.13 seconds: Site likelihoods with rate category 7 of 20
   1198.67 seconds: Site likelihoods with rate category 8 of 20
   1200.10 seconds: Site likelihoods with rate category 9 of 20
   1201.49 seconds: Site likelihoods with rate category 10 of 20
   1202.87 seconds: Site likelihoods with rate category 11 of 20
   1204.31 seconds: Site likelihoods with rate category 12 of 20
   1205.68 seconds: Site likelihoods with rate category 13 of 20
   1207.16 seconds: Site likelihoods with rate category 14 of 20
   1208.50 seconds: Site likelihoods with rate category 15 of 20
   1209.95 seconds: Site likelihoods with rate category 16 of 20
   1211.30 seconds: Site likelihoods with rate category 17 of 20
   1212.78 seconds: Site likelihoods with rate category 18 of 20
   1214.13 seconds: Site likelihoods with rate category 19 of 20
   1215.57 seconds: Site likelihoods with rate category 20 of 20
   1217.20 seconds: Optimizing alpha round 2
   1217.54 seconds: Optimizing alpha round 3
   1217.87 seconds: Optimizing alpha round 4
Gamma(20) LogLk = -1833565.468 alpha = 0.295 rescaling lengths by 2.232
Total time: 1218.22 seconds Unique: 1000/1000 Bad splits: 19/997 Worst delta-LogLk 7.633
