FastTree Version 2.1.11 Double precision (No SSE3)
Alignment: standard input
Nucleotide distances: Jukes-Cantor Joins: balanced Support: SH-like 1000
Search: Normal +NNI +SPR (2 rounds range 10) +ML-NNI opt-each=1
TopHits: 1.00*sqrtN close=default refresh=0.80
ML Model: Generalized Time-Reversible, CAT approximation with 20 rate categories
Ignored unknown character B (seen 2 times)
Ignored unknown character D (seen 9 times)
Ignored unknown character H (seen 7 times)
Ignored unknown character K (seen 252 times)
Ignored unknown character M (seen 381 times)
Ignored unknown character R (seen 1962 times)
Ignored unknown character S (seen 89 times)
Ignored unknown character V (seen 3 times)
Ignored unknown character W (seen 249 times)
Ignored unknown character X (seen 239 times)
Ignored unknown character Y (seen 893 times)
      3.57 seconds: Top hits for    257 of   1000 seqs (at seed    100)
      5.12 seconds: Top hits for    332 of   1000 seqs (at seed    200)
      7.26 seconds: Top hits for    437 of   1000 seqs (at seed    300)
      9.41 seconds: Top hits for    539 of   1000 seqs (at seed    400)
     11.34 seconds: Top hits for    639 of   1000 seqs (at seed    500)
     12.86 seconds: Top hits for    702 of   1000 seqs (at seed    600)
     14.43 seconds: Top hits for    777 of   1000 seqs (at seed    700)
     16.14 seconds: Top hits for    853 of   1000 seqs (at seed    800)
     18.12 seconds: Top hits for    934 of   1000 seqs (at seed    900)
     19.67 seconds: Checking top hits for      1 of   1000 seqs
     22.95 seconds: Joined    100 of    997
     25.94 seconds: Joined    200 of    997
     28.65 seconds: Joined    300 of    997
     32.54 seconds: Joined    400 of    997
     35.95 seconds: Joined    500 of    997
     37.64 seconds: Joined    600 of    997
     39.85 seconds: Joined    700 of    997
     41.83 seconds: Joined    800 of    997
     44.21 seconds: Joined    900 of    997
Initial topology in 46.83 seconds
Refining topology: 40 rounds ME-NNIs, 2 rounds ME-SPRs, 20 rounds ML-NNIs
     46.82 seconds: ME NNI round 1 of 40, 1 of 998 splits
     47.02 seconds: ME NNI round 1 of 40, 101 of 998 splits, 7 changes (max delta 0.001)
     47.17 seconds: ME NNI round 1 of 40, 201 of 998 splits, 16 changes (max delta 0.003)
     47.36 seconds: ME NNI round 1 of 40, 301 of 998 splits, 35 changes (max delta 0.005)
     47.56 seconds: ME NNI round 1 of 40, 401 of 998 splits, 71 changes (max delta 0.005)
     47.73 seconds: ME NNI round 1 of 40, 501 of 998 splits, 102 changes (max delta 0.005)
     47.91 seconds: ME NNI round 1 of 40, 601 of 998 splits, 135 changes (max delta 0.005)
     48.07 seconds: ME NNI round 1 of 40, 701 of 998 splits, 165 changes (max delta 0.010)
     48.26 seconds: ME NNI round 1 of 40, 801 of 998 splits, 183 changes (max delta 0.010)
     48.44 seconds: ME NNI round 1 of 40, 901 of 998 splits, 201 changes (max delta 0.010)
     48.60 seconds: ME NNI round 2 of 40, 1 of 998 splits
     48.77 seconds: ME NNI round 2 of 40, 101 of 998 splits, 3 changes (max delta 0.000)
     48.97 seconds: ME NNI round 2 of 40, 201 of 998 splits, 22 changes (max delta 0.005)
     49.16 seconds: ME NNI round 2 of 40, 301 of 998 splits, 40 changes (max delta 0.005)
     49.35 seconds: ME NNI round 2 of 40, 401 of 998 splits, 58 changes (max delta 0.005)
     49.53 seconds: ME NNI round 2 of 40, 501 of 998 splits, 75 changes (max delta 0.005)
     49.72 seconds: ME NNI round 2 of 40, 601 of 998 splits, 92 changes (max delta 0.005)
     49.90 seconds: ME NNI round 2 of 40, 701 of 998 splits, 102 changes (max delta 0.005)
     50.07 seconds: ME NNI round 2 of 40, 801 of 998 splits, 109 changes (max delta 0.005)
     50.23 seconds: ME NNI round 2 of 40, 901 of 998 splits, 111 changes (max delta 0.005)
     50.40 seconds: ME NNI round 3 of 40, 1 of 998 splits
     50.60 seconds: ME NNI round 3 of 40, 101 of 998 splits, 18 changes (max delta 0.003)
     50.77 seconds: ME NNI round 3 of 40, 201 of 998 splits, 30 changes (max delta 0.003)
     50.96 seconds: ME NNI round 3 of 40, 301 of 998 splits, 52 changes (max delta 0.003)
     51.14 seconds: ME NNI round 3 of 40, 401 of 998 splits, 65 changes (max delta 0.004)
     51.32 seconds: ME NNI round 3 of 40, 501 of 998 splits, 75 changes (max delta 0.004)
     51.50 seconds: ME NNI round 3 of 40, 601 of 998 splits, 84 changes (max delta 0.004)
     51.69 seconds: ME NNI round 3 of 40, 701 of 998 splits, 90 changes (max delta 0.004)
     51.90 seconds: ME NNI round 4 of 40, 101 of 998 splits, 9 changes (max delta 0.004)
     52.09 seconds: ME NNI round 4 of 40, 201 of 998 splits, 26 changes (max delta 0.007)
     52.28 seconds: ME NNI round 4 of 40, 301 of 998 splits, 47 changes (max delta 0.007)
     52.46 seconds: ME NNI round 4 of 40, 401 of 998 splits, 56 changes (max delta 0.007)
     52.64 seconds: ME NNI round 5 of 40, 1 of 998 splits
     52.85 seconds: ME NNI round 5 of 40, 101 of 998 splits, 9 changes (max delta 0.002)
     53.05 seconds: ME NNI round 5 of 40, 201 of 998 splits, 31 changes (max delta 0.006)
     53.25 seconds: ME NNI round 5 of 40, 301 of 998 splits, 44 changes (max delta 0.006)
     53.42 seconds: ME NNI round 6 of 40, 1 of 998 splits
     53.64 seconds: ME NNI round 6 of 40, 101 of 998 splits, 14 changes (max delta 0.001)
     53.82 seconds: ME NNI round 6 of 40, 201 of 998 splits, 23 changes (max delta 0.001)
     54.02 seconds: ME NNI round 6 of 40, 301 of 998 splits, 35 changes (max delta 0.001)
     54.28 seconds: ME NNI round 7 of 40, 101 of 998 splits, 11 changes (max delta 0.001)
     54.47 seconds: ME NNI round 7 of 40, 201 of 998 splits, 27 changes (max delta 0.003)
     54.59 seconds: ME NNI round 8 of 40, 1 of 998 splits
     54.80 seconds: ME NNI round 8 of 40, 101 of 998 splits, 7 changes (max delta 0.001)
     54.99 seconds: ME NNI round 8 of 40, 201 of 998 splits, 12 changes (max delta 0.001)
     55.28 seconds: ME NNI round 9 of 40, 101 of 998 splits, 8 changes (max delta 0.001)
     55.47 seconds: ME NNI round 10 of 40, 1 of 998 splits
     55.70 seconds: ME NNI round 10 of 40, 101 of 998 splits, 11 changes (max delta 0.003)
     56.00 seconds: ME NNI round 11 of 40, 101 of 998 splits, 10 changes (max delta 0.001)
     56.23 seconds: ME NNI round 12 of 40, 101 of 998 splits, 5 changes (max delta 0.000)
     56.40 seconds: SPR round   1 of   2, 1 of 1998 nodes
     59.58 seconds: SPR round   1 of   2, 101 of 1998 nodes
     63.19 seconds: SPR round   1 of   2, 201 of 1998 nodes
     66.39 seconds: SPR round   1 of   2, 301 of 1998 nodes
     69.80 seconds: SPR round   1 of   2, 401 of 1998 nodes
     73.79 seconds: SPR round   1 of   2, 501 of 1998 nodes
     77.17 seconds: SPR round   1 of   2, 601 of 1998 nodes
     80.50 seconds: SPR round   1 of   2, 701 of 1998 nodes
     83.69 seconds: SPR round   1 of   2, 801 of 1998 nodes
     86.53 seconds: SPR round   1 of   2, 901 of 1998 nodes
     89.51 seconds: SPR round   1 of   2, 1001 of 1998 nodes
     92.70 seconds: SPR round   1 of   2, 1101 of 1998 nodes
     95.77 seconds: SPR round   1 of   2, 1201 of 1998 nodes
     98.46 seconds: SPR round   1 of   2, 1301 of 1998 nodes
    101.49 seconds: SPR round   1 of   2, 1401 of 1998 nodes
    104.80 seconds: SPR round   1 of   2, 1501 of 1998 nodes
    107.88 seconds: SPR round   1 of   2, 1601 of 1998 nodes
    111.42 seconds: SPR round   1 of   2, 1701 of 1998 nodes
    114.88 seconds: SPR round   1 of   2, 1801 of 1998 nodes
    118.21 seconds: SPR round   1 of   2, 1901 of 1998 nodes
    121.98 seconds: ME NNI round 14 of 40, 1 of 998 splits
    122.14 seconds: ME NNI round 14 of 40, 101 of 998 splits, 0 changes
    122.31 seconds: ME NNI round 14 of 40, 201 of 998 splits, 5 changes (max delta 0.002)
    122.48 seconds: ME NNI round 14 of 40, 301 of 998 splits, 6 changes (max delta 0.002)
    122.65 seconds: ME NNI round 14 of 40, 401 of 998 splits, 8 changes (max delta 0.002)
    122.82 seconds: ME NNI round 14 of 40, 501 of 998 splits, 10 changes (max delta 0.002)
    122.98 seconds: ME NNI round 14 of 40, 601 of 998 splits, 12 changes (max delta 0.002)
    123.14 seconds: ME NNI round 14 of 40, 701 of 998 splits, 13 changes (max delta 0.002)
    123.30 seconds: ME NNI round 14 of 40, 801 of 998 splits, 16 changes (max delta 0.002)
    123.46 seconds: ME NNI round 14 of 40, 901 of 998 splits, 18 changes (max delta 0.002)
    123.61 seconds: ME NNI round 15 of 40, 1 of 998 splits
    123.77 seconds: ME NNI round 15 of 40, 101 of 998 splits, 2 changes (max delta 0.000)
    123.93 seconds: ME NNI round 15 of 40, 201 of 998 splits, 2 changes (max delta 0.000)
    124.09 seconds: ME NNI round 15 of 40, 301 of 998 splits, 2 changes (max delta 0.000)
    124.24 seconds: ME NNI round 15 of 40, 401 of 998 splits, 3 changes (max delta 0.000)
    124.42 seconds: ME NNI round 15 of 40, 501 of 998 splits, 6 changes (max delta 0.000)
    124.59 seconds: ME NNI round 15 of 40, 601 of 998 splits, 8 changes (max delta 0.000)
    124.75 seconds: ME NNI round 15 of 40, 701 of 998 splits, 10 changes (max delta 0.000)
    124.92 seconds: ME NNI round 15 of 40, 801 of 998 splits, 11 changes (max delta 0.000)
    125.08 seconds: ME NNI round 15 of 40, 901 of 998 splits, 11 changes (max delta 0.000)
    125.23 seconds: ME NNI round 16 of 40, 1 of 998 splits
    125.43 seconds: ME NNI round 16 of 40, 101 of 998 splits, 1 changes (max delta 0.000)
    125.65 seconds: SPR round   2 of   2, 1 of 1998 nodes
    129.09 seconds: SPR round   2 of   2, 101 of 1998 nodes
    132.37 seconds: SPR round   2 of   2, 201 of 1998 nodes
    135.60 seconds: SPR round   2 of   2, 301 of 1998 nodes
    139.51 seconds: SPR round   2 of   2, 401 of 1998 nodes
    142.43 seconds: SPR round   2 of   2, 501 of 1998 nodes
    145.76 seconds: SPR round   2 of   2, 601 of 1998 nodes
    148.83 seconds: SPR round   2 of   2, 701 of 1998 nodes
    152.27 seconds: SPR round   2 of   2, 801 of 1998 nodes
    156.04 seconds: SPR round   2 of   2, 901 of 1998 nodes
    159.07 seconds: SPR round   2 of   2, 1001 of 1998 nodes
    162.13 seconds: SPR round   2 of   2, 1101 of 1998 nodes
    165.51 seconds: SPR round   2 of   2, 1201 of 1998 nodes
    168.33 seconds: SPR round   2 of   2, 1301 of 1998 nodes
    172.06 seconds: SPR round   2 of   2, 1401 of 1998 nodes
    175.07 seconds: SPR round   2 of   2, 1501 of 1998 nodes
    177.88 seconds: SPR round   2 of   2, 1601 of 1998 nodes
    180.65 seconds: SPR round   2 of   2, 1701 of 1998 nodes
    183.78 seconds: SPR round   2 of   2, 1801 of 1998 nodes
    187.50 seconds: SPR round   2 of   2, 1901 of 1998 nodes
    190.91 seconds: ME NNI round 27 of 40, 1 of 998 splits
    191.07 seconds: ME NNI round 27 of 40, 101 of 998 splits, 0 changes
    191.24 seconds: ME NNI round 27 of 40, 201 of 998 splits, 1 changes (max delta 0.000)
    191.42 seconds: ME NNI round 27 of 40, 301 of 998 splits, 7 changes (max delta 0.001)
    191.59 seconds: ME NNI round 27 of 40, 401 of 998 splits, 7 changes (max delta 0.001)
    191.77 seconds: ME NNI round 27 of 40, 501 of 998 splits, 9 changes (max delta 0.001)
    191.94 seconds: ME NNI round 27 of 40, 601 of 998 splits, 10 changes (max delta 0.001)
    192.11 seconds: ME NNI round 27 of 40, 701 of 998 splits, 12 changes (max delta 0.001)
    192.28 seconds: ME NNI round 27 of 40, 801 of 998 splits, 14 changes (max delta 0.001)
    192.44 seconds: ME NNI round 27 of 40, 901 of 998 splits, 14 changes (max delta 0.001)
    192.59 seconds: ME NNI round 28 of 40, 1 of 998 splits
    192.78 seconds: ME NNI round 28 of 40, 101 of 998 splits, 0 changes
    192.95 seconds: ME NNI round 28 of 40, 201 of 998 splits, 0 changes
    193.12 seconds: ME NNI round 28 of 40, 301 of 998 splits, 1 changes (max delta 0.000)
    193.29 seconds: ME NNI round 28 of 40, 401 of 998 splits, 1 changes (max delta 0.000)
    193.47 seconds: ME NNI round 28 of 40, 501 of 998 splits, 1 changes (max delta 0.000)
    193.62 seconds: ME NNI round 28 of 40, 601 of 998 splits, 2 changes (max delta 0.000)
    193.78 seconds: ME NNI round 28 of 40, 701 of 998 splits, 3 changes (max delta 0.000)
    193.95 seconds: ME NNI round 28 of 40, 801 of 998 splits, 3 changes (max delta 0.000)
    194.11 seconds: ME NNI round 28 of 40, 901 of 998 splits, 4 changes (max delta 0.000)
    194.26 seconds: ME NNI round 29 of 40, 1 of 998 splits
    194.48 seconds: ME NNI round 29 of 40, 101 of 998 splits, 0 changes
Total branch-length 41.045 after 196.44 sec
    196.75 seconds: ML Lengths 1 of 998 splits
    198.27 seconds: ML Lengths 101 of 998 splits
    199.82 seconds: ML Lengths 201 of 998 splits
    201.41 seconds: ML Lengths 301 of 998 splits
    203.01 seconds: ML Lengths 401 of 998 splits
    204.60 seconds: ML Lengths 501 of 998 splits
    206.15 seconds: ML Lengths 601 of 998 splits
    207.69 seconds: ML Lengths 701 of 998 splits
    209.26 seconds: ML Lengths 801 of 998 splits
    210.82 seconds: ML Lengths 901 of 998 splits
    212.36 seconds: ML NNI round 1 of 20, 1 of 998 splits
    217.04 seconds: ML NNI round 1 of 20, 101 of 998 splits, 17 changes (max delta 32.750)
    221.74 seconds: ML NNI round 1 of 20, 201 of 998 splits, 35 changes (max delta 37.997)
    226.50 seconds: ML NNI round 1 of 20, 301 of 998 splits, 66 changes (max delta 49.286)
    231.24 seconds: ML NNI round 1 of 20, 401 of 998 splits, 85 changes (max delta 49.286)
    236.05 seconds: ML NNI round 1 of 20, 501 of 998 splits, 101 changes (max delta 49.286)
    240.90 seconds: ML NNI round 1 of 20, 601 of 998 splits, 121 changes (max delta 49.286)
    245.78 seconds: ML NNI round 1 of 20, 701 of 998 splits, 143 changes (max delta 49.286)
    250.85 seconds: ML NNI round 1 of 20, 801 of 998 splits, 177 changes (max delta 58.354)
    255.77 seconds: ML NNI round 1 of 20, 901 of 998 splits, 200 changes (max delta 58.354)
ML-NNI round 1: LogLk = -2160101.215 NNIs 224 max delta 58.35 Time 260.81
    260.82 seconds: Optimizing GTR model, step 1 of 12
    273.11 seconds: Optimizing GTR model, step 2 of 12
    287.86 seconds: Optimizing GTR model, step 3 of 12
    304.72 seconds: Optimizing GTR model, step 4 of 12
    320.34 seconds: Optimizing GTR model, step 5 of 12
    333.93 seconds: Optimizing GTR model, step 6 of 12
    348.91 seconds: Optimizing GTR model, step 7 of 12
    359.62 seconds: Optimizing GTR model, step 8 of 12
    370.44 seconds: Optimizing GTR model, step 9 of 12
    380.13 seconds: Optimizing GTR model, step 10 of 12
    390.14 seconds: Optimizing GTR model, step 11 of 12
    400.16 seconds: Optimizing GTR model, step 12 of 12
GTR Frequencies: 0.3638 0.1755 0.2388 0.2219
GTR rates(ac ag at cg ct gt) 1.7912 4.1538 0.9375 0.9722 5.0766 1.0000
    410.56 seconds: ML Lengths 1 of 998 splits
    412.40 seconds: ML Lengths 101 of 998 splits
    414.24 seconds: ML Lengths 201 of 998 splits
    416.16 seconds: ML Lengths 301 of 998 splits
    418.07 seconds: ML Lengths 401 of 998 splits
    419.98 seconds: ML Lengths 501 of 998 splits
    421.94 seconds: ML Lengths 601 of 998 splits
    423.85 seconds: ML Lengths 701 of 998 splits
    425.74 seconds: ML Lengths 801 of 998 splits
    427.75 seconds: ML Lengths 901 of 998 splits
    430.91 seconds: Site likelihoods with rate category 1 of 20
    432.08 seconds: Site likelihoods with rate category 2 of 20
    433.31 seconds: Site likelihoods with rate category 3 of 20
    434.47 seconds: Site likelihoods with rate category 4 of 20
    435.68 seconds: Site likelihoods with rate category 5 of 20
    436.87 seconds: Site likelihoods with rate category 6 of 20
    438.05 seconds: Site likelihoods with rate category 7 of 20
    439.24 seconds: Site likelihoods with rate category 8 of 20
    440.38 seconds: Site likelihoods with rate category 9 of 20
    441.53 seconds: Site likelihoods with rate category 10 of 20
    442.71 seconds: Site likelihoods with rate category 11 of 20
    443.86 seconds: Site likelihoods with rate category 12 of 20
    445.04 seconds: Site likelihoods with rate category 13 of 20
    446.18 seconds: Site likelihoods with rate category 14 of 20
    447.35 seconds: Site likelihoods with rate category 15 of 20
    448.55 seconds: Site likelihoods with rate category 16 of 20
    449.70 seconds: Site likelihoods with rate category 17 of 20
    450.92 seconds: Site likelihoods with rate category 18 of 20
    452.05 seconds: Site likelihoods with rate category 19 of 20
    453.17 seconds: Site likelihoods with rate category 20 of 20
Switched to using 20 rate categories (CAT approximation)
Rate categories were divided by 1.079 so that average rate = 1.0
CAT-based log-likelihoods may not be comparable across runs
    454.89 seconds: ML NNI round 2 of 20, 1 of 998 splits
    460.20 seconds: ML NNI round 2 of 20, 101 of 998 splits, 23 changes (max delta 13.788)
    465.09 seconds: ML NNI round 2 of 20, 201 of 998 splits, 38 changes (max delta 13.788)
    469.34 seconds: ML NNI round 2 of 20, 301 of 998 splits, 53 changes (max delta 32.921)
    473.25 seconds: ML NNI round 2 of 20, 401 of 998 splits, 68 changes (max delta 32.921)
    477.63 seconds: ML NNI round 2 of 20, 501 of 998 splits, 75 changes (max delta 32.921)
    482.47 seconds: ML NNI round 2 of 20, 601 of 998 splits, 91 changes (max delta 34.770)
    485.63 seconds: ML NNI round 2 of 20, 701 of 998 splits, 100 changes (max delta 45.935)
    489.43 seconds: ML NNI round 2 of 20, 801 of 998 splits, 111 changes (max delta 45.935)
    494.64 seconds: ML NNI round 2 of 20, 901 of 998 splits, 130 changes (max delta 45.935)
ML-NNI round 2: LogLk = -1721705.937 NNIs 155 max delta 45.94 Time 500.08
    500.08 seconds: ML NNI round 3 of 20, 1 of 998 splits
    504.99 seconds: ML NNI round 3 of 20, 101 of 998 splits, 8 changes (max delta 11.522)
    510.22 seconds: ML NNI round 3 of 20, 201 of 998 splits, 15 changes (max delta 11.522)
    514.00 seconds: ML NNI round 3 of 20, 301 of 998 splits, 22 changes (max delta 11.522)
    516.64 seconds: ML NNI round 3 of 20, 401 of 998 splits, 27 changes (max delta 18.177)
    519.25 seconds: ML NNI round 3 of 20, 501 of 998 splits, 32 changes (max delta 18.177)
    522.86 seconds: ML NNI round 3 of 20, 601 of 998 splits, 35 changes (max delta 18.177)
    527.48 seconds: ML NNI round 3 of 20, 701 of 998 splits, 45 changes (max delta 18.177)
ML-NNI round 3: LogLk = -1721228.442 NNIs 55 max delta 18.18 Time 530.66
    530.66 seconds: ML NNI round 4 of 20, 1 of 998 splits
    534.50 seconds: ML NNI round 4 of 20, 101 of 998 splits, 3 changes (max delta 2.096)
    537.23 seconds: ML NNI round 4 of 20, 201 of 998 splits, 5 changes (max delta 2.096)
    539.45 seconds: ML NNI round 4 of 20, 301 of 998 splits, 8 changes (max delta 13.147)
    541.41 seconds: ML NNI round 4 of 20, 401 of 998 splits, 10 changes (max delta 13.147)
    543.97 seconds: ML NNI round 4 of 20, 501 of 998 splits, 10 changes (max delta 13.147)
ML-NNI round 4: LogLk = -1721102.129 NNIs 14 max delta 18.10 Time 546.21
    546.20 seconds: ML NNI round 5 of 20, 1 of 998 splits
    549.74 seconds: ML NNI round 5 of 20, 101 of 998 splits, 7 changes (max delta 7.342)
    551.23 seconds: ML NNI round 5 of 20, 201 of 998 splits, 10 changes (max delta 110.181)
ML-NNI round 5: LogLk = -1720932.105 NNIs 12 max delta 110.18 Time 553.18
    553.18 seconds: ML NNI round 6 of 20, 1 of 998 splits
    555.30 seconds: ML NNI round 6 of 20, 101 of 998 splits, 3 changes (max delta 35.049)
ML-NNI round 6: LogLk = -1720861.479 NNIs 5 max delta 35.05 Time 557.56
    557.55 seconds: ML NNI round 7 of 20, 1 of 998 splits
ML-NNI round 7: LogLk = -1720851.851 NNIs 2 max delta 3.40 Time 559.70
    559.70 seconds: ML NNI round 8 of 20, 1 of 998 splits
ML-NNI round 8: LogLk = -1720851.086 NNIs 0 max delta 0.00 Time 561.04
Turning off heuristics for final round of ML NNIs (converged)
    561.03 seconds: ML NNI round 9 of 20, 1 of 998 splits
    567.60 seconds: ML NNI round 9 of 20, 101 of 998 splits, 8 changes (max delta 10.271)
    574.12 seconds: ML NNI round 9 of 20, 201 of 998 splits, 15 changes (max delta 10.271)
    580.88 seconds: ML NNI round 9 of 20, 301 of 998 splits, 22 changes (max delta 10.271)
    587.17 seconds: ML NNI round 9 of 20, 401 of 998 splits, 29 changes (max delta 22.727)
    593.57 seconds: ML NNI round 9 of 20, 501 of 998 splits, 34 changes (max delta 22.727)
    600.57 seconds: ML NNI round 9 of 20, 601 of 998 splits, 35 changes (max delta 22.727)
    607.00 seconds: ML NNI round 9 of 20, 701 of 998 splits, 39 changes (max delta 22.727)
    614.01 seconds: ML NNI round 9 of 20, 801 of 998 splits, 47 changes (max delta 22.727)
    621.29 seconds: ML NNI round 9 of 20, 901 of 998 splits, 55 changes (max delta 22.727)
ML-NNI round 9: LogLk = -1719515.546 NNIs 64 max delta 22.73 Time 628.35 (final)
    628.35 seconds: ML Lengths 1 of 998 splits
    630.06 seconds: ML Lengths 101 of 998 splits
    631.74 seconds: ML Lengths 201 of 998 splits
    633.42 seconds: ML Lengths 301 of 998 splits
    635.10 seconds: ML Lengths 401 of 998 splits
    636.77 seconds: ML Lengths 501 of 998 splits
    638.42 seconds: ML Lengths 601 of 998 splits
    640.13 seconds: ML Lengths 701 of 998 splits
    641.80 seconds: ML Lengths 801 of 998 splits
    643.52 seconds: ML Lengths 901 of 998 splits
Optimize all lengths: LogLk = -1719507.195 Time 645.39
    653.37 seconds: ML split tests for    100 of    997 internal splits
    661.58 seconds: ML split tests for    200 of    997 internal splits
    669.88 seconds: ML split tests for    300 of    997 internal splits
    678.19 seconds: ML split tests for    400 of    997 internal splits
    686.60 seconds: ML split tests for    500 of    997 internal splits
    695.35 seconds: ML split tests for    600 of    997 internal splits
    703.78 seconds: ML split tests for    700 of    997 internal splits
    712.42 seconds: ML split tests for    800 of    997 internal splits
    721.01 seconds: ML split tests for    900 of    997 internal splits
    730.17 seconds: Site likelihoods with rate category 1 of 20
    732.34 seconds: Site likelihoods with rate category 3 of 20
    733.48 seconds: Site likelihoods with rate category 4 of 20
    735.67 seconds: Site likelihoods with rate category 6 of 20
    736.78 seconds: Site likelihoods with rate category 7 of 20
    737.89 seconds: Site likelihoods with rate category 8 of 20
    739.01 seconds: Site likelihoods with rate category 9 of 20
    741.19 seconds: Site likelihoods with rate category 11 of 20
    742.30 seconds: Site likelihoods with rate category 12 of 20
    744.48 seconds: Site likelihoods with rate category 14 of 20
    745.61 seconds: Site likelihoods with rate category 15 of 20
    747.86 seconds: Site likelihoods with rate category 17 of 20
    750.04 seconds: Site likelihoods with rate category 19 of 20
    751.17 seconds: Site likelihoods with rate category 20 of 20
    752.03 seconds: Optimizing alpha round 1
    752.34 seconds: Optimizing alpha round 2
Gamma(20) LogLk = -1737136.727 alpha = 0.294 rescaling lengths by 1.028
Total time: 752.55 seconds Unique: 1000/1000 Bad splits: 17/997 Worst delta-LogLk 14.892
