FastTree Version 2.1.11 Double precision (No SSE3)
Alignment: standard input
Nucleotide distances: Jukes-Cantor Joins: balanced Support: SH-like 1000
Search: Normal +NNI +SPR (2 rounds range 10) +ML-NNI opt-each=1
TopHits: 1.00*sqrtN close=default refresh=0.80
ML Model: Generalized Time-Reversible, CAT approximation with 20 rate categories
Ignored unknown character B (seen 1 times)
Ignored unknown character D (seen 8 times)
Ignored unknown character H (seen 9 times)
Ignored unknown character K (seen 173 times)
Ignored unknown character M (seen 307 times)
Ignored unknown character R (seen 1620 times)
Ignored unknown character S (seen 81 times)
Ignored unknown character V (seen 5 times)
Ignored unknown character W (seen 212 times)
Ignored unknown character X (seen 306 times)
Ignored unknown character Y (seen 724 times)
      5.05 seconds: Top hits for    248 of   1000 seqs (at seed    100)
      7.49 seconds: Top hits for    374 of   1000 seqs (at seed    200)
      9.74 seconds: Top hits for    461 of   1000 seqs (at seed    300)
     11.82 seconds: Top hits for    538 of   1000 seqs (at seed    400)
     13.93 seconds: Top hits for    612 of   1000 seqs (at seed    500)
     16.26 seconds: Top hits for    696 of   1000 seqs (at seed    600)
     18.13 seconds: Top hits for    765 of   1000 seqs (at seed    700)
     20.43 seconds: Top hits for    842 of   1000 seqs (at seed    800)
     22.94 seconds: Top hits for    921 of   1000 seqs (at seed    900)
     25.17 seconds: Checking top hits for      1 of   1000 seqs
     29.78 seconds: Joined    100 of    997
     33.44 seconds: Joined    200 of    997
     37.48 seconds: Joined    300 of    997
     42.33 seconds: Joined    400 of    997
     47.11 seconds: Joined    500 of    997
     49.22 seconds: Joined    600 of    997
     51.47 seconds: Joined    700 of    997
     54.76 seconds: Joined    800 of    997
     58.03 seconds: Joined    900 of    997
Initial topology in 61.16 seconds
Refining topology: 40 rounds ME-NNIs, 2 rounds ME-SPRs, 20 rounds ML-NNIs
     61.15 seconds: ME NNI round 1 of 40, 1 of 998 splits
     61.39 seconds: ME NNI round 1 of 40, 101 of 998 splits, 9 changes (max delta 0.004)
     61.67 seconds: ME NNI round 1 of 40, 201 of 998 splits, 30 changes (max delta 0.005)
     62.00 seconds: ME NNI round 1 of 40, 301 of 998 splits, 60 changes (max delta 0.005)
     62.21 seconds: ME NNI round 1 of 40, 401 of 998 splits, 92 changes (max delta 0.006)
     62.43 seconds: ME NNI round 1 of 40, 501 of 998 splits, 120 changes (max delta 0.006)
     62.64 seconds: ME NNI round 1 of 40, 601 of 998 splits, 149 changes (max delta 0.006)
     62.84 seconds: ME NNI round 1 of 40, 701 of 998 splits, 167 changes (max delta 0.006)
     63.06 seconds: ME NNI round 1 of 40, 801 of 998 splits, 179 changes (max delta 0.006)
     63.27 seconds: ME NNI round 1 of 40, 901 of 998 splits, 194 changes (max delta 0.006)
     63.48 seconds: ME NNI round 2 of 40, 1 of 998 splits
     63.67 seconds: ME NNI round 2 of 40, 101 of 998 splits, 2 changes (max delta 0.000)
     63.91 seconds: ME NNI round 2 of 40, 201 of 998 splits, 14 changes (max delta 0.002)
     64.13 seconds: ME NNI round 2 of 40, 301 of 998 splits, 30 changes (max delta 0.003)
     64.36 seconds: ME NNI round 2 of 40, 401 of 998 splits, 46 changes (max delta 0.003)
     64.59 seconds: ME NNI round 2 of 40, 501 of 998 splits, 65 changes (max delta 0.004)
     64.82 seconds: ME NNI round 2 of 40, 601 of 998 splits, 85 changes (max delta 0.005)
     65.03 seconds: ME NNI round 2 of 40, 701 of 998 splits, 95 changes (max delta 0.005)
     65.26 seconds: ME NNI round 2 of 40, 801 of 998 splits, 106 changes (max delta 0.005)
     65.47 seconds: ME NNI round 2 of 40, 901 of 998 splits, 112 changes (max delta 0.005)
     65.66 seconds: ME NNI round 3 of 40, 1 of 998 splits
     65.90 seconds: ME NNI round 3 of 40, 101 of 998 splits, 3 changes (max delta 0.000)
     66.14 seconds: ME NNI round 3 of 40, 201 of 998 splits, 10 changes (max delta 0.001)
     66.36 seconds: ME NNI round 3 of 40, 301 of 998 splits, 22 changes (max delta 0.014)
     66.58 seconds: ME NNI round 3 of 40, 401 of 998 splits, 35 changes (max delta 0.014)
     66.79 seconds: ME NNI round 3 of 40, 501 of 998 splits, 45 changes (max delta 0.014)
     67.02 seconds: ME NNI round 3 of 40, 601 of 998 splits, 69 changes (max delta 0.014)
     67.24 seconds: ME NNI round 4 of 40, 1 of 998 splits
     67.47 seconds: ME NNI round 4 of 40, 101 of 998 splits, 3 changes (max delta 0.001)
     67.71 seconds: ME NNI round 4 of 40, 201 of 998 splits, 13 changes (max delta 0.001)
     67.94 seconds: ME NNI round 4 of 40, 301 of 998 splits, 25 changes (max delta 0.004)
     68.17 seconds: ME NNI round 4 of 40, 401 of 998 splits, 35 changes (max delta 0.004)
     68.34 seconds: ME NNI round 5 of 40, 1 of 998 splits
     68.59 seconds: ME NNI round 5 of 40, 101 of 998 splits, 0 changes
     68.83 seconds: ME NNI round 5 of 40, 201 of 998 splits, 15 changes (max delta 0.001)
     69.06 seconds: ME NNI round 5 of 40, 301 of 998 splits, 28 changes (max delta 0.003)
     69.38 seconds: ME NNI round 6 of 40, 101 of 998 splits, 3 changes (max delta 0.001)
     69.62 seconds: ME NNI round 6 of 40, 201 of 998 splits, 14 changes (max delta 0.002)
     69.96 seconds: ME NNI round 7 of 40, 101 of 998 splits, 6 changes (max delta 0.002)
     70.13 seconds: ME NNI round 8 of 40, 1 of 998 splits
     70.38 seconds: ME NNI round 8 of 40, 101 of 998 splits, 0 changes
     74.57 seconds: SPR round   1 of   2, 101 of 1998 nodes
     78.92 seconds: SPR round   1 of   2, 201 of 1998 nodes
     83.48 seconds: SPR round   1 of   2, 301 of 1998 nodes
     87.84 seconds: SPR round   1 of   2, 401 of 1998 nodes
     92.13 seconds: SPR round   1 of   2, 501 of 1998 nodes
     96.14 seconds: SPR round   1 of   2, 601 of 1998 nodes
    100.26 seconds: SPR round   1 of   2, 701 of 1998 nodes
    104.14 seconds: SPR round   1 of   2, 801 of 1998 nodes
    108.47 seconds: SPR round   1 of   2, 901 of 1998 nodes
    112.11 seconds: SPR round   1 of   2, 1001 of 1998 nodes
    116.17 seconds: SPR round   1 of   2, 1101 of 1998 nodes
    119.86 seconds: SPR round   1 of   2, 1201 of 1998 nodes
    124.26 seconds: SPR round   1 of   2, 1301 of 1998 nodes
    128.60 seconds: SPR round   1 of   2, 1401 of 1998 nodes
    133.32 seconds: SPR round   1 of   2, 1501 of 1998 nodes
    137.92 seconds: SPR round   1 of   2, 1601 of 1998 nodes
    141.75 seconds: SPR round   1 of   2, 1701 of 1998 nodes
    145.74 seconds: SPR round   1 of   2, 1801 of 1998 nodes
    149.46 seconds: SPR round   1 of   2, 1901 of 1998 nodes
    154.13 seconds: ME NNI round 14 of 40, 1 of 998 splits
    154.33 seconds: ME NNI round 14 of 40, 101 of 998 splits, 0 changes
    154.54 seconds: ME NNI round 14 of 40, 201 of 998 splits, 7 changes (max delta 0.001)
    154.76 seconds: ME NNI round 14 of 40, 301 of 998 splits, 10 changes (max delta 0.001)
    154.99 seconds: ME NNI round 14 of 40, 401 of 998 splits, 17 changes (max delta 0.003)
    155.23 seconds: ME NNI round 14 of 40, 501 of 998 splits, 23 changes (max delta 0.003)
    155.44 seconds: ME NNI round 14 of 40, 601 of 998 splits, 30 changes (max delta 0.003)
    155.65 seconds: ME NNI round 14 of 40, 701 of 998 splits, 34 changes (max delta 0.003)
    155.85 seconds: ME NNI round 14 of 40, 801 of 998 splits, 35 changes (max delta 0.003)
    156.06 seconds: ME NNI round 14 of 40, 901 of 998 splits, 40 changes (max delta 0.003)
    156.26 seconds: ME NNI round 15 of 40, 1 of 998 splits
    156.48 seconds: ME NNI round 15 of 40, 101 of 998 splits, 0 changes
    156.69 seconds: ME NNI round 15 of 40, 201 of 998 splits, 2 changes (max delta 0.000)
    156.91 seconds: ME NNI round 15 of 40, 301 of 998 splits, 3 changes (max delta 0.000)
    157.15 seconds: ME NNI round 15 of 40, 401 of 998 splits, 7 changes (max delta 0.000)
    157.36 seconds: ME NNI round 15 of 40, 501 of 998 splits, 11 changes (max delta 0.000)
    157.57 seconds: ME NNI round 15 of 40, 601 of 998 splits, 15 changes (max delta 0.003)
    157.79 seconds: ME NNI round 15 of 40, 701 of 998 splits, 19 changes (max delta 0.003)
    157.99 seconds: ME NNI round 15 of 40, 801 of 998 splits, 19 changes (max delta 0.003)
    158.20 seconds: ME NNI round 15 of 40, 901 of 998 splits, 23 changes (max delta 0.003)
    158.39 seconds: ME NNI round 16 of 40, 1 of 998 splits
    158.65 seconds: ME NNI round 16 of 40, 101 of 998 splits, 8 changes (max delta 0.000)
    158.89 seconds: ME NNI round 16 of 40, 201 of 998 splits, 20 changes (max delta 0.001)
    159.08 seconds: ME NNI round 17 of 40, 1 of 998 splits
    159.34 seconds: ME NNI round 17 of 40, 101 of 998 splits, 6 changes (max delta 0.002)
    159.58 seconds: ME NNI round 18 of 40, 1 of 998 splits
    159.86 seconds: ME NNI round 18 of 40, 101 of 998 splits, 9 changes (max delta 0.000)
    159.97 seconds: ME NNI round 19 of 40, 1 of 998 splits
    160.24 seconds: ME NNI round 19 of 40, 101 of 998 splits, 8 changes (max delta 0.001)
    160.53 seconds: ME NNI round 21 of 40, 1 of 998 splits
    160.76 seconds: ME NNI round 22 of 40, 1 of 998 splits
    160.96 seconds: SPR round   2 of   2, 1 of 1998 nodes
    164.97 seconds: SPR round   2 of   2, 101 of 1998 nodes
    169.07 seconds: SPR round   2 of   2, 201 of 1998 nodes
    173.50 seconds: SPR round   2 of   2, 301 of 1998 nodes
    177.51 seconds: SPR round   2 of   2, 401 of 1998 nodes
    182.11 seconds: SPR round   2 of   2, 501 of 1998 nodes
    185.66 seconds: SPR round   2 of   2, 601 of 1998 nodes
    190.16 seconds: SPR round   2 of   2, 701 of 1998 nodes
    194.18 seconds: SPR round   2 of   2, 801 of 1998 nodes
    197.75 seconds: SPR round   2 of   2, 901 of 1998 nodes
    201.33 seconds: SPR round   2 of   2, 1001 of 1998 nodes
    205.34 seconds: SPR round   2 of   2, 1101 of 1998 nodes
    210.36 seconds: SPR round   2 of   2, 1201 of 1998 nodes
    213.96 seconds: SPR round   2 of   2, 1301 of 1998 nodes
    217.47 seconds: SPR round   2 of   2, 1401 of 1998 nodes
    221.44 seconds: SPR round   2 of   2, 1501 of 1998 nodes
    226.89 seconds: SPR round   2 of   2, 1601 of 1998 nodes
    231.35 seconds: SPR round   2 of   2, 1701 of 1998 nodes
    235.89 seconds: SPR round   2 of   2, 1801 of 1998 nodes
    240.58 seconds: SPR round   2 of   2, 1901 of 1998 nodes
    245.07 seconds: ME NNI round 27 of 40, 1 of 998 splits
    245.27 seconds: ME NNI round 27 of 40, 101 of 998 splits, 1 changes (max delta 0.000)
    245.49 seconds: ME NNI round 27 of 40, 201 of 998 splits, 1 changes (max delta 0.000)
    245.72 seconds: ME NNI round 27 of 40, 301 of 998 splits, 1 changes (max delta 0.000)
    245.95 seconds: ME NNI round 27 of 40, 401 of 998 splits, 1 changes (max delta 0.000)
    246.18 seconds: ME NNI round 27 of 40, 501 of 998 splits, 2 changes (max delta 0.000)
    246.40 seconds: ME NNI round 27 of 40, 601 of 998 splits, 2 changes (max delta 0.000)
    246.61 seconds: ME NNI round 27 of 40, 701 of 998 splits, 2 changes (max delta 0.000)
    246.82 seconds: ME NNI round 27 of 40, 801 of 998 splits, 4 changes (max delta 0.000)
    247.02 seconds: ME NNI round 27 of 40, 901 of 998 splits, 5 changes (max delta 0.000)
    247.22 seconds: ME NNI round 28 of 40, 1 of 998 splits
    247.42 seconds: ME NNI round 28 of 40, 101 of 998 splits, 0 changes
    247.64 seconds: ME NNI round 28 of 40, 201 of 998 splits, 0 changes
    247.87 seconds: ME NNI round 28 of 40, 301 of 998 splits, 0 changes
    248.08 seconds: ME NNI round 28 of 40, 401 of 998 splits, 0 changes
    248.30 seconds: ME NNI round 28 of 40, 501 of 998 splits, 0 changes
    248.51 seconds: ME NNI round 28 of 40, 601 of 998 splits, 0 changes
    248.71 seconds: ME NNI round 28 of 40, 701 of 998 splits, 0 changes
    248.92 seconds: ME NNI round 28 of 40, 801 of 998 splits, 3 changes (max delta 0.001)
    249.12 seconds: ME NNI round 28 of 40, 901 of 998 splits, 3 changes (max delta 0.001)
    249.32 seconds: ME NNI round 29 of 40, 1 of 998 splits
    249.51 seconds: ME NNI round 30 of 40, 1 of 998 splits
    249.63 seconds: ME NNI round 31 of 40, 1 of 998 splits
    249.79 seconds: ME NNI round 33 of 40, 1 of 998 splits
Total branch-length 45.499 after 252.28 sec
    252.71 seconds: ML Lengths 1 of 998 splits
    254.86 seconds: ML Lengths 101 of 998 splits
    257.02 seconds: ML Lengths 201 of 998 splits
    259.19 seconds: ML Lengths 301 of 998 splits
    261.39 seconds: ML Lengths 401 of 998 splits
    263.58 seconds: ML Lengths 501 of 998 splits
    265.78 seconds: ML Lengths 601 of 998 splits
    268.01 seconds: ML Lengths 701 of 998 splits
    270.23 seconds: ML Lengths 801 of 998 splits
    272.46 seconds: ML Lengths 901 of 998 splits
    274.62 seconds: ML NNI round 1 of 20, 1 of 998 splits
    281.00 seconds: ML NNI round 1 of 20, 101 of 998 splits, 17 changes (max delta 32.251)
    287.65 seconds: ML NNI round 1 of 20, 201 of 998 splits, 40 changes (max delta 41.112)
    294.18 seconds: ML NNI round 1 of 20, 301 of 998 splits, 66 changes (max delta 56.395)
    300.62 seconds: ML NNI round 1 of 20, 401 of 998 splits, 81 changes (max delta 60.721)
    307.11 seconds: ML NNI round 1 of 20, 501 of 998 splits, 110 changes (max delta 74.596)
    314.13 seconds: ML NNI round 1 of 20, 601 of 998 splits, 136 changes (max delta 74.596)
    320.71 seconds: ML NNI round 1 of 20, 701 of 998 splits, 159 changes (max delta 74.596)
    327.40 seconds: ML NNI round 1 of 20, 801 of 998 splits, 185 changes (max delta 74.596)
    333.73 seconds: ML NNI round 1 of 20, 901 of 998 splits, 210 changes (max delta 74.596)
ML-NNI round 1: LogLk = -2428222.170 NNIs 243 max delta 74.60 Time 340.90
    340.91 seconds: Optimizing GTR model, step 1 of 12
    353.96 seconds: Optimizing GTR model, step 2 of 12
    372.40 seconds: Optimizing GTR model, step 3 of 12
    389.94 seconds: Optimizing GTR model, step 4 of 12
    408.53 seconds: Optimizing GTR model, step 5 of 12
    425.77 seconds: Optimizing GTR model, step 6 of 12
    443.97 seconds: Optimizing GTR model, step 7 of 12
    455.51 seconds: Optimizing GTR model, step 8 of 12
    468.08 seconds: Optimizing GTR model, step 9 of 12
    480.63 seconds: Optimizing GTR model, step 10 of 12
    491.90 seconds: Optimizing GTR model, step 11 of 12
    503.07 seconds: Optimizing GTR model, step 12 of 12
GTR Frequencies: 0.3633 0.1759 0.2390 0.2217
GTR rates(ac ag at cg ct gt) 1.8442 3.9560 0.9821 0.9646 4.7065 1.0000
    514.98 seconds: ML Lengths 1 of 998 splits
    517.35 seconds: ML Lengths 101 of 998 splits
    519.81 seconds: ML Lengths 201 of 998 splits
    522.30 seconds: ML Lengths 301 of 998 splits
    524.80 seconds: ML Lengths 401 of 998 splits
    527.30 seconds: ML Lengths 501 of 998 splits
    529.78 seconds: ML Lengths 601 of 998 splits
    532.19 seconds: ML Lengths 701 of 998 splits
    534.60 seconds: ML Lengths 801 of 998 splits
    536.89 seconds: ML Lengths 901 of 998 splits
    540.50 seconds: Site likelihoods with rate category 1 of 20
    541.76 seconds: Site likelihoods with rate category 2 of 20
    543.02 seconds: Site likelihoods with rate category 3 of 20
    544.32 seconds: Site likelihoods with rate category 4 of 20
    545.57 seconds: Site likelihoods with rate category 5 of 20
    546.89 seconds: Site likelihoods with rate category 6 of 20
    548.16 seconds: Site likelihoods with rate category 7 of 20
    549.46 seconds: Site likelihoods with rate category 8 of 20
    550.71 seconds: Site likelihoods with rate category 9 of 20
    551.96 seconds: Site likelihoods with rate category 10 of 20
    553.33 seconds: Site likelihoods with rate category 11 of 20
    554.75 seconds: Site likelihoods with rate category 12 of 20
    556.17 seconds: Site likelihoods with rate category 13 of 20
    557.52 seconds: Site likelihoods with rate category 14 of 20
    558.84 seconds: Site likelihoods with rate category 15 of 20
    560.09 seconds: Site likelihoods with rate category 16 of 20
    561.34 seconds: Site likelihoods with rate category 17 of 20
    562.61 seconds: Site likelihoods with rate category 18 of 20
    563.85 seconds: Site likelihoods with rate category 19 of 20
    565.11 seconds: Site likelihoods with rate category 20 of 20
Switched to using 20 rate categories (CAT approximation)
Rate categories were divided by 1.109 so that average rate = 1.0
CAT-based log-likelihoods may not be comparable across runs
    566.96 seconds: ML NNI round 2 of 20, 1 of 998 splits
    575.25 seconds: ML NNI round 2 of 20, 101 of 998 splits, 20 changes (max delta 9.811)
    581.54 seconds: ML NNI round 2 of 20, 201 of 998 splits, 45 changes (max delta 15.836)
    587.15 seconds: ML NNI round 2 of 20, 301 of 998 splits, 63 changes (max delta 15.836)
    592.21 seconds: ML NNI round 2 of 20, 401 of 998 splits, 75 changes (max delta 15.836)
    597.08 seconds: ML NNI round 2 of 20, 501 of 998 splits, 92 changes (max delta 17.660)
    603.27 seconds: ML NNI round 2 of 20, 601 of 998 splits, 110 changes (max delta 40.125)
    608.85 seconds: ML NNI round 2 of 20, 701 of 998 splits, 123 changes (max delta 40.125)
    613.94 seconds: ML NNI round 2 of 20, 801 of 998 splits, 133 changes (max delta 40.125)
    620.55 seconds: ML NNI round 2 of 20, 901 of 998 splits, 150 changes (max delta 40.125)
ML-NNI round 2: LogLk = -1923712.728 NNIs 168 max delta 40.12 Time 626.83
    626.83 seconds: ML NNI round 3 of 20, 1 of 998 splits
    633.72 seconds: ML NNI round 3 of 20, 101 of 998 splits, 12 changes (max delta 6.709)
    639.41 seconds: ML NNI round 3 of 20, 201 of 998 splits, 22 changes (max delta 11.068)
    645.24 seconds: ML NNI round 3 of 20, 301 of 998 splits, 32 changes (max delta 11.960)
    649.44 seconds: ML NNI round 3 of 20, 401 of 998 splits, 38 changes (max delta 11.960)
    654.55 seconds: ML NNI round 3 of 20, 501 of 998 splits, 47 changes (max delta 12.747)
    658.82 seconds: ML NNI round 3 of 20, 601 of 998 splits, 50 changes (max delta 16.670)
    661.92 seconds: ML NNI round 3 of 20, 701 of 998 splits, 51 changes (max delta 16.670)
ML-NNI round 3: LogLk = -1923006.345 NNIs 57 max delta 16.67 Time 667.12
    667.12 seconds: ML NNI round 4 of 20, 1 of 998 splits
    671.55 seconds: ML NNI round 4 of 20, 101 of 998 splits, 2 changes (max delta 5.380)
    676.06 seconds: ML NNI round 4 of 20, 201 of 998 splits, 8 changes (max delta 23.158)
    679.72 seconds: ML NNI round 4 of 20, 301 of 998 splits, 11 changes (max delta 23.158)
    683.23 seconds: ML NNI round 4 of 20, 401 of 998 splits, 17 changes (max delta 23.158)
    684.93 seconds: ML NNI round 4 of 20, 501 of 998 splits, 17 changes (max delta 23.158)
ML-NNI round 4: LogLk = -1922795.630 NNIs 19 max delta 23.16 Time 688.42
    688.42 seconds: ML NNI round 5 of 20, 1 of 998 splits
    691.42 seconds: ML NNI round 5 of 20, 101 of 998 splits, 0 changes
    694.61 seconds: ML NNI round 5 of 20, 201 of 998 splits, 1 changes (max delta 1.883)
    697.31 seconds: ML NNI round 5 of 20, 301 of 998 splits, 5 changes (max delta 5.684)
ML-NNI round 5: LogLk = -1922735.459 NNIs 5 max delta 5.68 Time 697.95
    697.94 seconds: ML NNI round 6 of 20, 1 of 998 splits
    700.97 seconds: ML NNI round 6 of 20, 101 of 998 splits, 2 changes (max delta 6.830)
ML-NNI round 6: LogLk = -1922716.322 NNIs 2 max delta 6.83 Time 701.83
    701.83 seconds: ML NNI round 7 of 20, 1 of 998 splits
ML-NNI round 7: LogLk = -1922693.443 NNIs 2 max delta 9.94 Time 703.32
    703.31 seconds: ML NNI round 8 of 20, 1 of 998 splits
ML-NNI round 8: LogLk = -1922682.443 NNIs 2 max delta 6.02 Time 704.73
    704.73 seconds: ML NNI round 9 of 20, 1 of 998 splits
ML-NNI round 9: LogLk = -1922682.231 NNIs 0 max delta 0.00 Time 706.01
Turning off heuristics for final round of ML NNIs (converged)
    706.01 seconds: ML NNI round 10 of 20, 1 of 998 splits
    715.53 seconds: ML NNI round 10 of 20, 101 of 998 splits, 4 changes (max delta 3.823)
    724.71 seconds: ML NNI round 10 of 20, 201 of 998 splits, 8 changes (max delta 5.279)
    734.09 seconds: ML NNI round 10 of 20, 301 of 998 splits, 14 changes (max delta 5.279)
    743.21 seconds: ML NNI round 10 of 20, 401 of 998 splits, 16 changes (max delta 5.279)
    751.89 seconds: ML NNI round 10 of 20, 501 of 998 splits, 20 changes (max delta 7.719)
    760.35 seconds: ML NNI round 10 of 20, 601 of 998 splits, 28 changes (max delta 17.548)
    768.77 seconds: ML NNI round 10 of 20, 701 of 998 splits, 33 changes (max delta 27.242)
    777.24 seconds: ML NNI round 10 of 20, 801 of 998 splits, 36 changes (max delta 27.242)
    785.79 seconds: ML NNI round 10 of 20, 901 of 998 splits, 39 changes (max delta 27.242)
ML-NNI round 10: LogLk = -1920405.570 NNIs 41 max delta 27.24 Time 795.24 (final)
    795.24 seconds: ML Lengths 1 of 998 splits
    797.46 seconds: ML Lengths 101 of 998 splits
    799.72 seconds: ML Lengths 201 of 998 splits
    801.96 seconds: ML Lengths 301 of 998 splits
    804.21 seconds: ML Lengths 401 of 998 splits
    806.50 seconds: ML Lengths 501 of 998 splits
    808.74 seconds: ML Lengths 601 of 998 splits
    811.00 seconds: ML Lengths 701 of 998 splits
    813.24 seconds: ML Lengths 801 of 998 splits
    815.49 seconds: ML Lengths 901 of 998 splits
Optimize all lengths: LogLk = -1920397.353 Time 817.99
    829.63 seconds: ML split tests for    100 of    997 internal splits
    841.35 seconds: ML split tests for    200 of    997 internal splits
    853.50 seconds: ML split tests for    300 of    997 internal splits
    865.63 seconds: ML split tests for    400 of    997 internal splits
    877.29 seconds: ML split tests for    500 of    997 internal splits
    888.88 seconds: ML split tests for    600 of    997 internal splits
    900.27 seconds: ML split tests for    700 of    997 internal splits
    911.91 seconds: ML split tests for    800 of    997 internal splits
    923.68 seconds: ML split tests for    900 of    997 internal splits
    936.60 seconds: Site likelihoods with rate category 1 of 20
    937.88 seconds: Site likelihoods with rate category 2 of 20
    939.13 seconds: Site likelihoods with rate category 3 of 20
    940.42 seconds: Site likelihoods with rate category 4 of 20
    941.69 seconds: Site likelihoods with rate category 5 of 20
    942.98 seconds: Site likelihoods with rate category 6 of 20
    944.22 seconds: Site likelihoods with rate category 7 of 20
    945.51 seconds: Site likelihoods with rate category 8 of 20
    946.79 seconds: Site likelihoods with rate category 9 of 20
    948.07 seconds: Site likelihoods with rate category 10 of 20
    949.36 seconds: Site likelihoods with rate category 11 of 20
    950.63 seconds: Site likelihoods with rate category 12 of 20
    951.94 seconds: Site likelihoods with rate category 13 of 20
    953.19 seconds: Site likelihoods with rate category 14 of 20
    954.49 seconds: Site likelihoods with rate category 15 of 20
    955.75 seconds: Site likelihoods with rate category 16 of 20
    957.01 seconds: Site likelihoods with rate category 17 of 20
    958.27 seconds: Site likelihoods with rate category 18 of 20
    959.52 seconds: Site likelihoods with rate category 19 of 20
    960.78 seconds: Site likelihoods with rate category 20 of 20
    961.74 seconds: Optimizing alpha round 1
    962.16 seconds: Optimizing alpha round 2
    962.41 seconds: Optimizing alpha round 3
Gamma(20) LogLk = -1938205.017 alpha = 0.290 rescaling lengths by 1.562
Total time: 962.65 seconds Unique: 1000/1000 Bad splits: 9/997 Worst delta-LogLk 27.886
