FastTree Version 2.1.11 Double precision (No SSE3)
Alignment: standard input
Nucleotide distances: Jukes-Cantor Joins: balanced Support: SH-like 1000
Search: Normal +NNI +SPR (2 rounds range 10) +ML-NNI opt-each=1
TopHits: 1.00*sqrtN close=default refresh=0.80
ML Model: Generalized Time-Reversible, CAT approximation with 20 rate categories
Ignored unknown character b (seen 2 times)
Ignored unknown character d (seen 6 times)
Ignored unknown character h (seen 8 times)
Ignored unknown character k (seen 186 times)
Ignored unknown character m (seen 356 times)
Ignored unknown character n (seen 203 times)
Ignored unknown character r (seen 1882 times)
Ignored unknown character s (seen 99 times)
Ignored unknown character v (seen 4 times)
Ignored unknown character w (seen 215 times)
Ignored unknown character y (seen 833 times)
      6.63 seconds: Top hits for    273 of   1000 seqs (at seed    100)
      9.74 seconds: Top hits for    385 of   1000 seqs (at seed    200)
     12.48 seconds: Top hits for    468 of   1000 seqs (at seed    300)
     15.65 seconds: Top hits for    548 of   1000 seqs (at seed    400)
     18.20 seconds: Top hits for    618 of   1000 seqs (at seed    500)
     21.13 seconds: Top hits for    702 of   1000 seqs (at seed    600)
     23.60 seconds: Top hits for    777 of   1000 seqs (at seed    700)
     25.94 seconds: Top hits for    850 of   1000 seqs (at seed    800)
     28.87 seconds: Top hits for    930 of   1000 seqs (at seed    900)
     31.37 seconds: Checking top hits for      1 of   1000 seqs
     36.85 seconds: Joined    100 of    997
     41.06 seconds: Joined    200 of    997
     45.36 seconds: Joined    300 of    997
     51.61 seconds: Joined    400 of    997
     56.24 seconds: Joined    500 of    997
     58.88 seconds: Joined    600 of    997
     62.05 seconds: Joined    700 of    997
     64.84 seconds: Joined    800 of    997
     69.39 seconds: Joined    900 of    997
Initial topology in 72.79 seconds
Refining topology: 40 rounds ME-NNIs, 2 rounds ME-SPRs, 20 rounds ML-NNIs
     72.79 seconds: ME NNI round 1 of 40, 1 of 998 splits
     73.06 seconds: ME NNI round 1 of 40, 101 of 998 splits, 12 changes (max delta 0.002)
     73.30 seconds: ME NNI round 1 of 40, 201 of 998 splits, 19 changes (max delta 0.002)
     73.56 seconds: ME NNI round 1 of 40, 301 of 998 splits, 23 changes (max delta 0.002)
     73.86 seconds: ME NNI round 1 of 40, 401 of 998 splits, 54 changes (max delta 0.005)
     74.15 seconds: ME NNI round 1 of 40, 501 of 998 splits, 78 changes (max delta 0.005)
     74.42 seconds: ME NNI round 1 of 40, 601 of 998 splits, 115 changes (max delta 0.005)
     74.69 seconds: ME NNI round 1 of 40, 701 of 998 splits, 144 changes (max delta 0.008)
     74.96 seconds: ME NNI round 1 of 40, 801 of 998 splits, 175 changes (max delta 0.008)
     75.22 seconds: ME NNI round 1 of 40, 901 of 998 splits, 194 changes (max delta 0.009)
     75.47 seconds: ME NNI round 2 of 40, 1 of 998 splits
     75.71 seconds: ME NNI round 2 of 40, 101 of 998 splits, 4 changes (max delta 0.002)
     75.94 seconds: ME NNI round 2 of 40, 201 of 998 splits, 5 changes (max delta 0.002)
     76.18 seconds: ME NNI round 2 of 40, 301 of 998 splits, 14 changes (max delta 0.002)
     76.45 seconds: ME NNI round 2 of 40, 401 of 998 splits, 20 changes (max delta 0.002)
     76.73 seconds: ME NNI round 2 of 40, 501 of 998 splits, 35 changes (max delta 0.002)
     77.02 seconds: ME NNI round 2 of 40, 601 of 998 splits, 60 changes (max delta 0.002)
     77.29 seconds: ME NNI round 2 of 40, 701 of 998 splits, 77 changes (max delta 0.002)
     77.58 seconds: ME NNI round 2 of 40, 801 of 998 splits, 94 changes (max delta 0.005)
     77.82 seconds: ME NNI round 2 of 40, 901 of 998 splits, 95 changes (max delta 0.005)
     78.07 seconds: ME NNI round 3 of 40, 1 of 998 splits
     78.35 seconds: ME NNI round 3 of 40, 101 of 998 splits, 7 changes (max delta 0.001)
     78.62 seconds: ME NNI round 3 of 40, 201 of 998 splits, 12 changes (max delta 0.001)
     78.88 seconds: ME NNI round 3 of 40, 301 of 998 splits, 27 changes (max delta 0.001)
     79.14 seconds: ME NNI round 3 of 40, 401 of 998 splits, 42 changes (max delta 0.003)
     79.41 seconds: ME NNI round 3 of 40, 501 of 998 splits, 54 changes (max delta 0.006)
     79.66 seconds: ME NNI round 3 of 40, 601 of 998 splits, 57 changes (max delta 0.006)
     79.81 seconds: ME NNI round 4 of 40, 1 of 998 splits
     80.12 seconds: ME NNI round 4 of 40, 101 of 998 splits, 17 changes (max delta 0.001)
     80.38 seconds: ME NNI round 4 of 40, 201 of 998 splits, 26 changes (max delta 0.001)
     80.67 seconds: ME NNI round 4 of 40, 301 of 998 splits, 39 changes (max delta 0.004)
     80.93 seconds: ME NNI round 4 of 40, 401 of 998 splits, 45 changes (max delta 0.004)
     81.32 seconds: ME NNI round 5 of 40, 101 of 998 splits, 15 changes (max delta 0.001)
     81.58 seconds: ME NNI round 5 of 40, 201 of 998 splits, 30 changes (max delta 0.002)
     81.87 seconds: ME NNI round 5 of 40, 301 of 998 splits, 40 changes (max delta 0.006)
     82.24 seconds: ME NNI round 6 of 40, 101 of 998 splits, 10 changes (max delta 0.002)
     82.52 seconds: ME NNI round 6 of 40, 201 of 998 splits, 26 changes (max delta 0.002)
     82.69 seconds: ME NNI round 7 of 40, 1 of 998 splits
     82.99 seconds: ME NNI round 7 of 40, 101 of 998 splits, 6 changes (max delta 0.000)
     83.27 seconds: ME NNI round 7 of 40, 201 of 998 splits, 19 changes (max delta 0.001)
     83.61 seconds: ME NNI round 8 of 40, 101 of 998 splits, 8 changes (max delta 0.001)
     83.83 seconds: ME NNI round 9 of 40, 1 of 998 splits
     84.14 seconds: ME NNI round 9 of 40, 101 of 998 splits, 3 changes (max delta 0.001)
     84.24 seconds: ME NNI round 10 of 40, 1 of 998 splits
     84.51 seconds: ME NNI round 11 of 40, 1 of 998 splits
     84.73 seconds: ME NNI round 12 of 40, 1 of 998 splits
     84.94 seconds: ME NNI round 13 of 40, 1 of 998 splits
     85.16 seconds: SPR round   1 of   2, 1 of 1998 nodes
     89.60 seconds: SPR round   1 of   2, 101 of 1998 nodes
     94.12 seconds: SPR round   1 of   2, 201 of 1998 nodes
     99.44 seconds: SPR round   1 of   2, 301 of 1998 nodes
    104.58 seconds: SPR round   1 of   2, 401 of 1998 nodes
    109.80 seconds: SPR round   1 of   2, 501 of 1998 nodes
    113.88 seconds: SPR round   1 of   2, 601 of 1998 nodes
    119.36 seconds: SPR round   1 of   2, 701 of 1998 nodes
    123.57 seconds: SPR round   1 of   2, 801 of 1998 nodes
    128.79 seconds: SPR round   1 of   2, 901 of 1998 nodes
    133.59 seconds: SPR round   1 of   2, 1001 of 1998 nodes
    138.37 seconds: SPR round   1 of   2, 1101 of 1998 nodes
    144.02 seconds: SPR round   1 of   2, 1201 of 1998 nodes
    148.58 seconds: SPR round   1 of   2, 1301 of 1998 nodes
    152.84 seconds: SPR round   1 of   2, 1401 of 1998 nodes
    157.37 seconds: SPR round   1 of   2, 1501 of 1998 nodes
    162.37 seconds: SPR round   1 of   2, 1601 of 1998 nodes
    167.87 seconds: SPR round   1 of   2, 1701 of 1998 nodes
    173.46 seconds: SPR round   1 of   2, 1801 of 1998 nodes
    178.57 seconds: SPR round   1 of   2, 1901 of 1998 nodes
    184.41 seconds: ME NNI round 14 of 40, 1 of 998 splits
    184.66 seconds: ME NNI round 14 of 40, 101 of 998 splits, 2 changes (max delta 0.000)
    184.91 seconds: ME NNI round 14 of 40, 201 of 998 splits, 4 changes (max delta 0.000)
    185.15 seconds: ME NNI round 14 of 40, 301 of 998 splits, 5 changes (max delta 0.000)
    185.42 seconds: ME NNI round 14 of 40, 401 of 998 splits, 6 changes (max delta 0.000)
    185.69 seconds: ME NNI round 14 of 40, 501 of 998 splits, 12 changes (max delta 0.001)
    185.95 seconds: ME NNI round 14 of 40, 601 of 998 splits, 15 changes (max delta 0.001)
    186.21 seconds: ME NNI round 14 of 40, 701 of 998 splits, 17 changes (max delta 0.001)
    186.48 seconds: ME NNI round 14 of 40, 801 of 998 splits, 17 changes (max delta 0.001)
    186.74 seconds: ME NNI round 14 of 40, 901 of 998 splits, 21 changes (max delta 0.002)
    186.98 seconds: ME NNI round 15 of 40, 1 of 998 splits
    187.22 seconds: ME NNI round 15 of 40, 101 of 998 splits, 1 changes (max delta 0.000)
    187.46 seconds: ME NNI round 15 of 40, 201 of 998 splits, 1 changes (max delta 0.000)
    187.70 seconds: ME NNI round 15 of 40, 301 of 998 splits, 1 changes (max delta 0.000)
    187.97 seconds: ME NNI round 15 of 40, 401 of 998 splits, 4 changes (max delta 0.000)
    188.23 seconds: ME NNI round 15 of 40, 501 of 998 splits, 9 changes (max delta 0.001)
    188.50 seconds: ME NNI round 15 of 40, 601 of 998 splits, 11 changes (max delta 0.001)
    188.77 seconds: ME NNI round 15 of 40, 701 of 998 splits, 11 changes (max delta 0.001)
    189.02 seconds: ME NNI round 15 of 40, 801 of 998 splits, 12 changes (max delta 0.001)
    189.29 seconds: ME NNI round 15 of 40, 901 of 998 splits, 12 changes (max delta 0.001)
    189.53 seconds: ME NNI round 16 of 40, 1 of 998 splits
    189.82 seconds: ME NNI round 16 of 40, 101 of 998 splits, 2 changes (max delta 0.000)
    190.04 seconds: ME NNI round 17 of 40, 1 of 998 splits
    190.33 seconds: ME NNI round 18 of 40, 1 of 998 splits
    190.50 seconds: SPR round   2 of   2, 1 of 1998 nodes
    195.31 seconds: SPR round   2 of   2, 101 of 1998 nodes
    199.70 seconds: SPR round   2 of   2, 201 of 1998 nodes
    204.78 seconds: SPR round   2 of   2, 301 of 1998 nodes
    210.32 seconds: SPR round   2 of   2, 401 of 1998 nodes
    215.50 seconds: SPR round   2 of   2, 501 of 1998 nodes
    220.07 seconds: SPR round   2 of   2, 601 of 1998 nodes
    225.65 seconds: SPR round   2 of   2, 701 of 1998 nodes
    230.20 seconds: SPR round   2 of   2, 801 of 1998 nodes
    235.09 seconds: SPR round   2 of   2, 901 of 1998 nodes
    239.79 seconds: SPR round   2 of   2, 1001 of 1998 nodes
    244.32 seconds: SPR round   2 of   2, 1101 of 1998 nodes
    249.98 seconds: SPR round   2 of   2, 1201 of 1998 nodes
    254.33 seconds: SPR round   2 of   2, 1301 of 1998 nodes
    258.89 seconds: SPR round   2 of   2, 1401 of 1998 nodes
    263.66 seconds: SPR round   2 of   2, 1501 of 1998 nodes
    268.43 seconds: SPR round   2 of   2, 1601 of 1998 nodes
    273.88 seconds: SPR round   2 of   2, 1701 of 1998 nodes
    278.67 seconds: SPR round   2 of   2, 1801 of 1998 nodes
    284.21 seconds: SPR round   2 of   2, 1901 of 1998 nodes
    290.09 seconds: ME NNI round 27 of 40, 1 of 998 splits
    290.35 seconds: ME NNI round 27 of 40, 101 of 998 splits, 2 changes (max delta 0.001)
    290.59 seconds: ME NNI round 27 of 40, 201 of 998 splits, 2 changes (max delta 0.001)
    290.85 seconds: ME NNI round 27 of 40, 301 of 998 splits, 2 changes (max delta 0.001)
    291.14 seconds: ME NNI round 27 of 40, 401 of 998 splits, 4 changes (max delta 0.001)
    291.44 seconds: ME NNI round 27 of 40, 501 of 998 splits, 5 changes (max delta 0.001)
    291.71 seconds: ME NNI round 27 of 40, 601 of 998 splits, 6 changes (max delta 0.001)
    291.98 seconds: ME NNI round 27 of 40, 701 of 998 splits, 6 changes (max delta 0.001)
    292.23 seconds: ME NNI round 27 of 40, 801 of 998 splits, 6 changes (max delta 0.001)
    292.48 seconds: ME NNI round 27 of 40, 901 of 998 splits, 6 changes (max delta 0.001)
    292.73 seconds: ME NNI round 28 of 40, 1 of 998 splits
    292.99 seconds: ME NNI round 28 of 40, 101 of 998 splits, 0 changes
    293.24 seconds: ME NNI round 28 of 40, 201 of 998 splits, 1 changes (max delta 0.000)
    293.49 seconds: ME NNI round 28 of 40, 301 of 998 splits, 1 changes (max delta 0.000)
    293.78 seconds: ME NNI round 28 of 40, 401 of 998 splits, 4 changes (max delta 0.000)
    294.06 seconds: ME NNI round 28 of 40, 501 of 998 splits, 11 changes (max delta 0.000)
    294.34 seconds: ME NNI round 28 of 40, 601 of 998 splits, 12 changes (max delta 0.000)
    294.61 seconds: ME NNI round 28 of 40, 701 of 998 splits, 12 changes (max delta 0.000)
    294.87 seconds: ME NNI round 28 of 40, 801 of 998 splits, 12 changes (max delta 0.000)
    295.10 seconds: ME NNI round 28 of 40, 901 of 998 splits, 12 changes (max delta 0.000)
    295.35 seconds: ME NNI round 29 of 40, 1 of 998 splits
    295.64 seconds: ME NNI round 30 of 40, 1 of 998 splits
    295.86 seconds: ME NNI round 31 of 40, 1 of 998 splits
Total branch-length 42.327 after 299.22 sec
    299.70 seconds: ML Lengths 1 of 998 splits
    302.59 seconds: ML Lengths 101 of 998 splits
    305.42 seconds: ML Lengths 201 of 998 splits
    308.26 seconds: ML Lengths 301 of 998 splits
    311.10 seconds: ML Lengths 401 of 998 splits
    314.03 seconds: ML Lengths 501 of 998 splits
    316.88 seconds: ML Lengths 601 of 998 splits
    319.72 seconds: ML Lengths 701 of 998 splits
    322.62 seconds: ML Lengths 801 of 998 splits
    325.50 seconds: ML Lengths 901 of 998 splits
    328.36 seconds: ML NNI round 1 of 20, 1 of 998 splits
    336.78 seconds: ML NNI round 1 of 20, 101 of 998 splits, 26 changes (max delta 32.457)
    345.53 seconds: ML NNI round 1 of 20, 201 of 998 splits, 45 changes (max delta 32.457)
    353.72 seconds: ML NNI round 1 of 20, 301 of 998 splits, 64 changes (max delta 59.248)
    362.67 seconds: ML NNI round 1 of 20, 401 of 998 splits, 91 changes (max delta 59.248)
    371.34 seconds: ML NNI round 1 of 20, 501 of 998 splits, 115 changes (max delta 59.248)
    379.67 seconds: ML NNI round 1 of 20, 601 of 998 splits, 139 changes (max delta 59.248)
    388.41 seconds: ML NNI round 1 of 20, 701 of 998 splits, 165 changes (max delta 75.289)
    397.02 seconds: ML NNI round 1 of 20, 801 of 998 splits, 182 changes (max delta 75.289)
    405.91 seconds: ML NNI round 1 of 20, 901 of 998 splits, 205 changes (max delta 75.289)
ML-NNI round 1: LogLk = -2295458.270 NNIs 232 max delta 75.29 Time 415.02
    415.04 seconds: Optimizing GTR model, step 1 of 12
    430.52 seconds: Optimizing GTR model, step 2 of 12
    448.63 seconds: Optimizing GTR model, step 3 of 12
    470.31 seconds: Optimizing GTR model, step 4 of 12
    490.53 seconds: Optimizing GTR model, step 5 of 12
    507.79 seconds: Optimizing GTR model, step 6 of 12
    525.86 seconds: Optimizing GTR model, step 7 of 12
    538.88 seconds: Optimizing GTR model, step 8 of 12
    551.95 seconds: Optimizing GTR model, step 9 of 12
    564.11 seconds: Optimizing GTR model, step 10 of 12
    575.54 seconds: Optimizing GTR model, step 11 of 12
    586.86 seconds: Optimizing GTR model, step 12 of 12
GTR Frequencies: 0.3632 0.1760 0.2391 0.2217
GTR rates(ac ag at cg ct gt) 1.8873 4.4248 0.9616 0.9255 5.2949 1.0000
    599.16 seconds: ML Lengths 1 of 998 splits
    602.54 seconds: ML Lengths 101 of 998 splits
    605.89 seconds: ML Lengths 201 of 998 splits
    609.19 seconds: ML Lengths 301 of 998 splits
    612.51 seconds: ML Lengths 401 of 998 splits
    615.78 seconds: ML Lengths 501 of 998 splits
    618.95 seconds: ML Lengths 601 of 998 splits
    622.06 seconds: ML Lengths 701 of 998 splits
    625.16 seconds: ML Lengths 801 of 998 splits
    628.24 seconds: ML Lengths 901 of 998 splits
    632.59 seconds: Site likelihoods with rate category 1 of 20
    633.92 seconds: Site likelihoods with rate category 2 of 20
    635.22 seconds: Site likelihoods with rate category 3 of 20
    636.57 seconds: Site likelihoods with rate category 4 of 20
    637.89 seconds: Site likelihoods with rate category 5 of 20
    639.23 seconds: Site likelihoods with rate category 6 of 20
    640.56 seconds: Site likelihoods with rate category 7 of 20
    641.87 seconds: Site likelihoods with rate category 8 of 20
    643.23 seconds: Site likelihoods with rate category 9 of 20
    644.55 seconds: Site likelihoods with rate category 10 of 20
    645.90 seconds: Site likelihoods with rate category 11 of 20
    647.23 seconds: Site likelihoods with rate category 12 of 20
    648.57 seconds: Site likelihoods with rate category 13 of 20
    649.88 seconds: Site likelihoods with rate category 14 of 20
    651.21 seconds: Site likelihoods with rate category 15 of 20
    652.55 seconds: Site likelihoods with rate category 16 of 20
    653.88 seconds: Site likelihoods with rate category 17 of 20
    655.24 seconds: Site likelihoods with rate category 18 of 20
    656.57 seconds: Site likelihoods with rate category 19 of 20
    657.92 seconds: Site likelihoods with rate category 20 of 20
Switched to using 20 rate categories (CAT approximation)
Rate categories were divided by 1.052 so that average rate = 1.0
CAT-based log-likelihoods may not be comparable across runs
    659.83 seconds: ML NNI round 2 of 20, 1 of 998 splits
    668.89 seconds: ML NNI round 2 of 20, 101 of 998 splits, 10 changes (max delta 18.281)
    677.85 seconds: ML NNI round 2 of 20, 201 of 998 splits, 31 changes (max delta 35.004)
    685.66 seconds: ML NNI round 2 of 20, 301 of 998 splits, 48 changes (max delta 35.004)
    693.83 seconds: ML NNI round 2 of 20, 401 of 998 splits, 68 changes (max delta 35.004)
    701.11 seconds: ML NNI round 2 of 20, 501 of 998 splits, 81 changes (max delta 35.004)
    708.15 seconds: ML NNI round 2 of 20, 601 of 998 splits, 94 changes (max delta 35.004)
    716.10 seconds: ML NNI round 2 of 20, 701 of 998 splits, 111 changes (max delta 35.004)
    723.99 seconds: ML NNI round 2 of 20, 801 of 998 splits, 129 changes (max delta 35.004)
    734.05 seconds: ML NNI round 2 of 20, 901 of 998 splits, 154 changes (max delta 35.004)
ML-NNI round 2: LogLk = -1820737.590 NNIs 175 max delta 35.00 Time 744.34
    744.33 seconds: ML NNI round 3 of 20, 1 of 998 splits
    752.33 seconds: ML NNI round 3 of 20, 101 of 998 splits, 10 changes (max delta 10.683)
    761.48 seconds: ML NNI round 3 of 20, 201 of 998 splits, 20 changes (max delta 10.683)
    768.42 seconds: ML NNI round 3 of 20, 301 of 998 splits, 30 changes (max delta 10.683)
    774.81 seconds: ML NNI round 3 of 20, 401 of 998 splits, 38 changes (max delta 13.044)
    780.26 seconds: ML NNI round 3 of 20, 501 of 998 splits, 44 changes (max delta 19.440)
    785.81 seconds: ML NNI round 3 of 20, 601 of 998 splits, 51 changes (max delta 19.440)
    793.77 seconds: ML NNI round 3 of 20, 701 of 998 splits, 60 changes (max delta 19.440)
ML-NNI round 3: LogLk = -1820131.596 NNIs 74 max delta 19.44 Time 802.67
    802.66 seconds: ML NNI round 4 of 20, 1 of 998 splits
    808.77 seconds: ML NNI round 4 of 20, 101 of 998 splits, 4 changes (max delta 6.074)
    813.88 seconds: ML NNI round 4 of 20, 201 of 998 splits, 11 changes (max delta 6.074)
    818.94 seconds: ML NNI round 4 of 20, 301 of 998 splits, 17 changes (max delta 12.370)
    822.05 seconds: ML NNI round 4 of 20, 401 of 998 splits, 20 changes (max delta 22.662)
    827.40 seconds: ML NNI round 4 of 20, 501 of 998 splits, 26 changes (max delta 22.662)
    835.04 seconds: ML NNI round 4 of 20, 601 of 998 splits, 33 changes (max delta 22.662)
ML-NNI round 4: LogLk = -1819902.743 NNIs 36 max delta 22.66 Time 837.57
    837.56 seconds: ML NNI round 5 of 20, 1 of 998 splits
    843.61 seconds: ML NNI round 5 of 20, 101 of 998 splits, 7 changes (max delta 9.087)
    849.12 seconds: ML NNI round 5 of 20, 201 of 998 splits, 12 changes (max delta 14.244)
    853.34 seconds: ML NNI round 5 of 20, 301 of 998 splits, 15 changes (max delta 14.244)
ML-NNI round 5: LogLk = -1819803.825 NNIs 18 max delta 14.24 Time 858.10
    858.10 seconds: ML NNI round 6 of 20, 1 of 998 splits
    863.20 seconds: ML NNI round 6 of 20, 101 of 998 splits, 3 changes (max delta 5.084)
    866.80 seconds: ML NNI round 6 of 20, 201 of 998 splits, 5 changes (max delta 5.084)
ML-NNI round 6: LogLk = -1819771.463 NNIs 6 max delta 5.08 Time 869.49
    869.48 seconds: ML NNI round 7 of 20, 1 of 998 splits
    872.62 seconds: ML NNI round 7 of 20, 101 of 998 splits, 0 changes
ML-NNI round 7: LogLk = -1819767.268 NNIs 0 max delta 0.00 Time 874.39
Turning off heuristics for final round of ML NNIs (converged)
    874.39 seconds: ML NNI round 8 of 20, 1 of 998 splits
    887.23 seconds: ML NNI round 8 of 20, 101 of 998 splits, 5 changes (max delta 2.363)
    899.25 seconds: ML NNI round 8 of 20, 201 of 998 splits, 8 changes (max delta 3.596)
    911.23 seconds: ML NNI round 8 of 20, 301 of 998 splits, 16 changes (max delta 10.724)
    922.46 seconds: ML NNI round 8 of 20, 401 of 998 splits, 19 changes (max delta 10.724)
    934.26 seconds: ML NNI round 8 of 20, 501 of 998 splits, 26 changes (max delta 10.724)
    945.15 seconds: ML NNI round 8 of 20, 601 of 998 splits, 28 changes (max delta 10.724)
    956.76 seconds: ML NNI round 8 of 20, 701 of 998 splits, 30 changes (max delta 10.724)
    969.10 seconds: ML NNI round 8 of 20, 801 of 998 splits, 38 changes (max delta 13.002)
    981.68 seconds: ML NNI round 8 of 20, 901 of 998 splits, 44 changes (max delta 13.002)
ML-NNI round 8: LogLk = -1818348.122 NNIs 52 max delta 13.00 Time 993.63 (final)
    993.63 seconds: ML Lengths 1 of 998 splits
    996.61 seconds: ML Lengths 101 of 998 splits
    999.58 seconds: ML Lengths 201 of 998 splits
   1002.58 seconds: ML Lengths 301 of 998 splits
   1005.55 seconds: ML Lengths 401 of 998 splits
   1008.50 seconds: ML Lengths 501 of 998 splits
   1011.47 seconds: ML Lengths 601 of 998 splits
   1014.41 seconds: ML Lengths 701 of 998 splits
   1017.35 seconds: ML Lengths 801 of 998 splits
   1020.31 seconds: ML Lengths 901 of 998 splits
Optimize all lengths: LogLk = -1818339.732 Time 1023.51
   1042.24 seconds: ML split tests for    100 of    997 internal splits
   1060.15 seconds: ML split tests for    200 of    997 internal splits
   1077.97 seconds: ML split tests for    300 of    997 internal splits
   1096.15 seconds: ML split tests for    400 of    997 internal splits
   1113.95 seconds: ML split tests for    500 of    997 internal splits
   1131.68 seconds: ML split tests for    600 of    997 internal splits
   1149.32 seconds: ML split tests for    700 of    997 internal splits
   1167.66 seconds: ML split tests for    800 of    997 internal splits
   1185.99 seconds: ML split tests for    900 of    997 internal splits
   1204.91 seconds: Site likelihoods with rate category 1 of 20
   1206.26 seconds: Site likelihoods with rate category 2 of 20
   1207.59 seconds: Site likelihoods with rate category 3 of 20
   1208.89 seconds: Site likelihoods with rate category 4 of 20
   1210.25 seconds: Site likelihoods with rate category 5 of 20
   1211.57 seconds: Site likelihoods with rate category 6 of 20
   1212.92 seconds: Site likelihoods with rate category 7 of 20
   1214.24 seconds: Site likelihoods with rate category 8 of 20
   1215.56 seconds: Site likelihoods with rate category 9 of 20
   1216.91 seconds: Site likelihoods with rate category 10 of 20
   1218.25 seconds: Site likelihoods with rate category 11 of 20
   1219.57 seconds: Site likelihoods with rate category 12 of 20
   1220.90 seconds: Site likelihoods with rate category 13 of 20
   1222.24 seconds: Site likelihoods with rate category 14 of 20
   1223.57 seconds: Site likelihoods with rate category 15 of 20
   1224.92 seconds: Site likelihoods with rate category 16 of 20
   1226.23 seconds: Site likelihoods with rate category 17 of 20
   1227.57 seconds: Site likelihoods with rate category 18 of 20
   1228.89 seconds: Site likelihoods with rate category 19 of 20
   1230.23 seconds: Site likelihoods with rate category 20 of 20
   1231.86 seconds: Optimizing alpha round 2
   1232.20 seconds: Optimizing alpha round 3
   1232.53 seconds: Optimizing alpha round 4
Gamma(20) LogLk = -1834723.864 alpha = 0.302 rescaling lengths by 2.260
Total time: 1232.86 seconds Unique: 1000/1000 Bad splits: 19/997 Worst delta-LogLk 12.448
