FastTree Version 2.1.11 Double precision (No SSE3)
Alignment: standard input
Nucleotide distances: Jukes-Cantor Joins: balanced Support: SH-like 1000
Search: Normal +NNI +SPR (2 rounds range 10) +ML-NNI opt-each=1
TopHits: 1.00*sqrtN close=default refresh=0.80
ML Model: Generalized Time-Reversible, CAT approximation with 20 rate categories
Ignored unknown character B (seen 2 times)
Ignored unknown character D (seen 8 times)
Ignored unknown character H (seen 2 times)
Ignored unknown character K (seen 227 times)
Ignored unknown character M (seen 326 times)
Ignored unknown character R (seen 1877 times)
Ignored unknown character S (seen 86 times)
Ignored unknown character V (seen 4 times)
Ignored unknown character W (seen 227 times)
Ignored unknown character X (seen 283 times)
Ignored unknown character Y (seen 801 times)
      4.40 seconds: Top hits for    286 of   1000 seqs (at seed    100)
      6.60 seconds: Top hits for    396 of   1000 seqs (at seed    200)
      9.03 seconds: Top hits for    487 of   1000 seqs (at seed    300)
     11.14 seconds: Top hits for    553 of   1000 seqs (at seed    400)
     13.20 seconds: Top hits for    627 of   1000 seqs (at seed    500)
     15.47 seconds: Top hits for    708 of   1000 seqs (at seed    600)
     17.42 seconds: Top hits for    772 of   1000 seqs (at seed    700)
     19.52 seconds: Top hits for    847 of   1000 seqs (at seed    800)
     21.83 seconds: Top hits for    922 of   1000 seqs (at seed    900)
     24.30 seconds: Checking top hits for      1 of   1000 seqs
     29.31 seconds: Joined    100 of    997
     32.78 seconds: Joined    200 of    997
     36.92 seconds: Joined    300 of    997
     42.36 seconds: Joined    400 of    997
     46.17 seconds: Joined    500 of    997
     48.11 seconds: Joined    600 of    997
     51.29 seconds: Joined    700 of    997
     54.48 seconds: Joined    800 of    997
     58.35 seconds: Joined    900 of    997
Initial topology in 61.25 seconds
Refining topology: 40 rounds ME-NNIs, 2 rounds ME-SPRs, 20 rounds ML-NNIs
     61.25 seconds: ME NNI round 1 of 40, 1 of 998 splits
     61.46 seconds: ME NNI round 1 of 40, 101 of 998 splits, 6 changes (max delta 0.002)
     61.66 seconds: ME NNI round 1 of 40, 201 of 998 splits, 17 changes (max delta 0.002)
     61.89 seconds: ME NNI round 1 of 40, 301 of 998 splits, 27 changes (max delta 0.002)
     62.12 seconds: ME NNI round 1 of 40, 401 of 998 splits, 44 changes (max delta 0.002)
     62.47 seconds: ME NNI round 1 of 40, 501 of 998 splits, 75 changes (max delta 0.007)
     62.73 seconds: ME NNI round 1 of 40, 601 of 998 splits, 101 changes (max delta 0.007)
     62.99 seconds: ME NNI round 1 of 40, 701 of 998 splits, 131 changes (max delta 0.007)
     63.22 seconds: ME NNI round 1 of 40, 801 of 998 splits, 160 changes (max delta 0.007)
     63.42 seconds: ME NNI round 1 of 40, 901 of 998 splits, 174 changes (max delta 0.007)
     63.61 seconds: ME NNI round 2 of 40, 1 of 998 splits
     63.80 seconds: ME NNI round 2 of 40, 101 of 998 splits, 6 changes (max delta 0.001)
     63.98 seconds: ME NNI round 2 of 40, 201 of 998 splits, 7 changes (max delta 0.001)
     64.19 seconds: ME NNI round 2 of 40, 301 of 998 splits, 14 changes (max delta 0.001)
     64.42 seconds: ME NNI round 2 of 40, 401 of 998 splits, 25 changes (max delta 0.002)
     64.74 seconds: ME NNI round 2 of 40, 501 of 998 splits, 47 changes (max delta 0.002)
     64.98 seconds: ME NNI round 2 of 40, 601 of 998 splits, 60 changes (max delta 0.002)
     65.22 seconds: ME NNI round 2 of 40, 701 of 998 splits, 88 changes (max delta 0.003)
     65.44 seconds: ME NNI round 2 of 40, 801 of 998 splits, 105 changes (max delta 0.003)
     65.65 seconds: ME NNI round 2 of 40, 901 of 998 splits, 118 changes (max delta 0.003)
     65.85 seconds: ME NNI round 3 of 40, 1 of 998 splits
     66.11 seconds: ME NNI round 3 of 40, 101 of 998 splits, 17 changes (max delta 0.006)
     66.33 seconds: ME NNI round 3 of 40, 201 of 998 splits, 30 changes (max delta 0.006)
     66.55 seconds: ME NNI round 3 of 40, 301 of 998 splits, 44 changes (max delta 0.006)
     66.78 seconds: ME NNI round 3 of 40, 401 of 998 splits, 59 changes (max delta 0.006)
     66.99 seconds: ME NNI round 3 of 40, 501 of 998 splits, 68 changes (max delta 0.006)
     67.21 seconds: ME NNI round 3 of 40, 601 of 998 splits, 72 changes (max delta 0.006)
     67.35 seconds: ME NNI round 4 of 40, 1 of 998 splits
     67.59 seconds: ME NNI round 4 of 40, 101 of 998 splits, 11 changes (max delta 0.003)
     67.82 seconds: ME NNI round 4 of 40, 201 of 998 splits, 32 changes (max delta 0.004)
     68.03 seconds: ME NNI round 4 of 40, 301 of 998 splits, 39 changes (max delta 0.004)
     68.26 seconds: ME NNI round 4 of 40, 401 of 998 splits, 49 changes (max delta 0.004)
     68.44 seconds: ME NNI round 5 of 40, 1 of 998 splits
     68.71 seconds: ME NNI round 5 of 40, 101 of 998 splits, 11 changes (max delta 0.004)
     68.94 seconds: ME NNI round 5 of 40, 201 of 998 splits, 17 changes (max delta 0.004)
     69.16 seconds: ME NNI round 5 of 40, 301 of 998 splits, 26 changes (max delta 0.007)
     69.28 seconds: ME NNI round 6 of 40, 1 of 998 splits
     69.53 seconds: ME NNI round 6 of 40, 101 of 998 splits, 9 changes (max delta 0.002)
     69.75 seconds: ME NNI round 6 of 40, 201 of 998 splits, 17 changes (max delta 0.002)
     70.09 seconds: ME NNI round 7 of 40, 101 of 998 splits, 4 changes (max delta 0.001)
     70.26 seconds: ME NNI round 8 of 40, 1 of 998 splits
     70.49 seconds: ME NNI round 8 of 40, 101 of 998 splits, 1 changes (max delta 0.000)
     70.76 seconds: ME NNI round 10 of 40, 1 of 998 splits
     70.89 seconds: ME NNI round 11 of 40, 1 of 998 splits
     71.07 seconds: SPR round   1 of   2, 1 of 1998 nodes
     75.35 seconds: SPR round   1 of   2, 101 of 1998 nodes
     79.78 seconds: SPR round   1 of   2, 201 of 1998 nodes
     83.48 seconds: SPR round   1 of   2, 301 of 1998 nodes
     88.01 seconds: SPR round   1 of   2, 401 of 1998 nodes
     92.04 seconds: SPR round   1 of   2, 501 of 1998 nodes
     95.98 seconds: SPR round   1 of   2, 601 of 1998 nodes
    100.25 seconds: SPR round   1 of   2, 701 of 1998 nodes
    104.63 seconds: SPR round   1 of   2, 801 of 1998 nodes
    108.70 seconds: SPR round   1 of   2, 901 of 1998 nodes
    113.13 seconds: SPR round   1 of   2, 1001 of 1998 nodes
    117.22 seconds: SPR round   1 of   2, 1101 of 1998 nodes
    120.43 seconds: SPR round   1 of   2, 1201 of 1998 nodes
    124.43 seconds: SPR round   1 of   2, 1301 of 1998 nodes
    128.45 seconds: SPR round   1 of   2, 1401 of 1998 nodes
    132.47 seconds: SPR round   1 of   2, 1501 of 1998 nodes
    136.96 seconds: SPR round   1 of   2, 1601 of 1998 nodes
    141.62 seconds: SPR round   1 of   2, 1701 of 1998 nodes
    145.81 seconds: SPR round   1 of   2, 1801 of 1998 nodes
    149.80 seconds: SPR round   1 of   2, 1901 of 1998 nodes
    154.72 seconds: ME NNI round 14 of 40, 1 of 998 splits
    154.94 seconds: ME NNI round 14 of 40, 101 of 998 splits, 1 changes (max delta 0.000)
    155.15 seconds: ME NNI round 14 of 40, 201 of 998 splits, 2 changes (max delta 0.000)
    155.37 seconds: ME NNI round 14 of 40, 301 of 998 splits, 8 changes (max delta 0.001)
    155.59 seconds: ME NNI round 14 of 40, 401 of 998 splits, 10 changes (max delta 0.002)
    155.80 seconds: ME NNI round 14 of 40, 501 of 998 splits, 10 changes (max delta 0.002)
    156.01 seconds: ME NNI round 14 of 40, 601 of 998 splits, 15 changes (max delta 0.002)
    156.22 seconds: ME NNI round 14 of 40, 701 of 998 splits, 18 changes (max delta 0.002)
    156.42 seconds: ME NNI round 14 of 40, 801 of 998 splits, 18 changes (max delta 0.002)
    156.64 seconds: ME NNI round 14 of 40, 901 of 998 splits, 24 changes (max delta 0.002)
    156.84 seconds: ME NNI round 15 of 40, 1 of 998 splits
    157.06 seconds: ME NNI round 15 of 40, 101 of 998 splits, 0 changes
    157.27 seconds: ME NNI round 15 of 40, 201 of 998 splits, 0 changes
    157.48 seconds: ME NNI round 15 of 40, 301 of 998 splits, 1 changes (max delta 0.000)
    157.69 seconds: ME NNI round 15 of 40, 401 of 998 splits, 5 changes (max delta 0.000)
    157.90 seconds: ME NNI round 15 of 40, 501 of 998 splits, 5 changes (max delta 0.000)
    158.11 seconds: ME NNI round 15 of 40, 601 of 998 splits, 7 changes (max delta 0.000)
    158.31 seconds: ME NNI round 15 of 40, 701 of 998 splits, 7 changes (max delta 0.000)
    158.51 seconds: ME NNI round 15 of 40, 801 of 998 splits, 7 changes (max delta 0.000)
    158.71 seconds: ME NNI round 15 of 40, 901 of 998 splits, 8 changes (max delta 0.000)
    158.90 seconds: ME NNI round 16 of 40, 1 of 998 splits
    159.16 seconds: ME NNI round 16 of 40, 101 of 998 splits, 5 changes (max delta 0.001)
    159.33 seconds: ME NNI round 17 of 40, 1 of 998 splits
    159.59 seconds: ME NNI round 17 of 40, 101 of 998 splits, 0 changes
    164.13 seconds: SPR round   2 of   2, 101 of 1998 nodes
    168.46 seconds: SPR round   2 of   2, 201 of 1998 nodes
    172.54 seconds: SPR round   2 of   2, 301 of 1998 nodes
    176.65 seconds: SPR round   2 of   2, 401 of 1998 nodes
    180.90 seconds: SPR round   2 of   2, 501 of 1998 nodes
    184.73 seconds: SPR round   2 of   2, 601 of 1998 nodes
    189.03 seconds: SPR round   2 of   2, 701 of 1998 nodes
    192.94 seconds: SPR round   2 of   2, 801 of 1998 nodes
    196.26 seconds: SPR round   2 of   2, 901 of 1998 nodes
    200.28 seconds: SPR round   2 of   2, 1001 of 1998 nodes
    204.40 seconds: SPR round   2 of   2, 1101 of 1998 nodes
    208.35 seconds: SPR round   2 of   2, 1201 of 1998 nodes
    213.03 seconds: SPR round   2 of   2, 1301 of 1998 nodes
    216.83 seconds: SPR round   2 of   2, 1401 of 1998 nodes
    220.97 seconds: SPR round   2 of   2, 1501 of 1998 nodes
    226.06 seconds: SPR round   2 of   2, 1601 of 1998 nodes
    229.90 seconds: SPR round   2 of   2, 1701 of 1998 nodes
    234.69 seconds: SPR round   2 of   2, 1801 of 1998 nodes
    239.42 seconds: SPR round   2 of   2, 1901 of 1998 nodes
    244.32 seconds: ME NNI round 27 of 40, 1 of 998 splits
    244.56 seconds: ME NNI round 27 of 40, 101 of 998 splits, 0 changes
    244.78 seconds: ME NNI round 27 of 40, 201 of 998 splits, 5 changes (max delta 0.001)
    245.00 seconds: ME NNI round 27 of 40, 301 of 998 splits, 10 changes (max delta 0.001)
    245.21 seconds: ME NNI round 27 of 40, 401 of 998 splits, 11 changes (max delta 0.001)
    245.43 seconds: ME NNI round 27 of 40, 501 of 998 splits, 11 changes (max delta 0.001)
    245.66 seconds: ME NNI round 27 of 40, 601 of 998 splits, 13 changes (max delta 0.001)
    245.86 seconds: ME NNI round 27 of 40, 701 of 998 splits, 14 changes (max delta 0.001)
    246.07 seconds: ME NNI round 27 of 40, 801 of 998 splits, 14 changes (max delta 0.001)
    246.28 seconds: ME NNI round 27 of 40, 901 of 998 splits, 14 changes (max delta 0.001)
    246.48 seconds: ME NNI round 28 of 40, 1 of 998 splits
    246.72 seconds: ME NNI round 28 of 40, 101 of 998 splits, 2 changes (max delta 0.000)
    246.94 seconds: ME NNI round 28 of 40, 201 of 998 splits, 4 changes (max delta 0.000)
    247.15 seconds: ME NNI round 28 of 40, 301 of 998 splits, 5 changes (max delta 0.000)
    247.35 seconds: ME NNI round 28 of 40, 401 of 998 splits, 5 changes (max delta 0.000)
    247.57 seconds: ME NNI round 28 of 40, 501 of 998 splits, 5 changes (max delta 0.000)
    247.79 seconds: ME NNI round 28 of 40, 601 of 998 splits, 5 changes (max delta 0.000)
    247.99 seconds: ME NNI round 28 of 40, 701 of 998 splits, 5 changes (max delta 0.000)
    248.20 seconds: ME NNI round 28 of 40, 801 of 998 splits, 5 changes (max delta 0.000)
    248.40 seconds: ME NNI round 28 of 40, 901 of 998 splits, 5 changes (max delta 0.000)
    248.60 seconds: ME NNI round 29 of 40, 1 of 998 splits
    248.85 seconds: ME NNI round 29 of 40, 101 of 998 splits, 0 changes
Total branch-length 45.851 after 251.39 sec
    251.80 seconds: ML Lengths 1 of 998 splits
    254.00 seconds: ML Lengths 101 of 998 splits
    256.18 seconds: ML Lengths 201 of 998 splits
    258.36 seconds: ML Lengths 301 of 998 splits
    260.56 seconds: ML Lengths 401 of 998 splits
    262.79 seconds: ML Lengths 501 of 998 splits
    264.96 seconds: ML Lengths 601 of 998 splits
    267.22 seconds: ML Lengths 701 of 998 splits
    269.45 seconds: ML Lengths 801 of 998 splits
    271.67 seconds: ML Lengths 901 of 998 splits
    273.86 seconds: ML NNI round 1 of 20, 1 of 998 splits
    280.57 seconds: ML NNI round 1 of 20, 101 of 998 splits, 29 changes (max delta 58.505)
    287.34 seconds: ML NNI round 1 of 20, 201 of 998 splits, 50 changes (max delta 58.505)
    293.88 seconds: ML NNI round 1 of 20, 301 of 998 splits, 80 changes (max delta 58.505)
    300.32 seconds: ML NNI round 1 of 20, 401 of 998 splits, 103 changes (max delta 92.863)
    306.87 seconds: ML NNI round 1 of 20, 501 of 998 splits, 128 changes (max delta 92.863)
    313.60 seconds: ML NNI round 1 of 20, 601 of 998 splits, 149 changes (max delta 92.863)
    320.57 seconds: ML NNI round 1 of 20, 701 of 998 splits, 180 changes (max delta 92.863)
    327.07 seconds: ML NNI round 1 of 20, 801 of 998 splits, 205 changes (max delta 92.863)
    333.74 seconds: ML NNI round 1 of 20, 901 of 998 splits, 234 changes (max delta 92.863)
ML-NNI round 1: LogLk = -2442710.527 NNIs 266 max delta 92.86 Time 340.88
    340.89 seconds: Optimizing GTR model, step 1 of 12
    353.22 seconds: Optimizing GTR model, step 2 of 12
    370.63 seconds: Optimizing GTR model, step 3 of 12
    387.05 seconds: Optimizing GTR model, step 4 of 12
    404.72 seconds: Optimizing GTR model, step 5 of 12
    421.06 seconds: Optimizing GTR model, step 6 of 12
    439.35 seconds: Optimizing GTR model, step 7 of 12
    450.95 seconds: Optimizing GTR model, step 8 of 12
    463.75 seconds: Optimizing GTR model, step 9 of 12
    476.38 seconds: Optimizing GTR model, step 10 of 12
    487.82 seconds: Optimizing GTR model, step 11 of 12
    499.12 seconds: Optimizing GTR model, step 12 of 12
GTR Frequencies: 0.3632 0.1760 0.2391 0.2217
GTR rates(ac ag at cg ct gt) 1.8392 3.9481 0.9885 0.9687 4.6997 1.0000
    511.18 seconds: ML Lengths 1 of 998 splits
    513.74 seconds: ML Lengths 101 of 998 splits
    516.21 seconds: ML Lengths 201 of 998 splits
    518.66 seconds: ML Lengths 301 of 998 splits
    521.16 seconds: ML Lengths 401 of 998 splits
    523.72 seconds: ML Lengths 501 of 998 splits
    526.24 seconds: ML Lengths 601 of 998 splits
    528.79 seconds: ML Lengths 701 of 998 splits
    531.31 seconds: ML Lengths 801 of 998 splits
    533.81 seconds: ML Lengths 901 of 998 splits
    537.50 seconds: Site likelihoods with rate category 1 of 20
    538.81 seconds: Site likelihoods with rate category 2 of 20
    540.09 seconds: Site likelihoods with rate category 3 of 20
    541.40 seconds: Site likelihoods with rate category 4 of 20
    542.67 seconds: Site likelihoods with rate category 5 of 20
    543.97 seconds: Site likelihoods with rate category 6 of 20
    545.23 seconds: Site likelihoods with rate category 7 of 20
    546.49 seconds: Site likelihoods with rate category 8 of 20
    547.81 seconds: Site likelihoods with rate category 9 of 20
    549.06 seconds: Site likelihoods with rate category 10 of 20
    550.35 seconds: Site likelihoods with rate category 11 of 20
    551.60 seconds: Site likelihoods with rate category 12 of 20
    552.93 seconds: Site likelihoods with rate category 13 of 20
    554.33 seconds: Site likelihoods with rate category 14 of 20
    555.77 seconds: Site likelihoods with rate category 15 of 20
    557.15 seconds: Site likelihoods with rate category 16 of 20
    558.45 seconds: Site likelihoods with rate category 17 of 20
    559.77 seconds: Site likelihoods with rate category 18 of 20
    561.03 seconds: Site likelihoods with rate category 19 of 20
    562.31 seconds: Site likelihoods with rate category 20 of 20
Switched to using 20 rate categories (CAT approximation)
Rate categories were divided by 1.106 so that average rate = 1.0
CAT-based log-likelihoods may not be comparable across runs
    564.15 seconds: ML NNI round 2 of 20, 1 of 998 splits
    570.24 seconds: ML NNI round 2 of 20, 101 of 998 splits, 14 changes (max delta 11.872)
    577.75 seconds: ML NNI round 2 of 20, 201 of 998 splits, 36 changes (max delta 15.034)
    584.45 seconds: ML NNI round 2 of 20, 301 of 998 splits, 53 changes (max delta 15.034)
    590.28 seconds: ML NNI round 2 of 20, 401 of 998 splits, 68 changes (max delta 15.034)
    596.42 seconds: ML NNI round 2 of 20, 501 of 998 splits, 89 changes (max delta 20.498)
    601.93 seconds: ML NNI round 2 of 20, 601 of 998 splits, 101 changes (max delta 20.498)
    608.91 seconds: ML NNI round 2 of 20, 701 of 998 splits, 130 changes (max delta 20.498)
    614.66 seconds: ML NNI round 2 of 20, 801 of 998 splits, 145 changes (max delta 20.498)
    620.65 seconds: ML NNI round 2 of 20, 901 of 998 splits, 164 changes (max delta 22.725)
ML-NNI round 2: LogLk = -1936630.528 NNIs 188 max delta 22.73 Time 628.91
    628.90 seconds: ML NNI round 3 of 20, 1 of 998 splits
    634.77 seconds: ML NNI round 3 of 20, 101 of 998 splits, 9 changes (max delta 21.161)
    640.51 seconds: ML NNI round 3 of 20, 201 of 998 splits, 16 changes (max delta 21.161)
    645.36 seconds: ML NNI round 3 of 20, 301 of 998 splits, 22 changes (max delta 21.161)
    651.34 seconds: ML NNI round 3 of 20, 401 of 998 splits, 38 changes (max delta 21.161)
    655.27 seconds: ML NNI round 3 of 20, 501 of 998 splits, 43 changes (max delta 21.161)
    658.71 seconds: ML NNI round 3 of 20, 601 of 998 splits, 46 changes (max delta 21.161)
    664.75 seconds: ML NNI round 3 of 20, 701 of 998 splits, 52 changes (max delta 21.161)
    671.95 seconds: ML NNI round 3 of 20, 801 of 998 splits, 66 changes (max delta 21.161)
ML-NNI round 3: LogLk = -1935883.670 NNIs 68 max delta 21.16 Time 673.14
    673.14 seconds: ML NNI round 4 of 20, 1 of 998 splits
    676.53 seconds: ML NNI round 4 of 20, 101 of 998 splits, 2 changes (max delta 2.068)
    680.13 seconds: ML NNI round 4 of 20, 201 of 998 splits, 11 changes (max delta 8.378)
    683.17 seconds: ML NNI round 4 of 20, 301 of 998 splits, 18 changes (max delta 9.544)
    685.21 seconds: ML NNI round 4 of 20, 401 of 998 splits, 18 changes (max delta 9.544)
    690.97 seconds: ML NNI round 4 of 20, 501 of 998 splits, 29 changes (max delta 9.544)
    695.58 seconds: ML NNI round 4 of 20, 601 of 998 splits, 33 changes (max delta 9.544)
ML-NNI round 4: LogLk = -1935641.007 NNIs 35 max delta 9.54 Time 696.63
    700.72 seconds: ML NNI round 5 of 20, 101 of 998 splits, 4 changes (max delta 5.975)
    703.91 seconds: ML NNI round 5 of 20, 201 of 998 splits, 5 changes (max delta 5.975)
    706.42 seconds: ML NNI round 5 of 20, 301 of 998 splits, 7 changes (max delta 9.818)
ML-NNI round 5: LogLk = -1935525.890 NNIs 12 max delta 9.82 Time 709.48
    709.47 seconds: ML NNI round 6 of 20, 1 of 998 splits
    712.37 seconds: ML NNI round 6 of 20, 101 of 998 splits, 1 changes (max delta 2.427)
ML-NNI round 6: LogLk = -1935521.187 NNIs 4 max delta 2.43 Time 714.68
    714.67 seconds: ML NNI round 7 of 20, 1 of 998 splits
ML-NNI round 7: LogLk = -1935519.980 NNIs 1 max delta 0.77 Time 717.50
    717.49 seconds: ML NNI round 8 of 20, 1 of 998 splits
ML-NNI round 8: LogLk = -1935519.977 NNIs 0 max delta 0.00 Time 718.55
Turning off heuristics for final round of ML NNIs (converged)
    728.01 seconds: ML NNI round 9 of 20, 101 of 998 splits, 10 changes (max delta 8.491)
    737.84 seconds: ML NNI round 9 of 20, 201 of 998 splits, 16 changes (max delta 8.491)
    747.08 seconds: ML NNI round 9 of 20, 301 of 998 splits, 20 changes (max delta 8.491)
    755.75 seconds: ML NNI round 9 of 20, 401 of 998 splits, 30 changes (max delta 9.394)
    764.49 seconds: ML NNI round 9 of 20, 501 of 998 splits, 41 changes (max delta 9.394)
    772.91 seconds: ML NNI round 9 of 20, 601 of 998 splits, 49 changes (max delta 18.061)
    781.67 seconds: ML NNI round 9 of 20, 701 of 998 splits, 58 changes (max delta 23.081)
    790.42 seconds: ML NNI round 9 of 20, 801 of 998 splits, 64 changes (max delta 23.081)
    800.00 seconds: ML NNI round 9 of 20, 901 of 998 splits, 74 changes (max delta 23.081)
ML-NNI round 9: LogLk = -1933186.109 NNIs 80 max delta 23.08 Time 809.73 (final)
    809.73 seconds: ML Lengths 1 of 998 splits
    812.05 seconds: ML Lengths 101 of 998 splits
    814.33 seconds: ML Lengths 201 of 998 splits
    816.59 seconds: ML Lengths 301 of 998 splits
    818.85 seconds: ML Lengths 401 of 998 splits
    821.13 seconds: ML Lengths 501 of 998 splits
    823.45 seconds: ML Lengths 601 of 998 splits
    825.73 seconds: ML Lengths 701 of 998 splits
    828.00 seconds: ML Lengths 801 of 998 splits
    830.28 seconds: ML Lengths 901 of 998 splits
Optimize all lengths: LogLk = -1933169.747 Time 832.83
    844.79 seconds: ML split tests for    100 of    997 internal splits
    856.55 seconds: ML split tests for    200 of    997 internal splits
    868.19 seconds: ML split tests for    300 of    997 internal splits
    879.65 seconds: ML split tests for    400 of    997 internal splits
    890.92 seconds: ML split tests for    500 of    997 internal splits
    901.81 seconds: ML split tests for    600 of    997 internal splits
    912.85 seconds: ML split tests for    700 of    997 internal splits
    923.89 seconds: ML split tests for    800 of    997 internal splits
    934.98 seconds: ML split tests for    900 of    997 internal splits
    947.41 seconds: Site likelihoods with rate category 1 of 20
    948.68 seconds: Site likelihoods with rate category 2 of 20
    949.91 seconds: Site likelihoods with rate category 3 of 20
    951.14 seconds: Site likelihoods with rate category 4 of 20
    952.42 seconds: Site likelihoods with rate category 5 of 20
    953.62 seconds: Site likelihoods with rate category 6 of 20
    954.88 seconds: Site likelihoods with rate category 7 of 20
    956.09 seconds: Site likelihoods with rate category 8 of 20
    957.32 seconds: Site likelihoods with rate category 9 of 20
    958.55 seconds: Site likelihoods with rate category 10 of 20
    959.75 seconds: Site likelihoods with rate category 11 of 20
    960.95 seconds: Site likelihoods with rate category 12 of 20
    962.15 seconds: Site likelihoods with rate category 13 of 20
    963.34 seconds: Site likelihoods with rate category 14 of 20
    964.58 seconds: Site likelihoods with rate category 15 of 20
    965.76 seconds: Site likelihoods with rate category 16 of 20
    967.00 seconds: Site likelihoods with rate category 17 of 20
    968.21 seconds: Site likelihoods with rate category 18 of 20
    969.41 seconds: Site likelihoods with rate category 19 of 20
    970.65 seconds: Site likelihoods with rate category 20 of 20
    971.54 seconds: Optimizing alpha round 1
    972.01 seconds: Optimizing alpha round 2
    972.28 seconds: Optimizing alpha round 3
Gamma(20) LogLk = -1951110.068 alpha = 0.293 rescaling lengths by 1.569
Total time: 972.54 seconds Unique: 1000/1000 Bad splits: 20/997 Worst delta-LogLk 19.599
