FastTree Version 2.1.11 Double precision (No SSE3)
Alignment: standard input
Nucleotide distances: Jukes-Cantor Joins: balanced Support: SH-like 1000
Search: Normal +NNI +SPR (2 rounds range 10) +ML-NNI opt-each=1
TopHits: 1.00*sqrtN close=default refresh=0.80
ML Model: Generalized Time-Reversible, CAT approximation with 20 rate categories
Ignored unknown character B (seen 2 times)
Ignored unknown character D (seen 8 times)
Ignored unknown character H (seen 2 times)
Ignored unknown character K (seen 220 times)
Ignored unknown character M (seen 312 times)
Ignored unknown character R (seen 1834 times)
Ignored unknown character S (seen 80 times)
Ignored unknown character V (seen 3 times)
Ignored unknown character W (seen 223 times)
Ignored unknown character X (seen 269 times)
Ignored unknown character Y (seen 791 times)
      3.06 seconds: Top hits for    269 of   1000 seqs (at seed    100)
      4.44 seconds: Top hits for    354 of   1000 seqs (at seed    200)
      6.66 seconds: Top hits for    458 of   1000 seqs (at seed    300)
      8.80 seconds: Top hits for    549 of   1000 seqs (at seed    400)
     10.54 seconds: Top hits for    626 of   1000 seqs (at seed    500)
     12.34 seconds: Top hits for    719 of   1000 seqs (at seed    600)
     13.67 seconds: Top hits for    774 of   1000 seqs (at seed    700)
     15.52 seconds: Top hits for    856 of   1000 seqs (at seed    800)
     17.36 seconds: Top hits for    931 of   1000 seqs (at seed    900)
     19.14 seconds: Checking top hits for      1 of   1000 seqs
     23.31 seconds: Joined    100 of    997
     26.14 seconds: Joined    200 of    997
     28.93 seconds: Joined    300 of    997
     33.71 seconds: Joined    400 of    997
     36.65 seconds: Joined    500 of    997
     38.42 seconds: Joined    600 of    997
     40.90 seconds: Joined    700 of    997
     43.08 seconds: Joined    800 of    997
     45.94 seconds: Joined    900 of    997
Initial topology in 48.25 seconds
Refining topology: 40 rounds ME-NNIs, 2 rounds ME-SPRs, 20 rounds ML-NNIs
     48.25 seconds: ME NNI round 1 of 40, 1 of 998 splits
     48.44 seconds: ME NNI round 1 of 40, 101 of 998 splits, 8 changes (max delta 0.001)
     48.62 seconds: ME NNI round 1 of 40, 201 of 998 splits, 17 changes (max delta 0.001)
     48.84 seconds: ME NNI round 1 of 40, 301 of 998 splits, 35 changes (max delta 0.006)
     49.05 seconds: ME NNI round 1 of 40, 401 of 998 splits, 58 changes (max delta 0.006)
     49.24 seconds: ME NNI round 1 of 40, 501 of 998 splits, 87 changes (max delta 0.006)
     49.43 seconds: ME NNI round 1 of 40, 601 of 998 splits, 120 changes (max delta 0.007)
     49.62 seconds: ME NNI round 1 of 40, 701 of 998 splits, 156 changes (max delta 0.007)
     49.78 seconds: ME NNI round 1 of 40, 801 of 998 splits, 169 changes (max delta 0.007)
     49.95 seconds: ME NNI round 1 of 40, 901 of 998 splits, 187 changes (max delta 0.007)
     50.12 seconds: ME NNI round 2 of 40, 1 of 998 splits
     50.28 seconds: ME NNI round 2 of 40, 101 of 998 splits, 5 changes (max delta 0.001)
     50.48 seconds: ME NNI round 2 of 40, 201 of 998 splits, 21 changes (max delta 0.001)
     50.66 seconds: ME NNI round 2 of 40, 301 of 998 splits, 42 changes (max delta 0.003)
     50.85 seconds: ME NNI round 2 of 40, 401 of 998 splits, 58 changes (max delta 0.004)
     51.02 seconds: ME NNI round 2 of 40, 501 of 998 splits, 74 changes (max delta 0.005)
     51.21 seconds: ME NNI round 2 of 40, 601 of 998 splits, 88 changes (max delta 0.007)
     51.38 seconds: ME NNI round 2 of 40, 701 of 998 splits, 97 changes (max delta 0.007)
     51.55 seconds: ME NNI round 2 of 40, 801 of 998 splits, 108 changes (max delta 0.007)
     51.71 seconds: ME NNI round 2 of 40, 901 of 998 splits, 112 changes (max delta 0.007)
     51.87 seconds: ME NNI round 3 of 40, 1 of 998 splits
     52.05 seconds: ME NNI round 3 of 40, 101 of 998 splits, 3 changes (max delta 0.001)
     52.24 seconds: ME NNI round 3 of 40, 201 of 998 splits, 17 changes (max delta 0.002)
     52.42 seconds: ME NNI round 3 of 40, 301 of 998 splits, 31 changes (max delta 0.005)
     52.61 seconds: ME NNI round 3 of 40, 401 of 998 splits, 45 changes (max delta 0.005)
     52.79 seconds: ME NNI round 3 of 40, 501 of 998 splits, 64 changes (max delta 0.005)
     52.97 seconds: ME NNI round 3 of 40, 601 of 998 splits, 72 changes (max delta 0.005)
     53.10 seconds: ME NNI round 4 of 40, 1 of 998 splits
     53.30 seconds: ME NNI round 4 of 40, 101 of 998 splits, 11 changes (max delta 0.003)
     53.49 seconds: ME NNI round 4 of 40, 201 of 998 splits, 32 changes (max delta 0.003)
     53.69 seconds: ME NNI round 4 of 40, 301 of 998 splits, 49 changes (max delta 0.003)
     53.87 seconds: ME NNI round 4 of 40, 401 of 998 splits, 62 changes (max delta 0.008)
     54.03 seconds: ME NNI round 5 of 40, 1 of 998 splits
     54.25 seconds: ME NNI round 5 of 40, 101 of 998 splits, 17 changes (max delta 0.004)
     54.42 seconds: ME NNI round 5 of 40, 201 of 998 splits, 32 changes (max delta 0.004)
     54.61 seconds: ME NNI round 5 of 40, 301 of 998 splits, 49 changes (max delta 0.004)
     54.74 seconds: ME NNI round 6 of 40, 1 of 998 splits
     54.97 seconds: ME NNI round 6 of 40, 101 of 998 splits, 12 changes (max delta 0.003)
     55.15 seconds: ME NNI round 6 of 40, 201 of 998 splits, 23 changes (max delta 0.003)
     55.33 seconds: ME NNI round 7 of 40, 1 of 998 splits
     55.54 seconds: ME NNI round 7 of 40, 101 of 998 splits, 7 changes (max delta 0.001)
     55.73 seconds: ME NNI round 7 of 40, 201 of 998 splits, 28 changes (max delta 0.002)
     56.01 seconds: ME NNI round 8 of 40, 101 of 998 splits, 9 changes (max delta 0.003)
     56.17 seconds: ME NNI round 9 of 40, 1 of 998 splits
     56.37 seconds: ME NNI round 9 of 40, 101 of 998 splits, 6 changes (max delta 0.002)
     56.48 seconds: ME NNI round 10 of 40, 1 of 998 splits
     56.70 seconds: ME NNI round 10 of 40, 101 of 998 splits, 6 changes (max delta 0.002)
     56.83 seconds: ME NNI round 12 of 40, 1 of 998 splits
     56.93 seconds: ME NNI round 13 of 40, 1 of 998 splits
     60.34 seconds: SPR round   1 of   2, 101 of 1998 nodes
     63.40 seconds: SPR round   1 of   2, 201 of 1998 nodes
     67.05 seconds: SPR round   1 of   2, 301 of 1998 nodes
     70.19 seconds: SPR round   1 of   2, 401 of 1998 nodes
     73.05 seconds: SPR round   1 of   2, 501 of 1998 nodes
     76.45 seconds: SPR round   1 of   2, 601 of 1998 nodes
     79.62 seconds: SPR round   1 of   2, 701 of 1998 nodes
     83.29 seconds: SPR round   1 of   2, 801 of 1998 nodes
     86.39 seconds: SPR round   1 of   2, 901 of 1998 nodes
     89.55 seconds: SPR round   1 of   2, 1001 of 1998 nodes
     92.81 seconds: SPR round   1 of   2, 1101 of 1998 nodes
     95.64 seconds: SPR round   1 of   2, 1201 of 1998 nodes
     98.63 seconds: SPR round   1 of   2, 1301 of 1998 nodes
    102.14 seconds: SPR round   1 of   2, 1401 of 1998 nodes
    105.85 seconds: SPR round   1 of   2, 1501 of 1998 nodes
    108.72 seconds: SPR round   1 of   2, 1601 of 1998 nodes
    112.10 seconds: SPR round   1 of   2, 1701 of 1998 nodes
    115.93 seconds: SPR round   1 of   2, 1801 of 1998 nodes
    119.72 seconds: SPR round   1 of   2, 1901 of 1998 nodes
    123.14 seconds: ME NNI round 14 of 40, 1 of 998 splits
    123.30 seconds: ME NNI round 14 of 40, 101 of 998 splits, 2 changes (max delta 0.000)
    123.47 seconds: ME NNI round 14 of 40, 201 of 998 splits, 5 changes (max delta 0.001)
    123.64 seconds: ME NNI round 14 of 40, 301 of 998 splits, 14 changes (max delta 0.002)
    123.82 seconds: ME NNI round 14 of 40, 401 of 998 splits, 17 changes (max delta 0.002)
    123.99 seconds: ME NNI round 14 of 40, 501 of 998 splits, 22 changes (max delta 0.004)
    124.15 seconds: ME NNI round 14 of 40, 601 of 998 splits, 26 changes (max delta 0.004)
    124.31 seconds: ME NNI round 14 of 40, 701 of 998 splits, 30 changes (max delta 0.004)
    124.47 seconds: ME NNI round 14 of 40, 801 of 998 splits, 32 changes (max delta 0.004)
    124.63 seconds: ME NNI round 14 of 40, 901 of 998 splits, 36 changes (max delta 0.004)
    124.79 seconds: ME NNI round 15 of 40, 1 of 998 splits
    124.94 seconds: ME NNI round 15 of 40, 101 of 998 splits, 2 changes (max delta 0.000)
    125.11 seconds: ME NNI round 15 of 40, 201 of 998 splits, 2 changes (max delta 0.000)
    125.27 seconds: ME NNI round 15 of 40, 301 of 998 splits, 3 changes (max delta 0.001)
    125.44 seconds: ME NNI round 15 of 40, 401 of 998 splits, 8 changes (max delta 0.001)
    125.60 seconds: ME NNI round 15 of 40, 501 of 998 splits, 13 changes (max delta 0.002)
    125.76 seconds: ME NNI round 15 of 40, 601 of 998 splits, 13 changes (max delta 0.002)
    125.92 seconds: ME NNI round 15 of 40, 701 of 998 splits, 13 changes (max delta 0.002)
    126.08 seconds: ME NNI round 15 of 40, 801 of 998 splits, 13 changes (max delta 0.002)
    126.24 seconds: ME NNI round 15 of 40, 901 of 998 splits, 13 changes (max delta 0.002)
    126.39 seconds: ME NNI round 16 of 40, 1 of 998 splits
    126.59 seconds: ME NNI round 16 of 40, 101 of 998 splits, 9 changes (max delta 0.001)
    126.79 seconds: ME NNI round 16 of 40, 201 of 998 splits, 9 changes (max delta 0.001)
    127.02 seconds: ME NNI round 18 of 40, 1 of 998 splits
    127.16 seconds: ME NNI round 19 of 40, 1 of 998 splits
    127.35 seconds: ME NNI round 21 of 40, 1 of 998 splits
    127.47 seconds: ME NNI round 22 of 40, 1 of 998 splits
    127.61 seconds: ME NNI round 23 of 40, 1 of 998 splits
    127.76 seconds: ME NNI round 24 of 40, 1 of 998 splits
    127.91 seconds: ME NNI round 25 of 40, 1 of 998 splits
    128.02 seconds: ME NNI round 26 of 40, 1 of 998 splits
    128.12 seconds: SPR round   2 of   2, 1 of 1998 nodes
    131.48 seconds: SPR round   2 of   2, 101 of 1998 nodes
    134.93 seconds: SPR round   2 of   2, 201 of 1998 nodes
    138.63 seconds: SPR round   2 of   2, 301 of 1998 nodes
    141.91 seconds: SPR round   2 of   2, 401 of 1998 nodes
    145.30 seconds: SPR round   2 of   2, 501 of 1998 nodes
    148.40 seconds: SPR round   2 of   2, 601 of 1998 nodes
    151.52 seconds: SPR round   2 of   2, 701 of 1998 nodes
    154.69 seconds: SPR round   2 of   2, 801 of 1998 nodes
    158.37 seconds: SPR round   2 of   2, 901 of 1998 nodes
    161.40 seconds: SPR round   2 of   2, 1001 of 1998 nodes
    164.39 seconds: SPR round   2 of   2, 1101 of 1998 nodes
    167.58 seconds: SPR round   2 of   2, 1201 of 1998 nodes
    170.53 seconds: SPR round   2 of   2, 1301 of 1998 nodes
    173.65 seconds: SPR round   2 of   2, 1401 of 1998 nodes
    177.62 seconds: SPR round   2 of   2, 1501 of 1998 nodes
    180.62 seconds: SPR round   2 of   2, 1601 of 1998 nodes
    183.94 seconds: SPR round   2 of   2, 1701 of 1998 nodes
    187.72 seconds: SPR round   2 of   2, 1801 of 1998 nodes
    191.13 seconds: SPR round   2 of   2, 1901 of 1998 nodes
    194.45 seconds: ME NNI round 27 of 40, 1 of 998 splits
    194.62 seconds: ME NNI round 27 of 40, 101 of 998 splits, 3 changes (max delta 0.000)
    194.80 seconds: ME NNI round 27 of 40, 201 of 998 splits, 5 changes (max delta 0.001)
    194.96 seconds: ME NNI round 27 of 40, 301 of 998 splits, 7 changes (max delta 0.001)
    195.13 seconds: ME NNI round 27 of 40, 401 of 998 splits, 7 changes (max delta 0.001)
    195.31 seconds: ME NNI round 27 of 40, 501 of 998 splits, 9 changes (max delta 0.001)
    195.47 seconds: ME NNI round 27 of 40, 601 of 998 splits, 10 changes (max delta 0.001)
    195.63 seconds: ME NNI round 27 of 40, 701 of 998 splits, 10 changes (max delta 0.001)
    195.80 seconds: ME NNI round 27 of 40, 801 of 998 splits, 11 changes (max delta 0.001)
    195.97 seconds: ME NNI round 27 of 40, 901 of 998 splits, 15 changes (max delta 0.002)
    196.12 seconds: ME NNI round 28 of 40, 1 of 998 splits
    196.29 seconds: ME NNI round 28 of 40, 101 of 998 splits, 0 changes
    196.46 seconds: ME NNI round 28 of 40, 201 of 998 splits, 0 changes
    196.63 seconds: ME NNI round 28 of 40, 301 of 998 splits, 0 changes
    196.79 seconds: ME NNI round 28 of 40, 401 of 998 splits, 0 changes
    196.95 seconds: ME NNI round 28 of 40, 501 of 998 splits, 0 changes
    197.12 seconds: ME NNI round 28 of 40, 601 of 998 splits, 0 changes
    197.28 seconds: ME NNI round 28 of 40, 701 of 998 splits, 0 changes
    197.44 seconds: ME NNI round 28 of 40, 801 of 998 splits, 3 changes (max delta 0.000)
    197.61 seconds: ME NNI round 28 of 40, 901 of 998 splits, 4 changes (max delta 0.000)
    197.76 seconds: ME NNI round 29 of 40, 1 of 998 splits
    197.96 seconds: ME NNI round 30 of 40, 1 of 998 splits
Total branch-length 41.434 after 199.96 sec
    200.28 seconds: ML Lengths 1 of 998 splits
    201.85 seconds: ML Lengths 101 of 998 splits
    203.40 seconds: ML Lengths 201 of 998 splits
    204.97 seconds: ML Lengths 301 of 998 splits
    206.59 seconds: ML Lengths 401 of 998 splits
    208.15 seconds: ML Lengths 501 of 998 splits
    209.75 seconds: ML Lengths 601 of 998 splits
    211.35 seconds: ML Lengths 701 of 998 splits
    212.97 seconds: ML Lengths 801 of 998 splits
    214.56 seconds: ML Lengths 901 of 998 splits
    216.14 seconds: ML NNI round 1 of 20, 1 of 998 splits
    220.81 seconds: ML NNI round 1 of 20, 101 of 998 splits, 20 changes (max delta 55.866)
    225.59 seconds: ML NNI round 1 of 20, 201 of 998 splits, 47 changes (max delta 55.866)
    230.30 seconds: ML NNI round 1 of 20, 301 of 998 splits, 71 changes (max delta 55.866)
    235.16 seconds: ML NNI round 1 of 20, 401 of 998 splits, 94 changes (max delta 55.866)
    239.77 seconds: ML NNI round 1 of 20, 501 of 998 splits, 114 changes (max delta 55.866)
    244.82 seconds: ML NNI round 1 of 20, 601 of 998 splits, 138 changes (max delta 55.866)
    249.95 seconds: ML NNI round 1 of 20, 701 of 998 splits, 168 changes (max delta 55.866)
    254.99 seconds: ML NNI round 1 of 20, 801 of 998 splits, 196 changes (max delta 55.866)
    259.75 seconds: ML NNI round 1 of 20, 901 of 998 splits, 221 changes (max delta 55.866)
ML-NNI round 1: LogLk = -2176661.940 NNIs 238 max delta 55.87 Time 264.85
    264.86 seconds: Optimizing GTR model, step 1 of 12
    277.26 seconds: Optimizing GTR model, step 2 of 12
    290.99 seconds: Optimizing GTR model, step 3 of 12
    304.83 seconds: Optimizing GTR model, step 4 of 12
    319.53 seconds: Optimizing GTR model, step 5 of 12
    332.31 seconds: Optimizing GTR model, step 6 of 12
    346.87 seconds: Optimizing GTR model, step 7 of 12
    357.65 seconds: Optimizing GTR model, step 8 of 12
    368.45 seconds: Optimizing GTR model, step 9 of 12
    378.16 seconds: Optimizing GTR model, step 10 of 12
    388.17 seconds: Optimizing GTR model, step 11 of 12
    398.14 seconds: Optimizing GTR model, step 12 of 12
GTR Frequencies: 0.3636 0.1756 0.2389 0.2219
GTR rates(ac ag at cg ct gt) 1.7884 4.1732 0.9484 0.9698 5.1091 1.0000
    408.70 seconds: ML Lengths 1 of 998 splits
    410.63 seconds: ML Lengths 101 of 998 splits
    412.66 seconds: ML Lengths 201 of 998 splits
    414.61 seconds: ML Lengths 301 of 998 splits
    416.63 seconds: ML Lengths 401 of 998 splits
    418.64 seconds: ML Lengths 501 of 998 splits
    420.68 seconds: ML Lengths 601 of 998 splits
    422.69 seconds: ML Lengths 701 of 998 splits
    424.65 seconds: ML Lengths 801 of 998 splits
    426.64 seconds: ML Lengths 901 of 998 splits
    429.80 seconds: Site likelihoods with rate category 1 of 20
    431.01 seconds: Site likelihoods with rate category 2 of 20
    432.20 seconds: Site likelihoods with rate category 3 of 20
    433.45 seconds: Site likelihoods with rate category 4 of 20
    434.62 seconds: Site likelihoods with rate category 5 of 20
    435.81 seconds: Site likelihoods with rate category 6 of 20
    437.00 seconds: Site likelihoods with rate category 7 of 20
    438.19 seconds: Site likelihoods with rate category 8 of 20
    439.40 seconds: Site likelihoods with rate category 9 of 20
    440.53 seconds: Site likelihoods with rate category 10 of 20
    441.69 seconds: Site likelihoods with rate category 11 of 20
    442.89 seconds: Site likelihoods with rate category 12 of 20
    444.06 seconds: Site likelihoods with rate category 13 of 20
    445.27 seconds: Site likelihoods with rate category 14 of 20
    446.42 seconds: Site likelihoods with rate category 15 of 20
    447.61 seconds: Site likelihoods with rate category 16 of 20
    448.81 seconds: Site likelihoods with rate category 17 of 20
    449.96 seconds: Site likelihoods with rate category 18 of 20
    451.17 seconds: Site likelihoods with rate category 19 of 20
    452.36 seconds: Site likelihoods with rate category 20 of 20
Switched to using 20 rate categories (CAT approximation)
Rate categories were divided by 1.081 so that average rate = 1.0
CAT-based log-likelihoods may not be comparable across runs
    454.15 seconds: ML NNI round 2 of 20, 1 of 998 splits
    459.35 seconds: ML NNI round 2 of 20, 101 of 998 splits, 18 changes (max delta 9.939)
    464.51 seconds: ML NNI round 2 of 20, 201 of 998 splits, 34 changes (max delta 11.614)
    470.03 seconds: ML NNI round 2 of 20, 301 of 998 splits, 49 changes (max delta 34.386)
    474.41 seconds: ML NNI round 2 of 20, 401 of 998 splits, 62 changes (max delta 34.386)
    479.31 seconds: ML NNI round 2 of 20, 501 of 998 splits, 85 changes (max delta 34.386)
    483.69 seconds: ML NNI round 2 of 20, 601 of 998 splits, 102 changes (max delta 34.386)
    488.09 seconds: ML NNI round 2 of 20, 701 of 998 splits, 122 changes (max delta 38.911)
    492.47 seconds: ML NNI round 2 of 20, 801 of 998 splits, 135 changes (max delta 38.911)
    498.09 seconds: ML NNI round 2 of 20, 901 of 998 splits, 152 changes (max delta 38.911)
ML-NNI round 2: LogLk = -1732389.376 NNIs 165 max delta 38.91 Time 503.68
    503.67 seconds: ML NNI round 3 of 20, 1 of 998 splits
    509.70 seconds: ML NNI round 3 of 20, 101 of 998 splits, 10 changes (max delta 12.718)
    513.74 seconds: ML NNI round 3 of 20, 201 of 998 splits, 21 changes (max delta 22.933)
    517.78 seconds: ML NNI round 3 of 20, 301 of 998 splits, 29 changes (max delta 22.933)
    521.55 seconds: ML NNI round 3 of 20, 401 of 998 splits, 33 changes (max delta 22.933)
    524.88 seconds: ML NNI round 3 of 20, 501 of 998 splits, 40 changes (max delta 32.049)
    528.39 seconds: ML NNI round 3 of 20, 601 of 998 splits, 45 changes (max delta 32.049)
    532.64 seconds: ML NNI round 3 of 20, 701 of 998 splits, 49 changes (max delta 32.049)
ML-NNI round 3: LogLk = -1731848.895 NNIs 57 max delta 32.05 Time 535.77
    535.77 seconds: ML NNI round 4 of 20, 1 of 998 splits
    539.63 seconds: ML NNI round 4 of 20, 101 of 998 splits, 7 changes (max delta 9.955)
    541.85 seconds: ML NNI round 4 of 20, 201 of 998 splits, 9 changes (max delta 9.955)
    544.30 seconds: ML NNI round 4 of 20, 301 of 998 splits, 15 changes (max delta 11.766)
    546.03 seconds: ML NNI round 4 of 20, 401 of 998 splits, 16 changes (max delta 11.766)
    549.00 seconds: ML NNI round 4 of 20, 501 of 998 splits, 20 changes (max delta 11.766)
ML-NNI round 4: LogLk = -1731692.647 NNIs 27 max delta 11.77 Time 552.95
    552.94 seconds: ML NNI round 5 of 20, 1 of 998 splits
    557.25 seconds: ML NNI round 5 of 20, 101 of 998 splits, 3 changes (max delta 3.474)
    559.84 seconds: ML NNI round 5 of 20, 201 of 998 splits, 7 changes (max delta 6.803)
    562.27 seconds: ML NNI round 5 of 20, 301 of 998 splits, 8 changes (max delta 6.803)
ML-NNI round 5: LogLk = -1731653.330 NNIs 8 max delta 6.80 Time 563.25
    563.25 seconds: ML NNI round 6 of 20, 1 of 998 splits
    566.52 seconds: ML NNI round 6 of 20, 101 of 998 splits, 7 changes (max delta 2.493)
ML-NNI round 6: LogLk = -1731630.543 NNIs 10 max delta 9.26 Time 568.52
    568.51 seconds: ML NNI round 7 of 20, 1 of 998 splits
    571.29 seconds: ML NNI round 7 of 20, 101 of 998 splits, 0 changes
ML-NNI round 7: LogLk = -1731629.649 NNIs 0 max delta 0.00 Time 571.53
Turning off heuristics for final round of ML NNIs (converged)
    571.52 seconds: ML NNI round 8 of 20, 1 of 998 splits
    578.73 seconds: ML NNI round 8 of 20, 101 of 998 splits, 6 changes (max delta 18.004)
    585.75 seconds: ML NNI round 8 of 20, 201 of 998 splits, 7 changes (max delta 18.004)
    592.60 seconds: ML NNI round 8 of 20, 301 of 998 splits, 10 changes (max delta 18.004)
    599.10 seconds: ML NNI round 8 of 20, 401 of 998 splits, 16 changes (max delta 18.004)
    605.65 seconds: ML NNI round 8 of 20, 501 of 998 splits, 27 changes (max delta 18.004)
    612.36 seconds: ML NNI round 8 of 20, 601 of 998 splits, 34 changes (max delta 18.004)
    618.64 seconds: ML NNI round 8 of 20, 701 of 998 splits, 36 changes (max delta 18.004)
    625.54 seconds: ML NNI round 8 of 20, 801 of 998 splits, 39 changes (max delta 18.004)
    632.87 seconds: ML NNI round 8 of 20, 901 of 998 splits, 45 changes (max delta 18.004)
ML-NNI round 8: LogLk = -1730247.844 NNIs 55 max delta 18.00 Time 640.18 (final)
    640.17 seconds: ML Lengths 1 of 998 splits
    641.85 seconds: ML Lengths 101 of 998 splits
    643.56 seconds: ML Lengths 201 of 998 splits
    645.28 seconds: ML Lengths 301 of 998 splits
    646.99 seconds: ML Lengths 401 of 998 splits
    648.67 seconds: ML Lengths 501 of 998 splits
    650.39 seconds: ML Lengths 601 of 998 splits
    652.13 seconds: ML Lengths 701 of 998 splits
    653.82 seconds: ML Lengths 801 of 998 splits
    655.54 seconds: ML Lengths 901 of 998 splits
Optimize all lengths: LogLk = -1730238.685 Time 657.42
    665.58 seconds: ML split tests for    100 of    997 internal splits
    673.84 seconds: ML split tests for    200 of    997 internal splits
    682.03 seconds: ML split tests for    300 of    997 internal splits
    690.07 seconds: ML split tests for    400 of    997 internal splits
    697.95 seconds: ML split tests for    500 of    997 internal splits
    705.80 seconds: ML split tests for    600 of    997 internal splits
    713.54 seconds: ML split tests for    700 of    997 internal splits
    721.35 seconds: ML split tests for    800 of    997 internal splits
    729.35 seconds: ML split tests for    900 of    997 internal splits
    738.23 seconds: Site likelihoods with rate category 1 of 20
    740.39 seconds: Site likelihoods with rate category 3 of 20
    742.54 seconds: Site likelihoods with rate category 5 of 20
    744.69 seconds: Site likelihoods with rate category 7 of 20
    746.84 seconds: Site likelihoods with rate category 9 of 20
    747.95 seconds: Site likelihoods with rate category 10 of 20
    750.07 seconds: Site likelihoods with rate category 12 of 20
    752.26 seconds: Site likelihoods with rate category 14 of 20
    754.41 seconds: Site likelihoods with rate category 16 of 20
    756.53 seconds: Site likelihoods with rate category 18 of 20
    757.64 seconds: Site likelihoods with rate category 19 of 20
    759.49 seconds: Optimizing alpha round 1
    759.81 seconds: Optimizing alpha round 2
Gamma(20) LogLk = -1747837.779 alpha = 0.293 rescaling lengths by 1.027
Total time: 760.01 seconds Unique: 1000/1000 Bad splits: 18/997 Worst delta-LogLk 8.239
