FastTree Version 2.1.11 Double precision (No SSE3)
Alignment: standard input
Nucleotide distances: Jukes-Cantor Joins: balanced Support: SH-like 1000
Search: Normal +NNI +SPR (2 rounds range 10) +ML-NNI opt-each=1
TopHits: 1.00*sqrtN close=default refresh=0.80
ML Model: Generalized Time-Reversible, CAT approximation with 20 rate categories
Ignored unknown character b (seen 2 times)
Ignored unknown character d (seen 8 times)
Ignored unknown character h (seen 2 times)
Ignored unknown character k (seen 227 times)
Ignored unknown character m (seen 326 times)
Ignored unknown character n (seen 283 times)
Ignored unknown character r (seen 1877 times)
Ignored unknown character s (seen 86 times)
Ignored unknown character v (seen 4 times)
Ignored unknown character w (seen 227 times)
Ignored unknown character y (seen 801 times)
      6.72 seconds: Top hits for    280 of   1000 seqs (at seed    100)
      9.52 seconds: Top hits for    398 of   1000 seqs (at seed    200)
     12.35 seconds: Top hits for    486 of   1000 seqs (at seed    300)
     15.13 seconds: Top hits for    567 of   1000 seqs (at seed    400)
     17.59 seconds: Top hits for    630 of   1000 seqs (at seed    500)
     20.15 seconds: Top hits for    712 of   1000 seqs (at seed    600)
     22.44 seconds: Top hits for    774 of   1000 seqs (at seed    700)
     25.00 seconds: Top hits for    848 of   1000 seqs (at seed    800)
     27.67 seconds: Top hits for    922 of   1000 seqs (at seed    900)
     30.48 seconds: Checking top hits for      1 of   1000 seqs
     35.93 seconds: Joined    100 of    997
     39.86 seconds: Joined    200 of    997
     45.14 seconds: Joined    300 of    997
     50.45 seconds: Joined    400 of    997
     55.09 seconds: Joined    500 of    997
     57.57 seconds: Joined    600 of    997
     60.89 seconds: Joined    700 of    997
     64.01 seconds: Joined    800 of    997
     68.28 seconds: Joined    900 of    997
Initial topology in 71.76 seconds
Refining topology: 40 rounds ME-NNIs, 2 rounds ME-SPRs, 20 rounds ML-NNIs
     71.75 seconds: ME NNI round 1 of 40, 1 of 998 splits
     72.01 seconds: ME NNI round 1 of 40, 101 of 998 splits, 12 changes (max delta 0.003)
     72.24 seconds: ME NNI round 1 of 40, 201 of 998 splits, 24 changes (max delta 0.003)
     72.48 seconds: ME NNI round 1 of 40, 301 of 998 splits, 41 changes (max delta 0.003)
     72.76 seconds: ME NNI round 1 of 40, 401 of 998 splits, 66 changes (max delta 0.006)
     73.03 seconds: ME NNI round 1 of 40, 501 of 998 splits, 89 changes (max delta 0.006)
     73.29 seconds: ME NNI round 1 of 40, 601 of 998 splits, 118 changes (max delta 0.006)
     73.56 seconds: ME NNI round 1 of 40, 701 of 998 splits, 146 changes (max delta 0.006)
     73.81 seconds: ME NNI round 1 of 40, 801 of 998 splits, 175 changes (max delta 0.006)
     74.05 seconds: ME NNI round 1 of 40, 901 of 998 splits, 187 changes (max delta 0.006)
     74.29 seconds: ME NNI round 2 of 40, 1 of 998 splits
     74.52 seconds: ME NNI round 2 of 40, 101 of 998 splits, 3 changes (max delta 0.000)
     74.77 seconds: ME NNI round 2 of 40, 201 of 998 splits, 11 changes (max delta 0.001)
     75.02 seconds: ME NNI round 2 of 40, 301 of 998 splits, 19 changes (max delta 0.001)
     75.28 seconds: ME NNI round 2 of 40, 401 of 998 splits, 33 changes (max delta 0.004)
     75.55 seconds: ME NNI round 2 of 40, 501 of 998 splits, 54 changes (max delta 0.004)
     75.80 seconds: ME NNI round 2 of 40, 601 of 998 splits, 74 changes (max delta 0.004)
     76.08 seconds: ME NNI round 2 of 40, 701 of 998 splits, 96 changes (max delta 0.004)
     76.34 seconds: ME NNI round 2 of 40, 801 of 998 splits, 112 changes (max delta 0.004)
     76.59 seconds: ME NNI round 2 of 40, 901 of 998 splits, 125 changes (max delta 0.004)
     76.82 seconds: ME NNI round 3 of 40, 1 of 998 splits
     77.08 seconds: ME NNI round 3 of 40, 101 of 998 splits, 4 changes (max delta 0.000)
     77.32 seconds: ME NNI round 3 of 40, 201 of 998 splits, 7 changes (max delta 0.001)
     77.59 seconds: ME NNI round 3 of 40, 301 of 998 splits, 19 changes (max delta 0.001)
     77.84 seconds: ME NNI round 3 of 40, 401 of 998 splits, 30 changes (max delta 0.003)
     78.12 seconds: ME NNI round 3 of 40, 501 of 998 splits, 50 changes (max delta 0.003)
     78.37 seconds: ME NNI round 3 of 40, 601 of 998 splits, 58 changes (max delta 0.005)
     78.63 seconds: ME NNI round 3 of 40, 701 of 998 splits, 69 changes (max delta 0.005)
     78.93 seconds: ME NNI round 4 of 40, 101 of 998 splits, 8 changes (max delta 0.000)
     79.19 seconds: ME NNI round 4 of 40, 201 of 998 splits, 17 changes (max delta 0.002)
     79.46 seconds: ME NNI round 4 of 40, 301 of 998 splits, 30 changes (max delta 0.002)
     79.74 seconds: ME NNI round 4 of 40, 401 of 998 splits, 46 changes (max delta 0.005)
     79.97 seconds: ME NNI round 5 of 40, 1 of 998 splits
     80.25 seconds: ME NNI round 5 of 40, 101 of 998 splits, 5 changes (max delta 0.000)
     80.53 seconds: ME NNI round 5 of 40, 201 of 998 splits, 19 changes (max delta 0.006)
     80.79 seconds: ME NNI round 5 of 40, 301 of 998 splits, 32 changes (max delta 0.006)
     81.05 seconds: ME NNI round 6 of 40, 1 of 998 splits
     81.35 seconds: ME NNI round 6 of 40, 101 of 998 splits, 8 changes (max delta 0.001)
     81.60 seconds: ME NNI round 6 of 40, 201 of 998 splits, 17 changes (max delta 0.003)
     81.86 seconds: ME NNI round 6 of 40, 301 of 998 splits, 27 changes (max delta 0.006)
     82.20 seconds: ME NNI round 7 of 40, 101 of 998 splits, 2 changes (max delta 0.001)
     82.47 seconds: ME NNI round 7 of 40, 201 of 998 splits, 12 changes (max delta 0.003)
     82.87 seconds: ME NNI round 8 of 40, 101 of 998 splits, 6 changes (max delta 0.002)
     83.03 seconds: ME NNI round 9 of 40, 1 of 998 splits
     83.32 seconds: ME NNI round 10 of 40, 1 of 998 splits
     83.59 seconds: ME NNI round 11 of 40, 1 of 998 splits
     83.83 seconds: ME NNI round 12 of 40, 1 of 998 splits
     84.08 seconds: ME NNI round 13 of 40, 1 of 998 splits
     84.28 seconds: SPR round   1 of   2, 1 of 1998 nodes
     88.84 seconds: SPR round   1 of   2, 101 of 1998 nodes
     93.96 seconds: SPR round   1 of   2, 201 of 1998 nodes
     99.89 seconds: SPR round   1 of   2, 301 of 1998 nodes
    104.74 seconds: SPR round   1 of   2, 401 of 1998 nodes
    109.59 seconds: SPR round   1 of   2, 501 of 1998 nodes
    114.87 seconds: SPR round   1 of   2, 601 of 1998 nodes
    119.85 seconds: SPR round   1 of   2, 701 of 1998 nodes
    124.56 seconds: SPR round   1 of   2, 801 of 1998 nodes
    129.36 seconds: SPR round   1 of   2, 901 of 1998 nodes
    134.18 seconds: SPR round   1 of   2, 1001 of 1998 nodes
    138.71 seconds: SPR round   1 of   2, 1101 of 1998 nodes
    144.18 seconds: SPR round   1 of   2, 1201 of 1998 nodes
    149.26 seconds: SPR round   1 of   2, 1301 of 1998 nodes
    154.46 seconds: SPR round   1 of   2, 1401 of 1998 nodes
    158.80 seconds: SPR round   1 of   2, 1501 of 1998 nodes
    162.92 seconds: SPR round   1 of   2, 1601 of 1998 nodes
    168.20 seconds: SPR round   1 of   2, 1701 of 1998 nodes
    173.58 seconds: SPR round   1 of   2, 1801 of 1998 nodes
    178.85 seconds: SPR round   1 of   2, 1901 of 1998 nodes
    183.82 seconds: ME NNI round 14 of 40, 1 of 998 splits
    184.06 seconds: ME NNI round 14 of 40, 101 of 998 splits, 2 changes (max delta 0.000)
    184.31 seconds: ME NNI round 14 of 40, 201 of 998 splits, 5 changes (max delta 0.000)
    184.59 seconds: ME NNI round 14 of 40, 301 of 998 splits, 8 changes (max delta 0.001)
    184.85 seconds: ME NNI round 14 of 40, 401 of 998 splits, 12 changes (max delta 0.001)
    185.10 seconds: ME NNI round 14 of 40, 501 of 998 splits, 14 changes (max delta 0.001)
    185.36 seconds: ME NNI round 14 of 40, 601 of 998 splits, 15 changes (max delta 0.001)
    185.60 seconds: ME NNI round 14 of 40, 701 of 998 splits, 15 changes (max delta 0.001)
    185.83 seconds: ME NNI round 14 of 40, 801 of 998 splits, 16 changes (max delta 0.001)
    186.09 seconds: ME NNI round 14 of 40, 901 of 998 splits, 16 changes (max delta 0.001)
    186.32 seconds: ME NNI round 15 of 40, 1 of 998 splits
    186.57 seconds: ME NNI round 15 of 40, 101 of 998 splits, 1 changes (max delta 0.000)
    186.83 seconds: ME NNI round 15 of 40, 201 of 998 splits, 4 changes (max delta 0.000)
    187.08 seconds: ME NNI round 15 of 40, 301 of 998 splits, 9 changes (max delta 0.001)
    187.33 seconds: ME NNI round 15 of 40, 401 of 998 splits, 13 changes (max delta 0.001)
    187.59 seconds: ME NNI round 15 of 40, 501 of 998 splits, 13 changes (max delta 0.001)
    187.83 seconds: ME NNI round 15 of 40, 601 of 998 splits, 13 changes (max delta 0.001)
    188.07 seconds: ME NNI round 15 of 40, 701 of 998 splits, 13 changes (max delta 0.001)
    188.30 seconds: ME NNI round 15 of 40, 801 of 998 splits, 13 changes (max delta 0.001)
    188.55 seconds: ME NNI round 15 of 40, 901 of 998 splits, 14 changes (max delta 0.001)
    188.77 seconds: ME NNI round 16 of 40, 1 of 998 splits
    189.07 seconds: ME NNI round 16 of 40, 101 of 998 splits, 4 changes (max delta 0.000)
    189.22 seconds: ME NNI round 17 of 40, 1 of 998 splits
    189.43 seconds: SPR round   2 of   2, 1 of 1998 nodes
    194.54 seconds: SPR round   2 of   2, 101 of 1998 nodes
    200.36 seconds: SPR round   2 of   2, 201 of 1998 nodes
    205.06 seconds: SPR round   2 of   2, 301 of 1998 nodes
    209.71 seconds: SPR round   2 of   2, 401 of 1998 nodes
    214.64 seconds: SPR round   2 of   2, 501 of 1998 nodes
    219.58 seconds: SPR round   2 of   2, 601 of 1998 nodes
    224.46 seconds: SPR round   2 of   2, 701 of 1998 nodes
    229.09 seconds: SPR round   2 of   2, 801 of 1998 nodes
    233.49 seconds: SPR round   2 of   2, 901 of 1998 nodes
    237.82 seconds: SPR round   2 of   2, 1001 of 1998 nodes
    242.45 seconds: SPR round   2 of   2, 1101 of 1998 nodes
    248.25 seconds: SPR round   2 of   2, 1201 of 1998 nodes
    252.99 seconds: SPR round   2 of   2, 1301 of 1998 nodes
    258.17 seconds: SPR round   2 of   2, 1401 of 1998 nodes
    263.27 seconds: SPR round   2 of   2, 1501 of 1998 nodes
    268.60 seconds: SPR round   2 of   2, 1601 of 1998 nodes
    274.50 seconds: SPR round   2 of   2, 1701 of 1998 nodes
    280.53 seconds: SPR round   2 of   2, 1801 of 1998 nodes
    285.50 seconds: SPR round   2 of   2, 1901 of 1998 nodes
    290.63 seconds: ME NNI round 27 of 40, 1 of 998 splits
    290.90 seconds: ME NNI round 27 of 40, 101 of 998 splits, 0 changes
    291.17 seconds: ME NNI round 27 of 40, 201 of 998 splits, 0 changes
    291.42 seconds: ME NNI round 27 of 40, 301 of 998 splits, 3 changes (max delta 0.000)
    291.69 seconds: ME NNI round 27 of 40, 401 of 998 splits, 3 changes (max delta 0.000)
    291.96 seconds: ME NNI round 27 of 40, 501 of 998 splits, 6 changes (max delta 0.001)
    292.24 seconds: ME NNI round 27 of 40, 601 of 998 splits, 6 changes (max delta 0.001)
    292.50 seconds: ME NNI round 27 of 40, 701 of 998 splits, 6 changes (max delta 0.001)
    292.76 seconds: ME NNI round 27 of 40, 801 of 998 splits, 6 changes (max delta 0.001)
    293.02 seconds: ME NNI round 27 of 40, 901 of 998 splits, 6 changes (max delta 0.001)
    293.26 seconds: ME NNI round 28 of 40, 1 of 998 splits
    293.52 seconds: ME NNI round 28 of 40, 101 of 998 splits, 0 changes
    293.77 seconds: ME NNI round 28 of 40, 201 of 998 splits, 0 changes
    294.03 seconds: ME NNI round 28 of 40, 301 of 998 splits, 0 changes
    294.30 seconds: ME NNI round 28 of 40, 401 of 998 splits, 0 changes
    294.58 seconds: ME NNI round 28 of 40, 501 of 998 splits, 1 changes (max delta 0.000)
    294.84 seconds: ME NNI round 28 of 40, 601 of 998 splits, 1 changes (max delta 0.000)
    295.10 seconds: ME NNI round 28 of 40, 701 of 998 splits, 1 changes (max delta 0.000)
    295.36 seconds: ME NNI round 28 of 40, 801 of 998 splits, 1 changes (max delta 0.000)
    295.61 seconds: ME NNI round 28 of 40, 901 of 998 splits, 1 changes (max delta 0.000)
    295.85 seconds: ME NNI round 29 of 40, 1 of 998 splits
Total branch-length 42.821 after 299.21 sec
    299.70 seconds: ML Lengths 1 of 998 splits
    302.57 seconds: ML Lengths 101 of 998 splits
    305.39 seconds: ML Lengths 201 of 998 splits
    308.22 seconds: ML Lengths 301 of 998 splits
    311.07 seconds: ML Lengths 401 of 998 splits
    313.92 seconds: ML Lengths 501 of 998 splits
    316.76 seconds: ML Lengths 601 of 998 splits
    319.64 seconds: ML Lengths 701 of 998 splits
    322.50 seconds: ML Lengths 801 of 998 splits
    325.43 seconds: ML Lengths 901 of 998 splits
    328.26 seconds: ML NNI round 1 of 20, 1 of 998 splits
    336.57 seconds: ML NNI round 1 of 20, 101 of 998 splits, 22 changes (max delta 27.392)
    345.14 seconds: ML NNI round 1 of 20, 201 of 998 splits, 49 changes (max delta 52.254)
    353.75 seconds: ML NNI round 1 of 20, 301 of 998 splits, 80 changes (max delta 52.254)
    362.45 seconds: ML NNI round 1 of 20, 401 of 998 splits, 105 changes (max delta 64.882)
    370.92 seconds: ML NNI round 1 of 20, 501 of 998 splits, 132 changes (max delta 64.882)
    379.34 seconds: ML NNI round 1 of 20, 601 of 998 splits, 157 changes (max delta 64.882)
    387.99 seconds: ML NNI round 1 of 20, 701 of 998 splits, 183 changes (max delta 81.009)
    396.24 seconds: ML NNI round 1 of 20, 801 of 998 splits, 206 changes (max delta 81.009)
    404.64 seconds: ML NNI round 1 of 20, 901 of 998 splits, 238 changes (max delta 98.401)
ML-NNI round 1: LogLk = -2321282.496 NNIs 259 max delta 98.40 Time 413.57
    413.59 seconds: Optimizing GTR model, step 1 of 12
    428.70 seconds: Optimizing GTR model, step 2 of 12
    446.55 seconds: Optimizing GTR model, step 3 of 12
    468.08 seconds: Optimizing GTR model, step 4 of 12
    488.02 seconds: Optimizing GTR model, step 5 of 12
    505.10 seconds: Optimizing GTR model, step 6 of 12
    522.99 seconds: Optimizing GTR model, step 7 of 12
    535.70 seconds: Optimizing GTR model, step 8 of 12
    548.52 seconds: Optimizing GTR model, step 9 of 12
    560.48 seconds: Optimizing GTR model, step 10 of 12
    571.74 seconds: Optimizing GTR model, step 11 of 12
    582.89 seconds: Optimizing GTR model, step 12 of 12
GTR Frequencies: 0.3632 0.1760 0.2391 0.2217
GTR rates(ac ag at cg ct gt) 1.8689 4.3615 0.9502 0.9279 5.2309 1.0000
    594.96 seconds: ML Lengths 1 of 998 splits
    598.23 seconds: ML Lengths 101 of 998 splits
    601.39 seconds: ML Lengths 201 of 998 splits
    604.58 seconds: ML Lengths 301 of 998 splits
    607.83 seconds: ML Lengths 401 of 998 splits
    611.00 seconds: ML Lengths 501 of 998 splits
    614.24 seconds: ML Lengths 601 of 998 splits
    617.43 seconds: ML Lengths 701 of 998 splits
    620.59 seconds: ML Lengths 801 of 998 splits
    623.83 seconds: ML Lengths 901 of 998 splits
    628.34 seconds: Site likelihoods with rate category 1 of 20
    629.61 seconds: Site likelihoods with rate category 2 of 20
    630.91 seconds: Site likelihoods with rate category 3 of 20
    632.20 seconds: Site likelihoods with rate category 4 of 20
    633.52 seconds: Site likelihoods with rate category 5 of 20
    634.80 seconds: Site likelihoods with rate category 6 of 20
    636.13 seconds: Site likelihoods with rate category 7 of 20
    637.42 seconds: Site likelihoods with rate category 8 of 20
    638.72 seconds: Site likelihoods with rate category 9 of 20
    640.05 seconds: Site likelihoods with rate category 10 of 20
    641.33 seconds: Site likelihoods with rate category 11 of 20
    642.67 seconds: Site likelihoods with rate category 12 of 20
    643.96 seconds: Site likelihoods with rate category 13 of 20
    645.29 seconds: Site likelihoods with rate category 14 of 20
    646.58 seconds: Site likelihoods with rate category 15 of 20
    647.86 seconds: Site likelihoods with rate category 16 of 20
    649.18 seconds: Site likelihoods with rate category 17 of 20
    650.48 seconds: Site likelihoods with rate category 18 of 20
    651.81 seconds: Site likelihoods with rate category 19 of 20
    653.13 seconds: Site likelihoods with rate category 20 of 20
Switched to using 20 rate categories (CAT approximation)
Rate categories were divided by 1.053 so that average rate = 1.0
CAT-based log-likelihoods may not be comparable across runs
    655.09 seconds: ML NNI round 2 of 20, 1 of 998 splits
    665.17 seconds: ML NNI round 2 of 20, 101 of 998 splits, 22 changes (max delta 15.981)
    675.83 seconds: ML NNI round 2 of 20, 201 of 998 splits, 41 changes (max delta 15.981)
    686.46 seconds: ML NNI round 2 of 20, 301 of 998 splits, 62 changes (max delta 17.967)
    694.49 seconds: ML NNI round 2 of 20, 401 of 998 splits, 80 changes (max delta 17.967)
    702.76 seconds: ML NNI round 2 of 20, 501 of 998 splits, 98 changes (max delta 17.967)
    711.42 seconds: ML NNI round 2 of 20, 601 of 998 splits, 117 changes (max delta 17.967)
    719.23 seconds: ML NNI round 2 of 20, 701 of 998 splits, 133 changes (max delta 18.417)
    726.81 seconds: ML NNI round 2 of 20, 801 of 998 splits, 144 changes (max delta 18.417)
    734.61 seconds: ML NNI round 2 of 20, 901 of 998 splits, 159 changes (max delta 19.812)
ML-NNI round 2: LogLk = -1838412.338 NNIs 175 max delta 19.81 Time 743.55
    743.55 seconds: ML NNI round 3 of 20, 1 of 998 splits
    751.58 seconds: ML NNI round 3 of 20, 101 of 998 splits, 9 changes (max delta 4.373)
    758.72 seconds: ML NNI round 3 of 20, 201 of 998 splits, 17 changes (max delta 25.353)
    768.25 seconds: ML NNI round 3 of 20, 301 of 998 splits, 33 changes (max delta 25.353)
    776.41 seconds: ML NNI round 3 of 20, 401 of 998 splits, 44 changes (max delta 25.353)
    783.85 seconds: ML NNI round 3 of 20, 501 of 998 splits, 56 changes (max delta 25.353)
    790.48 seconds: ML NNI round 3 of 20, 601 of 998 splits, 67 changes (max delta 25.353)
    796.81 seconds: ML NNI round 3 of 20, 701 of 998 splits, 68 changes (max delta 25.353)
    801.98 seconds: ML NNI round 3 of 20, 801 of 998 splits, 73 changes (max delta 25.353)
ML-NNI round 3: LogLk = -1837824.775 NNIs 73 max delta 25.35 Time 802.88
    802.88 seconds: ML NNI round 4 of 20, 1 of 998 splits
    809.54 seconds: ML NNI round 4 of 20, 101 of 998 splits, 6 changes (max delta 3.894)
    816.59 seconds: ML NNI round 4 of 20, 201 of 998 splits, 13 changes (max delta 5.533)
    823.33 seconds: ML NNI round 4 of 20, 301 of 998 splits, 20 changes (max delta 8.282)
    827.93 seconds: ML NNI round 4 of 20, 401 of 998 splits, 22 changes (max delta 9.028)
    832.08 seconds: ML NNI round 4 of 20, 501 of 998 splits, 26 changes (max delta 9.028)
    834.10 seconds: ML NNI round 4 of 20, 601 of 998 splits, 26 changes (max delta 9.028)
ML-NNI round 4: LogLk = -1837682.327 NNIs 29 max delta 10.20 Time 837.55
    837.55 seconds: ML NNI round 5 of 20, 1 of 998 splits
    842.20 seconds: ML NNI round 5 of 20, 101 of 998 splits, 3 changes (max delta 4.422)
    847.75 seconds: ML NNI round 5 of 20, 201 of 998 splits, 10 changes (max delta 15.492)
    850.45 seconds: ML NNI round 5 of 20, 301 of 998 splits, 10 changes (max delta 15.492)
ML-NNI round 5: LogLk = -1837540.571 NNIs 14 max delta 15.49 Time 855.11
    855.11 seconds: ML NNI round 6 of 20, 1 of 998 splits
    861.40 seconds: ML NNI round 6 of 20, 101 of 998 splits, 0 changes
ML-NNI round 6: LogLk = -1837515.441 NNIs 3 max delta 10.37 Time 864.11
    864.10 seconds: ML NNI round 7 of 20, 1 of 998 splits
ML-NNI round 7: LogLk = -1837515.104 NNIs 0 max delta 0.00 Time 867.07
Turning off heuristics for final round of ML NNIs (converged)
    867.07 seconds: ML NNI round 8 of 20, 1 of 998 splits
    880.25 seconds: ML NNI round 8 of 20, 101 of 998 splits, 6 changes (max delta 6.491)
    893.11 seconds: ML NNI round 8 of 20, 201 of 998 splits, 11 changes (max delta 6.491)
    905.66 seconds: ML NNI round 8 of 20, 301 of 998 splits, 15 changes (max delta 6.491)
    918.67 seconds: ML NNI round 8 of 20, 401 of 998 splits, 20 changes (max delta 6.491)
    930.53 seconds: ML NNI round 8 of 20, 501 of 998 splits, 21 changes (max delta 15.085)
    941.71 seconds: ML NNI round 8 of 20, 601 of 998 splits, 26 changes (max delta 15.085)
    953.44 seconds: ML NNI round 8 of 20, 701 of 998 splits, 29 changes (max delta 15.085)
    964.58 seconds: ML NNI round 8 of 20, 801 of 998 splits, 33 changes (max delta 15.085)
    975.64 seconds: ML NNI round 8 of 20, 901 of 998 splits, 38 changes (max delta 15.085)
ML-NNI round 8: LogLk = -1836175.355 NNIs 41 max delta 15.08 Time 987.62 (final)
    987.62 seconds: ML Lengths 1 of 998 splits
    990.63 seconds: ML Lengths 101 of 998 splits
    993.70 seconds: ML Lengths 201 of 998 splits
    996.68 seconds: ML Lengths 301 of 998 splits
    999.70 seconds: ML Lengths 401 of 998 splits
   1002.72 seconds: ML Lengths 501 of 998 splits
   1005.77 seconds: ML Lengths 601 of 998 splits
   1008.83 seconds: ML Lengths 701 of 998 splits
   1011.87 seconds: ML Lengths 801 of 998 splits
   1014.88 seconds: ML Lengths 901 of 998 splits
Optimize all lengths: LogLk = -1836169.064 Time 1018.13
   1033.52 seconds: ML split tests for    100 of    997 internal splits
   1048.43 seconds: ML split tests for    200 of    997 internal splits
   1062.98 seconds: ML split tests for    300 of    997 internal splits
   1077.66 seconds: ML split tests for    400 of    997 internal splits
   1092.20 seconds: ML split tests for    500 of    997 internal splits
   1105.96 seconds: ML split tests for    600 of    997 internal splits
   1120.22 seconds: ML split tests for    700 of    997 internal splits
   1134.40 seconds: ML split tests for    800 of    997 internal splits
   1148.61 seconds: ML split tests for    900 of    997 internal splits
   1164.27 seconds: Site likelihoods with rate category 1 of 20
   1165.59 seconds: Site likelihoods with rate category 2 of 20
   1166.93 seconds: Site likelihoods with rate category 3 of 20
   1168.29 seconds: Site likelihoods with rate category 4 of 20
   1169.61 seconds: Site likelihoods with rate category 5 of 20
   1170.98 seconds: Site likelihoods with rate category 6 of 20
   1172.32 seconds: Site likelihoods with rate category 7 of 20
   1173.69 seconds: Site likelihoods with rate category 8 of 20
   1175.03 seconds: Site likelihoods with rate category 9 of 20
   1176.40 seconds: Site likelihoods with rate category 10 of 20
   1177.71 seconds: Site likelihoods with rate category 11 of 20
   1179.04 seconds: Site likelihoods with rate category 12 of 20
   1180.37 seconds: Site likelihoods with rate category 13 of 20
   1181.67 seconds: Site likelihoods with rate category 14 of 20
   1183.04 seconds: Site likelihoods with rate category 15 of 20
   1184.35 seconds: Site likelihoods with rate category 16 of 20
   1185.70 seconds: Site likelihoods with rate category 17 of 20
   1187.04 seconds: Site likelihoods with rate category 18 of 20
   1188.39 seconds: Site likelihoods with rate category 19 of 20
   1189.72 seconds: Site likelihoods with rate category 20 of 20
   1190.70 seconds: Optimizing alpha round 1
   1191.30 seconds: Optimizing alpha round 2
   1191.63 seconds: Optimizing alpha round 3
   1191.93 seconds: Optimizing alpha round 4
Gamma(20) LogLk = -1852715.768 alpha = 0.297 rescaling lengths by 2.163
Total time: 1192.25 seconds Unique: 1000/1000 Bad splits: 9/997 Worst delta-LogLk 8.713
