FastTree Version 2.1.11 Double precision (No SSE3)
Alignment: standard input
Nucleotide distances: Jukes-Cantor Joins: balanced Support: SH-like 1000
Search: Normal +NNI +SPR (2 rounds range 10) +ML-NNI opt-each=1
TopHits: 1.00*sqrtN close=default refresh=0.80
ML Model: Generalized Time-Reversible, CAT approximation with 20 rate categories
Ignored unknown character B (seen 3 times)
Ignored unknown character D (seen 7 times)
Ignored unknown character H (seen 5 times)
Ignored unknown character K (seen 205 times)
Ignored unknown character M (seen 328 times)
Ignored unknown character R (seen 1933 times)
Ignored unknown character S (seen 89 times)
Ignored unknown character V (seen 5 times)
Ignored unknown character W (seen 259 times)
Ignored unknown character X (seen 237 times)
Ignored unknown character Y (seen 865 times)
      4.68 seconds: Top hits for    264 of   1000 seqs (at seed    100)
      7.02 seconds: Top hits for    402 of   1000 seqs (at seed    200)
      9.02 seconds: Top hits for    479 of   1000 seqs (at seed    300)
     11.13 seconds: Top hits for    547 of   1000 seqs (at seed    400)
     13.17 seconds: Top hits for    624 of   1000 seqs (at seed    500)
     15.46 seconds: Top hits for    702 of   1000 seqs (at seed    600)
     17.20 seconds: Top hits for    783 of   1000 seqs (at seed    700)
     18.92 seconds: Top hits for    846 of   1000 seqs (at seed    800)
     21.09 seconds: Top hits for    924 of   1000 seqs (at seed    900)
     23.18 seconds: Checking top hits for      1 of   1000 seqs
     27.36 seconds: Joined    100 of    997
     31.12 seconds: Joined    200 of    997
     34.93 seconds: Joined    300 of    997
     39.81 seconds: Joined    400 of    997
     43.49 seconds: Joined    500 of    997
     45.38 seconds: Joined    600 of    997
     48.59 seconds: Joined    700 of    997
     51.20 seconds: Joined    800 of    997
     54.86 seconds: Joined    900 of    997
Initial topology in 57.90 seconds
Refining topology: 40 rounds ME-NNIs, 2 rounds ME-SPRs, 20 rounds ML-NNIs
     57.89 seconds: ME NNI round 1 of 40, 1 of 998 splits
     58.28 seconds: ME NNI round 1 of 40, 101 of 998 splits, 9 changes (max delta 0.005)
     58.65 seconds: ME NNI round 1 of 40, 201 of 998 splits, 32 changes (max delta 0.005)
     59.02 seconds: ME NNI round 1 of 40, 301 of 998 splits, 60 changes (max delta 0.005)
     59.22 seconds: ME NNI round 1 of 40, 401 of 998 splits, 91 changes (max delta 0.006)
     59.42 seconds: ME NNI round 1 of 40, 501 of 998 splits, 123 changes (max delta 0.011)
     59.62 seconds: ME NNI round 1 of 40, 601 of 998 splits, 150 changes (max delta 0.011)
     59.88 seconds: ME NNI round 1 of 40, 701 of 998 splits, 166 changes (max delta 0.011)
     60.11 seconds: ME NNI round 1 of 40, 801 of 998 splits, 183 changes (max delta 0.011)
     60.30 seconds: ME NNI round 1 of 40, 901 of 998 splits, 193 changes (max delta 0.011)
     60.49 seconds: ME NNI round 2 of 40, 1 of 998 splits
     60.69 seconds: ME NNI round 2 of 40, 101 of 998 splits, 2 changes (max delta 0.000)
     60.91 seconds: ME NNI round 2 of 40, 201 of 998 splits, 11 changes (max delta 0.003)
     61.13 seconds: ME NNI round 2 of 40, 301 of 998 splits, 21 changes (max delta 0.003)
     61.36 seconds: ME NNI round 2 of 40, 401 of 998 splits, 38 changes (max delta 0.003)
     61.59 seconds: ME NNI round 2 of 40, 501 of 998 splits, 54 changes (max delta 0.006)
     61.82 seconds: ME NNI round 2 of 40, 601 of 998 splits, 72 changes (max delta 0.008)
     62.03 seconds: ME NNI round 2 of 40, 701 of 998 splits, 82 changes (max delta 0.008)
     62.24 seconds: ME NNI round 2 of 40, 801 of 998 splits, 92 changes (max delta 0.008)
     62.44 seconds: ME NNI round 2 of 40, 901 of 998 splits, 94 changes (max delta 0.008)
     62.64 seconds: ME NNI round 3 of 40, 1 of 998 splits
     62.87 seconds: ME NNI round 3 of 40, 101 of 998 splits, 2 changes (max delta 0.001)
     63.09 seconds: ME NNI round 3 of 40, 201 of 998 splits, 12 changes (max delta 0.003)
     63.30 seconds: ME NNI round 3 of 40, 301 of 998 splits, 20 changes (max delta 0.003)
     63.52 seconds: ME NNI round 3 of 40, 401 of 998 splits, 32 changes (max delta 0.003)
     63.75 seconds: ME NNI round 3 of 40, 501 of 998 splits, 50 changes (max delta 0.011)
     63.97 seconds: ME NNI round 3 of 40, 601 of 998 splits, 55 changes (max delta 0.011)
     64.15 seconds: ME NNI round 4 of 40, 1 of 998 splits
     64.37 seconds: ME NNI round 4 of 40, 101 of 998 splits, 8 changes (max delta 0.001)
     64.60 seconds: ME NNI round 4 of 40, 201 of 998 splits, 20 changes (max delta 0.003)
     64.84 seconds: ME NNI round 4 of 40, 301 of 998 splits, 38 changes (max delta 0.006)
     65.06 seconds: ME NNI round 4 of 40, 401 of 998 splits, 48 changes (max delta 0.006)
     65.17 seconds: ME NNI round 5 of 40, 1 of 998 splits
     65.41 seconds: ME NNI round 5 of 40, 101 of 998 splits, 9 changes (max delta 0.001)
     65.65 seconds: ME NNI round 5 of 40, 201 of 998 splits, 28 changes (max delta 0.002)
     65.87 seconds: ME NNI round 5 of 40, 301 of 998 splits, 35 changes (max delta 0.002)
     66.00 seconds: ME NNI round 6 of 40, 1 of 998 splits
     66.25 seconds: ME NNI round 6 of 40, 101 of 998 splits, 14 changes (max delta 0.001)
     66.48 seconds: ME NNI round 6 of 40, 201 of 998 splits, 18 changes (max delta 0.001)
     66.71 seconds: ME NNI round 6 of 40, 301 of 998 splits, 23 changes (max delta 0.001)
     66.96 seconds: ME NNI round 7 of 40, 101 of 998 splits, 9 changes (max delta 0.001)
     67.19 seconds: ME NNI round 7 of 40, 201 of 998 splits, 15 changes (max delta 0.004)
     67.51 seconds: ME NNI round 8 of 40, 101 of 998 splits, 11 changes (max delta 0.001)
     67.66 seconds: ME NNI round 9 of 40, 1 of 998 splits
     67.91 seconds: ME NNI round 9 of 40, 101 of 998 splits, 9 changes (max delta 0.001)
     68.01 seconds: ME NNI round 10 of 40, 1 of 998 splits
     68.26 seconds: ME NNI round 10 of 40, 101 of 998 splits, 6 changes (max delta 0.001)
     68.46 seconds: ME NNI round 12 of 40, 1 of 998 splits
     68.59 seconds: SPR round   1 of   2, 1 of 1998 nodes
     72.64 seconds: SPR round   1 of   2, 101 of 1998 nodes
     76.47 seconds: SPR round   1 of   2, 201 of 1998 nodes
     80.59 seconds: SPR round   1 of   2, 301 of 1998 nodes
     84.62 seconds: SPR round   1 of   2, 401 of 1998 nodes
     88.71 seconds: SPR round   1 of   2, 501 of 1998 nodes
     92.70 seconds: SPR round   1 of   2, 601 of 1998 nodes
     96.14 seconds: SPR round   1 of   2, 701 of 1998 nodes
    100.26 seconds: SPR round   1 of   2, 801 of 1998 nodes
    104.29 seconds: SPR round   1 of   2, 901 of 1998 nodes
    108.06 seconds: SPR round   1 of   2, 1001 of 1998 nodes
    111.81 seconds: SPR round   1 of   2, 1101 of 1998 nodes
    115.45 seconds: SPR round   1 of   2, 1201 of 1998 nodes
    119.06 seconds: SPR round   1 of   2, 1301 of 1998 nodes
    122.90 seconds: SPR round   1 of   2, 1401 of 1998 nodes
    127.38 seconds: SPR round   1 of   2, 1501 of 1998 nodes
    131.46 seconds: SPR round   1 of   2, 1601 of 1998 nodes
    135.75 seconds: SPR round   1 of   2, 1701 of 1998 nodes
    139.75 seconds: SPR round   1 of   2, 1801 of 1998 nodes
    143.92 seconds: SPR round   1 of   2, 1901 of 1998 nodes
    149.14 seconds: ME NNI round 14 of 40, 1 of 998 splits
    149.34 seconds: ME NNI round 14 of 40, 101 of 998 splits, 2 changes (max delta 0.000)
    149.53 seconds: ME NNI round 14 of 40, 201 of 998 splits, 3 changes (max delta 0.000)
    149.74 seconds: ME NNI round 14 of 40, 301 of 998 splits, 3 changes (max delta 0.000)
    149.94 seconds: ME NNI round 14 of 40, 401 of 998 splits, 5 changes (max delta 0.001)
    150.14 seconds: ME NNI round 14 of 40, 501 of 998 splits, 8 changes (max delta 0.001)
    150.35 seconds: ME NNI round 14 of 40, 601 of 998 splits, 10 changes (max delta 0.001)
    150.54 seconds: ME NNI round 14 of 40, 701 of 998 splits, 10 changes (max delta 0.001)
    150.75 seconds: ME NNI round 14 of 40, 801 of 998 splits, 11 changes (max delta 0.001)
    150.97 seconds: ME NNI round 14 of 40, 901 of 998 splits, 13 changes (max delta 0.001)
    151.16 seconds: ME NNI round 15 of 40, 1 of 998 splits
    151.35 seconds: ME NNI round 15 of 40, 101 of 998 splits, 0 changes
    151.56 seconds: ME NNI round 15 of 40, 201 of 998 splits, 0 changes
    151.76 seconds: ME NNI round 15 of 40, 301 of 998 splits, 0 changes
    151.96 seconds: ME NNI round 15 of 40, 401 of 998 splits, 0 changes
    152.16 seconds: ME NNI round 15 of 40, 501 of 998 splits, 0 changes
    152.37 seconds: ME NNI round 15 of 40, 601 of 998 splits, 2 changes (max delta 0.000)
    152.56 seconds: ME NNI round 15 of 40, 701 of 998 splits, 3 changes (max delta 0.000)
    152.76 seconds: ME NNI round 15 of 40, 801 of 998 splits, 5 changes (max delta 0.000)
    152.97 seconds: ME NNI round 15 of 40, 901 of 998 splits, 5 changes (max delta 0.000)
    153.16 seconds: ME NNI round 16 of 40, 1 of 998 splits
    153.41 seconds: ME NNI round 16 of 40, 101 of 998 splits, 1 changes (max delta 0.000)
    153.63 seconds: SPR round   2 of   2, 1 of 1998 nodes
    157.96 seconds: SPR round   2 of   2, 101 of 1998 nodes
    161.62 seconds: SPR round   2 of   2, 201 of 1998 nodes
    166.43 seconds: SPR round   2 of   2, 301 of 1998 nodes
    170.66 seconds: SPR round   2 of   2, 401 of 1998 nodes
    175.08 seconds: SPR round   2 of   2, 501 of 1998 nodes
    178.93 seconds: SPR round   2 of   2, 601 of 1998 nodes
    183.30 seconds: SPR round   2 of   2, 701 of 1998 nodes
    187.69 seconds: SPR round   2 of   2, 801 of 1998 nodes
    191.70 seconds: SPR round   2 of   2, 901 of 1998 nodes
    196.01 seconds: SPR round   2 of   2, 1001 of 1998 nodes
    199.88 seconds: SPR round   2 of   2, 1101 of 1998 nodes
    203.92 seconds: SPR round   2 of   2, 1201 of 1998 nodes
    207.46 seconds: SPR round   2 of   2, 1301 of 1998 nodes
    211.88 seconds: SPR round   2 of   2, 1401 of 1998 nodes
    216.06 seconds: SPR round   2 of   2, 1501 of 1998 nodes
    220.74 seconds: SPR round   2 of   2, 1601 of 1998 nodes
    225.02 seconds: SPR round   2 of   2, 1701 of 1998 nodes
    228.86 seconds: SPR round   2 of   2, 1801 of 1998 nodes
    233.04 seconds: SPR round   2 of   2, 1901 of 1998 nodes
    238.06 seconds: ME NNI round 27 of 40, 1 of 998 splits
    238.26 seconds: ME NNI round 27 of 40, 101 of 998 splits, 0 changes
    238.47 seconds: ME NNI round 27 of 40, 201 of 998 splits, 0 changes
    238.68 seconds: ME NNI round 27 of 40, 301 of 998 splits, 0 changes
    238.89 seconds: ME NNI round 27 of 40, 401 of 998 splits, 0 changes
    239.11 seconds: ME NNI round 27 of 40, 501 of 998 splits, 0 changes
    239.33 seconds: ME NNI round 27 of 40, 601 of 998 splits, 5 changes (max delta 0.003)
    239.56 seconds: ME NNI round 27 of 40, 701 of 998 splits, 13 changes (max delta 0.003)
    239.78 seconds: ME NNI round 27 of 40, 801 of 998 splits, 17 changes (max delta 0.003)
    240.00 seconds: ME NNI round 27 of 40, 901 of 998 splits, 18 changes (max delta 0.003)
    240.20 seconds: ME NNI round 28 of 40, 1 of 998 splits
    240.40 seconds: ME NNI round 28 of 40, 101 of 998 splits, 0 changes
    240.61 seconds: ME NNI round 28 of 40, 201 of 998 splits, 0 changes
    240.82 seconds: ME NNI round 28 of 40, 301 of 998 splits, 0 changes
    241.04 seconds: ME NNI round 28 of 40, 401 of 998 splits, 0 changes
    241.26 seconds: ME NNI round 28 of 40, 501 of 998 splits, 0 changes
    241.47 seconds: ME NNI round 28 of 40, 601 of 998 splits, 3 changes (max delta 0.003)
    241.68 seconds: ME NNI round 28 of 40, 701 of 998 splits, 5 changes (max delta 0.003)
    241.90 seconds: ME NNI round 28 of 40, 801 of 998 splits, 8 changes (max delta 0.003)
    242.11 seconds: ME NNI round 28 of 40, 901 of 998 splits, 9 changes (max delta 0.003)
    242.31 seconds: ME NNI round 29 of 40, 1 of 998 splits
    242.58 seconds: ME NNI round 29 of 40, 101 of 998 splits, 8 changes (max delta 0.001)
    242.87 seconds: ME NNI round 31 of 40, 1 of 998 splits
    243.07 seconds: ME NNI round 32 of 40, 1 of 998 splits
Total branch-length 46.039 after 245.68 sec
    246.10 seconds: ML Lengths 1 of 998 splits
    248.28 seconds: ML Lengths 101 of 998 splits
    250.50 seconds: ML Lengths 201 of 998 splits
    252.69 seconds: ML Lengths 301 of 998 splits
    254.90 seconds: ML Lengths 401 of 998 splits
    257.13 seconds: ML Lengths 501 of 998 splits
    259.32 seconds: ML Lengths 601 of 998 splits
    261.53 seconds: ML Lengths 701 of 998 splits
    263.77 seconds: ML Lengths 801 of 998 splits
    266.00 seconds: ML Lengths 901 of 998 splits
    268.28 seconds: ML NNI round 1 of 20, 1 of 998 splits
    274.79 seconds: ML NNI round 1 of 20, 101 of 998 splits, 18 changes (max delta 28.553)
    281.17 seconds: ML NNI round 1 of 20, 201 of 998 splits, 38 changes (max delta 36.222)
    287.96 seconds: ML NNI round 1 of 20, 301 of 998 splits, 62 changes (max delta 36.222)
    294.49 seconds: ML NNI round 1 of 20, 401 of 998 splits, 79 changes (max delta 38.005)
    301.27 seconds: ML NNI round 1 of 20, 501 of 998 splits, 102 changes (max delta 51.294)
    307.80 seconds: ML NNI round 1 of 20, 601 of 998 splits, 125 changes (max delta 51.294)
    314.63 seconds: ML NNI round 1 of 20, 701 of 998 splits, 152 changes (max delta 60.273)
    321.56 seconds: ML NNI round 1 of 20, 801 of 998 splits, 173 changes (max delta 65.884)
    327.92 seconds: ML NNI round 1 of 20, 901 of 998 splits, 195 changes (max delta 65.884)
ML-NNI round 1: LogLk = -2447793.256 NNIs 216 max delta 65.88 Time 335.30
    335.31 seconds: Optimizing GTR model, step 1 of 12
    347.53 seconds: Optimizing GTR model, step 2 of 12
    364.94 seconds: Optimizing GTR model, step 3 of 12
    381.10 seconds: Optimizing GTR model, step 4 of 12
    398.95 seconds: Optimizing GTR model, step 5 of 12
    415.14 seconds: Optimizing GTR model, step 6 of 12
    431.98 seconds: Optimizing GTR model, step 7 of 12
    443.05 seconds: Optimizing GTR model, step 8 of 12
    455.29 seconds: Optimizing GTR model, step 9 of 12
    467.29 seconds: Optimizing GTR model, step 10 of 12
    478.14 seconds: Optimizing GTR model, step 11 of 12
    488.85 seconds: Optimizing GTR model, step 12 of 12
GTR Frequencies: 0.3632 0.1759 0.2391 0.2218
GTR rates(ac ag at cg ct gt) 1.8397 3.9192 0.9780 0.9678 4.6885 1.0000
    500.45 seconds: ML Lengths 1 of 998 splits
    502.94 seconds: ML Lengths 101 of 998 splits
    505.47 seconds: ML Lengths 201 of 998 splits
    507.92 seconds: ML Lengths 301 of 998 splits
    510.39 seconds: ML Lengths 401 of 998 splits
    512.86 seconds: ML Lengths 501 of 998 splits
    515.29 seconds: ML Lengths 601 of 998 splits
    517.74 seconds: ML Lengths 701 of 998 splits
    520.17 seconds: ML Lengths 801 of 998 splits
    522.59 seconds: ML Lengths 901 of 998 splits
    526.20 seconds: Site likelihoods with rate category 1 of 20
    527.40 seconds: Site likelihoods with rate category 2 of 20
    528.60 seconds: Site likelihoods with rate category 3 of 20
    529.81 seconds: Site likelihoods with rate category 4 of 20
    531.00 seconds: Site likelihoods with rate category 5 of 20
    532.22 seconds: Site likelihoods with rate category 6 of 20
    533.41 seconds: Site likelihoods with rate category 7 of 20
    534.58 seconds: Site likelihoods with rate category 8 of 20
    535.82 seconds: Site likelihoods with rate category 9 of 20
    537.00 seconds: Site likelihoods with rate category 10 of 20
    538.25 seconds: Site likelihoods with rate category 11 of 20
    539.43 seconds: Site likelihoods with rate category 12 of 20
    540.63 seconds: Site likelihoods with rate category 13 of 20
    541.86 seconds: Site likelihoods with rate category 14 of 20
    543.06 seconds: Site likelihoods with rate category 15 of 20
    544.27 seconds: Site likelihoods with rate category 16 of 20
    545.46 seconds: Site likelihoods with rate category 17 of 20
    546.65 seconds: Site likelihoods with rate category 18 of 20
    547.88 seconds: Site likelihoods with rate category 19 of 20
    549.06 seconds: Site likelihoods with rate category 20 of 20
Switched to using 20 rate categories (CAT approximation)
Rate categories were divided by 1.109 so that average rate = 1.0
CAT-based log-likelihoods may not be comparable across runs
    550.88 seconds: ML NNI round 2 of 20, 1 of 998 splits
    556.89 seconds: ML NNI round 2 of 20, 101 of 998 splits, 13 changes (max delta 16.751)
    562.03 seconds: ML NNI round 2 of 20, 201 of 998 splits, 30 changes (max delta 22.791)
    567.94 seconds: ML NNI round 2 of 20, 301 of 998 splits, 45 changes (max delta 27.114)
    572.79 seconds: ML NNI round 2 of 20, 401 of 998 splits, 60 changes (max delta 27.114)
    578.55 seconds: ML NNI round 2 of 20, 501 of 998 splits, 71 changes (max delta 27.114)
    583.08 seconds: ML NNI round 2 of 20, 601 of 998 splits, 78 changes (max delta 27.114)
    589.53 seconds: ML NNI round 2 of 20, 701 of 998 splits, 96 changes (max delta 27.114)
    595.02 seconds: ML NNI round 2 of 20, 801 of 998 splits, 115 changes (max delta 27.114)
    601.47 seconds: ML NNI round 2 of 20, 901 of 998 splits, 131 changes (max delta 27.114)
ML-NNI round 2: LogLk = -1940389.351 NNIs 148 max delta 27.11 Time 607.74
    607.74 seconds: ML NNI round 3 of 20, 1 of 998 splits
    613.61 seconds: ML NNI round 3 of 20, 101 of 998 splits, 13 changes (max delta 6.220)
    619.12 seconds: ML NNI round 3 of 20, 201 of 998 splits, 22 changes (max delta 8.388)
    624.51 seconds: ML NNI round 3 of 20, 301 of 998 splits, 36 changes (max delta 17.735)
    630.54 seconds: ML NNI round 3 of 20, 401 of 998 splits, 46 changes (max delta 22.236)
    633.26 seconds: ML NNI round 3 of 20, 501 of 998 splits, 51 changes (max delta 22.236)
    638.27 seconds: ML NNI round 3 of 20, 601 of 998 splits, 63 changes (max delta 28.143)
    644.35 seconds: ML NNI round 3 of 20, 701 of 998 splits, 82 changes (max delta 28.143)
ML-NNI round 3: LogLk = -1939479.808 NNIs 87 max delta 28.14 Time 647.94
    647.94 seconds: ML NNI round 4 of 20, 1 of 998 splits
    652.79 seconds: ML NNI round 4 of 20, 101 of 998 splits, 8 changes (max delta 16.081)
    656.67 seconds: ML NNI round 4 of 20, 201 of 998 splits, 13 changes (max delta 16.081)
    661.64 seconds: ML NNI round 4 of 20, 301 of 998 splits, 21 changes (max delta 16.081)
    664.67 seconds: ML NNI round 4 of 20, 401 of 998 splits, 27 changes (max delta 16.081)
    671.14 seconds: ML NNI round 4 of 20, 501 of 998 splits, 39 changes (max delta 33.128)
ML-NNI round 4: LogLk = -1939084.887 NNIs 48 max delta 33.13 Time 674.90
    674.90 seconds: ML NNI round 5 of 20, 1 of 998 splits
    679.66 seconds: ML NNI round 5 of 20, 101 of 998 splits, 9 changes (max delta 13.687)
    682.87 seconds: ML NNI round 5 of 20, 201 of 998 splits, 14 changes (max delta 13.687)
    687.00 seconds: ML NNI round 5 of 20, 301 of 998 splits, 22 changes (max delta 13.977)
ML-NNI round 5: LogLk = -1938889.092 NNIs 23 max delta 13.98 Time 691.89
    691.88 seconds: ML NNI round 6 of 20, 1 of 998 splits
    696.51 seconds: ML NNI round 6 of 20, 101 of 998 splits, 6 changes (max delta 6.639)
    699.58 seconds: ML NNI round 6 of 20, 201 of 998 splits, 8 changes (max delta 13.097)
ML-NNI round 6: LogLk = -1938772.492 NNIs 8 max delta 13.10 Time 700.92
    700.92 seconds: ML NNI round 7 of 20, 1 of 998 splits
    704.72 seconds: ML NNI round 7 of 20, 101 of 998 splits, 8 changes (max delta 9.742)
ML-NNI round 7: LogLk = -1938731.653 NNIs 8 max delta 9.74 Time 705.62
    705.62 seconds: ML NNI round 8 of 20, 1 of 998 splits
ML-NNI round 8: LogLk = -1938663.978 NNIs 8 max delta 9.94 Time 710.12
    710.11 seconds: ML NNI round 9 of 20, 1 of 998 splits
ML-NNI round 9: LogLk = -1938593.040 NNIs 5 max delta 9.13 Time 714.04
    714.04 seconds: ML NNI round 10 of 20, 1 of 998 splits
ML-NNI round 10: LogLk = -1938587.857 NNIs 2 max delta 3.35 Time 717.05
    717.05 seconds: ML NNI round 11 of 20, 1 of 998 splits
ML-NNI round 11: LogLk = -1938579.496 NNIs 2 max delta 4.89 Time 718.98
    718.98 seconds: ML NNI round 12 of 20, 1 of 998 splits
ML-NNI round 12: LogLk = -1938579.366 NNIs 0 max delta 0.00 Time 720.73
Turning off heuristics for final round of ML NNIs (converged)
    720.72 seconds: ML NNI round 13 of 20, 1 of 998 splits
    730.36 seconds: ML NNI round 13 of 20, 101 of 998 splits, 2 changes (max delta 24.353)
    739.54 seconds: ML NNI round 13 of 20, 201 of 998 splits, 9 changes (max delta 24.353)
    748.81 seconds: ML NNI round 13 of 20, 301 of 998 splits, 15 changes (max delta 24.353)
    757.86 seconds: ML NNI round 13 of 20, 401 of 998 splits, 25 changes (max delta 24.353)
    766.65 seconds: ML NNI round 13 of 20, 501 of 998 splits, 32 changes (max delta 24.353)
    775.38 seconds: ML NNI round 13 of 20, 601 of 998 splits, 34 changes (max delta 24.353)
    784.54 seconds: ML NNI round 13 of 20, 701 of 998 splits, 38 changes (max delta 24.353)
    794.28 seconds: ML NNI round 13 of 20, 801 of 998 splits, 44 changes (max delta 24.353)
    803.86 seconds: ML NNI round 13 of 20, 901 of 998 splits, 45 changes (max delta 24.353)
ML-NNI round 13: LogLk = -1935974.992 NNIs 48 max delta 24.35 Time 813.48 (final)
    813.48 seconds: ML Lengths 1 of 998 splits
    815.77 seconds: ML Lengths 101 of 998 splits
    818.11 seconds: ML Lengths 201 of 998 splits
    820.45 seconds: ML Lengths 301 of 998 splits
    822.79 seconds: ML Lengths 401 of 998 splits
    825.12 seconds: ML Lengths 501 of 998 splits
    827.45 seconds: ML Lengths 601 of 998 splits
    829.75 seconds: ML Lengths 701 of 998 splits
    832.06 seconds: ML Lengths 801 of 998 splits
    834.38 seconds: ML Lengths 901 of 998 splits
Optimize all lengths: LogLk = -1935962.659 Time 836.93
    849.52 seconds: ML split tests for    100 of    997 internal splits
    861.57 seconds: ML split tests for    200 of    997 internal splits
    873.65 seconds: ML split tests for    300 of    997 internal splits
    885.42 seconds: ML split tests for    400 of    997 internal splits
    897.23 seconds: ML split tests for    500 of    997 internal splits
    908.94 seconds: ML split tests for    600 of    997 internal splits
    920.73 seconds: ML split tests for    700 of    997 internal splits
    932.83 seconds: ML split tests for    800 of    997 internal splits
    944.79 seconds: ML split tests for    900 of    997 internal splits
    957.62 seconds: Site likelihoods with rate category 1 of 20
    958.83 seconds: Site likelihoods with rate category 2 of 20
    960.03 seconds: Site likelihoods with rate category 3 of 20
    961.23 seconds: Site likelihoods with rate category 4 of 20
    962.43 seconds: Site likelihoods with rate category 5 of 20
    963.61 seconds: Site likelihoods with rate category 6 of 20
    964.83 seconds: Site likelihoods with rate category 7 of 20
    966.01 seconds: Site likelihoods with rate category 8 of 20
    967.24 seconds: Site likelihoods with rate category 9 of 20
    968.44 seconds: Site likelihoods with rate category 10 of 20
    969.63 seconds: Site likelihoods with rate category 11 of 20
    970.84 seconds: Site likelihoods with rate category 12 of 20
    972.02 seconds: Site likelihoods with rate category 13 of 20
    973.21 seconds: Site likelihoods with rate category 14 of 20
    974.40 seconds: Site likelihoods with rate category 15 of 20
    975.58 seconds: Site likelihoods with rate category 16 of 20
    976.77 seconds: Site likelihoods with rate category 17 of 20
    977.95 seconds: Site likelihoods with rate category 18 of 20
    979.15 seconds: Site likelihoods with rate category 19 of 20
    980.32 seconds: Site likelihoods with rate category 20 of 20
    981.22 seconds: Optimizing alpha round 1
    981.64 seconds: Optimizing alpha round 2
    981.91 seconds: Optimizing alpha round 3
Gamma(20) LogLk = -1953778.555 alpha = 0.289 rescaling lengths by 1.588
Total time: 982.16 seconds Unique: 1000/1000 Bad splits: 15/997 Worst delta-LogLk 11.074
