Align target 0 (hCoV-19_Spain_COV001322_2020_EPI_ISL_452551_2020-03-23)
Align target 1 (hCoV-19_England_20124007204_2020_EPI_ISL_465776_2020-03-17)
Align target 2 (hCoV-19_England_SHEF-C1047_2020_EPI_ISL_441905_2020-04-11)
Align target 3 (hCoV-19_USA_MI-MDHHS-SC20308_2020_EPI_ISL_447105_2020-04-02)
Align target 4 (hCoV-19_Scotland_EDB4995_2020_EPI_ISL_453178_2020-05-15)
Align target 5 (hCoV-19_USA_WI-43_2020_EPI_ISL_421301)
Align target 6 (hCoV-19_India_GBRC30_2020_EPI_ISL_444461_2020-04-29)
Align target 7 (hCoV-19_South_Africa_KRISP-0113_2020_EPI_ISL_467467_2020-04-05)
Align target 8 (hCoV-19_England_LIVE-9900C_2020_EPI_ISL_439683_2020-04-07)
Align target 9 (hCoV-19_England_NOTT-10F1B2_2020_EPI_ISL_432972_2020-04-01)
Align target 10 (hCoV-19_USA_WA-S137_2020_EPI_ISL_430174)
Align target 11 (hCoV-19_USA_NY-NYUMC6_2020_EPI_ISL_418191)
Align target 12 (hCoV-19_USA_CA-SR0187_2020_EPI_ISL_437593_2020-03-25)
Align target 13 (hCoV-19_England_20170048704_2020_EPI_ISL_465303_2020-04-20)
Align target 14 (hCoV-19_Australia_VIC870_2020_EPI_ISL_427125)
Align target 15 (hCoV-19_Spain_COV003666_2020_EPI_ISL_467232_2020-04-01)
Align target 16 (hCoV-19_Switzerland_1000477757_2020_EPI_ISL_413021)
Align target 17 (hCoV-19_USA_NY-NYUMC74_2020_EPI_ISL_420590)
Align target 18 (hCoV-19_USA_VA-DCLS-0193_2020_EPI_ISL_437408_2020-04-16)
Align target 19 (hCoV-19_England_CAMB-7CF02_2020_EPI_ISL_442271_2020-04-06)
Align target 20 (hCoV-19_USA_WA-UW-6528_2020_EPI_ISL_437858_2020-04-05)
Align target 21 (hCoV-19_England_CAMB-82507_2020_EPI_ISL_443459_2020-04-14)
Align target 22 (hCoV-19_England_CAMB-80E0E_2020_EPI_ISL_442979_2020-04-10)
Align target 23 (hCoV-19_Canada_QGLO-038_2020__EPI_ISL_459889_2020-03-30)
Align target 24 (hCoV-19_USA_MA-MGH-00245_2020_EPI_ISL_460435_2020-04-06)
Align target 25 (hCoV-19_Wales_PHWC-2BE6F_2020_EPI_ISL_445858_2020-04-10)
Align target 26 (hCoV-19_England_CAMB-79794_2020_EPI_ISL_441053_2020-04-01)
Align target 27 (hCoV-19_England_BRIS-122650_2020_EPI_ISL_440709_2020-04-05)
Align target 28 (hCoV-19_Sweden_KI-CTMR-V300056977-4A_2020_EPI_ISL_444492_2020-03)
Align target 29 (hCoV-19_England_LOND-D559C_2020_EPI_ISL_449698_2020-04-16)
Align target 30 (hCoV-19_England_BRIS-125DFE_2020_EPI_ISL_443829_2020-03-31)
Align target 31 (hCoV-19_England_SHEF-C3494_2020_EPI_ISL_432773_2020-03-28)
Align target 32 (hCoV-19_USA_CZB-RR057-005_2020_EPI_ISL_417931)
Align target 33 (hCoV-19_England_NOTT-111A85_2020_EPI_ISL_461956_2020-05-26)
Align target 34 (hCoV-19_Wales_PHWC-27B4E_2020_EPI_ISL_432337_2020-03-30)
Align target 35 (hCoV-19_England_BRIS-124E83_2020_EPI_ISL_443982_2020-03-26)
Align target 36 (hCoV-19_Scotland_EDB1559_2020_EPI_ISL_433081_2020-04-12)
Align target 37 (hCoV-19_Northern_Ireland_NIRE-FAC6F_2020_EPI_ISL_441770_2020-03-26)
Align target 38 (hCoV-19_Colombia_GVI-97417_2020_EPI_ISL_447798_2020-04-04)
Align target 39 (hCoV-19_USA_WA-UW-6302_2020_EPI_ISL_430964_2020-04-02)
Align target 40 (hCoV-19_USA_WI-107_2020_EPI_ISL_425164)
Align target 41 (hCoV-19_Sweden_20-50136_2020_EPI_ISL_454882_2020-03-04)
Align target 42 (hCoV-19_Wales_PHWC-30FEC_2020_EPI_ISL_446391_2020-04-09)
Align target 43 (hCoV-19_USA_CA-QDX-154_2020_EPI_ISL_467816_2020-03-16)
Align target 44 (hCoV-19_England_BRIS-1290C4_2020_EPI_ISL_458858_2020-04-19)
Align target 45 (hCoV-19_USA_CT-Yale-215_2020_EPI_ISL_463151_2020-03-31)
Align target 46 (hCoV-19_England_SHEF-C7560_2020_EPI_ISL_462031_2020-04-18)
Align target 47 (hCoV-19_Sweden_20-14013_2020_EPI_ISL_455103_2020-04-27)
Align target 48 (hCoV-19_Wales_PHWC-26FDA_2020_EPI_ISL_422171)
Align target 49 (hCoV-19_Netherlands_ZuidHolland_149_2020_EPI_ISL_461322_2020-04-16)
Align target 50 (hCoV-19_Estonia_ChVir4313_2020_EPI_ISL_457740_2020-03)
Align target 51 (hCoV-19_USA_TX-HMH0154_2020_EPI_ISL_434853_2020-03-22)
Align target 52 (hCoV-19_Switzerland_1000477796_2020_EPI_ISL_413022)
Align target 53 (hCoV-19_England_NOTT-111065_2020_EPI_ISL_453621_2020-05-06)
Align target 54 (hCoV-19_Wales_PHWC-26D58_2020_EPI_ISL_422035)
Align target 55 (hCoV-19_Scotland_EDB2093_2020_EPI_ISL_433191_2020-04-19)
Align target 56 (hCoV-19_Spain_COV001561_2020_EPI_ISL_467151_2020-03-16)
Align target 57 (hCoV-19_India_S3_2020_EPI_ISL_430464)
Align target 58 (hCoV-19_Wales_PHWC-28F41_2020_EPI_ISL_445461_2020-04-03)
Align target 59 (hCoV-19_England_NORT-289252_2020_EPI_ISL_458661_2020-03-28)
Align target 60 (hCoV-19_USA_VI-CDC-4411_2020_EPI_ISL_454644_2020-04-27)
Align target 61 (hCoV-19_England_20129018604_2020_EPI_ISL_424006)
Align target 62 (hCoV-19_USA_TX-HMH0409_2020_EPI_ISL_434995_2020-03-31)
Align target 63 (hCoV-19_USA_WA-UW-4568_2020_EPI_ISL_429604)
Align target 64 (hCoV-19_England_NORW-EC77E_2020_EPI_ISL_457560_2020-05-11)
Align target 65 (hCoV-19_Spain_COV000910_2020_EPI_ISL_452657_2020-03-26)
Align target 66 (hCoV-19_Scotland_CVR2853_2020_EPI_ISL_448199_2020-04-21)
Align target 67 (hCoV-19_England_SHEF-D04EF_2020_EPI_ISL_462072_2020-04-17)
Align target 68 (hCoV-19_India_NCDC-02251_2020_EPI_ISL_435112_2020-03-28)
Align target 69 (hCoV-19_England_CAMB-72A47_2020_EPI_ISL_439641_2020-03-23)
Align target 70 (hCoV-19_USA_CT-Yale-116_2020_EPI_ISL_431083_2020-04-10)
Align target 71 (hCoV-19_England_201421485_2020_EPI_ISL_465969_2020-03-30)
Align target 72 (hCoV-19_England_20174051704_2020_EPI_ISL_465408_2020-04-21)
Align target 73 (hCoV-19_USA_NC_200319_2020_EPI_ISL_454819_2020-04)
Align target 74 (hCoV-19_India_GBRC41_2020_EPI_ISL_444472_2020-04-29)
Align target 75 (hCoV-19_USA_NY-NYUMC366_2020_EPI_ISL_430393)
Align target 76 (hCoV-19_USA_TX-HMH0392_2020_EPI_ISL_434979_2020-03-31)
Align target 77 (hCoV-19_Australia_SAP257_2020_EPI_ISL_468010_2020-04-01)
Align target 78 (hCoV-19_England_CAMB-72160_2020_EPI_ISL_439887_2020-03-28)
Align target 79 (hCoV-19_England_SHEF-C625B_2020_EPI_ISL_448857_2020-04-15)
Align target 80 (hCoV-19_Sweden_20-50240_2020_EPI_ISL_455881_2020-03-07)
Align target 81 (hCoV-19_England_BRIS-122210_2020_EPI_ISL_439969_2020-03-22)
Align target 82 (hCoV-19_Australia_VIC1428_2020_EPI_ISL_456435_2020-04-17)
Align target 83 (hCoV-19_Scotland_CVR882_2020_EPI_ISL_439128_2020-03-28)
Align target 84 (hCoV-19_England_NORT-289656_2020_EPI_ISL_458664_2020-03-31)
Align target 85 (hCoV-19_Austria_CeMM0095_2020_EPI_ISL_437956_2020-03-23)
Align target 86 (hCoV-19_USA_WA-S1071_2020_EPI_ISL_463561_2020-04-30)
Align target 87 (hCoV-19_SouthAfrica_Tygerberg_12_2020_EPI_ISL_464123_2020-04-08)
Align target 88 (hCoV-19_Denmark_ALAB-HH37_2020_EPI_ISL_429293)
Align target 89 (hCoV-19_England_CAMB-822E2_2020_EPI_ISL_443481_2020-04-14)
Align target 90 (hCoV-19_England_20139030004_2020_EPI_ISL_420666)
Align target 91 (hCoV-19_Spain_COV001406_2020_EPI_ISL_452495_2020-03-20)
Align target 92 (hCoV-19_Spain_Valencia137_2020_EPI_ISL_436232_2020-03-18)
Align target 93 (hCoV-19_USA_NY-PV09145_2020_EPI_ISL_422516)
Align target 94 (hCoV-19_England_201421353_2020_EPI_ISL_465964_2020-03-30)
Align target 95 (hCoV-19_Wales_PHWC-279EA_2020_EPI_ISL_431938_2020-03-01)
Align target 96 (hCoV-19_England_20122074602_2020_EPI_ISL_418676)
Align target 97 (hCoV-19_USA_LA-SR0140_2020_EPI_ISL_435445_2020-03-31)
Align target 98 (hCoV-19_USA_WA-S694_2020_EPI_ISL_449864_2020-04-08)
Align target 99 (hCoV-19_Belgium_UGent-17_2020_EPI_ISL_425057)
Align target 100 (hCoV-19_Shanghai_SH0042_2020_EPI_ISL_416351)
Align target 101 (hCoV-19_England_SHEF-CB9CA_2020_EPI_ISL_432513_2020-03-22)
Align target 102 (hCoV-19_USA_NM-UNM-00133_2020_EPI_ISL_467651_2020-04-02)
Align target 103 (hCoV-19_Portugal_PT0374_2020_EPI_ISL_454090_2020-03-19)
Align target 104 (hCoV-19_Wales_PHWC-309B1_2020_EPI_ISL_446302_2020-04-08)
Align target 105 (hCoV-19_England_LOND-D457F_2020_EPI_ISL_444134_2020-04-08)
Align target 106 (hCoV-19_USA_NY-PV08472_2020_EPI_ISL_421415)
Align target 107 (hCoV-19_USA_WA-UW-1792_2020_EPI_ISL_424253)
Align target 108 (hCoV-19_USA_CT-Yale-105_2020_EPI_ISL_435703_2020-04-07)
Align target 109 (hCoV-19_England_NORW-EABDE_2020_EPI_ISL_457360_2020-05-09)
Align target 110 (hCoV-19_England_SHEF-CFE6D_2020_EPI_ISL_432603_2020-03-19)
Align target 111 (hCoV-19_Scotland_EDB252_2020_EPI_ISL_425955)
Align target 112 (hCoV-19_Denmark_ALAB-SSI-743_2020_EPI_ISL_444885_2020-03-28)
Align target 113 (hCoV-19_Spain_COV001972_2020_EPI_ISL_452410_2020-03-14)
Align target 114 (hCoV-19_Chile_Chillan_2_2020_EPI_ISL_445331_2020-03-12)
Align target 115 (hCoV-19_Sweden_20-06209_2020_EPI_ISL_452233_2020-03-23)
Align target 116 (hCoV-19_England_20150032804_2020_EPI_ISL_466225_2020-04-03)
Align target 117 (hCoV-19_Wales_PHWC-2B4E5_2020_EPI_ISL_445720_2020-04-10)
Align target 118 (hCoV-19_England_BRIS-1291FE_2020_EPI_ISL_458726_2020-04-19)
Align target 119 (hCoV-19_Luxembourg_LNS1234709_2020_EPI_ISL_419570)
Align target 120 (hCoV-19_Northern_Ireland_NIRE-FB74F_2020_EPI_ISL_448973_2020-03-28)
Align target 121 (hCoV-19_England_EXET-136194_2020_EPI_ISL_457206_2020-04-15)
Align target 122 (hCoV-19_USA_MA-MGH-00705_2020_EPI_ISL_460293_2020-04-06)
Align target 123 (hCoV-19_USA_CA8_2020_EPI_ISL_411955)
Align target 124 (hCoV-19_England_20118060904_2020_EPI_ISL_464935_2020-03-13)
Align target 125 (hCoV-19_Iceland_217_2020_EPI_ISL_417833)
Align target 126 (hCoV-19_England_CAMB-7ACC1_2020_EPI_ISL_433864_2020-04-09)
Align target 127 (hCoV-19_India_NIV-6311_2020_EPI_ISL_452206_2020-03-30)
hCoV-19_India_NIV-6311_2020_EPI_ISL_452206_2020-03-30: Frameshift error (scores nt: 148505; codon: 128314)
Align target 128 (hCoV-19_England_LOND-D408D_2020_EPI_ISL_444091_2020-04-04)
Align target 129 (hCoV-19_England_CAMB-755F8_2020_EPI_ISL_425412)
Align target 130 (hCoV-19_India_GBRC110_2020_EPI_ISL_451155_2020-05-03)
Align target 131 (hCoV-19_England_NORW-E95D1_2020_EPI_ISL_453604_2020-04-22)
Align target 132 (hCoV-19_Northern_Ireland_NIRE-FAE0F_2020_EPI_ISL_448924_2020-03-26)
Align target 133 (hCoV-19_England_CAMB-7E1EC_2020_EPI_ISL_434050_2020-04-15)
Align target 134 (hCoV-19_China_WF0016_2020_EPI_ISL_413746)
Align target 135 (hCoV-19_England_20166000604_2020_EPI_ISL_466495_2020-04-15)
Align target 136 (hCoV-19_Netherlands_Gelderland_37_2020_EPI_ISL_460937_2020-04-10)
Align target 137 (hCoV-19_USA_WA-S310_2020_EPI_ISL_434070_2020-04-01)
Align target 138 (hCoV-19_Oman_205033013_2020_EPI_ISL_458116_2020-05-01)
Align target 139 (hCoV-19_HongKong_VM20001061_2020_EPI_ISL_412028)
Align target 140 (hCoV-19_Belgium_ULG-10097_2020_EPI_ISL_427348)
Align target 141 (hCoV-19_Canada_ON_MU-S401_2020_EPI_ISL_463985_2020-03-30)
hCoV-19_Canada_ON_MU-S401_2020_EPI_ISL_463985_2020-03-30: Frameshift error (scores nt: 134172; codon: 50873)
Align target 142 (hCoV-19_Oman_RESP-20-6417_2020_EPI_ISL_457996_2020-03-29)
Align target 143 (hCoV-19_France_ARA10192_2020_EPI_ISL_418425)
Align target 144 (hCoV-19_USA_AZ-TGEN-TG271882_2020_EPI_ISL_426544)
Align target 145 (hCoV-19_England_20188145804_2020_EPI_ISL_465519_2020-05-01)
Align target 146 (hCoV-19_USA_WA-S1027_2020_EPI_ISL_463517_2020-05-01)
Align target 147 (hCoV-19_Iceland_246_2020_EPI_ISL_417574)
Align target 148 (hCoV-19_England_OXON-AD7D3_2020_EPI_ISL_448596_2020)
Align target 149 (hCoV-19_Jordan_SR-0338_2020_EPI_ISL_450189_2020-04-06)
Align target 150 (hCoV-19_USA_NY-NYUMC208_2020_EPI_ISL_427503)
Align target 151 (hCoV-19_Italy_PV-9675-26Feb_2020_EPI_ISL_460095_2020-02-26)
Align target 152 (hCoV-19_England_NORW-E9771_2020_EPI_ISL_461832_2020-04-29)
Align target 153 (hCoV-19_Australia_VIC213_2020_EPI_ISL_419908)
Align target 154 (hCoV-19_Israel_13075719_2020_EPI_ISL_447449_2020-03-29)
Align target 155 (hCoV-19_England_20170049404_2020_EPI_ISL_465306_2020-04-20)
Align target 156 (hCoV-19_England_SHEF-D2B51_2020_EPI_ISL_442511_2020-04-12)
Align target 157 (hCoV-19_Australia_SAP066_2020_EPI_ISL_451104_2020-03-29)
Align target 158 (hCoV-19_Belgium_ULG-10098_2020_EPI_ISL_427349)
Align target 159 (hCoV-19_Scotland_CVR375_2020_EPI_ISL_433287_2020-03-21)
Align target 160 (hCoV-19_England_20126003706_2020_EPI_ISL_423878)
Align target 161 (hCoV-19_England_20104013904_2020_EPI_ISL_464329_2020-03-02)
Align target 162 (hCoV-19_England_CAMB-7E02B_2020_EPI_ISL_442219_2020-04-07)
Align target 163 (hCoV-19_Wales_PHWC-2B52E_2020_EPI_ISL_445723_2020-04-09)
Align target 164 (hCoV-19_Canada_BC_8897642_2020_EPI_ISL_418855)
Align target 165 (hCoV-19_England_20139042704_2020_EPI_ISL_420675)
Align target 166 (hCoV-19_USA_NY-PV09344_2020_EPI_ISL_450032_2020-03-24)
Align target 167 (hCoV-19_Wales_PHWC-2A64A_2020_EPI_ISL_445598_2020-04-06)
Align target 168 (hCoV-19_England_20156052404_2020_EPI_ISL_466342_2020-04-08)
Align target 169 (hCoV-19_England_CAMB-79020_2020_EPI_ISL_440608_2020-04-03)
Align target 170 (hCoV-19_Canada_BC_09671877_2020_EPI_ISL_467308_2020-04)
Align target 171 (hCoV-19_SouthAfrica_Tygerberg_25_2020_EPI_ISL_464136_2020-04-09)
Align target 172 (hCoV-19_USA_IA_6390_2020_EPI_ISL_424900)
Align target 173 (hCoV-19_Netherlands_NA_342_2020_EPI_ISL_455147_2020-04-04)
Align target 174 (hCoV-19_USA_WA-S582_2020_EPI_ISL_434342_2020-03-31)
Align target 175 (hCoV-19_USA_WA-UW76_2020_EPI_ISL_415604)
Align target 176 (hCoV-19_England_BRIS-12A61C_2020_EPI_ISL_458345_2020-04-29)
Align target 177 (hCoV-19_England_20122052604_2020_EPI_ISL_465756_2020-03-16)
Align target 178 (hCoV-19_Israel_701002792_2020_EPI_ISL_447281_2020-03-29)
Align target 179 (hCoV-19_Scotland_EDB156_2020_EPI_ISL_425921)
Align target 180 (hCoV-19_England_CAMB-81ED0_2020_EPI_ISL_438592_2020-04-22)
Align target 181 (hCoV-19_Australia_VIC743_2020_EPI_ISL_427021)
Align target 182 (hCoV-19_England_201360187_2020_EPI_ISL_421772)
Align target 183 (hCoV-19_England_CAMB-7C315_2020_EPI_ISL_434027_2020-04-14)
Align target 184 (hCoV-19_Greece_133_2020_EPI_ISL_434455_2020-03-09)
Align target 185 (hCoV-19_Portugal_PT0089_2020_EPI_ISL_421492)
Align target 186 (hCoV-19_USA_VI-CDC-3638_2020_EPI_ISL_464167_2020-03-19)
Align target 187 (hCoV-19_Canada_BC_24192775_2020_EPI_ISL_463196_2020-03)
Align target 188 (hCoV-19_England_NORW-E97BD_2020_EPI_ISL_448332_2020-04-23)
Align target 189 (hCoV-19_Mexico_CDMX-INER_05_2020_EPI_ISL_424627)
Align target 190 (hCoV-19_USA_MI-MDHHS-SC20404_2020_EPI_ISL_452278_2020-04-30)
Align target 191 (hCoV-19_USA_MA-MGH-00687_2020_EPI_ISL_460132_2020-04-06)
Align target 192 (hCoV-19_England_20130061604_2020_EPI_ISL_423641)
Align target 193 (hCoV-19_USA_FL-BPHL-054_2020_EPI_ISL_436558_2020-04-20)
Align target 194 (hCoV-19_USA_MA-MGH-00701_2020_EPI_ISL_460358_2020-04-06)
Align target 195 (hCoV-19_England_LOND-D4CF2_2020_EPI_ISL_449678_2020-04-15)
Align target 196 (hCoV-19_England_20166010704_2020_EPI_ISL_466526_2020-04-15)
Align target 197 (hCoV-19_USA_NY-NYUMC386_2020_EPI_ISL_430413)
Align target 198 (hCoV-19_USA_NY-WCMP10F09P_2020_EPI_ISL_427574)
Align target 199 (hCoV-19_England_SHEF-D1E2C_2020_EPI_ISL_432642_2020-04-02)
Align target 200 (hCoV-19_Scotland_EDB559_2020_EPI_ISL_426018)
Align target 201 (hCoV-19_USA_WA-S363_2020_EPI_ISL_434123_2020-03-26)
Align target 202 (hCoV-19_Spain_COV001959_2020_EPI_ISL_452422_2020-03-14)
Align target 203 (hCoV-19_Netherlands_NA_393_2020_EPI_ISL_455195_2020-04-02)
Align target 204 (hCoV-19_England_NOTT-10F668_2020_EPI_ISL_433032_2020-04-03)
Align target 205 (hCoV-19_Australia_VIC365_2020_EPI_ISL_426673)
Align target 206 (hCoV-19_USA_TX-HMH0449_2020_EPI_ISL_435028_2020-04-03)
Align target 207 (hCoV-19_England_BRIS-12A5B5_2020_EPI_ISL_458408_2020-05-01)
Align target 208 (hCoV-19_England_BRIS-121A64_2020_EPI_ISL_440269_2020-03-13)
Align target 209 (hCoV-19_Iceland_46_2020_EPI_ISL_417751)
Align target 210 (hCoV-19_USA_WA-UW161_2020_EPI_ISL_416699)
Align target 211 (hCoV-19_England_CAMB-1B19F3_2020_EPI_ISL_452995_2020-05-11)
Align target 212 (hCoV-19_England_201140260_2020_EPI_ISL_464717_2020-03-09)
Align target 213 (hCoV-19_Iceland_523_2020_EPI_ISL_424544)
Align target 214 (hCoV-19_Wales_PHWC-28CFF_2020_EPI_ISL_445430_2020-04-02)
Align target 215 (hCoV-19_England_CAMB-1AF63D_2020_EPI_ISL_459317_2020-05-01)
Align target 216 (hCoV-19_Netherlands_NA_361_2020_EPI_ISL_455165_2020-03-30)
Align target 217 (hCoV-19_Australia_VIC1664_2020_EPI_ISL_456565_2020-05-10)
Align target 218 (hCoV-19_Wales_PHWC-29ECB_2020_EPI_ISL_432368_2020-04-04)
Align target 219 (hCoV-19_Canada_BC_27303944_2020_EPI_ISL_463273_2020-03)
Align target 220 (hCoV-19_England_20142016704_2020_EPI_ISL_423437)
Align target 221 (hCoV-19_Kenya_P2385_2020_EPI_ISL_457879_2020-04)
Align target 222 (hCoV-19_Netherlands_ZuidHolland_216_2020_EPI_ISL_461388_2020-05-08)
Align target 223 (hCoV-19_England_NORW-E8C73_2020_EPI_ISL_448294_2020-04-12)
Align target 224 (hCoV-19_USA_WA-UW-3939_2020_EPI_ISL_427213)
Align target 225 (hCoV-19_Denmark_ALAB-SSI-645_2020_EPI_ISL_437017_2020-03-25)
Align target 226 (hCoV-19_England_CAMB-75D3C_2020_EPI_ISL_438336_2020-03-28)
Align target 227 (hCoV-19_Iceland_403_2020_EPI_ISL_424427)
Align target 228 (hCoV-19_England_20132000904_2020_EPI_ISL_423703)
Align target 229 (hCoV-19_Wuhan_HB-WH2-164_2020_EPI_ISL_454931_2020-02-10)
Align target 230 (hCoV-19_USA_WA-S584_2020_EPI_ISL_434344_2020-03-24)
Align target 231 (hCoV-19_India_GBRC56b_2020_EPI_ISL_447031_2020-05-03)
Align target 232 (hCoV-19_Portugal_PT0622_2020_EPI_ISL_454345_2020-03-26)
Align target 233 (hCoV-19_Wales_PHWC-28864_2020_EPI_ISL_432143_2020-04-01)
Align target 234 (hCoV-19_England_20132099304_2020_EPI_ISL_423832)
Align target 235 (hCoV-19_England_201081129_2020_EPI_ISL_464475_2020-03-05)
Align target 236 (hCoV-19_England_SHEF-C45BE_2020_EPI_ISL_432790_2020-04-01)
Align target 237 (hCoV-19_USA_WI-16_2020_EPI_ISL_417509)
Align target 238 (hCoV-19_USA_NY-PV08405_2020_EPI_ISL_421373)
Align target 239 (hCoV-19_England_20130064804_2020_EPI_ISL_423653)
Align target 240 (hCoV-19_Australia_VIC191_2020_EPI_ISL_419887)
Align target 241 (hCoV-19_Canada_BC_21480617_2020_EPI_ISL_462818_2020-03)
Align target 242 (hCoV-19_USA_MI-MDHHS-SC20032_2020_EPI_ISL_437119_2020-03-17)
Align target 243 (hCoV-19_Switzerland_100047_2020_EPI_ISL_466969_2020-03-11)
Align target 244 (hCoV-19_USA_CA-SCCPHD-UC102_2020_EPI_ISL_435581_2020-02-28)
Align target 245 (hCoV-19_Spain_Madrid_H12_1301_2020_EPI_ISL_421171)
Align target 246 (hCoV-19_USA_CA-CZB-1019_2020_EPI_ISL_436660_2020-04-10)
Align target 247 (hCoV-19_Wales_PHWC-2631A_2020_EPI_ISL_422028)
Align target 248 (hCoV-19_Wales_PHWC-2C8CA_2020_EPI_ISL_445921_2020-04-01)
Align target 249 (hCoV-19_USA_TX-HMH021_2020_EPI_ISL_434731_2020-03-17)
Align target 250 (hCoV-19_England_CAMB-73466_2020_EPI_ISL_440086_2020-03-23)
Align target 251 (hCoV-19_USA_MI-MDHHS-SC20122_2020_EPI_ISL_436801_2020-03-10)
Align target 252 (hCoV-19_USA_MI-MDHHS-SC20458_2020_EPI_ISL_459997_2020-05-06)
Align target 253 (hCoV-19_Belgium_ULG-7242_2020_EPI_ISL_418626)
Align target 254 (hCoV-19_Northern_Ireland_NIRE-101E9B_2020_EPI_ISL_453472_2020-03-24)
Align target 255 (hCoV-19_England_20138019504_2020_EPI_ISL_423294)
Align target 256 (hCoV-19_England_SHEF-C5C9A_2020_EPI_ISL_441983_2020-04-09)
Align target 257 (hCoV-19_India_NCDC-4879_2020_EPI_ISL_436463_2020-04-16)
Align target 258 (hCoV-19_England_CAMB-1AE3FB_2020_EPI_ISL_459429_2020-04-29)
Align target 259 (hCoV-19_Scotland_CVR1138_2020_EPI_ISL_433516_2020-03-30)
Align target 260 (hCoV-19_USA_CT-Yale-007_2020_EPI_ISL_416421)
Align target 261 (hCoV-19_Australia_VIC1340_2020_EPI_ISL_430686)
Align target 262 (hCoV-19_Scotland_EDB1629_2020_EPI_ISL_433093_2020-04-14)
Align target 263 (hCoV-19_Belgium_ULG-6503_2020_EPI_ISL_417016)
Align target 264 (hCoV-19_Wales_PHWC-34865_2020_EPI_ISL_446985_2020-04-13)
Align target 265 (hCoV-19_USA_NC_200244_2020_EPI_ISL_454802_2020-04)
Align target 266 (hCoV-19_USA_WA-UW270_2020_EPI_ISL_418055)
Align target 267 (hCoV-19_Australia_VIC476_2020_EPI_ISL_426908)
Align target 268 (hCoV-19_England_SHEF-BFE15_2020_EPI_ISL_418296)
Align target 269 (hCoV-19_England_NORT-291855_2020_EPI_ISL_453542_2020-04-22)
Align target 270 (hCoV-19_Kenya_P1118_2020_EPI_ISL_457853_2020-04)
Align target 271 (hCoV-19_Australia_VIC1180_2020_EPI_ISL_430626)
Align target 272 (hCoV-19_Norway_1811_2020_EPI_ISL_420139)
Align target 273 (hCoV-19_USA_AK-PHL77_2020_EPI_ISL_424347)
Align target 274 (hCoV-19_Wales_PHWC-2BE8D_2020_EPI_ISL_445860_2020-04-10)
Align target 275 (hCoV-19_USA_NY-PV08435_2020_EPI_ISL_421390)
Align target 276 (hCoV-19_Netherlands_ZuidHolland_141_2020_EPI_ISL_461314_2020-04-13)
Align target 277 (hCoV-19_USA_TX-HMH041_2020_EPI_ISL_434750_2020-03-09)
Align target 278 (hCoV-19_England_LIVE-9C106_2020_EPI_ISL_449511_2020-03-31)
Align target 279 (hCoV-19_Wales_PHWC-2525A_2020_EPI_ISL_420984)
Align target 280 (hCoV-19_Austria_CeMM0235_2020_EPI_ISL_438066_2020-03-19)
Align target 281 (hCoV-19_Spain_COV000708_2020_EPI_ISL_452758_2020-03-03)
Align target 282 (hCoV-19_Spain_COV001879_2020_EPI_ISL_452467_2020-03-10)
Align target 283 (hCoV-19_England_OXON-AE963_2020_EPI_ISL_448737_2020)
Align target 284 (hCoV-19_England_CAMB-79864_2020_EPI_ISL_441811_2020-04-01)
Align target 285 (hCoV-19_England_CAMB-74C5E_2020_EPI_ISL_425361)
Align target 286 (hCoV-19_USA_MN-MDH-296_2020_EPI_ISL_450764_2020-03-30)
Align target 287 (hCoV-19_England_BRIS-1254CC_2020_EPI_ISL_444014_2020-03-27)
Align target 288 (hCoV-19_England_EXET-1365F2_2020_EPI_ISL_457226_2020-04-24)
Align target 289 (hCoV-19_USA_WA-UW-4038_2020_EPI_ISL_427236)
Align target 290 (hCoV-19_England_20102068502_2020_EPI_ISL_417213)
Align target 291 (hCoV-19_Australia_VIC1642_2020_EPI_ISL_456545_2020-05-09)
Align target 292 (hCoV-19_Greece_213_34051_2020_EPI_ISL_437882_2020-03-14)
Align target 293 (hCoV-19_Belgium_ULG-10141_2020_EPI_ISL_427386)
Align target 294 (hCoV-19_Netherlands_NA_220_2020_EPI_ISL_422755)
Align target 295 (hCoV-19_USA_MN-MDH-1010_2020_EPI_ISL_462855_2020-04-30)
Align target 296 (hCoV-19_England_BIRM-5F58B_2020_EPI_ISL_461516_2020)
Align target 297 (hCoV-19_England_NOTT-10E1B3_2020_EPI_ISL_425507)
Align target 298 (hCoV-19_Netherlands_Gelderland_14_2020_EPI_ISL_455123_2020-03-12)
Align target 299 (hCoV-19_England_CAMB-7AECB_2020_EPI_ISL_433889_2020-04-10)
Align target 300 (hCoV-19_USA_CA-SCCPHD-UC103_2020_EPI_ISL_435582_2020-02-28)
Align target 301 (hCoV-19_USA_WA-S458_2020_EPI_ISL_434218_2020-04-06)
Align target 302 (hCoV-19_England_20192150801_2020_EPI_ISL_465604_2020-05-04)
Align target 303 (hCoV-19_England_BIRM-5F688_2020_EPI_ISL_461523_2020)
Align target 304 (hCoV-19_USA_NY-SURV1000_2020_EPI_ISL_436082_2020-03-19)
Align target 305 (hCoV-19_Iceland_554_2020_EPI_ISL_424574)
Align target 306 (hCoV-19_USA_ID-UW-4424_2020_EPI_ISL_426071)
Align target 307 (hCoV-19_USA_CA-CZB-1001_2020_EPI_ISL_436642_2020-04-01)
Align target 308 (hCoV-19_USA_WA-UW248_2020_EPI_ISL_418033)
Align target 309 (hCoV-19_England_20129033804_2020_EPI_ISL_424024)
Align target 310 (hCoV-19_England_NOTT-10E8AF_2020_EPI_ISL_425606)
Align target 311 (hCoV-19_Austria_CeMM0232_2020_EPI_ISL_438064_2020-03-18)
Align target 312 (hCoV-19_England_201060065_2020_EPI_ISL_464391_2020-03-04)
Align target 313 (hCoV-19_USA_WI-217_2020_EPI_ISL_428313)
Align target 314 (hCoV-19_Australia_VIC111_2020_EPI_ISL_419715)
Align target 315 (hCoV-19_USA_WA-S729_2020_EPI_ISL_449899_2020-04-11)
Align target 316 (hCoV-19_USA_WA-UW-5364_2020_EPI_ISL_430902_2020-04-05)
Align target 317 (hCoV-19_Guangdong_20SF200_2020_EPI_ISL_428455)
Align target 318 (hCoV-19_Luxembourg_LNS5444595_2020_EPI_ISL_428957)
Align target 319 (hCoV-19_England_CAMB-75B41_2020_EPI_ISL_438378_2020-03-29)
Align target 320 (hCoV-19_England_CAMB-7AC49_2020_EPI_ISL_433856_2020-04-08)
Align target 321 (hCoV-19_England_SHEF-C3300_2020_EPI_ISL_432769_2020-04-15)
Align target 322 (hCoV-19_England_CAMB-7C7CE_2020_EPI_ISL_442055_2020-04-06)
Align target 323 (hCoV-19_USA_CA-CZB-1054_2020_EPI_ISL_437054_2020-04-05)
Align target 324 (hCoV-19_England_20142023704_2020_EPI_ISL_423448)
Align target 325 (hCoV-19_USA_WA-UW176_2020_EPI_ISL_416714)
Align target 326 (hCoV-19_Brunei_5_2020_EPI_ISL_435677_2020-03-21)
Align target 327 (hCoV-19_Scotland_GCVR-170538_2020_EPI_ISL_459572_2020-03-23)
Align target 328 (hCoV-19_New_Zealand_20VR2072_2020_EPI_ISL_456359_2020-04-07)
Align target 329 (hCoV-19_New_Zealand_20VR1076_2020_EPI_ISL_456187_2020-03-22)
Align target 330 (hCoV-19_USA_NY-PV09416_2020_EPI_ISL_450096_2020-03-13)
Align target 331 (hCoV-19_England_CAMB-1AD7F0_2020_EPI_ISL_448012_2020-05-04)
Align target 332 (hCoV-19_Poland_PL_P12_2020_EPI_ISL_451973_2020-03-31)
Align target 333 (hCoV-19_England_BRIS-125C1F_2020_EPI_ISL_443784_2020-03-30)
Align target 334 (hCoV-19_Wales_PHWC-2A5B6_2020_EPI_ISL_445589_2020-04-05)
Align target 335 (hCoV-19_England_CAMB-756C8_2020_EPI_ISL_440426_2020-03-14)
Align target 336 (hCoV-19_USA_NY-NYUMC440_2020_EPI_ISL_435507_2020-04-15)
Align target 337 (hCoV-19_USA_MI-MDHHS-SC20206_2020_EPI_ISL_447177_2020-03-17)
Align target 338 (hCoV-19_France_ARA09428_2020_EPI_ISL_418413)
Align target 339 (hCoV-19_USA_NY-NYUMC301_2020_EPI_ISL_430328)
Align target 340 (hCoV-19_England_201061453_2020_EPI_ISL_464411_2020-02-27)
Align target 341 (hCoV-19_Brazil_MG0112_2020_EPI_ISL_417949)
Align target 342 (hCoV-19_Germany_BAV-MVP0040_2020_EPI_ISL_437239_2020-04-02)
Align target 343 (hCoV-19_Portugal_PT0403_2020_EPI_ISL_454127_2020-03-17)
Align target 344 (hCoV-19_Israel_701002317_2020_EPI_ISL_447308_2020-03-21)
Align target 345 (hCoV-19_Canada_ON-UHTC_0047_2020_EPI_ISL_464012_2020-04-02)
Align target 346 (hCoV-19_Iceland_209_2020_EPI_ISL_417764)
Align target 347 (hCoV-19_USA_WA-UW124_2020_EPI_ISL_416662)
Align target 348 (hCoV-19_Canada_QC_AY9_2020_EPI_ISL_463957_2020-04-11)
Align target 349 (hCoV-19_USA_WA-S184_2020_EPI_ISL_430222)
Align target 350 (hCoV-19_England_20194157001_2020_EPI_ISL_465621_2020-05-05)
Align target 351 (hCoV-19_England_CAMB-7423E_2020_EPI_ISL_440310_2020-03-20)
Align target 352 (hCoV-19_Belgium_NL-030447_2020_EPI_ISL_420314)
Align target 353 (hCoV-19_USA_CT-Yale-238_2020_EPI_ISL_463170_2020-04-01)
Align target 354 (hCoV-19_Canada_NB_35_2020_EPI_ISL_429816)
Align target 355 (hCoV-19_Germany_BAV-MVP0071_2020_EPI_ISL_437267_2020-03-27)
Align target 356 (hCoV-19_Wales_PHWC-2AA4E_2020_EPI_ISL_445655_2020-04-07)
Align target 357 (hCoV-19_Wales_PHWC-31C20_2020_EPI_ISL_446546_2020-04-13)
Align target 358 (hCoV-19_Australia_VIC1127_2020_EPI_ISL_430608)
Align target 359 (hCoV-19_Iceland_537_2020_EPI_ISL_424557)
Align target 360 (hCoV-19_Luxembourg_LNS4284220_2020_EPI_ISL_429799)
Align target 361 (hCoV-19_India_NCDC-01475_2020_EPI_ISL_435065_2020-03-15)
Align target 362 (hCoV-19_Chile_Puerto_Montt_2_2020_EPI_ISL_445334_2020-03-29)
Align target 363 (hCoV-19_India_GBRC109_2020_EPI_ISL_451154_2020-05-03)
Align target 364 (hCoV-19_Australia_NSW132_2020_EPI_ISL_427787)
Align target 365 (hCoV-19_England_CAMB-1B250D_2020_EPI_ISL_456688_2020-05-18)
Align target 366 (hCoV-19_England_CAMB-1B2C71_2020_EPI_ISL_456716_2020-05-19)
Align target 367 (hCoV-19_Scotland_CVR378_2020_EPI_ISL_439067_2020-03-22)
Align target 368 (hCoV-19_Wales_PHWC-26B7C_2020_EPI_ISL_422253)
Align target 369 (hCoV-19_England_CAMB-77F07_2020_EPI_ISL_441819_2020-04-01)
Align target 370 (hCoV-19_England_BRIS-1236F5_2020_EPI_ISL_442755_2020-04-06)
Align target 371 (hCoV-19_USA_MI-MDHHS-SC20065_2020_EPI_ISL_437152_2020-03-23)
Align target 372 (hCoV-19_Switzerland_100054_2020_EPI_ISL_466976_2020-03-12)
Align target 373 (hCoV-19_Luxembourg_LNS4535024_2020_EPI_ISL_445063_2020-04-26)
Align target 374 (hCoV-19_USA_WA-S57_2020_EPI_ISL_417110)
Align target 375 (hCoV-19_Australia_VIC26_2020_EPI_ISL_419745)
Align target 376 (hCoV-19_England_BRIS-125FF8_2020_EPI_ISL_459035_2020-04-09)
Align target 377 (hCoV-19_England_20129032404_2020_EPI_ISL_424021)
Align target 378 (hCoV-19_England_201440126_2020_EPI_ISL_465981_2020-03-30)
Align target 379 (hCoV-19_England_NORW-E9B1B_2020_EPI_ISL_448351_2020-04-30)
Align target 380 (hCoV-19_Spain_COV000677_2020_EPI_ISL_452781_2020-03-05)
Align target 381 (hCoV-19_England_BRIS-12671D_2020_EPI_ISL_459027_2020-04-09)
Align target 382 (hCoV-19_USA_CA-SCCPHD-UC194_2020_EPI_ISL_435673_2020-03-21)
Align target 383 (hCoV-19_England_20186131504_2020_EPI_ISL_465711_2020-04-30)
Align target 384 (hCoV-19_England_EXET-135D64_2020_EPI_ISL_457163_2020-03-27)
Align target 385 (hCoV-19_England_201160755_2020_EPI_ISL_464802_2020-03-10)
Align target 386 (hCoV-19_Finland_FIN-266_2020_EPI_ISL_414646)
Align target 387 (hCoV-19_England_CAMB-79AC8_2020_EPI_ISL_433820_2020-03-26)
Align target 388 (hCoV-19_USA_WA-S153_2020_EPI_ISL_430190)
Align target 389 (hCoV-19_Netherlands_NA_37_2020_EPI_ISL_422798)
Align target 390 (hCoV-19_Czech_Republic_IAB_22_2020_EPI_ISL_426896)
Align target 391 (hCoV-19_USA_MI-MDHHS-SC20535_2020_EPI_ISL_460583_2020-05-12)
Align target 392 (hCoV-19_England_CAMB-1B05A5_2020_EPI_ISL_452895_2020-05-11)
Align target 393 (hCoV-19_England_CAMB-77A7F_2020_EPI_ISL_439444_2020-04-01)
Align target 394 (hCoV-19_Singapore_120_2020_EPI_ISL_443212_2020-04-08)
Align target 395 (hCoV-19_JOR_SEARCH-0042-JOR_2020_EPI_ISL_430000)
Align target 396 (hCoV-19_Spain_Valencia210_2020_EPI_ISL_436305_2020-03-26)
Align target 397 (hCoV-19_England_BRIS-128A9A_2020_EPI_ISL_458798_2020-04-13)
Align target 398 (hCoV-19_Wales_PHWC-2F478_2020_EPI_ISL_446255_2020-04-17)
Align target 399 (hCoV-19_Latvia_018_2020_EPI_ISL_450518_2020-04-18)
Computing global alignment... done.
