Align target 0 (hCoV-19_Australia_VIC582_2020_EPI_ISL_426839)
Align target 1 (hCoV-19_England_CAMB-77A15_2020_EPI_ISL_439519_2020-04-01)
Align target 2 (hCoV-19_Wuhan_HB-WH1-143_2020_EPI_ISL_454919_2020-02-03)
Align target 3 (hCoV-19_Australia_VIC48_2020_EPI_ISL_419762)
Align target 4 (hCoV-19_USA_MA-MGH-00557_2020_EPI_ISL_460380_2020-03-22)
Align target 5 (hCoV-19_England_20119004304_2020_EPI_ISL_465012_2020-03-12)
Align target 6 (hCoV-19_Bosnia-and-Herzegovina_ChVir7344_2020_EPI_ISL_462452_2020-03-19)
Align target 7 (hCoV-19_USA_NY-WCMP10A12P_2020_EPI_ISL_427556)
Align target 8 (hCoV-19_England_SHEF-BFEE8_2020_EPI_ISL_418306)
Align target 9 (hCoV-19_USA_ID-UW-4427_2020_EPI_ISL_426072)
Align target 10 (hCoV-19_England_20142002904_2020_EPI_ISL_423425)
Align target 11 (hCoV-19_USA_UT-00501_2020_EPI_ISL_430051)
Align target 12 (hCoV-19_Wales_PHWC-2A501_2020_EPI_ISL_445578_2020-04-06)
Align target 13 (hCoV-19_Netherlands_Gelderland_41_2020_EPI_ISL_460941_2020-04-03)
Align target 14 (hCoV-19_USA_VA-DCLS-0152_2020_EPI_ISL_437785_2020-04-17)
Align target 15 (hCoV-19_England_CAMB-7AC3A_2020_EPI_ISL_433855_2020-04-08)
Align target 16 (hCoV-19_USA_NY-PV08490_2020_EPI_ISL_421426)
Align target 17 (hCoV-19_Australia_NSW70_2020_EPI_ISL_427757)
Align target 18 (hCoV-19_India_NCDC-01638_2020_EPI_ISL_435109_2020-03-17)
Align target 19 (hCoV-19_Scotland_EDB045_2020_EPI_ISL_425849)
Align target 20 (hCoV-19_Luxembourg_LNS2886370_2020_EPI_ISL_419579)
Align target 21 (hCoV-19_England_20129016004_2020_EPI_ISL_424000)
Align target 22 (hCoV-19_India_GBRC54_2020_EPI_ISL_444485_2020-05-04)
Align target 23 (hCoV-19_England_CAMB-1B2989_2020_EPI_ISL_456706_2020-05-18)
Align target 24 (hCoV-19_Switzerland_120006_2020_EPI_ISL_468207_2020-04-17)
Align target 25 (hCoV-19_Wales_PHWC-26031_2020_EPI_ISL_422271)
Align target 26 (hCoV-19_England_LOND-D4BAA_2020_EPI_ISL_449657_2020-04-11)
Align target 27 (hCoV-19_Wales_PHW10_2020_EPI_ISL_415453)
Align target 28 (hCoV-19_Australia_VIC970_2020_EPI_ISL_430662)
Align target 29 (hCoV-19_Sweden_20-50214_2020_EPI_ISL_455873_2020-03-04)
Align target 30 (hCoV-19_Australia_VIC150_2020_EPI_ISL_419847)
Align target 31 (hCoV-19_USA_NY-NYUMC245_2020_EPI_ISL_428759)
Align target 32 (hCoV-19_Scotland_CVR14_2020_EPI_ISL_425683)
Align target 33 (hCoV-19_USA_WA-UW-3844_2020_EPI_ISL_427192)
Align target 34 (hCoV-19_Scotland_GCVR-170D12_2020_EPI_ISL_459590_2020-03-25)
Align target 35 (hCoV-19_USA_CT-UW-5038_2020_EPI_ISL_429641)
Align target 36 (hCoV-19_Singapore_203_2020_EPI_ISL_462321_2020-04-27)
Align target 37 (hCoV-19_Scotland_CVR951_2020_EPI_ISL_439137_2020-03-28)
Align target 38 (hCoV-19_DRC_3482_2020_EPI_ISL_447601_2020-04-22)
Align target 39 (hCoV-19_Meizhou_MZ01_2020_EPI_ISL_454417_2020-02-13)
Align target 40 (hCoV-19_Scotland_CVR3133_2020_EPI_ISL_461695_2020-04-24)
Align target 41 (hCoV-19_England_NORT-289AC3_2020_EPI_ISL_453511_2020-04-03)
Align target 42 (hCoV-19_Netherlands_NoordBrabant_10042_2020_EPI_ISL_454791_2020-03-25)
Align target 43 (hCoV-19_USA_CA-CZB-1215_2020_EPI_ISL_450464_2020-04-07)
Align target 44 (hCoV-19_Spain_COV000873_2020_EPI_ISL_452684_2020-03-25)
Align target 45 (hCoV-19_Wales_PHWC-2EB1A_2020_EPI_ISL_446116_2020-04-08)
Align target 46 (hCoV-19_USA_WI-UW-311_2020_EPI_ISL_436605_2020-04-14)
Align target 47 (hCoV-19_Wales_PHWC-2F399_2020_EPI_ISL_446241_2020-04-06)
Align target 48 (hCoV-19_Bangladesh_BARJ_CVASU_CTG_518_2020_EPI_ISL_450345_2020-05-10)
Align target 49 (hCoV-19_England_20164070704_2020_EPI_ISL_466470_2020-04-08)
Align target 50 (hCoV-19_SouthAfrica_KRISP-105_2020_EPI_ISL_455635_2020-05-05)
Align target 51 (hCoV-19_Scotland_CVR2081_2020_EPI_ISL_438872_2020-04-10)
Align target 52 (hCoV-19_Switzerland_100112_2020_EPI_ISL_451696_2020-03-16)
Align target 53 (hCoV-19_England_SHEF-D068F_2020_EPI_ISL_448905_2020-04-17)
Align target 54 (hCoV-19_Australia_VIC398_2020_EPI_ISL_426701)
Align target 55 (hCoV-19_England_CAMB-7374F_2020_EPI_ISL_425231)
Align target 56 (hCoV-19_England_BRIS-12AB77_2020_EPI_ISL_458337_2020-05-01)
Align target 57 (hCoV-19_England_LIVE-9EE58_2020_EPI_ISL_453402_2020-04-10)
Align target 58 (hCoV-19_USA_CA-SR0181_2020_EPI_ISL_437596_2020-03-24)
Align target 59 (hCoV-19_England_20124009704_2020_EPI_ISL_465779_2020-03-17)
Align target 60 (hCoV-19_England_CAMB-1AEBF3_2020_EPI_ISL_448060_2020-05-04)
Align target 61 (hCoV-19_Singapore_161_2020_EPI_ISL_462279_2020-03-19)
Align target 62 (hCoV-19_Argentina_PAIS_A008_2020_EPI_ISL_430800)
Align target 63 (hCoV-19_USA_NY-NYUMC212_2020_EPI_ISL_427507)
Align target 64 (hCoV-19_England_NORW-E8B58_2020_EPI_ISL_448282_2020-04-13)
Align target 65 (hCoV-19_England_20166008904_2020_EPI_ISL_466522_2020-04-15)
Align target 66 (hCoV-19_USA_CA-CZB-1278_2020_EPI_ISL_454636_2020-03-27)
Align target 67 (hCoV-19_Australia_NSW523_2020_EPI_ISL_455063_2020-03-26)
Align target 68 (hCoV-19_Wales_PHWC-23BAC_2020_EPI_ISL_418096)
Align target 69 (hCoV-19_England_CAMB-79CFF_2020_EPI_ISL_441306_2020-04-02)
Align target 70 (hCoV-19_England_201390537_2020_EPI_ISL_465851_2020-03-28)
Align target 71 (hCoV-19_England_SHEF-C3E78_2020_EPI_ISL_441955_2020-04-12)
Align target 72 (hCoV-19_England_20140070004_2020_EPI_ISL_423405)
Align target 73 (hCoV-19_USA_VA-DCLS-0388_2020_EPI_ISL_467785_2020-04-18)
Align target 74 (hCoV-19_England_20144073804_2020_EPI_ISL_423561)
Align target 75 (hCoV-19_Wuhan_HBCDC-HB-05_2020_EPI_ISL_412981)
Align target 76 (hCoV-19_Germany_BAV-MVP0015_2020_EPI_ISL_437216_2020-04-09)
Align target 77 (hCoV-19_USA_TX-HMH0272_2020_EPI_ISL_434900_2020-03-26)
Align target 78 (hCoV-19_Belgium_PBT-0330365_2020_EPI_ISL_462219_2020-03-30)
Align target 79 (hCoV-19_Netherlands_Gelderland_67_2020_EPI_ISL_460966_2020-05-18)
Align target 80 (hCoV-19_USA_WA-S1210_2020_EPI_ISL_463700_2020-05-07)
Align target 81 (hCoV-19_England_20129037204_2020_EPI_ISL_424037)
Align target 82 (hCoV-19_Scotland_GCVR-170495_2020_EPI_ISL_459636_2020-03-23)
Align target 83 (hCoV-19_Scotland_EDB4838_2020_EPI_ISL_453163_2020-04-02)
Align target 84 (hCoV-19_USA_ID-UW-6463_2020_EPI_ISL_437834_2020-04-02)
Align target 85 (hCoV-19_USA_TX-HMH0195_2020_EPI_ISL_434870_2020-03-23)
Align target 86 (hCoV-19_India_NCDC-3936_2020_EPI_ISL_436440_2020-04-09)
Align target 87 (hCoV-19_England_BRIS-121DD4_2020_EPI_ISL_440113_2020-03-20)
Align target 88 (hCoV-19_France_OCC-16_2020_EPI_ISL_434631_2020-04-08)
Align target 89 (hCoV-19_Wales_PHWC-29089_2020_EPI_ISL_432129_2020-04-03)
Align target 90 (hCoV-19_England_SHEF-CE4B7_2020_EPI_ISL_448888_2020-04-17)
Align target 91 (hCoV-19_Scotland_EDB4661_2020_EPI_ISL_449318_2020-05-08)
Align target 92 (hCoV-19_England_NOTT-10FC84_2020_EPI_ISL_432706_2020-04-08)
Align target 93 (hCoV-19_Portugal_PT0045_2020_EPI_ISL_421448)
Align target 94 (hCoV-19_Italy_VR_20COV31-18_2020_EPI_ISL_452187_2020-03-31)
Align target 95 (hCoV-19_England_20122054604_2020_EPI_ISL_465757_2020-03-15)
Align target 96 (hCoV-19_Netherlands_Limburg_12_2020_EPI_ISL_461000_2020-05-08)
Align target 97 (hCoV-19_England_NOTT-10FCA2_2020_EPI_ISL_432707_2020-04-06)
Align target 98 (hCoV-19_Australia_VIC529_2020_EPI_ISL_426795)
Align target 99 (hCoV-19_England_SHEF-D1FED_2020_EPI_ISL_432645_2020-04-05)
Align target 100 (hCoV-19_USA_CA-QDX-153_2020_EPI_ISL_467815_2020-03-16)
Align target 101 (hCoV-19_England_CAMB-7A0E3_2020_EPI_ISL_441290_2020-04-01)
Align target 102 (hCoV-19_Portugal_PT0104_2020_EPI_ISL_453820_2020-03-21)
Align target 103 (hCoV-19_England_CAMB-778DF_2020_EPI_ISL_439445_2020-03-31)
Align target 104 (hCoV-19_USA_LA-SR0279_2020_EPI_ISL_445134_2020-03-31)
Align target 105 (hCoV-19_England_NORW-EB91F_2020_EPI_ISL_457456_2020-05-08)
Align target 106 (hCoV-19_Wales_PHWC-2CA1F_2020_EPI_ISL_445935_2020-04-01)
Align target 107 (hCoV-19_Belgium_BS-0331361_2020_EPI_ISL_462215_2020-03-31)
Align target 108 (hCoV-19_England_BRIS-123886_2020_EPI_ISL_442652_2020-04-07)
Align target 109 (hCoV-19_USA_WA-S1050_2020_EPI_ISL_463540_2020-04-30)
Align target 110 (hCoV-19_Netherlands_NA_494_2020_EPI_ISL_460667_2020-03-18)
Align target 111 (hCoV-19_Netherlands_NA_537_2020_EPI_ISL_460710_2020)
Align target 112 (hCoV-19_England_20119064504_2020_EPI_ISL_465090_2020-03-11)
Align target 113 (hCoV-19_Wales_PHWC-34100_2020_EPI_ISL_446872_2020-04-18)
Align target 114 (hCoV-19_USA_OR-OHSU-0057_2020_EPI_ISL_468088_2020-04-21)
Align target 115 (hCoV-19_USA_WI-93_2020_EPI_ISL_425150)
Align target 116 (hCoV-19_France_10017GS_2020_EPI_ISL_447710_2020-03)
Align target 117 (hCoV-19_England_CAMB-79C2C_2020_EPI_ISL_441295_2020-04-02)
Align target 118 (hCoV-19_Philippines_RITM-02_2020_EPI_ISL_430839)
Align target 119 (hCoV-19_England_CAMB-1B31DB_2020_EPI_ISL_456751_2020-05-22)
Align target 120 (hCoV-19_England_LOND-D3E84_2020_EPI_ISL_441044_2020-04-04)
Align target 121 (hCoV-19_India_GBRC43_2020_EPI_ISL_444474_2020-04-29)
Align target 122 (hCoV-19_USA_NY-NYUMC526_2020_EPI_ISL_444643_2020-03-29)
Align target 123 (hCoV-19_Northern_Ireland_NIRE-102225_2020_EPI_ISL_441393_2020-03-11)
Align target 124 (hCoV-19_England_CAMB-7E0D0_2020_EPI_ISL_442169_2020-04-07)
Align target 125 (hCoV-19_Greece_255_32525_2020_EPI_ISL_447650_2020-03-11)
Align target 126 (hCoV-19_England_SHEF-C0CF9_2020_EPI_ISL_461999_2020-04-29)
Align target 127 (hCoV-19_England_SHEF-CE244_2020_EPI_ISL_442442_2020-04-03)
Align target 128 (hCoV-19_France_BFC2094_2020_EPI_ISL_415651)
Align target 129 (hCoV-19_Singapore_125_2020_EPI_ISL_443217_2020-03-21)
Align target 130 (hCoV-19_England_NORW-EBC9E_2020_EPI_ISL_457497_2020-05-05)
Align target 131 (hCoV-19_Australia_VIC788_2020_EPI_ISL_427063)
Align target 132 (hCoV-19_England_20174004304_2020_EPI_ISL_465384_2020-04-21)
Align target 133 (hCoV-19_Australia_VIC1615_2020_EPI_ISL_456524_2020-05-07)
Align target 134 (hCoV-19_England_EXET-135F31_2020_EPI_ISL_457182_2020-03-25)
Align target 135 (hCoV-19_USA_UT-01893_2020_EPI_ISL_454718_2020-04-13)
Align target 136 (hCoV-19_India_NGC-CDFD-30_2020_EPI_ISL_466868_2020-05-30)
Align target 137 (hCoV-19_Spain_Valencia539_2020_EPI_ISL_447484_2020-03-29)
Align target 138 (hCoV-19_USA_FL-BPHL-0094_2020_EPI_ISL_445037_2020-04-28)
Align target 139 (hCoV-19_USA_WA-S871_2020_EPI_ISL_463361_2020-04-24)
Align target 140 (hCoV-19_Spain_COV001879_2020_EPI_ISL_452467_2020-03-10)
Align target 141 (hCoV-19_Scotland_EDB4285_2020_EPI_ISL_456940_2020-04-22)
Align target 142 (hCoV-19_Turkey_IMU-SP-04_2020_EPI_ISL_460619_2020-04-16)
Align target 143 (hCoV-19_England_CAMB-7A63C_2020_EPI_ISL_440602_2020-04-01)
Align target 144 (hCoV-19_England_BRIS-1291C1_2020_EPI_ISL_458740_2020-04-19)
Align target 145 (hCoV-19_England_20144003404_2020_EPI_ISL_423480)
Align target 146 (hCoV-19_England_SHEF-C1BBF_2020_EPI_ISL_448832_2020-04-16)
Align target 147 (hCoV-19_Belgium_Rega-0331263_2020_EPI_ISL_458233_2020-03-31)
Align target 148 (hCoV-19_England_LIVE-9927F_2020_EPI_ISL_439704_2020-04-07)
Align target 149 (hCoV-19_England_20129145202_2020_EPI_ISL_424112)
Align target 150 (hCoV-19_USA_VA_6382_2020_EPI_ISL_424893)
Align target 151 (hCoV-19_USA_CT-Yale-020_2020_EPI_ISL_420088)
Align target 152 (hCoV-19_South_Africa_KRISP-0125_2020_EPI_ISL_467477_2020-05-13)
Align target 153 (hCoV-19_USA_NY-NYUMC396_2020_EPI_ISL_430423)
Align target 154 (hCoV-19_England_SHEF-C17E8_2020_EPI_ISL_441912_2020-03-26)
Align target 155 (hCoV-19_USA_WA-S362_2020_EPI_ISL_434122_2020-03-26)
Align target 156 (hCoV-19_USA_WA-UW-1760_2020_EPI_ISL_424247)
Align target 157 (hCoV-19_England_LOND-D5022_2020_EPI_ISL_444194_2020-04-14)
Align target 158 (hCoV-19_USA_MN-MDH-283_2020_EPI_ISL_450754_2020-03-30)
Align target 159 (hCoV-19_USA_MI-MDHHS-SC20380_2020_EPI_ISL_450591_2020-03-24)
Align target 160 (hCoV-19_Australia_VIC1317_2020_EPI_ISL_430691)
Align target 161 (hCoV-19_Luxembourg_LNS1703112_2020_EPI_ISL_429764)
Align target 162 (hCoV-19_Australia_NSW65_2020_EPI_ISL_427645)
Align target 163 (hCoV-19_England_SHEF-CFAB4_2020_EPI_ISL_442459_2020-03-26)
Align target 164 (hCoV-19_England_20169029404_2020_EPI_ISL_465221_2020-04-13)
Align target 165 (hCoV-19_India_GBRC34_2020_EPI_ISL_444465_2020-04-29)
Align target 166 (hCoV-19_Wales_PHWC-25F62_2020_EPI_ISL_422168)
Align target 167 (hCoV-19_England_LOND-D60B8_2020_EPI_ISL_441352_2020-04-20)
Align target 168 (hCoV-19_Canada_BC_24261010_2020_EPI_ISL_463208_2020-03)
Align target 169 (hCoV-19_England_BRIS-12574B_2020_EPI_ISL_443798_2020-03-27)
Align target 170 (hCoV-19_England_CAMB-7913C_2020_EPI_ISL_441081_2020-04-03)
Align target 171 (hCoV-19_England_CAMB-76EFC_2020_EPI_ISL_425438)
Align target 172 (hCoV-19_USA_CA-CDPH-UC1_2020_EPI_ISL_413557)
Align target 173 (hCoV-19_England_CAMB-1AD1A7_2020_EPI_ISL_447975_2020-04-30)
Align target 174 (hCoV-19_Iceland_460_2020_EPI_ISL_424483)
Align target 175 (hCoV-19_Austria_CeMM0277_2020_EPI_ISL_438104_2020-03-25)
Align target 176 (hCoV-19_Sweden_20-50170_2020_EPI_ISL_429145)
Align target 177 (hCoV-19_USA_NY-NYUMC125_2020_EPI_ISL_424932)
Align target 178 (hCoV-19_England_NOTT-1102AC_2020_EPI_ISL_441493_2020-04-11)
Align target 179 (hCoV-19_USA_VA-DCLS-0250_2020_EPI_ISL_452824_2020-04-20)
Align target 180 (hCoV-19_USA_UNKNOWN-UW-1331_2020_EPI_ISL_422968)
Align target 181 (hCoV-19_Wales_PHWC-25946_2020_EPI_ISL_422169)
Align target 182 (hCoV-19_England_LIVE-9B608_2020_EPI_ISL_449469_2020-03-25)
Align target 183 (hCoV-19_England_NOTT-110EE4_2020_EPI_ISL_448434_2020-04-15)
Align target 184 (hCoV-19_England_20186120704_2020_EPI_ISL_465486_2020-04-28)
Align target 185 (hCoV-19_Brazil_PA164173-IEC_2020_EPI_ISL_458146_2020-04-23)
Align target 186 (hCoV-19_USA_CA-CZBRR057IX00079_2020_EPI_ISL_429005)
Align target 187 (hCoV-19_Scotland_EDB1609_2020_EPI_ISL_433089_2020-04-14)
Align target 188 (hCoV-19_Iceland_371_2020_EPI_ISL_424395)
Align target 189 (hCoV-19_USA_IL-NM058_2020_EPI_ISL_444554_2020-03-18)
Align target 190 (hCoV-19_France_ARA11995_2020_EPI_ISL_419175)
Align target 191 (hCoV-19_England_BRIS-129905_2020_EPI_ISL_458440_2020-03-31)
Align target 192 (hCoV-19_England_20108003202_2020_EPI_ISL_417247)
Align target 193 (hCoV-19_England_20169038504_2020_EPI_ISL_465247_2020-04-14)
Align target 194 (hCoV-19_England_LIVE-99488_2020_EPI_ISL_439727_2020-04-07)
Align target 195 (hCoV-19_England_BRIS-128D0A_2020_EPI_ISL_458866_2020-04-14)
Align target 196 (hCoV-19_Guangdong_20SF243_2020_EPI_ISL_428456)
Align target 197 (hCoV-19_Australia_VIC1217_2020_EPI_ISL_430514)
Align target 198 (hCoV-19_England_LIVE-9C2C7_2020_EPI_ISL_449526_2020-03-30)
Align target 199 (hCoV-19_USA_NY-SURV0472_2020_EPI_ISL_436068_2020-03-09)
Align target 200 (hCoV-19_USA_RI_0520_2020_EPI_ISL_419553)
Align target 201 (hCoV-19_Shanghai_SH0035_2020_EPI_ISL_416344)
Align target 202 (hCoV-19_Spain_Madrid_H11_40_2020_EPI_ISL_417967)
Align target 203 (hCoV-19_Scotland_EDB2463_2020_EPI_ISL_439215_2020-04-22)
Align target 204 (hCoV-19_England_SHEF-CFCBE_2020_EPI_ISL_442462_2020-04-12)
Align target 205 (hCoV-19_India_GBRC107_2020_EPI_ISL_451152_2020-05-09)
Align target 206 (hCoV-19_USA_WA-S343_2020_EPI_ISL_434103_2020-04-02)
Align target 207 (hCoV-19_USA_NY-NYUMC606_2020_EPI_ISL_444723_2020-04-03)
Align target 208 (hCoV-19_England_SHEF-C1FB3_2020_EPI_ISL_457590_2020-03-28)
Align target 209 (hCoV-19_USA_WA-S198_2020_EPI_ISL_430236)
Align target 210 (hCoV-19_USA_MI-MDHHS-SC20152_2020_EPI_ISL_436842_2020-03-23)
Align target 211 (hCoV-19_England_SHEF-C5984_2020_EPI_ISL_448851_2020-04-14)
Align target 212 (hCoV-19_Australia_VIC753_2020_EPI_ISL_427030)
Align target 213 (hCoV-19_England_SHEF-C6EA2_2020_EPI_ISL_432831_2020-03-30)
Align target 214 (hCoV-19_England_BRIS-1239ED_2020_EPI_ISL_442712_2020-04-07)
Align target 215 (hCoV-19_Australia_VIC1134_2020_EPI_ISL_430600)
Align target 216 (hCoV-19_USA_GA_2070_2020_EPI_ISL_426417)
Align target 217 (hCoV-19_England_CAMB-74BAC_2020_EPI_ISL_425352)
Align target 218 (hCoV-19_England_CAMB-830AB_2020_EPI_ISL_443402_2020-04-14)
Align target 219 (hCoV-19_England_20124034702_2020_EPI_ISL_418711)
Align target 220 (hCoV-19_England_CAMB-7B89F_2020_EPI_ISL_442145_2020-04-05)
Align target 221 (hCoV-19_Scotland_EDB1151_2020_EPI_ISL_433410_2020-04-07)
Align target 222 (hCoV-19_England_CAMB-7DAC4_2020_EPI_ISL_441780_2020-04-06)
Align target 223 (hCoV-19_England_CAMB-7CC83_2020_EPI_ISL_441558_2020-04-05)
Align target 224 (hCoV-19_USA_NJ-NYUMC663_2020_EPI_ISL_444780_2020-03-18)
Align target 225 (hCoV-19_Wales_PHWC-2857C_2020_EPI_ISL_432074_2020-03-30)
Align target 226 (hCoV-19_France_50002BS_2020_EPI_ISL_447694_2020-03)
Align target 227 (hCoV-19_France_ARA10910_2020_EPI_ISL_418430)
Align target 228 (hCoV-19_USA_NJ-QDX-39_2020_EPI_ISL_467880_2020-03-14)
Align target 229 (hCoV-19_Germany_BAV-MVP0027_2020_EPI_ISL_437226_2020-04-10)
Align target 230 (hCoV-19_England_LIVE-9B26E_2020_EPI_ISL_449424_2020-03-26)
Align target 231 (hCoV-19_England_BRIS-124A43_2020_EPI_ISL_443895_2020-03-25)
Align target 232 (hCoV-19_England_20186131504_2020_EPI_ISL_465711_2020-04-30)
Align target 233 (hCoV-19_Spain_COV000890_2020_EPI_ISL_452673_2020-03-26)
Align target 234 (hCoV-19_England_20124100602_2020_EPI_ISL_418738)
Align target 235 (hCoV-19_India_NCDC-3835_2020_EPI_ISL_436438_2020-04-07)
Align target 236 (hCoV-19_Austria_CeMM0012_2020_EPI_ISL_419665)
Align target 237 (hCoV-19_Belgium_Rega-0330247_2020_EPI_ISL_458217_2020-03-30)
Align target 238 (hCoV-19_Scotland_CVR1068_2020_EPI_ISL_433505_2020-03-29)
Align target 239 (hCoV-19_Australia_VIC759_2020_EPI_ISL_427035)
Align target 240 (hCoV-19_England_20139030004_2020_EPI_ISL_420666)
Align target 241 (hCoV-19_Scotland_CVR2672_2020_EPI_ISL_438934_2020-04-17)
Align target 242 (hCoV-19_USA_TX-HMH0370_2020_EPI_ISL_434961_2020-03-27)
Align target 243 (hCoV-19_DRC_1151_2020_EPI_ISL_447596_2020-04-05)
Align target 244 (hCoV-19_England_20119079304_2020_EPI_ISL_465109_2020-03-13)
Align target 245 (hCoV-19_England_20132027204_2020_EPI_ISL_423763)
Align target 246 (hCoV-19_Hangzhou_ZJU-010_2020_EPI_ISL_418990)
Align target 247 (hCoV-19_USA_IN_72003_2020_EPI_ISL_426422)
Align target 248 (hCoV-19_USA_NY-NYUMC810_2020_EPI_ISL_456046_2020-03-25)
Align target 249 (hCoV-19_Switzerland_110498_2020_EPI_ISL_451906_2020-04-07)
Align target 250 (hCoV-19_England_LIVE-9B3E3_2020_EPI_ISL_449444_2020-04-03)
Align target 251 (hCoV-19_USA_WA-UW-5190_2020_EPI_ISL_430874_2020-04-01)
Align target 252 (hCoV-19_Wales_PHWC-244EC_2020_EPI_ISL_419420)
Align target 253 (hCoV-19_England_20108006904_2020_EPI_ISL_464455_2020-03-04)
Align target 254 (hCoV-19_Israel_1639996_2020_EPI_ISL_447417_2020-03-26)
Align target 255 (hCoV-19_England_LOND-D5A60_2020_EPI_ISL_457294_2020-04-17)
Align target 256 (hCoV-19_Netherlands_ZuidHolland_128_2020_EPI_ISL_461301_2020-04-30)
Align target 257 (hCoV-19_England_CAMB-75868_2020_EPI_ISL_440325_2020-03-20)
Align target 258 (hCoV-19_New_Zealand_20VR1773_2020_EPI_ISL_456244_2020-03-26)
Align target 259 (hCoV-19_Belgium_VLS-0507418_2020_EPI_ISL_462272_2020-05-07)
Align target 260 (hCoV-19_England_20128000604_2020_EPI_ISL_423918)
Align target 261 (hCoV-19_USA_WA-S493_2020_EPI_ISL_434253_2020-04-01)
Align target 262 (hCoV-19_USA_CA-CZB-1229_2020_EPI_ISL_450478_2020-04-03)
Align target 263 (hCoV-19_USA_CA-CZBRR057IX00167_2020_EPI_ISL_429053)
Align target 264 (hCoV-19_Wales_PHWC-3117C_2020_EPI_ISL_446412_2020-04-12)
Align target 265 (hCoV-19_England_NORW-EC4FF_2020_EPI_ISL_457531_2020-05-12)
Align target 266 (hCoV-19_Shenzhen_SZTH-001_2020_EPI_ISL_406592)
Align target 267 (hCoV-19_Portugal_PT0419_2020_EPI_ISL_454143_2020-03-25)
Align target 268 (hCoV-19_England_CAMB-7AC94_2020_EPI_ISL_433861_2020-04-07)
Align target 269 (hCoV-19_Sweden_20-08179_2020_EPI_ISL_455845_2020-03-08)
Align target 270 (hCoV-19_USA_WA-S1075_2020_EPI_ISL_463565_2020-04-30)
Align target 271 (hCoV-19_England_BRIS-122D79_2020_EPI_ISL_440702_2020-04-02)
Align target 272 (hCoV-19_Wales_PHWC-2516C_2020_EPI_ISL_420974)
Align target 273 (hCoV-19_Luxembourg_LNS6325758_2020_EPI_ISL_429743)
Align target 274 (hCoV-19_India_CCMB_C6_2020_EPI_ISL_458031_2020-04-26)
Align target 275 (hCoV-19_England_CAMB-84BD6_2020_EPI_ISL_440515_2020-03-11)
Align target 276 (hCoV-19_Wales_PHWC-2AF9A_2020_EPI_ISL_432295_2020-04-08)
Align target 277 (hCoV-19_Wales_PHWC-2722B_2020_EPI_ISL_432250_2020-03-30)
Align target 278 (hCoV-19_Wales_PHW05_2020_EPI_ISL_414488)
Align target 279 (hCoV-19_USA_WA-UW-4609_2020_EPI_ISL_429612)
Align target 280 (hCoV-19_Hangzhou_ZJU-04_2020_EPI_ISL_416046)
Align target 281 (hCoV-19_England_20140071404_2020_EPI_ISL_423412)
Align target 282 (hCoV-19_USA_WA-UW117_2020_EPI_ISL_416655)
Align target 283 (hCoV-19_USA_AK-PHL092_2020_EPI_ISL_427619)
Align target 284 (hCoV-19_England_20149006304_2020_EPI_ISL_466117_2020-03-31)
Align target 285 (hCoV-19_Canada_ON-UHTC_0029_2020_EPI_ISL_464060_2020-04-01)
Align target 286 (hCoV-19_England_20100003904_2020_EPI_ISL_464244_2020-03-01)
Align target 287 (hCoV-19_England_20172054604_2020_EPI_ISL_465357_2020-04-21)
Align target 288 (hCoV-19_USA_LA-EVTL154_2020_EPI_ISL_455997_2020-04-01)
Align target 289 (hCoV-19_England_SHEF-C92D0_2020_EPI_ISL_462038_2020-04-20)
Align target 290 (hCoV-19_USA_FL-BPHL-0112_2020_EPI_ISL_450846_2020-04-07)
Align target 291 (hCoV-19_Canada_BC_20332712_2020_EPI_ISL_462771_2020-03)
Align target 292 (hCoV-19_England_20132100404_2020_EPI_ISL_423834)
Align target 293 (hCoV-19_Spain_Barcelona_VH1407_2020_EPI_ISL_444975_2020-04-10)
Align target 294 (hCoV-19_England_NORW-EC69F_2020_EPI_ISL_457548_2020-05-10)
Align target 295 (hCoV-19_USA_WI-188_2020_EPI_ISL_428284)
Align target 296 (hCoV-19_England_LOND-D4CF2_2020_EPI_ISL_449678_2020-04-15)
Align target 297 (hCoV-19_Singapore_4_2020_EPI_ISL_410535)
Align target 298 (hCoV-19_Scotland_EDB1697_2020_EPI_ISL_433120_2020-04-15)
Align target 299 (hCoV-19_USA_WY-WYPHL-00049_2020_EPI_ISL_462941_2020-03-25)
Align target 300 (hCoV-19_India_RMRC38_2020_EPI_ISL_455779_2020-04-04)
Align target 301 (hCoV-19_Poland_PL_P26_2020_EPI_ISL_451987_2020-04-01)
Align target 302 (hCoV-19_USA_LA-EVTL055_2020_EPI_ISL_451216_2020-04-27)
Align target 303 (hCoV-19_New_Zealand_20VR1985_2020_EPI_ISL_456322_2020-03-31)
Align target 304 (hCoV-19_USA_WI-77_2020_EPI_ISL_421335)
Align target 305 (hCoV-19_Netherlands_Utrecht_10037_2020_EPI_ISL_454786_2020-03-11)
Align target 306 (hCoV-19_England_LIVE-99B38_2020_EPI_ISL_439800_2020-04-12)
Align target 307 (hCoV-19_USA_NY-WCMP10B08P_2020_EPI_ISL_427559)
Align target 308 (hCoV-19_Wales_PHWC-2899E_2020_EPI_ISL_445382_2020-04-02)
Align target 309 (hCoV-19_USA_WI-243_2020_EPI_ISL_428339)
Align target 310 (hCoV-19_Wuhan_HB-WHCM2-270_2020_EPI_ISL_455005_2020-03-02)
Align target 311 (hCoV-19_England_SHEF-C7515_2020_EPI_ISL_442008_2020-04-08)
Align target 312 (hCoV-19_India_NCDC-4055_2020_EPI_ISL_436447_2020-04-10)
Align target 313 (hCoV-19_Canada_BC_02472119_2020_EPI_ISL_466722_2020-04)
Align target 314 (hCoV-19_Wales_PHWC-2B4D6_2020_EPI_ISL_445719_2020-04-09)
Align target 315 (hCoV-19_England_NOTT-10F61D_2020_EPI_ISL_433027_2020-04-03)
Align target 316 (hCoV-19_England_NOTT-110FE1_2020_EPI_ISL_448448_2020-04-29)
Align target 317 (hCoV-19_Wales_PHWC-33787_2020_EPI_ISL_446746_2020-04-18)
Align target 318 (hCoV-19_Australia_VIC548_2020_EPI_ISL_426811)
Align target 319 (hCoV-19_England_NORT-2890B2_2020_EPI_ISL_458613_2020-03-26)
Align target 320 (hCoV-19_Spain_Barcelona_VH0851_2020_EPI_ISL_444988_2020-03-28)
Align target 321 (hCoV-19_bat_Yunnan_RmYN02_2019_EPI_ISL_412977)
hCoV-19_bat_Yunnan_RmYN02_2019_EPI_ISL_412977: Frameshift error (scores nt: 131658; codon: 94662)
Align target 322 (hCoV-19_USA_MI-MDHHS-SC20642_2020_EPI_ISL_462724_2020-04-24)
Align target 323 (hCoV-19_Indonesia_EJ-ITD3590NT_2020_EPI_ISL_437188_2020-04-14)
Align target 324 (hCoV-19_England_20156023704_2020_EPI_ISL_466296_2020-04-08)
Align target 325 (hCoV-19_Denmark_ALAB-SSI-855_2020_EPI_ISL_444943_2020-03-28)
Align target 326 (hCoV-19_USA_NY-NYUMC674_2020_EPI_ISL_444791_2020-03-18)
Align target 327 (hCoV-19_Belgium_RT-03035_2020_EPI_ISL_417430)
Align target 328 (hCoV-19_DRC_2727_2020_EPI_ISL_437344_2020-04-16)
Align target 329 (hCoV-19_Belgium_MJP-0306100_2020_EPI_ISL_420356)
Align target 330 (hCoV-19_England_CAMB-776F3_2020_EPI_ISL_438543_2020-03-30)
Align target 331 (hCoV-19_Belgium_ITM_C189_2020_EPI_ISL_434366_2020-03-30)
Align target 332 (hCoV-19_England_20102133304_2020_EPI_ISL_464291_2020-03-02)
Align target 333 (hCoV-19_Netherlands_NA_162_2020_EPI_ISL_422697)
Align target 334 (hCoV-19_USA_UT-00032_2020_EPI_ISL_417974)
Align target 335 (hCoV-19_England_20196141404_2020_EPI_ISL_465630_2020-05-06)
Align target 336 (hCoV-19_USA_UT-03909_2020_EPI_ISL_450567_2020-04-13)
Align target 337 (hCoV-19_Belgium_BJ-0324192_2020_EPI_ISL_420412)
Align target 338 (hCoV-19_Australia_VIC1011_2020_EPI_ISL_430547)
Align target 339 (hCoV-19_USA_NY-NYUMC118_2020_EPI_ISL_421730)
Align target 340 (hCoV-19_USA_WA-UW-4221_2020_EPI_ISL_437822_2020-03-31)
Align target 341 (hCoV-19_Taiwan_TSGH-24_2020_EPI_ISL_436099_2020-04-02)
Align target 342 (hCoV-19_England_NOTT-111083_2020_EPI_ISL_453623_2020-05-07)
Align target 343 (hCoV-19_England_CAMB-1B0A00_2020_EPI_ISL_452928_2020-05-12)
Align target 344 (hCoV-19_USA_WA-UW-6240_2020_EPI_ISL_430957_2020-04-01)
Align target 345 (hCoV-19_England_SHEF-D0D99_2020_EPI_ISL_432620_2020-03-28)
Align target 346 (hCoV-19_Scotland_EDB5480_2020_EPI_ISL_461752_2020-04-26)
Align target 347 (hCoV-19_Iceland_402_2020_EPI_ISL_424426)
Align target 348 (hCoV-19_Australia_VIC1336_2020_EPI_ISL_430698)
Align target 349 (hCoV-19_Mexico_CDMX-INER_05_2020_EPI_ISL_424627)
Align target 350 (hCoV-19_USA_WA-S500_2020_EPI_ISL_434260_2020-03-25)
Align target 351 (hCoV-19_USA_MA-MGH-00055_2020_EPI_ISL_460175_2020-03-25)
Align target 352 (hCoV-19_England_CAMB-75B7E_2020_EPI_ISL_438278_2020-03-30)
Align target 353 (hCoV-19_England_20144004304_2020_EPI_ISL_423484)
Align target 354 (hCoV-19_Spain_COV001091_2020_EPI_ISL_452595_2020-03-27)
Align target 355 (hCoV-19_Spain_COV000876_2020_EPI_ISL_452681_2020-03-25)
Align target 356 (hCoV-19_USA_LA-EVTL054_2020_EPI_ISL_451215_2020-04-24)
Align target 357 (hCoV-19_England_CAMB-7C3F7_2020_EPI_ISL_441652_2020-04-04)
Align target 358 (hCoV-19_USA_WA-UW170_2020_EPI_ISL_416708)
Align target 359 (hCoV-19_Wuhan_HB-WHCM-108_2020_EPI_ISL_454991_2020-03-02)
Align target 360 (hCoV-19_England_SHEF-CB247_2020_EPI_ISL_432504_2020-04-01)
Align target 361 (hCoV-19_USA_CA-SR0217_2020_EPI_ISL_445118_2020-05-04)
Align target 362 (hCoV-19_USA_CA-CZBRR057IX00072_2020_EPI_ISL_429030)
Align target 363 (hCoV-19_England_20132072602_2020_EPI_ISL_420507)
Align target 364 (hCoV-19_Northern_Ireland_NIRE-FC359_2020_EPI_ISL_459353_2020-04-12)
Align target 365 (hCoV-19_England_BRIS-124EFC_2020_EPI_ISL_443871_2020-03-26)
Align target 366 (hCoV-19_England_LOND-D421E_2020_EPI_ISL_444103_2020-04-06)
Align target 367 (hCoV-19_England_CAMB-74386_2020_EPI_ISL_425283)
Align target 368 (hCoV-19_India_NCDC-4859_2020_EPI_ISL_436457_2020-04-20)
Align target 369 (hCoV-19_Wales_PHWC-34179_2020_EPI_ISL_446879_2020-04-17)
Align target 370 (hCoV-19_England_CAMB-72977_2020_EPI_ISL_439863_2020-03-23)
Align target 371 (hCoV-19_England_BRIS-12AA10_2020_EPI_ISL_458471_2020-04-30)
Align target 372 (hCoV-19_USA_NY-Wadsworth-11344-01_2020_EPI_ISL_426045)
Align target 373 (hCoV-19_England_NORW-E988D_2020_EPI_ISL_448340_2020-04-23)
Align target 374 (hCoV-19_USA_NY-NYUMC244_2020_EPI_ISL_428758)
Align target 375 (hCoV-19_United_Arab_Emirates_L4280_2020_EPI_ISL_435134_2020-02-08)
Align target 376 (hCoV-19_Greece_264_32497_2020_EPI_ISL_437908_2020-03-11)
Align target 377 (hCoV-19_Switzerland_110458_2020_EPI_ISL_451877_2020-04-07)
Align target 378 (hCoV-19_Senegal_600_2020_EPI_ISL_420074)
Align target 379 (hCoV-19_England_SHEF-C4F0B_2020_EPI_ISL_441970_2020-04-09)
Align target 380 (hCoV-19_Australia_NSW560_2020_EPI_ISL_455099_2020-05-24)
Align target 381 (hCoV-19_England_20110042006_2020_EPI_ISL_417308)
Align target 382 (hCoV-19_Wales_PHWC-2EBED_2020_EPI_ISL_446125_2020-04-07)
Align target 383 (hCoV-19_Portugal_PT0606_2020_EPI_ISL_454329_2020-03-13)
Align target 384 (hCoV-19_England_20164074104_2020_EPI_ISL_466477_2020-04-10)
Align target 385 (hCoV-19_England_CAMB-7D7DC_2020_EPI_ISL_442250_2020-04-06)
Align target 386 (hCoV-19_Uruguay_UY-10_2020_EPI_ISL_429257)
Align target 387 (hCoV-19_Wales_PHWC-30A72_2020_EPI_ISL_446313_2020-04-10)
Align target 388 (hCoV-19_Portugal_PT0468_2020_EPI_ISL_454192_2020-04-18)
Align target 389 (hCoV-19_England_SHEF-CE693_2020_EPI_ISL_432568_2020-03-22)
Align target 390 (hCoV-19_DK_ALAB-SSI-1100_2020_EPI_ISL_437634_2020-04-01)
Align target 391 (hCoV-19_USA_NY-WCMP2D02P_2020_EPI_ISL_427527)
Align target 392 (hCoV-19_Australia_VIC969_2020_EPI_ISL_430652)
Align target 393 (hCoV-19_England_CAMB-77D67_2020_EPI_ISL_440847_2020-04-02)
Align target 394 (hCoV-19_Australia_VIC1463_2020_EPI_ISL_456445_2020-04-21)
Align target 395 (hCoV-19_Austria_CeMM0267_2020_EPI_ISL_438096_2020-03-24)
Align target 396 (hCoV-19_Belgium_DBD-03024_2020_EPI_ISL_416471)
Align target 397 (hCoV-19_USA_CA-CZB-1108_2020_EPI_ISL_444066_2020-04-30)
Align target 398 (hCoV-19_Singapore_206_2020_EPI_ISL_462324_2020-04-28)
Align target 399 (hCoV-19_USA_PA-MGEL80_2020_EPI_ISL_454365_2020-03-30)
Computing global alignment... done.
