Align target 0 (hCoV-19_England_SHEF-C052B_2020_EPI_ISL_420225)
Align target 1 (hCoV-19_England_CAMB-1B301A_2020_EPI_ISL_456746_2020-05-22)
Align target 2 (hCoV-19_Greece_145_34726_2020_EPI_ISL_447836_2020-03-16)
Align target 3 (hCoV-19_Russia_StPetersburg-RII6840S_2020_EPI_ISL_450244_2020-04-15)
Align target 4 (hCoV-19_England_NORW-E8718_2020_EPI_ISL_448227_2020-04-16)
Align target 5 (hCoV-19_England_BRIS-129AD5_2020_EPI_ISL_458463_2020-04-15)
Align target 6 (hCoV-19_Australia_VPRL007_2020_EPI_ISL_455599_2020-04-01)
Align target 7 (hCoV-19_England_NOTT-10E61E_2020_EPI_ISL_425571)
Align target 8 (hCoV-19_Netherlands_ZuidHolland_56_2020_EPI_ISL_422924)
Align target 9 (hCoV-19_England_NORT-288DAD_2020_EPI_ISL_458669_2020-03-22)
Align target 10 (hCoV-19_Wales_PHWC-26839_2020_EPI_ISL_422070)
Align target 11 (hCoV-19_Scotland_EDB580_2020_EPI_ISL_433203_2020-04-01)
Align target 12 (hCoV-19_Singapore_295_2020_EPI_ISL_462413_2020-04-07)
Align target 13 (hCoV-19_Singapore_243_2020_EPI_ISL_462361_2020-04-30)
Align target 14 (hCoV-19_England_CAMB-1AC07E_2020_EPI_ISL_444366_2020-04-27)
Align target 15 (hCoV-19_England_LIVE-991DC_2020_EPI_ISL_439697_2020-04-07)
Align target 16 (hCoV-19_England_CAMB-77E73_2020_EPI_ISL_440816_2020-04-03)
Align target 17 (hCoV-19_USA_NY-Wadsworth-16080-01_2020_EPI_ISL_426296)
Align target 18 (hCoV-19_England_CAMB-1B0666_2020_EPI_ISL_452903_2020-05-08)
Align target 19 (hCoV-19_Northern_Ireland_NIRE-10544A_2020_EPI_ISL_461788_2020-03-29)
Align target 20 (hCoV-19_England_SHEF-C0497_2020_EPI_ISL_420189)
Align target 21 (hCoV-19_Denmark_ALAB-SSI-575_2020_EPI_ISL_436976_2020-03-28)
Align target 22 (hCoV-19_DRC_3803_2020_EPI_ISL_447243_2020-04-24)
Align target 23 (hCoV-19_Scotland_EDB4842_2020_EPI_ISL_453166_2020-04-01)
Align target 24 (hCoV-19_Iceland_209_2020_EPI_ISL_417764)
Align target 25 (hCoV-19_Russia_StPetersburg-82005_2020_EPI_ISL_428897)
Align target 26 (hCoV-19_England_20132018804_2020_EPI_ISL_423734)
Align target 27 (hCoV-19_England_CAMB-7FE8A_2020_EPI_ISL_444427_2020-04-19)
Align target 28 (hCoV-19_Australia_WA09_2020_EPI_ISL_420538)
Align target 29 (hCoV-19_USA_WA-S777_2020_EPI_ISL_449947_2020-04-14)
Align target 30 (hCoV-19_Belgium_UGent-22_2020_EPI_ISL_425062)
Align target 31 (hCoV-19_England_CAMB-1AF03F_2020_EPI_ISL_459246_2020-04-30)
Align target 32 (hCoV-19_USA_NY-PV09061_2020_EPI_ISL_421613)
Align target 33 (hCoV-19_Netherlands_Overijssel_24_2020_EPI_ISL_460813_2020-04-14)
Align target 34 (hCoV-19_Australia_VIC1335_2020_EPI_ISL_430692)
Align target 35 (hCoV-19_India_NCDC-02329_2020_EPI_ISL_435076_2020-03-29)
Align target 36 (hCoV-19_USA_NC_200318_2020_EPI_ISL_454818_2020-04)
Align target 37 (hCoV-19_England_EXET-1362EC_2020_EPI_ISL_457217_2020-04-12)
Align target 38 (hCoV-19_England_NOTT-10E836_2020_EPI_ISL_425600)
Align target 39 (hCoV-19_USA_NY-NYUMC695_2020_EPI_ISL_451410_2020-03-26)
Align target 40 (hCoV-19_USA_VI-CDC-4413_2020_EPI_ISL_454652_2020-04-27)
Align target 41 (hCoV-19_France_50006PT_2020_EPI_ISL_447732_2020-03)
Align target 42 (hCoV-19_England_20149022204_2020_EPI_ISL_466166_2020-04-03)
Align target 43 (hCoV-19_England_SHEF-C76E5_2020_EPI_ISL_432844_2020-03-30)
Align target 44 (hCoV-19_Greece_51_2020_EPI_ISL_434468_2020-03-26)
Align target 45 (hCoV-19_Singapore_103_2020_EPI_ISL_443195_2020-03-11)
Align target 46 (hCoV-19_USA_VA-DCLS-0012_2020_EPI_ISL_419706)
Align target 47 (hCoV-19_England_SHEF-C2D30_2020_EPI_ISL_462007_2020-04-17)
Align target 48 (hCoV-19_England_CAMB-73F56_2020_EPI_ISL_440332_2020-03-20)
Align target 49 (hCoV-19_England_CAMB-76603_2020_EPI_ISL_439419_2020-03-30)
Align target 50 (hCoV-19_canine_Hong_Kong_20-03695_2020_EPI_ISL_450403_2020-03-18)
Align target 51 (hCoV-19_Wales_PHWC-2A677_2020_EPI_ISL_445601_2020-04-07)
Align target 52 (_hCoV-19_Mongolia_3989_2020_EPI_ISL_467665_2020-03-25)
Align target 53 (hCoV-19_England_CAMB-84C2E_2020_EPI_ISL_440510_2020-03-12)
Align target 54 (hCoV-19_USA_NY-NYUMC27_2020_EPI_ISL_418973)
Align target 55 (hCoV-19_Netherlands_Zeeland_10_2020_EPI_ISL_461248_2020-03-24)
Align target 56 (hCoV-19_USA_WA-UW-543_2020_EPI_ISL_430884_2020-03-12)
Align target 57 (hCoV-19_England_CAMB-72ACF_2020_EPI_ISL_439871_2020-03-22)
Align target 58 (hCoV-19_France_ARA10552_2020_EPI_ISL_419168)
Align target 59 (hCoV-19_Russia_25I_2020_EPI_ISL_428851)
Align target 60 (hCoV-19_Belgium_UGent-18_2020_EPI_ISL_425058)
Align target 61 (hCoV-19_Netherlands_NoordBrabant_10_2020_EPI_ISL_414431)
Align target 62 (hCoV-19_England_BRIS-126AE7_2020_EPI_ISL_458993_2020-04-09)
Align target 63 (hCoV-19_Scotland_EDB4368_2020_EPI_ISL_449301_2020-04-26)
Align target 64 (hCoV-19_Spain_COV001400_2020_EPI_ISL_452501_2020-03-18)
Align target 65 (hCoV-19_England_CAMB-7F37C_2020_EPI_ISL_442843_2020-04-08)
Align target 66 (hCoV-19_Denmark_ALAB-HH-144_2020_EPI_ISL_452023_2020-03-11)
Align target 67 (hCoV-19_England_CAMB-7A5E4_2020_EPI_ISL_441097_2020-04-02)
Align target 68 (hCoV-19_England_NORW-E897C_2020_EPI_ISL_448255_2020-04-11)
Align target 69 (hCoV-19_Netherlands_NA_581_2020_EPI_ISL_460745_2020)
Align target 70 (hCoV-19_Australia_NSW230_2020_EPI_ISL_451496_2020-03-31)
Align target 71 (hCoV-19_Kenya_P3059_2020_EPI_ISL_457900_2020-04)
Align target 72 (hCoV-19_England_BRIS-12359E_2020_EPI_ISL_442734_2020-04-05)
Align target 73 (hCoV-19_Iceland_560_2020_EPI_ISL_424580)
Align target 74 (hCoV-19_England_CAMB-81526_2020_EPI_ISL_442952_2020-04-12)
Align target 75 (hCoV-19_Wales_PHWC-2FFB3_2020_EPI_ISL_446268_2020-04-02)
Align target 76 (hCoV-19_Wales_PHWC-33A24_2020_EPI_ISL_446777_2020-04-19)
Align target 77 (hCoV-19_Australia_NSW515_2020_EPI_ISL_455055_2020-04-30)
Align target 78 (hCoV-19_England_SHEF-C15A2_2020_EPI_ISL_462002_2020-05-22)
Align target 79 (hCoV-19_DRC_3440_2020_EPI_ISL_447597_2020-04-22)
Align target 80 (hCoV-19_Australia_NSW272_2020_EPI_ISL_451537_2020-04-04)
Align target 81 (hCoV-19_England_PORT-2CF6CD_2020_EPI_ISL_461974_2020-05-12)
Align target 82 (hCoV-19_Netherlands_Limburg_21_2020_EPI_ISL_461009_2020-05-19)
Align target 83 (hCoV-19_Brazil_AMBR-02_2020_EPI_ISL_417034)
Align target 84 (hCoV-19_Netherlands_Zeeland_19_2020_EPI_ISL_461257_2020-03-24)
Align target 85 (hCoV-19_Scotland_EDB3566_2020_EPI_ISL_439287_2020-04-14)
Align target 86 (hCoV-19_England_OXON-ACEA2_2020_EPI_ISL_448544_2020-04-06)
Align target 87 (hCoV-19_England_CAMB-7BB87_2020_EPI_ISL_442818_2020-04-05)
Align target 88 (hCoV-19_Canada_BC_09329927_2020_EPI_ISL_467305_2020-04)
Align target 89 (hCoV-19_USA_IL-NM012_2020_EPI_ISL_444524_2020-03-17)
Align target 90 (hCoV-19_England_NORW-EA8E6_2020_EPI_ISL_461873_2020-05-17)
Align target 91 (hCoV-19_England_CAMB-798CE_2020_EPI_ISL_441796_2020-04-01)
Align target 92 (hCoV-19_USA_WA-UW-1420_2020_EPI_ISL_423000)
Align target 93 (hCoV-19_Denmark_ALAB-HH76_2020_EPI_ISL_429317)
Align target 94 (hCoV-19_England_LIVE-99752_2020_EPI_ISL_439755_2020-04-09)
Align target 95 (hCoV-19_Canada_ON_MU-S49_2020_EPI_ISL_463987_2020)
hCoV-19_Canada_ON_MU-S49_2020_EPI_ISL_463987_2020: Frameshift error (scores nt: 145904; codon: 131918)
Align target 96 (hCoV-19_England_BRIS-125B6D_2020_EPI_ISL_443713_2020-03-30)
Align target 97 (hCoV-19_England_CAMB-794CA_2020_EPI_ISL_441829_2020-04-02)
Align target 98 (hCoV-19_Iceland_184_2020_EPI_ISL_417550)
Align target 99 (hCoV-19_USA_WA-UW-5192_2020_EPI_ISL_430875_2020-04-02)
Align target 100 (hCoV-19_Germany_BAV-MVP0254_2020_EPI_ISL_466907_2020-05-04)
Align target 101 (hCoV-19_USA_IL-NM017_2020_EPI_ISL_444527_2020-03-15)
Align target 102 (hCoV-19_England_20154088104_2020_EPI_ISL_466275_2020-04-06)
Align target 103 (hCoV-19_Australia_VIC1565_2020_EPI_ISL_456488_2020-05-05)
Align target 104 (hCoV-19_England_201090022_2020_EPI_ISL_464502_2020-03-03)
Align target 105 (hCoV-19_England_CAMB-1B0596_2020_EPI_ISL_452894_2020-05-11)
Align target 106 (hCoV-19_Scotland_CVR749_2020_EPI_ISL_433333_2020-03-26)
Align target 107 (hCoV-19_Belgium_ULG-10006_2020_EPI_ISL_421185)
Align target 108 (hCoV-19_Denmark_ALAB-SSI-890_2020_EPI_ISL_444958_2020-03-31)
Align target 109 (hCoV-19_England_BRIS-123A08_2020_EPI_ISL_442774_2020-04-07)
Align target 110 (hCoV-19_England_LIVE-99707_2020_EPI_ISL_439751_2020-04-09)
Align target 111 (hCoV-19_Netherlands_NA_244_2020_EPI_ISL_422778)
Align target 112 (hCoV-19_USA_WA-S581_2020_EPI_ISL_434341_2020-03-30)
Align target 113 (hCoV-19_Scotland_GCVR-1712D6_2020_EPI_ISL_459568_2020-03-26)
Align target 114 (hCoV-19_England_20146006604_2020_EPI_ISL_421970)
Align target 115 (hCoV-19_England_CAMB-844AE_2020_EPI_ISL_443639_2020-04-16)
Align target 116 (hCoV-19_England_CAMB-1B0BFE_2020_EPI_ISL_452951_2020-05-13)
Align target 117 (hCoV-19_Denmark_ALAB-SSI209_2020_EPI_ISL_429405)
Align target 118 (hCoV-19_Wales_PHWC-2CAF1_2020_EPI_ISL_445949_2020-04-01)
Align target 119 (hCoV-19_USA_WA-S408_2020_EPI_ISL_434168_2020-03-30)
Align target 120 (hCoV-19_England_NORW-E9D7F_2020_EPI_ISL_448364_2020-05-03)
Align target 121 (hCoV-19_Switzerland_GE3144_2020_EPI_ISL_429196)
Align target 122 (hCoV-19_England_SHEF-C043D_2020_EPI_ISL_420217)
Align target 123 (hCoV-19_Italy_AMC2-1245_2020_EPI_ISL_457826_2020-03-08)
Align target 124 (hCoV-19_Vietnam_OUCRU01097_2020_EPI_ISL_435317_2020-03-18)
Align target 125 (hCoV-19_England_CAMB-795F4_2020_EPI_ISL_441102_2020-04-04)
Align target 126 (hCoV-19_Belgium_UGent-65_2020_EPI_ISL_451176_2020-04-08)
Align target 127 (hCoV-19_England_20122007204_2020_EPI_ISL_465736_2020-03-17)
Align target 128 (hCoV-19_England_EXET-13511D_2020_EPI_ISL_457033_2020-04-06)
Align target 129 (hCoV-19_Israel_130710159_2020_EPI_ISL_447464_2020-04-15)
Align target 130 (hCoV-19_England_CAMB-7B158_2020_EPI_ISL_433924_2020-04-09)
Align target 131 (hCoV-19_England_CAMB-77532_2020_EPI_ISL_438540_2020-03-31)
Align target 132 (hCoV-19_Wales_PHWC-26550_2020_EPI_ISL_422369)
Align target 133 (hCoV-19_Scotland_EDB2900_2020_EPI_ISL_456904_2020-04-01)
Align target 134 (hCoV-19_England_LIVE-9D572_2020_EPI_ISL_453211_2020-04-15)
Align target 135 (hCoV-19_USA_WA-UW-1860_2020_EPI_ISL_424289)
Align target 136 (hCoV-19_Canada_BC_07720149_2020_EPI_ISL_466819_2020-04)
Align target 137 (hCoV-19_Brazil_RJ-2072_2020_EPI_ISL_456104_2020-04-16)
Align target 138 (hCoV-19_Sweden_20-50248_2020_EPI_ISL_454894_2020-03-08)
Align target 139 (hCoV-19_USA_OR-UW-1937_2020_EPI_ISL_424303)
Align target 140 (hCoV-19_USA_UT-01687_2020_EPI_ISL_454711_2020-04-13)
Align target 141 (hCoV-19_Wales_PHWC-32BC8_2020_EPI_ISL_446662_2020-04-15)
Align target 142 (hCoV-19_Chile_Santiago_39_2020_EPI_ISL_445318_2020-03-19)
Align target 143 (hCoV-19_Germany_BAV-MVP0183_2020_EPI_ISL_466876_2020-04-13)
Align target 144 (hCoV-19_England_CAMB-7C412_2020_EPI_ISL_441584_2020-04-04)
Align target 145 (hCoV-19_Singapore_204_2020_EPI_ISL_462322_2020-04-27)
Align target 146 (hCoV-19_England_CAMB-845F6_2020_EPI_ISL_443520_2020-04-16)
Align target 147 (hCoV-19_Canada_ON-UHTC_0076_2020_EPI_ISL_464019_2020-04-13)
Align target 148 (hCoV-19_Spain_COV001434_2020_EPI_ISL_467095_2020-03-17)
Align target 149 (hCoV-19_Puerto_Rico_CDC-S6_2020_EPI_ISL_434546_2020-03-24)
Align target 150 (hCoV-19_Scotland_GCVR-170055_2020_EPI_ISL_459658_2020-03-24)
Align target 151 (hCoV-19_Wales_PHWC-2D61A_2020_EPI_ISL_446004_2020-04-05)
Align target 152 (hCoV-19_Russia_StPetersburg-RII5047S_2020_EPI_ISL_430087)
Align target 153 (hCoV-19_Australia_SAP047_2020_EPI_ISL_451086_2020-03-24)
Align target 154 (hCoV-19_England_CAMB-1B1BC0_2020_EPI_ISL_458548_2020-05-07)
Align target 155 (hCoV-19_Scotland_EDB4362_2020_EPI_ISL_449297_2020-04-25)
Align target 156 (hCoV-19_England_NORT-2923EA_2020_EPI_ISL_457322_2020-05-04)
Align target 157 (hCoV-19_England_20170049104_2020_EPI_ISL_465305_2020-04-20)
Align target 158 (hCoV-19_USA_LA-SR0274_2020_EPI_ISL_445129_2020-04-02)
Align target 159 (hCoV-19_England_20129111904_2020_EPI_ISL_424096)
Align target 160 (hCoV-19_England_LIVE-9E82D_2020_EPI_ISL_453337_2020-04-12)
Align target 161 (hCoV-19_England_CAMB-7F2CA_2020_EPI_ISL_442858_2020-04-07)
Align target 162 (hCoV-19_Scotland_EDB4146_2020_EPI_ISL_456920_2020-04-18)
Align target 163 (hCoV-19_Scotland_GCVR-17140D_2020_EPI_ISL_459563_2020-03-26)
Align target 164 (hCoV-19_Denmark_ALAB-SSI150_2020_EPI_ISL_429368)
Align target 165 (hCoV-19_England_20122069604_2020_EPI_ISL_465758_2020-03-15)
Align target 166 (hCoV-19_England_BRIS-128CA3_2020_EPI_ISL_458877_2020-04-14)
Align target 167 (hCoV-19_USA_NY-NYUMC124_2020_EPI_ISL_424931)
Align target 168 (hCoV-19_HongKong_VM20001061_2020_EPI_ISL_412028)
Align target 169 (hCoV-19_Georgia_Tb-712_2020_EPI_ISL_416481)
Align target 170 (hCoV-19_USA_CT-UW-5770_2020_EPI_ISL_430925_2020-04-04)
Align target 171 (hCoV-19_England_SHEF-BFE8E_2020_EPI_ISL_432712_2020-03-25)
Align target 172 (hCoV-19_Shangrao_JX29_2020_EPI_ISL_421244)
Align target 173 (hCoV-19_Netherlands_Gelderland_60_2020_EPI_ISL_460959_2020-05-18)
Align target 174 (hCoV-19_India_ILSCV14831_2020_EPI_ISL_463033_2020-05-10)
Align target 175 (hCoV-19_Guangzhou_GZMU0045_2020_EPI_ISL_429092)
Align target 176 (hCoV-19_USA_WA-UW193_2020_EPI_ISL_417342)
Align target 177 (hCoV-19_USA_NY-PV09356_2020_EPI_ISL_450044_2020-03-16)
Align target 178 (hCoV-19_England_NORW-E899A_2020_EPI_ISL_448257_2020-04-12)
Align target 179 (hCoV-19_England_20129171604_2020_EPI_ISL_424140)
Align target 180 (hCoV-19_Belgium_Rega-0329239_2020_EPI_ISL_458209_2020-03-29)
Align target 181 (hCoV-19_England_CAMB-1AA3E0_2020_EPI_ISL_443448_2020-04-16)
Align target 182 (hCoV-19_USA_WI-159_2020_EPI_ISL_428255)
Align target 183 (hCoV-19_USA_MN-MDH-637_2020_EPI_ISL_437384_2020-04-16)
Align target 184 (hCoV-19_USA_CT-Yale-201_2020_EPI_ISL_463139_2020-03-30)
Align target 185 (hCoV-19_Switzerland_42176216_2020_EPI_ISL_418281)
Align target 186 (hCoV-19_Scotland_EDB310_2020_EPI_ISL_461709_2020-03-28)
Align target 187 (hCoV-19_Wales_PHWC-2B62B_2020_EPI_ISL_445737_2020-04-10)
Align target 188 (hCoV-19_Wales_PHWC-2F2D8_2020_EPI_ISL_446230_2020-04-06)
Align target 189 (hCoV-19_Iceland_591_2020_EPI_ISL_424611)
Align target 190 (hCoV-19_England_CAMB-72898_2020_EPI_ISL_439872_2020-03-24)
Align target 191 (hCoV-19_Scotland_CVR375_2020_EPI_ISL_433287_2020-03-21)
Align target 192 (hCoV-19_India_NCDC-02309_2020_EPI_ISL_435084_2020-03-29)
Align target 193 (hCoV-19_USA_NM-UNM-00167_2020_EPI_ISL_467662_2020-04-04)
Align target 194 (hCoV-19_New_Zealand_20VR1864_2020_EPI_ISL_456290_2020-03-30)
Align target 195 (hCoV-19_Netherlands_ZuidHolland_220_2020_EPI_ISL_461392_2020)
Align target 196 (hCoV-19_Portugal_PT0509_2020_EPI_ISL_454233_2020-03-19)
Align target 197 (hCoV-19_Netherlands_NA_141_2020_EPI_ISL_422683)
Align target 198 (hCoV-19_Belgium_DB-03023_2020_EPI_ISL_416470)
Align target 199 (hCoV-19_Wales_PHWC-33909_2020_EPI_ISL_446765_2020-04-16)
Align target 200 (hCoV-19_Canada_QC_AS7_2020_EPI_ISL_463937_2020-04-03)
Align target 201 (hCoV-19_USA_WA-S340_2020_EPI_ISL_434100_2020-04-04)
Align target 202 (hCoV-19_Scotland_EDB171_2020_EPI_ISL_425926)
Align target 203 (hCoV-19_Scotland_CVR2404_2020_EPI_ISL_438901_2020-04-13)
Align target 204 (hCoV-19_England_CAMB-7374F_2020_EPI_ISL_425231)
Align target 205 (hCoV-19_England_201440123_2020_EPI_ISL_465979_2020-03-30)
Align target 206 (hCoV-19_England_20139003204_2020_EPI_ISL_421849)
Align target 207 (hCoV-19_Scotland_EDB2084_2020_EPI_ISL_433183_2020-04-19)
Align target 208 (hCoV-19_England_CAMB-79C59_2020_EPI_ISL_441233_2020-04-02)
Align target 209 (hCoV-19_Spain_IrsiCaixa-sp142_2020__EPI_ISL_462448_2020-03-24)
Align target 210 (hCoV-19_England_20139018302_2020_EPI_ISL_420524)
Align target 211 (hCoV-19_Wales_PHWC-28D83_2020_EPI_ISL_445437_2020-04-03)
Align target 212 (hCoV-19_USA_MN-MDH-164_2020_EPI_ISL_460059_2020-03-23)
Align target 213 (hCoV-19_USA_CA-SR0255_2020_EPI_ISL_437557_2020-03-30)
Align target 214 (hCoV-19_Canada_ON-UHTC_0003_2020_EPI_ISL_464009_2020-03-18)
Align target 215 (hCoV-19_England_BRIS-1217B8_2020_EPI_ISL_440135_2020-03-04)
Align target 216 (hCoV-19_Netherlands_ZuidHolland_178_2020_EPI_ISL_461350_2020-04-20)
Align target 217 (hCoV-19_Iceland_196_2020_EPI_ISL_417822)
Align target 218 (hCoV-19_Sweden_20-50144_2020_EPI_ISL_454884_2020-03-04)
Align target 219 (hCoV-19_USA_FL_1177_2020_EPI_ISL_424857)
Align target 220 (hCoV-19_USA_VA-DCLS-0104_2020_EPI_ISL_434596_2020-04-08)
Align target 221 (hCoV-19_Scotland_CVR2414_2020_EPI_ISL_448184_2020-04-14)
Align target 222 (hCoV-19_Scotland_CVR3138_2020_EPI_ISL_461700_2020-04-26)
Align target 223 (hCoV-19_Canada_Qc-L00240979_2020_EPI_ISL_450308_2020-03-27)
Align target 224 (hCoV-19_England_BRIS-125CA6_2020_EPI_ISL_443933_2020-03-30)
Align target 225 (hCoV-19_Colombia_INS-101935_2020_EPI_ISL_456153_2020-04-22)
Align target 226 (hCoV-19_England_BRIS-12A5C4_2020_EPI_ISL_458432_2020-04-29)
Align target 227 (hCoV-19_England_LIVE-9A5C0_2020_EPI_ISL_449351_2020-03-26)
Align target 228 (hCoV-19_England_20172004404_2020_EPI_ISL_465329_2020-04-20)
Align target 229 (hCoV-19_USA_UT-00020_2020_EPI_ISL_417028)
Align target 230 (hCoV-19_Netherlands_NA_279_2020_EPI_ISL_422589)
Align target 231 (hCoV-19_Guangdong_20SF014_2020_EPI_ISL_403934)
Align target 232 (hCoV-19_England_201380235_2020_EPI_ISL_465834_2020-03-25)
Align target 233 (hCoV-19_Scotland_EDB342_2020_EPI_ISL_425976)
Align target 234 (hCoV-19_Hangzhou_HZ178_2020_EPI_ISL_418509)
Align target 235 (hCoV-19_Australia_NSW532_2020_EPI_ISL_455071_2020-05-08)
Align target 236 (hCoV-19_Wales_PHWC-29FC8_2020_EPI_ISL_432313_2020-04-03)
Align target 237 (hCoV-19_England_201580028_2020_EPI_ISL_466347_2020-04-08)
Align target 238 (hCoV-19_Spain_COV002728_2020_EPI_ISL_467290_2020-04-15)
Align target 239 (hCoV-19_England_20156033204_2020_EPI_ISL_466297_2020-04-08)
Align target 240 (hCoV-19_Netherlands_NA_662_2020_EPI_ISL_461097_2020)
Align target 241 (hCoV-19_Indonesia_JKT-EIJK07_2020_EPI_ISL_467376_2020-04-24)
Align target 242 (hCoV-19_USA_WA-UW266_2020_EPI_ISL_418051)
Align target 243 (hCoV-19_USA_WA-UW-1854_2020_EPI_ISL_424291)
Align target 244 (hCoV-19_England_CAMB-7C078_2020_EPI_ISL_433986_2020-04-13)
Align target 245 (hCoV-19_Wales_PHWC-273A0_2020_EPI_ISL_432302_2020-03-31)
Align target 246 (hCoV-19_Scotland_CVR150_2020_EPI_ISL_425693)
Align target 247 (hCoV-19_Portugal_PT0403_2020_EPI_ISL_454127_2020-03-17)
Align target 248 (hCoV-19_England_OXON-AC640_2020_EPI_ISL_448471_2020-04-07)
Align target 249 (hCoV-19_England_20169005404_2020_EPI_ISL_465182_2020-04-17)
Align target 250 (hCoV-19_England_CAMB-7AD0A_2020_EPI_ISL_433867_2020-04-08)
Align target 251 (hCoV-19_Scotland_CVR903_2020_EPI_ISL_433359_2020-03-27)
Align target 252 (hCoV-19_Israel_13077726_2020_EPI_ISL_447426_2020-04-03)
Align target 253 (hCoV-19_USA_CA-CZB-1047_2020_EPI_ISL_437047_2020-04-03)
Align target 254 (hCoV-19_USA_UT-01892_2020_EPI_ISL_454717_2020-04-13)
Align target 255 (hCoV-19_Wales_PHWC-31AF9_2020_EPI_ISL_446529_2020-04-11)
Align target 256 (hCoV-19_USA_WA-S17_2020_EPI_ISL_417070)
Align target 257 (hCoV-19_USA_NY-PV09374_2020_EPI_ISL_450058_2020-03-19)
Align target 258 (hCoV-19_Scotland_EDB090_2020_EPI_ISL_425881)
Align target 259 (hCoV-19_England_CAMB-76F08_2020_EPI_ISL_439477_2020-03-31)
Align target 260 (hCoV-19_USA_NY-NYUMC288_2020_EPI_ISL_428802)
Align target 261 (hCoV-19_Spain_COV000683_2020_EPI_ISL_452778_2020-03-08)
Align target 262 (hCoV-19_Germany_BavPat6-ChVir1247_2020_EPI_ISL_450201_2020-01)
Align target 263 (hCoV-19_Netherlands_NA_482_2020_EPI_ISL_455284_2020-04-08)
Align target 264 (hCoV-19_Netherlands_NA_608_2020_EPI_ISL_460771_2020-04-20)
Align target 265 (hCoV-19_Scotland_EDB1632_2020_EPI_ISL_433096_2020-04-14)
Align target 266 (hCoV-19_England_CAMB-1ADBE5_2020_EPI_ISL_448046_2020-05-04)
Align target 267 (hCoV-19_England_20140000404_2020_EPI_ISL_423367)
Align target 268 (hCoV-19_Wales_PHWC-2A738_2020_EPI_ISL_445613_2020-04-05)
Align target 269 (hCoV-19_Wales_PHWC-25A25_2020_EPI_ISL_422277)
Align target 270 (hCoV-19_USA_MI-MDHHS-SC20646_2020_EPI_ISL_462728_2020-04-24)
Align target 271 (hCoV-19_Canada_BC_24232310_2020_EPI_ISL_463201_2020-03)
Align target 272 (hCoV-19_Scotland_EDB3975_2020_EPI_ISL_449267_2020-05-03)
Align target 273 (hCoV-19_Scotland_EDB1179_2020_EPI_ISL_433424_2020-04-08)
Align target 274 (hCoV-19_England_CAMB-1B2C17_2020_EPI_ISL_456714_2020-05-18)
Align target 275 (hCoV-19_Kuwait_KU09_2020_EPI_ISL_416541)
Align target 276 (hCoV-19_Australia_SAP207_2020_EPI_ISL_468003_2020-04-02)
Align target 277 (hCoV-19_England_NOTT-1107CB_2020_EPI_ISL_441859_2020-04-20)
Align target 278 (hCoV-19_Wales_PHWC-2AB0F_2020_EPI_ISL_445666_2020-04-06)
Align target 279 (hCoV-19_England_OXON-ADD77_2020_EPI_ISL_448634_2020)
Align target 280 (hCoV-19_USA_OR-OHSU-0167_2020_EPI_ISL_468115_2020-05-01)
Align target 281 (hCoV-19_USA_WA-UW227_2020_EPI_ISL_417376)
Align target 282 (hCoV-19_England_NORW-EA813_2020_EPI_ISL_461869_2020-05-18)
Align target 283 (hCoV-19_Switzerland_101181_2020_EPI_ISL_451843_2020-03-31)
Align target 284 (hCoV-19_USA_NC-CDC-6999_2020_EPI_ISL_452124_2020-03-03)
Align target 285 (hCoV-19_USA_MA-MGH-00194_2020_EPI_ISL_460368_2020-03-26)
Align target 286 (hCoV-19_England_20119027704_2020_EPI_ISL_465037_2020-03-14)
Align target 287 (hCoV-19_Wales_PHWC-23F73_2020_EPI_ISL_418132)
Align target 288 (hCoV-19_Scotland_EDB1811_2020_EPI_ISL_433135_2020-04-16)
Align target 289 (hCoV-19_USA_NY-PV08481_2020_EPI_ISL_421421)
Align target 290 (hCoV-19_England_CAMB-7CCCF_2020_EPI_ISL_441647_2020-04-05)
Align target 291 (hCoV-19_England_CAMB-78E90_2020_EPI_ISL_441262_2020-04-02)
Align target 292 (hCoV-19_England_LIVE-9E2E3_2020_EPI_ISL_453285_2020-04-02)
Align target 293 (hCoV-19_England_CAMB-76919_2020_EPI_ISL_438396_2020-03-30)
Align target 294 (hCoV-19_USA_WA-UW-4775_2020_EPI_ISL_429626)
Align target 295 (hCoV-19_environment_USA_UF-12_2020_EPI_ISL_455682_2020-04-23)
Align target 296 (hCoV-19_Switzerland_42202622_2020_EPI_ISL_418438)
Align target 297 (hCoV-19_England_CAMB-7F0DF_2020_EPI_ISL_442870_2020-04-08)
Align target 298 (hCoV-19_DK_ALAB-SSI-1406_2020_EPI_ISL_437651_2020-04-04)
Align target 299 (hCoV-19_Turkey_HSGM-510_2020_EPI_ISL_437314_2020-03-26)
Align target 300 (hCoV-19_England_NOTT-110A1D_2020_EPI_ISL_441886_2020-04-30)
Align target 301 (hCoV-19_England_BRIS-128A4F_2020_EPI_ISL_458850_2020-04-14)
Align target 302 (hCoV-19_Iceland_395_2020_EPI_ISL_424419)
Align target 303 (hCoV-19_Netherlands_ZuidHolland_206_2020_EPI_ISL_461378_2020-05-06)
Align target 304 (hCoV-19_Netherlands_Gelderland_78_2020_EPI_ISL_460977_2020-05-19)
Align target 305 (hCoV-19_Netherlands_Gelderland_157_2020_EPI_ISL_460917_2020-05-22)
Align target 306 (hCoV-19_England_NOTT-10E07A_2020_EPI_ISL_425490)
Align target 307 (hCoV-19_USA_CA-SCCPHD-UC145_2020_EPI_ISL_435624_2020-03-10)
Align target 308 (hCoV-19_Australia_VIC1079_2020_EPI_ISL_430565)
Align target 309 (hCoV-19_England_SHEF-C78EF_2020_EPI_ISL_442012_2020-03-24)
Align target 310 (hCoV-19_Scotland_EDB2471_2020_EPI_ISL_439219_2020-04-23)
Align target 311 (hCoV-19_Guangzhou_GZMU0099_2020_EPI_ISL_457696_2020-02-20)
Align target 312 (hCoV-19_USA_WA-UW-4109_2020_EPI_ISL_427241)
Align target 313 (hCoV-19_England_NORW-E701E_2020_EPI_ISL_453549_2020-04-21)
Align target 314 (hCoV-19_England_LOND-D6AC9_2020_EPI_ISL_461770_2020-05-14)
Align target 315 (hCoV-19_USA_NM-UNM-00094_2020_EPI_ISL_467635_2020-04-01)
Align target 316 (hCoV-19_Chile_Santiago_10_2020_EPI_ISL_445253_2020-03-10)
Align target 317 (hCoV-19_England_20099069504_2020_EPI_ISL_464215_2020-02-29)
Align target 318 (hCoV-19_India_ILSCV27217_2020_EPI_ISL_463090_2020-05-21)
Align target 319 (hCoV-19_USA_WI-160_2020_EPI_ISL_428256)
Align target 320 (hCoV-19_England_20162000404_2020_EPI_ISL_466378_2020-04-13)
Align target 321 (hCoV-19_Canada_BC_06998971_2020_EPI_ISL_466812_2020-04)
Align target 322 (hCoV-19_England_SHEF-C0C26_2020_EPI_ISL_432715_2020-04-05)
Align target 323 (hCoV-19_USA_LA-SR0280_2020_EPI_ISL_445135_2020-04-01)
Align target 324 (hCoV-19_England_CAMB-71F67_2020_EPI_ISL_439936_2020-03-28)
Align target 325 (hCoV-19_England_NOTT-110FF0_2020_EPI_ISL_453614_2020-05-04)
Align target 326 (hCoV-19_USA_NM-UNM-00100_2020_EPI_ISL_467545_2020-04-01)
Align target 327 (hCoV-19_England_20128037504_2020_EPI_ISL_423957)
Align target 328 (hCoV-19_England_CAMB-822F1_2020_EPI_ISL_443670_2020-04-12)
Align target 329 (hCoV-19_Wales_PHWC-26C1F_2020_EPI_ISL_422151)
Align target 330 (hCoV-19_India_S5_2020_EPI_ISL_430465)
Align target 331 (hCoV-19_England_CAMB-7CB3B_2020_EPI_ISL_442082_2020-04-06)
Align target 332 (hCoV-19_Brazil_CV16_2020_EPI_ISL_429676)
Align target 333 (hCoV-19_Wales_PHWC-33884_2020_EPI_ISL_446760_2020-04-20)
Align target 334 (hCoV-19_England_NORW-EBB82_2020_EPI_ISL_457484_2020-05-07)
Align target 335 (hCoV-19_England_CAMB-76111_2020_EPI_ISL_438280_2020-03-30)
Align target 336 (hCoV-19_England_CAMB-7C00F_2020_EPI_ISL_433979_2020-04-12)
Align target 337 (hCoV-19_England_201620027_2020_EPI_ISL_466387_2020-04-13)
Align target 338 (hCoV-19_England_BRIS-122E0D_2020_EPI_ISL_440626_2020-04-03)
Align target 339 (hCoV-19_Poland_Pom11_2020_EPI_ISL_451652_2020-04-30)
Align target 340 (hCoV-19_England_20148055704_2020_EPI_ISL_466072_2020-04-01)
Align target 341 (hCoV-19_USA_CT-UW-6592_2020_EPI_ISL_461416_2020-04-03)
Align target 342 (hCoV-19_England_CAMB-1B011A_2020_EPI_ISL_448111_2020-05-06)
Align target 343 (hCoV-19_Qatar_QA13_2020_EPI_ISL_427408)
Align target 344 (hCoV-19_England_CAMB-73F74_2020_EPI_ISL_440346_2020-03-20)
Align target 345 (hCoV-19_Morocco_6899_2020_EPI_ISL_459977_2020-04-21)
Align target 346 (hCoV-19_England_CAMB-76023_2020_EPI_ISL_438442_2020-03-28)
Align target 347 (hCoV-19_Wuhan_HB-WH2-145_2020_EPI_ISL_455369_2020-03-02)
Align target 348 (hCoV-19_USA_LA-SR0156_2020_EPI_ISL_435459_2020-04-02)
Align target 349 (hCoV-19_USA_WA-UW-1309_2020_EPI_ISL_422977)
Align target 350 (hCoV-19_England_20120001404_2020_EPI_ISL_465139_2020-03-16)
Align target 351 (hCoV-19_Wales_PHWC-30B7F_2020_EPI_ISL_446328_2020-04-10)
Align target 352 (hCoV-19_USA_NY-PV08415_2020_EPI_ISL_421378)
Align target 353 (hCoV-19_Shanghai_SH0101_2020_EPI_ISL_416393)
Align target 354 (hCoV-19_England_CAMB-795A9_2020_EPI_ISL_441089_2020-04-03)
Align target 355 (hCoV-19_Belgium_20A42_2020_EPI_ISL_452140_2020-04-03)
Align target 356 (hCoV-19_Denmark_ALAB-SSI-842_2020_EPI_ISL_444934_2020-03-28)
Align target 357 (hCoV-19_USA_WA-S506_2020_EPI_ISL_434266_2020-04-01)
Align target 358 (hCoV-19_England_LOND-D4481_2020_EPI_ISL_444125_2020-04-08)
Align target 359 (hCoV-19_England_LOND-D49BF_2020_EPI_ISL_444163_2020-04-10)
Align target 360 (hCoV-19_Wales_PHWC-2A404_2020_EPI_ISL_445566_2020-04-06)
Align target 361 (hCoV-19_England_CAMB-81483_2020_EPI_ISL_443113_2020-04-09)
Align target 362 (hCoV-19_Australia_NSW383_2020_EPI_ISL_451643_2020-04-07)
Align target 363 (hCoV-19_Jian_JX129_2020_EPI_ISL_421253)
Align target 364 (hCoV-19_Wales_PHWC-3115E_2020_EPI_ISL_446410_2020-04-10)
Align target 365 (hCoV-19_England_CAMB-74465_2020_EPI_ISL_425292)
Align target 366 (hCoV-19_England_BRIS-125374_2020_EPI_ISL_443712_2020-03-27)
Align target 367 (hCoV-19_England_20104004402_2020_EPI_ISL_417223)
Align target 368 (hCoV-19_Scotland_CVR1557_2020_EPI_ISL_438839_2020-04-03)
Align target 369 (hCoV-19_England_NORW-EBAD0_2020_EPI_ISL_457475_2020-05-06)
Align target 370 (hCoV-19_Switzerland_GE7617_2020_EPI_ISL_429204)
Align target 371 (hCoV-19_England_201160961_2020_EPI_ISL_464809_2020-03-10)
Align target 372 (hCoV-19_England_NORW-E6ECA_2020_EPI_ISL_448989_2020-04-20)
Align target 373 (hCoV-19_England_20139051304_2020_EPI_ISL_420701)
Align target 374 (hCoV-19_Canada_BC_13949840_2020_EPI_ISL_467425_2020-04)
Align target 375 (hCoV-19_USA_WA-UW345_2020_EPI_ISL_418912)
Align target 376 (hCoV-19_Australia_VIC444_2020_EPI_ISL_426741)
Align target 377 (hCoV-19_Australia_VIC1657_2020_EPI_ISL_456558_2020-05-12)
Align target 378 (hCoV-19_USA_MA-MGH-00656_2020_EPI_ISL_460120_2020-04-01)
Align target 379 (hCoV-19_England_LOND-D5338_2020_EPI_ISL_444212_2020-04-16)
Align target 380 (hCoV-19_Bangladesh_BARJ_CVASU_CTG_502_2020_EPI_ISL_450340_2020-05-13)
Align target 381 (hCoV-19_Wales_PHWC-292ED_2020_EPI_ISL_445506_2020-04-03)
Align target 382 (hCoV-19_Italy_TE26643_2020_EPI_ISL_436729_2020-04-27)
Align target 383 (hCoV-19_Iceland_162_2020_EPI_ISL_417772)
Align target 384 (hCoV-19_USA_MI-MDHHS-SC20075_2020_EPI_ISL_437162_2020-03-26)
Align target 385 (hCoV-19_Canada_BC_05248019_2020_EPI_ISL_466783_2020-04)
Align target 386 (hCoV-19_England_BRIS-1238B3_2020_EPI_ISL_442718_2020-04-06)
Align target 387 (hCoV-19_USA_MN42-MDH42_2020_EPI_ISL_417478)
Align target 388 (hCoV-19_England_20130061604_2020_EPI_ISL_423641)
Align target 389 (hCoV-19_Israel_2046616_2020_EPI_ISL_447401_2020-04-02)
Align target 390 (hCoV-19_England_NOTT-10E4C9_2020_EPI_ISL_425554)
Align target 391 (hCoV-19_Kenya_P1132_2020_EPI_ISL_457854_2020-04)
Align target 392 (hCoV-19_Scotland_EDB736_2020_EPI_ISL_433235_2020-04-02)
Align target 393 (hCoV-19_England_BRIS-12AB2C_2020_EPI_ISL_458352_2020-05-01)
Align target 394 (hCoV-19_England_LIVE-999E3_2020_EPI_ISL_439785_2020-04-08)
Align target 395 (hCoV-19_Greece_33_36910_2020_EPI_ISL_437893_2020-03-29)
Align target 396 (hCoV-19_Australia_VIC294_2020_EPI_ISL_419985)
Align target 397 (hCoV-19_England_CAMB-7D860_2020_EPI_ISL_441665_2020-04-06)
Align target 398 (hCoV-19_England_CAMB-72F2A_2020_EPI_ISL_440097_2020-03-23)
Align target 399 (hCoV-19_Brazil_SPBR-11_2020_EPI_ISL_416033)
Computing global alignment... done.
