Align target 0 (hCoV-19_Singapore_146_2020_EPI_ISL_443238_2020-03-17)
Align target 1 (hCoV-19_England_NORT-288DAD_2020_EPI_ISL_458669_2020-03-22)
Align target 2 (hCoV-19_Wales_PHWC-2EE5D_2020_EPI_ISL_446163_2020-04-07)
Align target 3 (hCoV-19_Wales_PHWC-343A0_2020_EPI_ISL_446912_2020-04-17)
Align target 4 (hCoV-19_England_SHEF-CA2EE_2020_EPI_ISL_448873_2020-04-17)
Align target 5 (hCoV-19_Netherlands_Gelderland_10_2020_EPI_ISL_422638)
Align target 6 (hCoV-19_India_GBRC78a_2020_EPI_ISL_447536_2020-05-05)
Align target 7 (hCoV-19_Argentina_C121_2020_EPI_ISL_420600)
Align target 8 (hCoV-19_England_20162000904_2020_EPI_ISL_466381_2020-04-13)
Align target 9 (hCoV-19_England_20170043704_2020_EPI_ISL_465295_2020-04-16)
Align target 10 (hCoV-19_USA_NY-PV09331_2020_EPI_ISL_450020_2020-03-18)
Align target 11 (hCoV-19_Wales_PHWC-321C6_2020_EPI_ISL_446616_2020-04-13)
Align target 12 (hCoV-19_Scotland_EDB039_2020_EPI_ISL_425845)
Align target 13 (hCoV-19_England_CAMB-7AA8B_2020_EPI_ISL_433833_2020-04-08)
Align target 14 (hCoV-19_England_SHEF-D0FFD_2020_EPI_ISL_442484_2020-03-31)
Align target 15 (hCoV-19_England_20142005504_2020_EPI_ISL_465904_2020-03-30)
Align target 16 (hCoV-19_USA_WA-UW-4035_2020_EPI_ISL_427235)
Align target 17 (hCoV-19_Estonia_ChVir4286_2020_EPI_ISL_457725_2020-03)
Align target 18 (hCoV-19_Spain_COV003683_2020_EPI_ISL_467258_2020-04-02)
Align target 19 (hCoV-19_Guangdong_GDSZ202015-P0019_2020_EPI_ISL_413867)
Align target 20 (hCoV-19_Wales_PHWC-33F70_2020_EPI_ISL_446847_2020-04-16)
Align target 21 (hCoV-19_Scotland_EDB4223_2020_EPI_ISL_449284_2020-04-21)
Align target 22 (hCoV-19_USA_CA-CZB-1178_2020_EPI_ISL_454628_2020-04-30)
Align target 23 (hCoV-19_USA_WA-S1023_2020_EPI_ISL_463513_2020-05-01)
Align target 24 (hCoV-19_USA_MI-MDHHS-SC20321_2020_EPI_ISL_447118_2020-03-27)
Align target 25 (hCoV-19_Portugal_PT0563_2020_EPI_ISL_454286_2020-05-02)
Align target 26 (hCoV-19_Wales_PHWC-271D3_2020_EPI_ISL_432435_2020-03-31)
Align target 27 (hCoV-19_England_CAMB-1AEBD5_2020_EPI_ISL_448058_2020-05-04)
Align target 28 (hCoV-19_Australia_VIC266_2020_EPI_ISL_419959)
Align target 29 (hCoV-19_India_S52_2020_EPI_ISL_455672_2020-05-03)
Align target 30 (hCoV-19_England_NOTT-10EDCE_2020_EPI_ISL_432925_2020-03-28)
Align target 31 (hCoV-19_Iceland_425_2020_EPI_ISL_424449)
Align target 32 (hCoV-19_Scotland_EDB4295_2020_EPI_ISL_449290_2020-04-23)
Align target 33 (hCoV-19_USA_VA-DCLS-0278_2020_EPI_ISL_452847_2020-04-22)
Align target 34 (hCoV-19_Australia_VIC329_2020_EPI_ISL_426639)
Align target 35 (hCoV-19_Hong_Kong_HKU-904a_2020_EPI_ISL_450412_2020-01-30)
Align target 36 (hCoV-19_England_201340854_2020_EPI_ISL_423188)
Align target 37 (hCoV-19_Italy_FVG-ICGEB_S5_2020_EPI_ISL_417419)
Align target 38 (hCoV-19_Taiwan_TSGH-02_2020_EPI_ISL_426630)
Align target 39 (hCoV-19_Iceland_61_2020_EPI_ISL_417731)
Align target 40 (hCoV-19_Scotland_GCVR-173C8B_2020_EPI_ISL_459101_2020-04-05)
Align target 41 (hCoV-19_USA_MA-MGH-00206_2020_EPI_ISL_460242_2020-03-27)
Align target 42 (hCoV-19_Wales_PHWC-2D261_2020_EPI_ISL_445962_2020-04-02)
Align target 43 (hCoV-19_Israel_701002591_2020_EPI_ISL_447287_2020-03-26)
Align target 44 (hCoV-19_England_20139054704_2020_EPI_ISL_420712)
Align target 45 (hCoV-19_Switzerland_GE2453_2020_EPI_ISL_429219)
Align target 46 (hCoV-19_England_20172046404_2020_EPI_ISL_465351_2020-04-16)
Align target 47 (hCoV-19_Austria_CeMM0255_2020_EPI_ISL_438084_2020-03-22)
Align target 48 (hCoV-19_Scotland_GCVR-17036B_2020_EPI_ISL_459623_2020-03-23)
Align target 49 (hCoV-19_USA_WA-UW118_2020_EPI_ISL_416656)
Align target 50 (hCoV-19_Italy_FVG-ICGEB_S1_2020_EPI_ISL_417418)
Align target 51 (hCoV-19_USA_WI-UW-283_2020_EPI_ISL_436577_2020-04-06)
Align target 52 (hCoV-19_Brazil_CV18_2020_EPI_ISL_429678)
Align target 53 (hCoV-19_Portugal_PT0588_2020_EPI_ISL_454311_2020-03-28)
Align target 54 (hCoV-19_USA_LA-EVTL089_2020_EPI_ISL_451250_2020-05-07)
Align target 55 (hCoV-19_Spain_Barcelona_VH1713_2020_EPI_ISL_444990_2020-03-29)
Align target 56 (hCoV-19_Denmark_ALAB-SSI-692_2020_EPI_ISL_437042_2020-03-27)
Align target 57 (hCoV-19_Spain_Melilla202135_2020_EPI_ISL_455346_2020-03-11)
Align target 58 (hCoV-19_Scotland_EDB011_2020_EPI_ISL_415637)
Align target 59 (hCoV-19_Scotland_CVR1507_2020_EPI_ISL_438832_2020-04-03)
Align target 60 (hCoV-19_England_CAMB-84A15_2020_EPI_ISL_440482_2020-03-10)
Align target 61 (hCoV-19_England_CAMB-1AA2B6_2020_EPI_ISL_443629_2020-04-17)
Align target 62 (hCoV-19_Denmark_ALAB-HH-101_2020_EPI_ISL_451988_2020-03-09)
Align target 63 (hCoV-19_England_CAMB-7B8F9_2020_EPI_ISL_442174_2020-04-04)
Align target 64 (hCoV-19_USA_UT-02224_2020_EPI_ISL_436924_2020-04-15)
Align target 65 (hCoV-19_England_SHEF-D075F_2020_EPI_ISL_457674_2020-05-01)
Align target 66 (hCoV-19_USA_NY-NYUMC453_2020_EPI_ISL_435520_2020-04-20)
Align target 67 (hCoV-19_Wales_PHWC-2D683_2020_EPI_ISL_446010_2020-04-04)
Align target 68 (hCoV-19_Scotland_EDB587_2020_EPI_ISL_433205_2020-04-02)
Align target 69 (hCoV-19_England_OXON-AF0A9_2020_EPI_ISL_448809_2020-04-08)
Align target 70 (hCoV-19_England_20120106604_2020_EPI_ISL_465730_2020-03-15)
Align target 71 (hCoV-19_England_CAMB-81FEC_2020_EPI_ISL_438606_2020-04-21)
Align target 72 (hCoV-19_Scotland_CVR3168_2020_EPI_ISL_456768_2020-04-27)
Align target 73 (hCoV-19_England_NORW-E7E9C_2020_EPI_ISL_449093_2020-05-06)
Align target 74 (hCoV-19_Greece_207_33548_2020_EPI_ISL_447639_2020-03-14)
Align target 75 (hCoV-19_USA_MD-HP00094_2020_EPI_ISL_457759_2020-04-01)
Align target 76 (hCoV-19_England_20100000904_2020_EPI_ISL_464238_2020-03-01)
Align target 77 (hCoV-19_USA_WA-S774_2020_EPI_ISL_449944_2020-04-14)
Align target 78 (hCoV-19_Netherlands_Overijssel_28_2020_EPI_ISL_460817_2020-03-16)
Align target 79 (hCoV-19_USA_MA-MGH-00003_2020_EPI_ISL_460311_2020-03-09)
Align target 80 (hCoV-19_England_20169003804_2020_EPI_ISL_465175_2020-04-15)
Align target 81 (hCoV-19_USA_MI-MDHHS-SC20187_2020_EPI_ISL_436835_2020-03-22)
Align target 82 (hCoV-19_France_10051SM_2020_EPI_ISL_447678_2020-03)
Align target 83 (hCoV-19_Netherlands_NA_505_2020_EPI_ISL_460678_2020-03-26)
Align target 84 (hCoV-19_Scotland_EDB1693_2020_EPI_ISL_433118_2020-04-15)
Align target 85 (hCoV-19_Scotland_CVR2246_2020_EPI_ISL_438881_2020-04-12)
Align target 86 (hCoV-19_USA_MD-HP00107_2020_EPI_ISL_457765_2020-03-21)
Align target 87 (hCoV-19_England_LIVE-9C722_2020_EPI_ISL_449572_2020-03-31)
Align target 88 (hCoV-19_Luxembourg_LNS5041225_2020_EPI_ISL_429710)
Align target 89 (hCoV-19_Senegal_139_2020_EPI_ISL_418217)
Align target 90 (hCoV-19_Canada_QC_AE4_2020_EPI_ISL_463905_2020-04-08)
Align target 91 (hCoV-19_England_BRIS-123A44_2020_EPI_ISL_442693_2020-04-07)
Align target 92 (hCoV-19_Kenya_P274_2020_EPI_ISL_457890_2020-04)
Align target 93 (hCoV-19_England_CAMB-81A81_2020_EPI_ISL_443084_2020-04-11)
Align target 94 (hCoV-19_England_20204112404_2020_EPI_ISL_465651_2020-05-13)
Align target 95 (hCoV-19_England_BRIS-123385_2020_EPI_ISL_442687_2020-04-06)
Align target 96 (hCoV-19_USA_WA-S267_2020_EPI_ISL_430121)
Align target 97 (hCoV-19_England_20142061804_2020_EPI_ISL_420772)
Align target 98 (hCoV-19_New_Zealand_20VR0901_2020_EPI_ISL_456169_2020-03-20)
Align target 99 (hCoV-19_USA_VA-DCLS-0353_2020_EPI_ISL_463120_2020-05-08)
Align target 100 (hCoV-19_Switzerland_100826_2020_EPI_ISL_451775_2020-03-26)
Align target 101 (hCoV-19_Scotland_EDB2096_2020_EPI_ISL_433194_2020-04-19)
Align target 102 (hCoV-19_England_BIRM-5ED48_2020_EPI_ISL_447940_2020-04-29)
Align target 103 (hCoV-19_Scotland_GCVR-170C60_2020_EPI_ISL_459608_2020-03-25)
Align target 104 (hCoV-19_Australia_VIC623_2020_EPI_ISL_426927)
Align target 105 (hCoV-19_England_20119088904_2020_EPI_ISL_465122_2020-03-14)
Align target 106 (hCoV-19_England_LOND-D37E3_2020_EPI_ISL_440989_2020-03-31)
Align target 107 (hCoV-19_USA_DC-HP00152_2020_EPI_ISL_457781_2020-03-27)
Align target 108 (hCoV-19_England_CAMB-77D3A_2020_EPI_ISL_441842_2020-04-01)
Align target 109 (hCoV-19_Kenya_S109_2020_EPI_ISL_457933_2020-03)
Align target 110 (hCoV-19_Wales_PHWC-31FBE_2020_EPI_ISL_446594_2020-04-14)
Align target 111 (hCoV-19_England_CAMB-830BA_2020_EPI_ISL_443654_2020-04-14)
Align target 112 (hCoV-19_Netherlands_NoordBrabant_129_2020_EPI_ISL_461164_2020-03-31)
Align target 113 (hCoV-19_Spain_Valencia613_2020_EPI_ISL_447531_2020-03-31)
Align target 114 (hCoV-19_Sweden_20-06459_2020_EPI_ISL_445224_2020-03-25)
Align target 115 (hCoV-19_USA_CA-CZBRR057IX00133_2020_EPI_ISL_428995)
Align target 116 (hCoV-19_England_SHEF-CD97D_2020_EPI_ISL_432551_2020-03-30)
Align target 117 (hCoV-19_Wales_PHWC-309FD_2020_EPI_ISL_446305_2020-04-09)
Align target 118 (hCoV-19_Scotland_EDB1198_2020_EPI_ISL_433429_2020-04-08)
Align target 119 (hCoV-19_England_CAMB-7FB47_2020_EPI_ISL_433480_2020-04-17)
Align target 120 (hCoV-19_Wales_PHWC-2D735_2020_EPI_ISL_446019_2020-04-05)
Align target 121 (hCoV-19_Wales_PHWC-293EA_2020_EPI_ISL_445516_2020-04-02)
Align target 122 (hCoV-19_USA_WA-UW-1287_2020_EPI_ISL_422969)
Align target 123 (hCoV-19_England_20164073904_2020_EPI_ISL_466476_2020-04-08)
Align target 124 (hCoV-19_Belgium_ULG-10106_2020_EPI_ISL_427357)
Align target 125 (hCoV-19_USA_UT-01594_2020_EPI_ISL_449832_2020-04-09)
Align target 126 (hCoV-19_England_EXET-136167_2020_EPI_ISL_457204_2020-04-15)
Align target 127 (hCoV-19_Bangladesh_BCSIR-NILMRC_082_2020_EPI_ISL_466649_2020-06-01)
Align target 128 (hCoV-19_Australia_VIC617_2020_EPI_ISL_426872)
Align target 129 (hCoV-19_Georgia_Tb-712_2020_EPI_ISL_416481)
Align target 130 (hCoV-19_England_LOND-D358F_2020_EPI_ISL_440957_2020-03-27)
Align target 131 (hCoV-19_Belgium_ULG-10155_2020_EPI_ISL_447151_2020-4-18)
Align target 132 (hCoV-19_England_20134002104_2020_EPI_ISL_423053)
Align target 133 (hCoV-19_Wales_PHWC-248B3_2020_EPI_ISL_419453)
Align target 134 (hCoV-19_Canada_BC_08419582_2020_EPI_ISL_466832_2020-04)
Align target 135 (hCoV-19_Netherlands_NA_282_2020_EPI_ISL_422591)
Align target 136 (hCoV-19_Denmark_ALAB-HH92_2020_EPI_ISL_429331)
Align target 137 (hCoV-19_Australia_QLDID937_2020_EPI_ISL_444611_2020-03-22)
Align target 138 (hCoV-19_USA_WA-UW-1948_2020_EPI_ISL_424301)
Align target 139 (hCoV-19_England_CAMB-1AE540_2020_EPI_ISL_459442_2020-04-28)
Align target 140 (hCoV-19_India_nimh-0130_2020_EPI_ISL_428481)
Align target 141 (hCoV-19_England_20118160304_2020_EPI_ISL_464988_2020-03-13)
Align target 142 (hCoV-19_Netherlands_NoordHolland_19_2020_EPI_ISL_461209_2020-04-25)
Align target 143 (hCoV-19_England_20108125404_2020_EPI_ISL_464480_2020-03-05)
Align target 144 (hCoV-19_Northern_Ireland_NIRE-FA643_2020_EPI_ISL_459335_2020-04-06)
Align target 145 (hCoV-19_SouthAfrica_Tygerberg_03_2020_EPI_ISL_464114_2020-03-27)
Align target 146 (hCoV-19_England_NORT-28AF0F_2020_EPI_ISL_461797_2020-04-16)
Align target 147 (hCoV-19_USA_FL-BPHL-0094_2020_EPI_ISL_445037_2020-04-28)
Align target 148 (hCoV-19_England_CAMB-7DA3D_2020_EPI_ISL_441666_2020-04-06)
Align target 149 (hCoV-19_Wales_PHWC-2659C_2020_EPI_ISL_422195)
Align target 150 (hCoV-19_Iceland_566_2020_EPI_ISL_424586)
Align target 151 (hCoV-19_England_SHEF-D087A_2020_EPI_ISL_457676_2020-04-14)
Align target 152 (hCoV-19_Australia_NSW311_2020_EPI_ISL_451575_2020-03-29)
Align target 153 (hCoV-19_Scotland_EDB1663_2020_EPI_ISL_433110_2020-04-15)
Align target 154 (hCoV-19_England_NOTT-10DEEA_2020_EPI_ISL_425466)
Align target 155 (hCoV-19_Saudi_Arabia_KAUST-MAKKAH231_2020_EPI_ISL_437727_2020-04-16)
Align target 156 (hCoV-19_Italy_MI-5925-22Feb_2020_EPI_ISL_460091_2020-02-22)
Align target 157 (hCoV-19_Guangdong_20SF808_2020_EPI_ISL_428474)
Align target 158 (hCoV-19_Switzerland_101182_2020_EPI_ISL_451844_2020-03-31)
Align target 159 (hCoV-19_England_BRIS-125839_2020_EPI_ISL_443760_2020-03-29)
Align target 160 (hCoV-19_England_201080049_2020_EPI_ISL_464441_2020-03-03)
Align target 161 (hCoV-19_Brazil_RJ-1600_2020_EPI_ISL_456082_2020-04-02)
Align target 162 (hCoV-19_Scotland_CVR3062_2020_EPI_ISL_461646_2020-04-24)
Align target 163 (hCoV-19_Scotland_CVR1554_2020_EPI_ISL_433615_2020-04-03)
Align target 164 (hCoV-19_England_20170049104_2020_EPI_ISL_465305_2020-04-20)
Align target 165 (hCoV-19_England_NORW-EC5DE_2020_EPI_ISL_457538_2020-05-10)
Align target 166 (hCoV-19_Wales_PHWC-2B0B4_2020_EPI_ISL_432284_2020-04-07)
Align target 167 (hCoV-19_Netherlands_NA_305_2020_EPI_ISL_422614)
Align target 168 (hCoV-19_Australia_VIC189_2020_EPI_ISL_419885)
Align target 169 (hCoV-19_England_SHEF-CC3BC_2020_EPI_ISL_432523_2020-03-27)
Align target 170 (hCoV-19_USA_ID-UW-4597_2020_EPI_ISL_460628_2020-03-30)
Align target 171 (hCoV-19_USA_CA-SR0223_2020_EPI_ISL_437577_2020-04-22)
Align target 172 (hCoV-19_England_OXON-AC8FF_2020_EPI_ISL_448492_2020-04-06)
Align target 173 (hCoV-19_USA_WA-UW-2137_2020_EPI_ISL_426094)
Align target 174 (hCoV-19_Wales_PHWC-3217B_2020_EPI_ISL_446611_2020-04-14)
Align target 175 (hCoV-19_Denmark_ALAB-SSI-756_2020_EPI_ISL_444890_2020-03-11)
Align target 176 (hCoV-19_USA_MI-MDHHS-SC20337_2020_EPI_ISL_450616_2020-03-24)
Align target 177 (hCoV-19_USA_MI-MDHHS-SC20184_2020_EPI_ISL_436890_2020-03-28)
Align target 178 (hCoV-19_Hungary_MBL-003_2020_EPI_ISL_435421_2020-03-25)
Align target 179 (hCoV-19_Netherlands_Utrecht_10022_2020_EPI_ISL_454771_2020-03-23)
Align target 180 (hCoV-19_England_EXET-135863_2020_EPI_ISL_457108_2020-04-15)
Align target 181 (hCoV-19_Wales_PHWC-2C763_2020_EPI_ISL_445906_2020-03-31)
Align target 182 (hCoV-19_Wales_PHWC-2D2BC_2020_EPI_ISL_445966_2020-04-04)
Align target 183 (hCoV-19_USA_CA-CZB-1024_2020_EPI_ISL_436665_2020-04-10)
Align target 184 (hCoV-19_Germany_BAV-MVP0014_2020_EPI_ISL_437215_2020-04-08)
Align target 185 (hCoV-19_Scotland_CVR1502_2020_EPI_ISL_433604_2020-04-03)
Align target 186 (hCoV-19_Wales_PHWC-29E34_2020_EPI_ISL_432205_2020-04-04)
Align target 187 (hCoV-19_USA_WA-S866_2020_EPI_ISL_463356_2020-04-24)
Align target 188 (hCoV-19_USA_WA-UW179_2020_EPI_ISL_416717)
Align target 189 (hCoV-19_England_SHEF-C5C5E_2020_EPI_ISL_441982_2020-04-09)
Align target 190 (hCoV-19_USA_CA-SCCPHD-UC137_2020_EPI_ISL_435616_2020-03-09)
Align target 191 (hCoV-19_England_CAMB-7BDAF_2020_EPI_ISL_442156_2020-04-04)
Align target 192 (hCoV-19_Denmark_ALAB-SSI-1272_2020_EPI_ISL_444841_2020-03-10)
Align target 193 (hCoV-19_Shandong_LY006_2020_EPI_ISL_414939)
Align target 194 (hCoV-19_USA_CT-Yale-102_2020_EPI_ISL_431081_2020-04-06)
Align target 195 (hCoV-19_USA_NY-PV09189_2020_EPI_ISL_422546)
Align target 196 (hCoV-19_Netherlands_NA_263_2020_EPI_ISL_422574)
Align target 197 (hCoV-19_England_20146006904_2020_EPI_ISL_421972)
Align target 198 (hCoV-19_Australia_VIC1120_2020_EPI_ISL_430594)
Align target 199 (hCoV-19_England_CAMB-82B32_2020_EPI_ISL_438662_2020-04-23)
Align target 200 (hCoV-19_England_SHEF-D0986_2020_EPI_ISL_448907_2020-04-16)
Align target 201 (hCoV-19_France_50010DC_2020_EPI_ISL_447657_2020-03)
Align target 202 (hCoV-19_Portugal_PT0127_2020_EPI_ISL_453843_2020-03-24)
Align target 203 (hCoV-19_Iceland_108_2020_EPI_ISL_417708)
Align target 204 (hCoV-19_England_BRIS-1311C6_2020_EPI_ISL_467695_2020-05-20)
Align target 205 (hCoV-19_England_NORW-E8EF5_2020_EPI_ISL_453563_2020-04-24)
Align target 206 (hCoV-19_Portugal_PT0249_2020_EPI_ISL_453963_2020-04-02)
Align target 207 (hCoV-19_England_CAMB-1AD004_2020_EPI_ISL_447956_2020-04-30)
Align target 208 (hCoV-19_Netherlands_NA_466_2020_EPI_ISL_455268_2020-04-10)
Align target 209 (hCoV-19_USA_MI-MDHHS-SC20583_2020_EPI_ISL_462665_2020-04-29)
Align target 210 (hCoV-19_Scotland_EDB1169_2020_EPI_ISL_433419_2020-04-08)
Align target 211 (hCoV-19_England_SHEF-CE332_2020_EPI_ISL_432565_2020-04-02)
Align target 212 (hCoV-19_USA_OR-OHSU-0073_2020_EPI_ISL_468093_2020-04-23)
Align target 213 (hCoV-19_USA_NY-WCMP12G08P_2020_EPI_ISL_427617)
Align target 214 (hCoV-19_India_NCDC-3230_2020_EPI_ISL_436431_2020-04-05)
Align target 215 (hCoV-19_Kenya_P1562_2020_EPI_ISL_457865_2020-04)
Align target 216 (hCoV-19_USA_NY-WCMP12C01P_2020_EPI_ISL_427600)
Align target 217 (hCoV-19_Switzerland_GE6065_2020_EPI_ISL_429220)
Align target 218 (hCoV-19_England_CAMB-7E9A8_2020_EPI_ISL_442610_2020-04-07)
Align target 219 (hCoV-19_England_SHEF-CFF3D_2020_EPI_ISL_432607_2020-04-04)
Align target 220 (hCoV-19_England_NOTT-10F659_2020_EPI_ISL_433031_2020-04-03)
Align target 221 (hCoV-19_Italy_TE5687_2020_EPI_ISL_436723_2020-03-20)
Align target 222 (hCoV-19_England_20138087304_2020_EPI_ISL_421844)
Align target 223 (hCoV-19_England_EXET-136282_2020_EPI_ISL_457215_2020-04-12)
Align target 224 (hCoV-19_England_NORW-EC6BD_2020_EPI_ISL_457550_2020-05-11)
Align target 225 (hCoV-19_India_CCMB_J714_2020_EPI_ISL_458298_2020-04-06)
Align target 226 (hCoV-19_Wales_PHWC-2658D_2020_EPI_ISL_422346)
Align target 227 (hCoV-19_USA_LA-EVTL121_2020_EPI_ISL_451282_2020-05-06)
Align target 228 (hCoV-19_England_20139001704_2020_EPI_ISL_423334)
Align target 229 (hCoV-19_Wales_PHWC-2B421_2020_EPI_ISL_445709_2020-04-10)
Align target 230 (hCoV-19_Saudi_Arabia_KAUST-MADINAH264_2020_EPI_ISL_437747_2020-04-20)
Align target 231 (hCoV-19_England_20109047604_2020_EPI_ISL_464568_2020-03-07)
Align target 232 (hCoV-19_USA_IL-NM061_2020_EPI_ISL_444557_2020-03-18)
Align target 233 (hCoV-19_Portugal_IGC00010_2020_EPI_ISL_419387)
Align target 234 (hCoV-19_England_CAMB-782A3_2020_EPI_ISL_433711_2020-04-04)
Align target 235 (hCoV-19_England_CAMB-7DA97_2020_EPI_ISL_441677_2020-04-06)
Align target 236 (hCoV-19_England_BRIS-12240B_2020_EPI_ISL_440657_2020-04-04)
Align target 237 (hCoV-19_India_CCMB_L1024_2020_EPI_ISL_458048_2020-05-11)
Align target 238 (hCoV-19_Australia_VIC1581_2020_EPI_ISL_456500_2020-05-05)
Align target 239 (hCoV-19_USA_IL-NM062_2020_EPI_ISL_444558_2020-03-18)
Align target 240 (hCoV-19_Wales_PHWC-29E43_2020_EPI_ISL_432194_2020-04-04)
Align target 241 (hCoV-19_Singapore_71_2020_EPI_ISL_428850)
Align target 242 (hCoV-19_Wales_PHWC-3191A_2020_EPI_ISL_446504_2020-04-11)
Align target 243 (hCoV-19_Jiujiang_JX22_2020_EPI_ISL_421237)
Align target 244 (hCoV-19_USA_WI-196_2020_EPI_ISL_428292)
Align target 245 (hCoV-19_Australia_VIC731_2020_EPI_ISL_427010)
Align target 246 (hCoV-19_Chile_Puerto_Montt_2_2020_EPI_ISL_445334_2020-03-29)
Align target 247 (hCoV-19_England_201080113_2020_EPI_ISL_464470_2020-03-05)
Align target 248 (hCoV-19_Taiwan_NTU13_2020_EPI_ISL_422415)
Align target 249 (hCoV-19_England_NOTT-10F2EC_2020_EPI_ISL_432989_2020-04-01)
Align target 250 (hCoV-19_Scotland_EDB5087_2020_EPI_ISL_456963_2020-04-25)
Align target 251 (hCoV-19_Belgium_DA-030691_2020_EPI_ISL_420347)
Align target 252 (hCoV-19_Portugal_PT0144_2020_EPI_ISL_453860_2020-03-27)
Align target 253 (hCoV-19_Netherlands_ZuidHolland_96_2020_EPI_ISL_422632)
Align target 254 (hCoV-19_England_CAMB-1AF688_2020_EPI_ISL_448090_2020-05-07)
Align target 255 (hCoV-19_Iceland_535_2020_EPI_ISL_424555)
Align target 256 (hCoV-19_England_20134078004_2020_EPI_ISL_423172)
Align target 257 (hCoV-19_Australia_VIC1705_2020_EPI_ISL_456613_2020-05-15)
Align target 258 (hCoV-19_Luxembourg_LNS8815434_2020_EPI_ISL_429795)
Align target 259 (hCoV-19_Belgium_ITM_C067_2020_EPI_ISL_450725_2020-03-26)
Align target 260 (hCoV-19_England_20212010104_2020_EPI_ISL_465673_2020-05-18)
Align target 261 (hCoV-19_Wales_PHWC-29098_2020_EPI_ISL_445476_2020-04-03)
Align target 262 (hCoV-19_England_EXET-135DCE_2020_EPI_ISL_457167_2020-03-29)
Align target 263 (hCoV-19_USA_LA-BIE-093_2020_EPI_ISL_436960_2020-04-05)
Align target 264 (hCoV-19_Iceland_568_2020_EPI_ISL_424588)
Align target 265 (hCoV-19_USA_FL-BPHL-0106_2020_EPI_ISL_445048_2020-04-29)
Align target 266 (hCoV-19_USA_ID-UW-4307_2020_EPI_ISL_430942_2020-03-31)
Align target 267 (hCoV-19_Guangdong_FS-S48-P0047_2020_EPI_ISL_413870)
Align target 268 (hCoV-19_Wales_PHWC-29238_2020_EPI_ISL_445498_2020-04-02)
Align target 269 (hCoV-19_Australia_NSW91_2020_EPI_ISL_427712)
Align target 270 (hCoV-19_Belgium_QKJ-03015_2020_EPI_ISL_415158)
Align target 271 (hCoV-19_England_BRIS-128E8F_2020_EPI_ISL_458737_2020-04-18)
Align target 272 (hCoV-19_England_SHEF-CF322_2020_EPI_ISL_432587_2020-03-30)
Align target 273 (hCoV-19_Korea_KCDC2018_2020_EPI_ISL_427812)
Align target 274 (hCoV-19_USA_WA9-UW6_2020_EPI_ISL_413487)
Align target 275 (hCoV-19_England_CAMB-734EE_2020_EPI_ISL_440007_2020-03-21)
Align target 276 (hCoV-19_England_BRIS-1295F2_2020_EPI_ISL_458764_2020-04-20)
Align target 277 (hCoV-19_Spain_COV001536_2020_EPI_ISL_467140_2020-03-16)
Align target 278 (hCoV-19_England_CAMB-7A0A7_2020_EPI_ISL_441346_2020-04-02)
Align target 279 (hCoV-19_Wales_PHWC-2B904_2020_EPI_ISL_445780_2020-04-08)
Align target 280 (hCoV-19_USA_VA-DCLS-0206_2020_EPI_ISL_437421_2020-04-08)
Align target 281 (hCoV-19_Wales_PHWC-30C4F_2020_EPI_ISL_446341_2020-04-11)
Align target 282 (hCoV-19_Ghana_1513_S1_2020_EPI_ISL_422382)
Align target 283 (hCoV-19_Canada_Qc-L00240666_2020_EPI_ISL_465682_2020-03-27)
Align target 284 (hCoV-19_Netherlands_NoordHolland_10006_2020_EPI_ISL_454755_2020-03-03)
Align target 285 (hCoV-19_Wales_PHWC-30CF4_2020_EPI_ISL_446351_2020-04-11)
Align target 286 (hCoV-19_England_CAMB-758A4_2020_EPI_ISL_440351_2020-03-20)
Align target 287 (hCoV-19_England_CAMB-78A50_2020_EPI_ISL_433809_2020-04-07)
Align target 288 (hCoV-19_Wales_PHWC-32DFF_2020_EPI_ISL_446692_2020-04-14)
Align target 289 (_hCoV-19_DRC_1423_2020__EPI_ISL_434710_2020-04-08)
Align target 290 (hCoV-19_India_NCDC-02157_2020_EPI_ISL_435073_2020-03-26)
Align target 291 (hCoV-19_Iceland_443_2020_EPI_ISL_424467)
Align target 292 (hCoV-19_Belgium_VME-0327346_2020_EPI_ISL_462200_2020-03-27)
Align target 293 (hCoV-19_Saudi_Arabia_KAUST-Makkah03_2020_EPI_ISL_437459_2020-03-23)
Align target 294 (hCoV-19_India_GBRC160a_2020_EPI_ISL_461491_2020-05-27)
Align target 295 (hCoV-19_Belgium_ULG-10035_2020_EPI_ISL_427343)
Align target 296 (hCoV-19_Australia_VIC709_2020_EPI_ISL_426996)
Align target 297 (hCoV-19_Iran_KHGRC-3-2178_2020_EPI_ISL_445088_2020-03-26)
Align target 298 (hCoV-19_Canada_QC_AE8_2020_EPI_ISL_463907_2020-04-07)
Align target 299 (hCoV-19_Israel_2086012_2020_EPI_ISL_447379_2020-04-01)
Align target 300 (hCoV-19_England_CAMB-74122_2020_EPI_ISL_440327_2020-03-20)
Align target 301 (hCoV-19_England_LIVE-9E4A1_2020_EPI_ISL_453304_2020-04-04)
Align target 302 (hCoV-19_England_NORW-E7852_2020_EPI_ISL_449076_2020-05-06)
Align target 303 (hCoV-19_Switzerland_101185_2020_EPI_ISL_451847_2020-03-31)
Align target 304 (hCoV-19_Spain_IrsiCaixa-sp142_2020__EPI_ISL_462448_2020-03-24)
Align target 305 (hCoV-19_Iceland_3_2020_EPI_ISL_417694)
Align target 306 (hCoV-19_Australia_VIC1157_2020_EPI_ISL_430598)
Align target 307 (hCoV-19_England_SHEF-CA0D5_2020_EPI_ISL_432482_2020-04-02)
Align target 308 (hCoV-19_Wales_PHWC-293AE_2020_EPI_ISL_445515_2020-04-03)
Align target 309 (hCoV-19_Turkey_HSGM-5602_2020_EPI_ISL_428714)
Align target 310 (hCoV-19_Wales_PHWC-26D58_2020_EPI_ISL_422035)
Align target 311 (hCoV-19_England_NORT-28945C_2020_EPI_ISL_458667_2020-03-29)
Align target 312 (hCoV-19_Wales_PHWC-27E27_2020_EPI_ISL_432130_2020-03-24)
Align target 313 (hCoV-19_England_CAMB-72F57_2020_EPI_ISL_440188_2020-03-22)
Align target 314 (hCoV-19_Spain_Valencia179_2020_EPI_ISL_436274_2020-03-21)
Align target 315 (hCoV-19_Scotland_EDB704_2020_EPI_ISL_457015_2020-04-01)
Align target 316 (hCoV-19_Netherlands_Zeeland_37_2020_EPI_ISL_461276_2020-04-29)
Align target 317 (hCoV-19_England_SHEF-C668C_2020_EPI_ISL_432823_2020-04-15)
Align target 318 (hCoV-19_England_201121158_2020_EPI_ISL_464688_2020-03-08)
Align target 319 (hCoV-19_USA_NY-PV09021_2020_EPI_ISL_421596)
Align target 320 (hCoV-19_England_BRIS-122F28_2020_EPI_ISL_440766_2020-04-03)
Align target 321 (hCoV-19_Luxembourg_LNS3877212_2020_EPI_ISL_459897_2020-04-17)
Align target 322 (hCoV-19_Denmark_ALAB-SSI423_2020_EPI_ISL_429520)
Align target 323 (hCoV-19_England_CAMB-7F28E_2020_EPI_ISL_442868_2020-04-08)
Align target 324 (hCoV-19_Australia_VPRL005_2020_EPI_ISL_455597_2020-04-02)
Align target 325 (hCoV-19_England_NORW-E93F5_2020_EPI_ISL_448310_2020-04-22)
Align target 326 (hCoV-19_Bangladesh_BCSIR-NILMRC_083_2020_EPI_ISL_464161_2020-06-01)
Align target 327 (hCoV-19_Singapore_274_2020_EPI_ISL_462392_2020-03-21)
Align target 328 (hCoV-19_England_SHEF-D3482_2020_EPI_ISL_442521_2020-03-24)
Align target 329 (hCoV-19_Scotland_EDB1832_2020_EPI_ISL_433152_2020-04-16)
Align target 330 (hCoV-19_Scotland_EDB4455_2020_EPI_ISL_461712_2020-05-05)
Align target 331 (hCoV-19_Israel_990333189_2020_EPI_ISL_447261_2020-03-26)
Align target 332 (hCoV-19_England_SHEF-CB906_2020_EPI_ISL_442393_2020-04-09)
Align target 333 (hCoV-19_England_CAMB-720FA_2020_EPI_ISL_439546_2020-03-28)
Align target 334 (hCoV-19_England_201380025_2020_EPI_ISL_421795)
Align target 335 (hCoV-19_England_CAMB-7E683_2020_EPI_ISL_442543_2020-04-07)
Align target 336 (hCoV-19_USA_FL-BPHL-0073_2020_EPI_ISL_445016_2020-04-21)
Align target 337 (hCoV-19_Denmark_ALAB-SSI-852_2020_EPI_ISL_444941_2020-03-29)
Align target 338 (hCoV-19_France_HF1871_2020_EPI_ISL_414630)
Align target 339 (hCoV-19_England_CAMB-1AC14E_2020_EPI_ISL_444376_2020-04-29)
Align target 340 (hCoV-19_India_GBRC148a_2020_EPI_ISL_458109_2020-05-17)
Align target 341 (hCoV-19_England_LIVE-9A0ED_2020_EPI_ISL_439845_2020-04-17)
Align target 342 (hCoV-19_England_20138026204_2020_EPI_ISL_423312)
Align target 343 (hCoV-19_England_OXON-AE532_2020_EPI_ISL_448700_2020)
Align target 344 (hCoV-19_Russia_StPetersburg_RII4307V_2020_EPI_ISL_427308)
Align target 345 (hCoV-19_Indonesia_JKT-EIJK01_2020_EPI_ISL_437189_2020-03-26)
Align target 346 (hCoV-19_England_BRIS-125DC1_2020_EPI_ISL_443756_2020-03-30)
Align target 347 (hCoV-19_England_CAMB-81896_2020_EPI_ISL_443094_2020-04-12)
Align target 348 (hCoV-19_USA_WA-S641_2020_EPI_ISL_438194_2020-04-18)
Align target 349 (hCoV-19_Netherlands_NoordBrabant_135_2020_EPI_ISL_461170_2020)
Align target 350 (hCoV-19_Singapore_180_2020_EPI_ISL_462298_2020-03-21)
Align target 351 (hCoV-19_England_NOTT-10E6A5_2020_EPI_ISL_425579)
Align target 352 (hCoV-19_USA_FL-BPHL-040_2020_EPI_ISL_436544_2020-04-17)
Align target 353 (hCoV-19_England_NOTT-1114F0_2020_EPI_ISL_457575_2020-05-01)
Align target 354 (hCoV-19_Wuhan_HB-WH2-168_2020_EPI_ISL_454934_2020-02-11)
Align target 355 (hCoV-19_USA_NY-NYUMC791_2020_EPI_ISL_456066_2020-03-26)
Align target 356 (hCoV-19_Wales_PHWC-264F9_2020_EPI_ISL_422375)
Align target 357 (hCoV-19_Denmark_ALAB-SSI167_2020_EPI_ISL_429381)
Align target 358 (hCoV-19_USA_WI-GMF-00557_2020_EPI_ISL_422459)
Align target 359 (hCoV-19_USA_WA-UW-3900_2020_EPI_ISL_427204)
Align target 360 (hCoV-19_England_BIRM-5F58B_2020_EPI_ISL_461516_2020)
Align target 361 (hCoV-19_England_BRIS-126E36_2020_EPI_ISL_459004_2020-04-08)
Align target 362 (hCoV-19_England_CAMB-7721D_2020_EPI_ISL_439395_2020-03-31)
Align target 363 (hCoV-19_England_20108152604_2020_EPI_ISL_464486_2020-03-03)
Align target 364 (hCoV-19_USA_WA-UW188_2020_EPI_ISL_416726)
Align target 365 (hCoV-19_England_20144074404_2020_EPI_ISL_423562)
Align target 366 (hCoV-19_England_CAMB-7B000_2020_EPI_ISL_433905_2020-04-10)
Align target 367 (hCoV-19_Austria_CeMM0163_2020_EPI_ISL_438009_2020-03-06)
Align target 368 (hCoV-19_England_20119063104_2020_EPI_ISL_465086_2020-03-13)
Align target 369 (hCoV-19_Poland_IHG_PAS_1_77_2020_EPI_ISL_450338_2020-04-11)
Align target 370 (hCoV-19_USA_MN43-MDH43_2020_EPI_ISL_417479)
Align target 371 (hCoV-19_USA_NY-NYUMC478_2020_EPI_ISL_435543_2020-04-22)
Align target 372 (hCoV-19_England_CAMB-75CE4_2020_EPI_ISL_438292_2020-03-29)
Align target 373 (hCoV-19_Greece_151_2020_EPI_ISL_434486_2020-03-13)
Align target 374 (hCoV-19_Wuhan_HB-WH1-126_2020_EPI_ISL_454907_2020-03-02)
Align target 375 (hCoV-19_England_CAMB-8207F_2020_EPI_ISL_438615_2020-04-21)
Align target 376 (hCoV-19_Hangzhou_ZJU-01_2020_EPI_ISL_415709)
Align target 377 (hCoV-19_Scotland_EDB3869_2020_EPI_ISL_439347_2020-04-30)
Align target 378 (hCoV-19_England_20148006204_2020_EPI_ISL_466052_2020-03-31)
Align target 379 (hCoV-19_Wales_PHWC-27A6F_2020_EPI_ISL_431943_2020-03-30)
Align target 380 (hCoV-19_England_201160756_2020_EPI_ISL_464803_2020-03-11)
Align target 381 (hCoV-19_England_CAMB-847C3_2020_EPI_ISL_440494_2020-03-02)
Align target 382 (hCoV-19_Canada_QC_AY1_2020_EPI_ISL_463954_2020-04-12)
Align target 383 (hCoV-19_Kazakhstan_21927_2020_EPI_ISL_454503_2020-04-22)
Align target 384 (hCoV-19_England_20146006604_2020_EPI_ISL_421970)
Align target 385 (hCoV-19_England_SHEF-CF340_2020_EPI_ISL_432588_2020-03-28)
Align target 386 (hCoV-19_Netherlands_Zeeland_10_2020_EPI_ISL_461248_2020-03-24)
Align target 387 (hCoV-19_Scotland_EDB2605_2020_EPI_ISL_439238_2020-04-25)
Align target 388 (hCoV-19_USA_CA-CZBRR057IX00076_2020_EPI_ISL_429057)
Align target 389 (hCoV-19_USA_MI-MDHHS-SC20354_2020_EPI_ISL_450633_2020-03-30)
Align target 390 (hCoV-19_USA_WA-UW95_2020_EPI_ISL_416451)
Align target 391 (hCoV-19_Switzerland_130005_2020_EPI_ISL_467001_2020-05-06)
Align target 392 (hCoV-19_Scotland_CVR2920_2020_EPI_ISL_461589_2020-04-21)
Align target 393 (hCoV-19_England_NOTT-10F255_2020_EPI_ISL_432981_2020-04-01)
Align target 394 (hCoV-19_Scotland_EDB5184_2020_EPI_ISL_456985_2020-05-19)
Align target 395 (hCoV-19_Belgium_20A55_2020_EPI_ISL_452152_2020-04-20)
Align target 396 (hCoV-19_Netherlands_NA_329_2020_EPI_ISL_455134_2020-04-03)
Align target 397 (hCoV-19_USA_WI-255_2020_EPI_ISL_428729)
Align target 398 (hCoV-19_Belgium_UGent-68_2020_EPI_ISL_451179_2020-04-09)
Align target 399 (hCoV-19_Netherlands_Limburg_36_2020_EPI_ISL_461024_2020-04-22)
Computing global alignment... done.
