Align target 0 (hCoV-19_Chile_Temuco_10_2020_EPI_ISL_445344_2020-03-26)
Align target 1 (hCoV-19_USA_MI-MDHHS-SC20022_2020_EPI_ISL_437109_2020-03-16)
Align target 2 (hCoV-19_Canada_BC_21480617_2020_EPI_ISL_462818_2020-03)
Align target 3 (hCoV-19_England_20172001904_2020_EPI_ISL_465317_2020-04-21)
Align target 4 (hCoV-19_England_20149038204_2020_EPI_ISL_466189_2020-04-03)
Align target 5 (hCoV-19_USA_UT-QDX-119_2020_EPI_ISL_467910_2020-03-13)
Align target 6 (hCoV-19_USA_WA-S734_2020_EPI_ISL_449904_2020-04-13)
Align target 7 (hCoV-19_Spain_COV001360_2020_EPI_ISL_452541_2020-03-10)
Align target 8 (hCoV-19_Bangladesh_BARJ_CVASU_CTG_511_2020_EPI_ISL_450343_2020-05-09)
Align target 9 (hCoV-19_USA_NY-NYUMC79_2020_EPI_ISL_421580)
Align target 10 (hCoV-19_France_IDF5577_2020_EPI_ISL_443303_2020-04-09)
Align target 11 (hCoV-19_USA_WA-S998_2020_EPI_ISL_463488_2020-04-28)
Align target 12 (hCoV-19_England_OXON-AEB21_2020_EPI_ISL_448758_2020)
Align target 13 (hCoV-19_Denmark_ALAB-SSI405_2020_EPI_ISL_429499)
Align target 14 (hCoV-19_Australia_NSW123_2020_EPI_ISL_427780)
Align target 15 (hCoV-19_Oman_RESP-20-797_2020_EPI_ISL_457701_2020-02-23)
Align target 16 (hCoV-19_USA_LA-SR0287_2020_EPI_ISL_445142_2020-04-01)
Align target 17 (hCoV-19_Netherlands_NA_399_2020_EPI_ISL_455201_2020)
Align target 18 (hCoV-19_Scotland_CVR2033_2020_EPI_ISL_438871_2020-04-09)
Align target 19 (hCoV-19_England_CAMB-1B151D_2020_EPI_ISL_458575_2020-05-06)
Align target 20 (hCoV-19_England_CAMB-75C7B_2020_EPI_ISL_438301_2020-03-30)
Align target 21 (hCoV-19_England_20144000104_2020_EPI_ISL_465971_2020-03-31)
Align target 22 (hCoV-19_Scotland_EDB4661_2020_EPI_ISL_449318_2020-05-08)
Align target 23 (hCoV-19_Sweden_20-08071_2020_EPI_ISL_454448_2020-03-03)
Align target 24 (hCoV-19_India_GBRC46_2020_EPI_ISL_444477_2020-04-29)
Align target 25 (hCoV-19_England_SHEF-C7FBD_2020_EPI_ISL_453725_2020-04-22)
Align target 26 (hCoV-19_Netherlands_NA_30_2020_EPI_ISL_415487)
Align target 27 (hCoV-19_Spain_COV001958_2020_EPI_ISL_452423_2020-03-13)
Align target 28 (hCoV-19_USA_UF-3_2020_EPI_ISL_434677_2020-03-25)
Align target 29 (hCoV-19_USA_UT-00352_2020_EPI_ISL_449805_2020-03-27)
Align target 30 (hCoV-19_England_20118060704_2020_EPI_ISL_464934_2020-03-13)
Align target 31 (hCoV-19_USA_WA-S517_2020_EPI_ISL_434277_2020-03-24)
Align target 32 (hCoV-19_Kenya_P225_2020_EPI_ISL_457873_2020-04)
Align target 33 (hCoV-19_Saudi_Arabia_KAUST-MAKKAH231_2020_EPI_ISL_437727_2020-04-16)
Align target 34 (hCoV-19_England_CAMB-82EB1_2020_EPI_ISL_443322_2020-04-12)
Align target 35 (hCoV-19_England_201021560_2020_EPI_ISL_464297_2020-03-03)
Align target 36 (hCoV-19_Canada_BC_12246693_2020_EPI_ISL_467333_2020-04)
Align target 37 (hCoV-19_England_20099068804_2020_EPI_ISL_464213_2020-02-29)
Align target 38 (hCoV-19_Israel_51146503_2020_EPI_ISL_447313_2020-04-05)
Align target 39 (hCoV-19_Australia_NSW272_2020_EPI_ISL_451537_2020-04-04)
Align target 40 (hCoV-19_USA_MI-MDHHS-SC20043_2020_EPI_ISL_437130_2020-03-19)
Align target 41 (hCoV-19_Guangzhou_GZMU0052_2020_EPI_ISL_429097)
Align target 42 (hCoV-19_USA_NY-PV09165_2020_EPI_ISL_422529)
Align target 43 (hCoV-19_Brazil_RJ-2868_2020_EPI_ISL_467371_2020-04-28)
Align target 44 (hCoV-19_England_20134084004_2020_EPI_ISL_465814_2020-03-25)
Align target 45 (hCoV-19_Scotland_EDB3658_2020_EPI_ISL_439309_2020-04-28)
Align target 46 (hCoV-19_Scotland_EDB213_2020_EPI_ISL_456894_2020-03-26)
Align target 47 (hCoV-19_Belgium_rega-0423301_2020_EPI_ISL_462155_2020-04-23)
Align target 48 (hCoV-19_USA_WA-S1032_2020_EPI_ISL_463522_2020-05-01)
Align target 49 (hCoV-19_England_CAMB-1B0754_2020_EPI_ISL_452918_2020-05-07)
Align target 50 (hCoV-19_England_20156001404_2020_EPI_ISL_466281_2020-04-07)
Align target 51 (hCoV-19_Wuhan_HB-WH1-129_2020_EPI_ISL_455364_2020-03-02)
Align target 52 (hCoV-19_England_20144023604_2020_EPI_ISL_465996_2020-03-26)
Align target 53 (hCoV-19_Scotland_CVR3107_2020_EPI_ISL_461680_2020-04-25)
Align target 54 (hCoV-19_England_SHEF-C5A45_2020_EPI_ISL_441980_2020-04-12)
Align target 55 (hCoV-19_Scotland_EDB4990_2020_EPI_ISL_453176_2020-05-15)
Align target 56 (hCoV-19_Belgium_HL-030771_2020_EPI_ISL_420327)
Align target 57 (hCoV-19_England_CAMB-1AC339_2020_EPI_ISL_447950_2020-05-01)
Align target 58 (hCoV-19_England_20142006204_2020_EPI_ISL_423427)
Align target 59 (hCoV-19_New_Zealand_20VR1597_2020_EPI_ISL_456224_2020-03-24)
Align target 60 (hCoV-19_USA_CA-CZB-1238_2020_EPI_ISL_454658_2020-04-11)
Align target 61 (hCoV-19_England_LOND-D55E7_2020_EPI_ISL_449703_2020-04-16)
Align target 62 (hCoV-19_USA_MD-HP068_2020_EPI_ISL_438227_2020-03-14)
Align target 63 (hCoV-19_Spain_COV002048_2020_EPI_ISL_452379_2020-03-16)
Align target 64 (hCoV-19_Wales_PHWC-2EC17_2020_EPI_ISL_446128_2020-04-07)
Align target 65 (hCoV-19_Netherlands_ZuidHolland_224_2020_EPI_ISL_461396_2020-05-12)
Align target 66 (hCoV-19_Israel_13077494_2020_EPI_ISL_447437_2020-04-02)
Align target 67 (hCoV-19_England_20144014704_2020_EPI_ISL_421936)
Align target 68 (hCoV-19_England_CAMB-77198_2020_EPI_ISL_438536_2020-04-01)
Align target 69 (hCoV-19_Canada_BC_19421714_2020_EPI_ISL_462761_2020-03)
Align target 70 (hCoV-19_South_Africa_KRISP-0041_2020_EPI_ISL_467443_2020-03-25)
Align target 71 (hCoV-19_England_NOTT-111108_2020_EPI_ISL_453630_2020-05-02)
Align target 72 (hCoV-19_England_201590102_2020_EPI_ISL_466372_2020-04-11)
Align target 73 (hCoV-19_DRC_3768_2020_EPI_ISL_447239_2020-04-24)
Align target 74 (hCoV-19_USA_CA-CZB-1196_2020_EPI_ISL_450445_2020-03-30)
Align target 75 (hCoV-19_England_NOTT-110075_2020_EPI_ISL_441464_2020-04-14)
Align target 76 (hCoV-19_USA_MA-MGH-00208_2020_EPI_ISL_460108_2020-03-27)
Align target 77 (hCoV-19_India_CCMB_L988_2020_EPI_ISL_458064_2020-05-11)
Align target 78 (hCoV-19_USA_TX-HMH0289_2020_EPI_ISL_434915_2020-03-27)
Align target 79 (hCoV-19_England_20109008804_2020_EPI_ISL_464536_2020-03-05)
Align target 80 (hCoV-19_Wuhan_WHUH011_2020_EPI_ISL_449484_2020-01-22)
Align target 81 (hCoV-19_Canada_BC_02168448_2020_EPI_ISL_466717_2020-04)
Align target 82 (hCoV-19_United_Arab_Emirates_L0879_2020_EPI_ISL_435124_2020-03-16)
Align target 83 (hCoV-19_England_CAMB-743D1_2020_EPI_ISL_425285)
Align target 84 (hCoV-19_England_CAMB-7278C_2020_EPI_ISL_439565_2020-03-23)
Align target 85 (hCoV-19_Iceland_533_2020_EPI_ISL_424553)
Align target 86 (hCoV-19_England_SHEF-D3482_2020_EPI_ISL_442521_2020-03-24)
Align target 87 (hCoV-19_Scotland_CVR3091_2020_EPI_ISL_439032_2020-04-25)
Align target 88 (hCoV-19_Netherlands_NA_593_2020_EPI_ISL_460756_2020-04-13)
Align target 89 (hCoV-19_USA_WY-WYPHL-00037_2020_EPI_ISL_462929_2020-03-25)
Align target 90 (hCoV-19_USA_UT-0541_2020_EPI_ISL_435374_2020-03-31)
Align target 91 (hCoV-19_Scotland_CVR351_2020_EPI_ISL_439060_2020-03-22)
Align target 92 (hCoV-19_England_NORW-E9841_2020_EPI_ISL_448338_2020-04-23)
Align target 93 (hCoV-19_England_20110001507_2020_EPI_ISL_464621_2020-03-08)
Align target 94 (hCoV-19_England_CAMB-76928_2020_EPI_ISL_438256_2020-03-29)
Align target 95 (hCoV-19_Portugal_PT0043_2020_EPI_ISL_421446)
Align target 96 (hCoV-19_Wales_PHWC-3077B_2020_EPI_ISL_446275_2020-04-08)
Align target 97 (hCoV-19_England_CAMB-760AB_2020_EPI_ISL_439432_2020-03-30)
Align target 98 (hCoV-19_Belgium_UGent-15_2020_EPI_ISL_425056)
Align target 99 (hCoV-19_USA_WA-UW271_2020_EPI_ISL_418056)
Align target 100 (hCoV-19_USA_MN43-MDH43_2020_EPI_ISL_417479)
Align target 101 (hCoV-19_Wales_PHWC-2EDBA_2020_EPI_ISL_446153_2020-04-07)
Align target 102 (hCoV-19_England_SHEF-C18F4_2020_EPI_ISL_441913_2020-04-11)
Align target 103 (hCoV-19_England_20142062204_2020_EPI_ISL_420773)
Align target 104 (hCoV-19_England_BRIS-1232F1_2020_EPI_ISL_442705_2020-04-05)
Align target 105 (hCoV-19_Portugal_PT0162_2020_EPI_ISL_453878_2020-03-28)
Align target 106 (hCoV-19_Spain_Valencia194_2020_EPI_ISL_436289_2020-03-23)
Align target 107 (hCoV-19_Brazil_CV48_2020_EPI_ISL_429701)
Align target 108 (hCoV-19_Belgium_Rega-0331263_2020_EPI_ISL_458233_2020-03-31)
Align target 109 (hCoV-19_England_20149053704_2020_EPI_ISL_466211_2020-04-04)
Align target 110 (hCoV-19_India_GBRC147_2020_EPI_ISL_458108_2020-05-16)
Align target 111 (hCoV-19_USA_NY-NYUMC646_2020_EPI_ISL_444763_2020-04-03)
Align target 112 (hCoV-19_Switzerland_101143_2020_EPI_ISL_451810_2020-03-31)
Align target 113 (hCoV-19_England_20140009904_2020_EPI_ISL_465879_2020-03-29)
Align target 114 (hCoV-19_USA_MI-MDHHS-SC20387_2020_EPI_ISL_450598_2020-03-26)
Align target 115 (hCoV-19_Scotland_EDB3569_2020_EPI_ISL_439289_2020-04-27)
Align target 116 (hCoV-19_Portugal_PT0454_2020_EPI_ISL_454178_2020-04-17)
Align target 117 (hCoV-19_England_CAMB-79767_2020_EPI_ISL_441143_2020-04-02)
Align target 118 (hCoV-19_Belgium_ULG-10191_2020_EPI_ISL_455979_2020-5-11)
Align target 119 (hCoV-19_Spain_Valencia175_2020_EPI_ISL_436270_2020-03-20)
Align target 120 (hCoV-19_England_OXON-ACBAB_2020_EPI_ISL_448515_2020-04-06)
Align target 121 (hCoV-19_England_LOND-D6A6F_2020_EPI_ISL_461765_2020-04-23)
Align target 122 (hCoV-19_USA_NY-NYUMC472_2020_EPI_ISL_435537_2020-04-20)
Align target 123 (hCoV-19_New_Zealand_20VR1114_2020_EPI_ISL_456192_2020-03-20)
Align target 124 (hCoV-19_Netherlands_NA_477_2020_EPI_ISL_455279_2020-04-14)
Align target 125 (hCoV-19_England_CAMB-7DFB6_2020_EPI_ISL_442203_2020-04-07)
Align target 126 (hCoV-19_England_20140009802_2020_EPI_ISL_423388)
Align target 127 (hCoV-19_USA_WY-WYPHL008_2020_EPI_ISL_421545)
Align target 128 (hCoV-19_Wales_PHWC-2ACEE_2020_EPI_ISL_445692_2020-04-05)
Align target 129 (hCoV-19_France_B5465_2020_EPI_ISL_443283_2020-03-23)
Align target 130 (hCoV-19_Austria_CeMM0216_2020_EPI_ISL_438050_2020-03-16)
Align target 131 (hCoV-19_DK_ALAB-SSI-811_2020_EPI_ISL_437673_2020-03-30)
Align target 132 (hCoV-19_Scotland_CVR1675_2020_EPI_ISL_433649_2020-04-05)
Align target 133 (hCoV-19_England_201090022_2020_EPI_ISL_464502_2020-03-03)
Align target 134 (hCoV-19_England_NOTT-111A67_2020_EPI_ISL_461955_2020-05-26)
Align target 135 (hCoV-19_England_NORW-EA734_2020_EPI_ISL_461862_2020-05-21)
Align target 136 (hCoV-19_Scotland_CVR2641_2020_EPI_ISL_453065_2020-04-16)
Align target 137 (hCoV-19_England_20108004702_2020_EPI_ISL_417250)
Align target 138 (hCoV-19_Portugal_PT0607_2020_EPI_ISL_454330_2020-03-13)
Align target 139 (hCoV-19_England_CAMB-81E85_2020_EPI_ISL_438587_2020-04-22)
Align target 140 (hCoV-19_USA_WA-UW322_2020_EPI_ISL_418889)
Align target 141 (hCoV-19_Wales_PHWC-2EA4A_2020_EPI_ISL_446103_2020-04-07)
Align target 142 (hCoV-19_USA_NY-NYUMC511_2020_EPI_ISL_444628_2020-03-30)
Align target 143 (hCoV-19_Scotland_CVR3386_2020_EPI_ISL_456814_2020-05-07)
Align target 144 (hCoV-19_India_NCDC-01638_2020_EPI_ISL_435109_2020-03-17)
Align target 145 (hCoV-19_USA_WI-70_2020_EPI_ISL_421328)
Align target 146 (hCoV-19_England_BRIS-1298EA_2020_EPI_ISL_458433_2020-03-31)
Align target 147 (hCoV-19_USA_NY-NYUMC160_2020_EPI_ISL_424967)
Align target 148 (hCoV-19_England_OXON-AEC97_2020_EPI_ISL_448776_2020-04-08)
Align target 149 (hCoV-19_England_OXON-AF2A3_2020_EPI_ISL_448822_2020-03-24)
Align target 150 (hCoV-19_USA_MDH-9483_2020_EPI_ISL_454435_2020-03-16)
Align target 151 (hCoV-19_England_CAMB-75367_2020_EPI_ISL_440382_2020-03-16)
Align target 152 (hCoV-19_Singapore_2_2020_EPI_ISL_407987)
Align target 153 (hCoV-19_Scotland_EDB3977_2020_EPI_ISL_449269_2020-05-03)
Align target 154 (hCoV-19_Netherlands_Gelderland_47_2020_EPI_ISL_460947_2020-04-22)
Align target 155 (hCoV-19_England_CAMB-837B5_2020_EPI_ISL_443572_2020-04-15)
Align target 156 (hCoV-19_Wales_PHWC-32FCC_2020_EPI_ISL_446720_2020-04-13)
Align target 157 (hCoV-19_USA_WA-S337_2020_EPI_ISL_434097_2020-04-01)
Align target 158 (hCoV-19_USA_NY-PV09348_2020_EPI_ISL_450036_2020-03-24)
Align target 159 (hCoV-19_Netherlands_NA_460_2020_EPI_ISL_455262_2020)
Align target 160 (hCoV-19_Sweden_20-06468_2020_EPI_ISL_434655_2020-03-25)
Align target 161 (hCoV-19_Portugal_PT0443_2020_EPI_ISL_454167_2020-03-23)
Align target 162 (hCoV-19_Canada_BC_06802412_2020_EPI_ISL_466805_2020-04)
Align target 163 (hCoV-19_USA_WA-UW-5617_2020_EPI_ISL_430911_2020-04-08)
Align target 164 (hCoV-19_USA_CA-SCCPHD-UC163_2020_EPI_ISL_435642_2020-03-12)
Align target 165 (hCoV-19_USA_WA-S428_2020_EPI_ISL_434188_2020-03-28)
Align target 166 (hCoV-19_Chile_Santiago_36_2020_EPI_ISL_445315_2020-03-19)
Align target 167 (hCoV-19_Australia_NSW528_2020_EPI_ISL_455067_2020-03-19)
Align target 168 (hCoV-19_USA_CA-CZB-1016_2020_EPI_ISL_436657_2020-04-09)
Align target 169 (hCoV-19_New_Zealand_20VR3003_2020_EPI_ISL_456395_2020-04-25)
Align target 170 (hCoV-19_England_CAMB-734A2_2020_EPI_ISL_440202_2020-03-22)
Align target 171 (hCoV-19_Czech_Republic_Seq5_2020_EPI_ISL_426358)
Align target 172 (hCoV-19_USA_WA-S704_2020_EPI_ISL_449874_2020-04-09)
Align target 173 (hCoV-19_France_ARA10282_2020_EPI_ISL_418428)
Align target 174 (hCoV-19_Singapore_284_2020_EPI_ISL_462402_2020-04-09)
Align target 175 (hCoV-19_USA_WA-UW22_2020_EPI_ISL_414591)
Align target 176 (hCoV-19_England_CAMB-7F181_2020_EPI_ISL_442833_2020-04-08)
Align target 177 (hCoV-19_England_201380283_2020_EPI_ISL_421831)
Align target 178 (hCoV-19_England_OXON-AEB7C_2020_EPI_ISL_448762_2020)
Align target 179 (hCoV-19_USA_ID-UW-2255_2020_EPI_ISL_426063)
Align target 180 (hCoV-19_England_CAMB-82E48_2020_EPI_ISL_443389_2020-04-14)
Align target 181 (hCoV-19_Belgium_DAL-030650_2020_EPI_ISL_420446)
Align target 182 (hCoV-19_England_BRIS-12A209_2020_EPI_ISL_458456_2020-04-16)
Align target 183 (hCoV-19_England_NORT-2895FF_2020_EPI_ISL_453504_2020-03-31)
Align target 184 (hCoV-19_England_SHEF-CC9E7_2020_EPI_ISL_457657_2020-05-02)
Align target 185 (hCoV-19_Scotland_GCVR-17128B_2020_EPI_ISL_459638_2020-03-26)
Align target 186 (hCoV-19_England_SHEF-C0664_2020_EPI_ISL_420236)
Align target 187 (hCoV-19_India_GBRC59_2020_EPI_ISL_447034_2020-05-03)
Align target 188 (hCoV-19_Spain_COV001118_2020_EPI_ISL_452583_2020-03-27)
Align target 189 (hCoV-19_England_BIRM-5F363_2020_EPI_ISL_456672_2020-05-03)
Align target 190 (hCoV-19_Guangdong_20SF602_2020_EPI_ISL_428464)
Align target 191 (hCoV-19_England_CAMB-7B64A_2020_EPI_ISL_441122_2020-04-03)
Align target 192 (hCoV-19_USA_MA-MGH-00426_2020_EPI_ISL_460103_2020-03-07)
Align target 193 (hCoV-19_USA_VA-DCLS-0036_2020_EPI_ISL_420020)
Align target 194 (hCoV-19_Wales_PHWC-27971_2020_EPI_ISL_432289_2020-04-01)
Align target 195 (hCoV-19_England_20088028304_2020_EPI_ISL_464180_2020-02-20)
Align target 196 (hCoV-19_Wales_PHWC-32B9B_2020_EPI_ISL_446659_2020-04-15)
Align target 197 (hCoV-19_USA_UT-00018_2020_EPI_ISL_418961)
Align target 198 (hCoV-19_England_CAMB-7F38B_2020_EPI_ISL_442859_2020-04-08)
Align target 199 (hCoV-19_Australia_VIC28_2020_EPI_ISL_419747)
Align target 200 (hCoV-19_Finland_13M19_2020_EPI_ISL_418385)
Align target 201 (hCoV-19_England_20149001204_2020_EPI_ISL_466082_2020-04-02)
Align target 202 (hCoV-19_USA_WA-UW-10131_2020_EPI_ISL_461475_2020-05-29)
Align target 203 (hCoV-19_England_SHEF-D3358_2020_EPI_ISL_442520_2020-04-13)
Align target 204 (hCoV-19_Bangladesh_DNAS_CPH_466_2020_EPI_ISL_445216_2020-04-28)
Align target 205 (hCoV-19_USA_MI-MDHHS-SC20244_2020_EPI_ISL_447214_2020-03-18)
Align target 206 (hCoV-19_Wales_PHWC-23E67_2020_EPI_ISL_418120)
Align target 207 (hCoV-19_England_CAMB-728A7_2020_EPI_ISL_439639_2020-03-22)
Align target 208 (hCoV-19_USA_NY-PV08445_2020_EPI_ISL_421396)
Align target 209 (hCoV-19_England_20142018404_2020_EPI_ISL_465926_2020-03-28)
Align target 210 (hCoV-19_Spain_Valencia89_2020_EPI_ISL_425213)
Align target 211 (hCoV-19_England_BRIS-12A227_2020_EPI_ISL_458316_2020-04-16)
Align target 212 (hCoV-19_Netherlands_NA_501_2020_EPI_ISL_460674_2020-03-24)
Align target 213 (hCov-19_USA_CT-Yale-072_2020_EPI_ISL_428400)
Align target 214 (hCoV-19_England_201061000_2020_EPI_ISL_464403_2020-03-04)
Align target 215 (hCoV-19_England_LIVE-9BFFE_2020_EPI_ISL_449500_2020-03-24)
Align target 216 (hCoV-19_England_SHEF-CD52E_2020_EPI_ISL_432547_2020-03-31)
Align target 217 (hCoV-19_USA_NY-PV09479_2020_EPI_ISL_450151_2020-03-20)
Align target 218 (hCoV-19_Belgium_SN-0331360_2020_EPI_ISL_462214_2020-03-31)
Align target 219 (hCoV-19_England_201440167_2020_EPI_ISL_465984_2020-03-30)
Align target 220 (hCoV-19_Northern_Ireland_NIRE-FB396_2020_EPI_ISL_441415_2020-03-19)
Align target 221 (hCoV-19_Australia_VIC134_2020_EPI_ISL_419827)
Align target 222 (hCoV-19_Wales_PHWC-32C98_2020_EPI_ISL_446673_2020-04-07)
Align target 223 (hCoV-19_England_20144022204_2020_EPI_ISL_465991_2020-03-29)
Align target 224 (hCoV-19_Austria_CeMM0076_2020_EPI_ISL_437944_2020-03-17)
Align target 225 (hCoV-19_Spain_COV001326_2020_EPI_ISL_452547_2020-03-23)
Align target 226 (hCoV-19_England_201080038_2020_EPI_ISL_464437_2020-03-06)
Align target 227 (hCoV-19_Scotland_GCVR-171054_2020_EPI_ISL_459656_2020-03-27)
Align target 228 (hCoV-19_England_BRIS-129237_2020_EPI_ISL_458756_2020-04-19)
Align target 229 (hCoV-19_USA_MA-MGH-00255_2020_EPI_ISL_460439_2020-04-06)
Align target 230 (hCoV-19_Wales_PHWC-29C58_2020_EPI_ISL_432292_2020-04-05)
Align target 231 (hCoV-19_England_20118176104_2020_EPI_ISL_464997_2020-03-13)
Align target 232 (hCoV-19_England_CAMB-834BE_2020_EPI_ISL_443606_2020-04-14)
Align target 233 (hCoV-19_England_BRIS-128739_2020_EPI_ISL_458881_2020-04-15)
Align target 234 (hCoV-19_USA_WA-S344_2020_EPI_ISL_434104_2020-04-02)
Align target 235 (hCoV-19_Luxembourg_LNS6137379_2020_EPI_ISL_429722)
Align target 236 (hCoV-19_USA_WA-UW-542_2020_EPI_ISL_430883_2020-03-12)
Align target 237 (hCoV-19_Iceland_452_2020_EPI_ISL_424476)
Align target 238 (hCoV-19_England_20129171604_2020_EPI_ISL_424140)
Align target 239 (hCoV-19_Wales_PHWC-23C21_2020_EPI_ISL_418100)
Align target 240 (hCoV-19_Canada_SK_52_2020_EPI_ISL_429821)
Align target 241 (hCoV-19_England_BRIS-123965_2020_EPI_ISL_442656_2020-04-07)
Align target 242 (hCoV-19_Spain_COV001975_2020_EPI_ISL_452408_2020-03-15)
Align target 243 (hCoV-19_England_EXET-135775_2020_EPI_ISL_457096_2020-04-05)
Align target 244 (hCoV-19_USA_NY-PV09497_2020_EPI_ISL_450169_2020-03-20)
Align target 245 (hCoV-19_England_CAMB-7C98C_2020_EPI_ISL_442065_2020-04-04)
Align target 246 (hCoV-19_Estonia_ChVir4312_2020_EPI_ISL_457739_2020-03)
Align target 247 (hCoV-19_Pakistan_NIH-45090_2020_EPI_ISL_468161_2020-06-02)
Align target 248 (hCoV-19_Belgium_CGP-0325334_2020_EPI_ISL_462188_2020-03-25)
Align target 249 (hCoV-19_Belgium_DBOM-030566_2020_EPI_ISL_420322)
Align target 250 (hCoV-19_Scotland_CVR1706_2020_EPI_ISL_438847_2020-04-06)
Align target 251 (hCoV-19_USA_AZ-TGEN-TG273316_2020_EPI_ISL_426568)
Align target 252 (hCoV-19_USA_VA-DCLS-0005_2020_EPI_ISL_419256)
Align target 253 (hCoV-19_England_LIVE-99752_2020_EPI_ISL_439755_2020-04-09)
Align target 254 (hCoV-19_Portugal_PT0195_2020_EPI_ISL_453911_2020-03-29)
Align target 255 (hCoV-19_England_20150032404_2020_EPI_ISL_466223_2020-04-03)
Align target 256 (hCoV-19_England_201161611_2020_EPI_ISL_464863_2020-03-11)
Align target 257 (hCoV-19_England_20138082804_2020_EPI_ISL_421837)
Align target 258 (hCoV-19_Netherlands_NA_112_2020_EPI_ISL_422660)
Align target 259 (hCoV-19_England_NORW-E8411_2020_EPI_ISL_449150_2020-04-18)
Align target 260 (hCoV-19_Scotland_CVR694_2020_EPI_ISL_433326_2020-03-25)
Align target 261 (hCoV-19_England_NORW-EAD9C_2020_EPI_ISL_457375_2020-04-29)
Align target 262 (hCoV-19_USA_LA-EVTL126_2020_EPI_ISL_451287_2020-05-07)
Align target 263 (hCoV-19_Austria_CeMM0261_2020_EPI_ISL_438090_2020-03-23)
Align target 264 (hCoV-19_England_20146015604_2020_EPI_ISL_466032_2020-03-31)
Align target 265 (hCoV-19_USA_TX-HMH0382_2020_EPI_ISL_434970_2020-04-01)
Align target 266 (hCoV-19_USA_WA-S487_2020_EPI_ISL_434247_2020-03-31)
Align target 267 (hCoV-19_England_LIVE-9ED4C_2020_EPI_ISL_453390_2020-04-04)
Align target 268 (hCoV-19_Scotland_EDB3869_2020_EPI_ISL_439347_2020-04-30)
Align target 269 (hCoV-19_Scotland_CVR3501_2020_EPI_ISL_456886_2020-05-10)
Align target 270 (hCoV-19_USA_MI-MDHHS-SC20095_2020_EPI_ISL_437182_2020-03-30)
Align target 271 (hCoV-19_USA_WA-S430_2020_EPI_ISL_434190_2020-03-25)
Align target 272 (hCoV-19_England_CAMB-1ADAD9_2020_EPI_ISL_448032_2020-05-01)
Align target 273 (hCoV-19_England_CAMB-1AA2E3_2020_EPI_ISL_443676_2020-04-17)
Align target 274 (hCoV-19_Scotland_EDB4752_2020_EPI_ISL_453147_2020-05-07)
Align target 275 (hCoV-19_India_MaxCov0033_CSIR-IGIB_2020_EPI_ISL_459935_2020-05-06)
Align target 276 (hCoV-19_England_201360215_2020_EPI_ISL_423246)
Align target 277 (hCoV-19_Australia_NSW521_2020_EPI_ISL_455061_2020-05-03)
Align target 278 (hCoV-19_USA_WI-127_2020_EPI_ISL_427434)
Align target 279 (hCoV-19_England_20166011804_2020_EPI_ISL_466528_2020-04-13)
Align target 280 (hCoV-19_Sweden_20-50055_2020_EPI_ISL_454870_2020-03-03)
Align target 281 (hCoV-19_England_SHEF-C7797_2020_EPI_ISL_432848_2020-04-06)
Align target 282 (hCoV-19_England_20132108004_2020_EPI_ISL_423847)
Align target 283 (hCoV-19_USA_VA-DCLS-0019_2020_EPI_ISL_420029)
Align target 284 (hCoV-19_England_BRIS-1292BF_2020_EPI_ISL_458813_2020-04-19)
Align target 285 (hCoV-19_USA_NY-NYUMC403_2020_EPI_ISL_430430)
Align target 286 (hCoV-19_England_20138020004_2020_EPI_ISL_423297)
Align target 287 (hCoV-19_England_NOTT-10E4BA_2020_EPI_ISL_425553)
Align target 288 (hCoV-19_Spain_COV001524_2020_EPI_ISL_467135_2020-03-19)
Align target 289 (hCoV-19_Wales_PHWC-2EF2D_2020_EPI_ISL_446176_2020-04-06)
Align target 290 (hCoV-19_Wales_PHWC-34461_2020_EPI_ISL_446924_2020-04-16)
Align target 291 (hCoV-19_Portugal_PT0354_2020_EPI_ISL_454070_2020-03-18)
Align target 292 (hCoV-19_Sweden_20-08099_2020_EPI_ISL_454470_2020-03-06)
Align target 293 (hCoV-19_Italy_TE4880_2020_EPI_ISL_418256)
Align target 294 (hCoV-19_England_EXET-135DEC_2020_EPI_ISL_457169_2020-04-09)
Align target 295 (hCoV-19_Scotland_CVR3486_2020_EPI_ISL_456877_2020-05-12)
Align target 296 (hCoV-19_England_20139018302_2020_EPI_ISL_420524)
Align target 297 (hCoV-19_USA_MA-MGH-00485_2020_EPI_ISL_460110_2020-03-27)
Align target 298 (hCoV-19_Japan_SMU-0311S2_2020_EPI_ISL_416524)
Align target 299 (hCoV-19_Wales_PHWC-33E37_2020_EPI_ISL_446828_2020-04-16)
Align target 300 (hCoV-19_Singapore_237_2020_EPI_ISL_462355_2020-04-03)
Align target 301 (hCoV-19_Wales_PHWC-2F223_2020_EPI_ISL_446220_2020-04-06)
Align target 302 (hCoV-19_Wales_PHWC-27B11_2020_EPI_ISL_431921_2020-03-30)
Align target 303 (hCoV-19_England_LOND-D5796_2020_EPI_ISL_449720_2020-04-17)
Align target 304 (hCoV-19_England_CAMB-1ADFBC_2020_EPI_ISL_459414_2020-04-26)
Align target 305 (hCoV-19_USA_WA-S236_2020_EPI_ISL_430274)
Align target 306 (hCoV-19_USA_WI-246_2020_EPI_ISL_428342)
Align target 307 (hCoV-19_USA_WY-WYPHL-00029_2020_EPI_ISL_462922_2020-03-21)
Align target 308 (hCoV-19_Spain_COV000873_2020_EPI_ISL_452684_2020-03-25)
Align target 309 (hCoV-19_USA_MA-MGH-00465_2020_EPI_ISL_460390_2020-04-04)
Align target 310 (hCoV-19_Northern_Ireland_NIRE-FB4EE_2020_EPI_ISL_441434_2020-03-16)
Align target 311 (hCoV-19_England_CAMB-1B1E6D_2020_EPI_ISL_458528_2020-05-09)
Align target 312 (hCoV-19_England_20122119202_2020_EPI_ISL_418679)
Align target 313 (hCoV-19_England_20156023004_2020_EPI_ISL_466295_2020-04-08)
Align target 314 (hCoV-19_Wales_PHWC-2AC57_2020_EPI_ISL_445684_2020-04-06)
Align target 315 (hCoV-19_Scotland_CVR1588_2020_EPI_ISL_433626_2020-04-04)
Align target 316 (hCoV-19_England_CAMB-7A872_2020_EPI_ISL_441221_2020-04-02)
Align target 317 (hCoV-19_USA_CA-CZB-1015_2020_EPI_ISL_436656_2020-04-09)
Align target 318 (hCoV-19_France_IDF3359_2020_EPI_ISL_443301_2020-03-23)
Align target 319 (hCoV-19_England_201161691_2020_EPI_ISL_464872_2020-03-12)
Align target 320 (hCoV-19_Luxembourg_LNS3652733_2020_EPI_ISL_429706)
Align target 321 (hCoV-19_England_20189166001_2020_EPI_ISL_465569_2020-05-01)
Align target 322 (hCoV-19_Spain_COV003677_2020_EPI_ISL_467230_2020-04-02)
Align target 323 (hCoV-19_Scotland_CVR2409_2020_EPI_ISL_453048_2020-04-14)
Align target 324 (hCoV-19_England_BIRM-5E364_2020_EPI_ISL_444289_2020-04-15)
Align target 325 (hCoV-19_England_20144049704_2020_EPI_ISL_421951)
Align target 326 (hCoV-19_Wales_PHWC-262E0_2020_EPI_ISL_422370)
Align target 327 (hCoV-19_Luxembourg_LNS3877212_2020_EPI_ISL_459897_2020-04-17)
Align target 328 (hCoV-19_Scotland_GCVR-17043B_2020_EPI_ISL_459593_2020-03-24)
Align target 329 (hCoV-19_Scotland_CVR1623_2020_EPI_ISL_448120_2020-04-05)
Align target 330 (hCoV-19_England_LIVE-9D949_2020_EPI_ISL_449605_2020-04-27)
Align target 331 (hCoV-19_Wales_PHWC-26796_2020_EPI_ISL_422016)
Align target 332 (hCoV-19_USA_CT-Yale-102_2020_EPI_ISL_431081_2020-04-06)
Align target 333 (hCoV-19_Luxembourg_LNS6175058_2020_EPI_ISL_428947)
Align target 334 (hCoV-19_Scotland_CVR315_2020_EPI_ISL_439046_2020-03-21)
Align target 335 (hCoV-19_India_ILSCV18525_2020_EPI_ISL_463060_2020-05-13)
Align target 336 (hCoV-19_Scotland_EDB1817_2020_EPI_ISL_433140_2020-04-16)
Align target 337 (hCoV-19_Scotland_CVR2479_2020_EPI_ISL_453055_2020-04-15)
Align target 338 (hCoV-19_England_201360187_2020_EPI_ISL_421772)
Align target 339 (hCoV-19_England_LIVE-9F060_2020_EPI_ISL_453423_2020-04-15)
Align target 340 (hCoV-19_England_CAMB-83041_2020_EPI_ISL_443627_2020-04-04)
Align target 341 (hCoV-19_Netherlands_NA_496_2020_EPI_ISL_460669_2020-04-07)
Align target 342 (hCoV-19_England_CAMB-72968_2020_EPI_ISL_439878_2020-03-23)
Align target 343 (hCoV-19_England_201360171_2020_EPI_ISL_423228)
Align target 344 (hCoV-19_Switzerland_101167_2020_EPI_ISL_451831_2020-03-31)
Align target 345 (hCoV-19_Wales_PHWC-2AAC6_2020_EPI_ISL_445662_2020-04-05)
Align target 346 (hCoV-19_USA_MA_3616_2020_EPI_ISL_424916)
Align target 347 (hCoV-19_USA_KY-9A10_2020_EPI_ISL_468064_2020-03-18)
Align target 348 (hCoV-19_USA_CA-SCCPHD-UC139_2020_EPI_ISL_435618_2020-03-09)
Align target 349 (hCoV-19_Portugal_PT0332_2020_EPI_ISL_454048_2020-03-18)
Align target 350 (hCoV-19_Wales_PHWC-30D2E_2020_EPI_ISL_446353_2020-04-12)
Align target 351 (hCoV-19_Spain_COV000875_2020_EPI_ISL_452682_2020-03-25)
Align target 352 (hCoV-19_Shandong_LY003_2020_EPI_ISL_414936)
Align target 353 (hCoV-19_Mexico_Queretaro-InDRE_04_2020_EPI_ISL_424670)
Align target 354 (hCoV-19_USA_CA-SR0372_2020_EPI_ISL_458255_2020-04-21)
Align target 355 (hCoV-19_England_20199034004_2020_EPI_ISL_465644_2020-05-05)
Align target 356 (hCoV-19_Portugal_PT0360_2020_EPI_ISL_454076_2020-03-19)
Align target 357 (hCoV-19_Wales_PHWC-2C7CD_2020_EPI_ISL_445911_2020-03-31)
Align target 358 (hCoV-19_Wales_PHWC-2B8DA_2020_EPI_ISL_445777_2020-04-09)
Align target 359 (hCoV-19_Canada_BC_18547866_2020_EPI_ISL_462759_2020-03)
Align target 360 (hCoV-19_Austria_CeMM0272_2020_EPI_ISL_438099_2020-03-24)
Align target 361 (hCoV-19_England_20149006104_2020_EPI_ISL_466115_2020-04-01)
Align target 362 (hCoV-19_USA_CA-CZB-1227_2020_EPI_ISL_450476_2020-03-26)
Align target 363 (hCoV-19_England_CAMB-7B13A_2020_EPI_ISL_433922_2020-04-11)
Align target 364 (hCoV-19_USA_MD-HP00031_2020_EPI_ISL_457789_2020-03-16)
Align target 365 (hCoV-19_USA_NY-NYUMC350_2020_EPI_ISL_430377)
Align target 366 (hCoV-19_USA_CA-QDX-50_2020_EPI_ISL_467837_2020-03-15)
Align target 367 (hCoV-19_Wales_PHWC-24464_2020_EPI_ISL_419413)
Align target 368 (hCoV-19_Scotland_GCVR-170D21_2020_EPI_ISL_459676_2020-03-24)
Align target 369 (hCoV-19_England_CAMB-7F2E8_2020_EPI_ISL_442967_2020-04-08)
Align target 370 (hCoV-19_Austria_CeMM0170_2020_EPI_ISL_438015_2020-03-07)
Align target 371 (hCoV-19_Spain_COV000698_2020_EPI_ISL_452766_2020-03-05)
Align target 372 (hCoV-19_India_RMRC24_2020_EPI_ISL_455775_2020-04-04)
Align target 373 (hCoV-19_Scotland_EDB1526_2020_EPI_ISL_433072_2020-04-12)
Align target 374 (hCoV-19_England_LIVE-9D651_2020_EPI_ISL_453219_2020-04-10)
Align target 375 (hCoV-19_England_CAMB-82D3C_2020_EPI_ISL_443427_2020-04-12)
Align target 376 (hCoV-19_England_BRIS-12A0B4_2020_EPI_ISL_458398_2020-04-16)
Align target 377 (hCoV-19_Netherlands_NA_90_2020_EPI_ISL_422850)
Align target 378 (hCoV-19_Netherlands_NA_427_2020_EPI_ISL_455229_2020-04-06)
Align target 379 (hCoV-19_England_NORT-28952C_2020_EPI_ISL_453503_2020-03-30)
Align target 380 (hCoV-19_Iceland_460_2020_EPI_ISL_424483)
Align target 381 (hCoV-19_England_CAMB-7F4D3_2020_EPI_ISL_442968_2020-04-09)
Align target 382 (hCoV-19_England_OXON-AE909_2020_EPI_ISL_448733_2020)
Align target 383 (hCoV-19_Wales_PHWC-2D44D_2020_EPI_ISL_445986_2020-04-04)
Align target 384 (hCoV-19_Greece_46_2020_EPI_ISL_434463_2020-03-23)
Align target 385 (hCoV-19_USA_WA-S901_2020_EPI_ISL_463391_2020-04-28)
Align target 386 (hCoV-19_Netherlands_Utrecht_19_2020_EPI_ISL_415528)
Align target 387 (hCoV-19_England_20182026804_2020_EPI_ISL_465451_2020-04-27)
Align target 388 (hCoV-19_Estonia_ChVir1982_2020_EPI_ISL_420065)
Align target 389 (hCoV-19_England_BRIS-121C6E_2020_EPI_ISL_440273_2020-03-18)
Align target 390 (hCoV-19_England_20129042504_2020_EPI_ISL_424044)
Align target 391 (hCoV-19_Denmark_ALAB-SSI432_2020_EPI_ISL_429528)
Align target 392 (hCoV-19_Wales_PHWC-29326_2020_EPI_ISL_445509_2020-04-04)
Align target 393 (hCoV-19_Denmark_ALAB-SSI215_2020_EPI_ISL_429407)
Align target 394 (hCoV-19_England_CAMB-725BF_2020_EPI_ISL_439905_2020-03-23)
Align target 395 (hCoV-19_Northern_Ireland_NIRE-FC30E_2020_EPI_ISL_459396_2020-04-13)
Align target 396 (hCoV-19_England_NOTT-111979_2020_EPI_ISL_461945_2020-05-30)
Align target 397 (hCoV-19_England_CAMB-80F29_2020_EPI_ISL_444448_2020-04-15)
Align target 398 (hCoV-19_South_Africa_R07552_2020_EPI_ISL_450299_2020-03-31)
Align target 399 (hCoV-19_England_SHEF-C6C02_2020_EPI_ISL_441998_2020-04-11)
Computing global alignment... done.
