Align target 0 (hCoV-19_England_BRIS-12A175_2020_EPI_ISL_458439_2020-04-16)
Align target 1 (hCoV-19_Australia_VIC492_2020_EPI_ISL_426765)
Align target 2 (hCoV-19_Canada_BC_06364232_2020_EPI_ISL_466798_2020-04)
Align target 3 (hCoV-19_England_20168035104_2020_EPI_ISL_466612_2020-04-16)
Align target 4 (hCoV-19_India_S30_2020_EPI_ISL_455659_2020-05-01)
Align target 5 (hCoV-19_Thailand_Nonthaburi_59_2020_EPI_ISL_447909_2020-01-13)
Align target 6 (hCoV-19_Spain_COV003689_2020_EPI_ISL_467240_2020-04-02)
Align target 7 (hCoV-19_England_CAMB-72959_2020_EPI_ISL_439562_2020-03-23)
Align target 8 (hCoV-19_England_20189051801_2020_EPI_ISL_465534_2020-05-01)
Align target 9 (hCoV-19_Spain_Valencia580_2020_EPI_ISL_447510_2020-03-28)
Align target 10 (hCoV-19_Sweden_20-07156_2020_EPI_ISL_452234_2020-04-01)
Align target 11 (hCoV-19_Sweden_20-08179_2020_EPI_ISL_455845_2020-03-08)
Align target 12 (hCoV-19_South_Africa_KRISP-0056_2020_EPI_ISL_467445_2020-04-04)
Align target 13 (hCoV-19_Germany_FFM5_2020_EPI_ISL_447611_2020-02)
Align target 14 (hCoV-19_England_201140030_2020_EPI_ISL_464700_2020-03-10)
Align target 15 (hCoV-19_England_BRIS-12181F_2020_EPI_ISL_440235_2020-03-03)
Align target 16 (hCoV-19_Spain_Valencia289_2020_EPI_ISL_436384_2020-03-17)
Align target 17 (hCoV-19_Wales_PHWC-31534_2020_EPI_ISL_446458_2020-04-12)
Align target 18 (hCoV-19_Scotland_GCVR-17093C_2020_EPI_ISL_459705_2020-03-26)
Align target 19 (hCoV-19_Wales_PHWC-2A06A_2020_EPI_ISL_432187_2020-04-04)
Align target 20 (hCoV-19_England_20120005904_2020_EPI_ISL_465144_2020-03-12)
Align target 21 (hCoV-19_Netherlands_Zeeland_12_2020_EPI_ISL_461250_2020-03-31)
Align target 22 (hCoV-19_USA_MA-MGH-00656_2020_EPI_ISL_460120_2020-04-01)
Align target 23 (hCoV-19_Wales_PHWC-2682A_2020_EPI_ISL_422020)
Align target 24 (hCoV-19_USA_WA-S185_2020_EPI_ISL_430223)
Align target 25 (hCoV-19_Egypt_CUNCI-HGC016_2020_EPI_ISL_468058_2020-05-02)
Align target 26 (hCoV-19_England_CAMB-81E49_2020_EPI_ISL_438584_2020-04-22)
Align target 27 (hCoV-19_USA_AZ-TG271868_2020_EPI_ISL_427272)
Align target 28 (hCoV-19_Singapore_36_2020_EPI_ISL_422429)
Align target 29 (hCoV-19_England_BRIS-126C69_2020_EPI_ISL_459086_2020-04-09)
Align target 30 (hCoV-19_Belgium_rega-0405288_2020_EPI_ISL_464082_2020-04-07)
Align target 31 (hCoV-19_USA_CA-SCCPHD-UC13_2020_EPI_ISL_417317)
Align target 32 (hCoV-19_England_LIVE-9C995_2020_EPI_ISL_440926_2020-04-24)
Align target 33 (hCoV-19_USA_WA-UW-5756_2020_EPI_ISL_430920_2020-04-07)
Align target 34 (hCoV-19_Luxembourg_LNS1646752_2020_EPI_ISL_459894_2020-05-12)
Align target 35 (hCoV-19_England_201080162_2020_EPI_ISL_464472_2020-03-05)
Align target 36 (hCoV-19_England_BRIS-125329_2020_EPI_ISL_443770_2020-03-27)
Align target 37 (hCoV-19_Wales_PHWC-26CE2_2020_EPI_ISL_422161)
Align target 38 (hCoV-19_Norway_2113_2020_EPI_ISL_420311)
Align target 39 (hCoV-19_Indonesia_EJ-ITD853Sp_2020_EPI_ISL_437187_2020-03-25)
Align target 40 (hCoV-19_England_CAMB-1AFFF6_2020_EPI_ISL_448096_2020-05-07)
Align target 41 (hCoV-19_England_BRIS-12A98C_2020_EPI_ISL_458338_2020-04-29)
Align target 42 (hCoV-19_England_BRIS-12AF6C_2020_EPI_ISL_458513_2020-05-01)
Align target 43 (hCoV-19_England_20132098804_2020_EPI_ISL_423831)
Align target 44 (hCoV-19_England_NORW-EC5DE_2020_EPI_ISL_457538_2020-05-10)
Align target 45 (hCoV-19_USA_MI-MDHHS-SC20521_2020_EPI_ISL_460569_2020-05-14)
Align target 46 (hCoV-19_USA_MI-MDHHS-SC20116_2020_EPI_ISL_436847_2020-03-24)
Align target 47 (hCoV-19_USA_WA-S32_2020_EPI_ISL_417085)
Align target 48 (hCoV-19_Scotland_EDB4744_2020_EPI_ISL_453144_2020-05-10)
Align target 49 (hCoV-19_USA_WA-S608_2020_EPI_ISL_438161_2020-04-19)
Align target 50 (hCoV-19_England_EXET-1358EB_2020_EPI_ISL_457114_2020-04-16)
Align target 51 (hCoV-19_Wales_PHWC-27B5D_2020_EPI_ISL_432327_2020-04-01)
Align target 52 (hCoV-19_England_LIVE-9E9DF_2020_EPI_ISL_453353_2020-04-11)
Align target 53 (hCoV-19_USA_TX-GCID-192000003_EPI_ISL_444022_2020-03-18)
Align target 54 (hCoV-19_England_SHEF-C7FAE_2020_EPI_ISL_442022_2020-04-06)
Align target 55 (hCoV-19_England_LIVE-9ACAD_2020_EPI_ISL_449393_2020-03-30)
Align target 56 (hCoV-19_England_20134079504_2020_EPI_ISL_423178)
Align target 57 (hCoV-19_Sichuan_SC-PHCC2-047_2020_EPI_ISL_451367_2020-02-08)
Align target 58 (hCoV-19_Spain_Barcelona_VH5994_2020_EPI_ISL_444983_2020-03-22)
Align target 59 (hCoV-19_Canada_BC_06975953_2020_EPI_ISL_466811_2020-04)
Align target 60 (hCoV-19_Canada_BC_19677629_2020_EPI_ISL_462766_2020-03)
Align target 61 (hCoV-19_USA_ID-UW-1939_2020_EPI_ISL_424320)
Align target 62 (hCoV-19_USA_TX-HMH05_2020_EPI_ISL_434716_2020-03-16)
Align target 63 (hCoV-19_USA_MD-HP00114_2020_EPI_ISL_457769_2020-03-24)
Align target 64 (hCoV-19_England_NOTT-1102D9_2020_EPI_ISL_441495_2020-04-11)
Align target 65 (hCoV-19_USA_WA-UW-1868_2020_EPI_ISL_424280)
Align target 66 (hCoV-19_England_BRIS-125E28_2020_EPI_ISL_443699_2020-03-30)
Align target 67 (hCoV-19_England_201580281_2020_EPI_ISL_466364_2020-04-09)
Align target 68 (hCoV-19_USA_FL-BPHL-045_2020_EPI_ISL_436549_2020-04-17)
Align target 69 (hCoV-19_Scotland_EDB2670_2020_EPI_ISL_439257_2020-04-26)
Align target 70 (hCoV-19_Scotland_EDB2136_2020_EPI_ISL_439166_2020-04-20)
Align target 71 (hCoV-19_USA_LA-SR0273_2020_EPI_ISL_445128_2020-04-01)
Align target 72 (hCoV-19_England_BIRM-5F6A6_2020_EPI_ISL_461525_2020)
Align target 73 (hCoV-19_Australia_VIC1683_2020_EPI_ISL_456577_2020-05-14)
Align target 74 (hCoV-19_Brazil_PA164218-IEC_2020_EPI_ISL_458147_2020-04-24)
Align target 75 (hCoV-19_USA_NY-NYUMC391_2020_EPI_ISL_430418)
Align target 76 (hCoV-19_England_20139023804_2020_EPI_ISL_421889)
Align target 77 (hCoV-19_USA_NJ-NYUMC421_2020_EPI_ISL_435488_2020-04-22)
Align target 78 (hCoV-19_USA_MA-MGH-00434_2020_EPI_ISL_460395_2020-03-07)
Align target 79 (hCoV-19_England_201360206_2020_EPI_ISL_423241)
Align target 80 (hCoV-19_England_SHEF-C5D6A_2020_EPI_ISL_432811_2020-03-24)
Align target 81 (hCoV-19_Australia_NSW310_2020_EPI_ISL_451574_2020-03-26)
Align target 82 (hCoV-19_Australia_VIC516_2020_EPI_ISL_426786)
Align target 83 (hCoV-19_USA_UT-01573_2020_EPI_ISL_449822_2020-04-07)
Align target 84 (hCoV-19_USA_NY-PV09381_2020_EPI_ISL_450064_2020-03-19)
Align target 85 (hCoV-19_England_CAMB-7D9A9_2020_EPI_ISL_441754_2020-04-06)
Align target 86 (hCoV-19_England_20142006104_2020_EPI_ISL_465906_2020-03-30)
Align target 87 (hCoV-19_Luxembourg_LNS9627078_2020_EPI_ISL_419604)
Align target 88 (hCoV-19_Scotland_GCVR-17028C_2020_EPI_ISL_459566_2020-03-24)
Align target 89 (hCoV-19_England_20139017004_2020_EPI_ISL_423348)
Align target 90 (hCoV-19_Saudi_Arabia_KAUST-MAKKAH183_2020_EPI_ISL_437704_2020-04-14)
Align target 91 (hCoV-19_Australia_SAP203_2020_EPI_ISL_468031_2020-03-30)
Align target 92 (hCoV-19_England_CAMB-7E146_2020_EPI_ISL_434044_2020-04-16)
Align target 93 (hCoV-19_USA_IL-NM083_2020_EPI_ISL_444574_2020-03-19)
Align target 94 (hCoV-19_England_20132080004_2020_EPI_ISL_423803)
Align target 95 (hCoV-19_England_CAMB-76DB3_2020_EPI_ISL_425428)
Align target 96 (hCoV-19_Australia_VIC88_2020_EPI_ISL_419798)
Align target 97 (hCoV-19_England_NOTT-111575_2020_EPI_ISL_457580_2020-05-05)
Align target 98 (hCoV-19_Canada_ON-UHTC_0002_2020_EPI_ISL_464031_2020-03-19)
Align target 99 (hCoV-19_USA_NY-WCMP12C09P_2020_EPI_ISL_427602)
Align target 100 (hCoV-19_Wales_PHWC-2A8DB_2020_EPI_ISL_445633_2020-04-07)
Align target 101 (hCoV-19_England_BRIS-121FA1_2020_EPI_ISL_439976_2020-03-20)
Align target 102 (hCoV-19_Netherlands_NA_647_2020_EPI_ISL_461082_2020-03-31)
Align target 103 (hCoV-19_Scotland_EDB1179_2020_EPI_ISL_433424_2020-04-08)
Align target 104 (hCoV-19_New_Zealand_20VR1929_2020_EPI_ISL_456313_2020-04-03)
Align target 105 (hCoV-19_England_CAMB-7811F_2020_EPI_ISL_441160_2020-04-01)
Align target 106 (hCoV-19_Belgium_DMT-0411408_2020_EPI_ISL_462262_2020-04-11)
Align target 107 (hCoV-19_USA_WA-UW-3942_2020_EPI_ISL_427216)
Align target 108 (hCoV-19_USA_MN42-MDH42_2020_EPI_ISL_417478)
Align target 109 (hCoV-19_Netherlands_NoordBrabant_145_2020_EPI_ISL_461180_2020)
Align target 110 (hCoV-19_England_20126027106_2020_EPI_ISL_423896)
Align target 111 (hCoV-19_India_MaxCov0049_CSIR-IGIB_2020_EPI_ISL_459951_2020-05-01)
Align target 112 (hCoV-19_USA_WA-S283_2020_EPI_ISL_430137)
Align target 113 (hCoV-19_England_CAMB-81C03_2020_EPI_ISL_442602_2020-04-13)
Align target 114 (hCoV-19_Scotland_EDB4621_2020_EPI_ISL_449313_2020-05-06)
Align target 115 (hCoV-19_Spain_COV001076_2020_EPI_ISL_452608_2020-03-27)
Align target 116 (hCoV-19_Norway_1495_2020_EPI_ISL_420134)
Align target 117 (hCoV-19_England_201300935_2020_EPI_ISL_423684)
Align target 118 (hCoV-19_Israel_1639953_2020_EPI_ISL_447418_2020-03-26)
Align target 119 (hCoV-19_England_BRIS-1249CE_2020_EPI_ISL_443975_2020-03-25)
Align target 120 (hCoV-19_England_20119063404_2020_EPI_ISL_465087_2020-03-12)
Align target 121 (hCoV-19_England_CAMB-1AF521_2020_EPI_ISL_459264_2020-04-30)
Align target 122 (hCoV-19_England_CAMB-82B32_2020_EPI_ISL_438662_2020-04-23)
Align target 123 (hCoV-19_Denmark_ALAB-SSI520_2020_EPI_ISL_429585)
Align target 124 (hCoV-19_Kenya_P3046_2020_EPI_ISL_457898_2020-04)
Align target 125 (hCoV-19_Wales_PHWC-23E58_2020_EPI_ISL_420915)
Align target 126 (hCoV-19_England_NORT-289726_2020_EPI_ISL_458647_2020-03-31)
Align target 127 (hCoV-19_England_20129171304_2020_EPI_ISL_424136)
Align target 128 (hCoV-19_Canada_ON_PHL3380_2020_EPI_ISL_418350)
Align target 129 (hCoV-19_Canada_QC-AL9_2020_EPI_ISL_450652_2020-04-10)
Align target 130 (hCoV-19_England_20172000304_2020_EPI_ISL_465310_2020-04-19)
Align target 131 (hCoV-19_USA_NY-NYUMC415_2020_EPI_ISL_435482_2020-03-30)
Align target 132 (hCoV-19_England_SHEF-C8392_2020_EPI_ISL_448868_2020-04-14)
Align target 133 (hCoV-19_Wales_PHWC-2C675_2020_EPI_ISL_445891_2020-03-31)
Align target 134 (hCoV-19_England_NORW-EAA2C_2020_EPI_ISL_461882_2020-05-16)
Align target 135 (hCoV-19_Australia_NSW558_2020_EPI_ISL_455097_2020-04-17)
Align target 136 (hCoV-19_USA_NY-NYUMC446_2020_EPI_ISL_435513_2020-04-14)
Align target 137 (hCoV-19_England_SHEF-C4493_2020_EPI_ISL_432788_2020-03-30)
Align target 138 (hCoV-19_USA_PA-MGEL108_2020_EPI_ISL_454385_2020)
Align target 139 (hCoV-19_Iceland_361_2020_EPI_ISL_424385)
Align target 140 (hCoV-19_England_SHEF-CE62A_2020_EPI_ISL_462067_2020-04-19)
Align target 141 (hCoV-19_USA_WA-UW333_2020_EPI_ISL_418900)
Align target 142 (hCoV-19_USA_MA-MGH-00065_2020_EPI_ISL_460126_2020-03-25)
Align target 143 (hCoV-19_USA_MD-HP036_2020_EPI_ISL_434586_2020-03-19)
Align target 144 (hCoV-19_England_201640112_2020_EPI_ISL_466440_2020-04-14)
Align target 145 (hCoV-19_England_LOND-D5383_2020_EPI_ISL_444214_2020-04-15)
Align target 146 (hCoV-19_USA_LA-EVTL026_2020_EPI_ISL_435564_2020-04-24)
Align target 147 (hCoV-19_Guangdong_GDFS2020127-P0026_2020_EPI_ISL_413874)
Align target 148 (hCoV-19_Belgium_ULG-7242_2020_EPI_ISL_418626)
Align target 149 (hCoV-19_Netherlands_Overijssel_31_2020_EPI_ISL_460821_2020-03-10)
Align target 150 (hCoV-19_USA_WY-WYPHL-00022_2020_EPI_ISL_462915_2020-03-20)
Align target 151 (hCoV-19_England_20139001604_2020_EPI_ISL_423333)
Align target 152 (hCoV-19_Wales_PHWC-342EF_2020_EPI_ISL_446900_2020-04-14)
Align target 153 (hCoV-19_England_CAMB-7B55C_2020_EPI_ISL_433974_2020-04-13)
Align target 154 (hCoV-19_Luxembourg_LNS7928872_2020_EPI_ISL_419597)
Align target 155 (hCoV-19_England_CAMB-7A46F_2020_EPI_ISL_440593_2020-04-02)
Align target 156 (hCoV-19_England_20166006704_2020_EPI_ISL_466515_2020-04-14)
Align target 157 (hCoV-19_Netherlands_ZuidHolland_75_2020_EPI_ISL_422943)
Align target 158 (hCoV-19_USA_CA-CZB-1021_2020_EPI_ISL_436662_2020-04-11)
Align target 159 (hCoV-19_Wales_PHWC-31516_2020_EPI_ISL_446456_2020-04-12)
Align target 160 (hCoV-19_Wales_PHWC-28DDE_2020_EPI_ISL_445442_2020-04-03)
Align target 161 (hCoV-19_Australia_SAP087_2020_EPI_ISL_451122_2020-03-31)
Align target 162 (hCoV-19_France_IDF2278_2020_EPI_ISL_416499)
Align target 163 (hCoV-19_England_SHEF-CCC93_2020_EPI_ISL_432533_2020-03-31)
Align target 164 (hCoV-19_England_201360170_2020_EPI_ISL_421769)
Align target 165 (hCoV-19_Portugal_PT0204_2020_EPI_ISL_453918_2020-03-27)
Align target 166 (hCoV-19_England_201280165_2020_EPI_ISL_465800_2020-03-20)
Align target 167 (hCoV-19_Kenya_P2800_2020_EPI_ISL_457894_2020-04)
Align target 168 (hCoV-19_England_BRIS-128DDD_2020_EPI_ISL_458819_2020-04-14)
Align target 169 (hCoV-19_England_20164085404_2020_EPI_ISL_466488_2020-04-15)
Align target 170 (hCoV-19_Qatar_QA13_2020_EPI_ISL_427408)
Align target 171 (hCoV-19_England_BRIS-12945F_2020_EPI_ISL_458846_2020-04-20)
Align target 172 (hCoV-19_England_BRIS-121B43_2020_EPI_ISL_440174_2020-03-18)
Align target 173 (hCoV-19_Spain_Barcelona_VH7924_2020_EPI_ISL_450337_2020-03-25)
Align target 174 (hCoV-19_Canada_QC_AF1_2020_EPI_ISL_463909_2020-04-07)
Align target 175 (hCoV-19_England_20139033004_2020_EPI_ISL_421919)
Align target 176 (hCoV-19_England_20102088002_2020_EPI_ISL_417216)
Align target 177 (hCoV-19_USA_NY-NYUMC459_2020_EPI_ISL_435525_2020-04-20)
Align target 178 (hCoV-19_England_CAMB-730AE_2020_EPI_ISL_440179_2020-03-23)
Align target 179 (hCoV-19_USA_WI-27_2020_EPI_ISL_421285)
Align target 180 (hCoV-19_England_20132069104_2020_EPI_ISL_423799)
Align target 181 (hCoV-19_Nigeria_OS029-CV4_2020_EPI_ISL_455414_2020-03-29)
Align target 182 (hCoV-19_Scotland_EDB091_2020_EPI_ISL_425882)
Align target 183 (hCoV-19_Mexico_CDMX-InDRE_08_2020_EPI_ISL_452141_2020-03-11)
Align target 184 (hCoV-19_England_BRIS-125CC4_2020_EPI_ISL_443922_2020-03-30)
Align target 185 (hCoV-19_Wales_PHWC-33AAC_2020_EPI_ISL_446782_2020-04-20)
Align target 186 (hCoV-19_England_CAMB-73E3B_2020_EPI_ISL_440344_2020-03-19)
Align target 187 (hCoV-19_Australia_NSW505_2020_EPI_ISL_455045_2020-03-27)
Align target 188 (hCoV-19_England_EXET-135C2B_2020_EPI_ISL_457148_2020)
Align target 189 (hCoV-19_Netherlands_NA_380_2020_EPI_ISL_455182_2020)
Align target 190 (hCoV-19_Taiwan_CGMH-CGU-15_2020_EPI_ISL_424971)
Align target 191 (hCoV-19_England_201360318_2020_EPI_ISL_423265)
Align target 192 (hCoV-19_USA_MI-MDHHS-SC20378_2020_EPI_ISL_450589_2020-03-24)
Align target 193 (hCoV-19_Estonia_ChVir4313_2020_EPI_ISL_457740_2020-03)
Align target 194 (hCoV-19_England_LIVE-9BB90_2020_EPI_ISL_440900_2020-04-23)
Align target 195 (hCoV-19_India_ILSCV15918_2020_EPI_ISL_463040_2020-05-11)
Align target 196 (hCoV-19_USA_WY-WYPHL-00077_2020_EPI_ISL_462969_2020-03-27)
Align target 197 (hCoV-19_England_BRIS-12259F_2020_EPI_ISL_440719_2020-04-04)
Align target 198 (hCoV-19_India_NGC-CDFD-28_2020_EPI_ISL_466866_2020-05-30)
Align target 199 (hCoV-19_USA_NY-NYUMC901_2020_EPI_ISL_467394_2020-04-25)
Align target 200 (hCoV-19_England_LIVE-9DF1A_2020_EPI_ISL_453248_2020-04-05)
Align target 201 (hCoV-19_USA_NY-WCMP10E07P_2020_EPI_ISL_427571)
Align target 202 (hCoV-19_Israel_2047189_2020_EPI_ISL_447394_2020-03-26)
Align target 203 (hCoV-19_USA_UT-02244_2020_EPI_ISL_436935_2020-04-14)
Align target 204 (hCoV-19_USA_CA-SR0261_2020_EPI_ISL_437551_2020-04-28)
Align target 205 (hCoV-19_Vietnam_VNHN_4851_2020_EPI_ISL_455709_2020-04-09)
Align target 206 (hCoV-19_Spain_Madrid_H12_2208_2020_EPI_ISL_421178)
Align target 207 (hCoV-19_USA_UT-01437_2020_EPI_ISL_436917_2020-04-10)
Align target 208 (hCoV-19_Wales_PHWC-2AECA_2020_EPI_ISL_432026_2020-04-07)
Align target 209 (hCoV-19_Australia_VIC143_2020_EPI_ISL_419840)
Align target 210 (hCoV-19_England_CAMB-7CB68_2020_EPI_ISL_441645_2020-04-05)
Align target 211 (hCoV-19_Senegal_620_2020_EPI_ISL_420078)
Align target 212 (hCoV-19_Australia_VIC1587_2020_EPI_ISL_456507_2020)
Align target 213 (hCoV-19_England_20166070804_2020_EPI_ISL_466579_2020-04-16)
Align target 214 (hCoV-19_England_CAMB-7C7EC_2020_EPI_ISL_442098_2020-04-05)
Align target 215 (hCoV-19_Scotland_CVR3188_2020_EPI_ISL_453097_2020-04-28)
Align target 216 (hCoV-19_England_LIVE-9AAB2_2020_EPI_ISL_449382_2020-04-01)
Align target 217 (hCoV-19_Netherlands_ZuidHolland_205_2020_EPI_ISL_461377_2020-05-04)
Align target 218 (hCoV-19_England_CAMB-822E2_2020_EPI_ISL_443481_2020-04-14)
Align target 219 (hCoV-19_Italy_2629_2020_EPI_ISL_457700_2020-03-06)
Align target 220 (hCoV-19_England_20104014404_2020_EPI_ISL_464331_2020-03-03)
Align target 221 (hCoV-19_Iceland_183_2020_EPI_ISL_417746)
Align target 222 (hCoV-19_South_Africa_KRISP-0120_2020_EPI_ISL_467472_2020-04-01)
Align target 223 (hCoV-19_Sichuan_SC-PHCC2-048_2020_EPI_ISL_451368_2020-02-14)
Align target 224 (hCoV-19_Wales_PHWC-29380_2020_EPI_ISL_445513_2020-04-03)
Align target 225 (hCoV-19_England_20109039004_2020_EPI_ISL_464556_2020-03-06)
Align target 226 (hCoV-19_USA_MA-MGH-00438_2020_EPI_ISL_460250_2020-03-04)
Align target 227 (hCoV-19_England_CAMB-78601_2020_EPI_ISL_433756_2020-04-05)
Align target 228 (hCoV-19_Wales_PHWC-2920B_2020_EPI_ISL_445495_2020-04-04)
Align target 229 (hCoV-19_Netherlands_NA_538_2020_EPI_ISL_460711_2020)
Align target 230 (hCoV-19_USA_NY-PV09453_2020_EPI_ISL_450127_2020-03-19)
Align target 231 (hCoV-19_Wales_PHWC-2913B_2020_EPI_ISL_445485_2020-04-04)
Align target 232 (hCoV-19_England_BIRM-5FF50_2020_EPI_ISL_461539_2020)
Align target 233 (hCoV-19_USA_AZ-TGEN-TG273294_2020_EPI_ISL_426561)
Align target 234 (hCoV-19_USA_NY-WCMP10D11P_2020_EPI_ISL_427568)
Align target 235 (hCoV-19_England_20134077504_2020_EPI_ISL_423170)
Align target 236 (hCoV-19_Wales_PHWC-2AB78_2020_EPI_ISL_445672_2020-04-07)
Align target 237 (hCoV-19_USA_NY-NYUMC279_2020_EPI_ISL_428793)
Align target 238 (hCoV-19_Bosnia-and-Herzegovina_ChVir7402_2020_EPI_ISL_462470_2020-04-22)
Align target 239 (hCoV-19_England_BRIS-125620_2020_EPI_ISL_443906_2020-03-28)
Align target 240 (hCoV-19_USA_WA-UW30_2020_EPI_ISL_414617)
Align target 241 (hCoV-19_USA_CA-SCCPHD-UC115_2020_EPI_ISL_435594_2020-03-04)
Align target 242 (hCoV-19_Wales_PHWC-2F1BD_2020_EPI_ISL_446213_2020-04-06)
Align target 243 (hCoV-19_Australia_SAP046_2020_EPI_ISL_451085_2020-03-22)
Align target 244 (hCoV-19_USA_WI-UW-310_2020_EPI_ISL_436604_2020-04-15)
Align target 245 (hCoV-19_England_BRIS-1238FF_2020_EPI_ISL_442624_2020-04-06)
Align target 246 (hCoV-19_USA_NY-PV09412_2020_EPI_ISL_450092_2020-03-11)
Align target 247 (hCoV-19_England_20140063604_2020_EPI_ISL_423390)
Align target 248 (hCoV-19_England_LOND-D53A1_2020_EPI_ISL_444215_2020-04-15)
Align target 249 (hCoV-19_Canada_QC_AU7_2020_EPI_ISL_463946_2020-04-03)
Align target 250 (hCoV-19_England_20130092204_2020_EPI_ISL_423680)
Align target 251 (hCoV-19_Netherlands_NA_250_2020_EPI_ISL_422784)
Align target 252 (hCoV-19_Denmark_ALAB-HH30_2020_EPI_ISL_429288)
Align target 253 (hCoV-19_England_20170036904_2020_EPI_ISL_465287_2020-04-10)
Align target 254 (hCoV-19_USA_NY-NYUMC564_2020_EPI_ISL_444681_2020-03-30)
Align target 255 (hCoV-19_USA_CA-CZB-1146_2020_EPI_ISL_454614_2020-04-29)
Align target 256 (hCoV-19_Kenya_P2355_2020_EPI_ISL_457877_2020-04)
Align target 257 (hCoV-19_England_OXON-AEE82_2020_EPI_ISL_448790_2020-04-08)
Align target 258 (hCoV-19_England_CAMB-8376A_2020_EPI_ISL_443477_2020-04-15)
Align target 259 (hCoV-19_Australia_VIC1573_2020_EPI_ISL_456490_2020-05-07)
Align target 260 (hCoV-19_USA_UN-UW-547_2020_EPI_ISL_430886_2020-03-10)
Align target 261 (hCoV-19_England_20138012204_2020_EPI_ISL_423278)
Align target 262 (hCoV-19_USA_NY-NYUMC314_2020_EPI_ISL_430341)
Align target 263 (hCoV-19_Vietnam_VNHN_1167_2020_EPI_ISL_455696_2020-03-18)
Align target 264 (hCoV-19_England_201100064_2020_EPI_ISL_464640_2020-03-06)
Align target 265 (hCoV-19_Bosnia-and-Herzegovina_ChVir7348_2020_EPI_ISL_462455_2020-03-20)
Align target 266 (hCoV-19_England_20109006204_2020_EPI_ISL_464522_2020-03-03)
Align target 267 (hCoV-19_USA_OR-OHSU-0067_2020_EPI_ISL_468091_2020-04-22)
Align target 268 (hCoV-19_England_20119004304_2020_EPI_ISL_465012_2020-03-12)
Align target 269 (hCoV-19_England_CAMB-8470F_2020_EPI_ISL_440484_2020-03-09)
Align target 270 (hCoV-19_England_LIVE-9C9D1_2020_EPI_ISL_440928_2020-04-24)
Align target 271 (hCoV-19_Italy_TE5512_2020_EPI_ISL_420566)
Align target 272 (hCoV-19_Northern_Ireland_NIRE-FCB33_2020_EPI_ISL_459366_2020-04-22)
Align target 273 (hCoV-19_Canada_BC_24258528_2020_EPI_ISL_463207_2020-03)
Align target 274 (hCoV-19_England_SHEF-C57A8_2020_EPI_ISL_448849_2020-04-15)
Align target 275 (hCoV-19_Switzerland_120045_2020_EPI_ISL_468233_2020-04-20)
Align target 276 (hCoV-19_Switzerland_BE2536_2020_EPI_ISL_415704)
Align target 277 (hCoV-19_USA_WA-S771_2020_EPI_ISL_449941_2020-04-13)
Align target 278 (hCoV-19_Wales_PHWC-26D2B_2020_EPI_ISL_422146)
Align target 279 (hCoV-19_England_NOTT-10E7A2_2020_EPI_ISL_425593)
Align target 280 (hCoV-19_England_CAMB-7276E_2020_EPI_ISL_439881_2020-03-23)
Align target 281 (hCoV-19_Denmark_ALAB-SSI-756_2020_EPI_ISL_444890_2020-03-11)
Align target 282 (hCoV-19_England_201100024_2020_EPI_ISL_464627_2020-03-09)
Align target 283 (hCoV-19_India_S8_2020_EPI_ISL_437537_2020-03-30)
Align target 284 (hCoV-19_England_BRIS-12241A_2020_EPI_ISL_440754_2020-04-04)
Align target 285 (hCoV-19_Belgium_rega-0405289_2020_EPI_ISL_464083_2020-04-05)
Align target 286 (hCoV-19_USA_AZ-TGEN-TG271878_2020_EPI_ISL_426542)
Align target 287 (hCoV-19_England_CAMB-7328A_2020_EPI_ISL_440267_2020-03-21)
Align target 288 (hCoV-19_England_201360295_2020_EPI_ISL_421774)
Align target 289 (hCoV-19_India_GBRC67b_2020_EPI_ISL_447044_2020-05-03)
Align target 290 (hCoV-19_India_NCDC-4874_2020_EPI_ISL_436459_2020-04-20)
Align target 291 (hCoV-19_England_CAMB-75279_2020_EPI_ISL_440397_2020-03-13)
Align target 292 (hCoV-19_England_20139025504_2020_EPI_ISL_421897)
Align target 293 (hCoV-19_England_20172042304_2020_EPI_ISL_465342_2020-04-21)
Align target 294 (hCoV-19_England_LOND-D3BF6_2020_EPI_ISL_449640_2020-04-04)
Align target 295 (hCoV-19_England_CAMB-750AC_2020_EPI_ISL_440409_2020-03-14)
Align target 296 (hCoV-19_Vietnam_OUCRU0837_2020_EPI_ISL_435315_2020-03-15)
Align target 297 (hCoV-19_Wales_PHWC-25A9E_2020_EPI_ISL_422349)
Align target 298 (hCoV-19_Scotland_GCVR-17132E_2020_EPI_ISL_459717_2020-03-26)
Align target 299 (hCoV-19_England_CAMB-7956D_2020_EPI_ISL_441794_2020-04-03)
Align target 300 (hCoV-19_England_201420081_2020_EPI_ISL_465912_2020-03-30)
Align target 301 (hCoV-19_USA_WA-UW261_2020_EPI_ISL_418046)
Align target 302 (hCoV-19_England_CAMB-7D9E5_2020_EPI_ISL_441688_2020-04-06)
Align target 303 (hCoV-19_England_CAMB-7922A_2020_EPI_ISL_441793_2020-04-03)
Align target 304 (hCoV-19_India_RMRC22_2020_EPI_ISL_455773_2020-04-04)
Align target 305 (hCoV-19_England_20109052306_2020_EPI_ISL_417275)
Align target 306 (hCoV-19_England_LOND-D4D2C_2020_EPI_ISL_444183_2020-04-14)
Align target 307 (hCoV-19_Spain_Valencia68_2020_EPI_ISL_425192)
Align target 308 (hCoV-19_USA_GA-QDX-152_2020_EPI_ISL_467848_2020-03-13)
Align target 309 (hCoV-19_Wales_PHWC-24525_2020_EPI_ISL_419424)
Align target 310 (hCoV-19_England_NORT-289999_2020_EPI_ISL_458672_2020-04-02)
Align target 311 (hCoV-19_England_BRIS-12911C_2020_EPI_ISL_458721_2020-04-19)
Align target 312 (hCoV-19_England_BRIS-121800_2020_EPI_ISL_440214_2020-03-03)
Align target 313 (hCoV-19_Australia_VIC800_2020_EPI_ISL_427074)
Align target 314 (hCoV-19_USA_WA-S314_2020_EPI_ISL_434074_2020-04-03)
Align target 315 (hCoV-19_Chile_Santiago_33_2020_EPI_ISL_445312_2020-03-17)
Align target 316 (hCoV-19_USA_IL-NM045_2020_EPI_ISL_444544_2020-03-14)
Align target 317 (hCoV-19_England_20144004804_2020_EPI_ISL_423488)
Align target 318 (hCoV-19_South_Africa_KRISP-0081_2020_EPI_ISL_467455_2020-04-06)
Align target 319 (hCoV-19_Netherlands_Gelderland_151_2020_EPI_ISL_460911_2020-05-22)
Align target 320 (hCoV-19_England_SHEF-C575D_2020_EPI_ISL_441977_2020-03-28)
Align target 321 (hCoV-19_England_OXON-AEBF4_2020_EPI_ISL_448769_2020)
Align target 322 (hCoV-19_England_LOND-D60B8_2020_EPI_ISL_441352_2020-04-20)
Align target 323 (hCoV-19_Russia_Moscow-71605_2020_EPI_ISL_428872)
Align target 324 (hCoV-19_Scotland_CVR1496_2020_EPI_ISL_438827_2020-04-02)
Align target 325 (hCoV-19_Spain_COV000744_2020_EPI_ISL_452741_2020-03-08)
Align target 326 (hCoV-19_England_CAMB-7E049_2020_EPI_ISL_442093_2020-04-06)
Align target 327 (hCoV-19_England_CAMB-7C843_2020_EPI_ISL_442237_2020-04-06)
Align target 328 (hCoV-19_USA_NJ-NYUMC344_2020_EPI_ISL_430371)
Align target 329 (hCoV-19_USA_WA-UW98_2020_EPI_ISL_416636)
Align target 330 (hCoV-19_DRC_1326_2020__EPI_ISL_435116_2020-04-07)
Align target 331 (hCoV-19_Canada_QC_AY9_2020_EPI_ISL_463957_2020-04-11)
Align target 332 (hCoV-19_Wales_PHWC-2F056_2020_EPI_ISL_446192_2020-04-05)
Align target 333 (hCoV-19_USA_TX-HMH0122_2020_EPI_ISL_434822_2020-03-20)
Align target 334 (hCoV-19_USA_NY-PV08486_2020_EPI_ISL_421423)
Align target 335 (hCoV-19_USA_NY-NYUMC488_2020_EPI_ISL_436736_2020-03-18)
Align target 336 (hCoV-19_England_BRIS-1226E7_2020_EPI_ISL_440728_2020-04-05)
Align target 337 (hCoV-19_Denmark_ALAB-HH-97_2020_EPI_ISL_452099_2020-03-03)
Align target 338 (hCoV-19_England_LOND-D3868_2020_EPI_ISL_440997_2020-04-02)
Align target 339 (hCoV-19_Australia_NSW226_2020_EPI_ISL_451492_2020-03-28)
Align target 340 (hCoV-19_Denmark_ALAB-SSI-790_2020_EPI_ISL_444907_2020-03-30)
Align target 341 (hCoV-19_USA_NY-WCMP12G01P_2020_EPI_ISL_427613)
Align target 342 (hCoV-19_England_CAMB-1AECD2_2020_EPI_ISL_448071_2020-05-06)
Align target 343 (hCoV-19_England_OXON-AD858_2020_EPI_ISL_448599_2020)
Align target 344 (hCoV-19_Wales_PHWC-24974_2020_EPI_ISL_420918)
Align target 345 (hCoV-19_England_CAMB-7A739_2020_EPI_ISL_441135_2020-04-02)
Align target 346 (hCoV-19_England_20139054904_2020_EPI_ISL_420713)
Align target 347 (hCoV-19_England_LIVE-9986E_2020_EPI_ISL_439767_2020-04-08)
Align target 348 (hCoV-19_England_NOTT-10F431_2020_EPI_ISL_433004_2020-04-02)
Align target 349 (hCoV-19_Spain_COV001932_2020_EPI_ISL_452443_2020-03-11)
Align target 350 (hCoV-19_USA_VA-DCLS-0245_2020_EPI_ISL_452819_2020-04-16)
Align target 351 (hCoV-19_England_CAMB-76964_2020_EPI_ISL_438433_2020-03-27)
Align target 352 (hCoV-19_England_CAMB-78A7E_2020_EPI_ISL_433810_2020-04-06)
Align target 353 (hCoV-19_Scotland_CVR1639_2020_EPI_ISL_433640_2020-04-05)
Align target 354 (hCoV-19_England_SHEF-CFB57_2020_EPI_ISL_432597_2020-03-21)
Align target 355 (hCoV-19_England_NORT-289CBE_2020_EPI_ISL_453515_2020-04-04)
Align target 356 (hCoV-19_England_CAMB-73ABF_2020_EPI_ISL_425275)
Align target 357 (hCoV-19_England_BRIS-1294C8_2020_EPI_ISL_458869_2020-04-20)
Align target 358 (hCoV-19_Australia_VIC721_2020_EPI_ISL_427004)
Align target 359 (hCoV-19_Scotland_CVR625_2020_EPI_ISL_433319_2020-03-25)
Align target 360 (hCoV-19_Australia_VIC1721_2020_EPI_ISL_456622_2020-05-17)
Align target 361 (hCoV-19_USA_MI-MDHHS-SC20458_2020_EPI_ISL_459997_2020-05-06)
Align target 362 (hCoV-19_England_20120039604_2020_EPI_ISL_465721_2020-03-16)
Align target 363 (hCoV-19_India_GBRC157a_2020_EPI_ISL_461486_2020-05-27)
Align target 364 (hCoV-19_England_20172027904_2020_EPI_ISL_465336_2020-04-17)
Align target 365 (hCoV-19_USA_CA-SCCPHD-UC127_2020_EPI_ISL_435606_2020-03-06)
Align target 366 (hCoV-19_Wales_PHWC-27D93_2020_EPI_ISL_432087_2020)
Align target 367 (hCoV-19_USA_WA-S602_2020_EPI_ISL_438155_2020-03-23)
Align target 368 (hCoV-19_Wales_PHWC-31D78_2020_EPI_ISL_446563_2020-04-11)
Align target 369 (hCoV-19_England_20110001507_2020_EPI_ISL_464621_2020-03-08)
Align target 370 (hCoV-19_England_201360276_2020_EPI_ISL_423261)
Align target 371 (hCoV-19_England_CAMB-74D2E_2020_EPI_ISL_425369)
Align target 372 (hCoV-19_England_CAMB-733B4_2020_EPI_ISL_440117_2020-03-21)
Align target 373 (hCoV-19_Israel_13077882_2020_EPI_ISL_447419_2020-04-04)
Align target 374 (hCoV-19_Belgium_ULG-10162_2020_EPI_ISL_447156_2020-4-18)
Align target 375 (hCoV-19_Germany_BAV-MVP0105_2020_EPI_ISL_437295_2020-04-12)
Align target 376 (hCoV-19_England_CAMB-7DB0D_2020_EPI_ISL_441768_2020-04-06)
Align target 377 (hCoV-19_USA_NY-NYUMC136_2020_EPI_ISL_424943)
Align target 378 (hCoV-19_Portugal_PT0256_2020_EPI_ISL_453970_2020-04-03)
Align target 379 (hCoV-19_USA_VA-DCLS-0339_2020_EPI_ISL_467939_2020-05-19)
Align target 380 (hCoV-19_England_CAMB-76C5C_2020_EPI_ISL_438379_2020-03-30)
Align target 381 (hCoV-19_Netherlands_Gelderland_120_2020_EPI_ISL_460881_2020-05-22)
Align target 382 (hCoV-19_Scotland_CVR3138_2020_EPI_ISL_461700_2020-04-26)
Align target 383 (hCoV-19_Japan_Donner23_2020_EPI_ISL_438967_2020-04-16)
Align target 384 (hCoV-19_Wales_PHWC-2B2EB_2020_EPI_ISL_432315_2020-04-07)
Align target 385 (hCoV-19_Luxembourg_LNS0361493_2020_EPI_ISL_434496_2020-04-10)
Align target 386 (hCoV-19_England_20169035904_2020_EPI_ISL_465239_2020-04-13)
Align target 387 (hCoV-19_England_BRIS-122C4F_2020_EPI_ISL_440793_2020-04-02)
Align target 388 (hCoV-19_Spain_COV001922_2020_EPI_ISL_452452_2020-03-07)
Align target 389 (hCoV-19_England_20138086004_2020_EPI_ISL_421840)
Align target 390 (hCoV-19_England_201620041_2020_EPI_ISL_466391_2020-04-13)
Align target 391 (hCoV-19_JOR_SEARCH-0051-JOR_2020_EPI_ISL_430008)
Align target 392 (hCoV-19_USA_CT-Yale-019_2020_EPI_ISL_428740)
Align target 393 (hCoV-19_USA_FL-BPHL-0097_2020_EPI_ISL_445040_2020-04-28)
Align target 394 (hCoV-19_England_NORT-2895B3_2020_EPI_ISL_458632_2020-03-30)
Align target 395 (hCoV-19_England_20124095904_2020_EPI_ISL_465791_2020-03-13)
Align target 396 (hCoV-19_England_CAMB-81A36_2020_EPI_ISL_443052_2020-04-12)
Align target 397 (hCoV-19_USA_LA-EVTL056_2020_EPI_ISL_451217_2020-05-02)
Align target 398 (hCoV-19_England_SHEF-C15FD_2020_EPI_ISL_432726_2020-03-30)
Align target 399 (hCoV-19_England_OXON-AEB7C_2020_EPI_ISL_448762_2020)
Computing global alignment... done.
