Align target 0 (hCoV-19_Austria_CeMM0288_2020_EPI_ISL_438113_2020-03-26)
Align target 1 (hCoV-19_Wales_PHWC-2557F_2020_EPI_ISL_421006)
Align target 2 (hCoV-19_USA_WA-S1095_2020_EPI_ISL_463585_2020-05-01)
Align target 3 (hCoV-19_Scotland_CVR400_2020_EPI_ISL_433290_2020-03-23)
Align target 4 (hCoV-19_Austria_CeMM0112_2020_EPI_ISL_437970_2020-03-17)
Align target 5 (hCoV-19_Wales_PHWC-32418_2020_EPI_ISL_446646_2020-04-10)
Align target 6 (hCoV-19_Belgium_ULG-10109_2020_EPI_ISL_427360)
Align target 7 (hCoV-19_Wales_PHWC-2A7ED_2020_EPI_ISL_445620_2020-04-08)
Align target 8 (hCoV-19_Israel_701002403_2020_EPI_ISL_447305_2020-03-23)
Align target 9 (hCoV-19_Taiwan_CGMH-CGU-15_2020_EPI_ISL_424971)
Align target 10 (hCoV-19_Netherlands_Friesland_39_2020_EPI_ISL_460854_2020-04-30)
Align target 11 (hCoV-19_Scotland_CVR766_2020_EPI_ISL_439107_2020-03-26)
Align target 12 (hCoV-19_England_BRIS-12376B_2020_EPI_ISL_442651_2020-04-06)
Align target 13 (hCoV-19_England_20129010504_2020_EPI_ISL_423983)
Align target 14 (hCoV-19_USA_NY-NYUMC533_2020_EPI_ISL_444650_2020-03-30)
Align target 15 (hCoV-19_England_BRIS-125C6A_2020_EPI_ISL_443886_2020-03-30)
Align target 16 (hCoV-19_England_SHEF-C16FA_2020_EPI_ISL_441910_2020-03-28)
Align target 17 (hCoV-19_USA_WA-UW-1744_2020_EPI_ISL_424223)
Align target 18 (hCoV-19_England_CAMB-75B32_2020_EPI_ISL_438297_2020-03-29)
Align target 19 (hCoV-19_Kenya_P232_2020_EPI_ISL_457876_2020-04)
Align target 20 (hCoV-19_Australia_VIC17_2020_EPI_ISL_419736)
Align target 21 (hCoV-19_USA_WA-UW298_2020_EPI_ISL_418866)
Align target 22 (hCoV-19_Spain_Valencia292_2020_EPI_ISL_436387_2020-03-17)
Align target 23 (hCoV-19_USA_WA-UW-4324_2020_EPI_ISL_427262)
Align target 24 (hCoV-19_England_BRIS-122377_2020_EPI_ISL_439973_2020-03-21)
Align target 25 (hCoV-19_England_20139060404_2020_EPI_ISL_420732)
Align target 26 (hCoV-19_USA_CA-UCSF-UC42_2020_EPI_ISL_450234_2020-03-14)
Align target 27 (hCoV-19_USA_NY-NYUMC225_2020_EPI_ISL_427520)
Align target 28 (hCoV-19_Belgium_PBT-0330365_2020_EPI_ISL_462219_2020-03-30)
Align target 29 (hCoV-19_USA_MD-HP00132_2020_EPI_ISL_457820_2020-03-16)
Align target 30 (hCoV-19_England_NOTT-111083_2020_EPI_ISL_453623_2020-05-07)
Align target 31 (hCoV-19_USA_MN-MDH-87_2020_EPI_ISL_460070_2020-03-18)
Align target 32 (hCoV-19_Wuhan_HB-WH2-156_2020_EPI_ISL_454924_2020-02-28)
Align target 33 (hCoV-19_USA_MI-MDHHS-SC20603_2020_EPI_ISL_462685_2020-04-29)
Align target 34 (hCoV-19_Guangdong_DG-S6-P0055_2020_EPI_ISL_413895)
Align target 35 (hCoV-19_USA_MI-MDHHS-SC20193_2020_EPI_ISL_447164_2020-03-21)
Align target 36 (hCoV-19_England_20118158206_2020_EPI_ISL_464984_2020-03-12)
Align target 37 (hCoV-19_England_NOTT-10E7FD_2020_EPI_ISL_425596)
Align target 38 (hCoV-19_Wales_PHWC-24A26_2020_EPI_ISL_419471)
Align target 39 (hCoV-19_England_CAMB-81BE8_2020_EPI_ISL_443051_2020-04-12)
Align target 40 (hCoV-19_Australia_VIC1025_2020_EPI_ISL_430532)
Align target 41 (hCoV-19_Australia_VIC1132_2020_EPI_ISL_430593)
Align target 42 (hCoV-19_Wales_PHWC-2BD9F_2020_EPI_ISL_445845_2020-04-09)
Align target 43 (hCoV-19_Portugal_PT0434_2020_EPI_ISL_454158_2020-03-19)
Align target 44 (hCoV-19_Scotland_EDB4494_2020_EPI_ISL_456944_2020-05-05)
Align target 45 (hCoV-19_USA_MI-MDHHS-SC20608_2020_EPI_ISL_462690_2020-04-30)
Align target 46 (hCoV-19_England_OXON-AF197_2020_EPI_ISL_448818_2020-03-17)
Align target 47 (hCoV-19_Wales_PHWC-25472_2020_EPI_ISL_420995)
Align target 48 (hCoV-19_Denmark_ALAB-HH62_2020_EPI_ISL_429308)
Align target 49 (hCoV-19_Scotland_EDB2168_2020_EPI_ISL_439171_2020-04-20)
Align target 50 (hCoV-19_England_20174000904_2020_EPI_ISL_465377_2020-04-21)
Align target 51 (hCoV-19_USA_ID-UW-4547_2020_EPI_ISL_429599)
Align target 52 (hCoV-19_Scotland_GCVR-170170_2020_EPI_ISL_459618_2020-03-24)
Align target 53 (hCoV-19_Switzerland_100028_2020_EPI_ISL_466952_2020-03-10)
Align target 54 (hCoV-19_England_CAMB-7E94E_2020_EPI_ISL_443074_2020-04-08)
Align target 55 (hCoV-19_USA_NY-NYUMC658_2020_EPI_ISL_444775_2020-03-17)
Align target 56 (hCoV-19_USA_WA-S307_2020_EPI_ISL_434067_2020-03-28)
Align target 57 (hCoV-19_USA_VA-DCLS-0005_2020_EPI_ISL_419256)
Align target 58 (hCoV-19_England_BRIS-12680B_2020_EPI_ISL_459017_2020-04-09)
Align target 59 (hCoV-19_Iceland_231_2020_EPI_ISL_417559)
Align target 60 (hCoV-19_England_CAMB-814B0_2020_EPI_ISL_442527_2020-04-10)
Align target 61 (hCoV-19_Israel_701002456_2020_EPI_ISL_447298_2020-03-24)
Align target 62 (hCoV-19_USA_MI-SC2-0007_2020_EPI_ISL_424989)
Align target 63 (hCoV-19_Congo_191_2020_EPI_ISL_417955)
Align target 64 (hCoV-19_Northern_Ireland_NIRE-FB1F6_2020_EPI_ISL_448949_2020-03-24)
Align target 65 (hCoV-19_USA_NY-NYUMC497_2020_EPI_ISL_444614_2020-04-03)
Align target 66 (hCoV-19_Sweden_20-08094_2020_EPI_ISL_454466_2020-03-06)
Align target 67 (hCoV-19_Wales_PHWC-2480E_2020_EPI_ISL_419449)
Align target 68 (hCoV-19_Spain_COV001477_2020_EPI_ISL_467128_2020-03-18)
Align target 69 (hCoV-19_Australia_VIC807_2020_EPI_ISL_427081)
Align target 70 (hCoV-19_USA_CA-CZB-1053_2020_EPI_ISL_437053_2020-04-06)
Align target 71 (hCoV-19_Vietnam_HCMC-35020_2020_EPI_ISL_450744_2020-03-25)
Align target 72 (hCoV-19_Wales_PHWC-23FEC_2020_EPI_ISL_418135)
Align target 73 (hCoV-19_England_BRIS-122F55_2020_EPI_ISL_440696_2020-04-01)
Align target 74 (hCoV-19_Netherlands_Flevoland_5_2020_EPI_ISL_460638_2020-04-01)
Align target 75 (hCoV-19_England_201360187_2020_EPI_ISL_421772)
Align target 76 (hCoV-19_England_CAMB-1B19A8_2020_EPI_ISL_452990_2020-05-14)
Align target 77 (hCoV-19_England_NORT-291E62_2020_EPI_ISL_457317_2020-05-05)
Align target 78 (hCoV-19_Scotland_CVR3284_2020_EPI_ISL_456777_2020-05-01)
Align target 79 (hCoV-19_USA_MI-MDHHS-SC20117_2020_EPI_ISL_436838_2020-03-23)
Align target 80 (hCoV-19_Scotland_CVR11_2020_EPI_ISL_425655)
Align target 81 (hCoV-19_Belgium_ITM_C340_2020_EPI_ISL_434367_2020-04-06)
Align target 82 (hCoV-19_Netherlands_Utrecht_10027_2020_EPI_ISL_454776_2020-04-02)
Align target 83 (hCoV-19_USA_UT-02221_2020_EPI_ISL_436921_2020-04-14)
Align target 84 (hCoV-19_Australia_VIC596_2020_EPI_ISL_426853)
Align target 85 (hCoV-19_Belgium_ULG-10004_2020_EPI_ISL_421184)
Align target 86 (hCoV-19_Wales_PHWC-28D65_2020_EPI_ISL_445435_2020-04-02)
Align target 87 (hCoV-19_England_20142010304_2020_EPI_ISL_465914_2020-03-29)
Align target 88 (hCoV-19_England_20134040803_2020_EPI_ISL_420516)
Align target 89 (hCoV-19_France_IDF2359_2020_EPI_ISL_421501)
Align target 90 (hCoV-19_Luxembourg_LNS0756265_2020_EPI_ISL_429725)
Align target 91 (hCoV-19_England_CAMB-7B6D1_2020_EPI_ISL_442210_2020-04-03)
Align target 92 (hCoV-19_England_NORW-E8718_2020_EPI_ISL_448227_2020-04-16)
Align target 93 (hCoV-19_Scotland_EDB4551_2020_EPI_ISL_461722_2020-05-06)
Align target 94 (hCoV-19_England_20118108504_2020_EPI_ISL_464950_2020-03-12)
Align target 95 (hCoV-19_Canada_ON-UHTC_0082_2020_EPI_ISL_463998_2020-04-15)
Align target 96 (hCoV-19_Singapore_140_2020_EPI_ISL_443232_2020-03-17)
Align target 97 (hCoV-19_England_201060004_2020_EPI_ISL_464356_2020-03-03)
Align target 98 (hCoV-19_England_SHEF-C2F76_2020_EPI_ISL_432758_2020-03-27)
Align target 99 (hCoV-19_USA_WA-S69_2020_EPI_ISL_417122)
Align target 100 (hCoV-19_Scotland_EDB4553_2020_EPI_ISL_461724_2020-05-06)
Align target 101 (hCoV-19_Canada_QC-AL9_2020_EPI_ISL_450652_2020-04-10)
Align target 102 (hCoV-19_USA_NY-NYUMC387_2020_EPI_ISL_430414)
Align target 103 (hCoV-19_England_BRIS-122070_2020_EPI_ISL_439982_2020-03-22)
Align target 104 (hCoV-19_England_20164070804_2020_EPI_ISL_466471_2020-04-12)
Align target 105 (hCoV-19_England_NOTT-110813_2020_EPI_ISL_441863_2020-04-28)
Align target 106 (hCoV-19_England_201620591_2020_EPI_ISL_466427_2020-04-14)
Align target 107 (hCoV-19_England_NOTT-110C26_2020_EPI_ISL_448395_2020-05-01)
Align target 108 (hCoV-19_USA_MA-MGH-00613_2020_EPI_ISL_460396_2020-03-28)
Align target 109 (hCoV-19_USA_VI-CDC-4371_2020_EPI_ISL_454649_2020-04-26)
Align target 110 (hCoV-19_HongKong_Case33_02022020_2020_EPI_ISL_417195)
Align target 111 (hCoV-19_USA_LA-EVTL074_2020_EPI_ISL_451235_2020-05-04)
Align target 112 (hCoV-19_England_SHEF-CA3EB_2020_EPI_ISL_442360_2020-04-10)
Align target 113 (hCoV-19_England_CAMB-78A7E_2020_EPI_ISL_433810_2020-04-06)
Align target 114 (hCoV-19_USA_CA-CZBRR057IX00069_2020_EPI_ISL_428999)
Align target 115 (hCoV-19_England_LIVE-9D40C_2020_EPI_ISL_453197_2020-04-15)
Align target 116 (hCoV-19_Scotland_CVR886_2020_EPI_ISL_439130_2020-03-28)
Align target 117 (hCoV-19_England_20168005504_2020_EPI_ISL_466599_2020-04-16)
Align target 118 (hCoV-19_USA_LA-EVTL023_2020_EPI_ISL_435561_2020-04-24)
Align target 119 (hCoV-19_England_BRIS-1233D0_2020_EPI_ISL_442711_2020-04-06)
Align target 120 (hCoV-19_Netherlands_NA_477_2020_EPI_ISL_455279_2020-04-14)
Align target 121 (hCoV-19_USA_NY-NYUMC764_2020_EPI_ISL_451478_2020-03-20)
Align target 122 (hCoV-19_England_20169011604_2020_EPI_ISL_465191_2020-04-17)
Align target 123 (hCoV-19_Sichuan_SC-NC-078_2020_EPI_ISL_451337_2020-01-30)
Align target 124 (hCoV-19_Wales_PHWC-32EDE_2020_EPI_ISL_446705_2020-04-12)
Align target 125 (hCoV-19_USA_VA-DCLS-0247_2020_EPI_ISL_452821_2020-04-16)
Align target 126 (hCoV-19_England_20142012804_2020_EPI_ISL_423429)
Align target 127 (hCoV-19_Belgium_ULG-10122_2020_EPI_ISL_427370)
Align target 128 (hCoV-19_Netherlands_Gelderland_48_2020_EPI_ISL_460948_2020-03-26)
Align target 129 (hCoV-19_England_BRIS-12384A_2020_EPI_ISL_459726_2020-04-07)
Align target 130 (hCoV-19_England_NORT-28901C_2020_EPI_ISL_458604_2020-03-26)
Align target 131 (hCoV-19_Australia_VIC1221_2020_EPI_ISL_430518)
Align target 132 (hCoV-19_Wales_PHWC-2CAA6_2020_EPI_ISL_445944_2020-04-01)
Align target 133 (hCoV-19_Portugal_PT0433_2020_EPI_ISL_454157_2020-04-01)
Align target 134 (hCoV-19_Colombia_GVI-93473_2020_EPI_ISL_447781_2020-04-01)
Align target 135 (hCoV-19_England_NOTT-10F0D3_2020_EPI_ISL_432962_2020-03-31)
Align target 136 (hCoV-19_England_NOTT-111153_2020_EPI_ISL_453635_2020-05-06)
Align target 137 (hCoV-19_England_20118133304_2020_EPI_ISL_464969_2020-03-13)
Align target 138 (hCoV-19_USA_WA-S1159_2020_EPI_ISL_463649_2020-05-04)
Align target 139 (hCoV-19_USA_MN-MDH-1016_2020_EPI_ISL_462861_2020-04-30)
Align target 140 (hCoV-19_England_BRIS-12558D_2020_EPI_ISL_443828_2020-03-28)
Align target 141 (hCoV-19_Scotland_EDB2605_2020_EPI_ISL_439238_2020-04-25)
Align target 142 (hCoV-19_England_20144061604_2020_EPI_ISL_423551)
Align target 143 (hCoV-19_England_CAMB-7672E_2020_EPI_ISL_438337_2020-03-30)
Align target 144 (hCoV-19_Korea_KCDC2004_2020_EPI_ISL_426164)
Align target 145 (hCoV-19_England_NORT-2899A8_2020_EPI_ISL_453508_2020-04-02)
Align target 146 (hCoV-19_Lebanon_S9_764_2020_EPI_ISL_450515_2020-03-11)
Align target 147 (hCoV-19_England_CAMB-76F26_2020_EPI_ISL_439447_2020-04-01)
Align target 148 (hCoV-19_USA_MA-MGH-00592_2020_EPI_ISL_460317_2020-03-28)
Align target 149 (hCoV-19_England_201580284_2020_EPI_ISL_466365_2020-04-09)
Align target 150 (hCoV-19_Wales_PHWC-287D0_2020_EPI_ISL_432108_2020-04-01)
Align target 151 (hCov-19_Germany_BAV-V2010486_2020_EPI_ISL_420898)
Align target 152 (hCoV-19_Scotland_EDB704_2020_EPI_ISL_457015_2020-04-01)
Align target 153 (hCoV-19_Netherlands_NA_710_2020_EPI_ISL_461145_2020-05-13)
Align target 154 (hCoV-19_England_CAMB-7FCF9_2020_EPI_ISL_444404_2020-04-19)
Align target 155 (hCoV-19_Wales_PHWC-26CE2_2020_EPI_ISL_422161)
Align target 156 (hCoV-19_England_CAMB-1AFAE6_2020_EPI_ISL_459312_2020-05-02)
Align target 157 (hCoV-19_Singapore_205_2020_EPI_ISL_462323_2020-04-28)
Align target 158 (hCoV-19_Colombia_INS-103303_2020_EPI_ISL_456154_2020-04-26)
Align target 159 (hCoV-19_Austria_CeMM0160_2020_EPI_ISL_438006_2020-03-04)
Align target 160 (hCoV-19_England_20134027904_2020_EPI_ISL_423138)
Align target 161 (hCoV-19_Scotland_CVR1520_2020_EPI_ISL_453010_2020-04-03)
Align target 162 (hCoV-19_England_CAMB-1AE11F_2020_EPI_ISL_459450_2020-04-27)
Align target 163 (hCoV-19_England_CAMB-7BCA2_2020_EPI_ISL_442198_2020-04-04)
Align target 164 (hCoV-19_Scotland_CVR3499_2020_EPI_ISL_456884_2020-05-10)
Align target 165 (hCoV-19_Australia_VIC376_2020_EPI_ISL_426683)
Align target 166 (hCoV-19_England_20144000104_2020_EPI_ISL_465971_2020-03-31)
Align target 167 (hCoV-19_USA_NM-UNM-00095_2020_EPI_ISL_467636_2020-04-01)
Align target 168 (hCoV-19_Netherlands_Gelderland_77_2020_EPI_ISL_460976_2020-05-19)
Align target 169 (hCoV-19_England_NORW-E98BA_2020_EPI_ISL_448341_2020-04-23)
Align target 170 (hCoV-19_England_CAMB-77374_2020_EPI_ISL_439378_2020-04-01)
Align target 171 (hCoV-19_Iceland_291_2020_EPI_ISL_417620)
Align target 172 (hCoV-19_Israel_990059252_2020_EPI_ISL_447268_2020-03-25)
Align target 173 (hCoV-19_England_NOTT-10DFC9_2020_EPI_ISL_425479)
Align target 174 (hCoV-19_England_20098017804_2020_EPI_ISL_464197_2020-02-27)
Align target 175 (hCoV-19_England_20170047704_2020_EPI_ISL_465298_2020-04-20)
Align target 176 (hCoV-19_England_CAMB-7DC82_2020_EPI_ISL_442323_2020-04-06)
Align target 177 (hCoV-19_England_CAMB-80B16_2020_EPI_ISL_442848_2020-04-11)
Align target 178 (hCoV-19_Luxembourg_LNS0724201_2020_EPI_ISL_445054_2020-04-22)
Align target 179 (hCoV-19_USA_WA-S242_2020_EPI_ISL_430280)
Align target 180 (hCoV-19_Portugal_PT0327_2020_EPI_ISL_454043_2020-03-16)
Align target 181 (hCoV-19_Canada_QC-AK8_2020_EPI_ISL_450645_2020-04-08)
Align target 182 (hCoV-19_Netherlands_Limburg_29_2020_EPI_ISL_461017_2020-04-22)
Align target 183 (hCoV-19_England_LIVE-99084_2020_EPI_ISL_439688_2020-04-08)
Align target 184 (hCoV-19_England_BRIS-1311D5_2020_EPI_ISL_467719_2020-05-20)
Align target 185 (hCoV-19_Spain_COV002059_2020_EPI_ISL_452370_2020-04-05)
Align target 186 (hCoV-19_England_SHEF-D2DC4_2020_EPI_ISL_432662_2020-04-02)
Align target 187 (hCoV-19_England_BRIS-1235F8_2020_EPI_ISL_442681_2020-04-06)
Align target 188 (hCoV-19_England_BRIS-1253B0_2020_EPI_ISL_443824_2020-03-27)
Align target 189 (hCoV-19_Australia_VIC1517_2020_EPI_ISL_456467_2020-04-27)
Align target 190 (hCoV-19_Wales_PHWC-285F4_2020_EPI_ISL_432385_2020-04-01)
Align target 191 (hCoV-19_USA_TX-HMH07_2020_EPI_ISL_434718_2020-03-15)
Align target 192 (hCoV-19_England_BRIS-126A50_2020_EPI_ISL_458954_2020-04-09)
Align target 193 (hCoV-19_South_Africa_KRISP-0134_2020_EPI_ISL_467486_2020-05-14)
Align target 194 (hCoV-19_Sweden_20-50153_2020_EPI_ISL_454887_2020-03-04)
Align target 195 (hCoV-19_Wales_PHWC-3092A_2020_EPI_ISL_446294_2020-04-08)
Align target 196 (hCoV-19_England_SHEF-C62E2_2020_EPI_ISL_457609_2020-05-02)
Align target 197 (hCoV-19_Wales_PHWC-2B4A9_2020_EPI_ISL_445716_2020-04-11)
Align target 198 (hCoV-19_Netherlands_Overijssel_20_2020_EPI_ISL_460809_2020-04-13)
Align target 199 (hCoV-19_Australia_VIC141_2020_EPI_ISL_419838)
Align target 200 (hCoV-19_England_CAMB-835AC_2020_EPI_ISL_443492_2020-04-14)
Align target 201 (hCoV-19_USA_LA-EVTL131_2020_EPI_ISL_451292_2020-05-06)
Align target 202 (hCoV-19_Georgia_Tb-468_2020_EPI_ISL_415643)
Align target 203 (hCoV-19_England_201420121_2020_EPI_ISL_465918_2020-03-30)
Align target 204 (hCoV-19_Denmark_ALAB-HH-148_2020_EPI_ISL_452025_2020-03-12)
Align target 205 (hCoV-19_England_NOTT-110F0F_2020_EPI_ISL_448435_2020-04-17)
Align target 206 (hCoV-19_Thailand_Siriraj_5_2020_EPI_ISL_447908_2020)
Align target 207 (hCoV-19_Singapore_210_2020_EPI_ISL_462328_2020-03-09)
Align target 208 (hCoV-19_India_GBRC74_2020_EPI_ISL_447052_2020-05-02)
Align target 209 (hCoV-19_Northern_Ireland_NIRE-FB484_2020_EPI_ISL_441428_2020-03-18)
Align target 210 (hCoV-19_England_CAMB-78FD9_2020_EPI_ISL_441798_2020-04-03)
Align target 211 (hCoV-19_USA_VI-CDC-4408_2020_EPI_ISL_454651_2020-04-27)
Align target 212 (hCoV-19_USA_UT-0369_2020_EPI_ISL_435357_2020-03-28)
Align target 213 (hCoV-19_Iceland_26_2020_EPI_ISL_417841)
Align target 214 (hCoV-19_England_EXET-135450_2020_EPI_ISL_457061_2020-04-15)
Align target 215 (hCoV-19_USA_MD-HP00057_2020_EPI_ISL_457799_2020-03-11)
Align target 216 (hCoV-19_England_CAMB-7D9D6_2020_EPI_ISL_442261_2020-04-07)
Align target 217 (hCoV-19_Wales_PHWC-2B01E_2020_EPI_ISL_432265_2020-04-08)
Align target 218 (hCoV-19_England_201060066_2020_EPI_ISL_464392_2020-03-04)
Align target 219 (hCoV-19_USA_MI-MDHHS-SC20351_2020_EPI_ISL_450630_2020-03-30)
Align target 220 (hCoV-19_USA_WA-UW190_2020_EPI_ISL_416728)
Align target 221 (hCoV-19_Netherlands_NA_509_2020_EPI_ISL_460682_2020-03-26)
Align target 222 (hCoV-19_Wales_PHWC-2A237_2020_EPI_ISL_445540_2020-04-05)
Align target 223 (hCoV-19_Canada_QGLO-034_2020__EPI_ISL_459885_2020-03-29)
Align target 224 (hCoV-19_Scotland_CVR660_2020_EPI_ISL_439095_2020-03-26)
Align target 225 (hCoV-19_Luxembourg_LNS8815434_2020_EPI_ISL_429795)
Align target 226 (hCoV-19_Wales_PHWC-24112_2020_EPI_ISL_418146)
Align target 227 (hCoV-19_USA_ID-UW-4376_2020_EPI_ISL_461424_2020-03-27)
Align target 228 (hCoV-19_England_SHEF-C3BDB_2020_EPI_ISL_462012_2020-04-17)
Align target 229 (hCoV-19_Denmark_ALAB-SSI163_2020_EPI_ISL_429378)
Align target 230 (hCoV-19_England_NOTT-10FBA5_2020_EPI_ISL_432695_2020-04-07)
Align target 231 (hCoV-19_England_LOND-D5295_2020_EPI_ISL_449697_2020-04-15)
Align target 232 (hCoV-19_Israel_51140315_2020_EPI_ISL_447324_2020-03-18)
Align target 233 (hCoV-19_England_NOTT-10EA03_2020_EPI_ISL_425626)
Align target 234 (hCoV-19_Denmark_ALAB-HH-102_2020_EPI_ISL_451989_2020-03-08)
Align target 235 (hCoV-19_Netherlands_NoordBrabant_96_2020_EPI_ISL_422890)
Align target 236 (hCoV-19_USA_CT-Yale-042_2020_EPI_ISL_428382)
Align target 237 (hCoV-19_Belgium_RJ-0507419_2020_EPI_ISL_462273_2020-05-07)
Align target 238 (hCoV-19_Iceland_171_2020_EPI_ISL_417549)
Align target 239 (hCoV-19_England_CAMB-72E69_2020_EPI_ISL_439993_2020-03-21)
Align target 240 (hCoV-19_England_BRIS-124C2F_2020_EPI_ISL_443890_2020-03-25)
Align target 241 (hCoV-19_Wales_PHWC-247D4_2020_EPI_ISL_419447)
Align target 242 (hCoV-19_Spain_COV002057_2020_EPI_ISL_452372_2020-03-28)
Align target 243 (hCoV-19_England_20144009404_2020_EPI_ISL_465975_2020-03-31)
Align target 244 (hCoV-19_England_20132091804_2020_EPI_ISL_423824)
Align target 245 (hCoV-19_Singapore_89_2020_EPI_ISL_435694_2020-04-22)
Align target 246 (hCoV-19_Australia_NSW136_2020_EPI_ISL_427692)
Align target 247 (hCoV-19_India_THSTI-BAL_39_2020_EPI_ISL_454858_2020-04-07)
Align target 248 (hCoV-19_Australia_NSW226_2020_EPI_ISL_451492_2020-03-28)
Align target 249 (hCoV-19_England_20144023604_2020_EPI_ISL_465996_2020-03-26)
Align target 250 (hCoV-19_England_BRIS-124B04_2020_EPI_ISL_443964_2020-03-26)
Align target 251 (hCoV-19_France_10018HJ_2020_EPI_ISL_447703_2020-03)
Align target 252 (hCoV-19_USA_NY-NYUMC763_2020_EPI_ISL_451477_2020-03-20)
Align target 253 (hCoV-19_Poland_PL_P26_2020_EPI_ISL_451987_2020-04-01)
Align target 254 (hCoV-19_Netherlands_Overijssel_28_2020_EPI_ISL_460817_2020-03-16)
Align target 255 (hCoV-19_Scotland_CVR764_2020_EPI_ISL_439106_2020-03-26)
Align target 256 (hCoV-19_England_20142062604_2020_EPI_ISL_420774)
Align target 257 (hCoV-19_Luxembourg_LNS0078676_2020_EPI_ISL_428949)
Align target 258 (hCoV-19_Wales_PHWC-23E94_2020_EPI_ISL_418123)
Align target 259 (hCoV-19_USA_MA-MGH-00537_2020_EPI_ISL_460460_2020-03-19)
Align target 260 (hCoV-19_Luxembourg_LNS6603085_2020_EPI_ISL_419593)
Align target 261 (hCoV-19_Scotland_GCVR-172CAA_2020_EPI_ISL_459157_2020-04-06)
Align target 262 (hCoV-19_Portugal_PT0409_2020_EPI_ISL_454133_2020-03-21)
Align target 263 (hCoV-19_England_LOND-D4C01_2020_EPI_ISL_449663_2020-04-14)
Align target 264 (hCoV-19_England_CAMB-7FDAB_2020_EPI_ISL_444413_2020-04-20)
Align target 265 (hCoV-19_Iceland_327_2020_EPI_ISL_417656)
Align target 266 (hCoV-19_USA_TX-HMH0203_2020_EPI_ISL_434878_2020-03-24)
Align target 267 (hCoV-19_Singapore_69_2020_EPI_ISL_428848)
Align target 268 (hCoV-19_England_LOND-D36F5_2020_EPI_ISL_440976_2020-03-31)
Align target 269 (hCoV-19_England_CAMB-1B05B4_2020_EPI_ISL_452896_2020-05-11)
Align target 270 (hCoV-19_Portugal_PT0482_2020_EPI_ISL_454206_2020-03-29)
Align target 271 (hCoV-19_Greece_259_31928_2020_EPI_ISL_447651_2020-03-09)
Align target 272 (hCoV-19_USA_WA-UW317_2020_EPI_ISL_418884)
Align target 273 (hCoV-19_England_EXET-1355C6_2020_EPI_ISL_457074_2020-04-08)
Align target 274 (hCoV-19_USA_UT-00008_2020_EPI_ISL_417026)
Align target 275 (hCoV-19_India_NCDC-3264_2020_EPI_ISL_436432_2020-04-05)
Align target 276 (hCoV-19_India_GBRC174b_2020_EPI_ISL_467038_2020-06-05)
Align target 277 (hCoV-19_USA_WA-S223_2020_EPI_ISL_430261)
Align target 278 (hCoV-19_England_CAMB-81FFB_2020_EPI_ISL_438607_2020-04-21)
Align target 279 (hCoV-19_USA_NY-PV09369_2020_EPI_ISL_450054_2020-03-17)
Align target 280 (hCoV-19_Wales_PHWC-32296_2020_EPI_ISL_446626_2020-04-08)
Align target 281 (hCoV-19_England_20132048102_2020_EPI_ISL_420497)
Align target 282 (hCoV-19_Yingtan_JX2480_2020_EPI_ISL_455466_2020-02-01)
Align target 283 (hCoV-19_England_201400100_2020_EPI_ISL_465880_2020-03-30)
Align target 284 (hCoV-19_England_20182008204_2020_EPI_ISL_465448_2020-04-28)
Align target 285 (hCoV-19_Portugal_PT0293_2020_EPI_ISL_454009_2020-03-12)
Align target 286 (hCoV-19_England_CAMB-1AE522_2020_EPI_ISL_459417_2020-04-27)
Align target 287 (hCoV-19_England_20114099003_2020_EPI_ISL_420460)
Align target 288 (hCoV-19_Scotland_EDB148_2020_EPI_ISL_425916)
Align target 289 (hCoV-19_Wales_PHWC-23ACD_2020_EPI_ISL_418086)
Align target 290 (hCoV-19_Wales_PHWC-254EB_2020_EPI_ISL_420999)
Align target 291 (hCoV-19_England_LIVE-9C8E3_2020_EPI_ISL_449594_2020-03-24)
Align target 292 (hCoV-19_Luxembourg_Lux1_2020_EPI_ISL_413593)
Align target 293 (hCoV-19_England_20140050604_2020_EPI_ISL_420764)
Align target 294 (hCoV-19_England_LIVE-9E0F8_2020_EPI_ISL_453269_2020-04-03)
Align target 295 (hCoV-19_Germany_BavPat5-ChVir1248_2020_EPI_ISL_450202_2020-01)
Align target 296 (hCoV-19_England_NORW-E73F7_2020_EPI_ISL_449033_2020-05-03)
Align target 297 (hCoV-19_England_201080056_2020_EPI_ISL_464447_2020-03-05)
Align target 298 (hCoV-19_Canada_MB_36_2020_EPI_ISL_429817)
Align target 299 (hCoV-19_England_20132005804_2020_EPI_ISL_423724)
Align target 300 (hCoV-19_Australia_VIC711_2020_EPI_ISL_426998)
Align target 301 (hCoV-19_Kenya_P1088_2020_EPI_ISL_457851_2020-04)
Align target 302 (hCoV-19_Sichuan_SC-YB-086_2020_EPI_ISL_451399_2020-02-04)
Align target 303 (hCoV-19_Colombia_INS-101935_2020_EPI_ISL_456153_2020-04-22)
Align target 304 (hCoV-19_USA_NC_200460_2020_EPI_ISL_458002_2020-04)
Align target 305 (hCoV-19_Guangdong_20SF1136_2020_EPI_ISL_428442)
Align target 306 (hCoV-19_Guangdong_20SF1152_2020_EPI_ISL_428444)
Align target 307 (hCoV-19_England_CAMB-7D48A_2020_EPI_ISL_441731_2020-04-05)
Align target 308 (hCoV-19_South_Africa_KRISP-0028_2020_EPI_ISL_467438_2020-04-02)
Align target 309 (hCoV-19_England_SHEF-C7ABC_2020_EPI_ISL_432852_2020-03-30)
Align target 310 (hCoV-19_Australia_NSW280_2020_EPI_ISL_451544_2020-03-24)
Align target 311 (hCoV-19_Belgium_ULG-10189_2020_EPI_ISL_455977_2020-5-11)
Align target 312 (hCoV-19_Wales_PHWC-24AF9_2020_EPI_ISL_419483)
Align target 313 (hCoV-19_India_RMRC25_2020_EPI_ISL_455308_2020-04-04)
hCoV-19_India_RMRC25_2020_EPI_ISL_455308_2020-04-04: Frameshift error (scores nt: 112796; codon: 88703)
Align target 314 (hCoV-19_Colombia_GVI97527_2020_EPI_ISL_447817_2020-04-09)
Align target 315 (hCoV-19_Canada_QC_AA6_2020_EPI_ISL_444496_2020-04-07)
Align target 316 (hCoV-19_England_20114028104_2020_EPI_ISL_464718_2020-03-10)
Align target 317 (hCoV-19_England_CAMB-7CB0E_2020_EPI_ISL_442178_2020-04-05)
Align target 318 (hCoV-19_England_20109056406_2020_EPI_ISL_417281)
Align target 319 (hCoV-19_England_20136096904_2020_EPI_ISL_420651)
Align target 320 (hCoV-19_Wales_PHWC-29274_2020_EPI_ISL_445501_2020-04-03)
Align target 321 (hCoV-19_England_20109009104_2020_EPI_ISL_464538_2020-03-06)
Align target 322 (hCoV-19_Belgium_RGE-0325122_2020_EPI_ISL_420379)
Align target 323 (hCoV-19_USA_VA-DCLS-0111_2020_EPI_ISL_434603_2020-04-08)
Align target 324 (hCoV-19_India_GBRC62_2020_EPI_ISL_447037_2020-05-03)
Align target 325 (hCoV-19_England_NORW-E8208_2020_EPI_ISL_449124_2020-04-08)
Align target 326 (hCoV-19_Netherlands_ZuidHolland_152_2020_EPI_ISL_461325_2020-04-28)
Align target 327 (hCoV-19_USA_WA-UW-4897_2020_EPI_ISL_429635)
Align target 328 (hCoV-19_USA_IA-GMF-3912_2020_EPI_ISL_455577_2020-05-20)
Align target 329 (hCoV-19_France_HF2234_2020_EPI_ISL_416495)
Align target 330 (hCoV-19_Switzerland_100079_2020_EPI_ISL_451671_2020-03-12)
Align target 331 (hCoV-19_England_CAMB-7ED15_2020_EPI_ISL_442834_2020-04-06)
Align target 332 (hCoV-19_Australia_VIC1658_2020_EPI_ISL_456559_2020-05-12)
Align target 333 (hCoV-19_Spain_COV002595_2020_EPI_ISL_467090_2020-03-12)
Align target 334 (hCoV-19_England_LOND-D521D_2020_EPI_ISL_449690_2020-04-15)
Align target 335 (hCoV-19_USA_NY-NYUMC738_2020_EPI_ISL_451453_2020-03-22)
Align target 336 (hCoV-19_Scotland_CVR2226_2020_EPI_ISL_448168_2020-04-12)
Align target 337 (hCoV-19_England_201420174_2020_EPI_ISL_465925_2020-03-28)
Align target 338 (hCoV-19_Wales_PHWC-26365_2020_EPI_ISL_422309)
Align target 339 (hCoV-19_Wales_PHWC-2A3AD_2020_EPI_ISL_445562_2020-04-05)
Align target 340 (hCoV-19_Wales_PHWC-26893_2020_EPI_ISL_422141)
Align target 341 (hCoV-19_USA_NM-UNM-00097_2020_EPI_ISL_467638_2020-04-01)
Align target 342 (hCoV-19_Taiwan_TSGH-15_2020_EPI_ISL_436100_2020-03-19)
Align target 343 (hCoV-19_Australia_VIC420_2020_EPI_ISL_426720)
Align target 344 (hCoV-19_Australia_NSW352_2020_EPI_ISL_451613_2020-04-08)
Align target 345 (hCoV-19_Scotland_CVR3138_2020_EPI_ISL_461700_2020-04-26)
Align target 346 (hCoV-19_Italy_TE14162_2020_EPI_ISL_435154_2020-04-09)
Align target 347 (hCoV-19_USA_WA-UW-1561_2020_EPI_ISL_423011)
Align target 348 (hCoV-19_USA_UT-0536_2020_EPI_ISL_435370_2020-04-04)
Align target 349 (hCoV-19_Netherlands_NA_197_2020_EPI_ISL_422732)
Align target 350 (hCoV-19_England_CAMB-777C3_2020_EPI_ISL_439529_2020-03-31)
Align target 351 (hCoV-19_Wales_PHWC-26C88_2020_EPI_ISL_422156)
Align target 352 (hCoV-19_Ireland_22901_2020_EPI_ISL_418582)
Align target 353 (hCoV-19_Wales_PHWC-2D5E0_2020_EPI_ISL_446002_2020-04-04)
Align target 354 (hCoV-19_Switzerland_100814_2020_EPI_ISL_451764_2020-03-26)
Align target 355 (hCoV-19_Greece_151_2020_EPI_ISL_434486_2020-03-13)
Align target 356 (hCoV-19_England_CAMB-1AE4CB_2020_EPI_ISL_459476_2020-04-28)
Align target 357 (hCoV-19_Scotland_EDB3498_2020_EPI_ISL_439271_2020-04-13)
Align target 358 (hCoV-19_Scotland_CVR3117_2020_EPI_ISL_461689_2020-04-25)
Align target 359 (hCoV-19_USA_ID-UW-4357_2020_EPI_ISL_426065)
Align target 360 (hCoV-19_England_CAMB-8371F_2020_EPI_ISL_443570_2020-04-15)
Align target 361 (hCoV-19_Thailand_Bangkok-CONI-0113_2020_EPI_ISL_455915_2020-03-11)
Align target 362 (hCoV-19_England_BRIS-12AA10_2020_EPI_ISL_458471_2020-04-30)
Align target 363 (hCoV-19_England_BRIS-12AAA7_2020_EPI_ISL_458515_2020-04-30)
Align target 364 (hCoV-19_USA_UT-03911_2020_EPI_ISL_450568_2020-04-13)
Align target 365 (hCoV-19_USA_NY-NYUMC534_2020_EPI_ISL_444651_2020-03-29)
Align target 366 (hCoV-19_Scotland_CVR3070_2020_EPI_ISL_461654_2020-04-24)
Align target 367 (hCoV-19_England_CAMB-72467_2020_EPI_ISL_439621_2020-03-24)
Align target 368 (hCoV-19_England_LIVE-9DED1_2020_EPI_ISL_453246_2020-04-05)
Align target 369 (hCoV-19_Scotland_EDB4752_2020_EPI_ISL_453147_2020-05-07)
Align target 370 (hCoV-19_Spain_Valencia59_2020_EPI_ISL_425183)
Align target 371 (hCoV-19_England_201640158_2020_EPI_ISL_466446_2020-04-14)
Align target 372 (hCoV-19_England_NOTT-10FC84_2020_EPI_ISL_432706_2020-04-08)
Align target 373 (hCoV-19_Scotland_EDB5478_2020_EPI_ISL_461751_2020-04-25)
Align target 374 (hCoV-19_England_NORT-2892E9_2020_EPI_ISL_458588_2020-03-28)
Align target 375 (hCoV-19_Wales_PHWC-311B8_2020_EPI_ISL_446416_2020-04-10)
Align target 376 (hCoV-19_England_NORW-E8CBF_2020_EPI_ISL_448298_2020-04-13)
Align target 377 (hCoV-19_Japan_Hu_DP_Kng_19-020_2020_EPI_ISL_412968)
Align target 378 (hCoV-19_Australia_VIC488_2020_EPI_ISL_426919)
Align target 379 (hCoV-19_USA_MA-MGH-00461_2020_EPI_ISL_460099_2020-04-04)
Align target 380 (hCoV-19_Netherlands_Zeeland_10_2020_EPI_ISL_461248_2020-03-24)
Align target 381 (hCoV-19_Congo_94_2020_EPI_ISL_417947)
Align target 382 (hCoV-19_England_SHEF-CBFE6_2020_EPI_ISL_432520_2020-03-27)
Align target 383 (hCoV-19_Spain_Valencia594_2020_EPI_ISL_447517_2020-04-01)
Align target 384 (hCoV-19_USA_WA-UW-2100_2020_EPI_ISL_426086)
Align target 385 (hCoV-19_Wales_PHWC-2ACC0_2020_EPI_ISL_445690_2020-04-05)
Align target 386 (hCoV-19_England_CAMB-1B02F9_2020_EPI_ISL_459254_2020-05-02)
Align target 387 (hCoV-19_Austria_CeMM0191_2020_EPI_ISL_438032_2020-03-13)
Align target 388 (hCoV-19_England_CAMB-77444_2020_EPI_ISL_438542_2020-04-01)
Align target 389 (hCoV-19_USA_WA-S728_2020_EPI_ISL_449898_2020-04-10)
Align target 390 (hCoV-19_Italy_INMI11-N_2020_EPI_ISL_451305_2020-03-23)
Align target 391 (hCoV-19_England_LIVE-9F08E_2020_EPI_ISL_453425_2020-04-13)
Align target 392 (hCoV-19_England_20120012004_2020_EPI_ISL_465152_2020-03-14)
Align target 393 (hCoV-19_England_CAMB-7A520_2020_EPI_ISL_441326_2020-04-02)
Align target 394 (hCoV-19_France_B5363_2020_EPI_ISL_443273_2020-03-24)
Align target 395 (hCoV-19_USA_WA-UW128_2020_EPI_ISL_416666)
Align target 396 (hCoV-19_USA_WA-UW-1920_2020_EPI_ISL_424298)
Align target 397 (hCoV-19_England_20138077804_2020_EPI_ISL_423323)
Align target 398 (hCoV-19_England_EXET-135B5B_2020_EPI_ISL_457137_2020)
Align target 399 (hCoV-19_USA_MA-MGH-00302_2020_EPI_ISL_460151_2020-04-01)
Computing global alignment... done.
