Align target 0 (hCoV-19_Netherlands_NoordBrabant_102_2020_EPI_ISL_422861)
Align target 1 (hCoV-19_USA_MI-MDHHS-SC20364_2020_EPI_ISL_450575_2020-03-14)
Align target 2 (hCoV-19_Canada_QC_AE8_2020_EPI_ISL_463907_2020-04-07)
Align target 3 (hCoV-19_Canada_BC_10589793_2020_EPI_ISL_467314_2020-04)
Align target 4 (hCoV-19_Wales_PHWC-28F05_2020_EPI_ISL_431964_2020-04-02)
Align target 5 (hCoV-19_Wuhan_YB012611_2020_EPI_ISL_450501_2020-01-26)
Align target 6 (hCoV-19_England_SHEF-C8C5B_2020_EPI_ISL_442035_2020-04-11)
Align target 7 (hCoV-19_Scotland_GCVR-170AFD_2020_EPI_ISL_459514_2020-03-24)
Align target 8 (hCoV-19_Belgium_BS-0331359_2020_EPI_ISL_462213_2020-03-31)
Align target 9 (hCoV-19_USA_MI-MDHHS-SC20543_2020_EPI_ISL_460591_2020-05-05)
Align target 10 (hCoV-19_England_NOTT-10E64B_2020_EPI_ISL_425573)
Align target 11 (hCoV-19_Switzerland_100822_2020_EPI_ISL_451771_2020-03-26)
Align target 12 (hCoV-19_USA_WA-UW-4316_2020_EPI_ISL_427258)
Align target 13 (hCoV-19_Australia_VIC1117_2020_EPI_ISL_430571)
Align target 14 (hCoV-19_USA_LA-SR0298_2020_EPI_ISL_445153_2020-04-08)
Align target 15 (hCoV-19_Australia_NSW178_2020_EPI_ISL_427670)
Align target 16 (hCoV-19_USA_WA-S1090_2020_EPI_ISL_463580_2020-04-29)
Align target 17 (hCoV-19_England_20139057604_2020_EPI_ISL_420721)
Align target 18 (hCoV-19_Australia_NSW145_2020_EPI_ISL_427708)
Align target 19 (hCoV-19_England_20139062304_2020_EPI_ISL_420740)
Align target 20 (hCoV-19_India_ILSCV18556_2020_EPI_ISL_463063_2020-05-13)
Align target 21 (hCoV-19_South_Africa_KRISP-0170_2020_EPI_ISL_467520_2020-05-31)
Align target 22 (hCoV-19_Switzerland_101167_2020_EPI_ISL_451831_2020-03-31)
Align target 23 (hCoV-19_Scotland_CVR2518_2020_EPI_ISL_453059_2020-04-15)
Align target 24 (hCoV-19_England_CAMB-794D9_2020_EPI_ISL_441181_2020-04-03)
Align target 25 (hCoV-19_Spain_Madrid201449_2020_EPI_ISL_418252)
Align target 26 (hCoV-19_USA_NY-NYUMC26_2020_EPI_ISL_418972)
Align target 27 (hCoV-19_England_20100005102_2020_EPI_ISL_464249_2020-02-28)
Align target 28 (hCoV-19_Portugal_PT0028_2020_EPI_ISL_418013)
Align target 29 (hCoV-19_New_Zealand_20VR1617_2020_EPI_ISL_456227_2020-03-23)
Align target 30 (hCoV-19_Israel_2020078_2020_EPI_ISL_447411_2020-03-17)
Align target 31 (hCoV-19_England_CAMB-79AE6_2020_EPI_ISL_433822_2020-03-26)
Align target 32 (hCoV-19_England_20136016204_2020_EPI_ISL_465819_2020-03-24)
Align target 33 (hCoV-19_USA_CA-SR0371_2020_EPI_ISL_458254_2020-04-29)
Align target 34 (hCoV-19_USA_NM-UNM-00019_2020_EPI_ISL_467600_2020-03-12)
Align target 35 (hCoV-19_Canada_BC_22332113_2020_EPI_ISL_462828_2020-03)
Align target 36 (hCoV-19_Netherlands_NA_164_2020_EPI_ISL_422699)
Align target 37 (hCoV-19_USA_MI-MDHHS-SC20085_2020_EPI_ISL_437172_2020-03-27)
Align target 38 (hCoV-19_USA_CT-UW-6271_2020_EPI_ISL_430962_2020-04-01)
Align target 39 (hCoV-19_England_CAMB-1AE258_2020_EPI_ISL_459440_2020-04-26)
Align target 40 (hCoV-19_Luxembourg_LNS9102463_2020_EPI_ISL_445058_2020-04-22)
Align target 41 (hCoV-19_Poland_Sla4_2020_EPI_ISL_451658_2020-05-05)
Align target 42 (hCoV-19_USA_MD-HP073_2020_EPI_ISL_438231_2020-03-17)
Align target 43 (hCoV-19_England_20109009804_2020_EPI_ISL_464541_2020-03-04)
Align target 44 (hCoV-19_Wales_PHWC-28178_2020_EPI_ISL_431980_2020-03-27)
Align target 45 (hCoV-19_Australia_VIC389_2020_EPI_ISL_426696)
Align target 46 (hCoV-19_Kenya_P2717_2020_EPI_ISL_457889_2020-04)
Align target 47 (hCoV-19_Singapore_36_2020_EPI_ISL_422429)
Align target 48 (hCoV-19_India_NIHSAD-2604-22_2020_EPI_ISL_452790_2020-04-24)
Align target 49 (hCoV-19_England_SHEF-CFB93_2020_EPI_ISL_432598_2020-04-03)
Align target 50 (hCoV-19_England_SHEF-D1536_2020_EPI_ISL_432630_2020-04-02)
Align target 51 (hCov-19_Bangladesh_DU_50740_EPI_ISL_450839_2020-05-06)
Align target 52 (hCoV-19_Hungary_SRC-01136_2020_EPI_ISL_435418_2020-04-02)
Align target 53 (hCoV-19_Australia_VIC377_2020_EPI_ISL_426684)
Align target 54 (hCoV-19_Portugal_PT0260_2020_EPI_ISL_453974_2020-04-03)
Align target 55 (hCoV-19_Germany_FFM1_2020_EPI_ISL_447608_2020-02)
Align target 56 (hCoV-19_Portugal_PT0501_2020_EPI_ISL_454225_2020-03-15)
Align target 57 (hCoV-19_Netherlands_NoordBrabant_177_2020_EPI_ISL_461203_2020)
Align target 58 (hCoV-19_England_SHEF-D19C1_2020_EPI_ISL_432636_2020-03-28)
Align target 59 (hCoV-19_Iceland_337_2020_EPI_ISL_417666)
Align target 60 (hCoV-19_Canada_BC_21927217_2020_EPI_ISL_462819_2020-03)
Align target 61 (hCoV-19_Spain_COV000744_2020_EPI_ISL_452741_2020-03-08)
Align target 62 (hCoV-19_USA_OR-OHSU053-CV53_2020_EPI_ISL_437533_2020-04-19)
Align target 63 (hCoV-19_Northern_Ireland_NIRE-FAE96_2020_EPI_ISL_448931_2020-03-26)
Align target 64 (hCoV-19_USA_WA-S991_2020_EPI_ISL_463481_2020-04-27)
Align target 65 (hCoV-19_Denmark_ALAB-SSI376_2020_EPI_ISL_429481)
Align target 66 (hCoV-19_Denmark_ALAB-SSI-849_2020_EPI_ISL_444940_2020-03-30)
Align target 67 (hCoV-19_Northern_Ireland_NIRE-FBE0E_2020_EPI_ISL_459358_2020-04-10)
Align target 68 (hCoV-19_England_BIRM-5E9DB_2020_EPI_ISL_447927_2020-04-26)
Align target 69 (hCoV-19_USA_CA-CZB-1058_2020_EPI_ISL_437058_2020-04-06)
Align target 70 (hCoV-19_Iceland_497_2020_EPI_ISL_424519)
Align target 71 (hCoV-19_England_NORW-EC4D1_2020_EPI_ISL_457529_2020-05-10)
Align target 72 (hCoV-19_USA_NY-NYUMC717_2020_EPI_ISL_451432_2020-03-26)
Align target 73 (hCoV-19_England_20176041404_2020_EPI_ISL_465412_2020-04-21)
Align target 74 (hCoV-19_England_CAMB-7B237_2020_EPI_ISL_433933_2020-04-11)
Align target 75 (hCoV-19_Belgium_ULG-10147_2020_EPI_ISL_447144_2020-4-18)
Align target 76 (hCoV-19_Japan_DP0005_2020_EPI_ISL_416565)
Align target 77 (hCoV-19_Australia_NSW99_2020_EPI_ISL_427777)
Align target 78 (hCoV-19_USA_CA-CZB-1263_2020_EPI_ISL_454683_2020-05-12)
Align target 79 (hCoV-19_England_CAMB-75631_2020_EPI_ISL_425416)
Align target 80 (hCoV-19_England_BRIS-123B32_2020_EPI_ISL_442699_2020-04-07)
Align target 81 (hCoV-19_Wales_PHWC-25339_2020_EPI_ISL_432348_2020-03-23)
Align target 82 (hCoV-19_England_NORT-289735_2020_EPI_ISL_458624_2020-03-31)
Align target 83 (hCoV-19_Sweden_20-07156_2020_EPI_ISL_452234_2020-04-01)
Align target 84 (hCoV-19_Shanghai_SH0045_2020_EPI_ISL_416354)
Align target 85 (hCoV-19_England_LIVE-9B116_2020_EPI_ISL_449412_2020-03-25)
Align target 86 (hCoV-19_England_20129036804_2020_EPI_ISL_424036)
Align target 87 (hCoV-19_Sichuan_SC-NC-068_2020_EPI_ISL_451328_2020-02-02)
Align target 88 (hCoV-19_USA_LA-EVTL027_2020_EPI_ISL_435565_2020-04-24)
Align target 89 (hCoV-19_USA_MI-MDHHS-SC20080_2020_EPI_ISL_437167_2020-03-26)
Align target 90 (hCoV-19_Portugal_PT0301_2020_EPI_ISL_454017_2020-03-14)
Align target 91 (hCoV-19_England_200990725_2020_EPI_ISL_414007)
Align target 92 (hCoV-19_Australia_NSW138_2020_EPI_ISL_427761)
Align target 93 (hCoV-19_England_CAMB-1B154A_2020_EPI_ISL_458564_2020-05-06)
Align target 94 (hCoV-19_USA_NY-NYUMC135_2020_EPI_ISL_424942)
Align target 95 (hCoV-19_Scotland_GCVR-1700BF_2020_EPI_ISL_459532_2020-03-23)
Align target 96 (hCoV-19_India_RMRC23_2020_EPI_ISL_455774_2020-04-04)
Align target 97 (hCoV-19_England_CAMB-1AE63E_2020_EPI_ISL_459447_2020-04-27)
Align target 98 (hCoV-19_England_Sheff01_2020_EPI_ISL_414500)
Align target 99 (hCoV-19_England_BRIS-125FAD_2020_EPI_ISL_459058_2020-04-10)
Align target 100 (hCoV-19_India_GBRC67b_2020_EPI_ISL_447044_2020-05-03)
Align target 101 (hCoV-19_Scotland_CVR1140_2020_EPI_ISL_433517_2020-03-29)
Align target 102 (hCoV-19_USA_WI-150_2020_EPI_ISL_427457)
Align target 103 (hCoV-19_England_20119027704_2020_EPI_ISL_465037_2020-03-14)
Align target 104 (hCoV-19_England_CAMB-796F1_2020_EPI_ISL_441215_2020-04-04)
Align target 105 (hCoV-19_Colombia_GVI97447_2020_EPI_ISL_447815_2020-04-06)
Align target 106 (hCoV-19_India_NCDC-2507_2020_EPI_ISL_436415_2020-03-31)
Align target 107 (hCoV-19_USA_MA-MGH-00501_2020_EPI_ISL_460258_2020-03-27)
Align target 108 (hCoV-19_England_CAMB-79D83_2020_EPI_ISL_440620_2020-04-01)
Align target 109 (hCoV-19_England_LOND-D3EA2_2020_EPI_ISL_441045_2020-04-04)
Align target 110 (hCoV-19_Australia_VIC1436_2020_EPI_ISL_456441_2020-04-17)
Align target 111 (hCoV-19_Scotland_CVR1669_2020_EPI_ISL_433647_2020-04-05)
Align target 112 (hCoV-19_Spain_Valencia62_2020_EPI_ISL_425186)
Align target 113 (hCoV-19_Scotland_EDB106_2020_EPI_ISL_425894)
Align target 114 (hCoV-19_USA_WA-S271_2020_EPI_ISL_430125)
Align target 115 (hCoV-19_England_20186106204_2020_EPI_ISL_465485_2020-04-28)
Align target 116 (hCoV-19_England_NOTT-10E229_2020_EPI_ISL_425514)
Align target 117 (hCoV-19_Hong_Kong_HKPU89-2502_2020_EPI_ISL_419250)
Align target 118 (hCoV-19_Wales_PHWC-318A4_2020_EPI_ISL_446499_2020-04-11)
Align target 119 (hCoV-19_Scotland_CVR124_2020_EPI_ISL_425667)
Align target 120 (hCoV-19_England_20099089404_2020_EPI_ISL_464227_2020-03-01)
Align target 121 (hCoV-19_Canada_BC_03452391_2020_EPI_ISL_466741_2020-04)
Align target 122 (hCoV-19_England_CAMB-1AE14C_2020_EPI_ISL_459464_2020-04-28)
Align target 123 (hCoV-19_Portugal_PT0615_2020_EPI_ISL_454338_2020-03-17)
Align target 124 (hCoV-19_England_CAMB-1B3214_2020_EPI_ISL_456753_2020-05-22)
Align target 125 (hCoV-19_Scotland_EDB4175_2020_EPI_ISL_449279_2020-04-20)
Align target 126 (hCoV-19_Australia_NSW151_2020_EPI_ISL_427721)
Align target 127 (hCoV-19_Scotland_CVR3044_2020_EPI_ISL_461632_2020-04-24)
Align target 128 (hCoV-19_USA_IL-NM0111_2020_EPI_ISL_444595_2020-03-20)
Align target 129 (hCoV-19_USA_MA-MGH-00016_2020_EPI_ISL_460101_2020-03-25)
Align target 130 (hCoV-19_Switzerland_100010_2020_EPI_ISL_466935_2020-03-05)
Align target 131 (hCoV-19_Scotland_CVR2222_2020_EPI_ISL_448165_2020-04-12)
Align target 132 (hCoV-19_England_NOTT-1117AC_2020_EPI_ISL_461922_2020-05-20)
Align target 133 (hCoV-19_USA_ID-UW-4486_2020_EPI_ISL_427172)
Align target 134 (hCoV-19_Wales_PHWC-2A5F2_2020_EPI_ISL_445593_2020-04-06)
Align target 135 (hCoV-19_Germany_BAV-MVP0201_2020_EPI_ISL_466886_2020-04-17)
Align target 136 (hCoV-19_USA_NV_0052_2020_EPI_ISL_424879)
Align target 137 (hCoV-19_England_CAMB-77C4C_2020_EPI_ISL_440843_2020-04-02)
Align target 138 (hCoV-19_Netherlands_NA_25_2020_EPI_ISL_415482)
Align target 139 (hCoV-19_England_OXON-ADB5F_2020_EPI_ISL_448617_2020)
Align target 140 (hCoV-19_France_HF1795_2020_EPI_ISL_414627)
Align target 141 (hCoV-19_England_CAMB-765F7_2020_EPI_ISL_438493_2020-03-30)
Align target 142 (hCoV-19_Switzerland_100799_2020_EPI_ISL_451749_2020-03-25)
Align target 143 (hCoV-19_Thailand_Bangkok-0078_2020_EPI_ISL_447019_2020-04-01)
Align target 144 (hCoV-19_India_CCMB_J458_2020_EPI_ISL_447575_2020-04-02)
Align target 145 (hCoV-19_USA_NY-NYUMC143_2020_EPI_ISL_424950)
Align target 146 (hCoV-19_USA_MI-MDHHS-SC20214_2020_EPI_ISL_447185_2020-04-22)
Align target 147 (hCoV-19_England_CAMB-77B8B_2020_EPI_ISL_439453_2020-04-01)
Align target 148 (hCoV-19_Australia_VIC151_2020_EPI_ISL_419848)
Align target 149 (hCoV-19_Wales_PHWC-2E048_2020_EPI_ISL_446050_2020-04-10)
Align target 150 (hCoV-19_Hangzhou_HZCDC0091_2020_EPI_ISL_421228)
Align target 151 (hCoV-19_England_CAMB-1AD8B1_2020_EPI_ISL_448020_2020-05-04)
Align target 152 (hCoV-19_England_CAMB-7C7DD_2020_EPI_ISL_441588_2020-04-03)
Align target 153 (hCoV-19_England_SHEF-CA354_2020_EPI_ISL_457641_2020-03-21)
Align target 154 (hCoV-19_Wales_PHWC-2949C_2020_EPI_ISL_432128_2020-04-03)
Align target 155 (hCoV-19_England_CAMB-779AF_2020_EPI_ISL_439466_2020-04-01)
Align target 156 (hCoV-19_Belgium_RIM-0407393_2020_EPI_ISL_462247_2020-04-07)
Align target 157 (hCoV-19_England_201080091_2020_EPI_ISL_464467_2020-03-05)
Align target 158 (hCoV-19_Scotland_CVR2641_2020_EPI_ISL_453065_2020-04-16)
Align target 159 (hCoV-19_Wales_PHWC-2B236_2020_EPI_ISL_432286_2020-04-08)
Align target 160 (hCoV-19_Singapore_199_2020_EPI_ISL_462317_2020-04-23)
Align target 161 (hCoV-19_Scotland_EDB019_2020_EPI_ISL_425825)
Align target 162 (hCoV-19_Belgium_BGM-030444_2020_EPI_ISL_420442)
Align target 163 (hCoV-19_Australia_VIC1737_2020_EPI_ISL_456634_2020-05-02)
Align target 164 (hCoV-19_England_LIVE-9F349_2020_EPI_ISL_453449_2020-05-01)
Align target 165 (hCoV-19_England_CAMB-1ADDEF_2020_EPI_ISL_459468_2020-04-26)
Align target 166 (hCoV-19_Luxembourg_LNS3989293_2020_EPI_ISL_429749)
Align target 167 (hCoV-19_USA_TX-HMH0379_2020_EPI_ISL_434967_2020-03-30)
Align target 168 (hCoV-19_Netherlands_NA_100_2020_EPI_ISL_422649)
Align target 169 (hCoV-19_USA_WA-UW304_2020_EPI_ISL_418872)
Align target 170 (hCoV-19_Iceland_443_2020_EPI_ISL_424467)
Align target 171 (hCoV-19_USA_NY-PV09486_2020_EPI_ISL_450158_2020-03-20)
Align target 172 (hCoV-19_USA_VA-DCLS-0086_2020_EPI_ISL_429983)
Align target 173 (hCoV-19_Wales_PHWC-27E45_2020_EPI_ISL_432375_2020)
Align target 174 (hCoV-19_DRC_3683_2020_EPI_ISL_447236_2020-04-24)
Align target 175 (hCoV-19_USA_WA-S1009_2020_EPI_ISL_463499_2020-04-30)
Align target 176 (hCoV-19_South_Africa_KRISP-0075_2020_EPI_ISL_467453_2020-04-04)
Align target 177 (hCoV-19_USA_WA-UW166_2020_EPI_ISL_416704)
Align target 178 (hCoV-19_England_CAMB-1B1243_2020_EPI_ISL_459197_2020-05-07)
Align target 179 (hCoV-19_England_20130062904_2020_EPI_ISL_423644)
Align target 180 (hCoV-19_USA_WA-S29_2020_EPI_ISL_417082)
Align target 181 (hCoV-19_USA_FL-BPHL-08_2020_EPI_ISL_436512_2020-04-03)
Align target 182 (hCoV-19_Wales_PHWC-2F0ED_2020_EPI_ISL_446200_2020-04-06)
Align target 183 (hCoV-19_England_CAMB-72DD5_2020_EPI_ISL_440011_2020-03-23)
Align target 184 (hCoV-19_France_Lyon_06820_2020_EPI_ISL_417339)
Align target 185 (hCoV-19_England_BRIS-121CF5_2020_EPI_ISL_440228_2020-03-20)
Align target 186 (hCoV-19_USA_MN124-MDH124_2020_EPI_ISL_421683)
Align target 187 (hCoV-19_Australia_QLDID936_2020_EPI_ISL_436098_2020-03-23)
Align target 188 (hCoV-19_USA_WI-UW-264_2020_EPI_ISL_434610_2020-04-12)
Align target 189 (hCoV-19_USA_WI-97_2020_EPI_ISL_425154)
Align target 190 (hCoV-19_Denmark_ALAB-HH75_2020_EPI_ISL_429316)
Align target 191 (hCoV-19_England_CAMB-728D4_2020_EPI_ISL_439569_2020-03-23)
Align target 192 (hCoV-19_USA_VI-CDC-3705_2020_EPI_ISL_452122_2020-03-23)
Align target 193 (hCoV-19_Scotland_CVR462_2020_EPI_ISL_425775)
Align target 194 (hCoV-19_Sweden_20-50105_2020_EPI_ISL_455855_2020-03-03)
Align target 195 (hCoV-19_England_NORW-E8077_2020_EPI_ISL_449101_2020-04-14)
Align target 196 (hCoV-19_New_Zealand_20VR1625_2020_EPI_ISL_456235_2020-03-24)
Align target 197 (hCoV-19_USA_OR-OHSU027-CV27_2020_EPI_ISL_437524_2020-04-16)
Align target 198 (hCoV-19_Scotland_EDB008_2020_EPI_ISL_415635)
Align target 199 (hCoV-19_Wales_PHWC-29EDA_2020_EPI_ISL_432319_2020-03-30)
Align target 200 (hCoV-19_Netherlands_ZuidHolland_10005_2020_EPI_ISL_454754_2020-02-28)
Align target 201 (hCoV-19_Scotland_CVR40_2020_EPI_ISL_425768)
Align target 202 (hCoV-19_Denmark_ALAB-SSI256_2020_EPI_ISL_429419)
Align target 203 (hCoV-19_Indonesia_EJ-ITD3590NT_2020_EPI_ISL_437188_2020-04-14)
Align target 204 (hCoV-19_England_CAMB-77C2E_2020_EPI_ISL_440814_2020-04-02)
Align target 205 (hCoV-19_USA_NY-NYUMC368_2020_EPI_ISL_430395)
Align target 206 (hCoV-19_England_SHEF-C51E6_2020_EPI_ISL_432799_2020-03-30)
Align target 207 (hCoV-19_USA_WA-S128_2020_EPI_ISL_430165)
Align target 208 (hCoV-19_USA_WA-UW-1822_2020_EPI_ISL_424276)
Align target 209 (hCoV-19_Brazil_RJ-2717_2020_EPI_ISL_467359_2020-04-24)
Align target 210 (hCoV-19_Australia_NSW364_2020_EPI_ISL_451625_2020-04-14)
Align target 211 (hCoV-19_England_LIVE-9F33A_2020_EPI_ISL_453448_2020-05-01)
Align target 212 (hCoV-19_Senegal_020_2020_EPI_ISL_418208)
Align target 213 (hCoV-19_England_NOTT-1118E5_2020_EPI_ISL_461938_2020-05-28)
Align target 214 (hCoV-19_Wales_PHWC-31965_2020_EPI_ISL_446508_2020-04-10)
Align target 215 (hCoV-19_England_OXON-AC6F5_2020_EPI_ISL_448477_2020-04-05)
Align target 216 (hCoV-19_Scotland_EDB1168_2020_EPI_ISL_433418_2020-04-08)
Align target 217 (hCoV-19_Brazil_SP0105_2020_EPI_ISL_417929)
Align target 218 (hCoV-19_England_LOND-D38C2_2020_EPI_ISL_441003_2020-04-02)
Align target 219 (hCoV-19_Wales_PHWC-27276_2020_EPI_ISL_431972_2020-03-31)
Align target 220 (hCoV-19_USA_MN-MDH-1049_2020_EPI_ISL_462894_2020-05-14)
Align target 221 (hCoV-19_USA_NY-NYUMC147_2020_EPI_ISL_424954)
Align target 222 (hCoV-19_USA_WA-S604_2020_EPI_ISL_438157_2020-04-19)
Align target 223 (hCoV-19_Luxembourg_LNS0406113_2020_EPI_ISL_434501_2020-04-14)
Align target 224 (hCoV-19_England_LOND-D5F43_2020_EPI_ISL_444265_2020-04-18)
Align target 225 (hCoV-19_USA_CA-CDPH-UC3_2020_EPI_ISL_413559)
Align target 226 (hCoV-19_DK_ALAB-SSI-1299_2020_EPI_ISL_437640_2020-03-27)
Align target 227 (hCoV-19_England_NOTT-10FE60_2020_EPI_ISL_441451_2020-04-09)
Align target 228 (hCoV-19_USA_MA-MGH-00687_2020_EPI_ISL_460132_2020-04-06)
Align target 229 (hCoV-19_USA_LA-SR0292_2020_EPI_ISL_445147_2020-04-07)
Align target 230 (hCoV-19_Belgium_DNS-0324176_2020_EPI_ISL_420433)
Align target 231 (hCoV-19_Wuhan_IPBCAMS-WH-01_2019_EPI_ISL_402123)
Align target 232 (hCoV-19_England_CAMB-7D3BA_2020_EPI_ISL_442296_2020-04-06)
Align target 233 (hCoV-19_England_CAMB-72D4E_2020_EPI_ISL_440062_2020-03-21)
Align target 234 (hCoV-19_Scotland_CVR632_2020_EPI_ISL_425792)
Align target 235 (hCoV-19_Belgium_ULG-10164_2020_EPI_ISL_447158_2020-4-19)
Align target 236 (hCoV-19_England_OXON-ACAEA_2020_EPI_ISL_448508_2020-04-06)
Align target 237 (hCoV-19_England_SHEF-CC000_2020_EPI_ISL_457650_2020-04-09)
Align target 238 (hCoV-19_USA_MA-MGH-00480_2020_EPI_ISL_460227_2020-04-04)
Align target 239 (hCoV-19_England_20144052804_2020_EPI_ISL_466002_2020-03-31)
Align target 240 (hCoV-19_Poland_1110551_2020_EPI_ISL_450527_2020-03-29)
Align target 241 (hCoV-19_Wales_PHWC-31789_2020_EPI_ISL_446484_2020-04-12)
Align target 242 (hCoV-19_England_20119070004_2020_EPI_ISL_465096_2020-03-15)
Align target 243 (hCoV-19_Czech_Republic_IAB_14_2020_EPI_ISL_426889)
Align target 244 (hCoV-19_Portugal_PT0503_2020_EPI_ISL_454227_2020-03-17)
Align target 245 (hCoV-19_England_CAMB-7EFD3_2020_EPI_ISL_442974_2020-04-08)
Align target 246 (hCoV-19_England_CAMB-73F92_2020_EPI_ISL_440309_2020-03-19)
Align target 247 (hCoV-19_Belgium_UGent-61_2020_EPI_ISL_451172_2020-04-08)
Align target 248 (hCoV-19_Belgium_ULG-2971_2020_EPI_ISL_416997)
Align target 249 (hCoV-19_Belgium_ULG-10085_2020_EPI_ISL_424645)
Align target 250 (hCoV-19_Scotland_CVR2182_2020_EPI_ISL_448153_2020-04-11)
Align target 251 (hCoV-19_Wales_PHWC-2B70A_2020_EPI_ISL_445751_2020-04-12)
Align target 252 (hCoV-19_USA_UT-QDX-57_2020_EPI_ISL_467920_2020-03-12)
Align target 253 (hCoV-19_USA_IL-NM0126_2020_EPI_ISL_444608_2020-03-21)
Align target 254 (hCoV-19_Iceland_572_2020_EPI_ISL_424592)
Align target 255 (hCoV-19_Wales_PHWC-30D6A_2020_EPI_ISL_446354_2020-04-09)
Align target 256 (hCoV-19_Scotland_EDB101_2020_EPI_ISL_425891)
Align target 257 (hCoV-19_Netherlands_NoordBrabant_32_2020_EPI_ISL_414541)
Align target 258 (hCoV-19_England_LIVE-99A77_2020_EPI_ISL_439791_2020-04-13)
Align target 259 (hCoV-19_USA_UT-00071_2020_EPI_ISL_430023)
Align target 260 (hCoV-19_Portugal_PT0289_2020_EPI_ISL_454005_2020-03-10)
Align target 261 (hCoV-19_England_CAMB-84EDD_2020_EPI_ISL_440445_2020-03-14)
Align target 262 (hCoV-19_Scotland_CVR2557_2020_EPI_ISL_453060_2020-04-15)
Align target 263 (hCoV-19_Australia_SAP216_2020_EPI_ISL_468000_2020-03-15)
Align target 264 (hCoV-19_Australia_VIC663_2020_EPI_ISL_426959)
Align target 265 (hCoV-19_Shanghai_SH0091_2020_EPI_ISL_416388)
Align target 266 (hCoV-19_USA_CA-CZB-1142_2020_EPI_ISL_447893_2020-04-03)
Align target 267 (hCoV-19_England_CAMB-84A60_2020_EPI_ISL_440522_2020-03-10)
Align target 268 (hCoV-19_England_201640075_2020_EPI_ISL_466436_2020-04-14)
Align target 269 (hCoV-19_Wales_PHWC-2B6A3_2020_EPI_ISL_445745_2020-04-12)
Align target 270 (hCoV-19_Wales_PHWC-2BCB0_2020_EPI_ISL_445831_2020-04-11)
Align target 271 (hCoV-19_USA_UT-00009_2020_EPI_ISL_417027)
Align target 272 (hCoV-19_Wales_PHWC-27382_2020_EPI_ISL_431939_2020-03-31)
Align target 273 (hCoV-19_USA_WA-UW-2087_2020_EPI_ISL_426083)
Align target 274 (hCoV-19_England_BRIS-125383_2020_EPI_ISL_443907_2020-03-26)
Align target 275 (hCoV-19_USA_NY-NYUMC496_2020_EPI_ISL_444613_2020-04-03)
Align target 276 (hCoV-19_USA_NY-SURV0165_2020_EPI_ISL_436052_2020-03-09)
Align target 277 (hCoV-19_Wales_PHWC-2EFD2_2020_EPI_ISL_446184_2020-04-04)
Align target 278 (hCoV-19_England_20132080604_2020_EPI_ISL_423807)
Align target 279 (hCoV-19_India_NIV-11677_2020_EPI_ISL_452194_2020-04-19)
Align target 280 (hCoV-19_USA_UT-0883_2020_EPI_ISL_435384_2020-04-06)
Align target 281 (hCoV-19_Iceland_15_2020_EPI_ISL_417800)
Align target 282 (hCoV-19_Spain_Valencia245_2020_EPI_ISL_436340_2020-03-29)
Align target 283 (hCoV-19_Scotland_EDB3974_2020_EPI_ISL_449266_2020-05-03)
Align target 284 (hCoV-19_England_NORT-289638_2020_EPI_ISL_458627_2020-03-31)
Align target 285 (hCoV-19_Australia_NSW353_2020_EPI_ISL_451614_2020-04-17)
Align target 286 (hCoV-19_Guangzhou_GZMU0059_2020_EPI_ISL_429102)
Align target 287 (hCoV-19_Portugal_PT0396b_2020_EPI_ISL_454118_2020-04-23)
Align target 288 (hCoV-19_Wales_PHWC-2A4E6_2020_EPI_ISL_445576_2020-04-06)
Align target 289 (hCoV-19_Wales_PHWC-2DEE5_2020_EPI_ISL_446037_2020-04-09)
Align target 290 (hCoV-19_Australia_VIC1283_2020_EPI_ISL_430710)
Align target 291 (hCoV-19_England_20132001704_2020_EPI_ISL_423705)
Align target 292 (hCoV-19_England_CAMB-7C8CB_2020_EPI_ISL_442076_2020-04-05)
Align target 293 (hCoV-19_England_CAMB-74A09_2020_EPI_ISL_425342)
Align target 294 (hCoV-19_England_201620642_2020_EPI_ISL_466431_2020-04-10)
Align target 295 (hCoV-19_USA_WA-UW-6410_2020_EPI_ISL_430979_2020-04-03)
Align target 296 (hCoV-19_Spain_Valencia34_2020_EPI_ISL_420119)
Align target 297 (hCoV-19_England_200990724_2020_EPI_ISL_414006)
Align target 298 (hCoV-19_England_201390359_2020_EPI_ISL_465844_2020-03-27)
Align target 299 (hCoV-19_England_20188034704_2020_EPI_ISL_465503_2020-04-30)
Align target 300 (hCoV-19_USA_NY-NYUMC387_2020_EPI_ISL_430414)
Align target 301 (hCoV-19_USA_UT-02024_2020_EPI_ISL_454730_2020-04-17)
Align target 302 (hCoV-19_Wales_PHWC-3108E_2020_EPI_ISL_446399_2020-04-10)
Align target 303 (hCoV-19_USA_NJ-NYUMC663_2020_EPI_ISL_444780_2020-03-18)
Align target 304 (hCoV-19_Guangdong_SZ-N128-P0057_2020_EPI_ISL_413897)
Align target 305 (hCoV-19_Wales_PHWC-33C1F_2020_EPI_ISL_446802_2020-04-16)
Align target 306 (hCoV-19_USA_WA-UW-4180_2020_EPI_ISL_427245)
Align target 307 (hCoV-19_England_20142015504_2020_EPI_ISL_423433)
Align target 308 (hCoV-19_Denmark_ALAB-HH-151_2020_EPI_ISL_452027_2020-03-19)
Align target 309 (hCoV-19_Nigeria_OS070-CV11_2020_EPI_ISL_455422_2020-03-29)
Align target 310 (hCoV-19_Czech_Republic_Seq5_2020_EPI_ISL_426358)
Align target 311 (hCoV-19_Shanghai_SH0048_2020_EPI_ISL_416356)
Align target 312 (hCoV-19_England_SHEF-C250B_2020_EPI_ISL_441929_2020-03-25)
Align target 313 (hCoV-19_USA_WI-11_2020_EPI_ISL_417505)
Align target 314 (hCoV-19_Scotland_EDB328_2020_EPI_ISL_433198_2020-03-28)
Align target 315 (hCoV-19_England_LIVE-993C7_2020_EPI_ISL_439716_2020-04-08)
Align target 316 (hCoV-19_Spain_COV003710_2020_EPI_ISL_467248_2020-04-02)
Align target 317 (hCoV-19_England_EXET-1350E3_2020_EPI_ISL_457031_2020-04-04)
Align target 318 (hCoV-19_Wales_PHWC-2A862_2020_EPI_ISL_445627_2020-04-07)
Align target 319 (hCoV-19_USA_UT-01572_2020_EPI_ISL_449821_2020-04-07)
Align target 320 (hCoV-19_Austria_CeMM0024_2020_EPI_ISL_437914_2020-03-09)
Align target 321 (hCoV-19_USA_MD-HP00097_2020_EPI_ISL_457761_2020-03-24)
Align target 322 (hCoV-19_England_20099048504_2020_EPI_ISL_464206_2020-02-28)
Align target 323 (hCoV-19_Australia_VIC1719_2020_EPI_ISL_456620_2020-05-19)
Align target 324 (hCoV-19_Northern_Ireland_NIRE-FB1AB_2020_EPI_ISL_448944_2020-03-23)
Align target 325 (hCoV-19_Wales_PHWC-28EAE_2020_EPI_ISL_445454_2020-04-03)
Align target 326 (hCoV-19_England_CAMB-845F6_2020_EPI_ISL_443520_2020-04-16)
Align target 327 (hCoV-19_USA_WA-S995_2020_EPI_ISL_463485_2020-04-29)
Align target 328 (hCoV-19_Nanchang_JX90_2020_EPI_ISL_421245)
Align target 329 (hCoV-19_Wales_PHWC-323EE_2020_EPI_ISL_446643_2020-04-12)
Align target 330 (hCoV-19_Scotland_CVR3398_2020_EPI_ISL_453098_2020-05-08)
Align target 331 (hCoV-19_England_201180484_2020_EPI_ISL_464919_2020-03-10)
Align target 332 (hCoV-19_England_LOND-D6012_2020_EPI_ISL_444270_2020-04-20)
Align target 333 (hCoV-19_DRC_3829_2020_EPI_ISL_447246_2020-04-24)
Align target 334 (hCoV-19_USA_NY-PV08474_2020_EPI_ISL_421417)
Align target 335 (hCoV-19_Wales_PHWC-2B62B_2020_EPI_ISL_445737_2020-04-10)
Align target 336 (hCoV-19_Netherlands_NoordBrabant_134_2020_EPI_ISL_461169_2020)
Align target 337 (hCoV-19_USA_WA_0427_2020_EPI_ISL_426438)
Align target 338 (hCoV-19_Germany_BAV-MVP0051_2020_EPI_ISL_437250_2020-03-12)
Align target 339 (hCoV-19_England_CAMB-72582_2020_EPI_ISL_439921_2020-03-23)
Align target 340 (hCoV-19_USA_IL-NM019_2020_EPI_ISL_444529_2020-03-15)
Align target 341 (hCoV-19_India_CCMB_L301_2020_EPI_ISL_458063_2020-04-20)
Align target 342 (hCoV-19_Spain_COV000875_2020_EPI_ISL_452682_2020-03-25)
Align target 343 (hCoV-19_USA_WA-S1111_2020_EPI_ISL_463601_2020-05-04)
Align target 344 (hCoV-19_France_IDF3236_2020_EPI_ISL_421506)
Align target 345 (hCoV-19_England_CAMB-78601_2020_EPI_ISL_433756_2020-04-05)
Align target 346 (hCoV-19_Wuhan_HB-WHCM2-275_2020_EPI_ISL_455410_2020-03-03)
Align target 347 (hCoV-19_England_CAMB-1AB6E6_2020_EPI_ISL_444327_2020-04-27)
Align target 348 (hCoV-19_England_NORT-290E72_2020_EPI_ISL_453536_2020-05-03)
Align target 349 (hCoV-19_Canada_BC_25367465_2020_EPI_ISL_463220_2020-02)
Align target 350 (hCoV-19_Wales_PHWC-24455_2020_EPI_ISL_419412)
Align target 351 (hCoV-19_Switzerland_120234_2020_EPI_ISL_468295_2020-05-01)
Align target 352 (hCoV-19_England_NOTT-10FE24_2020_EPI_ISL_441449_2020-04-09)
Align target 353 (hCoV-19_England_NOTT-1101FA_2020_EPI_ISL_441482_2020-04-10)
Align target 354 (hCoV-19_Scotland_EDB5475_2020_EPI_ISL_461749_2020-04-25)
Align target 355 (hCoV-19_Wales_PHWC-260E6_2020_EPI_ISL_422282)
Align target 356 (hCoV-19_USA_WA-UW-1712_2020_EPI_ISL_424208)
Align target 357 (hCoV-19_Belgium_SR-0319112_2020_EPI_ISL_420369)
Align target 358 (hCoV-19_England_20120013404_2020_EPI_ISL_465154_2020-03-15)
Align target 359 (hCoV-19_England_20132021104_2020_EPI_ISL_423742)
Align target 360 (hCoV-19_England_SHEF-C1E3E_2020_EPI_ISL_441917_2020-03-26)
Align target 361 (hCoV-19_USA_NY-NYUMC462_2020_EPI_ISL_435528_2020-04-20)
Align target 362 (hCoV-19_USA_NE-10939_2020_EPI_ISL_466670_2020-05-04)
Align target 363 (hCoV-19_Wales_PHWC-248B3_2020_EPI_ISL_419453)
Align target 364 (hCoV-19_USA_PA-MGSC16-04_2020_EPI_ISL_436471_2020-03)
Align target 365 (hCoV-19_England_CAMB-791D2_2020_EPI_ISL_441126_2020-04-03)
Align target 366 (hCoV-19_Wales_PHWC-2766B_2020_EPI_ISL_431913_2020-03-30)
Align target 367 (hCoV-19_Australia_VIC1297_2020_EPI_ISL_430713)
Align target 368 (hCoV-19_Spain_COV002000_2020_EPI_ISL_452398_2020-03-16)
Align target 369 (hCoV-19_England_CAMB-7BAF3_2020_EPI_ISL_442235_2020-04-04)
Align target 370 (hCoV-19_Scotland_CVR2953_2020_EPI_ISL_461607_2020-04-23)
Align target 371 (hCoV-19_USA_UT-00288_2020_EPI_ISL_420808)
Align target 372 (hCoV-19_England_20119057904_2020_EPI_ISL_465080_2020-03-11)
Align target 373 (hCoV-19_USA_NY-NYUMC671_2020_EPI_ISL_444788_2020-03-17)
Align target 374 (hCoV-19_Denmark_ALAB-SSI361_2020_EPI_ISL_429471)
Align target 375 (hCoV-19_USA_IL-NM030_2020_EPI_ISL_444539_2020-03-16)
Align target 376 (hCoV-19_USA_NY-NYUMC822_2020_EPI_ISL_456058_2020-03-27)
hCoV-19_USA_NY-NYUMC822_2020_EPI_ISL_456058_2020-03-27: Frameshift error (scores nt: 148869; codon: 148443)
Align target 377 (hCoV-19_England_CAMB-81E94_2020_EPI_ISL_438588_2020-04-22)
Align target 378 (hCoV-19_England_CAMB-844AE_2020_EPI_ISL_443639_2020-04-16)
Align target 379 (hCoV-19_England_20109045704_2020_EPI_ISL_452257_2020-03-05)
Align target 380 (hCoV-19_England_NOTT-10E14A_2020_EPI_ISL_425502)
Align target 381 (hCoV-19_England_20109007504_2020_EPI_ISL_464529_2020-03-05)
Align target 382 (hCoV-19_Scotland_CVR2248_2020_EPI_ISL_453033_2020-04-12)
Align target 383 (hCoV-19_Portugal_PT0541_2020_EPI_ISL_454265_2020-04-08)
Align target 384 (hCoV-19_England_CAMB-77426_2020_EPI_ISL_439375_2020-04-01)
Align target 385 (hCoV-19_England_LIVE-9E034_2020_EPI_ISL_453262_2020-04-03)
Align target 386 (hCoV-19_Germany_BAV-MVP0011_2020_EPI_ISL_437212_2020-03-22)
Align target 387 (hCoV-19_England_CAMB-80C8C_2020_EPI_ISL_442886_2020-04-10)
Align target 388 (hCoV-19_India_GBRC60_2020_EPI_ISL_447035_2020-05-03)
Align target 389 (hCoV-19_England_LIVE-9E6C9_2020_EPI_ISL_453323_2020-04-11)
Align target 390 (hCoV-19_Netherlands_ZuidHolland_193_2020_EPI_ISL_461365_2020-04-28)
Align target 391 (hCoV-19_England_BRIS-128FAA_2020_EPI_ISL_458905_2020-04-18)
Align target 392 (hCoV-19_England_NOTT-110233_2020_EPI_ISL_441486_2020-04-11)
Align target 393 (hCoV-19_USA_NY-NYUMC382_2020_EPI_ISL_430409)
Align target 394 (hCoV-19_Lebanon_S7_763_2020_EPI_ISL_454420_2020-02-21)
Align target 395 (hCoV-19_Beijing_BJ625_2020_EPI_ISL_430739)
Align target 396 (hCoV-19_France_Clermont-Ferrand_651_2020_EPI_ISL_416751)
Align target 397 (hCoV-19_Australia_VIC674_2020_EPI_ISL_426970)
Align target 398 (hCoV-19_England_CAMB-84981_2020_EPI_ISL_440497_2020-03-08)
Align target 399 (hCoV-19_Australia_VIC787_2020_EPI_ISL_427062)
Computing global alignment... done.
