Align target 0 (hCoV-19_Wales_PHWC-32CD4_2020_EPI_ISL_446677_2020-04-07)
Align target 1 (hCoV-19_USA_WA-UW-4921_2020_EPI_ISL_429636)
Align target 2 (hCoV-19_England_CAMB-7C360_2020_EPI_ISL_434032_2020-04-14)
Align target 3 (hCoV-19_USA_NY-NYUMC306_2020_EPI_ISL_430333)
Align target 4 (hCoV-19_Iceland_227_2020_EPI_ISL_417555)
Align target 5 (hCoV-19_England_NOTT-10F1A3_2020_EPI_ISL_432971_2020-04-01)
Align target 6 (hCoV-19_Wuhan_HB-WH2-160_2020_EPI_ISL_454928_2020-02-28)
Align target 7 (hCoV-19_England_CAMB-7908A_2020_EPI_ISL_441322_2020-04-02)
Align target 8 (hCoV-19_Wales_PHWC-246AA_2020_EPI_ISL_419439)
Align target 9 (hCoV-19_USA_NY-PV09028_2020_EPI_ISL_421599)
Align target 10 (hCoV-19_USA_MN64-MDH64_2020_EPI_ISL_419392)
Align target 11 (hCoV-19_Germany_BavPat10-ChVir1482_2020_EPI_ISL_450207_2020-02-07)
Align target 12 (hCoV-19_Australia_VIC548_2020_EPI_ISL_426811)
Align target 13 (hCoV-19_England_NOTT-110048_2020_EPI_ISL_441463_2020-04-14)
Align target 14 (hCoV-19_Wales_PHWC-2A237_2020_EPI_ISL_445540_2020-04-05)
Align target 15 (hCoV-19_England_SHEF-CEA79_2020_EPI_ISL_448891_2020-04-17)
Align target 16 (hCoV-19_Switzerland_110435_2020_EPI_ISL_451861_2020-04-07)
Align target 17 (hCoV-19_Wales_PHWC-30E3A_2020_EPI_ISL_446366_2020-04-09)
Align target 18 (hCoV-19_England_NORT-28A38B_2020_EPI_ISL_453530_2020-04-10)
Align target 19 (hCoV-19_Scotland_CVR1623_2020_EPI_ISL_448120_2020-04-05)
Align target 20 (hCoV-19_USA_CA-UCSF-UC46_2020_EPI_ISL_450238_2020-03-17)
Align target 21 (hCoV-19_USA_VA-DCLS-0249_2020_EPI_ISL_452823_2020-04-16)
Align target 22 (hCoV-19_England_20149038204_2020_EPI_ISL_466189_2020-04-03)
Align target 23 (hCoV-19_Canada_BC_06472336_2020_EPI_ISL_460606_2020-03)
Align target 24 (hCoV-19_England_20182008204_2020_EPI_ISL_465448_2020-04-28)
Align target 25 (hCoV-19_USA_FL-BPHL-047_2020_EPI_ISL_436551_2020-04-17)
Align target 26 (hCoV-19_USA_TX-HMH095_2020_EPI_ISL_434800_2020-03-19)
Align target 27 (hCoV-19_Scotland_EDB186_2020_EPI_ISL_425931)
Align target 28 (hCoV-19_Iceland_465_2020_EPI_ISL_424488)
Align target 29 (hCoV-19_USA_MD-HP028_2020_EPI_ISL_438224_2020-03-26)
Align target 30 (hCoV-19_USA_WA-UW-6591_2020_EPI_ISL_461415_2020-04-05)
Align target 31 (hCoV-19_USA_FL-BPHL-0073_2020_EPI_ISL_445016_2020-04-21)
Align target 32 (hCoV-19_Poland_Sla5_2020_EPI_ISL_451659_2020-05-05)
Align target 33 (hCoV-19_Scotland_EDB2676_2020_EPI_ISL_439260_2020-04-26)
Align target 34 (hCoV-19_Netherlands_NA_705_2020_EPI_ISL_461140_2020-04-24)
Align target 35 (hCoV-19_Shanghai_SH0075_2020_EPI_ISL_416378)
Align target 36 (hCoV-19_Scotland_CVR3270_2020_EPI_ISL_456772_2020-05-05)
Align target 37 (hCoV-19_England_20170043804_2020_EPI_ISL_465296_2020-04-15)
Align target 38 (hCoV-19_England_20139036104_2020_EPI_ISL_421922)
Align target 39 (hCoV-19_USA_TX-QDX-60_2020_EPI_ISL_467908_2020-03-14)
Align target 40 (hCoV-19_Scotland_EDB5358_2020_EPI_ISL_457007_2020-05-24)
Align target 41 (hCoV-19_Scotland_CVR1436_2020_EPI_ISL_438808_2020-04-01)
Align target 42 (hCoV-19_Australia_VIC505_2020_EPI_ISL_426776)
Align target 43 (hCoV-19_USA_MI-MDHHS-SC20195_2020_EPI_ISL_447166_2020-03-19)
Align target 44 (hCoV-19_England_20129168902_2020_EPI_ISL_424131)
Align target 45 (hCoV-19_Germany_BAV-MVP0059_2020_EPI_ISL_437258_2020-03-20)
Align target 46 (hCoV-19_England_LOND-D3ABD_2020_EPI_ISL_441033_2020-04-06)
Align target 47 (hCoV-19_Scotland_EDB566_2020_EPI_ISL_426024)
Align target 48 (hCoV-19_Australia_VIC784_2020_EPI_ISL_427059)
Align target 49 (hCoV-19_England_20108007002_2020_EPI_ISL_417255)
Align target 50 (hCoV-19_England_SHEF-C0594_2020_EPI_ISL_420224)
Align target 51 (hCoV-19_England_NOTT-10E64B_2020_EPI_ISL_425573)
Align target 52 (hCoV-19_England_CAMB-7708C_2020_EPI_ISL_425458)
Align target 53 (hCoV-19_Taiwan_NTU16_2020_EPI_ISL_422418)
Align target 54 (hCoV-19_USA_VA-DCLS-0033_2020_EPI_ISL_420019)
Align target 55 (hCoV-19_Scotland_CVR103_2020_EPI_ISL_425650)
Align target 56 (hCoV-19_England_CAMB-7C3E8_2020_EPI_ISL_434039_2020-04-14)
Align target 57 (hCoV-19_England_LIVE-9F4EC_2020_EPI_ISL_453458_2020-04-26)
Align target 58 (hCoV-19_USA_WA-UW255_2020_EPI_ISL_418040)
Align target 59 (hCoV-19_USA_UT-00501_2020_EPI_ISL_430051)
Align target 60 (hCoV-19_Wales_PHW32_2020_EPI_ISL_415920)
Align target 61 (hCoV-19_Ireland_20W268_2020_EPI_ISL_437686_2020-04)
Align target 62 (hCoV-19_USA_MN42-MDH42_2020_EPI_ISL_417478)
Align target 63 (hCoV-19_England_201160065_2020_EPI_ISL_464783_2020-03-10)
Align target 64 (hCoV-19_England_BRIS-12557E_2020_EPI_ISL_443927_2020-03-28)
Align target 65 (hCoV-19_Scotland_EDB1448_2020_EPI_ISL_433451_2020-04-12)
Align target 66 (hCoV-19_England_20189156201_2020_EPI_ISL_465553_2020-05-02)
Align target 67 (hCoV-19_USA_WA-S832_2020_EPI_ISL_450002_2020-04-16)
Align target 68 (hCoV-19_Scotland_GCVR-17136A_2020_EPI_ISL_459716_2020-03-26)
Align target 69 (hCoV-19_England_20148003904_2020_EPI_ISL_422000)
Align target 70 (hCoV-19_Iceland_340_2020_EPI_ISL_417669)
Align target 71 (hCoV-19_Netherlands_NA_190_2020_EPI_ISL_422725)
Align target 72 (hCoV-19_Iceland_500_2020_EPI_ISL_424522)
Align target 73 (hCoV-19_Thailand_Nonthaburi_2472_2020_EPI_ISL_455605_2020-03-14)
Align target 74 (hCoV-19_England_20139031504_2020_EPI_ISL_421915)
Align target 75 (hCoV-19_USA_IL-NM069_2020_EPI_ISL_444564_2020-03-18)
Align target 76 (hCoV-19_England_NOTT-10F923_2020_EPI_ISL_433061_2020-04-05)
Align target 77 (hCoV-19_Netherlands_NA_415_2020_EPI_ISL_455217_2020-03-25)
Align target 78 (hCoV-19_England_SHEF-C5DB5_2020_EPI_ISL_448855_2020-04-16)
Align target 79 (hCoV-19_USA_VA-DCLS-0089_2020_EPI_ISL_429986)
Align target 80 (hCoV-19_India_NCDC-01705_2020_EPI_ISL_435064_2020-03-18)
Align target 81 (hCoV-19_Wales_PHWC-2BF5D_2020_EPI_ISL_445873_2020-04-08)
Align target 82 (hCoV-19_England_OXON-AE2B3_2020_EPI_ISL_448679_2020)
Align target 83 (hCoV-19_England_CAMB-1AC278_2020_EPI_ISL_444386_2020-04-27)
Align target 84 (hCoV-19_Australia_VIC556_2020_EPI_ISL_426817)
Align target 85 (hCoV-19_India_CCMB_K500_2020_EPI_ISL_447866_2020-04-14)
Align target 86 (hCoV-19_England_CAMB-7E02B_2020_EPI_ISL_442219_2020-04-07)
Align target 87 (hCoV-19_England_SHEF-C179D_2020_EPI_ISL_457586_2020-04-25)
Align target 88 (hCoV-19_England_CAMB-7D912_2020_EPI_ISL_441701_2020-04-06)
Align target 89 (hCoV-19_Norway_Trondheim-S4_2020_EPI_ISL_450346_2020-04)
Align target 90 (hCoV-19_Wales_PHWC-27E09_2020_EPI_ISL_432109_2020-03-24)
Align target 91 (hCoV-19_Israel_990059203_2020_EPI_ISL_447279_2020-03-25)
Align target 92 (hCoV-19_Belgium_ULG-10043_2020_EPI_ISL_421210)
Align target 93 (hCoV-19_USA_UNKNOWN-UW-5620_2020_EPI_ISL_461437_2020-04-08)
Align target 94 (hCoV-19_USA_NY-PV09389_2020_EPI_ISL_450071_2020-03-19)
Align target 95 (hCoV-19_England_CAMB-74113_2020_EPI_ISL_440312_2020-03-20)
Align target 96 (hCoV-19_USA_MA-MGH-00693_2020_EPI_ISL_460215_2020-04-06)
Align target 97 (hCoV-19_England_CAMB-82D4B_2020_EPI_ISL_443680_2020-04-13)
Align target 98 (hCoV-19_Japan_DP0802_2020_EPI_ISL_416629)
Align target 99 (hCoV-19_USA_WA-S990_2020_EPI_ISL_463480_2020-04-28)
Align target 100 (hCoV-19_England_20100005504_2020_EPI_ISL_464252_2020-02-28)
Align target 101 (hCoV-19_Luxembourg_LNS7914820_2020_EPI_ISL_421757)
Align target 102 (hCoV-19_Saudi_Arabia_KAUST-Madinah34_2020_EPI_ISL_437470_2020-03-29)
Align target 103 (hCoV-19_Belgium_WAM-030676_2020_EPI_ISL_420332)
Align target 104 (hCoV-19_Australia_VIC1673_2020_EPI_ISL_456572_2020-05-12)
Align target 105 (hCoV-19_England_CAMB-7CC0B_2020_EPI_ISL_442319_2020-04-05)
Align target 106 (hCoV-19_USA_LA-SR0274_2020_EPI_ISL_445129_2020-04-02)
Align target 107 (hCoV-19_Scotland_CVR3053_2020_EPI_ISL_461640_2020-04-23)
Align target 108 (hCoV-19_England_20109001604_2020_EPI_ISL_464496_2020-03-06)
Align target 109 (hCoV-19_Canada_BC_13610520_2020_EPI_ISL_467341_2020-04)
Align target 110 (hCoV-19_Iceland_476_2020_EPI_ISL_424499)
Align target 111 (hCoV-19_Netherlands_NA_244_2020_EPI_ISL_422778)
Align target 112 (hCoV-19_England_LIVE-99BCF_2020_EPI_ISL_439806_2020-04-13)
Align target 113 (hCoV-19_Canada_ON-UHTC_0039_2020_EPI_ISL_464026_2020-04-10)
Align target 114 (hCoV-19_Saudi_Arabia_KAUST-MAKKAH124_2020_EPI_ISL_437691_2020-04-05)
Align target 115 (hCoV-19_Wales_PHWC-26972_2020_EPI_ISL_422315)
Align target 116 (hCoV-19_Spain_COV001399_2020_EPI_ISL_452502_2020-03-18)
Align target 117 (hCoV-19_USA_NY-Wadsworth-14726-02_2020_EPI_ISL_426322)
Align target 118 (hCoV-19_England_NORT-289498_2020_EPI_ISL_458682_2020-03-29)
Align target 119 (hCoV-19_Iceland_565_2020_EPI_ISL_424585)
Align target 120 (hCoV-19_JOR_SEARCH-0045-JOR_2020_EPI_ISL_430003)
Align target 121 (hCoV-19_England_LIVE-997F8_2020_EPI_ISL_439763_2020-04-09)
Align target 122 (hCoV-19_USA_WA-S799_2020_EPI_ISL_449969_2020-04-16)
Align target 123 (hCoV-19_England_BRIS-128F22_2020_EPI_ISL_458723_2020-04-18)
Align target 124 (hCoV-19_Scotland_GCVR-170310_2020_EPI_ISL_459513_2020-03-22)
Align target 125 (hCoV-19_Saudi_Arabia_KAUST-Makkah12_2020_EPI_ISL_437465_2020-03-23)
Align target 126 (hCoV-19_England_CAMB-1AC1E4_2020_EPI_ISL_447945_2020-04-28)
Align target 127 (hCoV-19_USA_MI-MDHHS-SC20557_2020_EPI_ISL_462639_2020-04-30)
Align target 128 (hCoV-19_England_BIRM-5FF05_2020_EPI_ISL_461536_2020)
Align target 129 (hCoV-19_England_20126097804_2020_EPI_ISL_423906)
Align target 130 (hCoV-19_England_LIVE-9A8A9_2020_EPI_ISL_449371_2020-03-29)
Align target 131 (hCoV-19_Netherlands_ZuidHolland_10005_2020_EPI_ISL_454754_2020-02-28)
Align target 132 (hCoV-19_Denmark_ALAB-HH-189_2020_EPI_ISL_452052_2020-04-14)
Align target 133 (hCoV-19_Switzerland_101170_2020_EPI_ISL_451833_2020-03-31)
Align target 134 (hCoV-19_Denmark_ALAB-SSI-1284_2020_EPI_ISL_444845_2020-04-02)
Align target 135 (hCoV-19_England_NOTT-10F46E_2020_EPI_ISL_433007_2020-04-02)
Align target 136 (hCoV-19_Scotland_CVR1079_2020_EPI_ISL_438763_2020-03-29)
Align target 137 (hCoV-19_USA_TX-HMH0295_2020_EPI_ISL_434920_2020-03-27)
Align target 138 (hCoV-19_Scotland_CVR1530_2020_EPI_ISL_453012_2020-04-03)
Align target 139 (hCoV-19_Scotland_CVR3150_2020_EPI_ISL_453093_2020-04-19)
Align target 140 (hCoV-19_USA_WA-UW-4109_2020_EPI_ISL_427241)
Align target 141 (hCoV-19_Qatar_QA02_2020_EPI_ISL_427404)
Align target 142 (hCoV-19_USA_TX-GCID-192000003_EPI_ISL_444022_2020-03-18)
Align target 143 (hCoV-19_Iceland_601_2020_EPI_ISL_424621)
Align target 144 (hCoV-19_Wales_PHWC-27A32_2020_EPI_ISL_432217_2020-04-01)
Align target 145 (hCoV-19_England_NOTT-10F55C_2020_EPI_ISL_433018_2020-04-03)
Align target 146 (hCoV-19_Austria_CeMM0290_2020_EPI_ISL_438114_2020-03-27)
Align target 147 (hCoV-19_Wales_PHWC-27EAF_2020_EPI_ISL_431971_2020-03-24)
Align target 148 (hCoV-19_England_CAMB-72DE4_2020_EPI_ISL_439999_2020-03-22)
Align target 149 (hCoV-19_England_CAMB-76542_2020_EPI_ISL_438495_2020-03-29)
Align target 150 (hCoV-19_England_NORW-EBE01_2020_EPI_ISL_457513_2020-05-06)
Align target 151 (hCoV-19_Israel_2115968_2020_EPI_ISL_447337_2020-04-16)
Align target 152 (hCoV-19_England_CAMB-75FDC_2020_EPI_ISL_438480_2020-03-28)
Align target 153 (hCoV-19_England_BRIS-12911C_2020_EPI_ISL_458721_2020-04-19)
Align target 154 (hCoV-19_Thailand_SI200893-NT_2020_EPI_ISL_437624_2020-02-01)
Align target 155 (hCoV-19_England_BRIS-125462_2020_EPI_ISL_443715_2020-03-28)
Align target 156 (hCoV-19_USA_WA-S749_2020_EPI_ISL_449919_2020-04-12)
Align target 157 (hCoV-19_England_20149045004_2020_EPI_ISL_466200_2020-04-03)
Align target 158 (hCoV-19_England_NORW-EBD8C_2020_EPI_ISL_457507_2020-05-05)
Align target 159 (hCoV-19_England_CAMB-1AAE49_2020_EPI_ISL_444318_2020-04-17)
Align target 160 (hCoV-19_USA_KY-9E09_2020_EPI_ISL_468065_2020-03-18)
Align target 161 (hCoV-19_Iceland_110_2020_EPI_ISL_417722)
Align target 162 (hCoV-19_England_SHEF-CB933_2020_EPI_ISL_462051_2020-05-18)
Align target 163 (hCoV-19_Taiwan_NTU10_2020_EPI_ISL_447614_2020-03-15)
Align target 164 (hCoV-19_England_LOND-D5E19_2020_EPI_ISL_444249_2020-04-19)
Align target 165 (hCoV-19_Denmark_ALAB-SSI-861_2020_EPI_ISL_444946_2020-03-29)
Align target 166 (hCoV-19_Wales_PHWC-28433_2020_EPI_ISL_432387_2020-03-27)
Align target 167 (hCoV-19_Scotland_CVR1336_2020_EPI_ISL_433545_2020-03-31)
Align target 168 (hCoV-19_Australia_NSW175_2020_EPI_ISL_427687)
Align target 169 (hCoV-19_England_20189182004_2020_EPI_ISL_465577_2020-05-02)
Align target 170 (hCoV-19_Shanghai_SH0073_2020_EPI_ISL_416376)
Align target 171 (hCoV-19_England_CAMB-774CC_2020_EPI_ISL_439490_2020-03-31)
Align target 172 (hCoV-19_USA_WA-UW-1907_2020_EPI_ISL_424331)
Align target 173 (hCoV-19_USA_NY-NYUMC189_2020_EPI_ISL_427485)
Align target 174 (hCoV-19_Scotland_CVR705_2020_EPI_ISL_433329_2020-03-26)
Align target 175 (hCoV-19_Scotland_EDB122_2020_EPI_ISL_425905)
Align target 176 (hCoV-19_Wales_PHWC-2E127_2020_EPI_ISL_446060_2020-04-11)
Align target 177 (hCoV-19_USA_WA-UW118_2020_EPI_ISL_416656)
Align target 178 (hCoV-19_Hungary_SRC-00620_2020_EPI_ISL_435416_2020-03-27)
Align target 179 (hCoV-19_Belgium_KN-030756_2020_EPI_ISL_420450)
Align target 180 (hCoV-19_England_CAMB-7A2A1_2020_EPI_ISL_440609_2020-04-03)
Align target 181 (hCoV-19_England_CAMB-1AFFAB_2020_EPI_ISL_448092_2020-05-07)
Align target 182 (hCoV-19_USA_IN_82003_2020_EPI_ISL_426423)
Align target 183 (hCoV-19_Sweden_20-50232_2020_EPI_ISL_429156)
Align target 184 (hCoV-19_USA_UT-02223_2020_EPI_ISL_436923_2020-04-15)
Align target 185 (hCoV-19_Scotland_CVR54_2020_EPI_ISL_425783)
Align target 186 (hCoV-19_England_CAMB-763EE_2020_EPI_ISL_438354_2020-03-30)
Align target 187 (hCoV-19_England_20139028904_2020_EPI_ISL_421908)
Align target 188 (hCoV-19_England_20169024904_2020_EPI_ISL_465220_2020-04-17)
Align target 189 (hCoV-19_Netherlands_NA_350_2020_EPI_ISL_455155_2020-04-06)
Align target 190 (hCoV-19_England_LOND-D5611_2020_EPI_ISL_449706_2020-04-14)
Align target 191 (hCoV-19_Luxembourg_LNS7299024_2020_EPI_ISL_429775)
Align target 192 (hCoV-19_England_CAMB-1B18BA_2020_EPI_ISL_458518_2020-05-07)
Align target 193 (hCoV-19_Northern_Ireland_NIRE-FC966_2020_EPI_ISL_459407_2020-04-22)
Align target 194 (hCoV-19_England_SHEF-D130F_2020_EPI_ISL_442488_2020-03-25)
Align target 195 (hCoV-19_Australia_VIC160_2020_EPI_ISL_419857)
Align target 196 (hCoV-19_India_THSTI-BAL_42_2020_EPI_ISL_454860_2020-04-07)
Align target 197 (hCoV-19_England_BRIS-1311A8_2020_EPI_ISL_467704_2020-05-20)
Align target 198 (hCoV-19_England_CAMB-78CE1_2020_EPI_ISL_441802_2020-04-03)
Align target 199 (hCoV-19_USA_UT-0522_2020_EPI_ISL_435359_2020-04-03)
Align target 200 (hCoV-19_England_SHEF-C584B_2020_EPI_ISL_441979_2020-04-11)
Align target 201 (hCoV-19_USA_WA-UW135_2020_EPI_ISL_416673)
Align target 202 (hCoV-19_England_201140411_2020_EPI_ISL_464733_2020-03-10)
Align target 203 (hCoV-19_England_LIVE-99EB7_2020_EPI_ISL_439824_2020-04-14)
Align target 204 (hCoV-19_Belgium_VGM-0402374_2020_EPI_ISL_462228_2020-04-02)
Align target 205 (hCoV-19_Australia_VIC375_2020_EPI_ISL_426682)
Align target 206 (hCoV-19_USA_WA-UW-1287_2020_EPI_ISL_422969)
Align target 207 (hCoV-19_Switzerland_110457_2020_EPI_ISL_451876_2020-04-07)
Align target 208 (hCoV-19_Congo_KN-0054_2020_EPI_ISL_417437)
Align target 209 (hCoV-19_Scotland_EDB2095_2020_EPI_ISL_433193_2020-04-18)
Align target 210 (hCoV-19_USA_WA-S559_2020_EPI_ISL_434319_2020-03-27)
Align target 211 (hCoV-19_England_CAMB-1B0709_2020_EPI_ISL_452913_2020-05-07)
Align target 212 (hCoV-19_England_PORT-2CF6AF_2020_EPI_ISL_461972_2020-05-12)
Align target 213 (hCoV-19_Denmark_ALAB-HH-252_2020_EPI_ISL_452089_2020-04-26)
Align target 214 (hCoV-19_England_20118070504_2020_EPI_ISL_464938_2020-03-12)
Align target 215 (hCoV-19_Netherlands_Gelderland_155_2020_EPI_ISL_460915_2020-05-22)
Align target 216 (hCoV-19_Congo_352_2020_EPI_ISL_420850)
Align target 217 (hCoV-19_USA_LA-SR0264_2020_EPI_ISL_445119_2020-03-31)
Align target 218 (hCoV-19_England_CAMB-7C333_2020_EPI_ISL_434029_2020-04-14)
Align target 219 (hCoV-19_Finland_14M32_2020_EPI_ISL_418408)
Align target 220 (hCoV-19_England_BRIS-12AD26_2020_EPI_ISL_458437_2020-04-30)
Align target 221 (hCoV-19_Netherlands_Utrecht_10029_2020_EPI_ISL_454778_2020-04-03)
Align target 222 (hCoV-19_Switzerland_130010_2020_EPI_ISL_467005_2020-05-07)
Align target 223 (hCoV-19_Denmark_ALAB-HH-241_2020_EPI_ISL_452081_2020-04-27)
Align target 224 (hCoV-19_England_LIVE-9B5ED_2020_EPI_ISL_449467_2020-03-26)
Align target 225 (hCoV-19_Hong_Kong_HKU-904a_2020_EPI_ISL_450412_2020-01-30)
Align target 226 (hCoV-19_Netherlands_NA_460_2020_EPI_ISL_455262_2020)
Align target 227 (hCoV-19_England_CAMB-1AF07B_2020_EPI_ISL_459288_2020-04-29)
Align target 228 (hCoV-19_Norway_1380_2020_EPI_ISL_417484)
Align target 229 (hCoV-19_England_201060045_2020_EPI_ISL_464379_2020-03-04)
Align target 230 (hCoV-19_Guangdong_SZ-N59-P0049_2020_EPI_ISL_413872)
Align target 231 (hCoV-19_England_20142131504_2020_EPI_ISL_423469)
Align target 232 (hCoV-19_England_CAMB-1B3038_2020_EPI_ISL_456748_2020-05-21)
Align target 233 (hCoV-19_India_CCMB_O1_2020_EPI_ISL_458066_2020-04-13)
Align target 234 (hCoV-19_England_NOTT-10ED0A_2020_EPI_ISL_432914_2020-03-28)
Align target 235 (hCoV-19_New_Zealand_20VR3004_2020_EPI_ISL_456396_2020-04-25)
Align target 236 (hCoV-19_Israel_2115980_2020_EPI_ISL_447335_2020-04-16)
Align target 237 (hCoV-19_New_Zealand_20VR1816_2020_EPI_ISL_456263_2020-03-27)
Align target 238 (hCoV-19_USA_CT-Yale-001_2020_EPI_ISL_416416)
Align target 239 (hCoV-19_Singapore_87_2020_EPI_ISL_435692_2020-04-21)
Align target 240 (hCoV-19_Spain_LaRioja201568_2020_EPI_ISL_455340_2020-03-05)
Align target 241 (hCoV-19_India_GBRC170b_2020_EPI_ISL_467032_2020-06-05)
Align target 242 (hCoV-19_Wales_PHWC-2F2E7_2020_EPI_ISL_446231_2020-04-06)
Align target 243 (hCoV-19_England_20189111701_2020_EPI_ISL_465541_2020-04-29)
Align target 244 (hCoV-19_USA_WA-UW-1672_2020_EPI_ISL_424199)
Align target 245 (hCoV-19_England_20134009504_2020_EPI_ISL_423076)
Align target 246 (hCoV-19_Netherlands_NA_305_2020_EPI_ISL_422614)
Align target 247 (hCoV-19_England_201640168_2020_EPI_ISL_466449_2020-04-14)
Align target 248 (hCoV-19_England_CAMB-7D52D_2020_EPI_ISL_441721_2020-04-03)
Align target 249 (hCoV-19_Belgium_ITM_C068_2020_EPI_ISL_450726_2020-03-26)
Align target 250 (hCoV-19_Canada_BC_24235415_2020_EPI_ISL_463203_2020-03)
Align target 251 (hCoV-19_USA_WA-S324_2020_EPI_ISL_434084_2020-04-01)
Align target 252 (hCoV-19_USA_AZ-TGEN-TG271860_2020_EPI_ISL_426539)
Align target 253 (hCoV-19_Switzerland_110467_2020_EPI_ISL_451885_2020-04-06)
Align target 254 (hCoV-19_Australia_NSW335_2020_EPI_ISL_451597_2020-04-08)
Align target 255 (hCoV-19_England_CAMB-7DC73_2020_EPI_ISL_441757_2020-04-06)
Align target 256 (hCoV-19_Belgium_PY-0407405_2020_EPI_ISL_462259_2020-04-07)
Align target 257 (hCoV-19_Netherlands_Friesland_30_2020_EPI_ISL_460845_2020-04-18)
Align target 258 (hCov-19_USA_WY-WYPHL004_2020_EPI_ISL_421346)
Align target 259 (hCoV-19_England_NOTT-1105EF_2020_EPI_ISL_441535_2020-04-26)
Align target 260 (hCoV-19_England_20144038204_2020_EPI_ISL_421947)
Align target 261 (hCoV-19_Australia_NSW77_2020_EPI_ISL_427729)
Align target 262 (hCoV-19_India_NIV-5109_2020_EPI_ISL_452204_2020-03-26)
Align target 263 (hCoV-19_USA_VA-DCLS-0127_2020_EPI_ISL_437766_2020-04-13)
Align target 264 (hCoV-19_Belgium_DLM-0330385_2020_EPI_ISL_462239_2020-03-30)
Align target 265 (hCoV-19_Scotland_CVR2526_2020_EPI_ISL_448188_2020-04-15)
Align target 266 (hCoV-19_USA_WA-UW68_2020_EPI_ISL_415596)
Align target 267 (hCoV-19_Germany_BAV-MVP0080_2020_EPI_ISL_437274_2020-03-30)
Align target 268 (hCoV-19_USA_WA-S724_2020_EPI_ISL_449894_2020-04-10)
Align target 269 (hCoV-19_Wuhan_HB-WH3-170_2020_EPI_ISL_454936_2020-02-11)
Align target 270 (hCoV-19_England_CAMB-78AF6_2020_EPI_ISL_441786_2020-04-03)
Align target 271 (hCoV-19_Belgium_DPR-0406398_2020_EPI_ISL_462252_2020-04-06)
Align target 272 (hCoV-19_England_LIVE-9B0FB_2020_EPI_ISL_449410_2020-03-24)
Align target 273 (hCoV-19_England_20130071704_2020_EPI_ISL_423661)
Align target 274 (hCoV-19_Taiwan_TSGH-15_2020_EPI_ISL_436100_2020-03-19)
Align target 275 (hCoV-19_India_NGC-CDFD-01_2020_EPI_ISL_466839_2020-05-10)
Align target 276 (hCoV-19_USA_LA-EVTL122_2020_EPI_ISL_451283_2020-05-06)
Align target 277 (hCoV-19_USA_PA-MGEL66_2020_EPI_ISL_454356_2020-03-31)
Align target 278 (hCoV-19_England_LIVE-9BC33_2020_EPI_ISL_440905_2020-04-21)
Align target 279 (hCoV-19_USA_WA-UW58_2020_EPI_ISL_415623)
Align target 280 (hCoV-19_USA_NC_200310_2020_EPI_ISL_454816_2020-04)
Align target 281 (hCoV-19_England_CAMB-81B60_2020_EPI_ISL_442526_2020-04-13)
Align target 282 (hCoV-19_Denmark_ALAB-SSI337_2020_EPI_ISL_429459)
Align target 283 (hCoV-19_England_OXON-AD393_2020_EPI_ISL_448578_2020)
Align target 284 (hCoV-19_England_BRIS-129F21_2020_EPI_ISL_458348_2020-04-14)
Align target 285 (hCoV-19_England_LIVE-9A180_2020_EPI_ISL_439854_2020-04-17)
Align target 286 (hCoV-19_Russia_StPetersburg-RII4712V_2020_EPI_ISL_430068)
Align target 287 (hCoV-19_Guangdong_20SF632_2020_EPI_ISL_428468)
Align target 288 (hCoV-19_England_CAMB-1B003B_2020_EPI_ISL_448100_2020-05-08)
Align target 289 (hCoV-19_England_20188072804_2020_EPI_ISL_465514_2020-04-29)
Align target 290 (hCoV-19_England_20128094804_2020_EPI_ISL_423968)
Align target 291 (hCoV-19_England_CAMB-82B32_2020_EPI_ISL_438662_2020-04-23)
Align target 292 (hCoV-19_USA_MI-MDHHS-SC20387_2020_EPI_ISL_450598_2020-03-26)
Align target 293 (hCoV-19_Uruguay_UY-3_2020_EPI_ISL_426478)
Align target 294 (hCoV-19_Belgium_Rega-0329224_2020_EPI_ISL_458194_2020-03-29)
Align target 295 (hCoV-19_Canada_BC_21221818_2020_EPI_ISL_462800_2020-03)
Align target 296 (hCoV-19_Spain_COV003648_2020_EPI_ISL_467228_2020-04-01)
Align target 297 (hCoV-19_England_CAMB-73114_2020_EPI_ISL_440240_2020-03-21)
Align target 298 (hCoV-19_England_201360049_2020_EPI_ISL_425023)
Align target 299 (hCoV-19_England_SHEF-D2869_2020_EPI_ISL_432655_2020-04-03)
Align target 300 (hCoV-19_England_BRIS-124D59_2020_EPI_ISL_443743_2020-03-26)
Align target 301 (hCoV-19_England_LIVE-9CE78_2020_EPI_ISL_440948_2020-04-26)
Align target 302 (hCoV-19_England_CAMB-1B0930_2020_EPI_ISL_459174_2020-05-02)
Align target 303 (hCoV-19_USA_TX-HMH03_2020_EPI_ISL_434714_2020-03-16)
Align target 304 (hCoV-19_England_BRIS-12A95F_2020_EPI_ISL_458484_2020-04-29)
Align target 305 (hCoV-19_England_NORW-EBA3A_2020_EPI_ISL_457467_2020-05-06)
Align target 306 (hCoV-19_Sichuan_SC-MY-058_2020_EPI_ISL_451324_2020-02-02)
Align target 307 (hCoV-19_Uruguay_UY-NYUMC858_2020_EPI_ISL_457954_2020-03-23)
Align target 308 (hCoV-19_USA_NY-NYUMC51_2020_EPI_ISL_420302)
Align target 309 (hCoV-19_England_CAMB-1B193F_2020_EPI_ISL_452983_2020-05-13)
Align target 310 (hCoV-19_Scotland_CVR47_2020_EPI_ISL_425776)
Align target 311 (hCoV-19_Switzerland_100049_2020_EPI_ISL_466971_2020-03-11)
Align target 312 (hCoV-19_Wales_PHWC-24464_2020_EPI_ISL_419413)
Align target 313 (hCoV-19_NewZealand_CoV001_2020_EPI_ISL_417211)
Align target 314 (hCoV-19_Japan_TK-20-31-3_2020_EPI_ISL_413459)
Align target 315 (hCoV-19_England_20166004704_2020_EPI_ISL_466508_2020-04-14)
Align target 316 (hCoV-19_Canada_BC_11656112_2020_EPI_ISL_467328_2020-04)
Align target 317 (hCoV-19_USA_WA-S1138_2020_EPI_ISL_463628_2020-05-04)
Align target 318 (hCoV-19_England_20136097804_2020_EPI_ISL_420656)
Align target 319 (hCoV-19_USA_WI-252_2020_EPI_ISL_428726)
Align target 320 (hCoV-19_Singapore_219_2020_EPI_ISL_462337_2020-04-07)
Align target 321 (hCoV-19_Russia_StPetersburg-RII4917S_2020_EPI_ISL_430070)
Align target 322 (hCoV-19_Sweden_20-08147_2020_EPI_ISL_430849)
Align target 323 (hCoV-19_Wales_PHWC-27531_2020_EPI_ISL_432255_2020-03-30)
Align target 324 (hCoV-19_Australia_VIC159_2020_EPI_ISL_419856)
Align target 325 (hCoV-19_England_BRIS-1248EF_2020_EPI_ISL_443735_2020-03-25)
Align target 326 (hCoV-19_England_20109002704_2020_EPI_ISL_464506_2020-03-03)
Align target 327 (hCoV-19_England_20148002404_2020_EPI_ISL_421998)
Align target 328 (hCoV-19_England_NORW-EC4A4_2020_EPI_ISL_457527_2020-05-17)
Align target 329 (hCoV-19_England_CAMB-7A098_2020_EPI_ISL_440610_2020-04-02)
Align target 330 (hCoV-19_Scotland_EDB1681_2020_EPI_ISL_433116_2020-04-15)
Align target 331 (hCoV-19_Saudi_Arabia_KAUST-Makkah09_2020_EPI_ISL_437463_2020-03-23)
Align target 332 (hCoV-19_England_NORT-2892AD_2020_EPI_ISL_458715_2020-03-28)
Align target 333 (hCoV-19_Netherlands_ZuidHolland_151_2020_EPI_ISL_461324_2020-04-19)
Align target 334 (hCoV-19_Canada_QGLO-041_2020__EPI_ISL_459891_2020-03-30)
Align target 335 (hCoV-19_USA_WA-S616_2020_EPI_ISL_438169_2020-04-23)
Align target 336 (hCoV-19_Denmark_ALAB-SSI209_2020_EPI_ISL_429405)
Align target 337 (hCoV-19_Bangladesh_BARJ_CVASU_CTG_506_2020_EPI_ISL_450342_2020-05-08)
Align target 338 (hCoV-19_England_CAMB-1AFA13_2020_EPI_ISL_459255_2020-05-02)
Align target 339 (hCoV-19_Thailand_Bangkok_238_2020_EPI_ISL_447913_2020-01-31)
Align target 340 (hCov-19_Germany_BAV-V2010492_2020_EPI_ISL_420899)
Align target 341 (hCoV-19_Wales_PHWC-28512_2020_EPI_ISL_432089_2020-03-30)
Align target 342 (hCoV-19_England_NORW-EB94C_2020_EPI_ISL_457458_2020-05-08)
Align target 343 (hCoV-19_Netherlands_NA_184_2020_EPI_ISL_422719)
Align target 344 (hCoV-19_Netherlands_Zeeland_39_2020_EPI_ISL_461278_2020-03-22)
Align target 345 (hCoV-19_England_SHEF-C0804_2020_EPI_ISL_420167)
Align target 346 (hCoV-19_USA_VA-DCLS-0017_2020_EPI_ISL_419711)
Align target 347 (hCoV-19_USA_WA-S133_2020_EPI_ISL_430170)
Align target 348 (hCoV-19_USA_SC-DHEC-0002_2020_EPI_ISL_462991_2020-05-11)
Align target 349 (hCoV-19_USA_MD-HP070_2020_EPI_ISL_438229_2020-03-17)
Align target 350 (hCoV-19_England_LIVE-9E6BA_2020_EPI_ISL_453322_2020-04-10)
Align target 351 (hCoV-19_England_20099000504_2020_EPI_ISL_464200_2020-02-27)
Align target 352 (hCoV-19_Scotland_CVR951_2020_EPI_ISL_439137_2020-03-28)
Align target 353 (hCoV-19_England_CAMB-83B04_2020_EPI_ISL_443364_2020-04-15)
Align target 354 (hCoV-19_USA_MN-MDH-1017_2020_EPI_ISL_462862_2020-04-30)
Align target 355 (hCoV-19_England_20134083104_2020_EPI_ISL_423187)
Align target 356 (hCoV-19_USA_MA-MGH-00247_2020_EPI_ISL_460213_2020-04-06)
Align target 357 (hCoV-19_Greece_209_33926_2020_EPI_ISL_437879_2020-03-14)
Align target 358 (hCoV-19_England_SHEF-C6534_2020_EPI_ISL_432820_2020-03-20)
Align target 359 (hCoV-19_England_BRIS-124D1D_2020_EPI_ISL_443809_2020-03-26)
Align target 360 (hCoV-19_SouthAfrica_Tygerberg_05_2020_EPI_ISL_464116_2020-03-17)
Align target 361 (hCoV-19_England_OXON-ACD0F_2020_EPI_ISL_448529_2020-04-06)
Align target 362 (hCoV-19_Scotland_CVR964_2020_EPI_ISL_439139_2020-03-28)
Align target 363 (hCoV-19_England_NOTT-110CBD_2020_EPI_ISL_448403_2020-05-01)
Align target 364 (hCoV-19_Wales_PHWC-341D3_2020_EPI_ISL_446885_2020-04-18)
Align target 365 (hCoV-19_Fujian_IM3520002T_2020_EPI_ISL_431180_2020-03-15)
Align target 366 (hCoV-19_USA_SC_3572_2020_EPI_ISL_424905)
Align target 367 (hCoV-19_USA_NY-NYUMC9_2020_EPI_ISL_418194)
Align target 368 (hCoV-19_USA_WA-S894_2020_EPI_ISL_463384_2020-04-28)
Align target 369 (hCoV-19_Canada_QC_BC1_2020_EPI_ISL_463966_2020-04-14)
Align target 370 (hCoV-19_England_BRIS-126DEE_2020_EPI_ISL_458967_2020-04-09)
Align target 371 (hCoV-19_England_LIVE-9C69E_2020_EPI_ISL_449567_2020-03-31)
Align target 372 (hCoV-19_England_20132096004_2020_EPI_ISL_423829)
Align target 373 (hCoV-19_England_20119009304_2020_EPI_ISL_465026_2020-03-13)
Align target 374 (hCoV-19_England_20176047004_2020_EPI_ISL_465417_2020-04-22)
Align target 375 (hCoV-19_France_IDF5850_2020_EPI_ISL_443297_2020-03-26)
Align target 376 (hCoV-19_Wales_PHWC-269EB_2020_EPI_ISL_422198)
Align target 377 (hCoV-19_Wales_PHWC-2A905_2020_EPI_ISL_445635_2020-04-08)
Align target 378 (hCoV-19_England_NORW-E6FD6_2020_EPI_ISL_453548_2020-04-22)
Align target 379 (hCoV-19_USA_NY-NYUMC604_2020_EPI_ISL_444721_2020-04-03)
Align target 380 (hCoV-19_England_NOTT-110AE0_2020_EPI_ISL_441897_2020-04-30)
Align target 381 (hCoV-19_Wales_PHWC-33EA0_2020_EPI_ISL_446835_2020-04-15)
Align target 382 (hCoV-19_England_CAMB-77F16_2020_EPI_ISL_440848_2020-04-01)
Align target 383 (hCoV-19_England_20109001504_2020_EPI_ISL_464495_2020-03-04)
Align target 384 (hCoV-19_England_201060037_2020_EPI_ISL_464374_2020-03-05)
Align target 385 (hCoV-19_Luxembourg_LNS5507695_2020_EPI_ISL_459899_2020-05-15)
Align target 386 (hCoV-19_England_NORW-EA1BE_2020_EPI_ISL_457333_2020-05-13)
Align target 387 (hCoV-19_Chile_Temuco_3_2020_EPI_ISL_445338_2020-03-25)
Align target 388 (hCoV-19_England_EXET-135371_2020_EPI_ISL_457052_2020-03-31)
Align target 389 (hCoV-19_England_LOND-D56E4_2020_EPI_ISL_449715_2020-04-16)
Align target 390 (hCoV-19_Wales_PHWC-2BA98_2020_EPI_ISL_445802_2020-03-28)
Align target 391 (hCoV-19_USA_NM-UNM-00024_2020_EPI_ISL_467605_2020-03-17)
Align target 392 (hCoV-19_England_CAMB-74D1F_2020_EPI_ISL_425368)
Align target 393 (hCoV-19_England_NOTT-10E362_2020_EPI_ISL_425532)
Align target 394 (hCoV-19_England_20189126801_2020_EPI_ISL_465546_2020-04-28)
Align target 395 (hCoV-19_England_CAMB-7A335_2020_EPI_ISL_441315_2020-04-02)
Align target 396 (hCoV-19_England_NOTT-10EFC8_2020_EPI_ISL_432952_2020-03-30)
Align target 397 (hCoV-19_Northern_Ireland_NIRE-101E13_2020_EPI_ISL_453465_2020-03-24)
Align target 398 (hCoV-19_India_MaxCov0024_CSIR-IGIB_2020_EPI_ISL_459926_2020)
Align target 399 (hCoV-19_India_CCMB_K600B_2020_EPI_ISL_447581_2020-04-14)
Computing global alignment... done.
