Align target 0 (hCoV-19_England_CAMB-1AAEB2_2020_EPI_ISL_444322_2020-04-17)
Align target 1 (hCoV-19_USA_MA-MGH-00211_2020_EPI_ISL_460425_2020-03-27)
Align target 2 (hCoV-19_Canada_Qc-L00241344_2020_EPI_ISL_450317_2020-03-27)
Align target 3 (hCoV-19_USA_WA-S348_2020_EPI_ISL_434108_2020-04-01)
Align target 4 (hCoV-19_USA_MA-MGH-00274_2020_EPI_ISL_460144_2020-04-01)
Align target 5 (hCoV-19_Australia_VIC83_2020_EPI_ISL_419799)
Align target 6 (hCoV-19_Luxembourg_LNS8815434_2020_EPI_ISL_429795)
Align target 7 (hCoV-19_Wales_PHWC-29E8F_2020_EPI_ISL_432202_2020-04-05)
Align target 8 (hCoV-19_Shanghai_SH0079_2020_EPI_ISL_416381)
Align target 9 (hCoV-19_Guangzhou_GZMU0058_2020_EPI_ISL_429101)
Align target 10 (hCoV-19_Wales_PHWC-27F7F_2020_EPI_ISL_432377_2020-03-24)
Align target 11 (hCoV-19_USA_WI-UW-337_2020_EPI_ISL_436631_2020-03-26)
Align target 12 (hCoV-19_USA_WA-S274_2020_EPI_ISL_430128)
Align target 13 (hCoV-19_England_20128014404_2020_EPI_ISL_423938)
Align target 14 (hCoV-19_England_CAMB-731D8_2020_EPI_ISL_440143_2020-03-21)
Align target 15 (hCoV-19_England_201161633_2020_EPI_ISL_464865_2020-03-12)
Align target 16 (hCoV-19_England_EXET-1361A3_2020_EPI_ISL_457207_2020-04-14)
Align target 17 (hCoV-19_Scotland_CVR1528_2020_EPI_ISL_438835_2020-04-03)
Align target 18 (hCoV-19_India_GBRC1_2020_EPI_ISL_426414)
Align target 19 (hCoV-19_Belgium_VHC-030655_2020_EPI_ISL_420449)
Align target 20 (hCoV-19_USA_WA-S707_2020_EPI_ISL_449877_2020-04-07)
Align target 21 (hCoV-19_England_20148003904_2020_EPI_ISL_422000)
Align target 22 (hCoV-19_Spain_Valencia175_2020_EPI_ISL_436270_2020-03-20)
Align target 23 (hCoV-19_USA_WA-UW-4324_2020_EPI_ISL_427262)
Align target 24 (hCoV-19_USA_MN-MDH-319_2020_EPI_ISL_450777_2020-03-30)
Align target 25 (hCoV-19_Poland_PL_P10_2020_EPI_ISL_451971_2020-04-01)
Align target 26 (hCoV-19_France_10063BI_2020_EPI_ISL_447679_2020-03)
Align target 27 (hCoV-19_Wales_PHWC-2D568_2020_EPI_ISL_445996_2020-04-04)
Align target 28 (hCoV-19_Austria_CeMM0167_2020_EPI_ISL_438012_2020-03-06)
Align target 29 (hCoV-19_USA_CA-CDPH-UC31_2020_EPI_ISL_429876)
Align target 30 (hCoV-19_Scotland_EDB726_2020_EPI_ISL_433229_2020-04-02)
Align target 31 (hCoV-19_England_SHEF-C037C_2020_EPI_ISL_420219)
Align target 32 (hCoV-19_Wales_PHWC-23DB5_2020_EPI_ISL_418113)
Align target 33 (hCoV-19_Iceland_175_2020_EPI_ISL_417774)
Align target 34 (hCoV-19_USA_VA-DCLS-0132_2020_EPI_ISL_437771_2020-04-14)
Align target 35 (hCoV-19_Spain_Valencia230_2020_EPI_ISL_436325_2020-03-26)
Align target 36 (hCoV-19_Germany_NRW-42_2020_EPI_ISL_425126)
Align target 37 (hCoV-19_England_CAMB-7BC1B_2020_EPI_ISL_442207_2020-04-04)
Align target 38 (hCoV-19_England_EXET-13670B_2020_EPI_ISL_457232_2020-04-27)
Align target 39 (hCoV-19_Germany_BAV-MVP0225_2020_EPI_ISL_466895_2020-04-23)
Align target 40 (hCoV-19_Wuhan_HB-WH4-207_2020_EPI_ISL_455389_2020-03-29)
Align target 41 (hCoV-19_England_20172045904_2020_EPI_ISL_465349_2020-04-09)
Align target 42 (hCoV-19_Portugal_PT0040_2020_EPI_ISL_418025)
Align target 43 (hCoV-19_USA_NY-NYUMC615_2020_EPI_ISL_444732_2020-04-02)
Align target 44 (hCoV-19_USA_MI-QDX-28_2020_EPI_ISL_467869_2020-03-15)
Align target 45 (hCoV-19_Portugal_PT0356_2020_EPI_ISL_454072_2020-03-19)
Align target 46 (hCoV-19_Australia_NSW245_2020_EPI_ISL_451510_2020-03-30)
Align target 47 (hCoV-19_England_NORT-288FE3_2020_EPI_ISL_458638_2020-03-26)
Align target 48 (hCoV-19_England_LOND-D3D78_2020_EPI_ISL_449649_2020-04-04)
Align target 49 (hCoV-19_Australia_NSW135_2020_EPI_ISL_427673)
Align target 50 (hCoV-19_USA_MI-MDHHS-SC20335_2020_EPI_ISL_450614_2020-03-20)
Align target 51 (hCoV-19_Switzerland_100835_2020_EPI_ISL_451783_2020-03-25)
Align target 52 (hCoV-19_England_CAMB-82A17_2020_EPI_ISL_438647_2020-04-23)
Align target 53 (hCoV-19_USA_WA-UW-1905_2020_EPI_ISL_424295)
Align target 54 (hCoV-19_USA_WA-S550_2020_EPI_ISL_434310_2020-03-24)
Align target 55 (hCoV-19_England_NOTT-110DD8_2020_EPI_ISL_448419_2020-04-29)
Align target 56 (hCoV-19_England_CAMB-77602_2020_EPI_ISL_439423_2020-03-31)
Align target 57 (hCoV-19_South_Africa_R07719_2020_EPI_ISL_450301_2020-04-01)
Align target 58 (hCoV-19_Netherlands_NA_538_2020_EPI_ISL_460711_2020)
Align target 59 (hCoV-19_Thailand_Bangkok-CONI-0017_2020_EPI_ISL_423039)
Align target 60 (hCoV-19_USA_CA-QDX-40_2020_EPI_ISL_467831_2020-03-16)
Align target 61 (hCoV-19_USA_MA-MGH-00090_2020_EPI_ISL_460411_2020-03-25)
Align target 62 (hCoV-19_England_SHEF-D2DC4_2020_EPI_ISL_432662_2020-04-02)
Align target 63 (hCoV-19_England_20132081404_2020_EPI_ISL_423811)
Align target 64 (hCoV-19_USA_IL-NM060_2020_EPI_ISL_444556_2020-03-18)
Align target 65 (hCoV-19_USA_FL-BPHL-0083_2020_EPI_ISL_445026_2020-04-30)
Align target 66 (hCoV-19_USA_LA-EVTL026_2020_EPI_ISL_435564_2020-04-24)
Align target 67 (hCoV-19_Wales_PHWC-3305F_2020_EPI_ISL_446728_2020-04-14)
Align target 68 (hCoV-19_USA_CA-SCCPHD-UC14_2020_EPI_ISL_417318)
Align target 69 (hCoV-19_Netherlands_Friesland_40_2020_EPI_ISL_460855_2020-05-01)
Align target 70 (hCoV-19_Italy_INMI1-B1_2020_EPI_ISL_451298_2020-02-12)
Align target 71 (hCoV-19_India_RMRC170_2020_EPI_ISL_455769_2020-05-07)
Align target 72 (hCoV-19_England_CAMB-7BF7C_2020_EPI_ISL_442080_2020-04-04)
Align target 73 (hCoV-19_Singapore_157_2020_EPI_ISL_443249_2020-03-20)
Align target 74 (hCoV-19_Switzerland_101173_2020_EPI_ISL_451836_2020-03-31)
Align target 75 (hCoV-19_England_LIVE-9C0BE_2020_EPI_ISL_449507_2020-04-01)
Align target 76 (hCoV-19_USA_WA-S886_2020_EPI_ISL_463376_2020-04-17)
Align target 77 (hCoV-19_Netherlands_ZuidHolland_78_2020_EPI_ISL_422946)
Align target 78 (hCoV-19_Netherlands_NoordBrabant_70_2020_EPI_ISL_422866)
Align target 79 (hCoV-19_Kenya_P2447_2020_EPI_ISL_457880_2020-04)
Align target 80 (hCoV-19_England_SHEF-C8611_2020_EPI_ISL_442031_2020-03-30)
Align target 81 (hCoV-19_USA_NM-UNM-00032_2020_EPI_ISL_467613_2020-03-18)
Align target 82 (hCoV-19_Chile_Santiago_7_2020_EPI_ISL_445250_2020-03-09)
Align target 83 (hCoV-19_Canada_QC_AB1_2020_EPI_ISL_444499_2020-04-05)
Align target 84 (hCoV-19_England_LOND-D51C5_2020_EPI_ISL_449685_2020-04-15)
Align target 85 (hCoV-19_Northern_Ireland_NIRE-FAFDF_2020_EPI_ISL_448939_2020-03-25)
Align target 86 (hCoV-19_France_ARA12576_2020_EPI_ISL_420611)
Align target 87 (hCoV-19_Morocco_15N_2020_EPI_ISL_458150_2020-05-15)
Align target 88 (hCoV-19_Wales_PHWC-25FAE_2020_EPI_ISL_422085)
Align target 89 (hCoV-19_England_20139002504_2020_EPI_ISL_423339)
Align target 90 (hCoV-19_England_NORW-E93B9_2020_EPI_ISL_453596_2020-04-27)
Align target 91 (hCoV-19_England_CAMB-81B42_2020_EPI_ISL_443055_2020-04-13)
Align target 92 (hCoV-19_England_20206019204_2020_EPI_ISL_465655_2020-05-12)
Align target 93 (hCoV-19_USA_MA-MGH-00168_2020_EPI_ISL_460236_2020-03-26)
Align target 94 (hCoV-19_England_OXON-ADA9E_2020_EPI_ISL_448611_2020)
Align target 95 (hCoV-19_Canada_BC_26590284_2020_EPI_ISL_463240_2020-03)
Align target 96 (hCoV-19_Australia_VIC1338_2020_EPI_ISL_430706)
Align target 97 (hCoV-19_USA_WI-UW-294_2020_EPI_ISL_436588_2020-04-09)
Align target 98 (hCoV-19_India_THSTI-BAL_39_2020_EPI_ISL_454858_2020-04-07)
Align target 99 (hCoV-19_Belgium_UGent-70_2020_EPI_ISL_451181_2020-04-14)
Align target 100 (hCoV-19_England_BRIS-121A73_2020_EPI_ISL_440221_2020-03-11)
Align target 101 (hCoV-19_Germany_BAV-MVP0247_2020_EPI_ISL_466902_2020-04-30)
Align target 102 (hCoV-19_England_20104003104_2020_EPI_ISL_459958_2020-03-02)
Align target 103 (hCoV-19_USA_MI-MDHHS-SC20461_2020_EPI_ISL_460000_2020-03-30)
Align target 104 (hCoV-19_Iceland_26_2020_EPI_ISL_417841)
Align target 105 (hCoV-19_Scotland_CVR2401_2020_EPI_ISL_438899_2020-04-13)
Align target 106 (hCoV-19_Spain_Valencia285_2020_EPI_ISL_436380_2020-03-18)
Align target 107 (hCoV-19_England_20099015104_2020_EPI_ISL_464202_2020-02-29)
Align target 108 (hCoV-19_Scotland_EDB4547_2020_EPI_ISL_461721_2020-05-05)
Align target 109 (hCoV-19_England_20144063504_2020_EPI_ISL_423553)
Align target 110 (hCoV-19_USA_NY-NYUMC765_2020_EPI_ISL_451479_2020-03-21)
Align target 111 (hCoV-19_Germany_BAV-MVP0077_2020_EPI_ISL_437272_2020-03-30)
Align target 112 (hCoV-19_Canada_BC_14592296_2020_EPI_ISL_467428_2020-04)
Align target 113 (hCoV-19_USA_NY-PV09355_2020_EPI_ISL_450043_2020-03-16)
Align target 114 (hCoV-19_Australia_VIC-CBA3_2020_EPI_ISL_420877)
Align target 115 (hCoV-19_Wales_PHWC-2D44D_2020_EPI_ISL_445986_2020-04-04)
Align target 116 (hCoV-19_Singapore_181_2020_EPI_ISL_462299_2020-03-21)
Align target 117 (hCoV-19_Netherlands_Gelderland_145_2020_EPI_ISL_460905_2020-05-22)
Align target 118 (hCoV-19_USA_AZ-TGEN-TG271880_2020_EPI_ISL_426543)
Align target 119 (hCoV-19_France_10069NM_2020_EPI_ISL_447681_2020-03)
Align target 120 (hCoV-19_England_LIVE-9F59E_2020_EPI_ISL_457265_2020-05-12)
Align target 121 (hCoV-19_England_SHEF-C9A05_2020_EPI_ISL_457637_2020-05-03)
Align target 122 (hCoV-19_England_EXET-135C3A_2020_EPI_ISL_457149_2020-04-10)
Align target 123 (hCoV-19_Egypt_CUNCI-HGC028_2020_EPI_ISL_468062_2020-05-02)
Align target 124 (hCoV-19_England_LIVE-9B3B6_2020_EPI_ISL_449441_2020-04-03)
Align target 125 (hCoV-19_USA_FL-BPHL-014_2020_EPI_ISL_436518_2020-04-08)
Align target 126 (hCoV-19_USA_CA-CZB-1125_2020_EPI_ISL_445173_2020-03-31)
Align target 127 (hCoV-19_England_20146018404_2020_EPI_ISL_423581)
Align target 128 (hCoV-19_Russia_Buryatia-84508_2020_EPI_ISL_428913)
Align target 129 (hCoV-19_USA_WA-UW301_2020_EPI_ISL_418869)
Align target 130 (hCoV-19_Uganda_UG012_2020_EPI_ISL_451194_2020-03-22)
Align target 131 (hCoV-19_England_20142018804_2020_EPI_ISL_423441)
Align target 132 (hCoV-19_USA_NY-PV09075_2020_EPI_ISL_421621)
Align target 133 (hCoV-19_Italy_2389_2020_EPI_ISL_457728_2020-03-04)
Align target 134 (hCoV-19_England_CAMB-1AF679_2020_EPI_ISL_459287_2020-05-01)
Align target 135 (hCoV-19_England_NORW-E6F7C_2020_EPI_ISL_453547_2020-04-22)
Align target 136 (hCoV-19_USA_WA-S384_2020_EPI_ISL_434144_2020-03-27)
Align target 137 (hCoV-19_England_CAMB-7F8E6_2020_EPI_ISL_433478_2020-04-18)
Align target 138 (hCoV-19_USA_NY-NYUMC678_2020_EPI_ISL_450395_2020-03-29)
Align target 139 (hCoV-19_Wales_PHWC-29E43_2020_EPI_ISL_432194_2020-04-04)
Align target 140 (hCoV-19_Germany_NRW-19_2020_EPI_ISL_417464)
Align target 141 (hCoV-19_England_LOND-D5848_2020_EPI_ISL_449729_2020-04-17)
Align target 142 (hCoV-19_USA_TX_GCID_192000124_2020_EPI_ISL_445083_2020-03-24)
Align target 143 (hCoV-19_Greece_209_33926_2020_EPI_ISL_437879_2020-03-14)
Align target 144 (hCoV-19_England_20120002102_2020_EPI_ISL_418672)
Align target 145 (hCoV-19_England_NOTT-10FC1B_2020_EPI_ISL_432700_2020-04-06)
Align target 146 (hCoV-19_Germany_NRW-07_2020_EPI_ISL_414506)
Align target 147 (hCoV-19_USA_NY-Wadsworth-27804-01_2020_EPI_ISL_426297)
Align target 148 (hCoV-19_England_CAMB-1AEDEE_2020_EPI_ISL_452866_2020-05-11)
Align target 149 (hCoV-19_Singapore_249_2020_EPI_ISL_462367_2020-03-21)
Align target 150 (hCoV-19_pangolin_Guangxi_P5L_2017_EPI_ISL_410540)
hCoV-19_pangolin_Guangxi_P5L_2017_EPI_ISL_410540: Frameshift error (scores nt: 109656; codon: 78538)
Align target 151 (hCoV-19_Germany_BAV-MVP0039_2020_EPI_ISL_437238_2020-03-24)
Align target 152 (hCoV-19_Scotland_EDB4743_2020_EPI_ISL_453143_2020-05-10)
Align target 153 (hCoV-19_England_20169018304_2020_EPI_ISL_465202_2020-04-17)
Align target 154 (hCoV-19_USA_LA-SR0145_2020_EPI_ISL_435449_2020-03-27)
Align target 155 (hCoV-19_Netherlands_Utrecht_6_2020_EPI_ISL_414461)
Align target 156 (hCoV-19_Netherlands_ZuidHolland_143_2020_EPI_ISL_461316_2020-04-16)
Align target 157 (hCoV-19_England_SHEF-C4949_2020_EPI_ISL_441965_2020-04-03)
Align target 158 (hCoV-19_Belgium_Rega-0327211_2020_EPI_ISL_458181_2020-03-27)
Align target 159 (hCoV-19_USA_CA-SCCPHD-UC116_2020_EPI_ISL_435595_2020-03-04)
Align target 160 (hCoV-19_Wales_PHWC-28B7A_2020_EPI_ISL_445409_2020-04-03)
Align target 161 (hCoV-19_USA_CA-SCCPHD-UC125_2020_EPI_ISL_435604_2020-03-06)
Align target 162 (hCoV-19_Scotland_CVR2300_2020_EPI_ISL_453043_2020-04-12)
Align target 163 (hCoV-19_England_NOTT-1113B7_2020_EPI_ISL_453656_2020-05-15)
Align target 164 (hCoV-19_USA_WA-S1047_2020_EPI_ISL_463537_2020-05-03)
Align target 165 (hCoV-19_USA_AZ-TGEN-TG272213_2020_EPI_ISL_426556)
Align target 166 (hCoV-19_England_201421457_2020_EPI_ISL_465967_2020-03-30)
Align target 167 (hCoV-19_Scotland_CVR135_2020_EPI_ISL_425678)
Align target 168 (hCoV-19_India_S6_2020_EPI_ISL_430466)
Align target 169 (hCoV-19_England_LIVE-9987D_2020_EPI_ISL_439768_2020-04-09)
Align target 170 (hCoV-19_England_20092000704_2020_EPI_ISL_464181_2020-02-24)
Align target 171 (hCoV-19_France_ARA12249_2020_EPI_ISL_419181)
Align target 172 (hCoV-19_England_CAMB-76E92_2020_EPI_ISL_425435)
Align target 173 (hCoV-19_Australia_NSW366_2020_EPI_ISL_451627_2020-04-14)
Align target 174 (hCoV-19_USA_NY-NYUMC15_2020_EPI_ISL_418200)
Align target 175 (hCoV-19_England_20140038704_2020_EPI_ISL_420751)
Align target 176 (hCoV-19_Netherlands_Friesland_20_2020_EPI_ISL_460642_2020-04-07)
Align target 177 (hCoV-19_USA_WA-S721_2020_EPI_ISL_449891_2020-04-12)
Align target 178 (hCoV-19_Fujian_IM3520013T_2020_EPI_ISL_431781_2020-03-19)
hCoV-19_Fujian_IM3520013T_2020_EPI_ISL_431781_2020-03-19: Frameshift error (scores nt: 147352; codon: 63000)
Align target 179 (hCoV-19_England_CAMB-1AA377_2020_EPI_ISL_443662_2020-04-16)
Align target 180 (hCoV-19_Wales_PHW27_2020_EPI_ISL_415655)
Align target 181 (hCoV-19_England_BRIS-12A676_2020_EPI_ISL_458300_2020-05-01)
Align target 182 (hCoV-19_England_CAMB-77514_2020_EPI_ISL_438517_2020-03-31)
Align target 183 (hCoV-19_England_20109047604_2020_EPI_ISL_464568_2020-03-07)
Align target 184 (hCoV-19_USA_ID-UW-4308_2020_EPI_ISL_437828_2020-03-30)
Align target 185 (hCoV-19_England_SHEF-CA1F0_2020_EPI_ISL_432487_2020-03-30)
Align target 186 (hCoV-19_Czech_Republic_IAB_4_2020_EPI_ISL_426884)
Align target 187 (hCoV-19_England_NORW-EBE3E_2020_EPI_ISL_457516_2020-05-05)
Align target 188 (hCoV-19_USA_NY-NYUMC579_2020_EPI_ISL_444696_2020-03-30)
Align target 189 (hCoV-19_England_BRIS-12573C_2020_EPI_ISL_443779_2020-03-28)
Align target 190 (hCoV-19_New_Zealand_20VR1829_2020_EPI_ISL_456274_2020-03-30)
Align target 191 (hCoV-19_England_CAMB-7C46D_2020_EPI_ISL_442310_2020-04-05)
Align target 192 (hCoV-19_USA_NM-UNM-00166_2020_EPI_ISL_467661_2020-04-04)
Align target 193 (hCoV-19_England_NOTT-10E001_2020_EPI_ISL_425483)
Align target 194 (hCoV-19_Belgium_UGent-46_2020_EPI_ISL_434362_2020-03-29)
Align target 195 (hCoV-19_England_LIVE-9ECB8_2020_EPI_ISL_453385_2020-04-04)
Align target 196 (hCoV-19_Australia_VIC1067_2020_EPI_ISL_430670)
Align target 197 (hCoV-19_Portugal_PT0101_2020_EPI_ISL_453817_2020-03-24)
Align target 198 (hCoV-19_Chile_Santiago_56_2020_EPI_ISL_445352_2020-04-01)
Align target 199 (hCoV-19_England_OXON-ADBD7_2020_EPI_ISL_448621_2020)
Align target 200 (hCoV-19_Poland_Pom10_2020_EPI_ISL_451651_2020-04-27)
Align target 201 (hCoV-19_USA_WA-UW-6417_2020_EPI_ISL_430980_2020-04-03)
Align target 202 (hCoV-19_Wales_PHWC-29D46_2020_EPI_ISL_432363_2020-04-03)
Align target 203 (hCoV-19_Wales_PHWC-2712E_2020_EPI_ISL_422197)
Align target 204 (hCoV-19_USA_NY-NYUMC419_2020_EPI_ISL_435486_2020-03-30)
Align target 205 (hCoV-19_USA_MN-MDH-297_2020_EPI_ISL_450765_2020-03-26)
Align target 206 (hCoV-19_Belgium_ULG-3683_2020_EPI_ISL_417011)
Align target 207 (hCoV-19_France_HF2060_2020_EPI_ISL_418223)
Align target 208 (hCoV-19_Wales_PHWC-2A079_2020_EPI_ISL_432334_2020-04-04)
Align target 209 (hCoV-19_England_CAMB-84981_2020_EPI_ISL_440497_2020-03-08)
Align target 210 (hCoV-19_England_20128039104_2020_EPI_ISL_423960)
Align target 211 (hCoV-19_Nigeria_Lagos01_2020_EPI_ISL_413550)
Align target 212 (hCoV-19_Singapore_271_2020_EPI_ISL_462389_2020-03-20)
Align target 213 (hCoV-19_England_CAMB-77FCB_2020_EPI_ISL_441795_2020-04-01)
Align target 214 (hCoV-19_USA_MI-MDHHS-SC20111_2020_EPI_ISL_436846_2020-03-24)
Align target 215 (hCoV-19_England_NORW-E896D_2020_EPI_ISL_448254_2020-04-11)
Align target 216 (hCoV-19_Australia_NSW309_2020_EPI_ISL_451573_2020-04-04)
Align target 217 (hCoV-19_Netherlands_ZuidHolland_184_2020_EPI_ISL_461356_2020-04-25)
Align target 218 (hCoV-19_Wales_PHWC-2E28E_2020_EPI_ISL_446079_2020-04-07)
Align target 219 (hCoV-19_USA_WI-85_2020_EPI_ISL_425142)
Align target 220 (hCoV-19_Wales_PHWC-31BBA_2020_EPI_ISL_446539_2020-04-11)
Align target 221 (hCoV-19_USA_MI-MDHHS-SC20320_2020_EPI_ISL_447117_2020-03-25)
Align target 222 (hCoV-19_England_SHEF-C469D_2020_EPI_ISL_457605_2020-05-01)
Align target 223 (hCoV-19_India_NGC-CDFD-17_2020_EPI_ISL_466855_2020-05-27)
Align target 224 (hCoV-19_USA_WA-S1188_2020_EPI_ISL_463678_2020-05-05)
Align target 225 (hCoV-19_Australia_NSW170_2020_EPI_ISL_427676)
Align target 226 (hCoV-19_USA_WA-UW92_2020_EPI_ISL_416448)
Align target 227 (hCoV-19_England_20130027103_2020_EPI_ISL_420494)
Align target 228 (hCoV-19_England_LIVE-997E9_2020_EPI_ISL_439762_2020-04-09)
Align target 229 (hCoV-19_Portugal_PT0104_2020_EPI_ISL_453820_2020-03-21)
Align target 230 (hCoV-19_USA_WA-S816_2020_EPI_ISL_449986_2020-04-17)
Align target 231 (hCoV-19_England_201160243_2020_EPI_ISL_464790_2020-03-11)
Align target 232 (hCoV-19_Austria_CeMM0176_2020_EPI_ISL_438019_2020-03-08)
Align target 233 (hCoV-19_Scotland_CVR1436_2020_EPI_ISL_438808_2020-04-01)
Align target 234 (hCoV-19_Spain_Madrid_H12_31_2020_EPI_ISL_428694)
Align target 235 (hCoV-19_USA_WA-UW-1322_2020_EPI_ISL_422994)
Align target 236 (hCoV-19_Scotland_GCVR-1705FC_2020_EPI_ISL_459635_2020-03-24)
Align target 237 (hCoV-19_England_CAMB-727AA_2020_EPI_ISL_439925_2020-03-23)
Align target 238 (hCoV-19_England_NORT-289C27_2020_EPI_ISL_453513_2020-04-04)
Align target 239 (hCoV-19_England_NOTT-10E265_2020_EPI_ISL_425518)
Align target 240 (hCoV-19_Oman_205028718_2020_EPI_ISL_457702_2020-04-12)
Align target 241 (hCoV-19_Spain_Valencia170_2020_EPI_ISL_436265_2020-03-20)
Align target 242 (hCoV-19_France_N4427_2020_EPI_ISL_428367)
Align target 243 (hCoV-19_England_20136014104_2020_EPI_ISL_423226)
Align target 244 (hCoV-19_Scotland_GCVR-1706BD_2020_EPI_ISL_459634_2020-03-23)
Align target 245 (hCoV-19_Scotland_CVR3081_2020_EPI_ISL_461665_2020-04-24)
Align target 246 (hCoV-19_USA_MD_0027_2020_EPI_ISL_426425)
Align target 247 (hCoV-19_England_20176046604_2020_EPI_ISL_465416_2020-04-20)
Align target 248 (hCoV-19_Denmark_ALAB-HH-199_2020_EPI_ISL_452060_2020-04-26)
Align target 249 (hCoV-19_Beijing_DT-BJ02_2020_EPI_ISL_452359_2020-02-08)
Align target 250 (hCoV-19_England_SHEF-C08B9_2020_EPI_ISL_420171)
Align target 251 (hCoV-19_Oman_205030448_2020_EPI_ISL_458121_2020-04-20)
Align target 252 (hCoV-19_Spain_COV003705_2020_EPI_ISL_467184_2020-04-02)
Align target 253 (hCoV-19_England_CAMB-1B189C_2020_EPI_ISL_458527_2020-05-09)
Align target 254 (hCoV-19_England_CAMB-81B51_2020_EPI_ISL_443107_2020-04-11)
Align target 255 (hCoV-19_England_SHEF-C1BCE_2020_EPI_ISL_448833_2020-04-13)
Align target 256 (hCoV-19_Wales_PHWC-29B88_2020_EPI_ISL_431974_2020-04-04)
Align target 257 (hCoV-19_Wales_PHWC-2EF69_2020_EPI_ISL_446180_2020-04-04)
Align target 258 (hCoV-19_Wales_PHWC-2899E_2020_EPI_ISL_445382_2020-04-02)
Align target 259 (hCoV-19_Luxembourg_LNS8772889_2020_EPI_ISL_429755)
Align target 260 (hCoV-19_USA_NY-WCMP11E09P_2020_EPI_ISL_427594)
Align target 261 (hCoV-19_England_BRIS-124F35_2020_EPI_ISL_443785_2020-03-26)
Align target 262 (hCoV-19_Germany_NRW-15_2020_EPI_ISL_417460)
Align target 263 (hCoV-19_England_CAMB-7A3CC_2020_EPI_ISL_440574_2020-04-02)
Align target 264 (hCoV-19_Australia_NSW251_2020_EPI_ISL_451516_2020-03-28)
Align target 265 (hCoV-19_USA_WA15-UW11_2020_EPI_ISL_413650)
Align target 266 (hCoV-19_USA_TX_GCID_192000119_2020_EPI_ISL_445082_2020-03-24)
Align target 267 (hCoV-19_Netherlands_NoordBrabant_146_2020_EPI_ISL_461181_2020-04-05)
Align target 268 (hCoV-19_England_CAMB-7D3D8_2020_EPI_ISL_442298_2020-04-05)
Align target 269 (hCoV-19_Sweden_20-50172_2020_EPI_ISL_429147)
Align target 270 (hCoV-19_Scotland_EDB5483_2020_EPI_ISL_461755_2020-04-26)
Align target 271 (hCoV-19_England_20169022704_2020_EPI_ISL_465214_2020-04-17)
Align target 272 (hCoV-19_USA_MI-MDHHS-SC20560_2020_EPI_ISL_462642_2020-04-29)
Align target 273 (hCoV-19_USA_WI-UW-298_2020_EPI_ISL_436592_2020-04-13)
Align target 274 (hCoV-19_USA_TX-HMH0103_2020_EPI_ISL_434808_2020-03-19)
Align target 275 (hCoV-19_England_OXON-AD15D_2020_EPI_ISL_448567_2020)
Align target 276 (hCoV-19_England_NOTT-110EB7_2020_EPI_ISL_448432_2020-04-29)
Align target 277 (hCoV-19_Luxembourg_LNS0481305_2020_EPI_ISL_429729)
Align target 278 (hCoV-19_Portugal_PT0603_2020_EPI_ISL_454326_2020-03-26)
Align target 279 (hCoV-19_Wales_PHWC-29186_2020_EPI_ISL_445490_2020-04-03)
Align target 280 (hCoV-19_USA_CA-SR0113_2020_EPI_ISL_445106_2020-03-25)
Align target 281 (hCoV-19_England_20129171402_2020_EPI_ISL_424137)
Align target 282 (hCoV-19_England_LOND-D3E84_2020_EPI_ISL_441044_2020-04-04)
Align target 283 (hCoV-19_England_201060065_2020_EPI_ISL_464391_2020-03-04)
Align target 284 (hCoV-19_USA_VA-DCLS-0076_2020_EPI_ISL_429975)
Align target 285 (hCoV-19_Belgium_SAA-0330367_2020_EPI_ISL_462221_2020-03-30)
Align target 286 (hCoV-19_USA_MDH-6572_2020_EPI_ISL_454425_2020-03-08)
Align target 287 (hCoV-19_Wales_PHWC-24E48_2020_EPI_ISL_432101_2020-03)
Align target 288 (hCoV-19_Denmark_ALAB-SSI-840_2020_EPI_ISL_444933_2020-03-29)
Align target 289 (hCoV-19_England_BRIS-12AAA7_2020_EPI_ISL_458515_2020-04-30)
Align target 290 (hCoV-19_England_BRIS-129B5A_2020_EPI_ISL_458370_2020-04-15)
Align target 291 (hCoV-19_Brazil_RJ-477i_2020_EPI_ISL_427301)
Align target 292 (hCoV-19_Scotland_EDB1536_2020_EPI_ISL_433075_2020-04-12)
Align target 293 (hCoV-19_England_BRIS-124CA7_2020_EPI_ISL_443862_2020-03-26)
Align target 294 (hCoV-19_England_201360295_2020_EPI_ISL_421774)
Align target 295 (hCoV-19_USA_NM-UNM-00115_2020_EPI_ISL_467554_2020-04-02)
Align target 296 (hCoV-19_England_BRIS-125523_2020_EPI_ISL_443700_2020-03-27)
Align target 297 (hCoV-19_Belgium_BM-0327320_2020_EPI_ISL_462174_2020-03-27)
Align target 298 (hCoV-19_England_SHEF-C086E_2020_EPI_ISL_420163)
Align target 299 (hCoV-19_England_LOND-D4560_2020_EPI_ISL_444133_2020-04-08)
Align target 300 (hCoV-19_England_CAMB-7FC08_2020_EPI_ISL_433491_2020-04-16)
Align target 301 (hCoV-19_England_20109052306_2020_EPI_ISL_417275)
Align target 302 (hCoV-19_England_20149044504_2020_EPI_ISL_466199_2020-04-03)
Align target 303 (hCoV-19_Spain_COV000856_2020_EPI_ISL_452696_2020-03-11)
Align target 304 (hCoV-19_USA_WA-S1181_2020_EPI_ISL_463671_2020-05-06)
Align target 305 (hCoV-19_India_NGC-CDFD-10_2020_EPI_ISL_466848_2020-05-13)
Align target 306 (hCoV-19_England_NORW-E8411_2020_EPI_ISL_449150_2020-04-18)
Align target 307 (hCoV-19_England_20119047904_2020_EPI_ISL_465070_2020-03-14)
Align target 308 (hCoV-19_Switzerland_120055_2020_EPI_ISL_468236_2020-04-20)
Align target 309 (hCoV-19_Australia_VIC1365_2020_EPI_ISL_456411_2020-04-13)
Align target 310 (hCoV-19_Vietnam_HCMC-35016_2020_EPI_ISL_450741_2020-03-20)
Align target 311 (hCoV-19_Belgium_ULG-10062_2020_EPI_ISL_424664)
Align target 312 (hCoV-19_England_CAMB-76EDE_2020_EPI_ISL_425437)
Align target 313 (hCoV-19_Spain_Andalucia201373_2020_EPI_ISL_418244)
Align target 314 (hCoV-19_England_20124036902_2020_EPI_ISL_418718)
Align target 315 (hCoV-19_England_EXET-135511_2020_EPI_ISL_457069_2020-04-10)
Align target 316 (hCoV-19_Belgium_ULG-10108_2020_EPI_ISL_427359)
Align target 317 (hCoV-19_USA_IL-UW-350_2020_EPI_ISL_450704_2020-04-18)
Align target 318 (hCoV-19_USA_MI-MDHHS-SC20025_2020_EPI_ISL_437112_2020-03-14)
Align target 319 (hCoV-19_Canada_Qc-L00240954_2020_EPI_ISL_450307_2020-03-27)
Align target 320 (hCoV-19_Scotland_CVR208_2020_EPI_ISL_425738)
Align target 321 (hCoV-19_England_CAMB-74104_2020_EPI_ISL_440347_2020-03-20)
Align target 322 (hCoV-19_USA_NY-WCMP4E05P_2020_EPI_ISL_427537)
Align target 323 (hCoV-19_Northern_Ireland_NIRE-FADE4_2020_EPI_ISL_448922_2020-03-26)
Align target 324 (hCoV-19_Russia_Samara-73403_2020_EPI_ISL_428886)
Align target 325 (hCoV-19_USA_WA-UW325_2020_EPI_ISL_418892)
Align target 326 (hCoV-19_USA_LA-EVTL090_2020_EPI_ISL_451251_2020-05-09)
Align target 327 (hCoV-19_India_S32_2020_EPI_ISL_455661_2020-05-01)
Align target 328 (hCoV-19_New_Zealand_20VR1903_2020_EPI_ISL_456302_2020-04-02)
Align target 329 (hCoV-19_England_201620031_2020_EPI_ISL_466388_2020-04-13)
Align target 330 (hCoV-19_Northern_Ireland_NIRE-FC80F_2020_EPI_ISL_459357_2020-04-21)
Align target 331 (hCoV-19_Scotland_CVR3443_2020_EPI_ISL_461702_2020-05-08)
Align target 332 (hCoV-19_England_CAMB-759FC_2020_EPI_ISL_438258_2020-03-29)
Align target 333 (hCoV-19_Netherlands_Overijssel_26_2020_EPI_ISL_460815_2020-03-16)
Align target 334 (hCoV-19_England_LOND-D3B41_2020_EPI_ISL_449630_2020-04-04)
Align target 335 (hCoV-19_USA_WA-S149_2020_EPI_ISL_430186)
Align target 336 (hCoV-19_USA_NY-NYUMC66_2020_EPI_ISL_420581)
Align target 337 (hCoV-19_Spain_COV003709_2020_EPI_ISL_467216_2020-04-02)
Align target 338 (hCoV-19_Wales_PHWC-2667B_2020_EPI_ISL_422236)
Align target 339 (hCoV-19_Portugal_PT0440_2020_EPI_ISL_454164_2020-03-23)
Align target 340 (hCoV-19_England_20129143004_2020_EPI_ISL_424109)
Align target 341 (hCoV-19_Belgium_UGent-35_2020_EPI_ISL_434353_2020-03-26)
Align target 342 (hCoV-19_England_EXET-136C57_2020_EPI_ISL_457258_2020-04-24)
Align target 343 (hCoV-19_England_20166069304_2020_EPI_ISL_466574_2020-04-16)
Align target 344 (hCoV-19_Austria_CeMM0036_2020_EPI_ISL_437925_2020-03-09)
Align target 345 (hCoV-19_Poland_Pom4_2020_EPI_ISL_451645_2020-05-02)
Align target 346 (hCoV-19_USA_TX-HMH026_2020_EPI_ISL_434735_2020-03-13)
Align target 347 (hCoV-19_India_ILSCV20557_2020_EPI_ISL_463078_2020-05-15)
Align target 348 (hCoV-19_England_BRIS-12A53D_2020_EPI_ISL_458492_2020-04-30)
Align target 349 (hCoV-19_USA_WA-S850_2020_EPI_ISL_463340_2020-04-23)
Align target 350 (hCoV-19_England_20174004804_2020_EPI_ISL_465387_2020-04-20)
Align target 351 (hCoV-19_Portugal_PT0324_2020_EPI_ISL_454040_2020-03-15)
Align target 352 (hCoV-19_England_NORW-EA8D7_2020_EPI_ISL_461872_2020-05-17)
Align target 353 (hCoV-19_USA_WA-S207_2020_EPI_ISL_430245)
Align target 354 (hCoV-19_China_WF0004_2020_EPI_ISL_413694)
Align target 355 (hCoV-19_Wales_PHWC-30ABE_2020_EPI_ISL_446317_2020-04-09)
Align target 356 (hCoV-19_Spain_Valencia608_2020_EPI_ISL_447526_2020-04-01)
Align target 357 (hCoV-19_England_20146010404_2020_EPI_ISL_466026_2020-04-01)
Align target 358 (hCoV-19_France_BFC6053_2020_EPI_ISL_443307_2020-04-09)
Align target 359 (hCoV-19_USA_NY-PV09045_2020_EPI_ISL_422488)
Align target 360 (hCoV-19_Northern_Ireland_NIRE-FC6D8_2020_EPI_ISL_459394_2020-04-21)
Align target 361 (hCoV-19_England_20140008904_2020_EPI_ISL_465878_2020-03-28)
Align target 362 (hCoV-19_England_SHEF-C1E98_2020_EPI_ISL_441919_2020-04-02)
Align target 363 (hCoV-19_USA_NC_200256_2020_EPI_ISL_454807_2020-04)
Align target 364 (hCoV-19_England_201340834_2020_EPI_ISL_465813_2020-03-25)
Align target 365 (hCoV-19_Japan_DP0786_2020_EPI_ISL_416628)
Align target 366 (hCoV-19_Netherlands_Gelderland_113_2020_EPI_ISL_460874_2020-05-22)
Align target 367 (hCoV-19_England_20162011104_2020_EPI_ISL_466410_2020-04-12)
Align target 368 (hCoV-19_Oman_RESP-20-4400_2020_EPI_ISL_457990_2020-03-21)
Align target 369 (hCoV-19_SouthAfrica_Tygerberg_27_2020_EPI_ISL_464138_2020-04-09)
Align target 370 (hCoV-19_India_nimh-4376_2020_EPI_ISL_436140_2020-04-24)
Align target 371 (hCoV-19_Wales_PHWC-27EAF_2020_EPI_ISL_431971_2020-03-24)
Align target 372 (hCoV-19_Hangzhou_ZJU-05_2020_EPI_ISL_415711)
Align target 373 (hCoV-19_USA_UT-03878_2020_EPI_ISL_450563_2020-04-13)
Align target 374 (hCoV-19_USA_NM-UNM-00125_2020_EPI_ISL_467558_2020-04-02)
Align target 375 (hCoV-19_England_20109003104_2020_EPI_ISL_464510_2020-03-04)
Align target 376 (hCoV-19_USA_WA1-F6_2020_EPI_ISL_407215)
Align target 377 (hCoV-19_England_20138080104_2020_EPI_ISL_423325)
Align target 378 (hCoV-19_Pakistan_KHI1_2020_EPI_ISL_451958_2020-03-16)
Align target 379 (hCoV-19_USA_NY-NYUMC193_2020_EPI_ISL_427488)
Align target 380 (hCoV-19_Hangzhou_ZJU-02_2020_EPI_ISL_416042)
Align target 381 (hCoV-19_Singapore_312_2020_EPI_ISL_462430_2020-04-14)
Align target 382 (hCoV-19_Sichuan_SC-PHCC2-045_2020_EPI_ISL_451365_2020-01-26)
Align target 383 (hCoV-19_USA_NY-NYUMC489_2020_EPI_ISL_436737_2020-03-18)
Align target 384 (hCoV-19_USA_TX-HMH0142_2020_EPI_ISL_434841_2020-03-21)
Align target 385 (hCoV-19_Saudi_Arabia_KAUST-Makkah13_2020_EPI_ISL_437466_2020-03-23)
Align target 386 (hCoV-19_Canada_BC_17548428_2020_EPI_ISL_460614_2020-03)
Align target 387 (hCoV-19_Wales_PHWC-3075D_2020_EPI_ISL_446273_2020-04-08)
Align target 388 (hCoV-19_England_OXON-AE17A_2020_EPI_ISL_448667_2020)
Align target 389 (hCoV-19_England_NOTT-10F738_2020_EPI_ISL_433043_2020-04-03)
Align target 390 (hCoV-19_Wales_PHWC-30E49_2020_EPI_ISL_446367_2020-04-09)
Align target 391 (hCoV-19_USA_UNKNOWN-UW-1832_2020_EPI_ISL_424255)
Align target 392 (hCoV-19_Netherlands_ZuidHolland_195_2020_EPI_ISL_461367_2020-05-11)
Align target 393 (hCoV-19_Scotland_EDB1164_2020_EPI_ISL_433415_2020-04-08)
Align target 394 (hCoV-19_England_20130032604_2020_EPI_ISL_423598)
Align target 395 (hCoV-19_Wales_PHWC-2D252_2020_EPI_ISL_445961_2020-04-02)
Align target 396 (hCoV-19_Brazil_GO0106_2020_EPI_ISL_417930)
Align target 397 (hCoV-19_USA_WI-54_2020_EPI_ISL_421312)
Align target 398 (hCoV-19_USA_WA-UW130_2020_EPI_ISL_416668)
Align target 399 (hCoV-19_Wuhan_HB-WHCM-114_2020_EPI_ISL_454994_2020-03-02)
Computing global alignment... done.
