FastTree Version 2.1.11 Double precision (No SSE3)
Alignment: standard input
Nucleotide distances: Jukes-Cantor Joins: balanced Support: SH-like 1000
Search: Normal +NNI +SPR (2 rounds range 10) +ML-NNI opt-each=1
TopHits: 1.00*sqrtN close=default refresh=0.80
ML Model: Generalized Time-Reversible, CAT approximation with 20 rate categories
      0.12 seconds: Identified unique sequences
Ignored unknown character b (seen 5 times)
Ignored unknown character d (seen 12 times)
Ignored unknown character h (seen 13 times)
Ignored unknown character k (seen 408 times)
Ignored unknown character m (seen 674 times)
Ignored unknown character n (seen 557 times)
Ignored unknown character r (seen 3732 times)
Ignored unknown character s (seen 164 times)
Ignored unknown character v (seen 8 times)
Ignored unknown character w (seen 435 times)
Ignored unknown character y (seen 1695 times)
     12.96 seconds: Top hits for    356 of   2000 seqs (at seed    100)
     20.57 seconds: Top hits for    557 of   2000 seqs (at seed    200)
     28.14 seconds: Top hits for    697 of   2000 seqs (at seed    300)
     36.23 seconds: Top hits for    800 of   2000 seqs (at seed    400)
     43.60 seconds: Top hits for    904 of   2000 seqs (at seed    500)
     51.36 seconds: Top hits for    988 of   2000 seqs (at seed    600)
     59.13 seconds: Top hits for   1058 of   2000 seqs (at seed    700)
     66.18 seconds: Top hits for   1138 of   2000 seqs (at seed    800)
     73.65 seconds: Top hits for   1217 of   2000 seqs (at seed    900)
     80.82 seconds: Top hits for   1282 of   2000 seqs (at seed   1000)
     88.37 seconds: Top hits for   1364 of   2000 seqs (at seed   1100)
     95.48 seconds: Top hits for   1432 of   2000 seqs (at seed   1200)
    101.51 seconds: Top hits for   1497 of   2000 seqs (at seed   1300)
    108.26 seconds: Top hits for   1560 of   2000 seqs (at seed   1400)
    115.95 seconds: Top hits for   1636 of   2000 seqs (at seed   1500)
    123.76 seconds: Top hits for   1709 of   2000 seqs (at seed   1600)
    131.72 seconds: Top hits for   1787 of   2000 seqs (at seed   1700)
    139.20 seconds: Top hits for   1858 of   2000 seqs (at seed   1800)
    147.44 seconds: Top hits for   1935 of   2000 seqs (at seed   1900)
    153.85 seconds: Checking top hits for      1 of   2000 seqs
    159.73 seconds: Joined    100 of   1997
    171.63 seconds: Joined    200 of   1997
    182.16 seconds: Joined    300 of   1997
    187.64 seconds: Joined    400 of   1997
    192.86 seconds: Joined    500 of   1997
    202.46 seconds: Joined    600 of   1997
    211.75 seconds: Joined    700 of   1997
    221.15 seconds: Joined    800 of   1997
    232.12 seconds: Joined    900 of   1997
    239.35 seconds: Joined   1000 of   1997
    243.34 seconds: Joined   1100 of   1997
    247.19 seconds: Joined   1200 of   1997
    251.46 seconds: Joined   1300 of   1997
    256.92 seconds: Joined   1400 of   1997
    263.15 seconds: Joined   1500 of   1997
    269.18 seconds: Joined   1600 of   1997
    275.84 seconds: Joined   1700 of   1997
    282.95 seconds: Joined   1800 of   1997
    288.73 seconds: Joined   1900 of   1997
Initial topology in 294.27 seconds
Refining topology: 44 rounds ME-NNIs, 2 rounds ME-SPRs, 22 rounds ML-NNIs
    294.27 seconds: ME NNI round 1 of 44, 1 of 1998 splits
    294.67 seconds: ME NNI round 1 of 44, 101 of 1998 splits, 9 changes (max delta 0.003)
    295.02 seconds: ME NNI round 1 of 44, 201 of 1998 splits, 18 changes (max delta 0.003)
    295.37 seconds: ME NNI round 1 of 44, 301 of 1998 splits, 32 changes (max delta 0.003)
    295.73 seconds: ME NNI round 1 of 44, 401 of 1998 splits, 59 changes (max delta 0.004)
    296.12 seconds: ME NNI round 1 of 44, 501 of 1998 splits, 85 changes (max delta 0.005)
    296.49 seconds: ME NNI round 1 of 44, 601 of 1998 splits, 109 changes (max delta 0.005)
    296.86 seconds: ME NNI round 1 of 44, 701 of 1998 splits, 132 changes (max delta 0.005)
    297.26 seconds: ME NNI round 1 of 44, 801 of 1998 splits, 149 changes (max delta 0.005)
    297.65 seconds: ME NNI round 1 of 44, 901 of 1998 splits, 173 changes (max delta 0.005)
    298.01 seconds: ME NNI round 1 of 44, 1001 of 1998 splits, 203 changes (max delta 0.005)
    298.36 seconds: ME NNI round 1 of 44, 1101 of 1998 splits, 235 changes (max delta 0.009)
    298.72 seconds: ME NNI round 1 of 44, 1201 of 1998 splits, 269 changes (max delta 0.009)
    299.08 seconds: ME NNI round 1 of 44, 1301 of 1998 splits, 307 changes (max delta 0.009)
    299.43 seconds: ME NNI round 1 of 44, 1401 of 1998 splits, 333 changes (max delta 0.009)
    299.76 seconds: ME NNI round 1 of 44, 1501 of 1998 splits, 355 changes (max delta 0.009)
    300.08 seconds: ME NNI round 1 of 44, 1601 of 1998 splits, 370 changes (max delta 0.009)
    300.47 seconds: ME NNI round 1 of 44, 1701 of 1998 splits, 382 changes (max delta 0.009)
    300.78 seconds: ME NNI round 1 of 44, 1801 of 1998 splits, 390 changes (max delta 0.009)
    301.10 seconds: ME NNI round 1 of 44, 1901 of 1998 splits, 402 changes (max delta 0.019)
    301.40 seconds: ME NNI round 2 of 44, 1 of 1998 splits
    301.73 seconds: ME NNI round 2 of 44, 101 of 1998 splits, 7 changes (max delta 0.002)
    302.04 seconds: ME NNI round 2 of 44, 201 of 1998 splits, 12 changes (max delta 0.002)
    302.35 seconds: ME NNI round 2 of 44, 301 of 1998 splits, 16 changes (max delta 0.002)
    302.69 seconds: ME NNI round 2 of 44, 401 of 1998 splits, 19 changes (max delta 0.002)
    303.01 seconds: ME NNI round 2 of 44, 501 of 1998 splits, 23 changes (max delta 0.002)
    303.39 seconds: ME NNI round 2 of 44, 601 of 1998 splits, 30 changes (max delta 0.002)
    303.78 seconds: ME NNI round 2 of 44, 701 of 1998 splits, 51 changes (max delta 0.005)
    304.14 seconds: ME NNI round 2 of 44, 801 of 1998 splits, 67 changes (max delta 0.005)
    304.50 seconds: ME NNI round 2 of 44, 901 of 1998 splits, 78 changes (max delta 0.005)
    304.90 seconds: ME NNI round 2 of 44, 1001 of 1998 splits, 102 changes (max delta 0.005)
    305.24 seconds: ME NNI round 2 of 44, 1101 of 1998 splits, 117 changes (max delta 0.005)
    305.61 seconds: ME NNI round 2 of 44, 1201 of 1998 splits, 140 changes (max delta 0.008)
    305.96 seconds: ME NNI round 2 of 44, 1301 of 1998 splits, 157 changes (max delta 0.008)
    306.36 seconds: ME NNI round 2 of 44, 1401 of 1998 splits, 179 changes (max delta 0.008)
    306.75 seconds: ME NNI round 2 of 44, 1501 of 1998 splits, 206 changes (max delta 0.008)
    307.12 seconds: ME NNI round 2 of 44, 1601 of 1998 splits, 230 changes (max delta 0.008)
    307.46 seconds: ME NNI round 2 of 44, 1701 of 1998 splits, 247 changes (max delta 0.008)
    307.80 seconds: ME NNI round 2 of 44, 1801 of 1998 splits, 252 changes (max delta 0.008)
    308.13 seconds: ME NNI round 2 of 44, 1901 of 1998 splits, 259 changes (max delta 0.008)
    308.43 seconds: ME NNI round 3 of 44, 1 of 1998 splits
    308.78 seconds: ME NNI round 3 of 44, 101 of 1998 splits, 5 changes (max delta 0.000)
    309.12 seconds: ME NNI round 3 of 44, 201 of 1998 splits, 9 changes (max delta 0.001)
    309.50 seconds: ME NNI round 3 of 44, 301 of 1998 splits, 13 changes (max delta 0.001)
    309.87 seconds: ME NNI round 3 of 44, 401 of 1998 splits, 28 changes (max delta 0.003)
    310.23 seconds: ME NNI round 3 of 44, 501 of 1998 splits, 39 changes (max delta 0.003)
    310.62 seconds: ME NNI round 3 of 44, 601 of 1998 splits, 53 changes (max delta 0.006)
    310.97 seconds: ME NNI round 3 of 44, 701 of 1998 splits, 69 changes (max delta 0.006)
    311.32 seconds: ME NNI round 3 of 44, 801 of 1998 splits, 85 changes (max delta 0.006)
    311.67 seconds: ME NNI round 3 of 44, 901 of 1998 splits, 99 changes (max delta 0.006)
    312.02 seconds: ME NNI round 3 of 44, 1001 of 1998 splits, 118 changes (max delta 0.006)
    312.39 seconds: ME NNI round 3 of 44, 1101 of 1998 splits, 132 changes (max delta 0.006)
    312.78 seconds: ME NNI round 3 of 44, 1201 of 1998 splits, 155 changes (max delta 0.007)
    313.12 seconds: ME NNI round 3 of 44, 1301 of 1998 splits, 159 changes (max delta 0.007)
    313.42 seconds: ME NNI round 4 of 44, 1 of 1998 splits
    313.80 seconds: ME NNI round 4 of 44, 101 of 1998 splits, 8 changes (max delta 0.001)
    314.20 seconds: ME NNI round 4 of 44, 201 of 1998 splits, 19 changes (max delta 0.002)
    314.55 seconds: ME NNI round 4 of 44, 301 of 1998 splits, 32 changes (max delta 0.003)
    314.93 seconds: ME NNI round 4 of 44, 401 of 1998 splits, 46 changes (max delta 0.003)
    315.32 seconds: ME NNI round 4 of 44, 501 of 1998 splits, 60 changes (max delta 0.003)
    315.71 seconds: ME NNI round 4 of 44, 601 of 1998 splits, 70 changes (max delta 0.003)
    316.07 seconds: ME NNI round 4 of 44, 701 of 1998 splits, 84 changes (max delta 0.006)
    316.40 seconds: ME NNI round 4 of 44, 801 of 1998 splits, 92 changes (max delta 0.006)
    316.76 seconds: ME NNI round 4 of 44, 901 of 1998 splits, 98 changes (max delta 0.006)
    317.04 seconds: ME NNI round 5 of 44, 1 of 1998 splits
    317.42 seconds: ME NNI round 5 of 44, 101 of 1998 splits, 7 changes (max delta 0.001)
    317.82 seconds: ME NNI round 5 of 44, 201 of 1998 splits, 17 changes (max delta 0.005)
    318.19 seconds: ME NNI round 5 of 44, 301 of 1998 splits, 31 changes (max delta 0.005)
    318.60 seconds: ME NNI round 5 of 44, 401 of 1998 splits, 40 changes (max delta 0.005)
    318.97 seconds: ME NNI round 5 of 44, 501 of 1998 splits, 48 changes (max delta 0.006)
    319.33 seconds: ME NNI round 5 of 44, 601 of 1998 splits, 61 changes (max delta 0.006)
    319.68 seconds: ME NNI round 5 of 44, 701 of 1998 splits, 71 changes (max delta 0.006)
    319.83 seconds: ME NNI round 6 of 44, 1 of 1998 splits
    320.24 seconds: ME NNI round 6 of 44, 101 of 1998 splits, 12 changes (max delta 0.002)
    320.60 seconds: ME NNI round 6 of 44, 201 of 1998 splits, 27 changes (max delta 0.003)
    320.96 seconds: ME NNI round 6 of 44, 301 of 1998 splits, 40 changes (max delta 0.003)
    321.34 seconds: ME NNI round 6 of 44, 401 of 1998 splits, 46 changes (max delta 0.003)
    321.68 seconds: ME NNI round 6 of 44, 501 of 1998 splits, 49 changes (max delta 0.003)
    321.90 seconds: ME NNI round 7 of 44, 1 of 1998 splits
    322.30 seconds: ME NNI round 7 of 44, 101 of 1998 splits, 11 changes (max delta 0.001)
    322.66 seconds: ME NNI round 7 of 44, 201 of 1998 splits, 22 changes (max delta 0.002)
    323.04 seconds: ME NNI round 7 of 44, 301 of 1998 splits, 30 changes (max delta 0.002)
    323.40 seconds: ME NNI round 7 of 44, 401 of 1998 splits, 36 changes (max delta 0.002)
    323.59 seconds: ME NNI round 8 of 44, 1 of 1998 splits
    323.99 seconds: ME NNI round 8 of 44, 101 of 1998 splits, 8 changes (max delta 0.001)
    324.38 seconds: ME NNI round 8 of 44, 201 of 1998 splits, 11 changes (max delta 0.001)
    324.74 seconds: ME NNI round 8 of 44, 301 of 1998 splits, 20 changes (max delta 0.002)
    325.03 seconds: ME NNI round 9 of 44, 1 of 1998 splits
    325.47 seconds: ME NNI round 9 of 44, 101 of 1998 splits, 10 changes (max delta 0.000)
    325.81 seconds: ME NNI round 9 of 44, 201 of 1998 splits, 14 changes (max delta 0.001)
    326.01 seconds: ME NNI round 10 of 44, 1 of 1998 splits
    326.44 seconds: ME NNI round 10 of 44, 101 of 1998 splits, 8 changes (max delta 0.000)
    326.79 seconds: ME NNI round 11 of 44, 1 of 1998 splits
    327.22 seconds: ME NNI round 11 of 44, 101 of 1998 splits, 11 changes (max delta 0.001)
    327.43 seconds: ME NNI round 12 of 44, 1 of 1998 splits
    327.86 seconds: ME NNI round 12 of 44, 101 of 1998 splits, 15 changes (max delta 0.002)
    327.97 seconds: ME NNI round 13 of 44, 1 of 1998 splits
    328.38 seconds: ME NNI round 13 of 44, 101 of 1998 splits, 18 changes (max delta 0.001)
    328.49 seconds: ME NNI round 14 of 44, 1 of 1998 splits
    328.89 seconds: ME NNI round 14 of 44, 101 of 1998 splits, 15 changes (max delta 0.002)
    329.06 seconds: SPR round   1 of   2, 1 of 3998 nodes
    335.35 seconds: SPR round   1 of   2, 101 of 3998 nodes
    341.46 seconds: SPR round   1 of   2, 201 of 3998 nodes
    347.79 seconds: SPR round   1 of   2, 301 of 3998 nodes
    354.44 seconds: SPR round   1 of   2, 401 of 3998 nodes
    360.12 seconds: SPR round   1 of   2, 501 of 3998 nodes
    367.98 seconds: SPR round   1 of   2, 601 of 3998 nodes
    374.69 seconds: SPR round   1 of   2, 701 of 3998 nodes
    382.50 seconds: SPR round   1 of   2, 801 of 3998 nodes
    388.49 seconds: SPR round   1 of   2, 901 of 3998 nodes
    394.45 seconds: SPR round   1 of   2, 1001 of 3998 nodes
    401.82 seconds: SPR round   1 of   2, 1101 of 3998 nodes
    407.96 seconds: SPR round   1 of   2, 1201 of 3998 nodes
    415.52 seconds: SPR round   1 of   2, 1301 of 3998 nodes
    421.80 seconds: SPR round   1 of   2, 1401 of 3998 nodes
    429.61 seconds: SPR round   1 of   2, 1501 of 3998 nodes
    435.27 seconds: SPR round   1 of   2, 1601 of 3998 nodes
    441.52 seconds: SPR round   1 of   2, 1701 of 3998 nodes
    450.12 seconds: SPR round   1 of   2, 1801 of 3998 nodes
    457.40 seconds: SPR round   1 of   2, 1901 of 3998 nodes
    463.71 seconds: SPR round   1 of   2, 2001 of 3998 nodes
    469.28 seconds: SPR round   1 of   2, 2101 of 3998 nodes
    475.19 seconds: SPR round   1 of   2, 2201 of 3998 nodes
    481.18 seconds: SPR round   1 of   2, 2301 of 3998 nodes
    487.43 seconds: SPR round   1 of   2, 2401 of 3998 nodes
    493.54 seconds: SPR round   1 of   2, 2501 of 3998 nodes
    499.45 seconds: SPR round   1 of   2, 2601 of 3998 nodes
    504.89 seconds: SPR round   1 of   2, 2701 of 3998 nodes
    511.61 seconds: SPR round   1 of   2, 2801 of 3998 nodes
    517.62 seconds: SPR round   1 of   2, 2901 of 3998 nodes
    522.79 seconds: SPR round   1 of   2, 3001 of 3998 nodes
    528.91 seconds: SPR round   1 of   2, 3101 of 3998 nodes
    535.57 seconds: SPR round   1 of   2, 3201 of 3998 nodes
    543.53 seconds: SPR round   1 of   2, 3301 of 3998 nodes
    550.61 seconds: SPR round   1 of   2, 3401 of 3998 nodes
    556.42 seconds: SPR round   1 of   2, 3501 of 3998 nodes
    563.27 seconds: SPR round   1 of   2, 3601 of 3998 nodes
    570.17 seconds: SPR round   1 of   2, 3701 of 3998 nodes
    576.99 seconds: SPR round   1 of   2, 3801 of 3998 nodes
    583.60 seconds: SPR round   1 of   2, 3901 of 3998 nodes
    590.48 seconds: ME NNI round 15 of 44, 1 of 1998 splits
    590.78 seconds: ME NNI round 15 of 44, 101 of 1998 splits, 2 changes (max delta 0.000)
    591.08 seconds: ME NNI round 15 of 44, 201 of 1998 splits, 4 changes (max delta 0.000)
    591.40 seconds: ME NNI round 15 of 44, 301 of 1998 splits, 4 changes (max delta 0.000)
    591.75 seconds: ME NNI round 15 of 44, 401 of 1998 splits, 5 changes (max delta 0.000)
    592.07 seconds: ME NNI round 15 of 44, 501 of 1998 splits, 9 changes (max delta 0.001)
    592.40 seconds: ME NNI round 15 of 44, 601 of 1998 splits, 17 changes (max delta 0.001)
    592.72 seconds: ME NNI round 15 of 44, 701 of 1998 splits, 23 changes (max delta 0.001)
    593.04 seconds: ME NNI round 15 of 44, 801 of 1998 splits, 28 changes (max delta 0.001)
    593.34 seconds: ME NNI round 15 of 44, 901 of 1998 splits, 29 changes (max delta 0.001)
    593.64 seconds: ME NNI round 15 of 44, 1001 of 1998 splits, 30 changes (max delta 0.001)
    593.97 seconds: ME NNI round 15 of 44, 1101 of 1998 splits, 30 changes (max delta 0.001)
    594.30 seconds: ME NNI round 15 of 44, 1201 of 1998 splits, 35 changes (max delta 0.001)
    594.61 seconds: ME NNI round 15 of 44, 1301 of 1998 splits, 35 changes (max delta 0.001)
    594.95 seconds: ME NNI round 15 of 44, 1401 of 1998 splits, 36 changes (max delta 0.001)
    595.25 seconds: ME NNI round 15 of 44, 1501 of 1998 splits, 39 changes (max delta 0.001)
    595.56 seconds: ME NNI round 15 of 44, 1601 of 1998 splits, 43 changes (max delta 0.001)
    595.88 seconds: ME NNI round 15 of 44, 1701 of 1998 splits, 45 changes (max delta 0.001)
    596.19 seconds: ME NNI round 15 of 44, 1801 of 1998 splits, 49 changes (max delta 0.001)
    596.51 seconds: ME NNI round 15 of 44, 1901 of 1998 splits, 54 changes (max delta 0.001)
    596.80 seconds: ME NNI round 16 of 44, 1 of 1998 splits
    597.12 seconds: ME NNI round 16 of 44, 101 of 1998 splits, 2 changes (max delta 0.001)
    597.45 seconds: ME NNI round 16 of 44, 201 of 1998 splits, 3 changes (max delta 0.001)
    597.76 seconds: ME NNI round 16 of 44, 301 of 1998 splits, 4 changes (max delta 0.001)
    598.13 seconds: ME NNI round 16 of 44, 401 of 1998 splits, 5 changes (max delta 0.001)
    598.41 seconds: ME NNI round 16 of 44, 501 of 1998 splits, 6 changes (max delta 0.001)
    598.73 seconds: ME NNI round 16 of 44, 601 of 1998 splits, 6 changes (max delta 0.001)
    599.07 seconds: ME NNI round 16 of 44, 701 of 1998 splits, 9 changes (max delta 0.001)
    599.40 seconds: ME NNI round 16 of 44, 801 of 1998 splits, 17 changes (max delta 0.001)
    599.71 seconds: ME NNI round 16 of 44, 901 of 1998 splits, 19 changes (max delta 0.001)
    600.01 seconds: ME NNI round 16 of 44, 1001 of 1998 splits, 20 changes (max delta 0.001)
    600.37 seconds: ME NNI round 16 of 44, 1101 of 1998 splits, 21 changes (max delta 0.001)
    600.69 seconds: ME NNI round 16 of 44, 1201 of 1998 splits, 24 changes (max delta 0.001)
    600.98 seconds: ME NNI round 16 of 44, 1301 of 1998 splits, 24 changes (max delta 0.001)
    601.32 seconds: ME NNI round 16 of 44, 1401 of 1998 splits, 27 changes (max delta 0.001)
    601.63 seconds: ME NNI round 16 of 44, 1501 of 1998 splits, 27 changes (max delta 0.001)
    601.93 seconds: ME NNI round 16 of 44, 1601 of 1998 splits, 28 changes (max delta 0.001)
    602.24 seconds: ME NNI round 16 of 44, 1701 of 1998 splits, 28 changes (max delta 0.001)
    602.55 seconds: ME NNI round 16 of 44, 1801 of 1998 splits, 30 changes (max delta 0.001)
    602.86 seconds: ME NNI round 16 of 44, 1901 of 1998 splits, 31 changes (max delta 0.001)
    603.16 seconds: ME NNI round 17 of 44, 1 of 1998 splits
    603.59 seconds: ME NNI round 17 of 44, 101 of 1998 splits, 2 changes (max delta 0.000)
    603.94 seconds: ME NNI round 17 of 44, 201 of 1998 splits, 8 changes (max delta 0.000)
    604.29 seconds: ME NNI round 17 of 44, 301 of 1998 splits, 15 changes (max delta 0.000)
    604.67 seconds: ME NNI round 17 of 44, 401 of 1998 splits, 19 changes (max delta 0.000)
    605.17 seconds: ME NNI round 18 of 44, 101 of 1998 splits, 11 changes (max delta 0.001)
    605.54 seconds: ME NNI round 18 of 44, 201 of 1998 splits, 13 changes (max delta 0.001)
    605.79 seconds: ME NNI round 19 of 44, 1 of 1998 splits
    606.21 seconds: ME NNI round 19 of 44, 101 of 1998 splits, 7 changes (max delta 0.003)
    606.51 seconds: ME NNI round 20 of 44, 1 of 1998 splits
    606.93 seconds: ME NNI round 20 of 44, 101 of 1998 splits, 14 changes (max delta 0.002)
    607.38 seconds: ME NNI round 21 of 44, 101 of 1998 splits, 5 changes (max delta 0.001)
    607.77 seconds: ME NNI round 23 of 44, 1 of 1998 splits
    608.10 seconds: SPR round   2 of   2, 1 of 3998 nodes
    613.80 seconds: SPR round   2 of   2, 101 of 3998 nodes
    621.14 seconds: SPR round   2 of   2, 201 of 3998 nodes
    628.19 seconds: SPR round   2 of   2, 301 of 3998 nodes
    634.64 seconds: SPR round   2 of   2, 401 of 3998 nodes
    641.21 seconds: SPR round   2 of   2, 501 of 3998 nodes
    648.71 seconds: SPR round   2 of   2, 601 of 3998 nodes
    655.61 seconds: SPR round   2 of   2, 701 of 3998 nodes
    661.20 seconds: SPR round   2 of   2, 801 of 3998 nodes
    666.68 seconds: SPR round   2 of   2, 901 of 3998 nodes
    673.04 seconds: SPR round   2 of   2, 1001 of 3998 nodes
    679.33 seconds: SPR round   2 of   2, 1101 of 3998 nodes
    684.90 seconds: SPR round   2 of   2, 1201 of 3998 nodes
    690.78 seconds: SPR round   2 of   2, 1301 of 3998 nodes
    697.67 seconds: SPR round   2 of   2, 1401 of 3998 nodes
    703.42 seconds: SPR round   2 of   2, 1501 of 3998 nodes
    709.33 seconds: SPR round   2 of   2, 1601 of 3998 nodes
    715.90 seconds: SPR round   2 of   2, 1701 of 3998 nodes
    722.25 seconds: SPR round   2 of   2, 1801 of 3998 nodes
    729.08 seconds: SPR round   2 of   2, 1901 of 3998 nodes
    735.82 seconds: SPR round   2 of   2, 2001 of 3998 nodes
    741.18 seconds: SPR round   2 of   2, 2101 of 3998 nodes
    747.00 seconds: SPR round   2 of   2, 2201 of 3998 nodes
    753.17 seconds: SPR round   2 of   2, 2301 of 3998 nodes
    758.42 seconds: SPR round   2 of   2, 2401 of 3998 nodes
    764.49 seconds: SPR round   2 of   2, 2501 of 3998 nodes
    770.60 seconds: SPR round   2 of   2, 2601 of 3998 nodes
    776.76 seconds: SPR round   2 of   2, 2701 of 3998 nodes
    783.40 seconds: SPR round   2 of   2, 2801 of 3998 nodes
    789.13 seconds: SPR round   2 of   2, 2901 of 3998 nodes
    795.30 seconds: SPR round   2 of   2, 3001 of 3998 nodes
    800.82 seconds: SPR round   2 of   2, 3101 of 3998 nodes
    808.01 seconds: SPR round   2 of   2, 3201 of 3998 nodes
    814.61 seconds: SPR round   2 of   2, 3301 of 3998 nodes
    820.91 seconds: SPR round   2 of   2, 3401 of 3998 nodes
    827.96 seconds: SPR round   2 of   2, 3501 of 3998 nodes
    835.53 seconds: SPR round   2 of   2, 3601 of 3998 nodes
    842.62 seconds: SPR round   2 of   2, 3701 of 3998 nodes
    849.99 seconds: SPR round   2 of   2, 3801 of 3998 nodes
    856.39 seconds: SPR round   2 of   2, 3901 of 3998 nodes
    863.10 seconds: ME NNI round 29 of 44, 1 of 1998 splits
    863.42 seconds: ME NNI round 29 of 44, 101 of 1998 splits, 0 changes
    863.74 seconds: ME NNI round 29 of 44, 201 of 1998 splits, 1 changes (max delta 0.000)
    864.05 seconds: ME NNI round 29 of 44, 301 of 1998 splits, 1 changes (max delta 0.000)
    864.40 seconds: ME NNI round 29 of 44, 401 of 1998 splits, 4 changes (max delta 0.000)
    864.73 seconds: ME NNI round 29 of 44, 501 of 1998 splits, 4 changes (max delta 0.000)
    865.05 seconds: ME NNI round 29 of 44, 601 of 1998 splits, 5 changes (max delta 0.001)
    865.40 seconds: ME NNI round 29 of 44, 701 of 1998 splits, 9 changes (max delta 0.001)
    865.73 seconds: ME NNI round 29 of 44, 801 of 1998 splits, 13 changes (max delta 0.001)
    866.05 seconds: ME NNI round 29 of 44, 901 of 1998 splits, 13 changes (max delta 0.001)
    866.37 seconds: ME NNI round 29 of 44, 1001 of 1998 splits, 14 changes (max delta 0.001)
    866.68 seconds: ME NNI round 29 of 44, 1101 of 1998 splits, 14 changes (max delta 0.001)
    867.03 seconds: ME NNI round 29 of 44, 1201 of 1998 splits, 14 changes (max delta 0.001)
    867.38 seconds: ME NNI round 29 of 44, 1301 of 1998 splits, 17 changes (max delta 0.001)
    867.70 seconds: ME NNI round 29 of 44, 1401 of 1998 splits, 17 changes (max delta 0.001)
    868.03 seconds: ME NNI round 29 of 44, 1501 of 1998 splits, 18 changes (max delta 0.001)
    868.36 seconds: ME NNI round 29 of 44, 1601 of 1998 splits, 18 changes (max delta 0.001)
    868.68 seconds: ME NNI round 29 of 44, 1701 of 1998 splits, 19 changes (max delta 0.001)
    869.00 seconds: ME NNI round 29 of 44, 1801 of 1998 splits, 19 changes (max delta 0.001)
    869.31 seconds: ME NNI round 29 of 44, 1901 of 1998 splits, 19 changes (max delta 0.001)
    869.61 seconds: ME NNI round 30 of 44, 1 of 1998 splits
    869.93 seconds: ME NNI round 30 of 44, 101 of 1998 splits, 0 changes
    870.26 seconds: ME NNI round 30 of 44, 201 of 1998 splits, 1 changes (max delta 0.000)
    870.57 seconds: ME NNI round 30 of 44, 301 of 1998 splits, 2 changes (max delta 0.000)
    870.89 seconds: ME NNI round 30 of 44, 401 of 1998 splits, 2 changes (max delta 0.000)
    871.23 seconds: ME NNI round 30 of 44, 501 of 1998 splits, 2 changes (max delta 0.000)
    871.55 seconds: ME NNI round 30 of 44, 601 of 1998 splits, 3 changes (max delta 0.000)
    871.88 seconds: ME NNI round 30 of 44, 701 of 1998 splits, 4 changes (max delta 0.000)
    872.19 seconds: ME NNI round 30 of 44, 801 of 1998 splits, 5 changes (max delta 0.000)
    872.51 seconds: ME NNI round 30 of 44, 901 of 1998 splits, 5 changes (max delta 0.000)
    872.82 seconds: ME NNI round 30 of 44, 1001 of 1998 splits, 6 changes (max delta 0.000)
    873.13 seconds: ME NNI round 30 of 44, 1101 of 1998 splits, 6 changes (max delta 0.000)
    873.48 seconds: ME NNI round 30 of 44, 1201 of 1998 splits, 6 changes (max delta 0.000)
    873.81 seconds: ME NNI round 30 of 44, 1301 of 1998 splits, 6 changes (max delta 0.000)
    874.12 seconds: ME NNI round 30 of 44, 1401 of 1998 splits, 6 changes (max delta 0.000)
    874.45 seconds: ME NNI round 30 of 44, 1501 of 1998 splits, 6 changes (max delta 0.000)
    874.76 seconds: ME NNI round 30 of 44, 1601 of 1998 splits, 6 changes (max delta 0.000)
    875.08 seconds: ME NNI round 30 of 44, 1701 of 1998 splits, 6 changes (max delta 0.000)
    875.39 seconds: ME NNI round 30 of 44, 1801 of 1998 splits, 6 changes (max delta 0.000)
    875.71 seconds: ME NNI round 30 of 44, 1901 of 1998 splits, 7 changes (max delta 0.000)
    876.01 seconds: ME NNI round 31 of 44, 1 of 1998 splits
    876.44 seconds: ME NNI round 31 of 44, 101 of 1998 splits, 4 changes (max delta 0.000)
    876.73 seconds: ME NNI round 32 of 44, 1 of 1998 splits
    877.14 seconds: ME NNI round 32 of 44, 101 of 1998 splits, 0 changes
Total branch-length 82.136 after 884.97 sec
    886.21 seconds: ML Lengths 1 of 1998 splits
    889.88 seconds: ML Lengths 101 of 1998 splits
    893.60 seconds: ML Lengths 201 of 1998 splits
    897.36 seconds: ML Lengths 301 of 1998 splits
    901.10 seconds: ML Lengths 401 of 1998 splits
    904.79 seconds: ML Lengths 501 of 1998 splits
    908.52 seconds: ML Lengths 601 of 1998 splits
    912.21 seconds: ML Lengths 701 of 1998 splits
    915.89 seconds: ML Lengths 801 of 1998 splits
    919.54 seconds: ML Lengths 901 of 1998 splits
    923.25 seconds: ML Lengths 1001 of 1998 splits
    926.93 seconds: ML Lengths 1101 of 1998 splits
    930.58 seconds: ML Lengths 1201 of 1998 splits
    934.31 seconds: ML Lengths 1301 of 1998 splits
    937.97 seconds: ML Lengths 1401 of 1998 splits
    941.66 seconds: ML Lengths 1501 of 1998 splits
    945.44 seconds: ML Lengths 1601 of 1998 splits
    949.12 seconds: ML Lengths 1701 of 1998 splits
    952.80 seconds: ML Lengths 1801 of 1998 splits
    956.58 seconds: ML Lengths 1901 of 1998 splits
    960.23 seconds: ML NNI round 1 of 22, 1 of 1998 splits
    971.36 seconds: ML NNI round 1 of 22, 101 of 1998 splits, 22 changes (max delta 51.168)
    982.44 seconds: ML NNI round 1 of 22, 201 of 1998 splits, 41 changes (max delta 51.168)
    994.02 seconds: ML NNI round 1 of 22, 301 of 1998 splits, 72 changes (max delta 59.865)
   1004.88 seconds: ML NNI round 1 of 22, 401 of 1998 splits, 92 changes (max delta 59.925)
   1015.82 seconds: ML NNI round 1 of 22, 501 of 1998 splits, 120 changes (max delta 59.925)
   1026.57 seconds: ML NNI round 1 of 22, 601 of 1998 splits, 138 changes (max delta 59.925)
   1037.68 seconds: ML NNI round 1 of 22, 701 of 1998 splits, 159 changes (max delta 59.925)
   1048.59 seconds: ML NNI round 1 of 22, 801 of 1998 splits, 183 changes (max delta 59.925)
   1059.07 seconds: ML NNI round 1 of 22, 901 of 1998 splits, 204 changes (max delta 59.925)
   1069.73 seconds: ML NNI round 1 of 22, 1001 of 1998 splits, 230 changes (max delta 59.925)
   1080.46 seconds: ML NNI round 1 of 22, 1101 of 1998 splits, 255 changes (max delta 59.925)
   1090.98 seconds: ML NNI round 1 of 22, 1201 of 1998 splits, 283 changes (max delta 59.925)
   1101.81 seconds: ML NNI round 1 of 22, 1301 of 1998 splits, 310 changes (max delta 59.925)
   1112.35 seconds: ML NNI round 1 of 22, 1401 of 1998 splits, 336 changes (max delta 59.925)
   1123.18 seconds: ML NNI round 1 of 22, 1501 of 1998 splits, 357 changes (max delta 72.400)
   1134.29 seconds: ML NNI round 1 of 22, 1601 of 1998 splits, 377 changes (max delta 72.400)
   1145.11 seconds: ML NNI round 1 of 22, 1701 of 1998 splits, 401 changes (max delta 72.400)
   1156.14 seconds: ML NNI round 1 of 22, 1801 of 1998 splits, 423 changes (max delta 72.400)
   1166.63 seconds: ML NNI round 1 of 22, 1901 of 1998 splits, 450 changes (max delta 72.400)
ML-NNI round 1: LogLk = -4477167.471 NNIs 474 max delta 72.40 Time 1178.81
   1178.88 seconds: Optimizing GTR model, step 1 of 12
   1208.25 seconds: Optimizing GTR model, step 2 of 12
   1244.09 seconds: Optimizing GTR model, step 3 of 12
   1286.31 seconds: Optimizing GTR model, step 4 of 12
   1320.84 seconds: Optimizing GTR model, step 5 of 12
   1348.52 seconds: Optimizing GTR model, step 6 of 12
   1375.31 seconds: Optimizing GTR model, step 7 of 12
   1394.00 seconds: Optimizing GTR model, step 8 of 12
   1413.05 seconds: Optimizing GTR model, step 9 of 12
   1429.92 seconds: Optimizing GTR model, step 10 of 12
   1445.18 seconds: Optimizing GTR model, step 11 of 12
   1459.77 seconds: Optimizing GTR model, step 12 of 12
GTR Frequencies: 0.3634 0.1759 0.2390 0.2218
GTR rates(ac ag at cg ct gt) 1.8741 4.3398 0.9408 0.9084 5.2018 1.0000
   1474.97 seconds: ML Lengths 1 of 1998 splits
   1477.16 seconds: ML Lengths 101 of 1998 splits
   1479.36 seconds: ML Lengths 201 of 1998 splits
   1481.55 seconds: ML Lengths 301 of 1998 splits
   1483.72 seconds: ML Lengths 401 of 1998 splits
   1485.93 seconds: ML Lengths 501 of 1998 splits
   1488.07 seconds: ML Lengths 601 of 1998 splits
   1490.24 seconds: ML Lengths 701 of 1998 splits
   1492.38 seconds: ML Lengths 801 of 1998 splits
   1494.55 seconds: ML Lengths 901 of 1998 splits
   1496.68 seconds: ML Lengths 1001 of 1998 splits
   1498.84 seconds: ML Lengths 1101 of 1998 splits
   1500.99 seconds: ML Lengths 1201 of 1998 splits
   1503.13 seconds: ML Lengths 1301 of 1998 splits
   1505.28 seconds: ML Lengths 1401 of 1998 splits
   1507.38 seconds: ML Lengths 1501 of 1998 splits
   1509.52 seconds: ML Lengths 1601 of 1998 splits
   1511.65 seconds: ML Lengths 1701 of 1998 splits
   1513.82 seconds: ML Lengths 1801 of 1998 splits
   1515.99 seconds: ML Lengths 1901 of 1998 splits
   1519.67 seconds: Site likelihoods with rate category 1 of 20
   1521.26 seconds: Site likelihoods with rate category 2 of 20
   1522.87 seconds: Site likelihoods with rate category 3 of 20
   1524.48 seconds: Site likelihoods with rate category 4 of 20
   1526.10 seconds: Site likelihoods with rate category 5 of 20
   1527.70 seconds: Site likelihoods with rate category 6 of 20
   1529.29 seconds: Site likelihoods with rate category 7 of 20
   1530.89 seconds: Site likelihoods with rate category 8 of 20
   1532.48 seconds: Site likelihoods with rate category 9 of 20
   1534.07 seconds: Site likelihoods with rate category 10 of 20
   1535.65 seconds: Site likelihoods with rate category 11 of 20
   1537.23 seconds: Site likelihoods with rate category 12 of 20
   1538.83 seconds: Site likelihoods with rate category 13 of 20
   1540.44 seconds: Site likelihoods with rate category 14 of 20
   1542.02 seconds: Site likelihoods with rate category 15 of 20
   1543.62 seconds: Site likelihoods with rate category 16 of 20
   1545.22 seconds: Site likelihoods with rate category 17 of 20
   1546.83 seconds: Site likelihoods with rate category 18 of 20
   1548.44 seconds: Site likelihoods with rate category 19 of 20
   1550.04 seconds: Site likelihoods with rate category 20 of 20
Switched to using 20 rate categories (CAT approximation)
Rate categories were divided by 1.075 so that average rate = 1.0
CAT-based log-likelihoods may not be comparable across runs
   1552.36 seconds: ML NNI round 2 of 22, 1 of 1998 splits
   1557.92 seconds: ML NNI round 2 of 22, 101 of 1998 splits, 21 changes (max delta 17.228)
   1564.06 seconds: ML NNI round 2 of 22, 201 of 1998 splits, 41 changes (max delta 52.321)
   1569.24 seconds: ML NNI round 2 of 22, 301 of 1998 splits, 55 changes (max delta 52.321)
   1574.83 seconds: ML NNI round 2 of 22, 401 of 1998 splits, 75 changes (max delta 52.321)
   1579.81 seconds: ML NNI round 2 of 22, 501 of 1998 splits, 86 changes (max delta 52.321)
   1586.12 seconds: ML NNI round 2 of 22, 601 of 1998 splits, 106 changes (max delta 52.321)
   1590.31 seconds: ML NNI round 2 of 22, 701 of 1998 splits, 118 changes (max delta 52.321)
   1595.74 seconds: ML NNI round 2 of 22, 801 of 1998 splits, 138 changes (max delta 52.321)
   1600.40 seconds: ML NNI round 2 of 22, 901 of 1998 splits, 149 changes (max delta 52.321)
   1605.48 seconds: ML NNI round 2 of 22, 1001 of 1998 splits, 165 changes (max delta 52.321)
   1610.36 seconds: ML NNI round 2 of 22, 1101 of 1998 splits, 179 changes (max delta 52.321)
   1615.42 seconds: ML NNI round 2 of 22, 1201 of 1998 splits, 194 changes (max delta 52.321)
   1620.72 seconds: ML NNI round 2 of 22, 1301 of 1998 splits, 214 changes (max delta 52.321)
   1624.82 seconds: ML NNI round 2 of 22, 1401 of 1998 splits, 227 changes (max delta 52.321)
   1629.78 seconds: ML NNI round 2 of 22, 1501 of 1998 splits, 244 changes (max delta 52.321)
   1633.79 seconds: ML NNI round 2 of 22, 1601 of 1998 splits, 256 changes (max delta 52.321)
   1639.48 seconds: ML NNI round 2 of 22, 1701 of 1998 splits, 275 changes (max delta 52.321)
   1645.43 seconds: ML NNI round 2 of 22, 1801 of 1998 splits, 292 changes (max delta 52.321)
   1650.40 seconds: ML NNI round 2 of 22, 1901 of 1998 splits, 309 changes (max delta 52.321)
ML-NNI round 2: LogLk = -3550281.943 NNIs 330 max delta 52.32 Time 1657.19
   1657.19 seconds: ML NNI round 3 of 22, 1 of 1998 splits
   1661.33 seconds: ML NNI round 3 of 22, 101 of 1998 splits, 6 changes (max delta 4.024)
   1667.13 seconds: ML NNI round 3 of 22, 201 of 1998 splits, 19 changes (max delta 32.918)
   1672.36 seconds: ML NNI round 3 of 22, 301 of 1998 splits, 28 changes (max delta 32.918)
   1677.11 seconds: ML NNI round 3 of 22, 401 of 1998 splits, 32 changes (max delta 32.918)
   1682.25 seconds: ML NNI round 3 of 22, 501 of 1998 splits, 43 changes (max delta 32.918)
   1685.85 seconds: ML NNI round 3 of 22, 601 of 1998 splits, 50 changes (max delta 32.918)
   1689.37 seconds: ML NNI round 3 of 22, 701 of 1998 splits, 57 changes (max delta 32.918)
   1693.32 seconds: ML NNI round 3 of 22, 801 of 1998 splits, 63 changes (max delta 32.918)
   1697.59 seconds: ML NNI round 3 of 22, 901 of 1998 splits, 73 changes (max delta 32.918)
   1702.06 seconds: ML NNI round 3 of 22, 1001 of 1998 splits, 79 changes (max delta 32.918)
   1705.89 seconds: ML NNI round 3 of 22, 1101 of 1998 splits, 93 changes (max delta 32.918)
   1709.77 seconds: ML NNI round 3 of 22, 1201 of 1998 splits, 100 changes (max delta 32.918)
   1713.36 seconds: ML NNI round 3 of 22, 1301 of 1998 splits, 105 changes (max delta 32.918)
   1717.54 seconds: ML NNI round 3 of 22, 1401 of 1998 splits, 110 changes (max delta 32.918)
   1721.73 seconds: ML NNI round 3 of 22, 1501 of 1998 splits, 121 changes (max delta 32.918)
ML-NNI round 3: LogLk = -3549054.406 NNIs 134 max delta 32.92 Time 1727.85
   1727.85 seconds: ML NNI round 4 of 22, 1 of 1998 splits
   1732.08 seconds: ML NNI round 4 of 22, 101 of 1998 splits, 2 changes (max delta 2.224)
   1735.15 seconds: ML NNI round 4 of 22, 201 of 1998 splits, 9 changes (max delta 8.854)
   1737.76 seconds: ML NNI round 4 of 22, 301 of 1998 splits, 13 changes (max delta 8.854)
   1739.95 seconds: ML NNI round 4 of 22, 401 of 1998 splits, 14 changes (max delta 8.854)
   1742.55 seconds: ML NNI round 4 of 22, 501 of 1998 splits, 18 changes (max delta 10.532)
   1744.54 seconds: ML NNI round 4 of 22, 601 of 1998 splits, 19 changes (max delta 10.532)
   1747.45 seconds: ML NNI round 4 of 22, 701 of 1998 splits, 26 changes (max delta 11.043)
   1750.05 seconds: ML NNI round 4 of 22, 801 of 1998 splits, 29 changes (max delta 11.043)
   1753.64 seconds: ML NNI round 4 of 22, 901 of 1998 splits, 37 changes (max delta 11.043)
   1758.21 seconds: ML NNI round 4 of 22, 1001 of 1998 splits, 49 changes (max delta 11.043)
   1762.19 seconds: ML NNI round 4 of 22, 1101 of 1998 splits, 62 changes (max delta 11.043)
ML-NNI round 4: LogLk = -3548689.527 NNIs 66 max delta 11.04 Time 1765.42
   1765.41 seconds: ML NNI round 5 of 22, 1 of 1998 splits
   1769.84 seconds: ML NNI round 5 of 22, 101 of 1998 splits, 5 changes (max delta 6.825)
   1773.32 seconds: ML NNI round 5 of 22, 201 of 1998 splits, 12 changes (max delta 7.683)
   1774.94 seconds: ML NNI round 5 of 22, 301 of 1998 splits, 13 changes (max delta 7.683)
   1776.83 seconds: ML NNI round 5 of 22, 401 of 1998 splits, 15 changes (max delta 9.585)
   1778.83 seconds: ML NNI round 5 of 22, 501 of 1998 splits, 19 changes (max delta 9.585)
   1782.48 seconds: ML NNI round 5 of 22, 601 of 1998 splits, 26 changes (max delta 9.585)
   1786.86 seconds: ML NNI round 5 of 22, 701 of 1998 splits, 36 changes (max delta 9.585)
ML-NNI round 5: LogLk = -3548458.150 NNIs 42 max delta 11.37 Time 1788.33
   1788.32 seconds: ML NNI round 6 of 22, 1 of 1998 splits
   1790.68 seconds: ML NNI round 6 of 22, 101 of 1998 splits, 1 changes (max delta 16.876)
   1792.55 seconds: ML NNI round 6 of 22, 201 of 1998 splits, 1 changes (max delta 16.876)
   1795.93 seconds: ML NNI round 6 of 22, 301 of 1998 splits, 4 changes (max delta 16.876)
   1800.27 seconds: ML NNI round 6 of 22, 401 of 1998 splits, 13 changes (max delta 16.876)
ML-NNI round 6: LogLk = -3548354.274 NNIs 14 max delta 16.88 Time 1801.03
   1801.02 seconds: ML NNI round 7 of 22, 1 of 1998 splits
   1804.98 seconds: ML NNI round 7 of 22, 101 of 1998 splits, 9 changes (max delta 7.735)
   1806.49 seconds: ML NNI round 7 of 22, 201 of 1998 splits, 10 changes (max delta 9.534)
ML-NNI round 7: LogLk = -3548298.598 NNIs 15 max delta 9.53 Time 1809.06
   1809.06 seconds: ML NNI round 8 of 22, 1 of 1998 splits
   1813.16 seconds: ML NNI round 8 of 22, 101 of 1998 splits, 8 changes (max delta 4.437)
ML-NNI round 8: LogLk = -3548264.655 NNIs 11 max delta 11.62 Time 1814.66
   1814.65 seconds: ML NNI round 9 of 22, 1 of 1998 splits
ML-NNI round 9: LogLk = -3548232.843 NNIs 5 max delta 10.91 Time 1818.74
   1818.74 seconds: ML NNI round 10 of 22, 1 of 1998 splits
ML-NNI round 10: LogLk = -3548224.785 NNIs 3 max delta 4.55 Time 1821.34
   1821.33 seconds: ML NNI round 11 of 22, 1 of 1998 splits
ML-NNI round 11: LogLk = -3548224.158 NNIs 0 max delta 0.00 Time 1823.12
Turning off heuristics for final round of ML NNIs (converged)
   1823.12 seconds: ML NNI round 12 of 22, 1 of 1998 splits
   1830.67 seconds: ML NNI round 12 of 22, 101 of 1998 splits, 3 changes (max delta 4.580)
   1837.94 seconds: ML NNI round 12 of 22, 201 of 1998 splits, 6 changes (max delta 4.580)
   1845.45 seconds: ML NNI round 12 of 22, 301 of 1998 splits, 11 changes (max delta 6.540)
   1852.96 seconds: ML NNI round 12 of 22, 401 of 1998 splits, 16 changes (max delta 6.540)
   1860.14 seconds: ML NNI round 12 of 22, 501 of 1998 splits, 25 changes (max delta 6.540)
   1867.68 seconds: ML NNI round 12 of 22, 601 of 1998 splits, 29 changes (max delta 6.540)
   1874.48 seconds: ML NNI round 12 of 22, 701 of 1998 splits, 32 changes (max delta 6.540)
   1880.84 seconds: ML NNI round 12 of 22, 801 of 1998 splits, 34 changes (max delta 6.540)
   1887.81 seconds: ML NNI round 12 of 22, 901 of 1998 splits, 39 changes (max delta 6.540)
   1894.86 seconds: ML NNI round 12 of 22, 1001 of 1998 splits, 43 changes (max delta 25.368)
   1901.77 seconds: ML NNI round 12 of 22, 1101 of 1998 splits, 49 changes (max delta 25.368)
   1908.95 seconds: ML NNI round 12 of 22, 1201 of 1998 splits, 52 changes (max delta 25.368)
   1915.63 seconds: ML NNI round 12 of 22, 1301 of 1998 splits, 54 changes (max delta 25.368)
   1922.37 seconds: ML NNI round 12 of 22, 1401 of 1998 splits, 61 changes (max delta 25.368)
   1929.26 seconds: ML NNI round 12 of 22, 1501 of 1998 splits, 71 changes (max delta 25.368)
   1936.24 seconds: ML NNI round 12 of 22, 1601 of 1998 splits, 74 changes (max delta 25.368)
   1943.42 seconds: ML NNI round 12 of 22, 1701 of 1998 splits, 81 changes (max delta 25.368)
   1950.88 seconds: ML NNI round 12 of 22, 1801 of 1998 splits, 88 changes (max delta 25.368)
   1958.16 seconds: ML NNI round 12 of 22, 1901 of 1998 splits, 98 changes (max delta 25.368)
ML-NNI round 12: LogLk = -3545319.584 NNIs 100 max delta 25.37 Time 1966.06 (final)
   1966.05 seconds: ML Lengths 1 of 1998 splits
   1967.81 seconds: ML Lengths 101 of 1998 splits
   1969.58 seconds: ML Lengths 201 of 1998 splits
   1971.35 seconds: ML Lengths 301 of 1998 splits
   1973.11 seconds: ML Lengths 401 of 1998 splits
   1974.88 seconds: ML Lengths 501 of 1998 splits
   1976.64 seconds: ML Lengths 601 of 1998 splits
   1978.44 seconds: ML Lengths 701 of 1998 splits
   1980.20 seconds: ML Lengths 801 of 1998 splits
   1981.95 seconds: ML Lengths 901 of 1998 splits
   1983.72 seconds: ML Lengths 1001 of 1998 splits
   1985.44 seconds: ML Lengths 1101 of 1998 splits
   1987.19 seconds: ML Lengths 1201 of 1998 splits
   1988.97 seconds: ML Lengths 1301 of 1998 splits
   1990.75 seconds: ML Lengths 1401 of 1998 splits
   1992.51 seconds: ML Lengths 1501 of 1998 splits
   1994.26 seconds: ML Lengths 1601 of 1998 splits
   1996.05 seconds: ML Lengths 1701 of 1998 splits
   1997.80 seconds: ML Lengths 1801 of 1998 splits
   1999.58 seconds: ML Lengths 1901 of 1998 splits
Optimize all lengths: LogLk = -3545303.395 Time 2001.67
   2012.73 seconds: ML split tests for    100 of   1997 internal splits
   2023.55 seconds: ML split tests for    200 of   1997 internal splits
   2034.32 seconds: ML split tests for    300 of   1997 internal splits
   2045.00 seconds: ML split tests for    400 of   1997 internal splits
   2055.78 seconds: ML split tests for    500 of   1997 internal splits
   2066.49 seconds: ML split tests for    600 of   1997 internal splits
   2076.83 seconds: ML split tests for    700 of   1997 internal splits
   2087.02 seconds: ML split tests for    800 of   1997 internal splits
   2097.27 seconds: ML split tests for    900 of   1997 internal splits
   2107.35 seconds: ML split tests for   1000 of   1997 internal splits
   2117.67 seconds: ML split tests for   1100 of   1997 internal splits
   2127.98 seconds: ML split tests for   1200 of   1997 internal splits
   2138.36 seconds: ML split tests for   1300 of   1997 internal splits
   2148.52 seconds: ML split tests for   1400 of   1997 internal splits
   2158.74 seconds: ML split tests for   1500 of   1997 internal splits
   2168.83 seconds: ML split tests for   1600 of   1997 internal splits
   2179.12 seconds: ML split tests for   1700 of   1997 internal splits
   2189.64 seconds: ML split tests for   1800 of   1997 internal splits
   2199.90 seconds: ML split tests for   1900 of   1997 internal splits
   2211.35 seconds: Site likelihoods with rate category 1 of 20
   2212.81 seconds: Site likelihoods with rate category 2 of 20
   2214.23 seconds: Site likelihoods with rate category 3 of 20
   2215.67 seconds: Site likelihoods with rate category 4 of 20
   2217.11 seconds: Site likelihoods with rate category 5 of 20
   2218.55 seconds: Site likelihoods with rate category 6 of 20
   2219.96 seconds: Site likelihoods with rate category 7 of 20
   2221.38 seconds: Site likelihoods with rate category 8 of 20
   2222.79 seconds: Site likelihoods with rate category 9 of 20
   2224.22 seconds: Site likelihoods with rate category 10 of 20
   2225.62 seconds: Site likelihoods with rate category 11 of 20
   2227.04 seconds: Site likelihoods with rate category 12 of 20
   2228.46 seconds: Site likelihoods with rate category 13 of 20
   2229.90 seconds: Site likelihoods with rate category 14 of 20
   2231.31 seconds: Site likelihoods with rate category 15 of 20
   2232.75 seconds: Site likelihoods with rate category 16 of 20
   2234.20 seconds: Site likelihoods with rate category 17 of 20
   2235.64 seconds: Site likelihoods with rate category 18 of 20
   2237.07 seconds: Site likelihoods with rate category 19 of 20
   2238.54 seconds: Site likelihoods with rate category 20 of 20
   2239.96 seconds: Optimizing alpha round 2
   2240.15 seconds: Optimizing alpha round 3
   2240.34 seconds: Optimizing alpha round 4
Gamma(20) LogLk = -3562549.145 alpha = 0.308 rescaling lengths by 3.039
Total time: 2240.52 seconds Unique: 2000/2000 Bad splits: 22/1997 Worst delta-LogLk 22.230
