FastTree Version 2.1.11 Double precision (No SSE3)
Alignment: standard input
Nucleotide distances: Jukes-Cantor Joins: balanced Support: SH-like 1000
Search: Normal +NNI +SPR (2 rounds range 10) +ML-NNI opt-each=1
TopHits: 1.00*sqrtN close=default refresh=0.80
ML Model: Generalized Time-Reversible, CAT approximation with 20 rate categories
Ignored unknown character D (seen 1 times)
Ignored unknown character H (seen 1 times)
Ignored unknown character K (seen 16 times)
Ignored unknown character M (seen 38 times)
Ignored unknown character R (seen 180 times)
Ignored unknown character S (seen 7 times)
Ignored unknown character W (seen 12 times)
Ignored unknown character X (seen 25 times)
Ignored unknown character Y (seen 102 times)
      0.25 seconds: Checking top hits for      1 of    100 seqs
Initial topology in 1.16 seconds
Refining topology: 27 rounds ME-NNIs, 2 rounds ME-SPRs, 13 rounds ML-NNIs
      1.16 seconds: ME NNI round 1 of 27, 1 of 98 splits
      1.43 seconds: ME NNI round 2 of 27, 1 of 98 splits
      1.63 seconds: ME NNI round 3 of 27, 1 of 98 splits
      1.75 seconds: SPR round   1 of   2, 1 of 198 nodes
      4.75 seconds: SPR round   1 of   2, 101 of 198 nodes
      7.83 seconds: ME NNI round 10 of 27, 1 of 98 splits
      8.00 seconds: ME NNI round 11 of 27, 1 of 98 splits
      8.17 seconds: SPR round   2 of   2, 1 of 198 nodes
     11.24 seconds: SPR round   2 of   2, 101 of 198 nodes
     14.66 seconds: ME NNI round 19 of 27, 1 of 98 splits
Total branch-length 5.142 after 15.03 sec
     15.06 seconds: ML Lengths 1 of 98 splits
     16.93 seconds: ML NNI round 1 of 13, 1 of 98 splits
ML-NNI round 1: LogLk = -280360.942 NNIs 21 max delta 42.28 Time 22.36
     22.36 seconds: Optimizing GTR model, step 1 of 12
     23.51 seconds: Optimizing GTR model, step 2 of 12
     25.02 seconds: Optimizing GTR model, step 3 of 12
     26.47 seconds: Optimizing GTR model, step 4 of 12
     27.99 seconds: Optimizing GTR model, step 5 of 12
     29.34 seconds: Optimizing GTR model, step 6 of 12
     30.72 seconds: Optimizing GTR model, step 7 of 12
     31.61 seconds: Optimizing GTR model, step 8 of 12
     33.56 seconds: Optimizing GTR model, step 10 of 12
     34.46 seconds: Optimizing GTR model, step 11 of 12
     35.39 seconds: Optimizing GTR model, step 12 of 12
GTR Frequencies: 0.3639 0.1757 0.2385 0.2219
GTR rates(ac ag at cg ct gt) 1.8006 3.8659 0.9849 0.9597 4.7343 1.0000
     36.36 seconds: ML Lengths 1 of 98 splits
     38.35 seconds: Site likelihoods with rate category 1 of 20
     38.46 seconds: Site likelihoods with rate category 2 of 20
     38.56 seconds: Site likelihoods with rate category 3 of 20
     38.67 seconds: Site likelihoods with rate category 4 of 20
     38.77 seconds: Site likelihoods with rate category 5 of 20
     38.88 seconds: Site likelihoods with rate category 6 of 20
     38.98 seconds: Site likelihoods with rate category 7 of 20
     39.09 seconds: Site likelihoods with rate category 8 of 20
     39.19 seconds: Site likelihoods with rate category 9 of 20
     39.29 seconds: Site likelihoods with rate category 10 of 20
     39.40 seconds: Site likelihoods with rate category 11 of 20
     39.50 seconds: Site likelihoods with rate category 12 of 20
     39.60 seconds: Site likelihoods with rate category 13 of 20
     39.70 seconds: Site likelihoods with rate category 14 of 20
     39.81 seconds: Site likelihoods with rate category 15 of 20
     39.91 seconds: Site likelihoods with rate category 16 of 20
     40.01 seconds: Site likelihoods with rate category 17 of 20
     40.11 seconds: Site likelihoods with rate category 18 of 20
     40.22 seconds: Site likelihoods with rate category 19 of 20
     40.32 seconds: Site likelihoods with rate category 20 of 20
Switched to using 20 rate categories (CAT approximation)
Rate categories were divided by 0.850 so that average rate = 1.0
CAT-based log-likelihoods may not be comparable across runs
     40.48 seconds: ML NNI round 2 of 13, 1 of 98 splits
ML-NNI round 2: LogLk = -226526.538 NNIs 16 max delta 8.94 Time 44.91
     44.91 seconds: ML NNI round 3 of 13, 1 of 98 splits
ML-NNI round 3: LogLk = -226515.257 NNIs 2 max delta 7.34 Time 47.58
     47.57 seconds: ML NNI round 4 of 13, 1 of 98 splits
ML-NNI round 4: LogLk = -226514.173 NNIs 1 max delta 1.01 Time 48.39
     48.38 seconds: ML NNI round 5 of 13, 1 of 98 splits
ML-NNI round 5: LogLk = -226514.172 NNIs 0 max delta 0.00 Time 48.74
Turning off heuristics for final round of ML NNIs (converged)
     48.73 seconds: ML NNI round 6 of 13, 1 of 98 splits
ML-NNI round 6: LogLk = -226470.915 NNIs 0 max delta 0.00 Time 55.41 (final)
     55.40 seconds: ML Lengths 1 of 98 splits
Optimize all lengths: LogLk = -226470.792 Time 57.15
     66.34 seconds: Site likelihoods with rate category 1 of 20
     66.44 seconds: Site likelihoods with rate category 2 of 20
     66.54 seconds: Site likelihoods with rate category 3 of 20
     66.64 seconds: Site likelihoods with rate category 4 of 20
     66.74 seconds: Site likelihoods with rate category 5 of 20
     66.85 seconds: Site likelihoods with rate category 6 of 20
     66.95 seconds: Site likelihoods with rate category 7 of 20
     67.05 seconds: Site likelihoods with rate category 8 of 20
     67.15 seconds: Site likelihoods with rate category 9 of 20
     67.26 seconds: Site likelihoods with rate category 10 of 20
     67.36 seconds: Site likelihoods with rate category 11 of 20
     67.47 seconds: Site likelihoods with rate category 12 of 20
     67.57 seconds: Site likelihoods with rate category 13 of 20
     67.67 seconds: Site likelihoods with rate category 14 of 20
     67.79 seconds: Site likelihoods with rate category 15 of 20
     67.90 seconds: Site likelihoods with rate category 16 of 20
     68.00 seconds: Site likelihoods with rate category 17 of 20
     68.10 seconds: Site likelihoods with rate category 18 of 20
     68.21 seconds: Site likelihoods with rate category 19 of 20
     68.31 seconds: Site likelihoods with rate category 20 of 20
     68.72 seconds: Optimizing alpha round 2
     68.92 seconds: Optimizing alpha round 3
Gamma(20) LogLk = -233107.160 alpha = 0.294 rescaling lengths by 1.382
Total time: 69.13 seconds Unique: 100/100 Bad splits: 0/97
