FastTree Version 2.1.11 Double precision (No SSE3)
Alignment: standard input
Nucleotide distances: Jukes-Cantor Joins: balanced Support: SH-like 1000
Search: Normal +NNI +SPR (2 rounds range 10) +ML-NNI opt-each=1
TopHits: 1.00*sqrtN close=default refresh=0.80
ML Model: Generalized Time-Reversible, CAT approximation with 20 rate categories
Ignored unknown character D (seen 1 times)
Ignored unknown character K (seen 10 times)
Ignored unknown character M (seen 21 times)
Ignored unknown character R (seen 192 times)
Ignored unknown character S (seen 8 times)
Ignored unknown character W (seen 15 times)
Ignored unknown character X (seen 99 times)
Ignored unknown character Y (seen 57 times)
      0.21 seconds: Checking top hits for      1 of    100 seqs
Initial topology in 0.79 seconds
Refining topology: 27 rounds ME-NNIs, 2 rounds ME-SPRs, 13 rounds ML-NNIs
      0.79 seconds: ME NNI round 1 of 27, 1 of 98 splits
      0.99 seconds: ME NNI round 2 of 27, 1 of 98 splits
      1.13 seconds: ME NNI round 3 of 27, 1 of 98 splits
      1.23 seconds: SPR round   1 of   2, 1 of 198 nodes
      3.14 seconds: SPR round   1 of   2, 101 of 198 nodes
      5.18 seconds: ME NNI round 10 of 27, 1 of 98 splits
      5.33 seconds: ME NNI round 11 of 27, 1 of 98 splits
      5.48 seconds: SPR round   2 of   2, 1 of 198 nodes
      7.88 seconds: SPR round   2 of   2, 101 of 198 nodes
     10.01 seconds: ME NNI round 19 of 27, 1 of 98 splits
Total branch-length 4.485 after 10.32 sec
     10.34 seconds: ML Lengths 1 of 98 splits
     11.76 seconds: ML NNI round 1 of 13, 1 of 98 splits
ML-NNI round 1: LogLk = -244953.666 NNIs 21 max delta 27.58 Time 15.95
     15.95 seconds: Optimizing GTR model, step 1 of 12
     16.89 seconds: Optimizing GTR model, step 2 of 12
     18.06 seconds: Optimizing GTR model, step 3 of 12
     19.39 seconds: Optimizing GTR model, step 4 of 12
     20.66 seconds: Optimizing GTR model, step 5 of 12
     21.78 seconds: Optimizing GTR model, step 6 of 12
     23.01 seconds: Optimizing GTR model, step 7 of 12
     23.88 seconds: Optimizing GTR model, step 8 of 12
     24.78 seconds: Optimizing GTR model, step 9 of 12
     25.57 seconds: Optimizing GTR model, step 10 of 12
     26.41 seconds: Optimizing GTR model, step 11 of 12
     27.30 seconds: Optimizing GTR model, step 12 of 12
GTR Frequencies: 0.3631 0.1758 0.2390 0.2222
GTR rates(ac ag at cg ct gt) 1.9036 4.4045 0.9987 1.0532 5.5035 1.0000
     28.19 seconds: ML Lengths 1 of 98 splits
     29.79 seconds: Site likelihoods with rate category 1 of 20
     29.97 seconds: Site likelihoods with rate category 3 of 20
     30.16 seconds: Site likelihoods with rate category 5 of 20
     30.34 seconds: Site likelihoods with rate category 7 of 20
     30.52 seconds: Site likelihoods with rate category 9 of 20
     30.70 seconds: Site likelihoods with rate category 11 of 20
     30.89 seconds: Site likelihoods with rate category 13 of 20
     31.07 seconds: Site likelihoods with rate category 15 of 20
     31.25 seconds: Site likelihoods with rate category 17 of 20
     31.44 seconds: Site likelihoods with rate category 19 of 20
Switched to using 20 rate categories (CAT approximation)
Rate categories were divided by 0.893 so that average rate = 1.0
CAT-based log-likelihoods may not be comparable across runs
     31.69 seconds: ML NNI round 2 of 13, 1 of 98 splits
ML-NNI round 2: LogLk = -199412.188 NNIs 17 max delta 16.83 Time 35.37
     35.36 seconds: ML NNI round 3 of 13, 1 of 98 splits
ML-NNI round 3: LogLk = -199356.473 NNIs 10 max delta 16.32 Time 38.23
     38.22 seconds: ML NNI round 4 of 13, 1 of 98 splits
ML-NNI round 4: LogLk = -199347.086 NNIs 4 max delta 3.94 Time 40.10
     40.09 seconds: ML NNI round 5 of 13, 1 of 98 splits
ML-NNI round 5: LogLk = -199335.822 NNIs 1 max delta 10.96 Time 40.88
     40.88 seconds: ML NNI round 6 of 13, 1 of 98 splits
ML-NNI round 6: LogLk = -199335.802 NNIs 0 max delta 0.00 Time 41.12
Turning off heuristics for final round of ML NNIs (converged)
     41.12 seconds: ML NNI round 7 of 13, 1 of 98 splits
ML-NNI round 7: LogLk = -199281.818 NNIs 0 max delta 0.00 Time 46.50 (final)
     46.49 seconds: ML Lengths 1 of 98 splits
Optimize all lengths: LogLk = -199281.700 Time 47.95
     54.42 seconds: Site likelihoods with rate category 1 of 20
     54.60 seconds: Site likelihoods with rate category 3 of 20
     54.79 seconds: Site likelihoods with rate category 5 of 20
     54.98 seconds: Site likelihoods with rate category 7 of 20
     55.16 seconds: Site likelihoods with rate category 9 of 20
     55.35 seconds: Site likelihoods with rate category 11 of 20
     55.53 seconds: Site likelihoods with rate category 13 of 20
     55.74 seconds: Site likelihoods with rate category 15 of 20
     55.93 seconds: Site likelihoods with rate category 17 of 20
     56.11 seconds: Site likelihoods with rate category 19 of 20
     56.28 seconds: Optimizing alpha round 1
     56.56 seconds: Optimizing alpha round 2
     56.71 seconds: Optimizing alpha round 3
Gamma(20) LogLk = -205382.490 alpha = 0.311 rescaling lengths by 1.087
Total time: 56.88 seconds Unique: 100/100 Bad splits: 0/97
