FastTree Version 2.1.11 Double precision (No SSE3)
Alignment: standard input
Nucleotide distances: Jukes-Cantor Joins: balanced Support: SH-like 1000
Search: Normal +NNI +SPR (2 rounds range 10) +ML-NNI opt-each=1
TopHits: 1.00*sqrtN close=default refresh=0.80
ML Model: Generalized Time-Reversible, CAT approximation with 20 rate categories
Ignored unknown character K (seen 15 times)
Ignored unknown character M (seen 27 times)
Ignored unknown character R (seen 159 times)
Ignored unknown character S (seen 4 times)
Ignored unknown character W (seen 18 times)
Ignored unknown character X (seen 9 times)
Ignored unknown character Y (seen 73 times)
      0.27 seconds: Checking top hits for      1 of    100 seqs
Initial topology in 1.09 seconds
Refining topology: 27 rounds ME-NNIs, 2 rounds ME-SPRs, 13 rounds ML-NNIs
      1.09 seconds: ME NNI round 1 of 27, 1 of 98 splits
      1.30 seconds: ME NNI round 2 of 27, 1 of 98 splits
      1.47 seconds: ME NNI round 3 of 27, 1 of 98 splits
      1.58 seconds: ME NNI round 4 of 27, 1 of 98 splits
      1.71 seconds: SPR round   1 of   2, 1 of 198 nodes
      4.99 seconds: SPR round   1 of   2, 101 of 198 nodes
      7.88 seconds: ME NNI round 10 of 27, 1 of 98 splits
      8.06 seconds: ME NNI round 11 of 27, 1 of 98 splits
      8.25 seconds: ME NNI round 12 of 27, 1 of 98 splits
     11.56 seconds: SPR round   2 of   2, 101 of 198 nodes
     14.64 seconds: ME NNI round 19 of 27, 1 of 98 splits
Total branch-length 5.067 after 15.04 sec
     15.07 seconds: ML Lengths 1 of 98 splits
     17.08 seconds: ML NNI round 1 of 13, 1 of 98 splits
ML-NNI round 1: LogLk = -277282.901 NNIs 24 max delta 36.11 Time 23.53
     23.53 seconds: Optimizing GTR model, step 1 of 12
     24.82 seconds: Optimizing GTR model, step 2 of 12
     26.55 seconds: Optimizing GTR model, step 3 of 12
     28.19 seconds: Optimizing GTR model, step 4 of 12
     29.92 seconds: Optimizing GTR model, step 5 of 12
     31.39 seconds: Optimizing GTR model, step 6 of 12
     33.00 seconds: Optimizing GTR model, step 7 of 12
     35.18 seconds: Optimizing GTR model, step 9 of 12
     36.16 seconds: Optimizing GTR model, step 10 of 12
     37.12 seconds: Optimizing GTR model, step 11 of 12
GTR Frequencies: 0.3626 0.1760 0.2395 0.2219
GTR rates(ac ag at cg ct gt) 1.7619 3.8756 0.9743 0.9630 4.6833 1.0000
     39.25 seconds: ML Lengths 1 of 98 splits
     41.57 seconds: Site likelihoods with rate category 1 of 20
     41.68 seconds: Site likelihoods with rate category 2 of 20
     41.79 seconds: Site likelihoods with rate category 3 of 20
     41.90 seconds: Site likelihoods with rate category 4 of 20
     42.02 seconds: Site likelihoods with rate category 5 of 20
     42.13 seconds: Site likelihoods with rate category 6 of 20
     42.24 seconds: Site likelihoods with rate category 7 of 20
     42.35 seconds: Site likelihoods with rate category 8 of 20
     42.46 seconds: Site likelihoods with rate category 9 of 20
     42.58 seconds: Site likelihoods with rate category 10 of 20
     42.69 seconds: Site likelihoods with rate category 11 of 20
     42.80 seconds: Site likelihoods with rate category 12 of 20
     42.91 seconds: Site likelihoods with rate category 13 of 20
     43.03 seconds: Site likelihoods with rate category 14 of 20
     43.14 seconds: Site likelihoods with rate category 15 of 20
     43.25 seconds: Site likelihoods with rate category 16 of 20
     43.36 seconds: Site likelihoods with rate category 17 of 20
     43.48 seconds: Site likelihoods with rate category 18 of 20
     43.59 seconds: Site likelihoods with rate category 19 of 20
     43.70 seconds: Site likelihoods with rate category 20 of 20
Switched to using 20 rate categories (CAT approximation)
Rate categories were divided by 0.853 so that average rate = 1.0
CAT-based log-likelihoods may not be comparable across runs
     43.89 seconds: ML NNI round 2 of 13, 1 of 98 splits
ML-NNI round 2: LogLk = -224693.077 NNIs 15 max delta 9.41 Time 49.05
     49.05 seconds: ML NNI round 3 of 13, 1 of 98 splits
ML-NNI round 3: LogLk = -224638.191 NNIs 6 max delta 13.73 Time 52.49
     52.49 seconds: ML NNI round 4 of 13, 1 of 98 splits
ML-NNI round 4: LogLk = -224624.728 NNIs 1 max delta 5.04 Time 54.57
     54.57 seconds: ML NNI round 5 of 13, 1 of 98 splits
ML-NNI round 5: LogLk = -224624.724 NNIs 0 max delta 0.00 Time 55.16
Turning off heuristics for final round of ML NNIs (converged)
     55.15 seconds: ML NNI round 6 of 13, 1 of 98 splits
ML-NNI round 6: LogLk = -224589.477 NNIs 3 max delta 6.47 Time 62.92 (final)
     62.92 seconds: ML Lengths 1 of 98 splits
Optimize all lengths: LogLk = -224589.335 Time 64.90
     74.97 seconds: Site likelihoods with rate category 1 of 20
     75.07 seconds: Site likelihoods with rate category 2 of 20
     75.17 seconds: Site likelihoods with rate category 3 of 20
     75.27 seconds: Site likelihoods with rate category 4 of 20
     75.38 seconds: Site likelihoods with rate category 5 of 20
     75.48 seconds: Site likelihoods with rate category 6 of 20
     75.59 seconds: Site likelihoods with rate category 7 of 20
     75.69 seconds: Site likelihoods with rate category 8 of 20
     75.79 seconds: Site likelihoods with rate category 9 of 20
     75.89 seconds: Site likelihoods with rate category 10 of 20
     76.00 seconds: Site likelihoods with rate category 11 of 20
     76.10 seconds: Site likelihoods with rate category 12 of 20
     76.21 seconds: Site likelihoods with rate category 13 of 20
     76.31 seconds: Site likelihoods with rate category 14 of 20
     76.41 seconds: Site likelihoods with rate category 15 of 20
     76.51 seconds: Site likelihoods with rate category 16 of 20
     76.62 seconds: Site likelihoods with rate category 17 of 20
     76.73 seconds: Site likelihoods with rate category 18 of 20
     76.83 seconds: Site likelihoods with rate category 19 of 20
     76.94 seconds: Site likelihoods with rate category 20 of 20
     77.33 seconds: Optimizing alpha round 2
     77.51 seconds: Optimizing alpha round 3
Gamma(20) LogLk = -231081.540 alpha = 0.304 rescaling lengths by 1.354
Total time: 77.70 seconds Unique: 100/100 Bad splits: 0/97
