FastTree Version 2.1.11 Double precision (No SSE3)
Alignment: standard input
Nucleotide distances: Jukes-Cantor Joins: balanced Support: SH-like 1000
Search: Normal +NNI +SPR (2 rounds range 10) +ML-NNI opt-each=1
TopHits: 1.00*sqrtN close=default refresh=0.80
ML Model: Generalized Time-Reversible, CAT approximation with 20 rate categories
Ignored unknown character D (seen 1 times)
Ignored unknown character K (seen 10 times)
Ignored unknown character M (seen 22 times)
Ignored unknown character R (seen 197 times)
Ignored unknown character S (seen 8 times)
Ignored unknown character W (seen 15 times)
Ignored unknown character X (seen 99 times)
Ignored unknown character Y (seen 58 times)
      0.25 seconds: Checking top hits for      1 of    100 seqs
Initial topology in 1.05 seconds
Refining topology: 27 rounds ME-NNIs, 2 rounds ME-SPRs, 13 rounds ML-NNIs
      1.04 seconds: ME NNI round 1 of 27, 1 of 98 splits
      1.26 seconds: ME NNI round 2 of 27, 1 of 98 splits
      1.47 seconds: ME NNI round 3 of 27, 1 of 98 splits
      1.59 seconds: ME NNI round 4 of 27, 1 of 98 splits
      4.52 seconds: SPR round   1 of   2, 101 of 198 nodes
      8.12 seconds: ME NNI round 10 of 27, 1 of 98 splits
      8.30 seconds: ME NNI round 11 of 27, 1 of 98 splits
      8.49 seconds: SPR round   2 of   2, 1 of 198 nodes
     11.38 seconds: SPR round   2 of   2, 101 of 198 nodes
     14.89 seconds: ME NNI round 19 of 27, 1 of 98 splits
Total branch-length 4.968 after 15.30 sec
     15.33 seconds: ML Lengths 1 of 98 splits
     17.32 seconds: ML NNI round 1 of 13, 1 of 98 splits
ML-NNI round 1: LogLk = -273341.373 NNIs 18 max delta 67.34 Time 23.28
     23.28 seconds: Optimizing GTR model, step 1 of 12
     24.43 seconds: Optimizing GTR model, step 2 of 12
     26.16 seconds: Optimizing GTR model, step 3 of 12
     27.77 seconds: Optimizing GTR model, step 4 of 12
     29.39 seconds: Optimizing GTR model, step 5 of 12
     30.84 seconds: Optimizing GTR model, step 6 of 12
     32.42 seconds: Optimizing GTR model, step 7 of 12
     34.53 seconds: Optimizing GTR model, step 9 of 12
     36.55 seconds: Optimizing GTR model, step 11 of 12
GTR Frequencies: 0.3628 0.1761 0.2392 0.2219
GTR rates(ac ag at cg ct gt) 1.8952 4.0443 1.0134 1.0415 4.9006 1.0000
     38.63 seconds: ML Lengths 1 of 98 splits
     40.95 seconds: Site likelihoods with rate category 1 of 20
     41.06 seconds: Site likelihoods with rate category 2 of 20
     41.18 seconds: Site likelihoods with rate category 3 of 20
     41.30 seconds: Site likelihoods with rate category 4 of 20
     41.42 seconds: Site likelihoods with rate category 5 of 20
     41.53 seconds: Site likelihoods with rate category 6 of 20
     41.65 seconds: Site likelihoods with rate category 7 of 20
     41.76 seconds: Site likelihoods with rate category 8 of 20
     41.87 seconds: Site likelihoods with rate category 9 of 20
     41.99 seconds: Site likelihoods with rate category 10 of 20
     42.10 seconds: Site likelihoods with rate category 11 of 20
     42.21 seconds: Site likelihoods with rate category 12 of 20
     42.32 seconds: Site likelihoods with rate category 13 of 20
     42.42 seconds: Site likelihoods with rate category 14 of 20
     42.53 seconds: Site likelihoods with rate category 15 of 20
     42.64 seconds: Site likelihoods with rate category 16 of 20
     42.75 seconds: Site likelihoods with rate category 17 of 20
     42.85 seconds: Site likelihoods with rate category 18 of 20
     42.96 seconds: Site likelihoods with rate category 19 of 20
     43.07 seconds: Site likelihoods with rate category 20 of 20
Switched to using 20 rate categories (CAT approximation)
Rate categories were divided by 0.849 so that average rate = 1.0
CAT-based log-likelihoods may not be comparable across runs
     43.25 seconds: ML NNI round 2 of 13, 1 of 98 splits
ML-NNI round 2: LogLk = -221973.999 NNIs 9 max delta 9.63 Time 47.29
     47.28 seconds: ML NNI round 3 of 13, 1 of 98 splits
ML-NNI round 3: LogLk = -221972.506 NNIs 0 max delta 0.00 Time 49.10
Turning off heuristics for final round of ML NNIs (converged)
     49.09 seconds: ML NNI round 4 of 13, 1 of 98 splits
ML-NNI round 4: LogLk = -221938.136 NNIs 4 max delta 4.26 Time 56.68 (final)
     56.67 seconds: ML Lengths 1 of 98 splits
Optimize all lengths: LogLk = -221937.632 Time 58.65
     70.06 seconds: Site likelihoods with rate category 1 of 20
     70.17 seconds: Site likelihoods with rate category 2 of 20
     70.29 seconds: Site likelihoods with rate category 3 of 20
     70.40 seconds: Site likelihoods with rate category 4 of 20
     70.51 seconds: Site likelihoods with rate category 5 of 20
     70.62 seconds: Site likelihoods with rate category 6 of 20
     70.74 seconds: Site likelihoods with rate category 7 of 20
     70.86 seconds: Site likelihoods with rate category 8 of 20
     70.97 seconds: Site likelihoods with rate category 9 of 20
     71.09 seconds: Site likelihoods with rate category 10 of 20
     71.20 seconds: Site likelihoods with rate category 11 of 20
     71.31 seconds: Site likelihoods with rate category 12 of 20
     71.42 seconds: Site likelihoods with rate category 13 of 20
     71.53 seconds: Site likelihoods with rate category 14 of 20
     71.65 seconds: Site likelihoods with rate category 15 of 20
     71.76 seconds: Site likelihoods with rate category 16 of 20
     71.87 seconds: Site likelihoods with rate category 17 of 20
     71.98 seconds: Site likelihoods with rate category 18 of 20
     72.10 seconds: Site likelihoods with rate category 19 of 20
     72.21 seconds: Site likelihoods with rate category 20 of 20
     72.64 seconds: Optimizing alpha round 2
     72.85 seconds: Optimizing alpha round 3
Gamma(20) LogLk = -228406.166 alpha = 0.304 rescaling lengths by 1.351
Total time: 73.07 seconds Unique: 100/100 Bad splits: 0/97
