FastTree Version 2.1.11 Double precision (No SSE3)
Alignment: standard input
Nucleotide distances: Jukes-Cantor Joins: balanced Support: SH-like 1000
Search: Normal +NNI +SPR (2 rounds range 10) +ML-NNI opt-each=1
TopHits: 1.00*sqrtN close=default refresh=0.80
ML Model: Generalized Time-Reversible, CAT approximation with 20 rate categories
Ignored unknown character K (seen 19 times)
Ignored unknown character M (seen 40 times)
Ignored unknown character R (seen 228 times)
Ignored unknown character S (seen 11 times)
Ignored unknown character W (seen 22 times)
Ignored unknown character X (seen 8 times)
Ignored unknown character Y (seen 72 times)
      0.13 seconds: Checking top hits for      1 of    100 seqs
Initial topology in 0.70 seconds
Refining topology: 27 rounds ME-NNIs, 2 rounds ME-SPRs, 13 rounds ML-NNIs
      0.70 seconds: ME NNI round 1 of 27, 1 of 98 splits
      0.91 seconds: ME NNI round 2 of 27, 1 of 98 splits
      1.05 seconds: ME NNI round 3 of 27, 1 of 98 splits
      1.21 seconds: ME NNI round 5 of 27, 1 of 98 splits
      1.31 seconds: SPR round   1 of   2, 1 of 198 nodes
      3.40 seconds: SPR round   1 of   2, 101 of 198 nodes
      5.65 seconds: ME NNI round 10 of 27, 1 of 98 splits
      5.80 seconds: ME NNI round 11 of 27, 1 of 98 splits
      5.95 seconds: ME NNI round 12 of 27, 1 of 98 splits
      8.68 seconds: SPR round   2 of   2, 101 of 198 nodes
     11.02 seconds: ME NNI round 19 of 27, 1 of 98 splits
Total branch-length 4.674 after 11.36 sec
     11.39 seconds: ML Lengths 1 of 98 splits
     12.90 seconds: ML NNI round 1 of 13, 1 of 98 splits
ML-NNI round 1: LogLk = -251624.199 NNIs 23 max delta 34.64 Time 17.28
     17.28 seconds: Optimizing GTR model, step 1 of 12
     19.50 seconds: Optimizing GTR model, step 3 of 12
     20.71 seconds: Optimizing GTR model, step 4 of 12
     22.02 seconds: Optimizing GTR model, step 5 of 12
     23.19 seconds: Optimizing GTR model, step 6 of 12
     24.45 seconds: Optimizing GTR model, step 7 of 12
     25.36 seconds: Optimizing GTR model, step 8 of 12
     26.30 seconds: Optimizing GTR model, step 9 of 12
     27.12 seconds: Optimizing GTR model, step 10 of 12
     27.95 seconds: Optimizing GTR model, step 11 of 12
     28.78 seconds: Optimizing GTR model, step 12 of 12
GTR Frequencies: 0.3641 0.1754 0.2386 0.2219
GTR rates(ac ag at cg ct gt) 1.8236 4.2219 0.9781 0.9726 5.2850 1.0000
     29.70 seconds: ML Lengths 1 of 98 splits
     31.44 seconds: Site likelihoods with rate category 1 of 20
     31.62 seconds: Site likelihoods with rate category 3 of 20
     31.82 seconds: Site likelihoods with rate category 5 of 20
     31.92 seconds: Site likelihoods with rate category 6 of 20
     32.11 seconds: Site likelihoods with rate category 8 of 20
     32.31 seconds: Site likelihoods with rate category 10 of 20
     32.49 seconds: Site likelihoods with rate category 12 of 20
     32.68 seconds: Site likelihoods with rate category 14 of 20
     32.87 seconds: Site likelihoods with rate category 16 of 20
     33.06 seconds: Site likelihoods with rate category 18 of 20
     33.25 seconds: Site likelihoods with rate category 20 of 20
Switched to using 20 rate categories (CAT approximation)
Rate categories were divided by 0.899 so that average rate = 1.0
CAT-based log-likelihoods may not be comparable across runs
     33.40 seconds: ML NNI round 2 of 13, 1 of 98 splits
ML-NNI round 2: LogLk = -205112.437 NNIs 9 max delta 6.36 Time 37.27
     37.27 seconds: ML NNI round 3 of 13, 1 of 98 splits
ML-NNI round 3: LogLk = -205103.342 NNIs 1 max delta 0.08 Time 39.20
Turning off heuristics for final round of ML NNIs (converged)
     39.20 seconds: ML NNI round 4 of 13, 1 of 98 splits
ML-NNI round 4: LogLk = -205050.729 NNIs 2 max delta 0.68 Time 45.00 (final)
     45.00 seconds: ML Lengths 1 of 98 splits
Optimize all lengths: LogLk = -205050.589 Time 46.50
     53.27 seconds: Site likelihoods with rate category 1 of 20
     53.45 seconds: Site likelihoods with rate category 3 of 20
     53.64 seconds: Site likelihoods with rate category 5 of 20
     53.83 seconds: Site likelihoods with rate category 7 of 20
     54.01 seconds: Site likelihoods with rate category 9 of 20
     54.20 seconds: Site likelihoods with rate category 11 of 20
     54.39 seconds: Site likelihoods with rate category 13 of 20
     54.58 seconds: Site likelihoods with rate category 15 of 20
     54.77 seconds: Site likelihoods with rate category 17 of 20
     54.96 seconds: Site likelihoods with rate category 19 of 20
     55.13 seconds: Optimizing alpha round 1
     55.41 seconds: Optimizing alpha round 2
     55.56 seconds: Optimizing alpha round 3
Gamma(20) LogLk = -211361.010 alpha = 0.323 rescaling lengths by 1.084
Total time: 55.72 seconds Unique: 100/100 Bad splits: 2/97 Worst delta-LogLk 6.545
