FastTree Version 2.1.11 Double precision (No SSE3)
Alignment: standard input
Nucleotide distances: Jukes-Cantor Joins: balanced Support: SH-like 1000
Search: Normal +NNI +SPR (2 rounds range 10) +ML-NNI opt-each=1
TopHits: 1.00*sqrtN close=default refresh=0.80
ML Model: Generalized Time-Reversible, CAT approximation with 20 rate categories
Ignored unknown character H (seen 1 times)
Ignored unknown character K (seen 24 times)
Ignored unknown character M (seen 37 times)
Ignored unknown character R (seen 193 times)
Ignored unknown character S (seen 8 times)
Ignored unknown character W (seen 19 times)
Ignored unknown character X (seen 16 times)
Ignored unknown character Y (seen 93 times)
      0.16 seconds: Checking top hits for      1 of    100 seqs
Initial topology in 0.96 seconds
Refining topology: 27 rounds ME-NNIs, 2 rounds ME-SPRs, 13 rounds ML-NNIs
      0.96 seconds: ME NNI round 1 of 27, 1 of 98 splits
      1.23 seconds: ME NNI round 2 of 27, 1 of 98 splits
      1.40 seconds: ME NNI round 3 of 27, 1 of 98 splits
      1.52 seconds: ME NNI round 4 of 27, 1 of 98 splits
      1.66 seconds: SPR round   1 of   2, 1 of 198 nodes
      4.18 seconds: SPR round   1 of   2, 101 of 198 nodes
      7.33 seconds: ME NNI round 10 of 27, 1 of 98 splits
      7.52 seconds: ME NNI round 11 of 27, 1 of 98 splits
      7.71 seconds: ME NNI round 12 of 27, 1 of 98 splits
     11.09 seconds: SPR round   2 of   2, 101 of 198 nodes
     14.36 seconds: ME NNI round 19 of 27, 1 of 98 splits
Total branch-length 5.014 after 14.77 sec
     14.80 seconds: ML Lengths 1 of 98 splits
     16.79 seconds: ML NNI round 1 of 13, 1 of 98 splits
ML-NNI round 1: LogLk = -277609.162 NNIs 20 max delta 29.88 Time 22.88
     22.88 seconds: Optimizing GTR model, step 1 of 12
     24.06 seconds: Optimizing GTR model, step 2 of 12
     25.61 seconds: Optimizing GTR model, step 3 of 12
     27.10 seconds: Optimizing GTR model, step 4 of 12
     28.66 seconds: Optimizing GTR model, step 5 of 12
     30.04 seconds: Optimizing GTR model, step 6 of 12
     31.46 seconds: Optimizing GTR model, step 7 of 12
     33.55 seconds: Optimizing GTR model, step 9 of 12
     34.46 seconds: Optimizing GTR model, step 10 of 12
     35.42 seconds: Optimizing GTR model, step 11 of 12
     36.35 seconds: Optimizing GTR model, step 12 of 12
GTR Frequencies: 0.3630 0.1760 0.2392 0.2218
GTR rates(ac ag at cg ct gt) 1.8034 3.9986 0.9636 0.9482 4.8510 1.0000
     39.52 seconds: Site likelihoods with rate category 1 of 20
     39.63 seconds: Site likelihoods with rate category 2 of 20
     39.74 seconds: Site likelihoods with rate category 3 of 20
     39.85 seconds: Site likelihoods with rate category 4 of 20
     39.96 seconds: Site likelihoods with rate category 5 of 20
     40.06 seconds: Site likelihoods with rate category 6 of 20
     40.17 seconds: Site likelihoods with rate category 7 of 20
     40.29 seconds: Site likelihoods with rate category 8 of 20
     40.39 seconds: Site likelihoods with rate category 9 of 20
     40.50 seconds: Site likelihoods with rate category 10 of 20
     40.61 seconds: Site likelihoods with rate category 11 of 20
     40.72 seconds: Site likelihoods with rate category 12 of 20
     40.83 seconds: Site likelihoods with rate category 13 of 20
     40.95 seconds: Site likelihoods with rate category 14 of 20
     41.06 seconds: Site likelihoods with rate category 15 of 20
     41.17 seconds: Site likelihoods with rate category 16 of 20
     41.28 seconds: Site likelihoods with rate category 17 of 20
     41.39 seconds: Site likelihoods with rate category 18 of 20
     41.49 seconds: Site likelihoods with rate category 19 of 20
     41.60 seconds: Site likelihoods with rate category 20 of 20
Switched to using 20 rate categories (CAT approximation)
Rate categories were divided by 0.853 so that average rate = 1.0
CAT-based log-likelihoods may not be comparable across runs
     41.77 seconds: ML NNI round 2 of 13, 1 of 98 splits
ML-NNI round 2: LogLk = -225064.724 NNIs 10 max delta 16.16 Time 45.77
     45.76 seconds: ML NNI round 3 of 13, 1 of 98 splits
ML-NNI round 3: LogLk = -225041.325 NNIs 4 max delta 9.37 Time 48.32
     48.31 seconds: ML NNI round 4 of 13, 1 of 98 splits
ML-NNI round 4: LogLk = -225040.793 NNIs 0 max delta 0.00 Time 49.71
Turning off heuristics for final round of ML NNIs (converged)
     49.70 seconds: ML NNI round 5 of 13, 1 of 98 splits
ML-NNI round 5: LogLk = -225012.676 NNIs 3 max delta 2.31 Time 57.16 (final)
     57.16 seconds: ML Lengths 1 of 98 splits
Optimize all lengths: LogLk = -225012.407 Time 59.08
     69.33 seconds: Site likelihoods with rate category 1 of 20
     69.44 seconds: Site likelihoods with rate category 2 of 20
     69.54 seconds: Site likelihoods with rate category 3 of 20
     69.65 seconds: Site likelihoods with rate category 4 of 20
     69.76 seconds: Site likelihoods with rate category 5 of 20
     69.87 seconds: Site likelihoods with rate category 6 of 20
     69.97 seconds: Site likelihoods with rate category 7 of 20
     70.08 seconds: Site likelihoods with rate category 8 of 20
     70.19 seconds: Site likelihoods with rate category 9 of 20
     70.29 seconds: Site likelihoods with rate category 10 of 20
     70.40 seconds: Site likelihoods with rate category 11 of 20
     70.50 seconds: Site likelihoods with rate category 12 of 20
     70.61 seconds: Site likelihoods with rate category 13 of 20
     70.71 seconds: Site likelihoods with rate category 14 of 20
     70.82 seconds: Site likelihoods with rate category 15 of 20
     70.93 seconds: Site likelihoods with rate category 16 of 20
     71.04 seconds: Site likelihoods with rate category 17 of 20
     71.14 seconds: Site likelihoods with rate category 18 of 20
     71.25 seconds: Site likelihoods with rate category 19 of 20
     71.36 seconds: Site likelihoods with rate category 20 of 20
     71.81 seconds: Optimizing alpha round 2
     72.04 seconds: Optimizing alpha round 3
Gamma(20) LogLk = -231600.622 alpha = 0.309 rescaling lengths by 1.369
Total time: 72.25 seconds Unique: 100/100 Bad splits: 0/97
