FastTree Version 2.1.11 Double precision (No SSE3)
Alignment: standard input
Nucleotide distances: Jukes-Cantor Joins: balanced Support: SH-like 1000
Search: Normal +NNI +SPR (2 rounds range 10) +ML-NNI opt-each=1
TopHits: 1.00*sqrtN close=default refresh=0.80
ML Model: Generalized Time-Reversible, CAT approximation with 20 rate categories
Ignored unknown character b (seen 1 times)
Ignored unknown character d (seen 2 times)
Ignored unknown character h (seen 1 times)
Ignored unknown character k (seen 27 times)
Ignored unknown character m (seen 55 times)
Ignored unknown character n (seen 17 times)
Ignored unknown character r (seen 241 times)
Ignored unknown character s (seen 20 times)
Ignored unknown character v (seen 1 times)
Ignored unknown character w (seen 38 times)
Ignored unknown character y (seen 105 times)
      0.16 seconds: Checking top hits for      1 of    100 seqs
Initial topology in 0.75 seconds
Refining topology: 27 rounds ME-NNIs, 2 rounds ME-SPRs, 13 rounds ML-NNIs
      0.74 seconds: ME NNI round 1 of 27, 1 of 98 splits
      0.89 seconds: ME NNI round 2 of 27, 1 of 98 splits
      0.99 seconds: ME NNI round 3 of 27, 1 of 98 splits
      1.11 seconds: SPR round   1 of   2, 1 of 198 nodes
      3.49 seconds: SPR round   1 of   2, 101 of 198 nodes
      6.48 seconds: ME NNI round 10 of 27, 1 of 98 splits
      6.67 seconds: ME NNI round 11 of 27, 1 of 98 splits
      6.84 seconds: SPR round   2 of   2, 1 of 198 nodes
      9.63 seconds: SPR round   2 of   2, 101 of 198 nodes
     12.53 seconds: ME NNI round 19 of 27, 1 of 98 splits
     12.70 seconds: ME NNI round 20 of 27, 1 of 98 splits
Total branch-length 4.825 after 13.07 sec
     13.09 seconds: ML Lengths 1 of 98 splits
     14.79 seconds: ML NNI round 1 of 13, 1 of 98 splits
ML-NNI round 1: LogLk = -264900.394 NNIs 22 max delta 39.14 Time 19.72
     19.72 seconds: Optimizing GTR model, step 1 of 12
     21.93 seconds: Optimizing GTR model, step 3 of 12
     23.42 seconds: Optimizing GTR model, step 4 of 12
     24.87 seconds: Optimizing GTR model, step 5 of 12
     26.15 seconds: Optimizing GTR model, step 6 of 12
     27.54 seconds: Optimizing GTR model, step 7 of 12
     28.52 seconds: Optimizing GTR model, step 8 of 12
     29.50 seconds: Optimizing GTR model, step 9 of 12
     30.40 seconds: Optimizing GTR model, step 10 of 12
     31.25 seconds: Optimizing GTR model, step 11 of 12
     32.12 seconds: Optimizing GTR model, step 12 of 12
GTR Frequencies: 0.3640 0.1755 0.2385 0.2220
GTR rates(ac ag at cg ct gt) 1.9503 4.5389 1.0021 0.9631 5.5816 1.0000
     33.08 seconds: ML Lengths 1 of 98 splits
     35.07 seconds: Site likelihoods with rate category 1 of 20
     35.17 seconds: Site likelihoods with rate category 2 of 20
     35.27 seconds: Site likelihoods with rate category 3 of 20
     35.47 seconds: Site likelihoods with rate category 5 of 20
     35.57 seconds: Site likelihoods with rate category 6 of 20
     35.77 seconds: Site likelihoods with rate category 8 of 20
     35.89 seconds: Site likelihoods with rate category 9 of 20
     35.99 seconds: Site likelihoods with rate category 10 of 20
     36.09 seconds: Site likelihoods with rate category 11 of 20
     36.29 seconds: Site likelihoods with rate category 13 of 20
     36.49 seconds: Site likelihoods with rate category 15 of 20
     36.59 seconds: Site likelihoods with rate category 16 of 20
     36.69 seconds: Site likelihoods with rate category 17 of 20
     36.79 seconds: Site likelihoods with rate category 18 of 20
     36.89 seconds: Site likelihoods with rate category 19 of 20
Switched to using 20 rate categories (CAT approximation)
Rate categories were divided by 0.892 so that average rate = 1.0
CAT-based log-likelihoods may not be comparable across runs
     37.15 seconds: ML NNI round 2 of 13, 1 of 98 splits
ML-NNI round 2: LogLk = -214297.015 NNIs 12 max delta 22.42 Time 41.48
     41.48 seconds: ML NNI round 3 of 13, 1 of 98 splits
ML-NNI round 3: LogLk = -214290.136 NNIs 1 max delta 0.18 Time 44.08
     44.07 seconds: ML NNI round 4 of 13, 1 of 98 splits
ML-NNI round 4: LogLk = -214272.927 NNIs 2 max delta 12.25 Time 44.58
     44.58 seconds: ML NNI round 5 of 13, 1 of 98 splits
ML-NNI round 5: LogLk = -214272.926 NNIs 0 max delta 0.00 Time 44.78
Turning off heuristics for final round of ML NNIs (converged)
     44.77 seconds: ML NNI round 6 of 13, 1 of 98 splits
ML-NNI round 6: LogLk = -214195.785 NNIs 2 max delta 11.70 Time 51.59 (final)
     51.59 seconds: ML Lengths 1 of 98 splits
Optimize all lengths: LogLk = -214195.379 Time 53.40
     61.99 seconds: Site likelihoods with rate category 1 of 20
     62.09 seconds: Site likelihoods with rate category 2 of 20
     62.20 seconds: Site likelihoods with rate category 3 of 20
     62.30 seconds: Site likelihoods with rate category 4 of 20
     62.40 seconds: Site likelihoods with rate category 5 of 20
     62.50 seconds: Site likelihoods with rate category 6 of 20
     62.61 seconds: Site likelihoods with rate category 7 of 20
     62.71 seconds: Site likelihoods with rate category 8 of 20
     62.81 seconds: Site likelihoods with rate category 9 of 20
     62.92 seconds: Site likelihoods with rate category 10 of 20
     63.02 seconds: Site likelihoods with rate category 11 of 20
     63.12 seconds: Site likelihoods with rate category 12 of 20
     63.22 seconds: Site likelihoods with rate category 13 of 20
     63.33 seconds: Site likelihoods with rate category 14 of 20
     63.43 seconds: Site likelihoods with rate category 15 of 20
     63.54 seconds: Site likelihoods with rate category 16 of 20
     63.64 seconds: Site likelihoods with rate category 17 of 20
     63.74 seconds: Site likelihoods with rate category 18 of 20
     63.85 seconds: Site likelihoods with rate category 19 of 20
     63.96 seconds: Site likelihoods with rate category 20 of 20
     64.36 seconds: Optimizing alpha round 2
     64.54 seconds: Optimizing alpha round 3
Gamma(20) LogLk = -220724.024 alpha = 0.311 rescaling lengths by 1.234
Total time: 64.73 seconds Unique: 100/100 Bad splits: 0/97
