FastTree Version 2.1.11 Double precision (No SSE3)
Alignment: standard input
Nucleotide distances: Jukes-Cantor Joins: balanced Support: SH-like 1000
Search: Normal +NNI +SPR (2 rounds range 10) +ML-NNI opt-each=1
TopHits: 1.00*sqrtN close=default refresh=0.80
ML Model: Generalized Time-Reversible, CAT approximation with 20 rate categories
Ignored unknown character h (seen 1 times)
Ignored unknown character k (seen 24 times)
Ignored unknown character m (seen 37 times)
Ignored unknown character n (seen 16 times)
Ignored unknown character r (seen 193 times)
Ignored unknown character s (seen 8 times)
Ignored unknown character w (seen 19 times)
Ignored unknown character y (seen 93 times)
      0.14 seconds: Checking top hits for      1 of    100 seqs
Initial topology in 0.82 seconds
Refining topology: 27 rounds ME-NNIs, 2 rounds ME-SPRs, 13 rounds ML-NNIs
      0.81 seconds: ME NNI round 1 of 27, 1 of 98 splits
      1.04 seconds: ME NNI round 2 of 27, 1 of 98 splits
      1.18 seconds: ME NNI round 3 of 27, 1 of 98 splits
      1.30 seconds: ME NNI round 4 of 27, 1 of 98 splits
      1.44 seconds: ME NNI round 6 of 27, 1 of 98 splits
      4.30 seconds: SPR round   1 of   2, 101 of 198 nodes
      7.05 seconds: ME NNI round 10 of 27, 1 of 98 splits
      7.21 seconds: SPR round   2 of   2, 1 of 198 nodes
     10.11 seconds: SPR round   2 of   2, 101 of 198 nodes
     12.80 seconds: ME NNI round 19 of 27, 1 of 98 splits
Total branch-length 4.771 after 13.17 sec
     13.20 seconds: ML Lengths 1 of 98 splits
     14.95 seconds: ML NNI round 1 of 13, 1 of 98 splits
ML-NNI round 1: LogLk = -265891.653 NNIs 21 max delta 36.41 Time 20.19
     20.19 seconds: Optimizing GTR model, step 1 of 12
     21.45 seconds: Optimizing GTR model, step 2 of 12
     22.81 seconds: Optimizing GTR model, step 3 of 12
     24.54 seconds: Optimizing GTR model, step 4 of 12
     26.20 seconds: Optimizing GTR model, step 5 of 12
     27.60 seconds: Optimizing GTR model, step 6 of 12
     29.14 seconds: Optimizing GTR model, step 7 of 12
     30.11 seconds: Optimizing GTR model, step 8 of 12
     32.13 seconds: Optimizing GTR model, step 10 of 12
     33.07 seconds: Optimizing GTR model, step 11 of 12
     34.01 seconds: Optimizing GTR model, step 12 of 12
GTR Frequencies: 0.3630 0.1760 0.2392 0.2218
GTR rates(ac ag at cg ct gt) 1.8762 4.5168 0.9689 0.9384 5.5065 1.0000
     37.24 seconds: Site likelihoods with rate category 1 of 20
     37.35 seconds: Site likelihoods with rate category 2 of 20
     37.46 seconds: Site likelihoods with rate category 3 of 20
     37.56 seconds: Site likelihoods with rate category 4 of 20
     37.67 seconds: Site likelihoods with rate category 5 of 20
     37.78 seconds: Site likelihoods with rate category 6 of 20
     37.88 seconds: Site likelihoods with rate category 7 of 20
     38.00 seconds: Site likelihoods with rate category 8 of 20
     38.11 seconds: Site likelihoods with rate category 9 of 20
     38.22 seconds: Site likelihoods with rate category 10 of 20
     38.33 seconds: Site likelihoods with rate category 11 of 20
     38.44 seconds: Site likelihoods with rate category 12 of 20
     38.55 seconds: Site likelihoods with rate category 13 of 20
     38.65 seconds: Site likelihoods with rate category 14 of 20
     38.76 seconds: Site likelihoods with rate category 15 of 20
     38.87 seconds: Site likelihoods with rate category 16 of 20
     38.97 seconds: Site likelihoods with rate category 17 of 20
     39.08 seconds: Site likelihoods with rate category 18 of 20
     39.18 seconds: Site likelihoods with rate category 19 of 20
     39.29 seconds: Site likelihoods with rate category 20 of 20
Switched to using 20 rate categories (CAT approximation)
Rate categories were divided by 0.888 so that average rate = 1.0
CAT-based log-likelihoods may not be comparable across runs
     39.46 seconds: ML NNI round 2 of 13, 1 of 98 splits
ML-NNI round 2: LogLk = -215309.102 NNIs 11 max delta 8.67 Time 43.40
     43.39 seconds: ML NNI round 3 of 13, 1 of 98 splits
ML-NNI round 3: LogLk = -215297.117 NNIs 1 max delta 0.80 Time 45.76
     45.75 seconds: ML NNI round 4 of 13, 1 of 98 splits
ML-NNI round 4: LogLk = -215297.031 NNIs 0 max delta 0.00 Time 46.27
Turning off heuristics for final round of ML NNIs (converged)
     46.26 seconds: ML NNI round 5 of 13, 1 of 98 splits
ML-NNI round 5: LogLk = -215212.631 NNIs 2 max delta 7.85 Time 53.33 (final)
     53.32 seconds: ML Lengths 1 of 98 splits
Optimize all lengths: LogLk = -215212.468 Time 55.22
     64.19 seconds: Site likelihoods with rate category 1 of 20
     64.38 seconds: Site likelihoods with rate category 3 of 20
     64.58 seconds: Site likelihoods with rate category 5 of 20
     64.77 seconds: Site likelihoods with rate category 7 of 20
     64.98 seconds: Site likelihoods with rate category 9 of 20
     65.08 seconds: Site likelihoods with rate category 10 of 20
     65.27 seconds: Site likelihoods with rate category 12 of 20
     65.46 seconds: Site likelihoods with rate category 14 of 20
     65.66 seconds: Site likelihoods with rate category 16 of 20
     65.86 seconds: Site likelihoods with rate category 18 of 20
     65.96 seconds: Site likelihoods with rate category 19 of 20
     66.14 seconds: Optimizing alpha round 1
     66.44 seconds: Optimizing alpha round 2
     66.62 seconds: Optimizing alpha round 3
Gamma(20) LogLk = -221629.761 alpha = 0.313 rescaling lengths by 1.234
Total time: 66.81 seconds Unique: 100/100 Bad splits: 0/97
